/cluster/raid/home/zhivar.sourati/logical-fallacy-identification/AMR_parsers_and_graphs
No CUDA GPUs are available
using CPU
Number of records 300
...
...
...
...
...
...
...
...
...
...
...
...
...
...
...
...
...
...
...
...
...
...
...
...
...
...
...
...
354
...
...
...
...
...
...
...
205
...
...
...
52
...
...
...
160
...
...
...
...
...
...
148
...
...
...
...
...
...
...
...
...
...
191
...
...
...
...
...
...
144
...
...
84
20
...
...
...
...
...
...
...
...
74
...
125
...
...
...
...
...
...
165
...
...
...
25
70
...
...
...
...
...
...
...
...
...
...
...
...
...
...
382
...
25
...
...
...
...
241
...
...
...
...
...
...
...
...
...
...
...
...
...
...
559
...
...
...
...
...
...
...
...
...
...
87
4
...
...
...
...
92
...
95
...
...
...
62
...
...
...
...
...
...
...
...
...
...
153
...
...
...
...
...
...
...
...
...
...
...
...
...
...
...
...
...
...
...
...
...
...
...
...
...
...
...
...
...
...
...
...
...
...
...
...
...
...
...
...
...
...
...
...
...
...
...
...
...
...
...
666
...
43
...
...
...
...
...
...
...
77
...
...
...
275
...
67
...
...
...
201
...
...
...
...
...
...
176
...
...
116
...
...
...
234
...
...
...
...
...
...
36
...
63
...
...
...
...
...
...
...
...
...
...
...
...
...
...
...
...
...
...
...
477
...
161
...
...
...
...
36
...
...
...
135
0
...
...
86
...
...
...
...
...
...
...
...
...
329
...
...
96
...
...
...
...
...
...
...
...
...
...
...
...
...
...
...
...
173
...
...
...
...
...
...
...
...
...
119
6
...
...
...
...
...
...
...
69
...
...
...
...
...
...
...
...
...
...
80
...
...
...
...
...
...
...
...
...
...
...
...
...
...
...
...
...
...
...
...
...
...
953
18
...
...
...
...
...
...
...
...
...
...
306
...
...
...
...
...
...
...
...
...
292
...
...
...
...
...
...
...
...
...
89
36
...
...
...
192
...
...
...
...
...
...
112
...
37
...
...
...
...
...
...
...
...
301
...
...
...
156
...
59
0
...
...
...
...
...
...
...
...
25
...
...
34
...
15
...
...
...
...
...
...
...
...
...
...
325
...
...
...
...
...
...
...
...
...
...
...
...
...
212
...
...
...
...
...
82
2
...
...
...
...
220
...
...
104
...
...
67
...
231
36
56
...
...
...
119
...
...
...
...
...
...
...
...
108
...
...
...
...
...
...
...
...
...
...
...
...
...
...
...
159
...
...
...
95
...
...
...
...
...
...
...
...
...
214
...
...
...
61
...
...
...
...
303
...
37
100
...
...
...
...
...
...
...
...
...
...
...
...
...
...
428
16
52
...
...
...
...
...
123
10
...
...
...
...
...
...
...
...
...
540
...
...
...
...
...
...
...
...
...
...
...
...
...
...
...
...
...
...
...
...
...
...
...
...
...
...
...
...
...
...
...
...
...
...
...
...
...
...
...
...
...
...
...
...
...
...
...
...
...
...
...
...
...
...
...
...
...
...
...
...
...
...
...
...
...
...
...
...
...
...
...
...
1271
42
...
...
...
...
...
...
...
...
...
...
...
...
...
...
...
...
...
...
...
...
...
...
...
...
...
...
...
...
...
...
500
...
...
103
30
...
...
...
...
...
...
...
...
96
...
...
...
119
...
91
...
...
...
395
...
...
...
...
...
...
...
...
...
419
...
333
...
...
...
...
...
...
...
...
...
...
...
253
8
0
16
34
...
...
...
92
102
...
...
...
...
...
199
...
...
...
...
...
...
...
...
...
...
...
...
60
...
...
30
16
...
17
...
...
53
...
179
8
...
...
...
133
...
35
12
...
...
...
...
...
...
...
119
...
...
...
...
...
...
...
59
...
181
...
...
...
...
...
...
...
...
...
...
233
...
...
...
...
...
...
...
...
...
...
...
...
...
...
...
...
...
...
...
...
...
...
193
...
85
12
...
33
...
...
...
...
...
...
...
286
...
...
...
...
...
...
...
83
...
33
...
...
...
...
...
...
62
...
...
...
...
...
...
...
...
...
...
113
...
...
...
...
...
...
...
...
...
...
69
...
...
...
...
295
...
51
8
...
...
...
...
...
...
...
...
...
...
...
...
...
...
...
202
...
...
60
...
...
...
...
...
...
...
...
...
...
...
...
...
...
223
8
34
...
...
...
...
388
...
...
...
...
...
...
...
...
...
...
...
...
...
...
216
...
53
...
...
...
...
...
109
82
...
...
...
...
...
...
...
...
...
...
...
...
...
...
...
...
291
18
...
...
...
...
...
...
...
...
...
141
...
...
26
...
...
52
22
36
...
...
...
...
...
...
81
...
...
...
...
113
...
...
48
...
...
...
...
...
...
...
...
...
...
...
...
360
...
...
...
...
...
...
...
62
...
...
...
...
...
...
...
...
...
...
...
...
...
...
...
...
390
28
20
...
...
37
0
...
...
...
9
24
...
...
...
...
...
...
...
...
...
...
...
...
...
...
...
...
...
...
...
...
...
...
...
...
...
...
...
...
...
...
...
...
...
696
...
...
...
...
129
...
...
...
...
...
...
...
...
...
173
...
...
...
...
...
...
113
8
...
...
...
...
...
...
29
...
...
...
...
112
40
...
...
...
...
...
...
...
...
...
...
292
...
...
84
0
...
3
...
...
...
...
37
...
...
...
...
...
...
...
...
...
...
...
...
...
...
190
56
24
126
132
20
...
...
...
53
...
...
...
...
...
...
...
97
...
...
...
...
...
57
48
18
...
...
172
...
41
2
40
...
...
...
243
...
...
...
...
...
...
...
...
...
...
...
...
...
343
...
53
26
34
2
...
...
...
...
...
...
...
...
...
...
...
...
...
...
...
...
...
...
...
...
...
...
...
...
...
...
...
...
...
...
...
...
...
...
...
...
307
...
...
...
89
...
...
...
...
...
...
...
...
171
...
...
...
157
...
...
22
...
...
...
...
...
...
...
...
...
110
...
27
...
39
...
...
...
...
...
...
...
...
...
186
8
64
14
16
...
...
...
...
73
0
14
...
...
...
...
...
...
...
...
...
...
...
...
...
362
302
32
...
35
...
35
...
71
...
11
...
...
67
0
...
37
6
...
...
...
129
4
...
...
...
...
64
...
...
...
...
...
...
...
222
...
101
...
...
...
...
...
...
...
...
...
...
...
...
...
...
...
...
...
...
...
...
...
...
...
...
425
...
...
...
...
26
...
...
180
...
...
...
...
...
...
...
100
0
...
...
49
8
74
86
...
...
...
...
...
...
...
201
...
...
...
...
...
...
284
...
...
...
238
18
...
...
77
...
...
...
...
37
...
71
...
...
...
...
...
277
...
31
...
45
...
...
...
...
...
...
...
...
...
...
...
109
2
...
...
...
...
...
74
0
...
55
...
...
...
...
...
...
...
...
...
...
...
...
...
131
...
...
...
...
126
...
25
62
...
...
...
...
...
...
...
...
...
...
...
...
...
...
...
...
...
...
...
...
...
...
...
...
243
16
...
...
...
46
...
...
...
...
...
...
...
...
237
...
...
...
...
...
...
96
...
...
...
55
...
7
12
...
...
...
...
...
92
...
...
...
...
232
...
...
86
...
...
...
...
...
62
20
52
8
...
...
...
...
...
...
...
...
...
...
...
...
...
...
...
...
...
...
...
...
...
...
...
...
204
...
...
72
...
...
...
...
34
...
...
...
...
...
...
...
...
...
...
211
...
...
...
...
70
148
...
27
...
...
...
...
47
10
...
...
61
...
...
...
33
...
...
...
...
24
...
...
...
26
40
0
...
...
...
199
...
...
...
...
...
...
...
...
...
...
...
...
...
...
...
...
...
...
497
26
12
...
29
...
...
...
...
...
...
...
249
...
71
...
...
276
...
...
...
...
...
...
268
2
...
...
...
107
...
...
...
...
...
377
Number of edges added based on words being RelatedTo: 28.233333333333334
Number of edges added based on words being NotDesires: 2.2866666666666666
Number of edges added based on words being DistinctFrom: 1.22
Number of edges added based on words being Antonym: 1.29
Number of edges added based on words being HasA: 5.006666666666667
Number of edges added based on words being Synonym: 0.13333333333333333
Number of edges added based on words being IsA: 1.1566666666666667
Number of edges added based on words being AtLocation: 0.26
Number of edges added based on words being Desires: 1.0566666666666666
Number of edges added based on words being MannerOf: 0.11666666666666667
Number of edges added based on words being HasContext: 0.4866666666666667
Number of edges added based on words being UsedFor: 0.16333333333333333
Number of edges added based on words being EtymologicallyRelatedTo: 0.016666666666666666
Number of edges added based on words being PartOf: 0.06
Number of edges added based on words being CapableOf: 0.12666666666666668
Number of edges added based on words being HasProperty: 0.02
Number of edges added based on words being MotivatedByGoal: 0.013333333333333334
Number of edges added based on words being CausesDesire: 0.013333333333333334
Number of edges added based on words being CreatedBy: 0.05333333333333334
Number of edges added based on words being FormOf: 0.01
Number of edges added based on words being MadeOf: 0.0033333333333333335
Number of edges added based on words being SimilarTo: 0.05
Number of edges added based on words being InstanceOf: 0.0033333333333333335
Number of edges added based on words being DerivedFrom: 0.06333333333333334
Number of edges added based on words being HasPrerequisite: 0.02
Number of edges added based on words being HasFirstSubevent: 0.006666666666666667
Number of edges added based on words being HasSubevent: 0.0033333333333333335
Number of edges added based on words being HasLastSubevent: 0.006666666666666667
Number of edges added based on words being DefinedAs: 0.006666666666666667
Number of edges added based on words being Causes: 0.0033333333333333335
No CUDA GPUs are available
using CPU
Number of records 300
...
29
...
35
...
...
...
...
...
...
...
...
277
98
...
...
10
...
...
...
...
...
265
...
...
...
...
...
...
...
...
...
...
...
...
...
...
...
...
...
...
...
...
...
...
...
...
...
...
...
...
...
...
...
...
...
...
...
...
...
...
...
...
...
...
...
...
...
...
...
...
...
...
...
...
...
...
...
...
...
...
...
...
...
...
...
...
...
...
...
...
...
...
...
...
...
...
...
1451
...
...
...
...
...
...
...
...
...
...
315
...
...
...
...
...
...
...
...
...
...
84
0
...
...
20
6
...
...
...
...
...
...
...
...
...
...
...
...
...
...
...
...
...
...
...
...
...
49
...
25
...
...
...
...
...
65
34
...
...
51
74
...
...
104
...
107
...
...
11
22
...
...
...
...
...
...
...
239
...
19
...
...
...
...
...
...
...
...
...
...
...
...
...
...
694
...
...
...
...
...
...
...
...
...
...
...
...
...
...
...
...
358
...
...
27
14
22
...
...
...
36
...
...
...
...
...
...
...
...
190
...
...
...
...
...
...
...
...
...
...
...
...
...
...
...
...
...
...
...
...
...
...
...
...
436
64
...
...
...
...
...
...
...
...
...
...
...
...
...
...
...
...
855
...
...
...
...
83
...
...
...
...
...
...
...
...
...
...
...
...
...
...
...
...
...
...
...
...
...
...
...
689
...
63
...
59
...
...
25
28
...
...
...
...
...
...
...
...
...
...
143
...
...
60
30
90
86
...
...
51
...
...
...
...
...
...
...
...
...
...
53
...
...
...
106
...
...
...
...
...
...
...
...
...
...
...
...
...
...
...
...
...
...
...
446
20
76
...
...
...
...
...
...
...
...
...
...
...
...
...
...
...
...
...
...
284
...
...
...
...
80
...
...
...
...
...
...
...
...
...
...
...
...
163
...
...
...
...
...
...
...
171
...
95
...
...
...
...
...
...
...
...
...
...
...
...
...
307
...
...
...
...
...
...
...
...
...
...
...
...
...
...
...
...
...
...
...
...
...
...
316
...
...
...
117
...
37
...
...
...
...
166
...
...
...
...
...
...
54
...
...
...
...
...
...
...
410
...
...
...
...
...
...
...
...
...
...
...
...
...
...
...
349
...
153
...
...
...
...
...
...
...
...
...
...
...
...
350
...
...
...
78
...
...
...
...
105
...
...
...
...
...
...
...
...
...
...
...
...
...
...
...
...
...
...
...
...
...
...
544
...
75
...
...
...
138
4
...
...
136
...
47
...
...
...
...
...
...
...
...
...
...
...
264
...
...
...
...
...
...
...
...
...
...
...
...
...
...
...
...
...
...
...
243
...
...
...
...
...
...
...
...
...
...
...
89
...
...
...
...
...
...
...
...
...
...
67
0
...
...
...
...
...
...
...
...
...
...
...
...
...
...
...
...
...
...
...
...
...
...
...
...
...
...
...
...
...
...
475
8
...
...
...
33
12
...
29
22
...
23
...
...
...
...
...
...
142
...
...
...
...
...
...
...
...
...
...
...
...
121
0
140
...
15
76
...
...
...
63
...
...
...
...
334
...
...
...
...
...
...
...
82
68
...
...
...
...
285
152
...
...
...
...
...
219
...
...
...
...
54
...
...
90
...
...
11
...
...
29
0
...
...
...
...
...
...
...
...
...
...
...
...
...
...
184
...
...
...
...
132
...
...
...
...
...
...
...
...
...
...
...
...
...
...
...
...
...
672
...
43
...
...
...
...
...
35
...
45
...
...
...
...
...
...
...
...
...
...
...
...
...
...
689
...
...
...
...
...
...
...
414
...
...
...
...
...
...
...
...
...
...
47
...
...
21
74
...
...
...
280
...
...
71
...
175
...
...
124
...
...
...
...
...
...
...
...
...
...
...
...
...
...
...
...
...
...
...
...
...
...
...
...
...
...
...
461
60
...
...
5
126
...
...
...
...
109
...
...
15
...
...
22
...
...
...
...
...
...
...
...
...
...
...
...
...
...
...
...
...
...
...
926
...
37
36
48
...
...
...
...
...
...
...
...
...
...
241
...
...
...
...
...
...
...
118
...
75
...
...
...
...
...
...
...
...
109
...
...
...
188
...
...
...
...
...
48
...
31
...
...
...
...
...
...
...
...
...
...
...
366
...
...
...
61
...
...
...
...
...
...
58
0
...
...
...
...
...
104
...
...
...
...
...
...
...
...
...
...
...
...
248
...
...
...
101
0
6
...
...
...
...
41
4
96
...
...
...
...
...
129
...
...
...
201
...
...
30
...
...
...
...
...
...
...
...
...
...
...
...
...
...
343
30
58
...
...
121
...
...
...
...
...
260
36
...
47
...
...
...
...
...
...
...
...
...
...
...
...
...
...
...
603
...
...
...
...
...
...
...
...
...
...
...
175
26
...
...
...
58
...
...
...
...
...
165
34
...
...
...
48
...
...
...
...
...
...
...
...
...
...
...
...
...
...
...
...
...
...
...
...
435
66
...
...
...
...
...
...
...
...
...
...
...
...
...
...
...
...
...
...
...
...
...
...
...
...
...
...
332
58
...
...
...
...
...
...
...
89
...
...
42
...
...
...
...
...
...
...
...
...
...
...
...
...
...
...
413
...
...
...
...
...
...
...
...
...
...
...
...
...
...
...
...
132
90
0
...
...
...
...
...
...
...
85
...
...
8
0
...
...
...
...
...
...
...
101
...
...
...
...
...
...
...
...
...
234
...
...
...
104
...
15
18
...
...
...
...
...
...
89
12
...
...
...
353
...
59
...
...
...
...
...
...
...
...
...
...
...
190
20
8
...
...
...
...
...
...
228
...
97
...
...
...
73
64
...
...
...
22
...
...
...
...
93
...
63
4
...
...
...
...
...
...
...
...
...
...
...
...
...
...
...
...
...
...
1085
...
...
...
...
...
...
...
92
...
...
60
...
...
...
54
...
63
...
...
148
4
...
...
...
...
...
...
...
...
308
...
...
220
0
32
...
...
...
...
28
...
...
...
...
...
...
...
...
...
...
...
...
...
...
...
...
...
...
...
...
...
...
...
...
...
...
...
...
...
...
...
...
...
...
...
...
...
796
...
...
54
...
...
...
...
...
128
10
8
176
...
25
10
...
...
...
89
12
...
...
...
...
...
...
...
...
...
...
...
...
...
...
...
...
...
645
...
5
...
...
...
...
...
...
...
...
...
...
...
...
...
...
...
466
...
...
...
...
33
38
...
...
...
273
18
...
...
72
...
135
...
41
...
...
...
...
...
62
88
24
8
22
12
...
...
...
...
...
...
...
...
...
...
...
...
...
...
...
...
...
591
...
...
6
...
...
...
...
...
73
114
6
...
...
...
...
...
...
...
...
...
...
...
197
12
...
...
...
...
...
112
0
...
25
...
...
...
...
160
94
...
...
...
189
...
...
...
...
...
...
116
...
...
...
...
...
...
31
...
147
...
...
...
...
...
...
...
...
...
...
...
...
...
...
...
...
...
105
...
...
...
...
...
...
...
...
...
210
6
...
...
...
77
...
...
...
...
99
...
...
44
...
...
...
...
...
...
21
...
...
...
...
125
...
...
...
138
...
3
...
...
...
...
...
...
...
...
179
...
...
...
...
...
...
...
...
...
...
...
...
...
...
...
...
...
...
...
...
...
1258
...
155
...
...
...
...
...
...
193
...
...
15
...
...
...
...
...
...
...
...
...
...
...
...
...
...
361
...
...
...
...
...
...
...
...
...
...
...
...
...
...
...
...
...
...
...
...
...
...
...
1089
12
10
20
...
55
48
8
...
...
...
...
...
...
...
...
...
...
...
346
...
...
...
...
...
...
73
...
63
92
16
...
...
...
...
156
...
...
...
...
...
...
...
76
...
...
...
...
...
...
...
...
...
...
...
...
...
...
...
286
...
73
40
0
...
...
...
...
...
...
...
...
...
...
...
...
...
...
...
...
...
...
...
...
215
6
...
...
80
...
51
...
...
...
...
...
...
147
...
...
...
...
16
...
...
...
...
...
...
178
...
...
...
...
...
...
...
...
...
167
318
...
139
46
...
75
...
...
...
...
...
15
Number of edges added based on words being RelatedTo: 26.19333333333333
Number of edges added based on words being NotDesires: 2.5433333333333334
Number of edges added based on words being IsA: 1.39
Number of edges added based on words being Desires: 1.3666666666666667
Number of edges added based on words being Synonym: 0.19
Number of edges added based on words being HasContext: 0.26
Number of edges added based on words being DistinctFrom: 1.16
Number of edges added based on words being Antonym: 1.2933333333333332
Number of edges added based on words being HasA: 4.653333333333333
Number of edges added based on words being CapableOf: 0.23333333333333334
Number of edges added based on words being UsedFor: 0.17666666666666667
Number of edges added based on words being AtLocation: 0.2633333333333333
Number of edges added based on words being HasPrerequisite: 0.02
Number of edges added based on words being DerivedFrom: 0.03333333333333333
Number of edges added based on words being CausesDesire: 0.006666666666666667
Number of edges added based on words being MannerOf: 0.15333333333333332
Number of edges added based on words being SimilarTo: 0.10333333333333333
Number of edges added based on words being FormOf: 0.013333333333333334
Number of edges added based on words being MadeOf: 0.0033333333333333335
Number of edges added based on words being HasSubevent: 0.01
Number of edges added based on words being MotivatedByGoal: 0.016666666666666666
Number of edges added based on words being EtymologicallyRelatedTo: 0.02
Number of edges added based on words being HasProperty: 0.013333333333333334
Number of edges added based on words being CreatedBy: 0.043333333333333335
Number of edges added based on words being PartOf: 0.02
Number of edges added based on words being DefinedAs: 0.0033333333333333335
Number of edges added based on words being NotHasProperty: 0.0033333333333333335
Number of edges added based on words being HasFirstSubevent: 0.0033333333333333335
