/cluster/raid/home/zhivar.sourati/logical-fallacy-identification/AMR_parsers_and_graphs
No CUDA GPUs are available
using CPU
Number of records 300
50
28
18
46
17
43
50
21
8
13
16
24
20
11
34
7
23
56
15
21
19
18
14
24
41
35
13
37
11
26
19
26
26
13
14
34
18
17
15
21
21
46
15
20
17
5
15
15
43
7
29
33
15
21
25
20
11
28
19
24
2
9
11
8
27
22
27
9
62
16
15
40
10
11
20
16
36
17
21
18
53
10
19
48
15
19
31
18
51
82
11
45
14
10
19
23
19
58
56
32
32
29
11
22
17
22
12
37
15
10
8
26
15
20
6
47
14
7
24
10
21
45
47
18
14
16
42
15
13
15
27
23
40
33
6
39
13
53
12
10
45
36
14
20
24
44
25
33
11
14
15
11
16
32
67
29
28
32
11
8
16
3
34
24
55
17
24
25
8
14
18
10
37
24
44
14
47
26
10
8
26
54
10
19
43
16
9
9
27
12
3
12
27
40
17
12
16
3
31
18
24
23
14
16
9
8
31
9
43
6
20
32
11
8
42
49
10
19
12
13
9
15
17
16
12
21
27
11
24
23
37
40
26
24
15
18
6
13
16
21
36
50
19
36
18
18
40
11
35
33
18
12
11
28
20
20
12
16
28
24
24
69
20
13
8
9
19
47
18
23
10
15
19
36
38
16
37
16
25
18
12
8
29
25
13
12
15
18
33
32
17
8
12
26
17
61
37
42
18
45
No CUDA GPUs are available
using CPU
Number of records 300
7
11
23
24
7
21
72
27
15
2
21
13
13
10
12
29
14
15
14
15
6
13
29
7
58
38
9
7
10
13
37
47
12
65
26
53
19
13
10
14
17
27
8
13
15
12
12
23
36
18
14
47
16
23
30
15
50
35
19
12
24
42
31
34
35
38
18
17
38
13
20
8
20
10
25
22
16
18
12
39
20
9
7
8
9
9
24
25
3
17
8
20
15
39
18
11
40
19
31
28
18
8
14
12
18
29
55
11
8
16
75
38
10
9
16
32
11
22
26
36
60
5
26
20
10
8
43
15
28
11
32
15
11
25
38
19
10
35
14
15
14
33
31
27
13
5
15
4
51
17
29
14
35
7
45
20
36
14
20
55
30
10
11
31
16
21
44
20
28
19
19
13
37
19
20
6
24
10
17
15
24
16
19
15
23
9
32
21
24
14
19
42
14
19
10
8
16
23
5
56
43
15
13
14
28
5
28
27
3
50
9
50
12
38
13
6
24
9
14
16
21
67
8
53
15
14
32
12
33
19
12
14
17
25
11
18
6
64
13
21
24
4
51
12
35
5
13
25
17
35
36
11
19
22
36
5
15
20
11
7
41
78
16
22
55
24
39
22
61
68
9
31
14
11
13
6
57
15
13
51
9
40
15
24
25
12
10
40
16
15
11
23
9
31
34
23
27
14
20
16
