/cluster/raid/home/zhivar.sourati/logical-fallacy-identification/AMR_parsers_and_graphs
Tue Sep 27 05:16:24 2022       
+-----------------------------------------------------------------------------+
| NVIDIA-SMI 460.32.03    Driver Version: 460.32.03    CUDA Version: 11.2     |
|-------------------------------+----------------------+----------------------+
| GPU  Name        Persistence-M| Bus-Id        Disp.A | Volatile Uncorr. ECC |
| Fan  Temp  Perf  Pwr:Usage/Cap|         Memory-Usage | GPU-Util  Compute M. |
|                               |                      |               MIG M. |
|===============================+======================+======================|
|   0  A100-PCIE-40GB      Off  | 00000000:27:00.0 Off |                    0 |
| N/A   32C    P0    34W / 250W |      0MiB / 40536MiB |      0%      Default |
|                               |                      |             Disabled |
+-------------------------------+----------------------+----------------------+
                                                                               
+-----------------------------------------------------------------------------+
| Processes:                                                                  |
|  GPU   GI   CI        PID   Type   Process name                  GPU Memory |
|        ID   ID                                                   Usage      |
|=============================================================================|
|  No running processes found                                                 |
+-----------------------------------------------------------------------------+
0
Model loaded!
Start the training ...
{'loss': 2.5114, 'learning_rate': 9.38423645320197e-06, 'epoch': 0.43}
{'eval_loss': 2.4321906566619873, 'eval_accuracy': 0.20333333333333334, 'eval_f1': 0.06871652816251154, 'eval_precision': 0.04134444444444445, 'eval_recall': 0.20333333333333334, 'eval_runtime': 0.2543, 'eval_samples_per_second': 1179.757, 'eval_steps_per_second': 74.718, 'epoch': 0.43}
{'loss': 2.461, 'learning_rate': 8.768472906403942e-06, 'epoch': 0.86}
{'eval_loss': 2.342510938644409, 'eval_accuracy': 0.25333333333333335, 'eval_f1': 0.12434175691937424, 'eval_precision': 0.0832363315696649, 'eval_recall': 0.25333333333333335, 'eval_runtime': 0.2509, 'eval_samples_per_second': 1195.717, 'eval_steps_per_second': 75.729, 'epoch': 0.86}
{'loss': 2.3123, 'learning_rate': 8.152709359605912e-06, 'epoch': 1.29}
{'eval_loss': 2.1295673847198486, 'eval_accuracy': 0.30666666666666664, 'eval_f1': 0.20121412492521254, 'eval_precision': 0.3546041496041496, 'eval_recall': 0.30666666666666664, 'eval_runtime': 0.2488, 'eval_samples_per_second': 1205.68, 'eval_steps_per_second': 76.36, 'epoch': 1.29}
{'loss': 2.1791, 'learning_rate': 7.536945812807882e-06, 'epoch': 1.72}
{'eval_loss': 1.9827253818511963, 'eval_accuracy': 0.43666666666666665, 'eval_f1': 0.39418371751705084, 'eval_precision': 0.4893571584189232, 'eval_recall': 0.43666666666666665, 'eval_runtime': 0.2482, 'eval_samples_per_second': 1208.875, 'eval_steps_per_second': 76.562, 'epoch': 1.72}
{'loss': 2.0448, 'learning_rate': 6.9211822660098524e-06, 'epoch': 2.16}
{'eval_loss': 1.8642393350601196, 'eval_accuracy': 0.44666666666666666, 'eval_f1': 0.4205633959724213, 'eval_precision': 0.5399944573944574, 'eval_recall': 0.44666666666666666, 'eval_runtime': 0.2486, 'eval_samples_per_second': 1206.584, 'eval_steps_per_second': 76.417, 'epoch': 2.16}
{'loss': 1.7889, 'learning_rate': 6.305418719211823e-06, 'epoch': 2.59}
{'eval_loss': 1.7040669918060303, 'eval_accuracy': 0.5366666666666666, 'eval_f1': 0.5208778227457171, 'eval_precision': 0.5770034277783868, 'eval_recall': 0.5366666666666666, 'eval_runtime': 0.249, 'eval_samples_per_second': 1204.674, 'eval_steps_per_second': 76.296, 'epoch': 2.59}
{'loss': 1.6968, 'learning_rate': 5.689655172413794e-06, 'epoch': 3.02}
{'eval_loss': 1.6054538488388062, 'eval_accuracy': 0.5633333333333334, 'eval_f1': 0.5437033544896205, 'eval_precision': 0.5800534003152745, 'eval_recall': 0.5633333333333334, 'eval_runtime': 0.2478, 'eval_samples_per_second': 1210.657, 'eval_steps_per_second': 76.675, 'epoch': 3.02}
{'loss': 1.5003, 'learning_rate': 5.073891625615764e-06, 'epoch': 3.45}
{'eval_loss': 1.5377848148345947, 'eval_accuracy': 0.5566666666666666, 'eval_f1': 0.5306667051031383, 'eval_precision': 0.5745292938439006, 'eval_recall': 0.5566666666666666, 'eval_runtime': 0.2499, 'eval_samples_per_second': 1200.59, 'eval_steps_per_second': 76.037, 'epoch': 3.45}
{'loss': 1.4774, 'learning_rate': 4.458128078817734e-06, 'epoch': 3.88}
{'eval_loss': 1.4920926094055176, 'eval_accuracy': 0.58, 'eval_f1': 0.5724587828241087, 'eval_precision': 0.5889553886086393, 'eval_recall': 0.58, 'eval_runtime': 0.2487, 'eval_samples_per_second': 1206.249, 'eval_steps_per_second': 76.396, 'epoch': 3.88}
{'loss': 1.3768, 'learning_rate': 3.842364532019705e-06, 'epoch': 4.31}
{'eval_loss': 1.4454389810562134, 'eval_accuracy': 0.5766666666666667, 'eval_f1': 0.5675836017130598, 'eval_precision': 0.5819291619474686, 'eval_recall': 0.5766666666666667, 'eval_runtime': 0.2484, 'eval_samples_per_second': 1207.939, 'eval_steps_per_second': 76.503, 'epoch': 4.31}
{'loss': 1.2862, 'learning_rate': 3.226600985221675e-06, 'epoch': 4.74}
{'eval_loss': 1.418891429901123, 'eval_accuracy': 0.5966666666666667, 'eval_f1': 0.5882272823860855, 'eval_precision': 0.6069996706080297, 'eval_recall': 0.5966666666666667, 'eval_runtime': 0.2508, 'eval_samples_per_second': 1196.08, 'eval_steps_per_second': 75.752, 'epoch': 4.74}
{'loss': 1.2092, 'learning_rate': 2.6108374384236458e-06, 'epoch': 5.17}
{'eval_loss': 1.4297666549682617, 'eval_accuracy': 0.59, 'eval_f1': 0.5823208647859197, 'eval_precision': 0.6000041798358954, 'eval_recall': 0.59, 'eval_runtime': 0.2498, 'eval_samples_per_second': 1200.894, 'eval_steps_per_second': 76.057, 'epoch': 5.17}
{'loss': 1.1338, 'learning_rate': 1.995073891625616e-06, 'epoch': 5.6}
{'eval_loss': 1.3877570629119873, 'eval_accuracy': 0.5966666666666667, 'eval_f1': 0.5891716629043473, 'eval_precision': 0.5969654345654344, 'eval_recall': 0.5966666666666667, 'eval_runtime': 0.2499, 'eval_samples_per_second': 1200.591, 'eval_steps_per_second': 76.037, 'epoch': 5.6}
{'loss': 1.1437, 'learning_rate': 1.3793103448275862e-06, 'epoch': 6.03}
{'eval_loss': 1.3596911430358887, 'eval_accuracy': 0.6166666666666667, 'eval_f1': 0.608124508290805, 'eval_precision': 0.6097235072802069, 'eval_recall': 0.6166666666666667, 'eval_runtime': 0.2489, 'eval_samples_per_second': 1205.428, 'eval_steps_per_second': 76.344, 'epoch': 6.03}
{'loss': 1.0916, 'learning_rate': 7.635467980295568e-07, 'epoch': 6.47}
{'eval_loss': 1.3624279499053955, 'eval_accuracy': 0.6133333333333333, 'eval_f1': 0.6040421316661715, 'eval_precision': 0.6077493162522233, 'eval_recall': 0.6133333333333333, 'eval_runtime': 0.2504, 'eval_samples_per_second': 1198.035, 'eval_steps_per_second': 75.876, 'epoch': 6.47}
{'loss': 1.0589, 'learning_rate': 1.477832512315271e-07, 'epoch': 6.9}
{'eval_loss': 1.361878514289856, 'eval_accuracy': 0.61, 'eval_f1': 0.601379871817719, 'eval_precision': 0.6062190769519615, 'eval_recall': 0.61, 'eval_runtime': 0.251, 'eval_samples_per_second': 1195.091, 'eval_steps_per_second': 75.689, 'epoch': 6.9}
{'train_runtime': 65.8863, 'train_samples_per_second': 196.444, 'train_steps_per_second': 12.324, 'train_loss': 1.6339800792374635, 'epoch': 7.0}
PredictionOutput(predictions=array([[ 0.4928356 , -0.1861294 , -0.38139245, ..., -0.28938133,
         3.3702593 , -0.1778896 ],
       [ 2.126387  , -1.3957753 , -0.7779944 , ..., -0.49943435,
        -1.1359522 ,  1.4893473 ],
       [-1.0066794 ,  0.07755011, -0.7469423 , ..., -1.286348  ,
         1.151895  ,  0.18539776],
       ...,
       [-0.9272092 ,  3.5425618 ,  0.11230411, ..., -0.17504647,
         1.123197  , -0.73292387],
       [-1.0087363 ,  0.11070284, -0.62726945, ..., -0.51805884,
         3.3386645 , -0.39412263],
       [-1.0559298 ,  0.05523875,  0.01345558, ..., -1.034095  ,
        -0.9845238 ,  0.36503768]], dtype=float32), label_ids=array([ 6, 11,  7,  9, 11,  6,  6, 11,  5,  3,  9, 11,  0,  1, 11, 12,  1,
        7,  0, 12,  3,  1,  8,  3,  6,  8,  0,  0, 11,  0, 11,  3,  3,  5,
        2,  8,  9,  1, 11,  1,  5, 12,  0, 12,  1,  2, 12,  0,  5,  7,  3,
       11,  2,  4,  8,  3, 12, 11, 11, 10,  7, 11,  0, 10, 12,  0,  1,  8,
       12,  5, 10,  5,  1,  8,  0, 12,  1,  7, 10, 12,  7,  7,  2,  0,  2,
       10, 11,  0,  6,  0, 10,  9,  5,  5,  0,  9,  1,  2,  8,  9,  0,  2,
        0,  7, 11,  9,  6,  6,  9,  3, 12,  7, 11, 11, 11, 10,  2,  8,  9,
        0,  7,  3, 11, 11, 12,  8,  0,  4, 11,  5,  8, 11,  1,  5, 11,  7,
       11,  0, 11,  0, 11,  6,  0, 11, 11,  8, 11,  1,  8,  6,  5,  0, 11,
        9,  0,  1,  5,  0,  1,  8,  8,  0,  2, 11, 11,  0,  6,  5,  6, 11,
        2,  2,  7,  9, 11,  1, 11,  1,  8,  9,  8,  6,  3,  8, 10,  1,  2,
        0, 11, 11,  3,  8,  6,  2,  4,  1, 11, 11, 11, 11,  0, 11,  2,  1,
        8,  1,  9,  0,  1, 11,  1,  5,  1,  6,  5,  0,  8,  0,  1, 10, 11,
        9,  0, 11, 12,  2,  4,  0, 11,  2, 12,  2, 11,  7,  3,  2,  2,  8,
        3,  0,  2, 11,  8,  8,  9,  3, 11,  6, 11,  0,  3,  2,  8, 10, 12,
       11,  5, 10,  6,  9, 11,  6,  3,  1,  6,  3,  7, 11,  6,  2, 11,  4,
       10,  9,  2,  0, 11,  5,  1, 11,  6, 11,  9, 11,  0,  0,  0, 11, 11,
        0,  1, 11,  1,  0,  3,  1,  6,  1, 11,  3]), metrics={'test_loss': 1.5544698238372803, 'test_accuracy': 0.5366666666666666, 'test_f1': 0.5124981000161803, 'test_precision': 0.5182799223276475, 'test_recall': 0.5366666666666666, 'test_runtime': 0.2875, 'test_samples_per_second': 1043.386, 'test_steps_per_second': 66.081})
