/cluster/raid/home/zhivar.sourati/logical-fallacy-identification/AMR_parsers_and_graphs
Tue Sep 27 09:49:31 2022       
+-----------------------------------------------------------------------------+
| NVIDIA-SMI 460.32.03    Driver Version: 460.32.03    CUDA Version: 11.2     |
|-------------------------------+----------------------+----------------------+
| GPU  Name        Persistence-M| Bus-Id        Disp.A | Volatile Uncorr. ECC |
| Fan  Temp  Perf  Pwr:Usage/Cap|         Memory-Usage | GPU-Util  Compute M. |
|                               |                      |               MIG M. |
|===============================+======================+======================|
|   0  A100-PCIE-40GB      Off  | 00000000:27:00.0 Off |                    0 |
| N/A   30C    P0    33W / 250W |      0MiB / 40536MiB |      0%      Default |
|                               |                      |             Disabled |
+-------------------------------+----------------------+----------------------+
                                                                               
+-----------------------------------------------------------------------------+
| Processes:                                                                  |
|  GPU   GI   CI        PID   Type   Process name                  GPU Memory |
|        ID   ID                                                   Usage      |
|=============================================================================|
|  No running processes found                                                 |
+-----------------------------------------------------------------------------+
0
cuda
using GPU
Model loaded!
Start the training ...
{'loss': 2.4874, 'learning_rate': 4.78448275862069e-05, 'epoch': 0.43}
{'eval_loss': 2.362300395965576, 'eval_accuracy': 0.20333333333333334, 'eval_f1': 0.06871652816251154, 'eval_precision': 0.04134444444444445, 'eval_recall': 0.20333333333333334, 'eval_runtime': 0.1323, 'eval_samples_per_second': 2268.242, 'eval_steps_per_second': 143.655, 'epoch': 0.43}
{'loss': 2.4074, 'learning_rate': 4.5689655172413794e-05, 'epoch': 0.86}
{'eval_loss': 2.210552453994751, 'eval_accuracy': 0.30333333333333334, 'eval_f1': 0.2076999678268686, 'eval_precision': 0.39395752073340085, 'eval_recall': 0.30333333333333334, 'eval_runtime': 0.1258, 'eval_samples_per_second': 2384.469, 'eval_steps_per_second': 151.016, 'epoch': 0.86}
{'loss': 2.1263, 'learning_rate': 4.353448275862069e-05, 'epoch': 1.29}
{'eval_loss': 1.9398869276046753, 'eval_accuracy': 0.45, 'eval_f1': 0.3901948637969237, 'eval_precision': 0.5207078307819835, 'eval_recall': 0.45, 'eval_runtime': 0.1258, 'eval_samples_per_second': 2384.035, 'eval_steps_per_second': 150.989, 'epoch': 1.29}
{'loss': 1.941, 'learning_rate': 4.1379310344827587e-05, 'epoch': 1.72}
{'eval_loss': 1.7044661045074463, 'eval_accuracy': 0.4866666666666667, 'eval_f1': 0.42669963109436576, 'eval_precision': 0.42873513014342135, 'eval_recall': 0.4866666666666667, 'eval_runtime': 0.1254, 'eval_samples_per_second': 2392.725, 'eval_steps_per_second': 151.539, 'epoch': 1.72}
{'loss': 1.7521, 'learning_rate': 3.922413793103448e-05, 'epoch': 2.16}
{'eval_loss': 1.5424836874008179, 'eval_accuracy': 0.5466666666666666, 'eval_f1': 0.517114402628955, 'eval_precision': 0.535174685874042, 'eval_recall': 0.5466666666666666, 'eval_runtime': 0.1254, 'eval_samples_per_second': 2391.784, 'eval_steps_per_second': 151.48, 'epoch': 2.16}
{'loss': 1.3237, 'learning_rate': 3.7068965517241385e-05, 'epoch': 2.59}
{'eval_loss': 1.4555374383926392, 'eval_accuracy': 0.5533333333333333, 'eval_f1': 0.537053069088557, 'eval_precision': 0.5829224093726388, 'eval_recall': 0.5533333333333333, 'eval_runtime': 0.1261, 'eval_samples_per_second': 2378.159, 'eval_steps_per_second': 150.617, 'epoch': 2.59}
{'loss': 1.3221, 'learning_rate': 3.4913793103448275e-05, 'epoch': 3.02}
{'eval_loss': 1.4974554777145386, 'eval_accuracy': 0.58, 'eval_f1': 0.5727604913130175, 'eval_precision': 0.614604833942026, 'eval_recall': 0.58, 'eval_runtime': 0.1254, 'eval_samples_per_second': 2392.639, 'eval_steps_per_second': 151.534, 'epoch': 3.02}
{'loss': 0.9392, 'learning_rate': 3.275862068965517e-05, 'epoch': 3.45}
{'eval_loss': 1.4223850965499878, 'eval_accuracy': 0.5533333333333333, 'eval_f1': 0.5342188586686779, 'eval_precision': 0.6062822603752835, 'eval_recall': 0.5533333333333333, 'eval_runtime': 0.1257, 'eval_samples_per_second': 2385.911, 'eval_steps_per_second': 151.108, 'epoch': 3.45}
{'loss': 0.8935, 'learning_rate': 3.060344827586207e-05, 'epoch': 3.88}
{'eval_loss': 1.3557802438735962, 'eval_accuracy': 0.6133333333333333, 'eval_f1': 0.6113401481946937, 'eval_precision': 0.622426450875877, 'eval_recall': 0.6133333333333333, 'eval_runtime': 0.125, 'eval_samples_per_second': 2400.458, 'eval_steps_per_second': 152.029, 'epoch': 3.88}
{'loss': 0.6703, 'learning_rate': 2.844827586206897e-05, 'epoch': 4.31}
{'eval_loss': 1.3582936525344849, 'eval_accuracy': 0.6166666666666667, 'eval_f1': 0.6078431395489718, 'eval_precision': 0.6064606501311373, 'eval_recall': 0.6166666666666667, 'eval_runtime': 0.1254, 'eval_samples_per_second': 2391.893, 'eval_steps_per_second': 151.487, 'epoch': 4.31}
{'loss': 0.5547, 'learning_rate': 2.6293103448275862e-05, 'epoch': 4.74}
{'eval_loss': 1.3596307039260864, 'eval_accuracy': 0.63, 'eval_f1': 0.628114106768598, 'eval_precision': 0.6514361212253266, 'eval_recall': 0.63, 'eval_runtime': 0.1258, 'eval_samples_per_second': 2385.147, 'eval_steps_per_second': 151.059, 'epoch': 4.74}
{'loss': 0.4789, 'learning_rate': 2.413793103448276e-05, 'epoch': 5.17}
{'eval_loss': 1.4543908834457397, 'eval_accuracy': 0.6033333333333334, 'eval_f1': 0.6155314125978775, 'eval_precision': 0.6760495346889699, 'eval_recall': 0.6033333333333334, 'eval_runtime': 0.1255, 'eval_samples_per_second': 2390.598, 'eval_steps_per_second': 151.405, 'epoch': 5.17}
{'loss': 0.3341, 'learning_rate': 2.1982758620689654e-05, 'epoch': 5.6}
{'eval_loss': 1.341046929359436, 'eval_accuracy': 0.6533333333333333, 'eval_f1': 0.6571252913119492, 'eval_precision': 0.670714301102144, 'eval_recall': 0.6533333333333333, 'eval_runtime': 0.1252, 'eval_samples_per_second': 2396.521, 'eval_steps_per_second': 151.78, 'epoch': 5.6}
{'loss': 0.3218, 'learning_rate': 1.9827586206896554e-05, 'epoch': 6.03}
{'eval_loss': 1.3956339359283447, 'eval_accuracy': 0.6333333333333333, 'eval_f1': 0.6345074506478261, 'eval_precision': 0.6507610194579505, 'eval_recall': 0.6333333333333333, 'eval_runtime': 0.1255, 'eval_samples_per_second': 2389.94, 'eval_steps_per_second': 151.363, 'epoch': 6.03}
{'loss': 0.2497, 'learning_rate': 1.767241379310345e-05, 'epoch': 6.47}
{'eval_loss': 1.4038692712783813, 'eval_accuracy': 0.65, 'eval_f1': 0.6534776899877853, 'eval_precision': 0.6720069039155464, 'eval_recall': 0.65, 'eval_runtime': 0.1248, 'eval_samples_per_second': 2404.655, 'eval_steps_per_second': 152.295, 'epoch': 6.47}
{'loss': 0.2162, 'learning_rate': 1.5517241379310346e-05, 'epoch': 6.9}
{'eval_loss': 1.4450150728225708, 'eval_accuracy': 0.6466666666666666, 'eval_f1': 0.652769002478186, 'eval_precision': 0.6879820055159269, 'eval_recall': 0.6466666666666666, 'eval_runtime': 0.1247, 'eval_samples_per_second': 2404.885, 'eval_steps_per_second': 152.309, 'epoch': 6.9}
{'loss': 0.1501, 'learning_rate': 1.336206896551724e-05, 'epoch': 7.33}
{'eval_loss': 1.5121614933013916, 'eval_accuracy': 0.6366666666666667, 'eval_f1': 0.6489664610541044, 'eval_precision': 0.6928772474664924, 'eval_recall': 0.6366666666666667, 'eval_runtime': 0.125, 'eval_samples_per_second': 2400.82, 'eval_steps_per_second': 152.052, 'epoch': 7.33}
{'loss': 0.1387, 'learning_rate': 1.1206896551724138e-05, 'epoch': 7.76}
{'eval_loss': 1.5012353658676147, 'eval_accuracy': 0.6466666666666666, 'eval_f1': 0.654871497459265, 'eval_precision': 0.6829706743548848, 'eval_recall': 0.6466666666666666, 'eval_runtime': 0.1251, 'eval_samples_per_second': 2398.509, 'eval_steps_per_second': 151.906, 'epoch': 7.76}
{'loss': 0.1597, 'learning_rate': 9.051724137931036e-06, 'epoch': 8.19}
{'eval_loss': 1.4919179677963257, 'eval_accuracy': 0.6566666666666666, 'eval_f1': 0.6631151959715498, 'eval_precision': 0.6807831433864043, 'eval_recall': 0.6566666666666666, 'eval_runtime': 0.1249, 'eval_samples_per_second': 2401.072, 'eval_steps_per_second': 152.068, 'epoch': 8.19}
{'loss': 0.0984, 'learning_rate': 6.896551724137932e-06, 'epoch': 8.62}
{'eval_loss': 1.479861855506897, 'eval_accuracy': 0.6566666666666666, 'eval_f1': 0.6604149901765114, 'eval_precision': 0.6704324402407473, 'eval_recall': 0.6566666666666666, 'eval_runtime': 0.1249, 'eval_samples_per_second': 2401.759, 'eval_steps_per_second': 152.111, 'epoch': 8.62}
{'loss': 0.1003, 'learning_rate': 4.741379310344828e-06, 'epoch': 9.05}
{'eval_loss': 1.5156042575836182, 'eval_accuracy': 0.65, 'eval_f1': 0.6551296705876061, 'eval_precision': 0.6680606740545766, 'eval_recall': 0.65, 'eval_runtime': 0.1256, 'eval_samples_per_second': 2387.889, 'eval_steps_per_second': 151.233, 'epoch': 9.05}
{'loss': 0.0744, 'learning_rate': 2.586206896551724e-06, 'epoch': 9.48}
{'eval_loss': 1.511795163154602, 'eval_accuracy': 0.6533333333333333, 'eval_f1': 0.6585860312029668, 'eval_precision': 0.6723904239661966, 'eval_recall': 0.6533333333333333, 'eval_runtime': 0.1262, 'eval_samples_per_second': 2376.812, 'eval_steps_per_second': 150.531, 'epoch': 9.48}
{'loss': 0.0827, 'learning_rate': 4.3103448275862073e-07, 'epoch': 9.91}
{'eval_loss': 1.5146431922912598, 'eval_accuracy': 0.6533333333333333, 'eval_f1': 0.6592461810889231, 'eval_precision': 0.6744464888163793, 'eval_recall': 0.6533333333333333, 'eval_runtime': 0.1254, 'eval_samples_per_second': 2391.461, 'eval_steps_per_second': 151.459, 'epoch': 9.91}
{'train_runtime': 50.9364, 'train_samples_per_second': 363.001, 'train_steps_per_second': 22.773, 'train_loss': 0.8119254465760856, 'epoch': 10.0}
PredictionOutput(predictions=array([[-0.24446498, -1.1884657 , -0.48801622, ..., -0.9025671 ,
         1.3949805 , -2.2198546 ],
       [-1.376961  , -2.0211756 , -1.1962566 , ..., -1.6716951 ,
        -2.14628   ,  2.6594837 ],
       [-2.118253  ,  1.1610445 ,  1.0943669 , ..., -2.3700268 ,
         3.544745  , -2.4216428 ],
       ...,
       [-1.1953226 ,  2.493474  , -0.49404693, ..., -0.5765669 ,
         4.6495214 , -1.927778  ],
       [-2.0258987 , -0.64738816, -0.7679751 , ..., -1.6460478 ,
         2.9629805 , -1.83566   ],
       [ 0.53358084, -1.8698264 , -1.7780164 , ..., -2.6141841 ,
        -2.2638655 , -1.5338401 ]], dtype=float32), label_ids=array([ 6, 11,  7,  9, 11,  6,  6, 11,  5,  3,  9, 11,  0,  1, 11, 12,  1,
        7,  0, 12,  3,  1,  8,  3,  6,  8,  0,  0, 11,  0, 11,  3,  3,  5,
        2,  8,  9,  1, 11,  1,  5, 12,  0, 12,  1,  2, 12,  0,  5,  7,  3,
       11,  2,  4,  8,  3, 12, 11, 11, 10,  7, 11,  0, 10, 12,  0,  1,  8,
       12,  5, 10,  5,  1,  8,  0, 12,  1,  7, 10, 12,  7,  7,  2,  0,  2,
       10, 11,  0,  6,  0, 10,  9,  5,  5,  0,  9,  1,  2,  8,  9,  0,  2,
        0,  7, 11,  9,  6,  6,  9,  3, 12,  7, 11, 11, 11, 10,  2,  8,  9,
        0,  7,  3, 11, 11, 12,  8,  0,  4, 11,  5,  8, 11,  1,  5, 11,  7,
       11,  0, 11,  0, 11,  6,  0, 11, 11,  8, 11,  1,  8,  6,  5,  0, 11,
        9,  0,  1,  5,  0,  1,  8,  8,  0,  2, 11, 11,  0,  6,  5,  6, 11,
        2,  2,  7,  9, 11,  1, 11,  1,  8,  9,  8,  6,  3,  8, 10,  1,  2,
        0, 11, 11,  3,  8,  6,  2,  4,  1, 11, 11, 11, 11,  0, 11,  2,  1,
        8,  1,  9,  0,  1, 11,  1,  5,  1,  6,  5,  0,  8,  0,  1, 10, 11,
        9,  0, 11, 12,  2,  4,  0, 11,  2, 12,  2, 11,  7,  3,  2,  2,  8,
        3,  0,  2, 11,  8,  8,  9,  3, 11,  6, 11,  0,  3,  2,  8, 10, 12,
       11,  5, 10,  6,  9, 11,  6,  3,  1,  6,  3,  7, 11,  6,  2, 11,  4,
       10,  9,  2,  0, 11,  5,  1, 11,  6, 11,  9, 11,  0,  0,  0, 11, 11,
        0,  1, 11,  1,  0,  3,  1,  6,  1, 11,  3]), metrics={'test_loss': 2.054067611694336, 'test_accuracy': 0.5366666666666666, 'test_f1': 0.5391223731307209, 'test_precision': 0.5470829153990145, 'test_recall': 0.5366666666666666, 'test_runtime': 0.1401, 'test_samples_per_second': 2141.28, 'test_steps_per_second': 135.614})
