/cluster/raid/home/zhivar.sourati/logical-fallacy-identification/AMR_parsers_and_graphs
Tue Sep 27 07:58:27 2022       
+-----------------------------------------------------------------------------+
| NVIDIA-SMI 460.32.03    Driver Version: 460.32.03    CUDA Version: 11.2     |
|-------------------------------+----------------------+----------------------+
| GPU  Name        Persistence-M| Bus-Id        Disp.A | Volatile Uncorr. ECC |
| Fan  Temp  Perf  Pwr:Usage/Cap|         Memory-Usage | GPU-Util  Compute M. |
|                               |                      |               MIG M. |
|===============================+======================+======================|
|   0  A100-PCIE-40GB      Off  | 00000000:27:00.0 Off |                    0 |
| N/A   30C    P0    33W / 250W |      0MiB / 40536MiB |      0%      Default |
|                               |                      |             Disabled |
+-------------------------------+----------------------+----------------------+
                                                                               
+-----------------------------------------------------------------------------+
| Processes:                                                                  |
|  GPU   GI   CI        PID   Type   Process name                  GPU Memory |
|        ID   ID                                                   Usage      |
|=============================================================================|
|  No running processes found                                                 |
+-----------------------------------------------------------------------------+
0
Model loaded!
Start the training ...
{'loss': 2.5272, 'learning_rate': 9.38423645320197e-06, 'epoch': 0.43}
{'eval_loss': 2.4361140727996826, 'eval_accuracy': 0.2, 'eval_f1': 0.06834733893557424, 'eval_precision': 0.04121621621621622, 'eval_recall': 0.2, 'eval_runtime': 0.6405, 'eval_samples_per_second': 468.372, 'eval_steps_per_second': 29.664, 'epoch': 0.43}
{'loss': 2.4429, 'learning_rate': 8.768472906403942e-06, 'epoch': 0.86}
{'eval_loss': 2.238741159439087, 'eval_accuracy': 0.22, 'eval_f1': 0.13133027341864195, 'eval_precision': 0.1778576825162191, 'eval_recall': 0.22, 'eval_runtime': 0.6391, 'eval_samples_per_second': 469.385, 'eval_steps_per_second': 29.728, 'epoch': 0.86}
{'loss': 2.1591, 'learning_rate': 8.152709359605912e-06, 'epoch': 1.29}
{'eval_loss': 1.8736218214035034, 'eval_accuracy': 0.4066666666666667, 'eval_f1': 0.32750885928250817, 'eval_precision': 0.4520377746766669, 'eval_recall': 0.4066666666666667, 'eval_runtime': 0.6421, 'eval_samples_per_second': 467.198, 'eval_steps_per_second': 29.589, 'epoch': 1.29}
{'loss': 1.9311, 'learning_rate': 7.536945812807882e-06, 'epoch': 1.72}
{'eval_loss': 1.6406158208847046, 'eval_accuracy': 0.52, 'eval_f1': 0.4796453808894036, 'eval_precision': 0.5473867391285556, 'eval_recall': 0.52, 'eval_runtime': 0.6375, 'eval_samples_per_second': 470.582, 'eval_steps_per_second': 29.803, 'epoch': 1.72}
{'loss': 1.6882, 'learning_rate': 6.9211822660098524e-06, 'epoch': 2.16}
{'eval_loss': 1.4680819511413574, 'eval_accuracy': 0.52, 'eval_f1': 0.4912289958696586, 'eval_precision': 0.5432305902909351, 'eval_recall': 0.52, 'eval_runtime': 0.6389, 'eval_samples_per_second': 469.552, 'eval_steps_per_second': 29.738, 'epoch': 2.16}
{'loss': 1.3426, 'learning_rate': 6.305418719211823e-06, 'epoch': 2.59}
{'eval_loss': 1.4161734580993652, 'eval_accuracy': 0.5766666666666667, 'eval_f1': 0.5682035381530471, 'eval_precision': 0.6363801276011802, 'eval_recall': 0.5766666666666667, 'eval_runtime': 0.6432, 'eval_samples_per_second': 466.424, 'eval_steps_per_second': 29.54, 'epoch': 2.59}
{'loss': 1.2878, 'learning_rate': 5.689655172413794e-06, 'epoch': 3.02}
{'eval_loss': 1.2367074489593506, 'eval_accuracy': 0.6266666666666667, 'eval_f1': 0.6166527813787342, 'eval_precision': 0.6326525512962805, 'eval_recall': 0.6266666666666667, 'eval_runtime': 0.64, 'eval_samples_per_second': 468.761, 'eval_steps_per_second': 29.688, 'epoch': 3.02}
{'loss': 1.0038, 'learning_rate': 5.073891625615764e-06, 'epoch': 3.45}
{'eval_loss': 1.270725965499878, 'eval_accuracy': 0.61, 'eval_f1': 0.6080989903553616, 'eval_precision': 0.6701896428237892, 'eval_recall': 0.61, 'eval_runtime': 0.6418, 'eval_samples_per_second': 467.423, 'eval_steps_per_second': 29.603, 'epoch': 3.45}
{'loss': 0.9715, 'learning_rate': 4.458128078817734e-06, 'epoch': 3.88}
{'eval_loss': 1.2057193517684937, 'eval_accuracy': 0.63, 'eval_f1': 0.631616924522684, 'eval_precision': 0.6562258720128313, 'eval_recall': 0.63, 'eval_runtime': 0.6487, 'eval_samples_per_second': 462.472, 'eval_steps_per_second': 29.29, 'epoch': 3.88}
{'loss': 0.8433, 'learning_rate': 3.842364532019705e-06, 'epoch': 4.31}
{'eval_loss': 1.1656584739685059, 'eval_accuracy': 0.6366666666666667, 'eval_f1': 0.6291327167102645, 'eval_precision': 0.650031390511017, 'eval_recall': 0.6366666666666667, 'eval_runtime': 0.6475, 'eval_samples_per_second': 463.34, 'eval_steps_per_second': 29.345, 'epoch': 4.31}
{'loss': 0.7388, 'learning_rate': 3.226600985221675e-06, 'epoch': 4.74}
{'eval_loss': 1.164488673210144, 'eval_accuracy': 0.6533333333333333, 'eval_f1': 0.6539465986927228, 'eval_precision': 0.6925088172132192, 'eval_recall': 0.6533333333333333, 'eval_runtime': 0.6421, 'eval_samples_per_second': 467.227, 'eval_steps_per_second': 29.591, 'epoch': 4.74}
{'loss': 0.6609, 'learning_rate': 2.6108374384236458e-06, 'epoch': 5.17}
{'eval_loss': 1.1854726076126099, 'eval_accuracy': 0.6333333333333333, 'eval_f1': 0.6282698102770568, 'eval_precision': 0.6642926271259605, 'eval_recall': 0.6333333333333333, 'eval_runtime': 0.6455, 'eval_samples_per_second': 464.751, 'eval_steps_per_second': 29.434, 'epoch': 5.17}
{'loss': 0.5819, 'learning_rate': 1.995073891625616e-06, 'epoch': 5.6}
{'eval_loss': 1.1629544496536255, 'eval_accuracy': 0.6533333333333333, 'eval_f1': 0.6540548389938087, 'eval_precision': 0.6827301966370595, 'eval_recall': 0.6533333333333333, 'eval_runtime': 0.6461, 'eval_samples_per_second': 464.346, 'eval_steps_per_second': 29.409, 'epoch': 5.6}
{'loss': 0.5725, 'learning_rate': 1.3793103448275862e-06, 'epoch': 6.03}
{'eval_loss': 1.133510947227478, 'eval_accuracy': 0.6566666666666666, 'eval_f1': 0.6500651717803759, 'eval_precision': 0.660545532875959, 'eval_recall': 0.6566666666666666, 'eval_runtime': 0.6419, 'eval_samples_per_second': 467.377, 'eval_steps_per_second': 29.601, 'epoch': 6.03}
{'loss': 0.5088, 'learning_rate': 7.635467980295568e-07, 'epoch': 6.47}
{'eval_loss': 1.138108491897583, 'eval_accuracy': 0.66, 'eval_f1': 0.6581554579342667, 'eval_precision': 0.6785435729847494, 'eval_recall': 0.66, 'eval_runtime': 0.646, 'eval_samples_per_second': 464.424, 'eval_steps_per_second': 29.414, 'epoch': 6.47}
{'loss': 0.4623, 'learning_rate': 1.477832512315271e-07, 'epoch': 6.9}
{'eval_loss': 1.1512531042099, 'eval_accuracy': 0.6666666666666666, 'eval_f1': 0.6662165507774728, 'eval_precision': 0.6913147977702206, 'eval_recall': 0.6666666666666666, 'eval_runtime': 0.6493, 'eval_samples_per_second': 462.044, 'eval_steps_per_second': 29.263, 'epoch': 6.9}
{'train_runtime': 166.2007, 'train_samples_per_second': 77.876, 'train_steps_per_second': 4.886, 'train_loss': 1.2220226966688785, 'epoch': 7.0}
PredictionOutput(predictions=array([[ 2.0586677 , -1.3002316 , -1.1941051 , ..., -0.7799542 ,
         2.5178595 , -0.79972094],
       [ 1.8315631 , -0.99978375, -0.38056204, ..., -1.2313676 ,
        -1.7049465 ,  1.8346723 ],
       [-2.352599  , -0.01412581, -0.64119637, ..., -0.4472881 ,
        -0.27942964,  0.5186905 ],
       ...,
       [-0.5350462 ,  5.9084387 , -0.40337527, ..., -1.2478334 ,
         1.3983704 , -0.60867834],
       [-1.5317787 , -1.4923671 , -0.82352483, ..., -0.8449544 ,
         2.5094757 ,  0.03039534],
       [-0.362364  , -0.64287037, -0.6549876 , ..., -1.4118266 ,
        -1.7688987 , -0.6838704 ]], dtype=float32), label_ids=array([ 6, 11,  7,  9, 11,  6,  6, 11,  5,  3,  9, 11,  0,  1, 11, 12,  1,
        7,  0, 12,  3,  1,  8,  3,  6,  8,  0,  0, 11,  0, 11,  3,  3,  5,
        2,  8,  9,  1, 11,  1,  5, 12,  0, 12,  1,  2, 12,  0,  5,  7,  3,
       11,  2,  4,  8,  3, 12, 11, 11, 10,  7, 11,  0, 10, 12,  0,  1,  8,
       12,  5, 10,  5,  1,  8,  0, 12,  1,  7, 10, 12,  7,  7,  2,  0,  2,
       10, 11,  0,  6,  0, 10,  9,  5,  5,  0,  9,  1,  2,  8,  9,  0,  2,
        0,  7, 11,  9,  6,  6,  9,  3, 12,  7, 11, 11, 11, 10,  2,  8,  9,
        0,  7,  3, 11, 11, 12,  8,  0,  4, 11,  5,  8, 11,  1,  5, 11,  7,
       11,  0, 11,  0, 11,  6,  0, 11, 11,  8, 11,  1,  8,  6,  5,  0, 11,
        9,  0,  1,  5,  0,  1,  8,  8,  0,  2, 11, 11,  0,  6,  5,  6, 11,
        2,  2,  7,  9, 11,  1, 11,  1,  8,  9,  8,  6,  3,  8, 10,  1,  2,
        0, 11, 11,  3,  8,  6,  2,  4,  1, 11, 11, 11, 11,  0, 11,  2,  1,
        8,  1,  9,  0,  1, 11,  1,  5,  1,  6,  5,  0,  8,  0,  1, 10, 11,
        9,  0, 11, 12,  2,  4,  0, 11,  2, 12,  2, 11,  7,  3,  2,  2,  8,
        3,  0,  2, 11,  8,  8,  9,  3, 11,  6, 11,  0,  3,  2,  8, 10, 12,
       11,  5, 10,  6,  9, 11,  6,  3,  1,  6,  3,  7, 11,  6,  2, 11,  4,
       10,  9,  2,  0, 11,  5,  1, 11,  6, 11,  9, 11,  0,  0,  0, 11, 11,
        0,  1, 11,  1,  0,  3,  1,  6,  1, 11,  3]), metrics={'test_loss': 1.3371620178222656, 'test_accuracy': 0.6066666666666667, 'test_f1': 0.5937541087505702, 'test_precision': 0.60406647163385, 'test_recall': 0.6066666666666667, 'test_runtime': 0.7448, 'test_samples_per_second': 402.793, 'test_steps_per_second': 25.51})
using GPU
Model loaded!
Start the training ...
{'loss': 2.5098, 'learning_rate': 9.38423645320197e-06, 'epoch': 0.43}
{'eval_loss': 2.36542010307312, 'eval_accuracy': 0.20333333333333334, 'eval_f1': 0.06871652816251154, 'eval_precision': 0.04134444444444445, 'eval_recall': 0.20333333333333334, 'eval_runtime': 0.5061, 'eval_samples_per_second': 592.786, 'eval_steps_per_second': 37.543, 'epoch': 0.43}
{'loss': 2.437, 'learning_rate': 8.768472906403942e-06, 'epoch': 0.86}
{'eval_loss': 2.2654120922088623, 'eval_accuracy': 0.28, 'eval_f1': 0.16758856570730696, 'eval_precision': 0.25501248783236846, 'eval_recall': 0.28, 'eval_runtime': 0.5039, 'eval_samples_per_second': 595.35, 'eval_steps_per_second': 37.705, 'epoch': 0.86}
{'loss': 2.1471, 'learning_rate': 8.152709359605912e-06, 'epoch': 1.29}
{'eval_loss': 1.7742340564727783, 'eval_accuracy': 0.5, 'eval_f1': 0.44053394143982366, 'eval_precision': 0.4740339955937782, 'eval_recall': 0.5, 'eval_runtime': 0.5047, 'eval_samples_per_second': 594.361, 'eval_steps_per_second': 37.643, 'epoch': 1.29}
{'loss': 1.7994, 'learning_rate': 7.536945812807882e-06, 'epoch': 1.72}
{'eval_loss': 1.4441841840744019, 'eval_accuracy': 0.5766666666666667, 'eval_f1': 0.5491361462756824, 'eval_precision': 0.5950764050764051, 'eval_recall': 0.5766666666666667, 'eval_runtime': 0.5058, 'eval_samples_per_second': 593.122, 'eval_steps_per_second': 37.564, 'epoch': 1.72}
{'loss': 1.5261, 'learning_rate': 6.9211822660098524e-06, 'epoch': 2.16}
{'eval_loss': 1.3009916543960571, 'eval_accuracy': 0.62, 'eval_f1': 0.6098679170216105, 'eval_precision': 0.6514884666654922, 'eval_recall': 0.62, 'eval_runtime': 0.5087, 'eval_samples_per_second': 589.786, 'eval_steps_per_second': 37.353, 'epoch': 2.16}
{'loss': 1.2135, 'learning_rate': 6.305418719211823e-06, 'epoch': 2.59}
{'eval_loss': 1.1802468299865723, 'eval_accuracy': 0.66, 'eval_f1': 0.6551371626153238, 'eval_precision': 0.6844507066392448, 'eval_recall': 0.66, 'eval_runtime': 0.508, 'eval_samples_per_second': 590.531, 'eval_steps_per_second': 37.4, 'epoch': 2.59}
{'loss': 1.161, 'learning_rate': 5.689655172413794e-06, 'epoch': 3.02}
{'eval_loss': 1.1440104246139526, 'eval_accuracy': 0.6633333333333333, 'eval_f1': 0.6514026031320216, 'eval_precision': 0.6593624189639885, 'eval_recall': 0.6633333333333333, 'eval_runtime': 0.5091, 'eval_samples_per_second': 589.32, 'eval_steps_per_second': 37.324, 'epoch': 3.02}
{'loss': 0.8781, 'learning_rate': 5.073891625615764e-06, 'epoch': 3.45}
{'eval_loss': 1.2065167427062988, 'eval_accuracy': 0.6533333333333333, 'eval_f1': 0.647091406979685, 'eval_precision': 0.6848636717580114, 'eval_recall': 0.6533333333333333, 'eval_runtime': 0.5086, 'eval_samples_per_second': 589.848, 'eval_steps_per_second': 37.357, 'epoch': 3.45}
{'loss': 0.8303, 'learning_rate': 4.458128078817734e-06, 'epoch': 3.88}
{'eval_loss': 1.0919533967971802, 'eval_accuracy': 0.6666666666666666, 'eval_f1': 0.6655892298178012, 'eval_precision': 0.6784814568251543, 'eval_recall': 0.6666666666666666, 'eval_runtime': 0.5094, 'eval_samples_per_second': 588.927, 'eval_steps_per_second': 37.299, 'epoch': 3.88}
{'loss': 0.6914, 'learning_rate': 3.842364532019705e-06, 'epoch': 4.31}
{'eval_loss': 1.1005454063415527, 'eval_accuracy': 0.68, 'eval_f1': 0.6749661639555778, 'eval_precision': 0.6794673885614054, 'eval_recall': 0.68, 'eval_runtime': 0.5087, 'eval_samples_per_second': 589.688, 'eval_steps_per_second': 37.347, 'epoch': 4.31}
{'loss': 0.6133, 'learning_rate': 3.226600985221675e-06, 'epoch': 4.74}
{'eval_loss': 1.113998293876648, 'eval_accuracy': 0.6833333333333333, 'eval_f1': 0.6803916767474566, 'eval_precision': 0.7000716055902921, 'eval_recall': 0.6833333333333333, 'eval_runtime': 0.5046, 'eval_samples_per_second': 594.567, 'eval_steps_per_second': 37.656, 'epoch': 4.74}
{'loss': 0.5179, 'learning_rate': 2.6108374384236458e-06, 'epoch': 5.17}
{'eval_loss': 1.1213347911834717, 'eval_accuracy': 0.68, 'eval_f1': 0.674006218315712, 'eval_precision': 0.6809910178400891, 'eval_recall': 0.68, 'eval_runtime': 0.5067, 'eval_samples_per_second': 592.088, 'eval_steps_per_second': 37.499, 'epoch': 5.17}
{'loss': 0.4504, 'learning_rate': 1.995073891625616e-06, 'epoch': 5.6}
{'eval_loss': 1.0881892442703247, 'eval_accuracy': 0.6966666666666667, 'eval_f1': 0.6938538213171573, 'eval_precision': 0.702063153221048, 'eval_recall': 0.6966666666666667, 'eval_runtime': 0.5036, 'eval_samples_per_second': 595.672, 'eval_steps_per_second': 37.726, 'epoch': 5.6}
{'loss': 0.4383, 'learning_rate': 1.3793103448275862e-06, 'epoch': 6.03}
{'eval_loss': 1.0962822437286377, 'eval_accuracy': 0.6966666666666667, 'eval_f1': 0.6913203531807977, 'eval_precision': 0.694812733586391, 'eval_recall': 0.6966666666666667, 'eval_runtime': 0.5061, 'eval_samples_per_second': 592.735, 'eval_steps_per_second': 37.54, 'epoch': 6.03}
{'loss': 0.373, 'learning_rate': 7.635467980295568e-07, 'epoch': 6.47}
{'eval_loss': 1.1099413633346558, 'eval_accuracy': 0.7, 'eval_f1': 0.6953038491510543, 'eval_precision': 0.7010517404060965, 'eval_recall': 0.7, 'eval_runtime': 0.5084, 'eval_samples_per_second': 590.079, 'eval_steps_per_second': 37.372, 'epoch': 6.47}
{'loss': 0.3557, 'learning_rate': 1.477832512315271e-07, 'epoch': 6.9}
{'eval_loss': 1.1114338636398315, 'eval_accuracy': 0.71, 'eval_f1': 0.7110677519634424, 'eval_precision': 0.7270510310945094, 'eval_recall': 0.71, 'eval_runtime': 0.5089, 'eval_samples_per_second': 589.485, 'eval_steps_per_second': 37.334, 'epoch': 6.9}
{'train_runtime': 147.6257, 'train_samples_per_second': 87.674, 'train_steps_per_second': 5.5, 'train_loss': 1.1102419457412118, 'epoch': 7.0}
PredictionOutput(predictions=array([[ 1.0058767 ,  0.35024744, -1.7299818 , ..., -1.77579   ,
         4.1167502 ,  0.2406608 ],
       [-0.26596174, -0.86502963,  0.33809936, ...,  1.1355414 ,
        -1.2819656 ,  1.2738646 ],
       [-1.3188992 ,  0.32595262, -1.4705675 , ..., -1.0524263 ,
        -0.20768061, -0.15675966],
       ...,
       [-1.1372241 ,  6.3751435 , -0.862119  , ..., -0.5041854 ,
         0.1236115 , -1.0672024 ],
       [-1.1745058 , -0.28960142, -1.5157056 , ..., -1.9773178 ,
         5.239944  , -0.25168577],
       [-0.79601985, -0.94198865, -0.10278106, ..., -0.7743216 ,
        -0.9583988 , -0.21018773]], dtype=float32), label_ids=array([ 6, 11,  7,  9, 11,  6,  6, 11,  5,  3,  9, 11,  0,  1, 11, 12,  1,
        7,  0, 12,  3,  1,  8,  3,  6,  8,  0,  0, 11,  0, 11,  3,  3,  5,
        2,  8,  9,  1, 11,  1,  5, 12,  0, 12,  1,  2, 12,  0,  5,  7,  3,
       11,  2,  4,  8,  3, 12, 11, 11, 10,  7, 11,  0, 10, 12,  0,  1,  8,
       12,  5, 10,  5,  1,  8,  0, 12,  1,  7, 10, 12,  7,  7,  2,  0,  2,
       10, 11,  0,  6,  0, 10,  9,  5,  5,  0,  9,  1,  2,  8,  9,  0,  2,
        0,  7, 11,  9,  6,  6,  9,  3, 12,  7, 11, 11, 11, 10,  2,  8,  9,
        0,  7,  3, 11, 11, 12,  8,  0,  4, 11,  5,  8, 11,  1,  5, 11,  7,
       11,  0, 11,  0, 11,  6,  0, 11, 11,  8, 11,  1,  8,  6,  5,  0, 11,
        9,  0,  1,  5,  0,  1,  8,  8,  0,  2, 11, 11,  0,  6,  5,  6, 11,
        2,  2,  7,  9, 11,  1, 11,  1,  8,  9,  8,  6,  3,  8, 10,  1,  2,
        0, 11, 11,  3,  8,  6,  2,  4,  1, 11, 11, 11, 11,  0, 11,  2,  1,
        8,  1,  9,  0,  1, 11,  1,  5,  1,  6,  5,  0,  8,  0,  1, 10, 11,
        9,  0, 11, 12,  2,  4,  0, 11,  2, 12,  2, 11,  7,  3,  2,  2,  8,
        3,  0,  2, 11,  8,  8,  9,  3, 11,  6, 11,  0,  3,  2,  8, 10, 12,
       11,  5, 10,  6,  9, 11,  6,  3,  1,  6,  3,  7, 11,  6,  2, 11,  4,
       10,  9,  2,  0, 11,  5,  1, 11,  6, 11,  9, 11,  0,  0,  0, 11, 11,
        0,  1, 11,  1,  0,  3,  1,  6,  1, 11,  3]), metrics={'test_loss': 1.4529112577438354, 'test_accuracy': 0.6166666666666667, 'test_f1': 0.6039837582677752, 'test_precision': 0.6034140054892698, 'test_recall': 0.6166666666666667, 'test_runtime': 0.6041, 'test_samples_per_second': 496.637, 'test_steps_per_second': 31.454})
