/cluster/raid/home/zhivar.sourati/logical-fallacy-identification/AMR_parsers_and_graphs
Tue Sep 27 09:54:15 2022       
+-----------------------------------------------------------------------------+
| NVIDIA-SMI 460.32.03    Driver Version: 460.32.03    CUDA Version: 11.2     |
|-------------------------------+----------------------+----------------------+
| GPU  Name        Persistence-M| Bus-Id        Disp.A | Volatile Uncorr. ECC |
| Fan  Temp  Perf  Pwr:Usage/Cap|         Memory-Usage | GPU-Util  Compute M. |
|                               |                      |               MIG M. |
|===============================+======================+======================|
|   0  A100-PCIE-40GB      Off  | 00000000:28:00.0 Off |                    0 |
| N/A   30C    P0    37W / 250W |      0MiB / 40536MiB |      0%      Default |
|                               |                      |             Disabled |
+-------------------------------+----------------------+----------------------+
                                                                               
+-----------------------------------------------------------------------------+
| Processes:                                                                  |
|  GPU   GI   CI        PID   Type   Process name                  GPU Memory |
|        ID   ID                                                   Usage      |
|=============================================================================|
|  No running processes found                                                 |
+-----------------------------------------------------------------------------+
0
cuda
using GPU
Model loaded!
Start the training ...
{'loss': 2.6069, 'learning_rate': 9.461206896551725e-06, 'epoch': 0.43}
{'eval_loss': 2.5089221000671387, 'eval_accuracy': 0.10666666666666667, 'eval_f1': 0.036977064795087104, 'eval_precision': 0.02292871615398784, 'eval_recall': 0.10666666666666667, 'eval_runtime': 0.4969, 'eval_samples_per_second': 603.718, 'eval_steps_per_second': 38.235, 'epoch': 0.43}
{'loss': 2.6017, 'learning_rate': 8.922413793103449e-06, 'epoch': 0.86}
{'eval_loss': 2.483147382736206, 'eval_accuracy': 0.12, 'eval_f1': 0.02571428571428571, 'eval_precision': 0.014400000000000001, 'eval_recall': 0.12, 'eval_runtime': 0.495, 'eval_samples_per_second': 606.019, 'eval_steps_per_second': 38.381, 'epoch': 0.86}
{'loss': 2.5541, 'learning_rate': 8.383620689655173e-06, 'epoch': 1.29}
{'eval_loss': 2.435032367706299, 'eval_accuracy': 0.17, 'eval_f1': 0.08152482640706236, 'eval_precision': 0.058365449378213655, 'eval_recall': 0.17, 'eval_runtime': 0.493, 'eval_samples_per_second': 608.479, 'eval_steps_per_second': 38.537, 'epoch': 1.29}
{'loss': 2.5956, 'learning_rate': 7.844827586206897e-06, 'epoch': 1.72}
{'eval_loss': 2.4473342895507812, 'eval_accuracy': 0.12, 'eval_f1': 0.025791044776119407, 'eval_precision': 0.014448160535117056, 'eval_recall': 0.12, 'eval_runtime': 0.4961, 'eval_samples_per_second': 604.771, 'eval_steps_per_second': 38.302, 'epoch': 1.72}
{'loss': 2.5762, 'learning_rate': 7.306034482758622e-06, 'epoch': 2.16}
{'eval_loss': 2.442270040512085, 'eval_accuracy': 0.20333333333333334, 'eval_f1': 0.06871652816251154, 'eval_precision': 0.04134444444444445, 'eval_recall': 0.20333333333333334, 'eval_runtime': 0.5004, 'eval_samples_per_second': 599.52, 'eval_steps_per_second': 37.97, 'epoch': 2.16}
{'loss': 2.5437, 'learning_rate': 6.767241379310346e-06, 'epoch': 2.59}
{'eval_loss': 2.4246113300323486, 'eval_accuracy': 0.20333333333333334, 'eval_f1': 0.06871652816251154, 'eval_precision': 0.04134444444444445, 'eval_recall': 0.20333333333333334, 'eval_runtime': 0.5028, 'eval_samples_per_second': 596.633, 'eval_steps_per_second': 37.787, 'epoch': 2.59}
{'loss': 2.5609, 'learning_rate': 6.228448275862069e-06, 'epoch': 3.02}
{'eval_loss': 2.4257471561431885, 'eval_accuracy': 0.20333333333333334, 'eval_f1': 0.06871652816251154, 'eval_precision': 0.04134444444444445, 'eval_recall': 0.20333333333333334, 'eval_runtime': 0.5519, 'eval_samples_per_second': 543.588, 'eval_steps_per_second': 34.427, 'epoch': 3.02}
{'loss': 2.5332, 'learning_rate': 5.689655172413794e-06, 'epoch': 3.45}
{'eval_loss': 2.411245107650757, 'eval_accuracy': 0.20333333333333334, 'eval_f1': 0.06871652816251154, 'eval_precision': 0.04134444444444445, 'eval_recall': 0.20333333333333334, 'eval_runtime': 0.5531, 'eval_samples_per_second': 542.387, 'eval_steps_per_second': 34.351, 'epoch': 3.45}
{'loss': 2.5299, 'learning_rate': 5.150862068965518e-06, 'epoch': 3.88}
{'eval_loss': 2.417966604232788, 'eval_accuracy': 0.20333333333333334, 'eval_f1': 0.06871652816251154, 'eval_precision': 0.04134444444444445, 'eval_recall': 0.20333333333333334, 'eval_runtime': 0.5024, 'eval_samples_per_second': 597.157, 'eval_steps_per_second': 37.82, 'epoch': 3.88}
{'loss': 2.5196, 'learning_rate': 4.612068965517242e-06, 'epoch': 4.31}
{'eval_loss': 2.4117965698242188, 'eval_accuracy': 0.20333333333333334, 'eval_f1': 0.06871652816251154, 'eval_precision': 0.04134444444444445, 'eval_recall': 0.20333333333333334, 'eval_runtime': 0.504, 'eval_samples_per_second': 595.219, 'eval_steps_per_second': 37.697, 'epoch': 4.31}
{'loss': 2.525, 'learning_rate': 4.073275862068966e-06, 'epoch': 4.74}
{'eval_loss': 2.410550355911255, 'eval_accuracy': 0.20333333333333334, 'eval_f1': 0.06871652816251154, 'eval_precision': 0.04134444444444445, 'eval_recall': 0.20333333333333334, 'eval_runtime': 0.5041, 'eval_samples_per_second': 595.156, 'eval_steps_per_second': 37.693, 'epoch': 4.74}
{'loss': 2.5682, 'learning_rate': 3.5344827586206898e-06, 'epoch': 5.17}
{'eval_loss': 2.409823417663574, 'eval_accuracy': 0.20333333333333334, 'eval_f1': 0.06871652816251154, 'eval_precision': 0.04134444444444445, 'eval_recall': 0.20333333333333334, 'eval_runtime': 0.4999, 'eval_samples_per_second': 600.076, 'eval_steps_per_second': 38.005, 'epoch': 5.17}
{'loss': 2.5257, 'learning_rate': 2.9956896551724142e-06, 'epoch': 5.6}
{'eval_loss': 2.4056971073150635, 'eval_accuracy': 0.20333333333333334, 'eval_f1': 0.06871652816251154, 'eval_precision': 0.04134444444444445, 'eval_recall': 0.20333333333333334, 'eval_runtime': 0.5244, 'eval_samples_per_second': 572.058, 'eval_steps_per_second': 36.23, 'epoch': 5.6}
{'loss': 2.5261, 'learning_rate': 2.4568965517241382e-06, 'epoch': 6.03}
{'eval_loss': 2.406252861022949, 'eval_accuracy': 0.20333333333333334, 'eval_f1': 0.06871652816251154, 'eval_precision': 0.04134444444444445, 'eval_recall': 0.20333333333333334, 'eval_runtime': 0.5029, 'eval_samples_per_second': 596.543, 'eval_steps_per_second': 37.781, 'epoch': 6.03}
{'loss': 2.5281, 'learning_rate': 1.9181034482758622e-06, 'epoch': 6.47}
{'eval_loss': 2.404721736907959, 'eval_accuracy': 0.20333333333333334, 'eval_f1': 0.06871652816251154, 'eval_precision': 0.04134444444444445, 'eval_recall': 0.20333333333333334, 'eval_runtime': 0.5076, 'eval_samples_per_second': 591.019, 'eval_steps_per_second': 37.431, 'epoch': 6.47}
{'loss': 2.5421, 'learning_rate': 1.3793103448275862e-06, 'epoch': 6.9}
{'eval_loss': 2.4044189453125, 'eval_accuracy': 0.20333333333333334, 'eval_f1': 0.06871652816251154, 'eval_precision': 0.04134444444444445, 'eval_recall': 0.20333333333333334, 'eval_runtime': 0.5054, 'eval_samples_per_second': 593.616, 'eval_steps_per_second': 37.596, 'epoch': 6.9}
{'loss': 2.4775, 'learning_rate': 8.405172413793105e-07, 'epoch': 7.33}
{'eval_loss': 2.400268077850342, 'eval_accuracy': 0.20333333333333334, 'eval_f1': 0.06871652816251154, 'eval_precision': 0.04134444444444445, 'eval_recall': 0.20333333333333334, 'eval_runtime': 0.5131, 'eval_samples_per_second': 584.659, 'eval_steps_per_second': 37.028, 'epoch': 7.33}
{'loss': 2.5336, 'learning_rate': 3.0172413793103453e-07, 'epoch': 7.76}
{'eval_loss': 2.400264263153076, 'eval_accuracy': 0.20333333333333334, 'eval_f1': 0.06871652816251154, 'eval_precision': 0.04134444444444445, 'eval_recall': 0.20333333333333334, 'eval_runtime': 0.5073, 'eval_samples_per_second': 591.34, 'eval_steps_per_second': 37.452, 'epoch': 7.76}
{'train_runtime': 163.386, 'train_samples_per_second': 90.534, 'train_steps_per_second': 5.68, 'train_loss': 2.5467880758745918, 'epoch': 8.0}
PredictionOutput(predictions=array([[ 0.38597322,  0.3037647 ,  0.05732051, ..., -0.14229517,
         0.80540526, -0.23483449],
       [ 0.4847611 ,  0.10391858,  0.05018083, ..., -0.20222376,
         0.8654791 , -0.26775646],
       [ 0.46668428,  0.18213098,  0.03314626, ..., -0.19072375,
         0.79125106, -0.23436233],
       ...,
       [ 0.4036287 ,  0.15771763,  0.07717761, ..., -0.16949277,
         0.764681  , -0.2484397 ],
       [ 0.42860797,  0.12403603,  0.04016631, ..., -0.18640755,
         0.80452955, -0.2705775 ],
       [ 0.42753163,  0.09970082, -0.00683589, ..., -0.17935862,
         0.7929381 , -0.28436804]], dtype=float32), label_ids=array([ 6, 11,  7,  9, 11,  6,  6, 11,  5,  3,  9, 11,  0,  1, 11, 12,  1,
        7,  0, 12,  3,  1,  8,  3,  6,  8,  0,  0, 11,  0, 11,  3,  3,  5,
        2,  8,  9,  1, 11,  1,  5, 12,  0, 12,  1,  2, 12,  0,  5,  7,  3,
       11,  2,  4,  8,  3, 12, 11, 11, 10,  7, 11,  0, 10, 12,  0,  1,  8,
       12,  5, 10,  5,  1,  8,  0, 12,  1,  7, 10, 12,  7,  7,  2,  0,  2,
       10, 11,  0,  6,  0, 10,  9,  5,  5,  0,  9,  1,  2,  8,  9,  0,  2,
        0,  7, 11,  9,  6,  6,  9,  3, 12,  7, 11, 11, 11, 10,  2,  8,  9,
        0,  7,  3, 11, 11, 12,  8,  0,  4, 11,  5,  8, 11,  1,  5, 11,  7,
       11,  0, 11,  0, 11,  6,  0, 11, 11,  8, 11,  1,  8,  6,  5,  0, 11,
        9,  0,  1,  5,  0,  1,  8,  8,  0,  2, 11, 11,  0,  6,  5,  6, 11,
        2,  2,  7,  9, 11,  1, 11,  1,  8,  9,  8,  6,  3,  8, 10,  1,  2,
        0, 11, 11,  3,  8,  6,  2,  4,  1, 11, 11, 11, 11,  0, 11,  2,  1,
        8,  1,  9,  0,  1, 11,  1,  5,  1,  6,  5,  0,  8,  0,  1, 10, 11,
        9,  0, 11, 12,  2,  4,  0, 11,  2, 12,  2, 11,  7,  3,  2,  2,  8,
        3,  0,  2, 11,  8,  8,  9,  3, 11,  6, 11,  0,  3,  2,  8, 10, 12,
       11,  5, 10,  6,  9, 11,  6,  3,  1,  6,  3,  7, 11,  6,  2, 11,  4,
       10,  9,  2,  0, 11,  5,  1, 11,  6, 11,  9, 11,  0,  0,  0, 11, 11,
        0,  1, 11,  1,  0,  3,  1,  6,  1, 11,  3]), metrics={'test_loss': 2.419895887374878, 'test_accuracy': 0.20333333333333334, 'test_f1': 0.06871652816251154, 'test_precision': 0.04134444444444445, 'test_recall': 0.20333333333333334, 'test_runtime': 0.6044, 'test_samples_per_second': 496.382, 'test_steps_per_second': 31.438})
