/cluster/raid/home/zhivar.sourati/logical-fallacy-identification/AMR_parsers_and_graphs
Tue Sep 27 02:19:30 2022       
+-----------------------------------------------------------------------------+
| NVIDIA-SMI 460.32.03    Driver Version: 460.32.03    CUDA Version: 11.2     |
|-------------------------------+----------------------+----------------------+
| GPU  Name        Persistence-M| Bus-Id        Disp.A | Volatile Uncorr. ECC |
| Fan  Temp  Perf  Pwr:Usage/Cap|         Memory-Usage | GPU-Util  Compute M. |
|                               |                      |               MIG M. |
|===============================+======================+======================|
|   0  A100-PCIE-40GB      Off  | 00000000:27:00.0 Off |                    0 |
| N/A   28C    P0    33W / 250W |      0MiB / 40536MiB |      0%      Default |
|                               |                      |             Disabled |
+-------------------------------+----------------------+----------------------+
                                                                               
+-----------------------------------------------------------------------------+
| Processes:                                                                  |
|  GPU   GI   CI        PID   Type   Process name                  GPU Memory |
|        ID   ID                                                   Usage      |
|=============================================================================|
|  No running processes found                                                 |
+-----------------------------------------------------------------------------+
0
cuda
using GPU
augmenting train dataset
                        precision    recall  f1-score   support

            ad hominem       0.99      0.99      0.99       225
            ad populum       0.96      0.99      0.98       158
     appeal to emotion       1.00      0.96      0.98       130
    circular reasoning       0.99      0.99      0.99       134
          equivocation       0.90      0.92      0.91        39
fallacy of credibility       0.98      0.99      0.99       107
  fallacy of extension       1.00      0.97      0.99       106
      fallacy of logic       0.95      0.99      0.97       121
  fallacy of relevance       1.00      0.99      1.00       114
       false causality       1.00      0.95      0.98       174
         false dilemma       0.99      1.00      1.00       110
 faulty generalization       0.98      1.00      0.99       319
           intentional       0.99      0.97      0.98       112

              accuracy                           0.98      1849
             macro avg       0.98      0.98      0.98      1849
          weighted avg       0.98      0.98      0.98      1849

augmenting dev dataset
Error finding the predicted label for sentence: " There MSK0 was in the MSK1 of MSK2 , and yet a perfect stranger ; without home and without friends , in the MSK1 of thousands of MSK0 own brethren — children of a common Father , and yet MSK0 dared not to unfold to any one of MSK2 MSK0 sad condition . " Check each literary term found in this quote : 
                        precision    recall  f1-score   support

            ad hominem       0.49      0.47      0.48        36
            ad populum       0.61      0.52      0.56        44
     appeal to emotion       0.25      0.15      0.19        13
    circular reasoning       0.48      0.56      0.51        18
          equivocation       0.33      0.60      0.43         5
fallacy of credibility       0.06      0.12      0.08         8
  fallacy of extension       0.60      0.21      0.32        14
      fallacy of logic       0.43      0.35      0.39        17
  fallacy of relevance       0.25      0.17      0.20        24
       false causality       0.50      0.42      0.45        24
         false dilemma       0.68      0.68      0.68        19
 faulty generalization       0.43      0.61      0.50        61
           intentional       0.42      0.31      0.36        16

              accuracy                           0.45       299
             macro avg       0.42      0.40      0.40       299
          weighted avg       0.46      0.45      0.44       299

augmenting test dataset
Error finding the predicted label for sentence: MSK0 call MSK1 yet MSK0 can not lend MSK2 money for MSK2 school project , murdering MSK2 chance for a higher grade . MSK0 are just like MSK1 . 
                        precision    recall  f1-score   support

            ad hominem       0.47      0.51      0.49        41
            ad populum       0.64      0.47      0.54        30
     appeal to emotion       0.54      0.30      0.39        23
    circular reasoning       0.19      0.32      0.24        19
          equivocation       0.00      0.00      0.00         5
fallacy of credibility       0.27      0.35      0.31        17
  fallacy of extension       0.80      0.38      0.52        21
      fallacy of logic       0.18      0.21      0.19        14
  fallacy of relevance       0.33      0.30      0.32        23
       false causality       0.40      0.11      0.17        18
         false dilemma       0.41      0.92      0.56        12
 faulty generalization       0.52      0.59      0.55        61
           intentional       0.50      0.47      0.48        15

              accuracy                           0.43       299
             macro avg       0.40      0.38      0.37       299
          weighted avg       0.46      0.43      0.42       299

Model loaded!
Start the training ...
{'loss': 2.5073, 'learning_rate': 9.38423645320197e-06, 'epoch': 0.43}
{'eval_loss': 2.500401258468628, 'eval_accuracy': 0.21739130434782608, 'eval_f1': 0.1263398585806612, 'eval_precision': 0.11263585169939684, 'eval_recall': 0.21739130434782608, 'eval_runtime': 2.4624, 'eval_samples_per_second': 121.424, 'eval_steps_per_second': 7.716, 'epoch': 0.43}
{'loss': 2.0568, 'learning_rate': 8.768472906403942e-06, 'epoch': 0.86}
{'eval_loss': 2.1051340103149414, 'eval_accuracy': 0.4180602006688963, 'eval_f1': 0.40250027199975935, 'eval_precision': 0.43030823174920624, 'eval_recall': 0.4180602006688963, 'eval_runtime': 2.4618, 'eval_samples_per_second': 121.454, 'eval_steps_per_second': 7.718, 'epoch': 0.86}
{'loss': 1.0373, 'learning_rate': 8.152709359605912e-06, 'epoch': 1.29}
{'eval_loss': 2.424731492996216, 'eval_accuracy': 0.40468227424749165, 'eval_f1': 0.40481672808063, 'eval_precision': 0.4329769937321425, 'eval_recall': 0.40468227424749165, 'eval_runtime': 2.4676, 'eval_samples_per_second': 121.171, 'eval_steps_per_second': 7.7, 'epoch': 1.29}
{'loss': 0.6287, 'learning_rate': 7.536945812807882e-06, 'epoch': 1.72}
{'eval_loss': 2.748399257659912, 'eval_accuracy': 0.45484949832775917, 'eval_f1': 0.45137637471335956, 'eval_precision': 0.46651649842006915, 'eval_recall': 0.45484949832775917, 'eval_runtime': 2.4858, 'eval_samples_per_second': 120.284, 'eval_steps_per_second': 7.643, 'epoch': 1.72}
{'loss': 0.4062, 'learning_rate': 6.9211822660098524e-06, 'epoch': 2.16}
{'eval_loss': 3.0641064643859863, 'eval_accuracy': 0.44481605351170567, 'eval_f1': 0.4427901207402019, 'eval_precision': 0.4607950777100902, 'eval_recall': 0.44481605351170567, 'eval_runtime': 2.4842, 'eval_samples_per_second': 120.361, 'eval_steps_per_second': 7.648, 'epoch': 2.16}
{'loss': 0.2177, 'learning_rate': 6.305418719211823e-06, 'epoch': 2.59}
{'eval_loss': 3.4602880477905273, 'eval_accuracy': 0.451505016722408, 'eval_f1': 0.4476553047639848, 'eval_precision': 0.4619515255572615, 'eval_recall': 0.451505016722408, 'eval_runtime': 2.4883, 'eval_samples_per_second': 120.162, 'eval_steps_per_second': 7.636, 'epoch': 2.59}
{'loss': 0.2032, 'learning_rate': 5.689655172413794e-06, 'epoch': 3.02}
{'eval_loss': 3.529468297958374, 'eval_accuracy': 0.451505016722408, 'eval_f1': 0.44783811086828357, 'eval_precision': 0.466223546517262, 'eval_recall': 0.451505016722408, 'eval_runtime': 2.4891, 'eval_samples_per_second': 120.122, 'eval_steps_per_second': 7.633, 'epoch': 3.02}
{'loss': 0.084, 'learning_rate': 5.073891625615764e-06, 'epoch': 3.45}
{'eval_loss': 4.019603729248047, 'eval_accuracy': 0.45484949832775917, 'eval_f1': 0.45115424304333146, 'eval_precision': 0.46786368289082353, 'eval_recall': 0.45484949832775917, 'eval_runtime': 2.4909, 'eval_samples_per_second': 120.036, 'eval_steps_per_second': 7.628, 'epoch': 3.45}
{'loss': 0.1364, 'learning_rate': 4.458128078817734e-06, 'epoch': 3.88}
{'eval_loss': 4.239782333374023, 'eval_accuracy': 0.451505016722408, 'eval_f1': 0.4459406004673861, 'eval_precision': 0.46309779660319805, 'eval_recall': 0.451505016722408, 'eval_runtime': 2.491, 'eval_samples_per_second': 120.032, 'eval_steps_per_second': 7.627, 'epoch': 3.88}
{'loss': 0.0517, 'learning_rate': 3.842364532019705e-06, 'epoch': 4.31}
