/cluster/raid/home/zhivar.sourati/logical-fallacy-identification/AMR_parsers_and_graphs
Thu Sep 22 01:08:07 2022       
+-----------------------------------------------------------------------------+
| NVIDIA-SMI 460.32.03    Driver Version: 460.32.03    CUDA Version: 11.2     |
|-------------------------------+----------------------+----------------------+
| GPU  Name        Persistence-M| Bus-Id        Disp.A | Volatile Uncorr. ECC |
| Fan  Temp  Perf  Pwr:Usage/Cap|         Memory-Usage | GPU-Util  Compute M. |
|                               |                      |               MIG M. |
|===============================+======================+======================|
|   0  A100-PCIE-40GB      Off  | 00000000:29:00.0 Off |                    0 |
| N/A   28C    P0    32W / 250W |      0MiB / 40536MiB |      0%      Default |
|                               |                      |             Disabled |
+-------------------------------+----------------------+----------------------+
                                                                               
+-----------------------------------------------------------------------------+
| Processes:                                                                  |
|  GPU   GI   CI        PID   Type   Process name                  GPU Memory |
|        ID   ID                                                   Usage      |
|=============================================================================|
|  No running processes found                                                 |
+-----------------------------------------------------------------------------+
0
Model loaded!
Start the training ...
{'loss': 2.5284, 'learning_rate': 9.38423645320197e-06, 'epoch': 0.43}
{'eval_loss': 2.4222493171691895, 'eval_accuracy': 0.20333333333333334, 'eval_f1': 0.06871652816251154, 'eval_precision': 0.04134444444444445, 'eval_recall': 0.20333333333333334, 'eval_runtime': 0.637, 'eval_samples_per_second': 470.932, 'eval_steps_per_second': 29.826, 'epoch': 0.43}
{'loss': 2.5068, 'learning_rate': 8.768472906403942e-06, 'epoch': 0.86}
{'eval_loss': 2.4157493114471436, 'eval_accuracy': 0.20333333333333334, 'eval_f1': 0.06871652816251154, 'eval_precision': 0.04134444444444445, 'eval_recall': 0.20333333333333334, 'eval_runtime': 0.6346, 'eval_samples_per_second': 472.765, 'eval_steps_per_second': 29.942, 'epoch': 0.86}
{'loss': 2.4334, 'learning_rate': 8.152709359605912e-06, 'epoch': 1.29}
{'eval_loss': 2.324674606323242, 'eval_accuracy': 0.24666666666666667, 'eval_f1': 0.12181278538812784, 'eval_precision': 0.08317397578267142, 'eval_recall': 0.24666666666666667, 'eval_runtime': 0.6319, 'eval_samples_per_second': 474.725, 'eval_steps_per_second': 30.066, 'epoch': 1.29}
{'loss': 2.3572, 'learning_rate': 7.536945812807882e-06, 'epoch': 1.72}
{'eval_loss': 2.1776785850524902, 'eval_accuracy': 0.30666666666666664, 'eval_f1': 0.254923338820186, 'eval_precision': 0.38864565259302103, 'eval_recall': 0.30666666666666664, 'eval_runtime': 0.6344, 'eval_samples_per_second': 472.913, 'eval_steps_per_second': 29.951, 'epoch': 1.72}
{'loss': 2.1435, 'learning_rate': 6.9211822660098524e-06, 'epoch': 2.16}
{'eval_loss': 1.923865556716919, 'eval_accuracy': 0.38333333333333336, 'eval_f1': 0.32731868858302143, 'eval_precision': 0.44331529405437586, 'eval_recall': 0.38333333333333336, 'eval_runtime': 0.6322, 'eval_samples_per_second': 474.51, 'eval_steps_per_second': 30.052, 'epoch': 2.16}
{'loss': 1.7728, 'learning_rate': 6.305418719211823e-06, 'epoch': 2.59}
{'eval_loss': 1.6123043298721313, 'eval_accuracy': 0.5066666666666667, 'eval_f1': 0.47194398429233386, 'eval_precision': 0.5760534485237632, 'eval_recall': 0.5066666666666667, 'eval_runtime': 0.6338, 'eval_samples_per_second': 473.345, 'eval_steps_per_second': 29.979, 'epoch': 2.59}
{'loss': 1.5822, 'learning_rate': 5.689655172413794e-06, 'epoch': 3.02}
{'eval_loss': 1.3850762844085693, 'eval_accuracy': 0.57, 'eval_f1': 0.5547544985091569, 'eval_precision': 0.5999539053539055, 'eval_recall': 0.57, 'eval_runtime': 0.636, 'eval_samples_per_second': 471.72, 'eval_steps_per_second': 29.876, 'epoch': 3.02}
{'loss': 1.2931, 'learning_rate': 5.073891625615764e-06, 'epoch': 3.45}
{'eval_loss': 1.3140358924865723, 'eval_accuracy': 0.6266666666666667, 'eval_f1': 0.6097972486409543, 'eval_precision': 0.6653436572344635, 'eval_recall': 0.6266666666666667, 'eval_runtime': 0.6348, 'eval_samples_per_second': 472.562, 'eval_steps_per_second': 29.929, 'epoch': 3.45}
{'loss': 1.2093, 'learning_rate': 4.458128078817734e-06, 'epoch': 3.88}
{'eval_loss': 1.218481183052063, 'eval_accuracy': 0.63, 'eval_f1': 0.6228910767976792, 'eval_precision': 0.649565325742328, 'eval_recall': 0.63, 'eval_runtime': 0.6352, 'eval_samples_per_second': 472.328, 'eval_steps_per_second': 29.914, 'epoch': 3.88}
{'loss': 1.0442, 'learning_rate': 3.842364532019705e-06, 'epoch': 4.31}
{'eval_loss': 1.1401617527008057, 'eval_accuracy': 0.6533333333333333, 'eval_f1': 0.6453639894743735, 'eval_precision': 0.6605603187135446, 'eval_recall': 0.6533333333333333, 'eval_runtime': 0.6373, 'eval_samples_per_second': 470.761, 'eval_steps_per_second': 29.815, 'epoch': 4.31}
{'loss': 0.9202, 'learning_rate': 3.226600985221675e-06, 'epoch': 4.74}
{'eval_loss': 1.1913158893585205, 'eval_accuracy': 0.6333333333333333, 'eval_f1': 0.6273760625490532, 'eval_precision': 0.6674483794000298, 'eval_recall': 0.6333333333333333, 'eval_runtime': 0.6361, 'eval_samples_per_second': 471.633, 'eval_steps_per_second': 29.87, 'epoch': 4.74}
{'loss': 0.8113, 'learning_rate': 2.6108374384236458e-06, 'epoch': 5.17}
{'eval_loss': 1.129258632659912, 'eval_accuracy': 0.6866666666666666, 'eval_f1': 0.6827469391036337, 'eval_precision': 0.7071186316018249, 'eval_recall': 0.6866666666666666, 'eval_runtime': 0.6323, 'eval_samples_per_second': 474.464, 'eval_steps_per_second': 30.049, 'epoch': 5.17}
{'loss': 0.7031, 'learning_rate': 1.995073891625616e-06, 'epoch': 5.6}
{'eval_loss': 1.0747846364974976, 'eval_accuracy': 0.6866666666666666, 'eval_f1': 0.6829668934002061, 'eval_precision': 0.6954848589182698, 'eval_recall': 0.6866666666666666, 'eval_runtime': 0.6389, 'eval_samples_per_second': 469.572, 'eval_steps_per_second': 29.74, 'epoch': 5.6}
{'loss': 0.7344, 'learning_rate': 1.3793103448275862e-06, 'epoch': 6.03}
{'eval_loss': 1.0697243213653564, 'eval_accuracy': 0.68, 'eval_f1': 0.6745082428043437, 'eval_precision': 0.6786659866826051, 'eval_recall': 0.68, 'eval_runtime': 0.6362, 'eval_samples_per_second': 471.553, 'eval_steps_per_second': 29.865, 'epoch': 6.03}
{'loss': 0.6162, 'learning_rate': 7.635467980295568e-07, 'epoch': 6.47}
{'eval_loss': 1.0812691450119019, 'eval_accuracy': 0.6866666666666666, 'eval_f1': 0.6808974997638699, 'eval_precision': 0.6874057476495232, 'eval_recall': 0.6866666666666666, 'eval_runtime': 0.6349, 'eval_samples_per_second': 472.524, 'eval_steps_per_second': 29.927, 'epoch': 6.47}
{'loss': 0.5765, 'learning_rate': 1.477832512315271e-07, 'epoch': 6.9}
{'eval_loss': 1.0855095386505127, 'eval_accuracy': 0.68, 'eval_f1': 0.6761496539904354, 'eval_precision': 0.6883260509540199, 'eval_recall': 0.68, 'eval_runtime': 0.6382, 'eval_samples_per_second': 470.043, 'eval_steps_per_second': 29.769, 'epoch': 6.9}
{'train_runtime': 164.7792, 'train_samples_per_second': 78.548, 'train_steps_per_second': 4.928, 'train_loss': 1.4407245091029577, 'epoch': 7.0}
PredictionOutput(predictions=array([[ 1.8498623 , -1.0265465 , -1.182439  , ...,  0.20902097,
         2.095372  ,  0.03068666],
       [ 0.09476045, -0.7172288 , -0.08502122, ..., -0.04966103,
        -0.24084271,  1.2590886 ],
       [-1.9661763 ,  0.26401517, -0.63822895, ..., -1.41934   ,
        -0.47840518,  0.24767502],
       ...,
       [-1.3287845 ,  5.2326093 , -0.34366134, ..., -0.6479739 ,
         1.2797385 , -0.23335361],
       [-1.9511412 , -0.6597292 , -0.7049747 , ..., -1.0632532 ,
         2.4951894 , -0.35500473],
       [-0.9435921 , -0.229157  , -1.0023837 , ..., -1.1345253 ,
        -0.8696738 , -0.48602375]], dtype=float32), label_ids=array([ 6, 11,  7,  9, 11,  6,  6, 11,  5,  3,  9, 11,  0,  1, 11, 12,  1,
        7,  0, 12,  3,  1,  8,  3,  6,  8,  0,  0, 11,  0, 11,  3,  3,  5,
        2,  8,  9,  1, 11,  1,  5, 12,  0, 12,  1,  2, 12,  0,  5,  7,  3,
       11,  2,  4,  8,  3, 12, 11, 11, 10,  7, 11,  0, 10, 12,  0,  1,  8,
       12,  5, 10,  5,  1,  8,  0, 12,  1,  7, 10, 12,  7,  7,  2,  0,  2,
       10, 11,  0,  6,  0, 10,  9,  5,  5,  0,  9,  1,  2,  8,  9,  0,  2,
        0,  7, 11,  9,  6,  6,  9,  3, 12,  7, 11, 11, 11, 10,  2,  8,  9,
        0,  7,  3, 11, 11, 12,  8,  0,  4, 11,  5,  8, 11,  1,  5, 11,  7,
       11,  0, 11,  0, 11,  6,  0, 11, 11,  8, 11,  1,  8,  6,  5,  0, 11,
        9,  0,  1,  5,  0,  1,  8,  8,  0,  2, 11, 11,  0,  6,  5,  6, 11,
        2,  2,  7,  9, 11,  1, 11,  1,  8,  9,  8,  6,  3,  8, 10,  1,  2,
        0, 11, 11,  3,  8,  6,  2,  4,  1, 11, 11, 11, 11,  0, 11,  2,  1,
        8,  1,  9,  0,  1, 11,  1,  5,  1,  6,  5,  0,  8,  0,  1, 10, 11,
        9,  0, 11, 12,  2,  4,  0, 11,  2, 12,  2, 11,  7,  3,  2,  2,  8,
        3,  0,  2, 11,  8,  8,  9,  3, 11,  6, 11,  0,  3,  2,  8, 10, 12,
       11,  5, 10,  6,  9, 11,  6,  3,  1,  6,  3,  7, 11,  6,  2, 11,  4,
       10,  9,  2,  0, 11,  5,  1, 11,  6, 11,  9, 11,  0,  0,  0, 11, 11,
        0,  1, 11,  1,  0,  3,  1,  6,  1, 11,  3]), metrics={'test_loss': 1.2829396724700928, 'test_accuracy': 0.64, 'test_f1': 0.6304177920078538, 'test_precision': 0.6370273177447868, 'test_recall': 0.64, 'test_runtime': 0.7381, 'test_samples_per_second': 406.431, 'test_steps_per_second': 25.741})
