/cluster/raid/home/zhivar.sourati/logical-fallacy-identification/AMR_parsers_and_graphs
Sat Oct  1 01:30:03 2022       
+-----------------------------------------------------------------------------+
| NVIDIA-SMI 460.32.03    Driver Version: 460.32.03    CUDA Version: 11.2     |
|-------------------------------+----------------------+----------------------+
| GPU  Name        Persistence-M| Bus-Id        Disp.A | Volatile Uncorr. ECC |
| Fan  Temp  Perf  Pwr:Usage/Cap|         Memory-Usage | GPU-Util  Compute M. |
|                               |                      |               MIG M. |
|===============================+======================+======================|
|   0  A100-PCIE-40GB      Off  | 00000000:27:00.0 Off |                    0 |
| N/A   28C    P0    33W / 250W |      0MiB / 40536MiB |      0%      Default |
|                               |                      |             Disabled |
+-------------------------------+----------------------+----------------------+
                                                                               
+-----------------------------------------------------------------------------+
| Processes:                                                                  |
|  GPU   GI   CI        PID   Type   Process name                  GPU Memory |
|        ID   ID                                                   Usage      |
|=============================================================================|
|  No running processes found                                                 |
+-----------------------------------------------------------------------------+
0
cuda
using GPU
doing the case augmentation ...
Train split results
                        precision    recall  f1-score   support

            ad hominem       0.97      0.92      0.95       225
            ad populum       0.96      0.93      0.95       158
     appeal to emotion       0.86      0.98      0.92       130
    circular reasoning       0.89      0.91      0.90       134
          equivocation       0.86      0.62      0.72        39
fallacy of credibility       0.78      0.81      0.79       107
  fallacy of extension       0.92      0.96      0.94       106
      fallacy of logic       0.91      0.95      0.93       121
  fallacy of relevance       0.90      0.77      0.83       114
       false causality       0.96      0.93      0.94       174
         false dilemma       0.82      0.97      0.89       110
 faulty generalization       0.97      0.97      0.97       319
           intentional       0.91      0.83      0.87       112

              accuracy                           0.92      1849
             macro avg       0.90      0.89      0.89      1849
          weighted avg       0.92      0.92      0.91      1849

Dev split results
                        precision    recall  f1-score   support

            ad hominem       0.57      0.44      0.50        36
            ad populum       0.68      0.43      0.53        44
     appeal to emotion       0.17      0.54      0.26        13
    circular reasoning       0.47      0.44      0.46        18
          equivocation       0.38      0.60      0.46         5
fallacy of credibility       0.09      0.12      0.11         8
  fallacy of extension       0.50      0.29      0.36        14
      fallacy of logic       0.33      0.47      0.39        17
  fallacy of relevance       0.33      0.21      0.26        24
       false causality       0.40      0.50      0.44        24
         false dilemma       0.65      0.79      0.71        19
 faulty generalization       0.50      0.46      0.48        61
           intentional       0.45      0.31      0.37        16

              accuracy                           0.44       299
             macro avg       0.43      0.43      0.41       299
          weighted avg       0.48      0.44      0.45       299

Test split results
                        precision    recall  f1-score   support

            ad hominem       0.52      0.41      0.46        41
            ad populum       0.67      0.47      0.55        30
     appeal to emotion       0.25      0.30      0.27        23
    circular reasoning       0.22      0.47      0.30        19
          equivocation       0.00      0.00      0.00         5
fallacy of credibility       0.12      0.12      0.12        17
  fallacy of extension       0.62      0.38      0.47        21
      fallacy of logic       0.31      0.29      0.30        14
  fallacy of relevance       0.28      0.22      0.24        23
       false causality       0.31      0.28      0.29        18
         false dilemma       0.33      0.75      0.46        12
 faulty generalization       0.53      0.49      0.51        61
           intentional       0.25      0.27      0.26        15

              accuracy                           0.38       299
             macro avg       0.34      0.34      0.33       299
          weighted avg       0.41      0.38      0.38       299

