/cluster/raid/home/zhivar.sourati/logical-fallacy-identification/AMR_parsers_and_graphs
Fri Sep 23 02:30:36 2022       
+-----------------------------------------------------------------------------+
| NVIDIA-SMI 460.32.03    Driver Version: 460.32.03    CUDA Version: 11.2     |
|-------------------------------+----------------------+----------------------+
| GPU  Name        Persistence-M| Bus-Id        Disp.A | Volatile Uncorr. ECC |
| Fan  Temp  Perf  Pwr:Usage/Cap|         Memory-Usage | GPU-Util  Compute M. |
|                               |                      |               MIG M. |
|===============================+======================+======================|
|   0  A100-PCIE-40GB      Off  | 00000000:27:00.0 Off |                    0 |
| N/A   27C    P0    32W / 250W |      0MiB / 40536MiB |      0%      Default |
|                               |                      |             Disabled |
+-------------------------------+----------------------+----------------------+
                                                                               
+-----------------------------------------------------------------------------+
| Processes:                                                                  |
|  GPU   GI   CI        PID   Type   Process name                  GPU Memory |
|        ID   ID                                                   Usage      |
|=============================================================================|
|  No running processes found                                                 |
+-----------------------------------------------------------------------------+
0
using GPU
Model loaded!
Start the training ...
{'loss': 2.5474, 'learning_rate': 9.38423645320197e-06, 'epoch': 0.43}
{'eval_loss': 2.491107702255249, 'eval_accuracy': 0.14666666666666667, 'eval_f1': 0.03762876579203111, 'eval_precision': 0.021583054626532892, 'eval_recall': 0.14666666666666667, 'eval_runtime': 1.2138, 'eval_samples_per_second': 247.158, 'eval_steps_per_second': 15.653, 'epoch': 0.43}
{'loss': 2.5051, 'learning_rate': 8.768472906403942e-06, 'epoch': 0.86}
{'eval_loss': 2.413674831390381, 'eval_accuracy': 0.21666666666666667, 'eval_f1': 0.13505387861084064, 'eval_precision': 0.11105291431641148, 'eval_recall': 0.21666666666666667, 'eval_runtime': 1.2016, 'eval_samples_per_second': 249.669, 'eval_steps_per_second': 15.812, 'epoch': 0.86}
{'loss': 2.4583, 'learning_rate': 8.152709359605912e-06, 'epoch': 1.29}
{'eval_loss': 2.3774240016937256, 'eval_accuracy': 0.22666666666666666, 'eval_f1': 0.14313389513108615, 'eval_precision': 0.11558870758870758, 'eval_recall': 0.22666666666666666, 'eval_runtime': 1.2099, 'eval_samples_per_second': 247.958, 'eval_steps_per_second': 15.704, 'epoch': 1.29}
{'loss': 2.4215, 'learning_rate': 7.536945812807882e-06, 'epoch': 1.72}
{'eval_loss': 2.24836802482605, 'eval_accuracy': 0.31333333333333335, 'eval_f1': 0.21791379761790722, 'eval_precision': 0.20837549807872388, 'eval_recall': 0.31333333333333335, 'eval_runtime': 1.2112, 'eval_samples_per_second': 247.684, 'eval_steps_per_second': 15.687, 'epoch': 1.72}
{'loss': 2.3531, 'learning_rate': 6.9211822660098524e-06, 'epoch': 2.16}
{'eval_loss': 2.085306406021118, 'eval_accuracy': 0.32666666666666666, 'eval_f1': 0.2539519592129682, 'eval_precision': 0.44100171897818957, 'eval_recall': 0.32666666666666666, 'eval_runtime': 1.2086, 'eval_samples_per_second': 248.218, 'eval_steps_per_second': 15.72, 'epoch': 2.16}
{'loss': 2.13, 'learning_rate': 6.305418719211823e-06, 'epoch': 2.59}
{'eval_loss': 1.8741638660430908, 'eval_accuracy': 0.4633333333333333, 'eval_f1': 0.40791656422973493, 'eval_precision': 0.4069251529538262, 'eval_recall': 0.4633333333333333, 'eval_runtime': 1.2147, 'eval_samples_per_second': 246.976, 'eval_steps_per_second': 15.642, 'epoch': 2.59}
{'loss': 1.9392, 'learning_rate': 5.689655172413794e-06, 'epoch': 3.02}
{'eval_loss': 1.7474056482315063, 'eval_accuracy': 0.5133333333333333, 'eval_f1': 0.49731902597069166, 'eval_precision': 0.5690313766693077, 'eval_recall': 0.5133333333333333, 'eval_runtime': 1.2176, 'eval_samples_per_second': 246.39, 'eval_steps_per_second': 15.605, 'epoch': 3.02}
{'loss': 1.6504, 'learning_rate': 5.073891625615764e-06, 'epoch': 3.45}
{'eval_loss': 1.4951727390289307, 'eval_accuracy': 0.5633333333333334, 'eval_f1': 0.5280967189959904, 'eval_precision': 0.522624620957101, 'eval_recall': 0.5633333333333334, 'eval_runtime': 1.2185, 'eval_samples_per_second': 246.196, 'eval_steps_per_second': 15.592, 'epoch': 3.45}
{'loss': 1.528, 'learning_rate': 4.458128078817734e-06, 'epoch': 3.88}
{'eval_loss': 1.3918483257293701, 'eval_accuracy': 0.6, 'eval_f1': 0.5845275078723904, 'eval_precision': 0.6179746405767543, 'eval_recall': 0.6, 'eval_runtime': 1.2233, 'eval_samples_per_second': 245.244, 'eval_steps_per_second': 15.532, 'epoch': 3.88}
{'loss': 1.3418, 'learning_rate': 3.842364532019705e-06, 'epoch': 4.31}
{'eval_loss': 1.3097881078720093, 'eval_accuracy': 0.61, 'eval_f1': 0.58367428930556, 'eval_precision': 0.6607547501045632, 'eval_recall': 0.61, 'eval_runtime': 1.2192, 'eval_samples_per_second': 246.068, 'eval_steps_per_second': 15.584, 'epoch': 4.31}
{'loss': 1.1876, 'learning_rate': 3.226600985221675e-06, 'epoch': 4.74}
{'eval_loss': 1.314216136932373, 'eval_accuracy': 0.6, 'eval_f1': 0.5846440411460336, 'eval_precision': 0.64166664829256, 'eval_recall': 0.6, 'eval_runtime': 1.214, 'eval_samples_per_second': 247.108, 'eval_steps_per_second': 15.65, 'epoch': 4.74}
{'loss': 1.0748, 'learning_rate': 2.6108374384236458e-06, 'epoch': 5.17}
{'eval_loss': 1.2796330451965332, 'eval_accuracy': 0.6033333333333334, 'eval_f1': 0.5892490525338753, 'eval_precision': 0.6259363805116481, 'eval_recall': 0.6033333333333334, 'eval_runtime': 1.2126, 'eval_samples_per_second': 247.4, 'eval_steps_per_second': 15.669, 'epoch': 5.17}
{'loss': 0.951, 'learning_rate': 1.995073891625616e-06, 'epoch': 5.6}
{'eval_loss': 1.2128040790557861, 'eval_accuracy': 0.6433333333333333, 'eval_f1': 0.6270546349749275, 'eval_precision': 0.645742740351436, 'eval_recall': 0.6433333333333333, 'eval_runtime': 1.2174, 'eval_samples_per_second': 246.43, 'eval_steps_per_second': 15.607, 'epoch': 5.6}
{'loss': 0.9375, 'learning_rate': 1.3793103448275862e-06, 'epoch': 6.03}
{'eval_loss': 1.190205693244934, 'eval_accuracy': 0.65, 'eval_f1': 0.6329576119165714, 'eval_precision': 0.6452132941954034, 'eval_recall': 0.65, 'eval_runtime': 1.2179, 'eval_samples_per_second': 246.334, 'eval_steps_per_second': 15.601, 'epoch': 6.03}
{'loss': 0.8558, 'learning_rate': 7.635467980295568e-07, 'epoch': 6.47}
{'eval_loss': 1.188392996788025, 'eval_accuracy': 0.6366666666666667, 'eval_f1': 0.6213015529096702, 'eval_precision': 0.6299060584110227, 'eval_recall': 0.6366666666666667, 'eval_runtime': 1.2208, 'eval_samples_per_second': 245.75, 'eval_steps_per_second': 15.564, 'epoch': 6.47}
{'loss': 0.7743, 'learning_rate': 1.477832512315271e-07, 'epoch': 6.9}
{'eval_loss': 1.193193793296814, 'eval_accuracy': 0.6533333333333333, 'eval_f1': 0.6373358246662952, 'eval_precision': 0.6563369824619824, 'eval_recall': 0.6533333333333333, 'eval_runtime': 1.2203, 'eval_samples_per_second': 245.833, 'eval_steps_per_second': 15.569, 'epoch': 6.9}
{'train_runtime': 246.0751, 'train_samples_per_second': 52.598, 'train_steps_per_second': 3.3, 'train_loss': 1.654438341779662, 'epoch': 7.0}
PredictionOutput(predictions=array([[ 3.531971  , -1.1279526 , -1.2841128 , ..., -0.9066134 ,
         2.3581493 ,  0.56648904],
       [ 0.27836168, -0.6346716 , -1.167687  , ..., -0.91974133,
        -1.174326  ,  1.2621142 ],
       [-1.5710281 ,  0.05127354, -1.1399614 , ..., -1.6593765 ,
        -0.42918825,  0.9740989 ],
       ...,
       [-0.8871235 ,  4.5984335 , -0.27998802, ..., -0.64334756,
         1.8681895 , -0.37805143],
       [-1.192164  ,  0.35116482, -0.15823765, ..., -0.81939423,
         4.1342163 , -0.5282731 ],
       [-0.772877  , -0.27307433, -0.7594549 , ..., -1.2982107 ,
        -1.7265166 , -0.00982821]], dtype=float32), label_ids=array([ 6, 11,  7,  9, 11,  6,  6, 11,  5,  3,  9, 11,  0,  1, 11, 12,  1,
        7,  0, 12,  3,  1,  8,  3,  6,  8,  0,  0, 11,  0, 11,  3,  3,  5,
        2,  8,  9,  1, 11,  1,  5, 12,  0, 12,  1,  2, 12,  0,  5,  7,  3,
       11,  2,  4,  8,  3, 12, 11, 11, 10,  7, 11,  0, 10, 12,  0,  1,  8,
       12,  5, 10,  5,  1,  8,  0, 12,  1,  7, 10, 12,  7,  7,  2,  0,  2,
       10, 11,  0,  6,  0, 10,  9,  5,  5,  0,  9,  1,  2,  8,  9,  0,  2,
        0,  7, 11,  9,  6,  6,  9,  3, 12,  7, 11, 11, 11, 10,  2,  8,  9,
        0,  7,  3, 11, 11, 12,  8,  0,  4, 11,  5,  8, 11,  1,  5, 11,  7,
       11,  0, 11,  0, 11,  6,  0, 11, 11,  8, 11,  1,  8,  6,  5,  0, 11,
        9,  0,  1,  5,  0,  1,  8,  8,  0,  2, 11, 11,  0,  6,  5,  6, 11,
        2,  2,  7,  9, 11,  1, 11,  1,  8,  9,  8,  6,  3,  8, 10,  1,  2,
        0, 11, 11,  3,  8,  6,  2,  4,  1, 11, 11, 11, 11,  0, 11,  2,  1,
        8,  1,  9,  0,  1, 11,  1,  5,  1,  6,  5,  0,  8,  0,  1, 10, 11,
        9,  0, 11, 12,  2,  4,  0, 11,  2, 12,  2, 11,  7,  3,  2,  2,  8,
        3,  0,  2, 11,  8,  8,  9,  3, 11,  6, 11,  0,  3,  2,  8, 10, 12,
       11,  5, 10,  6,  9, 11,  6,  3,  1,  6,  3,  7, 11,  6,  2, 11,  4,
       10,  9,  2,  0, 11,  5,  1, 11,  6, 11,  9, 11,  0,  0,  0, 11, 11,
        0,  1, 11,  1,  0,  3,  1,  6,  1, 11,  3]), metrics={'test_loss': 1.4463379383087158, 'test_accuracy': 0.5566666666666666, 'test_f1': 0.5378924643957282, 'test_precision': 0.5449026088401463, 'test_recall': 0.5566666666666666, 'test_runtime': 1.4253, 'test_samples_per_second': 210.479, 'test_steps_per_second': 13.33})
