/cluster/raid/home/zhivar.sourati/logical-fallacy-identification/AMR_parsers_and_graphs
Thu Sep 22 00:05:10 2022       
+-----------------------------------------------------------------------------+
| NVIDIA-SMI 460.32.03    Driver Version: 460.32.03    CUDA Version: 11.2     |
|-------------------------------+----------------------+----------------------+
| GPU  Name        Persistence-M| Bus-Id        Disp.A | Volatile Uncorr. ECC |
| Fan  Temp  Perf  Pwr:Usage/Cap|         Memory-Usage | GPU-Util  Compute M. |
|                               |                      |               MIG M. |
|===============================+======================+======================|
|   0  A100-PCIE-40GB      Off  | 00000000:2A:00.0 Off |                    0 |
| N/A   39C    P0    38W / 250W |      0MiB / 40536MiB |      0%      Default |
|                               |                      |             Disabled |
+-------------------------------+----------------------+----------------------+
                                                                               
+-----------------------------------------------------------------------------+
| Processes:                                                                  |
|  GPU   GI   CI        PID   Type   Process name                  GPU Memory |
|        ID   ID                                                   Usage      |
|=============================================================================|
|  No running processes found                                                 |
+-----------------------------------------------------------------------------+
0
using GPU
Model loaded!
Start the training ...
{'loss': 2.5428, 'learning_rate': 9.56896551724138e-06, 'epoch': 0.43}
{'eval_loss': 2.4254167079925537, 'eval_accuracy': 0.20333333333333334, 'eval_f1': 0.06871652816251154, 'eval_precision': 0.04134444444444445, 'eval_recall': 0.20333333333333334, 'eval_runtime': 0.6801, 'eval_samples_per_second': 441.109, 'eval_steps_per_second': 27.937, 'epoch': 0.43}
{'loss': 2.4986, 'learning_rate': 9.13793103448276e-06, 'epoch': 0.86}
{'eval_loss': 2.4184937477111816, 'eval_accuracy': 0.20333333333333334, 'eval_f1': 0.06871652816251154, 'eval_precision': 0.04134444444444445, 'eval_recall': 0.20333333333333334, 'eval_runtime': 0.6732, 'eval_samples_per_second': 445.617, 'eval_steps_per_second': 28.222, 'epoch': 0.86}
{'loss': 2.4574, 'learning_rate': 8.706896551724138e-06, 'epoch': 1.29}
{'eval_loss': 2.3791756629943848, 'eval_accuracy': 0.25, 'eval_f1': 0.12815887094524867, 'eval_precision': 0.09869693317262622, 'eval_recall': 0.25, 'eval_runtime': 0.679, 'eval_samples_per_second': 441.834, 'eval_steps_per_second': 27.983, 'epoch': 1.29}
{'loss': 2.4791, 'learning_rate': 8.275862068965518e-06, 'epoch': 1.72}
{'eval_loss': 2.3741953372955322, 'eval_accuracy': 0.22, 'eval_f1': 0.09714015151515154, 'eval_precision': 0.10928980526918672, 'eval_recall': 0.22, 'eval_runtime': 0.6792, 'eval_samples_per_second': 441.703, 'eval_steps_per_second': 27.975, 'epoch': 1.72}
{'loss': 2.4657, 'learning_rate': 7.844827586206897e-06, 'epoch': 2.16}
{'eval_loss': 2.3250155448913574, 'eval_accuracy': 0.23666666666666666, 'eval_f1': 0.1210792741165234, 'eval_precision': 0.1430671296296296, 'eval_recall': 0.23666666666666666, 'eval_runtime': 0.6762, 'eval_samples_per_second': 443.655, 'eval_steps_per_second': 28.098, 'epoch': 2.16}
{'loss': 2.3525, 'learning_rate': 7.413793103448277e-06, 'epoch': 2.59}
{'eval_loss': 2.1161155700683594, 'eval_accuracy': 0.37333333333333335, 'eval_f1': 0.2842655035309477, 'eval_precision': 0.2707104571299974, 'eval_recall': 0.37333333333333335, 'eval_runtime': 0.6806, 'eval_samples_per_second': 440.818, 'eval_steps_per_second': 27.918, 'epoch': 2.59}
{'loss': 2.1756, 'learning_rate': 6.982758620689656e-06, 'epoch': 3.02}
{'eval_loss': 1.8769199848175049, 'eval_accuracy': 0.4666666666666667, 'eval_f1': 0.43935202786979277, 'eval_precision': 0.6187176035012847, 'eval_recall': 0.4666666666666667, 'eval_runtime': 0.6795, 'eval_samples_per_second': 441.479, 'eval_steps_per_second': 27.96, 'epoch': 3.02}
{'loss': 1.9105, 'learning_rate': 6.551724137931035e-06, 'epoch': 3.45}
{'eval_loss': 1.6161118745803833, 'eval_accuracy': 0.52, 'eval_f1': 0.4813988088852768, 'eval_precision': 0.46688886162570375, 'eval_recall': 0.52, 'eval_runtime': 0.6824, 'eval_samples_per_second': 439.624, 'eval_steps_per_second': 27.843, 'epoch': 3.45}
{'loss': 1.7695, 'learning_rate': 6.1206896551724135e-06, 'epoch': 3.88}
{'eval_loss': 1.5490676164627075, 'eval_accuracy': 0.52, 'eval_f1': 0.5088235032232833, 'eval_precision': 0.5608147182567806, 'eval_recall': 0.52, 'eval_runtime': 0.6816, 'eval_samples_per_second': 440.17, 'eval_steps_per_second': 27.877, 'epoch': 3.88}
{'loss': 1.5524, 'learning_rate': 5.689655172413794e-06, 'epoch': 4.31}
{'eval_loss': 1.362272024154663, 'eval_accuracy': 0.57, 'eval_f1': 0.5432717787775542, 'eval_precision': 0.555309190809191, 'eval_recall': 0.57, 'eval_runtime': 0.6835, 'eval_samples_per_second': 438.925, 'eval_steps_per_second': 27.799, 'epoch': 4.31}
{'loss': 1.43, 'learning_rate': 5.258620689655173e-06, 'epoch': 4.74}
{'eval_loss': 1.4432960748672485, 'eval_accuracy': 0.5666666666666667, 'eval_f1': 0.5458557042928369, 'eval_precision': 0.6112374939874938, 'eval_recall': 0.5666666666666667, 'eval_runtime': 0.6779, 'eval_samples_per_second': 442.517, 'eval_steps_per_second': 28.026, 'epoch': 4.74}
{'loss': 1.2673, 'learning_rate': 4.8275862068965525e-06, 'epoch': 5.17}
{'eval_loss': 1.293002724647522, 'eval_accuracy': 0.5933333333333334, 'eval_f1': 0.5732423667415769, 'eval_precision': 0.6055052340214808, 'eval_recall': 0.5933333333333334, 'eval_runtime': 0.6803, 'eval_samples_per_second': 440.969, 'eval_steps_per_second': 27.928, 'epoch': 5.17}
{'loss': 1.1271, 'learning_rate': 4.396551724137931e-06, 'epoch': 5.6}
{'eval_loss': 1.213473916053772, 'eval_accuracy': 0.63, 'eval_f1': 0.6128920509051154, 'eval_precision': 0.6254152274887311, 'eval_recall': 0.63, 'eval_runtime': 0.6829, 'eval_samples_per_second': 439.277, 'eval_steps_per_second': 27.821, 'epoch': 5.6}
{'loss': 1.1106, 'learning_rate': 3.96551724137931e-06, 'epoch': 6.03}
{'eval_loss': 1.1880912780761719, 'eval_accuracy': 0.6433333333333333, 'eval_f1': 0.6320155746242583, 'eval_precision': 0.6444813388079641, 'eval_recall': 0.6433333333333333, 'eval_runtime': 0.6827, 'eval_samples_per_second': 439.406, 'eval_steps_per_second': 27.829, 'epoch': 6.03}
{'loss': 0.9228, 'learning_rate': 3.5344827586206898e-06, 'epoch': 6.47}
{'eval_loss': 1.2035257816314697, 'eval_accuracy': 0.65, 'eval_f1': 0.6376413339695346, 'eval_precision': 0.6526268263988628, 'eval_recall': 0.65, 'eval_runtime': 0.6838, 'eval_samples_per_second': 438.732, 'eval_steps_per_second': 27.786, 'epoch': 6.47}
{'loss': 0.9315, 'learning_rate': 3.103448275862069e-06, 'epoch': 6.9}
{'eval_loss': 1.2128701210021973, 'eval_accuracy': 0.6733333333333333, 'eval_f1': 0.6687258102222379, 'eval_precision': 0.6922671593785842, 'eval_recall': 0.6733333333333333, 'eval_runtime': 0.6852, 'eval_samples_per_second': 437.85, 'eval_steps_per_second': 27.731, 'epoch': 6.9}
{'loss': 0.8245, 'learning_rate': 2.672413793103448e-06, 'epoch': 7.33}
{'eval_loss': 1.168174386024475, 'eval_accuracy': 0.6733333333333333, 'eval_f1': 0.6614082652262134, 'eval_precision': 0.6740070554353764, 'eval_recall': 0.6733333333333333, 'eval_runtime': 0.6862, 'eval_samples_per_second': 437.181, 'eval_steps_per_second': 27.688, 'epoch': 7.33}
{'loss': 0.7768, 'learning_rate': 2.241379310344828e-06, 'epoch': 7.76}
{'eval_loss': 1.2015966176986694, 'eval_accuracy': 0.6766666666666666, 'eval_f1': 0.6659747568592445, 'eval_precision': 0.6923604164304403, 'eval_recall': 0.6766666666666666, 'eval_runtime': 0.6844, 'eval_samples_per_second': 438.34, 'eval_steps_per_second': 27.762, 'epoch': 7.76}
{'loss': 0.7715, 'learning_rate': 1.810344827586207e-06, 'epoch': 8.19}
{'eval_loss': 1.1637247800827026, 'eval_accuracy': 0.7, 'eval_f1': 0.6926597155054207, 'eval_precision': 0.7072235993617068, 'eval_recall': 0.7, 'eval_runtime': 0.6865, 'eval_samples_per_second': 436.979, 'eval_steps_per_second': 27.675, 'epoch': 8.19}
{'loss': 0.6869, 'learning_rate': 1.3793103448275862e-06, 'epoch': 8.62}
{'eval_loss': 1.193869948387146, 'eval_accuracy': 0.7, 'eval_f1': 0.6933215205961594, 'eval_precision': 0.7104887603126026, 'eval_recall': 0.7, 'eval_runtime': 0.689, 'eval_samples_per_second': 435.443, 'eval_steps_per_second': 27.578, 'epoch': 8.62}
{'loss': 0.6824, 'learning_rate': 9.482758620689655e-07, 'epoch': 9.05}
{'eval_loss': 1.1633237600326538, 'eval_accuracy': 0.7, 'eval_f1': 0.6920300331532206, 'eval_precision': 0.7041490872388706, 'eval_recall': 0.7, 'eval_runtime': 0.6757, 'eval_samples_per_second': 444.011, 'eval_steps_per_second': 28.121, 'epoch': 9.05}
{'loss': 0.6251, 'learning_rate': 5.172413793103449e-07, 'epoch': 9.48}
{'eval_loss': 1.1915735006332397, 'eval_accuracy': 0.6966666666666667, 'eval_f1': 0.6901433099275558, 'eval_precision': 0.7004243460613924, 'eval_recall': 0.6966666666666667, 'eval_runtime': 0.6781, 'eval_samples_per_second': 442.386, 'eval_steps_per_second': 28.018, 'epoch': 9.48}
{'loss': 0.6236, 'learning_rate': 8.620689655172414e-08, 'epoch': 9.91}
{'eval_loss': 1.1788626909255981, 'eval_accuracy': 0.7, 'eval_f1': 0.6922153225333448, 'eval_precision': 0.7060837477337478, 'eval_recall': 0.7, 'eval_runtime': 0.6794, 'eval_samples_per_second': 441.56, 'eval_steps_per_second': 27.965, 'epoch': 9.91}
{'train_runtime': 284.7145, 'train_samples_per_second': 64.942, 'train_steps_per_second': 4.074, 'train_loss': 1.4706616257799083, 'epoch': 10.0}
PredictionOutput(predictions=array([[ 3.8144524 , -0.85052776, -1.4695994 , ..., -0.28299403,
         2.094607  ,  0.490275  ],
       [-1.2212769 , -1.1066109 , -0.1393968 , ..., -1.3730242 ,
        -0.11877149,  1.5510997 ],
       [-0.76393443,  0.21863765, -1.4123255 , ..., -1.5338503 ,
        -0.386352  ,  0.42747727],
       ...,
       [-0.4188046 ,  6.3067484 , -1.3798925 , ..., -0.498655  ,
         0.96914697, -0.6763617 ],
       [-1.8122457 , -0.27589273, -0.46611646, ..., -1.0091182 ,
         4.1634893 , -0.9748808 ],
       [-0.10957884, -0.32238418, -0.42030454, ..., -1.3613378 ,
        -0.8102874 ,  0.10402499]], dtype=float32), label_ids=array([ 6, 11,  7,  9, 11,  6,  6, 11,  5,  3,  9, 11,  0,  1, 11, 12,  1,
        7,  0, 12,  3,  1,  8,  3,  6,  8,  0,  0, 11,  0, 11,  3,  3,  5,
        2,  8,  9,  1, 11,  1,  5, 12,  0, 12,  1,  2, 12,  0,  5,  7,  3,
       11,  2,  4,  8,  3, 12, 11, 11, 10,  7, 11,  0, 10, 12,  0,  1,  8,
       12,  5, 10,  5,  1,  8,  0, 12,  1,  7, 10, 12,  7,  7,  2,  0,  2,
       10, 11,  0,  6,  0, 10,  9,  5,  5,  0,  9,  1,  2,  8,  9,  0,  2,
        0,  7, 11,  9,  6,  6,  9,  3, 12,  7, 11, 11, 11, 10,  2,  8,  9,
        0,  7,  3, 11, 11, 12,  8,  0,  4, 11,  5,  8, 11,  1,  5, 11,  7,
       11,  0, 11,  0, 11,  6,  0, 11, 11,  8, 11,  1,  8,  6,  5,  0, 11,
        9,  0,  1,  5,  0,  1,  8,  8,  0,  2, 11, 11,  0,  6,  5,  6, 11,
        2,  2,  7,  9, 11,  1, 11,  1,  8,  9,  8,  6,  3,  8, 10,  1,  2,
        0, 11, 11,  3,  8,  6,  2,  4,  1, 11, 11, 11, 11,  0, 11,  2,  1,
        8,  1,  9,  0,  1, 11,  1,  5,  1,  6,  5,  0,  8,  0,  1, 10, 11,
        9,  0, 11, 12,  2,  4,  0, 11,  2, 12,  2, 11,  7,  3,  2,  2,  8,
        3,  0,  2, 11,  8,  8,  9,  3, 11,  6, 11,  0,  3,  2,  8, 10, 12,
       11,  5, 10,  6,  9, 11,  6,  3,  1,  6,  3,  7, 11,  6,  2, 11,  4,
       10,  9,  2,  0, 11,  5,  1, 11,  6, 11,  9, 11,  0,  0,  0, 11, 11,
        0,  1, 11,  1,  0,  3,  1,  6,  1, 11,  3]), metrics={'test_loss': 1.4191033840179443, 'test_accuracy': 0.59, 'test_f1': 0.5752342246058324, 'test_precision': 0.5835095784423394, 'test_recall': 0.59, 'test_runtime': 0.8932, 'test_samples_per_second': 335.875, 'test_steps_per_second': 21.272})
