/cluster/raid/home/zhivar.sourati/logical-fallacy-identification/AMR_parsers_and_graphs
Tue Sep 27 02:58:22 2022       
+-----------------------------------------------------------------------------+
| NVIDIA-SMI 460.32.03    Driver Version: 460.32.03    CUDA Version: 11.2     |
|-------------------------------+----------------------+----------------------+
| GPU  Name        Persistence-M| Bus-Id        Disp.A | Volatile Uncorr. ECC |
| Fan  Temp  Perf  Pwr:Usage/Cap|         Memory-Usage | GPU-Util  Compute M. |
|                               |                      |               MIG M. |
|===============================+======================+======================|
|   0  A100-PCIE-40GB      Off  | 00000000:27:00.0 Off |                    0 |
| N/A   47C    P0    37W / 250W |      0MiB / 40536MiB |      0%      Default |
|                               |                      |             Disabled |
+-------------------------------+----------------------+----------------------+
                                                                               
+-----------------------------------------------------------------------------+
| Processes:                                                                  |
|  GPU   GI   CI        PID   Type   Process name                  GPU Memory |
|        ID   ID                                                   Usage      |
|=============================================================================|
|  No running processes found                                                 |
+-----------------------------------------------------------------------------+
0
cuda
using GPU
Model loaded!
Start the training ...
{'loss': 2.5184, 'learning_rate': 4.461206896551724e-05, 'epoch': 0.43}
{'eval_loss': 2.4278459548950195, 'eval_accuracy': 0.20333333333333334, 'eval_f1': 0.06871652816251154, 'eval_precision': 0.04134444444444445, 'eval_recall': 0.20333333333333334, 'eval_runtime': 0.5076, 'eval_samples_per_second': 591.033, 'eval_steps_per_second': 37.432, 'epoch': 0.43}
{'loss': 2.5185, 'learning_rate': 3.922413793103448e-05, 'epoch': 0.86}
{'eval_loss': 2.4376847743988037, 'eval_accuracy': 0.20333333333333334, 'eval_f1': 0.06871652816251154, 'eval_precision': 0.04134444444444445, 'eval_recall': 0.20333333333333334, 'eval_runtime': 0.5017, 'eval_samples_per_second': 597.914, 'eval_steps_per_second': 37.868, 'epoch': 0.86}
{'loss': 2.4691, 'learning_rate': 3.383620689655172e-05, 'epoch': 1.29}
{'eval_loss': 2.419893741607666, 'eval_accuracy': 0.20333333333333334, 'eval_f1': 0.06871652816251154, 'eval_precision': 0.04134444444444445, 'eval_recall': 0.20333333333333334, 'eval_runtime': 0.5048, 'eval_samples_per_second': 594.283, 'eval_steps_per_second': 37.638, 'epoch': 1.29}
{'loss': 2.5114, 'learning_rate': 2.844827586206897e-05, 'epoch': 1.72}
{'eval_loss': 2.426408290863037, 'eval_accuracy': 0.20333333333333334, 'eval_f1': 0.06871652816251154, 'eval_precision': 0.04134444444444445, 'eval_recall': 0.20333333333333334, 'eval_runtime': 0.5044, 'eval_samples_per_second': 594.726, 'eval_steps_per_second': 37.666, 'epoch': 1.72}
{'loss': 2.5012, 'learning_rate': 2.306034482758621e-05, 'epoch': 2.16}
{'eval_loss': 2.4386348724365234, 'eval_accuracy': 0.20333333333333334, 'eval_f1': 0.06871652816251154, 'eval_precision': 0.04134444444444445, 'eval_recall': 0.20333333333333334, 'eval_runtime': 0.5075, 'eval_samples_per_second': 591.091, 'eval_steps_per_second': 37.436, 'epoch': 2.16}
{'loss': 2.4862, 'learning_rate': 1.767241379310345e-05, 'epoch': 2.59}
{'eval_loss': 2.4162769317626953, 'eval_accuracy': 0.20333333333333334, 'eval_f1': 0.06871652816251154, 'eval_precision': 0.04134444444444445, 'eval_recall': 0.20333333333333334, 'eval_runtime': 0.5054, 'eval_samples_per_second': 593.637, 'eval_steps_per_second': 37.597, 'epoch': 2.59}
{'loss': 2.5019, 'learning_rate': 1.228448275862069e-05, 'epoch': 3.02}
{'eval_loss': 2.4245784282684326, 'eval_accuracy': 0.20333333333333334, 'eval_f1': 0.06871652816251154, 'eval_precision': 0.04134444444444445, 'eval_recall': 0.20333333333333334, 'eval_runtime': 0.5044, 'eval_samples_per_second': 594.81, 'eval_steps_per_second': 37.671, 'epoch': 3.02}
{'loss': 2.4774, 'learning_rate': 6.896551724137932e-06, 'epoch': 3.45}
{'eval_loss': 2.4191830158233643, 'eval_accuracy': 0.20333333333333334, 'eval_f1': 0.06871652816251154, 'eval_precision': 0.04134444444444445, 'eval_recall': 0.20333333333333334, 'eval_runtime': 0.5059, 'eval_samples_per_second': 593.03, 'eval_steps_per_second': 37.559, 'epoch': 3.45}
{'loss': 2.4922, 'learning_rate': 1.5086206896551726e-06, 'epoch': 3.88}
{'eval_loss': 2.4235265254974365, 'eval_accuracy': 0.20333333333333334, 'eval_f1': 0.06871652816251154, 'eval_precision': 0.04134444444444445, 'eval_recall': 0.20333333333333334, 'eval_runtime': 0.5082, 'eval_samples_per_second': 590.264, 'eval_steps_per_second': 37.383, 'epoch': 3.88}
{'train_runtime': 61.3945, 'train_samples_per_second': 120.467, 'train_steps_per_second': 7.558, 'train_loss': 2.495520567071849, 'epoch': 4.0}
PredictionOutput(predictions=array([[ 0.51376367,  0.18088771, -0.00595359, ..., -0.11025818,
         0.8078106 , -0.17543131],
       [ 0.5137183 ,  0.18060125, -0.00612405, ..., -0.11013519,
         0.80800945, -0.175279  ],
       [ 0.5138508 ,  0.18090774, -0.00602569, ..., -0.11022018,
         0.8078441 , -0.17534111],
       ...,
       [ 0.51376706,  0.18059073, -0.00605973, ..., -0.11006203,
         0.80803466, -0.17530139],
       [ 0.51374894,  0.18069732, -0.0060728 , ..., -0.11001559,
         0.807972  , -0.17533512],
       [ 0.51378465,  0.18076023, -0.00606188, ..., -0.11018722,
         0.8079684 , -0.17533998]], dtype=float32), label_ids=array([ 6, 11,  7,  9, 11,  6,  6, 11,  5,  3,  9, 11,  0,  1, 11, 12,  1,
        7,  0, 12,  3,  1,  8,  3,  6,  8,  0,  0, 11,  0, 11,  3,  3,  5,
        2,  8,  9,  1, 11,  1,  5, 12,  0, 12,  1,  2, 12,  0,  5,  7,  3,
       11,  2,  4,  8,  3, 12, 11, 11, 10,  7, 11,  0, 10, 12,  0,  1,  8,
       12,  5, 10,  5,  1,  8,  0, 12,  1,  7, 10, 12,  7,  7,  2,  0,  2,
       10, 11,  0,  6,  0, 10,  9,  5,  5,  0,  9,  1,  2,  8,  9,  0,  2,
        0,  7, 11,  9,  6,  6,  9,  3, 12,  7, 11, 11, 11, 10,  2,  8,  9,
        0,  7,  3, 11, 11, 12,  8,  0,  4, 11,  5,  8, 11,  1,  5, 11,  7,
       11,  0, 11,  0, 11,  6,  0, 11, 11,  8, 11,  1,  8,  6,  5,  0, 11,
        9,  0,  1,  5,  0,  1,  8,  8,  0,  2, 11, 11,  0,  6,  5,  6, 11,
        2,  2,  7,  9, 11,  1, 11,  1,  8,  9,  8,  6,  3,  8, 10,  1,  2,
        0, 11, 11,  3,  8,  6,  2,  4,  1, 11, 11, 11, 11,  0, 11,  2,  1,
        8,  1,  9,  0,  1, 11,  1,  5,  1,  6,  5,  0,  8,  0,  1, 10, 11,
        9,  0, 11, 12,  2,  4,  0, 11,  2, 12,  2, 11,  7,  3,  2,  2,  8,
        3,  0,  2, 11,  8,  8,  9,  3, 11,  6, 11,  0,  3,  2,  8, 10, 12,
       11,  5, 10,  6,  9, 11,  6,  3,  1,  6,  3,  7, 11,  6,  2, 11,  4,
       10,  9,  2,  0, 11,  5,  1, 11,  6, 11,  9, 11,  0,  0,  0, 11, 11,
        0,  1, 11,  1,  0,  3,  1,  6,  1, 11,  3]), metrics={'test_loss': 2.4367029666900635, 'test_accuracy': 0.20333333333333334, 'test_f1': 0.06871652816251154, 'test_precision': 0.04134444444444445, 'test_recall': 0.20333333333333334, 'test_runtime': 0.6041, 'test_samples_per_second': 496.581, 'test_steps_per_second': 31.45})
