/cluster/raid/home/zhivar.sourati/logical-fallacy-identification/AMR_parsers_and_graphs
Tue Sep 27 09:45:51 2022       
+-----------------------------------------------------------------------------+
| NVIDIA-SMI 460.32.03    Driver Version: 460.32.03    CUDA Version: 11.2     |
|-------------------------------+----------------------+----------------------+
| GPU  Name        Persistence-M| Bus-Id        Disp.A | Volatile Uncorr. ECC |
| Fan  Temp  Perf  Pwr:Usage/Cap|         Memory-Usage | GPU-Util  Compute M. |
|                               |                      |               MIG M. |
|===============================+======================+======================|
|   0  A100-PCIE-40GB      Off  | 00000000:27:00.0 Off |                    0 |
| N/A   32C    P0    33W / 250W |      0MiB / 40536MiB |      0%      Default |
|                               |                      |             Disabled |
+-------------------------------+----------------------+----------------------+
                                                                               
+-----------------------------------------------------------------------------+
| Processes:                                                                  |
|  GPU   GI   CI        PID   Type   Process name                  GPU Memory |
|        ID   ID                                                   Usage      |
|=============================================================================|
|  No running processes found                                                 |
+-----------------------------------------------------------------------------+
0
cuda
using GPU
Model loaded!
Start the training ...
{'loss': 2.5218, 'learning_rate': 0.00047844827586206894, 'epoch': 0.43}
{'eval_loss': 2.4360389709472656, 'eval_accuracy': 0.20333333333333334, 'eval_f1': 0.06871652816251154, 'eval_precision': 0.04134444444444445, 'eval_recall': 0.20333333333333334, 'eval_runtime': 0.132, 'eval_samples_per_second': 2272.207, 'eval_steps_per_second': 143.906, 'epoch': 0.43}
{'loss': 2.5077, 'learning_rate': 0.000456896551724138, 'epoch': 0.86}
{'eval_loss': 2.4361467361450195, 'eval_accuracy': 0.20333333333333334, 'eval_f1': 0.06871652816251154, 'eval_precision': 0.04134444444444445, 'eval_recall': 0.20333333333333334, 'eval_runtime': 0.1251, 'eval_samples_per_second': 2398.916, 'eval_steps_per_second': 151.931, 'epoch': 0.86}
{'loss': 2.4602, 'learning_rate': 0.0004353448275862069, 'epoch': 1.29}
{'eval_loss': 2.4419326782226562, 'eval_accuracy': 0.20333333333333334, 'eval_f1': 0.06871652816251154, 'eval_precision': 0.04134444444444445, 'eval_recall': 0.20333333333333334, 'eval_runtime': 0.1268, 'eval_samples_per_second': 2365.32, 'eval_steps_per_second': 149.804, 'epoch': 1.29}
{'loss': 2.5053, 'learning_rate': 0.00041379310344827585, 'epoch': 1.72}
{'eval_loss': 2.4358606338500977, 'eval_accuracy': 0.20333333333333334, 'eval_f1': 0.06871652816251154, 'eval_precision': 0.04134444444444445, 'eval_recall': 0.20333333333333334, 'eval_runtime': 0.1253, 'eval_samples_per_second': 2393.627, 'eval_steps_per_second': 151.596, 'epoch': 1.72}
{'loss': 2.4997, 'learning_rate': 0.00039224137931034484, 'epoch': 2.16}
{'eval_loss': 2.459230899810791, 'eval_accuracy': 0.20333333333333334, 'eval_f1': 0.06871652816251154, 'eval_precision': 0.04134444444444445, 'eval_recall': 0.20333333333333334, 'eval_runtime': 0.1253, 'eval_samples_per_second': 2394.861, 'eval_steps_per_second': 151.675, 'epoch': 2.16}
{'loss': 2.4843, 'learning_rate': 0.0003706896551724138, 'epoch': 2.59}
{'eval_loss': 2.45965313911438, 'eval_accuracy': 0.20333333333333334, 'eval_f1': 0.06871652816251154, 'eval_precision': 0.04134444444444445, 'eval_recall': 0.20333333333333334, 'eval_runtime': 0.126, 'eval_samples_per_second': 2381.833, 'eval_steps_per_second': 150.849, 'epoch': 2.59}
{'loss': 2.5575, 'learning_rate': 0.00034913793103448276, 'epoch': 3.02}
{'eval_loss': 2.445847511291504, 'eval_accuracy': 0.12, 'eval_f1': 0.02571428571428571, 'eval_precision': 0.014400000000000001, 'eval_recall': 0.12, 'eval_runtime': 0.1253, 'eval_samples_per_second': 2393.827, 'eval_steps_per_second': 151.609, 'epoch': 3.02}
{'loss': 2.4971, 'learning_rate': 0.0003275862068965517, 'epoch': 3.45}
{'eval_loss': 2.4448909759521484, 'eval_accuracy': 0.20333333333333334, 'eval_f1': 0.06871652816251154, 'eval_precision': 0.04134444444444445, 'eval_recall': 0.20333333333333334, 'eval_runtime': 0.1255, 'eval_samples_per_second': 2391.016, 'eval_steps_per_second': 151.431, 'epoch': 3.45}
{'loss': 2.5001, 'learning_rate': 0.0003060344827586207, 'epoch': 3.88}
{'eval_loss': 2.4438602924346924, 'eval_accuracy': 0.20333333333333334, 'eval_f1': 0.06871652816251154, 'eval_precision': 0.04134444444444445, 'eval_recall': 0.20333333333333334, 'eval_runtime': 0.1255, 'eval_samples_per_second': 2390.316, 'eval_steps_per_second': 151.387, 'epoch': 3.88}
{'loss': 2.4916, 'learning_rate': 0.00028448275862068967, 'epoch': 4.31}
{'eval_loss': 2.4386942386627197, 'eval_accuracy': 0.20333333333333334, 'eval_f1': 0.06871652816251154, 'eval_precision': 0.04134444444444445, 'eval_recall': 0.20333333333333334, 'eval_runtime': 0.1256, 'eval_samples_per_second': 2388.624, 'eval_steps_per_second': 151.28, 'epoch': 4.31}
{'loss': 2.4965, 'learning_rate': 0.0002629310344827586, 'epoch': 4.74}
{'eval_loss': 2.430391550064087, 'eval_accuracy': 0.20333333333333334, 'eval_f1': 0.06871652816251154, 'eval_precision': 0.04134444444444445, 'eval_recall': 0.20333333333333334, 'eval_runtime': 0.126, 'eval_samples_per_second': 2381.395, 'eval_steps_per_second': 150.822, 'epoch': 4.74}
{'loss': 2.5075, 'learning_rate': 0.0002413793103448276, 'epoch': 5.17}
{'eval_loss': 2.441284418106079, 'eval_accuracy': 0.20333333333333334, 'eval_f1': 0.06871652816251154, 'eval_precision': 0.04134444444444445, 'eval_recall': 0.20333333333333334, 'eval_runtime': 0.1251, 'eval_samples_per_second': 2397.48, 'eval_steps_per_second': 151.84, 'epoch': 5.17}
{'loss': 2.4583, 'learning_rate': 0.00021982758620689655, 'epoch': 5.6}
{'eval_loss': 2.4218544960021973, 'eval_accuracy': 0.20333333333333334, 'eval_f1': 0.06871652816251154, 'eval_precision': 0.04134444444444445, 'eval_recall': 0.20333333333333334, 'eval_runtime': 0.1252, 'eval_samples_per_second': 2396.832, 'eval_steps_per_second': 151.799, 'epoch': 5.6}
{'loss': 2.4971, 'learning_rate': 0.00019827586206896554, 'epoch': 6.03}
{'eval_loss': 2.422323703765869, 'eval_accuracy': 0.20333333333333334, 'eval_f1': 0.06871652816251154, 'eval_precision': 0.04134444444444445, 'eval_recall': 0.20333333333333334, 'eval_runtime': 0.1253, 'eval_samples_per_second': 2394.014, 'eval_steps_per_second': 151.621, 'epoch': 6.03}
{'loss': 2.4732, 'learning_rate': 0.00017672413793103447, 'epoch': 6.47}
{'eval_loss': 2.416630506515503, 'eval_accuracy': 0.20333333333333334, 'eval_f1': 0.06871652816251154, 'eval_precision': 0.04134444444444445, 'eval_recall': 0.20333333333333334, 'eval_runtime': 0.1251, 'eval_samples_per_second': 2397.375, 'eval_steps_per_second': 151.834, 'epoch': 6.47}
{'loss': 2.4916, 'learning_rate': 0.00015517241379310346, 'epoch': 6.9}
{'eval_loss': 2.4223639965057373, 'eval_accuracy': 0.20333333333333334, 'eval_f1': 0.06871652816251154, 'eval_precision': 0.04134444444444445, 'eval_recall': 0.20333333333333334, 'eval_runtime': 0.1276, 'eval_samples_per_second': 2350.536, 'eval_steps_per_second': 148.867, 'epoch': 6.9}
{'loss': 2.4589, 'learning_rate': 0.00013362068965517242, 'epoch': 7.33}
{'eval_loss': 2.4177815914154053, 'eval_accuracy': 0.20333333333333334, 'eval_f1': 0.06871652816251154, 'eval_precision': 0.04134444444444445, 'eval_recall': 0.20333333333333334, 'eval_runtime': 0.1256, 'eval_samples_per_second': 2388.574, 'eval_steps_per_second': 151.276, 'epoch': 7.33}
{'loss': 2.4824, 'learning_rate': 0.00011206896551724138, 'epoch': 7.76}
{'eval_loss': 2.4261772632598877, 'eval_accuracy': 0.20333333333333334, 'eval_f1': 0.06871652816251154, 'eval_precision': 0.04134444444444445, 'eval_recall': 0.20333333333333334, 'eval_runtime': 0.1248, 'eval_samples_per_second': 2403.58, 'eval_steps_per_second': 152.227, 'epoch': 7.76}
{'loss': 2.4811, 'learning_rate': 9.051724137931035e-05, 'epoch': 8.19}
{'eval_loss': 2.427490711212158, 'eval_accuracy': 0.20333333333333334, 'eval_f1': 0.06871652816251154, 'eval_precision': 0.04134444444444445, 'eval_recall': 0.20333333333333334, 'eval_runtime': 0.1251, 'eval_samples_per_second': 2397.476, 'eval_steps_per_second': 151.84, 'epoch': 8.19}
{'loss': 2.4623, 'learning_rate': 6.896551724137931e-05, 'epoch': 8.62}
{'eval_loss': 2.4228732585906982, 'eval_accuracy': 0.20333333333333334, 'eval_f1': 0.06871652816251154, 'eval_precision': 0.04134444444444445, 'eval_recall': 0.20333333333333334, 'eval_runtime': 0.1252, 'eval_samples_per_second': 2395.828, 'eval_steps_per_second': 151.736, 'epoch': 8.62}
{'loss': 2.4913, 'learning_rate': 4.7413793103448274e-05, 'epoch': 9.05}
{'eval_loss': 2.423544406890869, 'eval_accuracy': 0.20333333333333334, 'eval_f1': 0.06871652816251154, 'eval_precision': 0.04134444444444445, 'eval_recall': 0.20333333333333334, 'eval_runtime': 0.1253, 'eval_samples_per_second': 2393.408, 'eval_steps_per_second': 151.583, 'epoch': 9.05}
{'loss': 2.4892, 'learning_rate': 2.586206896551724e-05, 'epoch': 9.48}
{'eval_loss': 2.4235546588897705, 'eval_accuracy': 0.20333333333333334, 'eval_f1': 0.06871652816251154, 'eval_precision': 0.04134444444444445, 'eval_recall': 0.20333333333333334, 'eval_runtime': 0.1249, 'eval_samples_per_second': 2401.965, 'eval_steps_per_second': 152.124, 'epoch': 9.48}
{'loss': 2.4665, 'learning_rate': 4.310344827586207e-06, 'epoch': 9.91}
{'eval_loss': 2.4221346378326416, 'eval_accuracy': 0.20333333333333334, 'eval_f1': 0.06871652816251154, 'eval_precision': 0.04134444444444445, 'eval_recall': 0.20333333333333334, 'eval_runtime': 0.1251, 'eval_samples_per_second': 2397.681, 'eval_steps_per_second': 151.853, 'epoch': 9.91}
{'train_runtime': 51.0054, 'train_samples_per_second': 362.51, 'train_steps_per_second': 22.743, 'train_loss': 2.490299833231959, 'epoch': 10.0}
PredictionOutput(predictions=array([[ 0.4963009 ,  0.07519449, -0.07363442, ..., -0.3189959 ,
         0.8101    , -0.23560905],
       [ 0.4963009 ,  0.07519449, -0.07363442, ..., -0.3189959 ,
         0.8101    , -0.23560905],
       [ 0.4963279 ,  0.07520629, -0.07362407, ..., -0.31901786,
         0.8101062 , -0.23561198],
       ...,
       [ 0.4962981 ,  0.07519645, -0.07363978, ..., -0.3189863 ,
         0.8100962 , -0.23559725],
       [ 0.49631992,  0.07518984, -0.07367927, ..., -0.3189976 ,
         0.8101215 , -0.23560083],
       [ 0.4962981 ,  0.07519645, -0.07363978, ..., -0.3189863 ,
         0.8100962 , -0.23559725]], dtype=float32), label_ids=array([ 6, 11,  7,  9, 11,  6,  6, 11,  5,  3,  9, 11,  0,  1, 11, 12,  1,
        7,  0, 12,  3,  1,  8,  3,  6,  8,  0,  0, 11,  0, 11,  3,  3,  5,
        2,  8,  9,  1, 11,  1,  5, 12,  0, 12,  1,  2, 12,  0,  5,  7,  3,
       11,  2,  4,  8,  3, 12, 11, 11, 10,  7, 11,  0, 10, 12,  0,  1,  8,
       12,  5, 10,  5,  1,  8,  0, 12,  1,  7, 10, 12,  7,  7,  2,  0,  2,
       10, 11,  0,  6,  0, 10,  9,  5,  5,  0,  9,  1,  2,  8,  9,  0,  2,
        0,  7, 11,  9,  6,  6,  9,  3, 12,  7, 11, 11, 11, 10,  2,  8,  9,
        0,  7,  3, 11, 11, 12,  8,  0,  4, 11,  5,  8, 11,  1,  5, 11,  7,
       11,  0, 11,  0, 11,  6,  0, 11, 11,  8, 11,  1,  8,  6,  5,  0, 11,
        9,  0,  1,  5,  0,  1,  8,  8,  0,  2, 11, 11,  0,  6,  5,  6, 11,
        2,  2,  7,  9, 11,  1, 11,  1,  8,  9,  8,  6,  3,  8, 10,  1,  2,
        0, 11, 11,  3,  8,  6,  2,  4,  1, 11, 11, 11, 11,  0, 11,  2,  1,
        8,  1,  9,  0,  1, 11,  1,  5,  1,  6,  5,  0,  8,  0,  1, 10, 11,
        9,  0, 11, 12,  2,  4,  0, 11,  2, 12,  2, 11,  7,  3,  2,  2,  8,
        3,  0,  2, 11,  8,  8,  9,  3, 11,  6, 11,  0,  3,  2,  8, 10, 12,
       11,  5, 10,  6,  9, 11,  6,  3,  1,  6,  3,  7, 11,  6,  2, 11,  4,
       10,  9,  2,  0, 11,  5,  1, 11,  6, 11,  9, 11,  0,  0,  0, 11, 11,
        0,  1, 11,  1,  0,  3,  1,  6,  1, 11,  3]), metrics={'test_loss': 2.4301140308380127, 'test_accuracy': 0.20333333333333334, 'test_f1': 0.06871652816251154, 'test_precision': 0.04134444444444445, 'test_recall': 0.20333333333333334, 'test_runtime': 0.1394, 'test_samples_per_second': 2152.32, 'test_steps_per_second': 136.314})
