/cluster/raid/home/zhivar.sourati/logical-fallacy-identification/AMR_parsers_and_graphs
Thu Sep 22 01:00:05 2022       
+-----------------------------------------------------------------------------+
| NVIDIA-SMI 460.32.03    Driver Version: 460.32.03    CUDA Version: 11.2     |
|-------------------------------+----------------------+----------------------+
| GPU  Name        Persistence-M| Bus-Id        Disp.A | Volatile Uncorr. ECC |
| Fan  Temp  Perf  Pwr:Usage/Cap|         Memory-Usage | GPU-Util  Compute M. |
|                               |                      |               MIG M. |
|===============================+======================+======================|
|   0  A100-PCIE-40GB      Off  | 00000000:29:00.0 Off |                    0 |
| N/A   26C    P0    32W / 250W |      0MiB / 40536MiB |      0%      Default |
|                               |                      |             Disabled |
+-------------------------------+----------------------+----------------------+
                                                                               
+-----------------------------------------------------------------------------+
| Processes:                                                                  |
|  GPU   GI   CI        PID   Type   Process name                  GPU Memory |
|        ID   ID                                                   Usage      |
|=============================================================================|
|  No running processes found                                                 |
+-----------------------------------------------------------------------------+
0
using GPU
Model loaded!
Start the training ...
{'loss': 2.5714, 'learning_rate': 9.38423645320197e-06, 'epoch': 0.43}
{'eval_loss': 2.50504994392395, 'eval_accuracy': 0.20333333333333334, 'eval_f1': 0.06871652816251154, 'eval_precision': 0.04134444444444445, 'eval_recall': 0.20333333333333334, 'eval_runtime': 0.6762, 'eval_samples_per_second': 443.659, 'eval_steps_per_second': 28.098, 'epoch': 0.43}
{'loss': 2.4987, 'learning_rate': 8.768472906403942e-06, 'epoch': 0.86}
{'eval_loss': 2.3714277744293213, 'eval_accuracy': 0.2, 'eval_f1': 0.09446079743109448, 'eval_precision': 0.06368576104746318, 'eval_recall': 0.2, 'eval_runtime': 0.6688, 'eval_samples_per_second': 448.534, 'eval_steps_per_second': 28.407, 'epoch': 0.86}
{'loss': 2.3392, 'learning_rate': 8.152709359605912e-06, 'epoch': 1.29}
{'eval_loss': 2.0919079780578613, 'eval_accuracy': 0.38333333333333336, 'eval_f1': 0.3252043170756016, 'eval_precision': 0.38787455197132614, 'eval_recall': 0.38333333333333336, 'eval_runtime': 0.6679, 'eval_samples_per_second': 449.141, 'eval_steps_per_second': 28.446, 'epoch': 1.29}
{'loss': 2.0999, 'learning_rate': 7.536945812807882e-06, 'epoch': 1.72}
{'eval_loss': 1.7819651365280151, 'eval_accuracy': 0.49, 'eval_f1': 0.4621535040903462, 'eval_precision': 0.5203853721335788, 'eval_recall': 0.49, 'eval_runtime': 0.6732, 'eval_samples_per_second': 445.603, 'eval_steps_per_second': 28.221, 'epoch': 1.72}
{'loss': 1.8368, 'learning_rate': 6.9211822660098524e-06, 'epoch': 2.16}
{'eval_loss': 1.6139392852783203, 'eval_accuracy': 0.5333333333333333, 'eval_f1': 0.5162663329481647, 'eval_precision': 0.558191986948953, 'eval_recall': 0.5333333333333333, 'eval_runtime': 0.6736, 'eval_samples_per_second': 445.352, 'eval_steps_per_second': 28.206, 'epoch': 2.16}
{'loss': 1.4936, 'learning_rate': 6.305418719211823e-06, 'epoch': 2.59}
{'eval_loss': 1.4754875898361206, 'eval_accuracy': 0.56, 'eval_f1': 0.5452187841237867, 'eval_precision': 0.594031110116519, 'eval_recall': 0.56, 'eval_runtime': 0.6762, 'eval_samples_per_second': 443.668, 'eval_steps_per_second': 28.099, 'epoch': 2.59}
{'loss': 1.4519, 'learning_rate': 5.689655172413794e-06, 'epoch': 3.02}
{'eval_loss': 1.3078727722167969, 'eval_accuracy': 0.6033333333333334, 'eval_f1': 0.5895152108644672, 'eval_precision': 0.6116909385472757, 'eval_recall': 0.6033333333333334, 'eval_runtime': 0.6746, 'eval_samples_per_second': 444.707, 'eval_steps_per_second': 28.165, 'epoch': 3.02}
{'loss': 1.1606, 'learning_rate': 5.073891625615764e-06, 'epoch': 3.45}
{'eval_loss': 1.278484582901001, 'eval_accuracy': 0.62, 'eval_f1': 0.6089636883704668, 'eval_precision': 0.6372626235297396, 'eval_recall': 0.62, 'eval_runtime': 0.6754, 'eval_samples_per_second': 444.192, 'eval_steps_per_second': 28.132, 'epoch': 3.45}
{'loss': 1.1167, 'learning_rate': 4.458128078817734e-06, 'epoch': 3.88}
{'eval_loss': 1.2123548984527588, 'eval_accuracy': 0.6433333333333333, 'eval_f1': 0.6405158418803557, 'eval_precision': 0.6607185262124528, 'eval_recall': 0.6433333333333333, 'eval_runtime': 0.6767, 'eval_samples_per_second': 443.336, 'eval_steps_per_second': 28.078, 'epoch': 3.88}
{'loss': 0.9617, 'learning_rate': 3.842364532019705e-06, 'epoch': 4.31}
{'eval_loss': 1.1075958013534546, 'eval_accuracy': 0.6466666666666666, 'eval_f1': 0.631988624593797, 'eval_precision': 0.6329265873015874, 'eval_recall': 0.6466666666666666, 'eval_runtime': 0.6765, 'eval_samples_per_second': 443.466, 'eval_steps_per_second': 28.086, 'epoch': 4.31}
{'loss': 0.8638, 'learning_rate': 3.226600985221675e-06, 'epoch': 4.74}
{'eval_loss': 1.1426217555999756, 'eval_accuracy': 0.6666666666666666, 'eval_f1': 0.6588607251949701, 'eval_precision': 0.6830846063259857, 'eval_recall': 0.6666666666666666, 'eval_runtime': 0.6713, 'eval_samples_per_second': 446.863, 'eval_steps_per_second': 28.301, 'epoch': 4.74}
{'loss': 0.7596, 'learning_rate': 2.6108374384236458e-06, 'epoch': 5.17}
{'eval_loss': 1.1440491676330566, 'eval_accuracy': 0.6533333333333333, 'eval_f1': 0.6522048400721452, 'eval_precision': 0.6777315586752928, 'eval_recall': 0.6533333333333333, 'eval_runtime': 0.6743, 'eval_samples_per_second': 444.882, 'eval_steps_per_second': 28.176, 'epoch': 5.17}
{'loss': 0.6543, 'learning_rate': 1.995073891625616e-06, 'epoch': 5.6}
{'eval_loss': 1.0898900032043457, 'eval_accuracy': 0.6833333333333333, 'eval_f1': 0.6772429292276936, 'eval_precision': 0.681174492820766, 'eval_recall': 0.6833333333333333, 'eval_runtime': 0.6761, 'eval_samples_per_second': 443.71, 'eval_steps_per_second': 28.102, 'epoch': 5.6}
{'loss': 0.6847, 'learning_rate': 1.3793103448275862e-06, 'epoch': 6.03}
{'eval_loss': 1.097737193107605, 'eval_accuracy': 0.67, 'eval_f1': 0.6628865649916742, 'eval_precision': 0.6671030464671742, 'eval_recall': 0.67, 'eval_runtime': 0.6778, 'eval_samples_per_second': 442.576, 'eval_steps_per_second': 28.03, 'epoch': 6.03}
{'loss': 0.5601, 'learning_rate': 7.635467980295568e-07, 'epoch': 6.47}
{'eval_loss': 1.1000990867614746, 'eval_accuracy': 0.6733333333333333, 'eval_f1': 0.6666631171339749, 'eval_precision': 0.6728752409701001, 'eval_recall': 0.6733333333333333, 'eval_runtime': 0.6751, 'eval_samples_per_second': 444.405, 'eval_steps_per_second': 28.146, 'epoch': 6.47}
{'loss': 0.5689, 'learning_rate': 1.477832512315271e-07, 'epoch': 6.9}
{'eval_loss': 1.1075865030288696, 'eval_accuracy': 0.6866666666666666, 'eval_f1': 0.6822191520380524, 'eval_precision': 0.6891768056893376, 'eval_recall': 0.6866666666666666, 'eval_runtime': 0.6827, 'eval_samples_per_second': 439.408, 'eval_steps_per_second': 27.829, 'epoch': 6.9}
{'train_runtime': 185.808, 'train_samples_per_second': 69.658, 'train_steps_per_second': 4.37, 'train_loss': 1.3392777219781735, 'epoch': 7.0}
PredictionOutput(predictions=array([[ 1.0752852 , -0.65820324, -0.9167037 , ..., -1.0935755 ,
         3.3300772 , -0.20854805],
       [ 1.8224267 , -0.48821446, -0.7876514 , ..., -0.36871132,
        -1.1986523 ,  3.7789729 ],
       [-0.73346615, -0.8237261 , -0.2767808 , ..., -0.25527993,
         1.3492082 ,  0.13948084],
       ...,
       [-0.6576885 ,  5.6879773 , -0.18578748, ...,  0.07043199,
         0.52180934, -0.1947025 ],
       [-1.515905  , -0.7963176 ,  0.6382474 , ..., -0.54900867,
         0.4280829 , -1.1104789 ],
       [-0.39225566,  0.24304616, -0.27832425, ..., -1.462581  ,
        -1.3529781 , -1.2511228 ]], dtype=float32), label_ids=array([ 6, 11,  7,  9, 11,  6,  6, 11,  5,  3,  9, 11,  0,  1, 11, 12,  1,
        7,  0, 12,  3,  1,  8,  3,  6,  8,  0,  0, 11,  0, 11,  3,  3,  5,
        2,  8,  9,  1, 11,  1,  5, 12,  0, 12,  1,  2, 12,  0,  5,  7,  3,
       11,  2,  4,  8,  3, 12, 11, 11, 10,  7, 11,  0, 10, 12,  0,  1,  8,
       12,  5, 10,  5,  1,  8,  0, 12,  1,  7, 10, 12,  7,  7,  2,  0,  2,
       10, 11,  0,  6,  0, 10,  9,  5,  5,  0,  9,  1,  2,  8,  9,  0,  2,
        0,  7, 11,  9,  6,  6,  9,  3, 12,  7, 11, 11, 11, 10,  2,  8,  9,
        0,  7,  3, 11, 11, 12,  8,  0,  4, 11,  5,  8, 11,  1,  5, 11,  7,
       11,  0, 11,  0, 11,  6,  0, 11, 11,  8, 11,  1,  8,  6,  5,  0, 11,
        9,  0,  1,  5,  0,  1,  8,  8,  0,  2, 11, 11,  0,  6,  5,  6, 11,
        2,  2,  7,  9, 11,  1, 11,  1,  8,  9,  8,  6,  3,  8, 10,  1,  2,
        0, 11, 11,  3,  8,  6,  2,  4,  1, 11, 11, 11, 11,  0, 11,  2,  1,
        8,  1,  9,  0,  1, 11,  1,  5,  1,  6,  5,  0,  8,  0,  1, 10, 11,
        9,  0, 11, 12,  2,  4,  0, 11,  2, 12,  2, 11,  7,  3,  2,  2,  8,
        3,  0,  2, 11,  8,  8,  9,  3, 11,  6, 11,  0,  3,  2,  8, 10, 12,
       11,  5, 10,  6,  9, 11,  6,  3,  1,  6,  3,  7, 11,  6,  2, 11,  4,
       10,  9,  2,  0, 11,  5,  1, 11,  6, 11,  9, 11,  0,  0,  0, 11, 11,
        0,  1, 11,  1,  0,  3,  1,  6,  1, 11,  3]), metrics={'test_loss': 1.4364287853240967, 'test_accuracy': 0.61, 'test_f1': 0.6035701548923478, 'test_precision': 0.6070646586013458, 'test_recall': 0.61, 'test_runtime': 0.892, 'test_samples_per_second': 336.338, 'test_steps_per_second': 21.301})
