/cluster/raid/home/zhivar.sourati/logical-fallacy-identification/AMR_parsers_and_graphs
Tue Sep 27 07:44:36 2022       
+-----------------------------------------------------------------------------+
| NVIDIA-SMI 460.32.03    Driver Version: 460.32.03    CUDA Version: 11.2     |
|-------------------------------+----------------------+----------------------+
| GPU  Name        Persistence-M| Bus-Id        Disp.A | Volatile Uncorr. ECC |
| Fan  Temp  Perf  Pwr:Usage/Cap|         Memory-Usage | GPU-Util  Compute M. |
|                               |                      |               MIG M. |
|===============================+======================+======================|
|   0  A100-PCIE-40GB      Off  | 00000000:27:00.0 Off |                    0 |
| N/A   27C    P0    32W / 250W |      0MiB / 40536MiB |      0%      Default |
|                               |                      |             Disabled |
+-------------------------------+----------------------+----------------------+
                                                                               
+-----------------------------------------------------------------------------+
| Processes:                                                                  |
|  GPU   GI   CI        PID   Type   Process name                  GPU Memory |
|        ID   ID                                                   Usage      |
|=============================================================================|
|  No running processes found                                                 |
+-----------------------------------------------------------------------------+
0
Model loaded!
Start the training ...
{'loss': 2.5297, 'learning_rate': 9.38423645320197e-06, 'epoch': 0.43}
{'eval_loss': 2.450068473815918, 'eval_accuracy': 0.20333333333333334, 'eval_f1': 0.06871652816251154, 'eval_precision': 0.04134444444444445, 'eval_recall': 0.20333333333333334, 'eval_runtime': 0.6401, 'eval_samples_per_second': 468.696, 'eval_steps_per_second': 29.684, 'epoch': 0.43}
{'loss': 2.4916, 'learning_rate': 8.768472906403942e-06, 'epoch': 0.86}
{'eval_loss': 2.362973690032959, 'eval_accuracy': 0.2733333333333333, 'eval_f1': 0.14695490817344364, 'eval_precision': 0.1513641456582633, 'eval_recall': 0.2733333333333333, 'eval_runtime': 0.6349, 'eval_samples_per_second': 472.493, 'eval_steps_per_second': 29.925, 'epoch': 0.86}
{'loss': 2.3294, 'learning_rate': 8.152709359605912e-06, 'epoch': 1.29}
{'eval_loss': 2.136863946914673, 'eval_accuracy': 0.3233333333333333, 'eval_f1': 0.2308365962132037, 'eval_precision': 0.33505355375618534, 'eval_recall': 0.3233333333333333, 'eval_runtime': 0.638, 'eval_samples_per_second': 470.248, 'eval_steps_per_second': 29.782, 'epoch': 1.29}
{'loss': 2.1279, 'learning_rate': 7.536945812807882e-06, 'epoch': 1.72}
{'eval_loss': 1.8744860887527466, 'eval_accuracy': 0.43666666666666665, 'eval_f1': 0.3659210350217869, 'eval_precision': 0.38662685453788315, 'eval_recall': 0.43666666666666665, 'eval_runtime': 0.6354, 'eval_samples_per_second': 472.136, 'eval_steps_per_second': 29.902, 'epoch': 1.72}
{'loss': 1.9516, 'learning_rate': 6.9211822660098524e-06, 'epoch': 2.16}
{'eval_loss': 1.7436423301696777, 'eval_accuracy': 0.5033333333333333, 'eval_f1': 0.4978974372376207, 'eval_precision': 0.5604339372186669, 'eval_recall': 0.5033333333333333, 'eval_runtime': 0.6433, 'eval_samples_per_second': 466.357, 'eval_steps_per_second': 29.536, 'epoch': 2.16}
{'loss': 1.5785, 'learning_rate': 6.305418719211823e-06, 'epoch': 2.59}
{'eval_loss': 1.4826182126998901, 'eval_accuracy': 0.56, 'eval_f1': 0.5399531841765361, 'eval_precision': 0.586902782839262, 'eval_recall': 0.56, 'eval_runtime': 0.6398, 'eval_samples_per_second': 468.912, 'eval_steps_per_second': 29.698, 'epoch': 2.59}
{'loss': 1.4572, 'learning_rate': 5.689655172413794e-06, 'epoch': 3.02}
{'eval_loss': 1.3439466953277588, 'eval_accuracy': 0.61, 'eval_f1': 0.5949599207395757, 'eval_precision': 0.604462245623915, 'eval_recall': 0.61, 'eval_runtime': 0.6473, 'eval_samples_per_second': 463.472, 'eval_steps_per_second': 29.353, 'epoch': 3.02}
{'loss': 1.1623, 'learning_rate': 5.073891625615764e-06, 'epoch': 3.45}
{'eval_loss': 1.2878726720809937, 'eval_accuracy': 0.6166666666666667, 'eval_f1': 0.5991570572547509, 'eval_precision': 0.6438352424212501, 'eval_recall': 0.6166666666666667, 'eval_runtime': 0.6393, 'eval_samples_per_second': 469.279, 'eval_steps_per_second': 29.721, 'epoch': 3.45}
{'loss': 1.1055, 'learning_rate': 4.458128078817734e-06, 'epoch': 3.88}
{'eval_loss': 1.214039921760559, 'eval_accuracy': 0.64, 'eval_f1': 0.6330382461790007, 'eval_precision': 0.6698573772093642, 'eval_recall': 0.64, 'eval_runtime': 0.6443, 'eval_samples_per_second': 465.591, 'eval_steps_per_second': 29.487, 'epoch': 3.88}
{'loss': 0.9591, 'learning_rate': 3.842364532019705e-06, 'epoch': 4.31}
{'eval_loss': 1.1463446617126465, 'eval_accuracy': 0.6766666666666666, 'eval_f1': 0.6660487579398454, 'eval_precision': 0.6813050473966171, 'eval_recall': 0.6766666666666666, 'eval_runtime': 0.6417, 'eval_samples_per_second': 467.533, 'eval_steps_per_second': 29.61, 'epoch': 4.31}
{'loss': 0.844, 'learning_rate': 3.226600985221675e-06, 'epoch': 4.74}
{'eval_loss': 1.1875431537628174, 'eval_accuracy': 0.6666666666666666, 'eval_f1': 0.6612621246207542, 'eval_precision': 0.6911350930115636, 'eval_recall': 0.6666666666666666, 'eval_runtime': 0.6402, 'eval_samples_per_second': 468.607, 'eval_steps_per_second': 29.678, 'epoch': 4.74}
{'loss': 0.7568, 'learning_rate': 2.6108374384236458e-06, 'epoch': 5.17}
{'eval_loss': 1.1797560453414917, 'eval_accuracy': 0.6666666666666666, 'eval_f1': 0.663330641011508, 'eval_precision': 0.6910433947263115, 'eval_recall': 0.6666666666666666, 'eval_runtime': 0.6414, 'eval_samples_per_second': 467.734, 'eval_steps_per_second': 29.623, 'epoch': 5.17}
{'loss': 0.6679, 'learning_rate': 1.995073891625616e-06, 'epoch': 5.6}
{'eval_loss': 1.1312114000320435, 'eval_accuracy': 0.6833333333333333, 'eval_f1': 0.6773742760531786, 'eval_precision': 0.6906910764868427, 'eval_recall': 0.6833333333333333, 'eval_runtime': 0.6483, 'eval_samples_per_second': 462.751, 'eval_steps_per_second': 29.308, 'epoch': 5.6}
{'loss': 0.6538, 'learning_rate': 1.3793103448275862e-06, 'epoch': 6.03}
{'eval_loss': 1.122771978378296, 'eval_accuracy': 0.68, 'eval_f1': 0.6723408076745858, 'eval_precision': 0.6800427597483175, 'eval_recall': 0.68, 'eval_runtime': 0.6471, 'eval_samples_per_second': 463.598, 'eval_steps_per_second': 29.361, 'epoch': 6.03}
{'loss': 0.5818, 'learning_rate': 7.635467980295568e-07, 'epoch': 6.47}
{'eval_loss': 1.1273962259292603, 'eval_accuracy': 0.68, 'eval_f1': 0.6750434800532865, 'eval_precision': 0.6819985754985755, 'eval_recall': 0.68, 'eval_runtime': 0.6481, 'eval_samples_per_second': 462.913, 'eval_steps_per_second': 29.318, 'epoch': 6.47}
{'loss': 0.54, 'learning_rate': 1.477832512315271e-07, 'epoch': 6.9}
{'eval_loss': 1.1330010890960693, 'eval_accuracy': 0.6866666666666666, 'eval_f1': 0.6805892228382336, 'eval_precision': 0.6877379119875779, 'eval_recall': 0.6866666666666666, 'eval_runtime': 0.644, 'eval_samples_per_second': 465.814, 'eval_steps_per_second': 29.502, 'epoch': 6.9}
{'train_runtime': 165.5867, 'train_samples_per_second': 78.164, 'train_steps_per_second': 4.904, 'train_loss': 1.3470714192085078, 'epoch': 7.0}
PredictionOutput(predictions=array([[ 1.026467  , -0.39825833, -1.2161074 , ...,  0.02265843,
         3.5753741 ,  0.56877124],
       [-0.1842125 , -0.18717954, -0.8504346 , ..., -0.6318597 ,
         0.57948995,  1.3148454 ],
       [-1.9041783 ,  0.6449909 , -1.265852  , ..., -0.34660563,
         1.078082  ,  0.54608554],
       ...,
       [-0.98346186,  5.5758753 , -1.248615  , ..., -0.3874949 ,
         0.65037316, -0.28951022],
       [-2.3443465 , -0.2628584 , -0.5374675 , ...,  0.04729703,
         2.9284124 ,  0.17625177],
       [-0.4264736 , -0.83537185, -0.4266471 , ..., -1.5154163 ,
        -1.137463  , -0.796289  ]], dtype=float32), label_ids=array([ 6, 11,  7,  9, 11,  6,  6, 11,  5,  3,  9, 11,  0,  1, 11, 12,  1,
        7,  0, 12,  3,  1,  8,  3,  6,  8,  0,  0, 11,  0, 11,  3,  3,  5,
        2,  8,  9,  1, 11,  1,  5, 12,  0, 12,  1,  2, 12,  0,  5,  7,  3,
       11,  2,  4,  8,  3, 12, 11, 11, 10,  7, 11,  0, 10, 12,  0,  1,  8,
       12,  5, 10,  5,  1,  8,  0, 12,  1,  7, 10, 12,  7,  7,  2,  0,  2,
       10, 11,  0,  6,  0, 10,  9,  5,  5,  0,  9,  1,  2,  8,  9,  0,  2,
        0,  7, 11,  9,  6,  6,  9,  3, 12,  7, 11, 11, 11, 10,  2,  8,  9,
        0,  7,  3, 11, 11, 12,  8,  0,  4, 11,  5,  8, 11,  1,  5, 11,  7,
       11,  0, 11,  0, 11,  6,  0, 11, 11,  8, 11,  1,  8,  6,  5,  0, 11,
        9,  0,  1,  5,  0,  1,  8,  8,  0,  2, 11, 11,  0,  6,  5,  6, 11,
        2,  2,  7,  9, 11,  1, 11,  1,  8,  9,  8,  6,  3,  8, 10,  1,  2,
        0, 11, 11,  3,  8,  6,  2,  4,  1, 11, 11, 11, 11,  0, 11,  2,  1,
        8,  1,  9,  0,  1, 11,  1,  5,  1,  6,  5,  0,  8,  0,  1, 10, 11,
        9,  0, 11, 12,  2,  4,  0, 11,  2, 12,  2, 11,  7,  3,  2,  2,  8,
        3,  0,  2, 11,  8,  8,  9,  3, 11,  6, 11,  0,  3,  2,  8, 10, 12,
       11,  5, 10,  6,  9, 11,  6,  3,  1,  6,  3,  7, 11,  6,  2, 11,  4,
       10,  9,  2,  0, 11,  5,  1, 11,  6, 11,  9, 11,  0,  0,  0, 11, 11,
        0,  1, 11,  1,  0,  3,  1,  6,  1, 11,  3]), metrics={'test_loss': 1.2930023670196533, 'test_accuracy': 0.6133333333333333, 'test_f1': 0.6061589218473217, 'test_precision': 0.6213547989082335, 'test_recall': 0.6133333333333333, 'test_runtime': 0.7475, 'test_samples_per_second': 401.363, 'test_steps_per_second': 25.42})
