/cluster/raid/home/zhivar.sourati/logical-fallacy-identification/AMR_parsers_and_graphs
Tue Sep 27 08:20:00 2022       
+-----------------------------------------------------------------------------+
| NVIDIA-SMI 460.32.03    Driver Version: 460.32.03    CUDA Version: 11.2     |
|-------------------------------+----------------------+----------------------+
| GPU  Name        Persistence-M| Bus-Id        Disp.A | Volatile Uncorr. ECC |
| Fan  Temp  Perf  Pwr:Usage/Cap|         Memory-Usage | GPU-Util  Compute M. |
|                               |                      |               MIG M. |
|===============================+======================+======================|
|   0  A100-PCIE-40GB      Off  | 00000000:27:00.0 Off |                    0 |
| N/A   27C    P0    32W / 250W |      0MiB / 40536MiB |      0%      Default |
|                               |                      |             Disabled |
+-------------------------------+----------------------+----------------------+
                                                                               
+-----------------------------------------------------------------------------+
| Processes:                                                                  |
|  GPU   GI   CI        PID   Type   Process name                  GPU Memory |
|        ID   ID                                                   Usage      |
|=============================================================================|
|  No running processes found                                                 |
+-----------------------------------------------------------------------------+
0
Model loaded!
Start the training ...
{'loss': 2.569, 'learning_rate': 9.38423645320197e-06, 'epoch': 0.43}
{'eval_loss': 2.402611494064331, 'eval_accuracy': 0.20333333333333334, 'eval_f1': 0.06871652816251154, 'eval_precision': 0.04134444444444445, 'eval_recall': 0.20333333333333334, 'eval_runtime': 0.6406, 'eval_samples_per_second': 468.292, 'eval_steps_per_second': 29.659, 'epoch': 0.43}
{'loss': 2.4524, 'learning_rate': 8.768472906403942e-06, 'epoch': 0.86}
{'eval_loss': 2.2721736431121826, 'eval_accuracy': 0.30333333333333334, 'eval_f1': 0.18423081908819866, 'eval_precision': 0.13695005659309564, 'eval_recall': 0.30333333333333334, 'eval_runtime': 0.6355, 'eval_samples_per_second': 472.034, 'eval_steps_per_second': 29.895, 'epoch': 0.86}
{'loss': 2.1465, 'learning_rate': 8.152709359605912e-06, 'epoch': 1.29}
{'eval_loss': 1.9278762340545654, 'eval_accuracy': 0.39666666666666667, 'eval_f1': 0.3359136849621146, 'eval_precision': 0.3653183831672204, 'eval_recall': 0.39666666666666667, 'eval_runtime': 0.6423, 'eval_samples_per_second': 467.059, 'eval_steps_per_second': 29.58, 'epoch': 1.29}
{'loss': 1.9315, 'learning_rate': 7.536945812807882e-06, 'epoch': 1.72}
{'eval_loss': 1.6164236068725586, 'eval_accuracy': 0.5133333333333333, 'eval_f1': 0.49048132942774186, 'eval_precision': 0.5482168200826649, 'eval_recall': 0.5133333333333333, 'eval_runtime': 0.6375, 'eval_samples_per_second': 470.611, 'eval_steps_per_second': 29.805, 'epoch': 1.72}
{'loss': 1.6819, 'learning_rate': 6.9211822660098524e-06, 'epoch': 2.16}
{'eval_loss': 1.5105522871017456, 'eval_accuracy': 0.52, 'eval_f1': 0.4999507009574847, 'eval_precision': 0.5648906256238272, 'eval_recall': 0.52, 'eval_runtime': 0.6451, 'eval_samples_per_second': 465.023, 'eval_steps_per_second': 29.451, 'epoch': 2.16}
{'loss': 1.3102, 'learning_rate': 6.305418719211823e-06, 'epoch': 2.59}
{'eval_loss': 1.346284031867981, 'eval_accuracy': 0.5833333333333334, 'eval_f1': 0.5777753254547382, 'eval_precision': 0.6247334538783813, 'eval_recall': 0.5833333333333334, 'eval_runtime': 0.6379, 'eval_samples_per_second': 470.278, 'eval_steps_per_second': 29.784, 'epoch': 2.59}
{'loss': 1.2723, 'learning_rate': 5.689655172413794e-06, 'epoch': 3.02}
{'eval_loss': 1.2250821590423584, 'eval_accuracy': 0.6366666666666667, 'eval_f1': 0.6316816559509513, 'eval_precision': 0.6355061451958004, 'eval_recall': 0.6366666666666667, 'eval_runtime': 0.6435, 'eval_samples_per_second': 466.204, 'eval_steps_per_second': 29.526, 'epoch': 3.02}
{'loss': 0.9637, 'learning_rate': 5.073891625615764e-06, 'epoch': 3.45}
{'eval_loss': 1.2797085046768188, 'eval_accuracy': 0.6233333333333333, 'eval_f1': 0.626320463370883, 'eval_precision': 0.6604685042316405, 'eval_recall': 0.6233333333333333, 'eval_runtime': 0.642, 'eval_samples_per_second': 467.286, 'eval_steps_per_second': 29.595, 'epoch': 3.45}
{'loss': 0.8953, 'learning_rate': 4.458128078817734e-06, 'epoch': 3.88}
{'eval_loss': 1.21909499168396, 'eval_accuracy': 0.65, 'eval_f1': 0.6482379190400535, 'eval_precision': 0.6668442130253792, 'eval_recall': 0.65, 'eval_runtime': 0.6472, 'eval_samples_per_second': 463.514, 'eval_steps_per_second': 29.356, 'epoch': 3.88}
{'loss': 0.7782, 'learning_rate': 3.842364532019705e-06, 'epoch': 4.31}
{'eval_loss': 1.1912941932678223, 'eval_accuracy': 0.6666666666666666, 'eval_f1': 0.6623571423478656, 'eval_precision': 0.6752930558965622, 'eval_recall': 0.6666666666666666, 'eval_runtime': 0.6452, 'eval_samples_per_second': 464.967, 'eval_steps_per_second': 29.448, 'epoch': 4.31}
{'loss': 0.6612, 'learning_rate': 3.226600985221675e-06, 'epoch': 4.74}
{'eval_loss': 1.2571154832839966, 'eval_accuracy': 0.6366666666666667, 'eval_f1': 0.639206457981501, 'eval_precision': 0.6826188794925475, 'eval_recall': 0.6366666666666667, 'eval_runtime': 0.6416, 'eval_samples_per_second': 467.566, 'eval_steps_per_second': 29.613, 'epoch': 4.74}
{'loss': 0.5655, 'learning_rate': 2.6108374384236458e-06, 'epoch': 5.17}
{'eval_loss': 1.2262693643569946, 'eval_accuracy': 0.6633333333333333, 'eval_f1': 0.6632024375100926, 'eval_precision': 0.6865031338693273, 'eval_recall': 0.6633333333333333, 'eval_runtime': 0.6393, 'eval_samples_per_second': 469.236, 'eval_steps_per_second': 29.718, 'epoch': 5.17}
{'loss': 0.4815, 'learning_rate': 1.995073891625616e-06, 'epoch': 5.6}
{'eval_loss': 1.2411093711853027, 'eval_accuracy': 0.6566666666666666, 'eval_f1': 0.6572040827632932, 'eval_precision': 0.6901975238427468, 'eval_recall': 0.6566666666666666, 'eval_runtime': 0.6413, 'eval_samples_per_second': 467.816, 'eval_steps_per_second': 29.628, 'epoch': 5.6}
{'loss': 0.493, 'learning_rate': 1.3793103448275862e-06, 'epoch': 6.03}
{'eval_loss': 1.1887158155441284, 'eval_accuracy': 0.6733333333333333, 'eval_f1': 0.6743989793991112, 'eval_precision': 0.6945601953601953, 'eval_recall': 0.6733333333333333, 'eval_runtime': 0.6406, 'eval_samples_per_second': 468.301, 'eval_steps_per_second': 29.659, 'epoch': 6.03}
{'loss': 0.4012, 'learning_rate': 7.635467980295568e-07, 'epoch': 6.47}
{'eval_loss': 1.2024561166763306, 'eval_accuracy': 0.6733333333333333, 'eval_f1': 0.6734024304947556, 'eval_precision': 0.6953449216501639, 'eval_recall': 0.6733333333333333, 'eval_runtime': 0.6462, 'eval_samples_per_second': 464.232, 'eval_steps_per_second': 29.401, 'epoch': 6.47}
{'loss': 0.3841, 'learning_rate': 1.477832512315271e-07, 'epoch': 6.9}
{'eval_loss': 1.2068328857421875, 'eval_accuracy': 0.6766666666666666, 'eval_f1': 0.6769171999640887, 'eval_precision': 0.6978901703210019, 'eval_recall': 0.6766666666666666, 'eval_runtime': 0.6448, 'eval_samples_per_second': 465.296, 'eval_steps_per_second': 29.469, 'epoch': 6.9}
{'train_runtime': 165.671, 'train_samples_per_second': 78.125, 'train_steps_per_second': 4.901, 'train_loss': 1.1753025559956216, 'epoch': 7.0}
PredictionOutput(predictions=array([[ 1.6052638 ,  0.53375363, -1.6469771 , ..., -0.7949617 ,
         2.8823884 ,  0.02575045],
       [-0.22930758, -0.6218482 , -0.86870766, ..., -0.54136956,
        -0.59403163,  1.4041791 ],
       [-0.80874234, -0.71834123, -0.546999  , ..., -1.093177  ,
         0.03461048, -0.4532941 ],
       ...,
       [-0.52485704,  5.926231  , -0.6048136 , ..., -0.186997  ,
         1.1014388 , -0.4879551 ],
       [-1.8686795 , -0.7943029 ,  0.23464583, ..., -0.7521841 ,
         0.20554437,  0.11104686],
       [-0.28263658, -0.0887569 , -0.8283419 , ..., -1.0378374 ,
        -0.624668  , -0.19649948]], dtype=float32), label_ids=array([ 6, 11,  7,  9, 11,  6,  6, 11,  5,  3,  9, 11,  0,  1, 11, 12,  1,
        7,  0, 12,  3,  1,  8,  3,  6,  8,  0,  0, 11,  0, 11,  3,  3,  5,
        2,  8,  9,  1, 11,  1,  5, 12,  0, 12,  1,  2, 12,  0,  5,  7,  3,
       11,  2,  4,  8,  3, 12, 11, 11, 10,  7, 11,  0, 10, 12,  0,  1,  8,
       12,  5, 10,  5,  1,  8,  0, 12,  1,  7, 10, 12,  7,  7,  2,  0,  2,
       10, 11,  0,  6,  0, 10,  9,  5,  5,  0,  9,  1,  2,  8,  9,  0,  2,
        0,  7, 11,  9,  6,  6,  9,  3, 12,  7, 11, 11, 11, 10,  2,  8,  9,
        0,  7,  3, 11, 11, 12,  8,  0,  4, 11,  5,  8, 11,  1,  5, 11,  7,
       11,  0, 11,  0, 11,  6,  0, 11, 11,  8, 11,  1,  8,  6,  5,  0, 11,
        9,  0,  1,  5,  0,  1,  8,  8,  0,  2, 11, 11,  0,  6,  5,  6, 11,
        2,  2,  7,  9, 11,  1, 11,  1,  8,  9,  8,  6,  3,  8, 10,  1,  2,
        0, 11, 11,  3,  8,  6,  2,  4,  1, 11, 11, 11, 11,  0, 11,  2,  1,
        8,  1,  9,  0,  1, 11,  1,  5,  1,  6,  5,  0,  8,  0,  1, 10, 11,
        9,  0, 11, 12,  2,  4,  0, 11,  2, 12,  2, 11,  7,  3,  2,  2,  8,
        3,  0,  2, 11,  8,  8,  9,  3, 11,  6, 11,  0,  3,  2,  8, 10, 12,
       11,  5, 10,  6,  9, 11,  6,  3,  1,  6,  3,  7, 11,  6,  2, 11,  4,
       10,  9,  2,  0, 11,  5,  1, 11,  6, 11,  9, 11,  0,  0,  0, 11, 11,
        0,  1, 11,  1,  0,  3,  1,  6,  1, 11,  3]), metrics={'test_loss': 1.3634085655212402, 'test_accuracy': 0.6333333333333333, 'test_f1': 0.6242419707539173, 'test_precision': 0.6372288068922413, 'test_recall': 0.6333333333333333, 'test_runtime': 0.7415, 'test_samples_per_second': 404.566, 'test_steps_per_second': 25.622})
cuda
using GPU
Model loaded!
Start the training ...
{'loss': 2.5508, 'learning_rate': 9.38423645320197e-06, 'epoch': 0.43}
{'eval_loss': 2.4793195724487305, 'eval_accuracy': 0.20333333333333334, 'eval_f1': 0.0689074074074074, 'eval_precision': 0.04148272017837235, 'eval_recall': 0.20333333333333334, 'eval_runtime': 0.505, 'eval_samples_per_second': 594.089, 'eval_steps_per_second': 37.626, 'epoch': 0.43}
{'loss': 2.4967, 'learning_rate': 8.768472906403942e-06, 'epoch': 0.86}
{'eval_loss': 2.4009106159210205, 'eval_accuracy': 0.22, 'eval_f1': 0.1161801474169562, 'eval_precision': 0.1569201228878648, 'eval_recall': 0.22, 'eval_runtime': 0.5052, 'eval_samples_per_second': 593.774, 'eval_steps_per_second': 37.606, 'epoch': 0.86}
{'loss': 2.3758, 'learning_rate': 8.152709359605912e-06, 'epoch': 1.29}
{'eval_loss': 2.172142267227173, 'eval_accuracy': 0.35, 'eval_f1': 0.2615007851483956, 'eval_precision': 0.21917511576605606, 'eval_recall': 0.35, 'eval_runtime': 0.5055, 'eval_samples_per_second': 593.493, 'eval_steps_per_second': 37.588, 'epoch': 1.29}
{'loss': 2.2859, 'learning_rate': 7.536945812807882e-06, 'epoch': 1.72}
{'eval_loss': 1.9916315078735352, 'eval_accuracy': 0.4066666666666667, 'eval_f1': 0.3474190016616908, 'eval_precision': 0.35017510686798387, 'eval_recall': 0.4066666666666667, 'eval_runtime': 0.5063, 'eval_samples_per_second': 592.573, 'eval_steps_per_second': 37.53, 'epoch': 1.72}
{'loss': 2.0468, 'learning_rate': 6.9211822660098524e-06, 'epoch': 2.16}
{'eval_loss': 1.7380613088607788, 'eval_accuracy': 0.46, 'eval_f1': 0.43773364881994686, 'eval_precision': 0.5022331840046755, 'eval_recall': 0.46, 'eval_runtime': 0.5068, 'eval_samples_per_second': 591.899, 'eval_steps_per_second': 37.487, 'epoch': 2.16}
{'loss': 1.6698, 'learning_rate': 6.305418719211823e-06, 'epoch': 2.59}
{'eval_loss': 1.5559643507003784, 'eval_accuracy': 0.5366666666666666, 'eval_f1': 0.517146761577412, 'eval_precision': 0.5789663747830693, 'eval_recall': 0.5366666666666666, 'eval_runtime': 0.5079, 'eval_samples_per_second': 590.65, 'eval_steps_per_second': 37.408, 'epoch': 2.59}
{'loss': 1.587, 'learning_rate': 5.689655172413794e-06, 'epoch': 3.02}
{'eval_loss': 1.422038197517395, 'eval_accuracy': 0.5766666666666667, 'eval_f1': 0.5704483888085493, 'eval_precision': 0.6156600124561892, 'eval_recall': 0.5766666666666667, 'eval_runtime': 0.5074, 'eval_samples_per_second': 591.232, 'eval_steps_per_second': 37.445, 'epoch': 3.02}
{'loss': 1.2859, 'learning_rate': 5.073891625615764e-06, 'epoch': 3.45}
{'eval_loss': 1.3602374792099, 'eval_accuracy': 0.5866666666666667, 'eval_f1': 0.5730097326749847, 'eval_precision': 0.6509831771759689, 'eval_recall': 0.5866666666666667, 'eval_runtime': 0.509, 'eval_samples_per_second': 589.396, 'eval_steps_per_second': 37.328, 'epoch': 3.45}
{'loss': 1.2092, 'learning_rate': 4.458128078817734e-06, 'epoch': 3.88}
{'eval_loss': 1.2781084775924683, 'eval_accuracy': 0.6266666666666667, 'eval_f1': 0.6248135604017334, 'eval_precision': 0.6651123869545731, 'eval_recall': 0.6266666666666667, 'eval_runtime': 0.5094, 'eval_samples_per_second': 588.92, 'eval_steps_per_second': 37.298, 'epoch': 3.88}
{'loss': 1.0373, 'learning_rate': 3.842364532019705e-06, 'epoch': 4.31}
{'eval_loss': 1.2231844663619995, 'eval_accuracy': 0.63, 'eval_f1': 0.6196734396095316, 'eval_precision': 0.6369211414393101, 'eval_recall': 0.63, 'eval_runtime': 0.5095, 'eval_samples_per_second': 588.856, 'eval_steps_per_second': 37.294, 'epoch': 4.31}
{'loss': 0.937, 'learning_rate': 3.226600985221675e-06, 'epoch': 4.74}
{'eval_loss': 1.2085533142089844, 'eval_accuracy': 0.6533333333333333, 'eval_f1': 0.6485300206016646, 'eval_precision': 0.6712937983069561, 'eval_recall': 0.6533333333333333, 'eval_runtime': 0.5054, 'eval_samples_per_second': 593.536, 'eval_steps_per_second': 37.591, 'epoch': 4.74}
{'loss': 0.8217, 'learning_rate': 2.6108374384236458e-06, 'epoch': 5.17}
{'eval_loss': 1.244773268699646, 'eval_accuracy': 0.66, 'eval_f1': 0.657286831959303, 'eval_precision': 0.6867425713223402, 'eval_recall': 0.66, 'eval_runtime': 0.5039, 'eval_samples_per_second': 595.361, 'eval_steps_per_second': 37.706, 'epoch': 5.17}
{'loss': 0.7307, 'learning_rate': 1.995073891625616e-06, 'epoch': 5.6}
{'eval_loss': 1.166286826133728, 'eval_accuracy': 0.6766666666666666, 'eval_f1': 0.6742288522470374, 'eval_precision': 0.6858889245130664, 'eval_recall': 0.6766666666666666, 'eval_runtime': 0.5088, 'eval_samples_per_second': 589.666, 'eval_steps_per_second': 37.346, 'epoch': 5.6}
{'loss': 0.6956, 'learning_rate': 1.3793103448275862e-06, 'epoch': 6.03}
{'eval_loss': 1.1445364952087402, 'eval_accuracy': 0.68, 'eval_f1': 0.6771818555852922, 'eval_precision': 0.6866934971754707, 'eval_recall': 0.68, 'eval_runtime': 0.507, 'eval_samples_per_second': 591.755, 'eval_steps_per_second': 37.478, 'epoch': 6.03}
{'loss': 0.6285, 'learning_rate': 7.635467980295568e-07, 'epoch': 6.47}
{'eval_loss': 1.1447340250015259, 'eval_accuracy': 0.6866666666666666, 'eval_f1': 0.6826382760568582, 'eval_precision': 0.6889902099507033, 'eval_recall': 0.6866666666666666, 'eval_runtime': 0.5073, 'eval_samples_per_second': 591.409, 'eval_steps_per_second': 37.456, 'epoch': 6.47}
{'loss': 0.5776, 'learning_rate': 1.477832512315271e-07, 'epoch': 6.9}
{'eval_loss': 1.1422346830368042, 'eval_accuracy': 0.6933333333333334, 'eval_f1': 0.6903839848610542, 'eval_precision': 0.6982631018219252, 'eval_recall': 0.6933333333333334, 'eval_runtime': 0.5078, 'eval_samples_per_second': 590.812, 'eval_steps_per_second': 37.418, 'epoch': 6.9}
{'train_runtime': 148.2255, 'train_samples_per_second': 87.32, 'train_steps_per_second': 5.478, 'train_loss': 1.4221001810628204, 'epoch': 7.0}
PredictionOutput(predictions=array([[ 1.744318  , -0.14012033, -0.7248491 , ..., -0.46880504,
         4.0797195 ,  0.07445894],
       [-0.4239493 , -1.343467  , -1.3987489 , ..., -1.5716152 ,
        -0.8549437 ,  1.8508962 ],
       [-1.4240118 ,  0.06453303, -0.43181628, ..., -1.0830412 ,
        -0.139236  , -0.69399446],
       ...,
       [-2.1025522 ,  5.6093364 , -0.8033089 , ..., -0.19665818,
         1.1810637 , -0.6235108 ],
       [-1.7061933 , -0.35728127,  0.16968426, ..., -1.2313251 ,
         1.7270557 , -0.1403725 ],
       [-0.59182584, -0.27523345, -1.0198238 , ..., -1.4788136 ,
        -1.344113  ,  0.88160634]], dtype=float32), label_ids=array([ 6, 11,  7,  9, 11,  6,  6, 11,  5,  3,  9, 11,  0,  1, 11, 12,  1,
        7,  0, 12,  3,  1,  8,  3,  6,  8,  0,  0, 11,  0, 11,  3,  3,  5,
        2,  8,  9,  1, 11,  1,  5, 12,  0, 12,  1,  2, 12,  0,  5,  7,  3,
       11,  2,  4,  8,  3, 12, 11, 11, 10,  7, 11,  0, 10, 12,  0,  1,  8,
       12,  5, 10,  5,  1,  8,  0, 12,  1,  7, 10, 12,  7,  7,  2,  0,  2,
       10, 11,  0,  6,  0, 10,  9,  5,  5,  0,  9,  1,  2,  8,  9,  0,  2,
        0,  7, 11,  9,  6,  6,  9,  3, 12,  7, 11, 11, 11, 10,  2,  8,  9,
        0,  7,  3, 11, 11, 12,  8,  0,  4, 11,  5,  8, 11,  1,  5, 11,  7,
       11,  0, 11,  0, 11,  6,  0, 11, 11,  8, 11,  1,  8,  6,  5,  0, 11,
        9,  0,  1,  5,  0,  1,  8,  8,  0,  2, 11, 11,  0,  6,  5,  6, 11,
        2,  2,  7,  9, 11,  1, 11,  1,  8,  9,  8,  6,  3,  8, 10,  1,  2,
        0, 11, 11,  3,  8,  6,  2,  4,  1, 11, 11, 11, 11,  0, 11,  2,  1,
        8,  1,  9,  0,  1, 11,  1,  5,  1,  6,  5,  0,  8,  0,  1, 10, 11,
        9,  0, 11, 12,  2,  4,  0, 11,  2, 12,  2, 11,  7,  3,  2,  2,  8,
        3,  0,  2, 11,  8,  8,  9,  3, 11,  6, 11,  0,  3,  2,  8, 10, 12,
       11,  5, 10,  6,  9, 11,  6,  3,  1,  6,  3,  7, 11,  6,  2, 11,  4,
       10,  9,  2,  0, 11,  5,  1, 11,  6, 11,  9, 11,  0,  0,  0, 11, 11,
        0,  1, 11,  1,  0,  3,  1,  6,  1, 11,  3]), metrics={'test_loss': 1.3502575159072876, 'test_accuracy': 0.6166666666666667, 'test_f1': 0.6084943621167034, 'test_precision': 0.6166107085896558, 'test_recall': 0.6166666666666667, 'test_runtime': 0.6041, 'test_samples_per_second': 496.623, 'test_steps_per_second': 31.453})
