/cluster/raid/home/zhivar.sourati/logical-fallacy-identification/AMR_parsers_and_graphs
Tue Sep 27 08:33:03 2022       
+-----------------------------------------------------------------------------+
| NVIDIA-SMI 460.32.03    Driver Version: 460.32.03    CUDA Version: 11.2     |
|-------------------------------+----------------------+----------------------+
| GPU  Name        Persistence-M| Bus-Id        Disp.A | Volatile Uncorr. ECC |
| Fan  Temp  Perf  Pwr:Usage/Cap|         Memory-Usage | GPU-Util  Compute M. |
|                               |                      |               MIG M. |
|===============================+======================+======================|
|   0  A100-PCIE-40GB      Off  | 00000000:28:00.0 Off |                    0 |
| N/A   29C    P0    36W / 250W |      0MiB / 40536MiB |      0%      Default |
|                               |                      |             Disabled |
+-------------------------------+----------------------+----------------------+
                                                                               
+-----------------------------------------------------------------------------+
| Processes:                                                                  |
|  GPU   GI   CI        PID   Type   Process name                  GPU Memory |
|        ID   ID                                                   Usage      |
|=============================================================================|
|  No running processes found                                                 |
+-----------------------------------------------------------------------------+
0
cuda
Model loaded!
Start the training ...
{'loss': 2.6001, 'learning_rate': 4.820402298850575e-06, 'epoch': 0.43}
{'eval_loss': 2.4095687866210938, 'eval_accuracy': 0.19333333333333333, 'eval_f1': 0.08470409249961965, 'eval_precision': 0.056957671957671964, 'eval_recall': 0.19333333333333333, 'eval_runtime': 0.6292, 'eval_samples_per_second': 476.815, 'eval_steps_per_second': 30.198, 'epoch': 0.43}
{'loss': 2.5333, 'learning_rate': 4.6408045977011495e-06, 'epoch': 0.86}
{'eval_loss': 2.4151957035064697, 'eval_accuracy': 0.21, 'eval_f1': 0.12893420309969927, 'eval_precision': 0.11181297285269248, 'eval_recall': 0.21, 'eval_runtime': 0.6283, 'eval_samples_per_second': 477.473, 'eval_steps_per_second': 30.24, 'epoch': 0.86}
{'loss': 2.419, 'learning_rate': 4.461206896551724e-06, 'epoch': 1.29}
{'eval_loss': 2.2938265800476074, 'eval_accuracy': 0.20333333333333334, 'eval_f1': 0.12226702151253051, 'eval_precision': 0.23892065795839382, 'eval_recall': 0.20333333333333334, 'eval_runtime': 0.6845, 'eval_samples_per_second': 438.305, 'eval_steps_per_second': 27.759, 'epoch': 1.29}
{'loss': 2.4192, 'learning_rate': 4.281609195402299e-06, 'epoch': 1.72}
{'eval_loss': 2.2206132411956787, 'eval_accuracy': 0.26666666666666666, 'eval_f1': 0.16801020231322758, 'eval_precision': 0.1832755351294036, 'eval_recall': 0.26666666666666666, 'eval_runtime': 0.7237, 'eval_samples_per_second': 414.557, 'eval_steps_per_second': 26.255, 'epoch': 1.72}
{'loss': 2.3147, 'learning_rate': 4.1020114942528735e-06, 'epoch': 2.16}
{'eval_loss': 2.184690237045288, 'eval_accuracy': 0.2633333333333333, 'eval_f1': 0.17391223668700959, 'eval_precision': 0.23156779798092927, 'eval_recall': 0.2633333333333333, 'eval_runtime': 0.6935, 'eval_samples_per_second': 432.57, 'eval_steps_per_second': 27.396, 'epoch': 2.16}
{'loss': 2.1428, 'learning_rate': 3.9224137931034484e-06, 'epoch': 2.59}
{'eval_loss': 1.933695673942566, 'eval_accuracy': 0.4066666666666667, 'eval_f1': 0.3687792617102775, 'eval_precision': 0.41931360167558374, 'eval_recall': 0.4066666666666667, 'eval_runtime': 0.6375, 'eval_samples_per_second': 470.58, 'eval_steps_per_second': 29.803, 'epoch': 2.59}
{'loss': 1.9905, 'learning_rate': 3.7428160919540234e-06, 'epoch': 3.02}
{'eval_loss': 1.7218245267868042, 'eval_accuracy': 0.47, 'eval_f1': 0.4345457226033397, 'eval_precision': 0.5012980285897114, 'eval_recall': 0.47, 'eval_runtime': 0.6448, 'eval_samples_per_second': 465.275, 'eval_steps_per_second': 29.467, 'epoch': 3.02}
{'loss': 1.7736, 'learning_rate': 3.563218390804598e-06, 'epoch': 3.45}
{'eval_loss': 1.5938035249710083, 'eval_accuracy': 0.5133333333333333, 'eval_f1': 0.480602971566638, 'eval_precision': 0.4741553453526289, 'eval_recall': 0.5133333333333333, 'eval_runtime': 0.6424, 'eval_samples_per_second': 466.965, 'eval_steps_per_second': 29.574, 'epoch': 3.45}
{'loss': 1.6805, 'learning_rate': 3.383620689655173e-06, 'epoch': 3.88}
{'eval_loss': 1.4758591651916504, 'eval_accuracy': 0.57, 'eval_f1': 0.5576884781670531, 'eval_precision': 0.5764499135734847, 'eval_recall': 0.57, 'eval_runtime': 0.6438, 'eval_samples_per_second': 465.948, 'eval_steps_per_second': 29.51, 'epoch': 3.88}
{'loss': 1.513, 'learning_rate': 3.2040229885057474e-06, 'epoch': 4.31}
{'eval_loss': 1.3861961364746094, 'eval_accuracy': 0.56, 'eval_f1': 0.5314448236446985, 'eval_precision': 0.5571370670155837, 'eval_recall': 0.56, 'eval_runtime': 0.6445, 'eval_samples_per_second': 465.482, 'eval_steps_per_second': 29.48, 'epoch': 4.31}
{'loss': 1.3677, 'learning_rate': 3.0244252873563223e-06, 'epoch': 4.74}
{'eval_loss': 1.35423743724823, 'eval_accuracy': 0.5666666666666667, 'eval_f1': 0.5414686055482065, 'eval_precision': 0.603978835978836, 'eval_recall': 0.5666666666666667, 'eval_runtime': 0.6552, 'eval_samples_per_second': 457.902, 'eval_steps_per_second': 29.0, 'epoch': 4.74}
{'loss': 1.2772, 'learning_rate': 2.844827586206897e-06, 'epoch': 5.17}
{'eval_loss': 1.3294426202774048, 'eval_accuracy': 0.6033333333333334, 'eval_f1': 0.5937754297430621, 'eval_precision': 0.6443777636794878, 'eval_recall': 0.6033333333333334, 'eval_runtime': 0.6398, 'eval_samples_per_second': 468.891, 'eval_steps_per_second': 29.696, 'epoch': 5.17}
{'loss': 1.1158, 'learning_rate': 2.6652298850574714e-06, 'epoch': 5.6}
{'eval_loss': 1.2953835725784302, 'eval_accuracy': 0.5933333333333334, 'eval_f1': 0.5882728119949714, 'eval_precision': 0.60980759350986, 'eval_recall': 0.5933333333333334, 'eval_runtime': 0.6438, 'eval_samples_per_second': 465.969, 'eval_steps_per_second': 29.511, 'epoch': 5.6}
{'loss': 1.1484, 'learning_rate': 2.485632183908046e-06, 'epoch': 6.03}
{'eval_loss': 1.2239736318588257, 'eval_accuracy': 0.6133333333333333, 'eval_f1': 0.6008995298915135, 'eval_precision': 0.6218950952429936, 'eval_recall': 0.6133333333333333, 'eval_runtime': 0.6432, 'eval_samples_per_second': 466.435, 'eval_steps_per_second': 29.541, 'epoch': 6.03}
{'loss': 0.9982, 'learning_rate': 2.306034482758621e-06, 'epoch': 6.47}
{'eval_loss': 1.2322204113006592, 'eval_accuracy': 0.62, 'eval_f1': 0.6079720737211425, 'eval_precision': 0.6223660993462935, 'eval_recall': 0.62, 'eval_runtime': 0.6462, 'eval_samples_per_second': 464.222, 'eval_steps_per_second': 29.401, 'epoch': 6.47}
{'loss': 0.9218, 'learning_rate': 2.1264367816091954e-06, 'epoch': 6.9}
{'eval_loss': 1.2105631828308105, 'eval_accuracy': 0.6366666666666667, 'eval_f1': 0.6286234179317491, 'eval_precision': 0.6473304992185223, 'eval_recall': 0.6366666666666667, 'eval_runtime': 0.6459, 'eval_samples_per_second': 464.483, 'eval_steps_per_second': 29.417, 'epoch': 6.9}
{'loss': 0.912, 'learning_rate': 1.9468390804597704e-06, 'epoch': 7.33}
{'eval_loss': 1.2069300413131714, 'eval_accuracy': 0.6466666666666666, 'eval_f1': 0.639636744804169, 'eval_precision': 0.6521142115882054, 'eval_recall': 0.6466666666666666, 'eval_runtime': 0.6447, 'eval_samples_per_second': 465.315, 'eval_steps_per_second': 29.47, 'epoch': 7.33}
{'loss': 0.8131, 'learning_rate': 1.7672413793103449e-06, 'epoch': 7.76}
{'eval_loss': 1.2306182384490967, 'eval_accuracy': 0.6333333333333333, 'eval_f1': 0.6262905655978679, 'eval_precision': 0.6441377719385809, 'eval_recall': 0.6333333333333333, 'eval_runtime': 0.645, 'eval_samples_per_second': 465.138, 'eval_steps_per_second': 29.459, 'epoch': 7.76}
{'loss': 0.8312, 'learning_rate': 1.5876436781609198e-06, 'epoch': 8.19}
{'eval_loss': 1.202070713043213, 'eval_accuracy': 0.6466666666666666, 'eval_f1': 0.6393948318990671, 'eval_precision': 0.6540662065832608, 'eval_recall': 0.6466666666666666, 'eval_runtime': 0.6476, 'eval_samples_per_second': 463.275, 'eval_steps_per_second': 29.341, 'epoch': 8.19}
{'loss': 0.7221, 'learning_rate': 1.4080459770114944e-06, 'epoch': 8.62}
{'eval_loss': 1.1923048496246338, 'eval_accuracy': 0.66, 'eval_f1': 0.6512665958839872, 'eval_precision': 0.6564196837113504, 'eval_recall': 0.66, 'eval_runtime': 0.6452, 'eval_samples_per_second': 465.006, 'eval_steps_per_second': 29.45, 'epoch': 8.62}
{'loss': 0.7398, 'learning_rate': 1.2284482758620691e-06, 'epoch': 9.05}
{'eval_loss': 1.2555495500564575, 'eval_accuracy': 0.63, 'eval_f1': 0.6258183895787881, 'eval_precision': 0.6588674702470432, 'eval_recall': 0.63, 'eval_runtime': 0.6399, 'eval_samples_per_second': 468.797, 'eval_steps_per_second': 29.69, 'epoch': 9.05}
{'loss': 0.6229, 'learning_rate': 1.0488505747126436e-06, 'epoch': 9.48}
{'eval_loss': 1.2195597887039185, 'eval_accuracy': 0.6566666666666666, 'eval_f1': 0.6514593836277808, 'eval_precision': 0.6726421159207702, 'eval_recall': 0.6566666666666666, 'eval_runtime': 0.6408, 'eval_samples_per_second': 468.185, 'eval_steps_per_second': 29.652, 'epoch': 9.48}
{'loss': 0.6626, 'learning_rate': 8.692528735632185e-07, 'epoch': 9.91}
{'eval_loss': 1.209436297416687, 'eval_accuracy': 0.6566666666666666, 'eval_f1': 0.6520505458509195, 'eval_precision': 0.6643697170276116, 'eval_recall': 0.6566666666666666, 'eval_runtime': 0.643, 'eval_samples_per_second': 466.59, 'eval_steps_per_second': 29.551, 'epoch': 9.91}
{'loss': 0.6112, 'learning_rate': 6.896551724137931e-07, 'epoch': 10.34}
{'eval_loss': 1.196353554725647, 'eval_accuracy': 0.6533333333333333, 'eval_f1': 0.6464316399867737, 'eval_precision': 0.6525439313326227, 'eval_recall': 0.6533333333333333, 'eval_runtime': 0.6449, 'eval_samples_per_second': 465.195, 'eval_steps_per_second': 29.462, 'epoch': 10.34}
{'loss': 0.5877, 'learning_rate': 5.100574712643679e-07, 'epoch': 10.78}
{'eval_loss': 1.2072216272354126, 'eval_accuracy': 0.6466666666666666, 'eval_f1': 0.6393410419622471, 'eval_precision': 0.6507213545808598, 'eval_recall': 0.6466666666666666, 'eval_runtime': 0.6423, 'eval_samples_per_second': 467.097, 'eval_steps_per_second': 29.583, 'epoch': 10.78}
{'loss': 0.5938, 'learning_rate': 3.3045977011494255e-07, 'epoch': 11.21}
{'eval_loss': 1.1940085887908936, 'eval_accuracy': 0.6733333333333333, 'eval_f1': 0.6681061145086847, 'eval_precision': 0.6734149304468645, 'eval_recall': 0.6733333333333333, 'eval_runtime': 0.6416, 'eval_samples_per_second': 467.598, 'eval_steps_per_second': 29.615, 'epoch': 11.21}
{'loss': 0.5282, 'learning_rate': 1.5086206896551727e-07, 'epoch': 11.64}
{'eval_loss': 1.1999602317810059, 'eval_accuracy': 0.6566666666666666, 'eval_f1': 0.6501892212512902, 'eval_precision': 0.6600861056155173, 'eval_recall': 0.6566666666666666, 'eval_runtime': 0.647, 'eval_samples_per_second': 463.7, 'eval_steps_per_second': 29.368, 'epoch': 11.64}
{'train_runtime': 298.2303, 'train_samples_per_second': 74.399, 'train_steps_per_second': 4.668, 'train_loss': 1.3041213079430591, 'epoch': 12.0}
PredictionOutput(predictions=array([[ 0.39894262, -0.29059425, -0.8816565 , ..., -0.9421134 ,
         5.056873  , -0.12627794],
       [ 0.76119167, -0.81306493, -0.7153972 , ..., -1.432548  ,
        -1.0542012 ,  1.0764434 ],
       [-1.2787437 ,  1.0097731 , -0.18875617, ..., -0.7971326 ,
         2.603334  , -0.14484067],
       ...,
       [-1.023724  ,  5.8814073 , -0.12434218, ..., -0.48878503,
         2.2129169 , -0.7282614 ],
       [-1.6886923 , -1.1024139 , -0.13357972, ..., -1.7414511 ,
         3.9015658 ,  0.3827707 ],
       [ 0.43125775, -0.5167498 , -0.5007668 , ..., -1.2097683 ,
        -0.9114357 , -0.23112902]], dtype=float32), label_ids=array([ 6, 11,  7,  9, 11,  6,  6, 11,  5,  3,  9, 11,  0,  1, 11, 12,  1,
        7,  0, 12,  3,  1,  8,  3,  6,  8,  0,  0, 11,  0, 11,  3,  3,  5,
        2,  8,  9,  1, 11,  1,  5, 12,  0, 12,  1,  2, 12,  0,  5,  7,  3,
       11,  2,  4,  8,  3, 12, 11, 11, 10,  7, 11,  0, 10, 12,  0,  1,  8,
       12,  5, 10,  5,  1,  8,  0, 12,  1,  7, 10, 12,  7,  7,  2,  0,  2,
       10, 11,  0,  6,  0, 10,  9,  5,  5,  0,  9,  1,  2,  8,  9,  0,  2,
        0,  7, 11,  9,  6,  6,  9,  3, 12,  7, 11, 11, 11, 10,  2,  8,  9,
        0,  7,  3, 11, 11, 12,  8,  0,  4, 11,  5,  8, 11,  1,  5, 11,  7,
       11,  0, 11,  0, 11,  6,  0, 11, 11,  8, 11,  1,  8,  6,  5,  0, 11,
        9,  0,  1,  5,  0,  1,  8,  8,  0,  2, 11, 11,  0,  6,  5,  6, 11,
        2,  2,  7,  9, 11,  1, 11,  1,  8,  9,  8,  6,  3,  8, 10,  1,  2,
        0, 11, 11,  3,  8,  6,  2,  4,  1, 11, 11, 11, 11,  0, 11,  2,  1,
        8,  1,  9,  0,  1, 11,  1,  5,  1,  6,  5,  0,  8,  0,  1, 10, 11,
        9,  0, 11, 12,  2,  4,  0, 11,  2, 12,  2, 11,  7,  3,  2,  2,  8,
        3,  0,  2, 11,  8,  8,  9,  3, 11,  6, 11,  0,  3,  2,  8, 10, 12,
       11,  5, 10,  6,  9, 11,  6,  3,  1,  6,  3,  7, 11,  6,  2, 11,  4,
       10,  9,  2,  0, 11,  5,  1, 11,  6, 11,  9, 11,  0,  0,  0, 11, 11,
        0,  1, 11,  1,  0,  3,  1,  6,  1, 11,  3]), metrics={'test_loss': 1.4425690174102783, 'test_accuracy': 0.6, 'test_f1': 0.5879104920020866, 'test_precision': 0.5947398273977044, 'test_recall': 0.6, 'test_runtime': 0.7607, 'test_samples_per_second': 394.373, 'test_steps_per_second': 24.977})
cuda
using GPU
Model loaded!
Start the training ...
{'loss': 2.5864, 'learning_rate': 4.820402298850575e-06, 'epoch': 0.43}
{'eval_loss': 2.495652437210083, 'eval_accuracy': 0.20666666666666667, 'eval_f1': 0.07519888931938525, 'eval_precision': 0.05804519774011299, 'eval_recall': 0.20666666666666667, 'eval_runtime': 0.5044, 'eval_samples_per_second': 594.738, 'eval_steps_per_second': 37.667, 'epoch': 0.43}
{'loss': 2.5351, 'learning_rate': 4.6408045977011495e-06, 'epoch': 0.86}
{'eval_loss': 2.4295780658721924, 'eval_accuracy': 0.20333333333333334, 'eval_f1': 0.06871652816251154, 'eval_precision': 0.04134444444444445, 'eval_recall': 0.20333333333333334, 'eval_runtime': 0.5014, 'eval_samples_per_second': 598.301, 'eval_steps_per_second': 37.892, 'epoch': 0.86}
{'loss': 2.4514, 'learning_rate': 4.461206896551724e-06, 'epoch': 1.29}
{'eval_loss': 2.3432915210723877, 'eval_accuracy': 0.24, 'eval_f1': 0.1162197802197802, 'eval_precision': 0.0885650623885918, 'eval_recall': 0.24, 'eval_runtime': 0.5052, 'eval_samples_per_second': 593.799, 'eval_steps_per_second': 37.607, 'epoch': 1.29}
{'loss': 2.4359, 'learning_rate': 4.281609195402299e-06, 'epoch': 1.72}
{'eval_loss': 2.2409985065460205, 'eval_accuracy': 0.27666666666666667, 'eval_f1': 0.15902848835880068, 'eval_precision': 0.17562887989203776, 'eval_recall': 0.27666666666666667, 'eval_runtime': 0.5062, 'eval_samples_per_second': 592.697, 'eval_steps_per_second': 37.538, 'epoch': 1.72}
{'loss': 2.3427, 'learning_rate': 4.1020114942528735e-06, 'epoch': 2.16}
{'eval_loss': 2.1297810077667236, 'eval_accuracy': 0.3233333333333333, 'eval_f1': 0.22182126326841362, 'eval_precision': 0.19534961192389586, 'eval_recall': 0.3233333333333333, 'eval_runtime': 0.5084, 'eval_samples_per_second': 590.044, 'eval_steps_per_second': 37.369, 'epoch': 2.16}
{'loss': 2.1738, 'learning_rate': 3.9224137931034484e-06, 'epoch': 2.59}
{'eval_loss': 1.9608241319656372, 'eval_accuracy': 0.38666666666666666, 'eval_f1': 0.3345069440095762, 'eval_precision': 0.40484126984126984, 'eval_recall': 0.38666666666666666, 'eval_runtime': 0.508, 'eval_samples_per_second': 590.541, 'eval_steps_per_second': 37.401, 'epoch': 2.59}
{'loss': 2.0732, 'learning_rate': 3.7428160919540234e-06, 'epoch': 3.02}
{'eval_loss': 1.8134443759918213, 'eval_accuracy': 0.45, 'eval_f1': 0.40953194217697264, 'eval_precision': 0.48989326599326605, 'eval_recall': 0.45, 'eval_runtime': 0.5083, 'eval_samples_per_second': 590.203, 'eval_steps_per_second': 37.38, 'epoch': 3.02}
{'loss': 1.8539, 'learning_rate': 3.563218390804598e-06, 'epoch': 3.45}
{'eval_loss': 1.6743505001068115, 'eval_accuracy': 0.4766666666666667, 'eval_f1': 0.4331253866431384, 'eval_precision': 0.4416569352415383, 'eval_recall': 0.4766666666666667, 'eval_runtime': 0.5113, 'eval_samples_per_second': 586.688, 'eval_steps_per_second': 37.157, 'epoch': 3.45}
{'loss': 1.7491, 'learning_rate': 3.383620689655173e-06, 'epoch': 3.88}
{'eval_loss': 1.5594536066055298, 'eval_accuracy': 0.52, 'eval_f1': 0.4961222730854926, 'eval_precision': 0.5455730340586022, 'eval_recall': 0.52, 'eval_runtime': 0.5105, 'eval_samples_per_second': 587.642, 'eval_steps_per_second': 37.217, 'epoch': 3.88}
{'loss': 1.5727, 'learning_rate': 3.2040229885057474e-06, 'epoch': 4.31}
{'eval_loss': 1.4607901573181152, 'eval_accuracy': 0.5766666666666667, 'eval_f1': 0.5590696094760859, 'eval_precision': 0.5953595525324467, 'eval_recall': 0.5766666666666667, 'eval_runtime': 0.5158, 'eval_samples_per_second': 581.61, 'eval_steps_per_second': 36.835, 'epoch': 4.31}
{'loss': 1.4333, 'learning_rate': 3.0244252873563223e-06, 'epoch': 4.74}
{'eval_loss': 1.4148380756378174, 'eval_accuracy': 0.56, 'eval_f1': 0.5383920370758379, 'eval_precision': 0.5885268122400474, 'eval_recall': 0.56, 'eval_runtime': 0.5063, 'eval_samples_per_second': 592.585, 'eval_steps_per_second': 37.53, 'epoch': 4.74}
{'loss': 1.3001, 'learning_rate': 2.844827586206897e-06, 'epoch': 5.17}
{'eval_loss': 1.401031255722046, 'eval_accuracy': 0.5733333333333334, 'eval_f1': 0.5619592932823367, 'eval_precision': 0.6265201744606778, 'eval_recall': 0.5733333333333334, 'eval_runtime': 0.5053, 'eval_samples_per_second': 593.716, 'eval_steps_per_second': 37.602, 'epoch': 5.17}
{'loss': 1.1756, 'learning_rate': 2.6652298850574714e-06, 'epoch': 5.6}
{'eval_loss': 1.29525887966156, 'eval_accuracy': 0.6033333333333334, 'eval_f1': 0.591522658510714, 'eval_precision': 0.6140617204146616, 'eval_recall': 0.6033333333333334, 'eval_runtime': 0.5062, 'eval_samples_per_second': 592.698, 'eval_steps_per_second': 37.538, 'epoch': 5.6}
{'loss': 1.1799, 'learning_rate': 2.485632183908046e-06, 'epoch': 6.03}
{'eval_loss': 1.2585177421569824, 'eval_accuracy': 0.6033333333333334, 'eval_f1': 0.5953907594321387, 'eval_precision': 0.6255672250454859, 'eval_recall': 0.6033333333333334, 'eval_runtime': 0.5077, 'eval_samples_per_second': 590.92, 'eval_steps_per_second': 37.425, 'epoch': 6.03}
{'loss': 1.0125, 'learning_rate': 2.306034482758621e-06, 'epoch': 6.47}
{'eval_loss': 1.2295092344284058, 'eval_accuracy': 0.63, 'eval_f1': 0.6225487323746551, 'eval_precision': 0.6448163663729701, 'eval_recall': 0.63, 'eval_runtime': 0.5082, 'eval_samples_per_second': 590.289, 'eval_steps_per_second': 37.385, 'epoch': 6.47}
{'loss': 0.9632, 'learning_rate': 2.1264367816091954e-06, 'epoch': 6.9}
{'eval_loss': 1.2428992986679077, 'eval_accuracy': 0.6266666666666667, 'eval_f1': 0.622780763294773, 'eval_precision': 0.6604638208723669, 'eval_recall': 0.6266666666666667, 'eval_runtime': 0.5085, 'eval_samples_per_second': 589.973, 'eval_steps_per_second': 37.365, 'epoch': 6.9}
{'loss': 0.904, 'learning_rate': 1.9468390804597704e-06, 'epoch': 7.33}
{'eval_loss': 1.2038936614990234, 'eval_accuracy': 0.64, 'eval_f1': 0.635637092061806, 'eval_precision': 0.6498097738195945, 'eval_recall': 0.64, 'eval_runtime': 0.5101, 'eval_samples_per_second': 588.148, 'eval_steps_per_second': 37.249, 'epoch': 7.33}
{'loss': 0.8216, 'learning_rate': 1.7672413793103449e-06, 'epoch': 7.76}
{'eval_loss': 1.2333812713623047, 'eval_accuracy': 0.62, 'eval_f1': 0.6155105865529594, 'eval_precision': 0.6454166113571148, 'eval_recall': 0.62, 'eval_runtime': 0.5099, 'eval_samples_per_second': 588.361, 'eval_steps_per_second': 37.263, 'epoch': 7.76}
{'loss': 0.8502, 'learning_rate': 1.5876436781609198e-06, 'epoch': 8.19}
{'eval_loss': 1.1915035247802734, 'eval_accuracy': 0.6566666666666666, 'eval_f1': 0.6515850763492708, 'eval_precision': 0.6614060457767216, 'eval_recall': 0.6566666666666666, 'eval_runtime': 0.511, 'eval_samples_per_second': 587.05, 'eval_steps_per_second': 37.18, 'epoch': 8.19}
{'loss': 0.7468, 'learning_rate': 1.4080459770114944e-06, 'epoch': 8.62}
{'eval_loss': 1.1952691078186035, 'eval_accuracy': 0.6466666666666666, 'eval_f1': 0.6434894461810327, 'eval_precision': 0.6608150376099226, 'eval_recall': 0.6466666666666666, 'eval_runtime': 0.5085, 'eval_samples_per_second': 590.021, 'eval_steps_per_second': 37.368, 'epoch': 8.62}
{'loss': 0.7494, 'learning_rate': 1.2284482758620691e-06, 'epoch': 9.05}
{'eval_loss': 1.2028687000274658, 'eval_accuracy': 0.6333333333333333, 'eval_f1': 0.626056492220574, 'eval_precision': 0.6487933886368715, 'eval_recall': 0.6333333333333333, 'eval_runtime': 0.5037, 'eval_samples_per_second': 595.644, 'eval_steps_per_second': 37.724, 'epoch': 9.05}
{'loss': 0.6299, 'learning_rate': 1.0488505747126436e-06, 'epoch': 9.48}
{'eval_loss': 1.190364122390747, 'eval_accuracy': 0.6466666666666666, 'eval_f1': 0.6431533186434147, 'eval_precision': 0.6553285488240458, 'eval_recall': 0.6466666666666666, 'eval_runtime': 0.5031, 'eval_samples_per_second': 596.349, 'eval_steps_per_second': 37.769, 'epoch': 9.48}
{'loss': 0.6597, 'learning_rate': 8.692528735632185e-07, 'epoch': 9.91}
{'eval_loss': 1.1865438222885132, 'eval_accuracy': 0.66, 'eval_f1': 0.6550381917186694, 'eval_precision': 0.6654758735166187, 'eval_recall': 0.66, 'eval_runtime': 0.5061, 'eval_samples_per_second': 592.822, 'eval_steps_per_second': 37.545, 'epoch': 9.91}
{'loss': 0.6361, 'learning_rate': 6.896551724137931e-07, 'epoch': 10.34}
{'eval_loss': 1.1764307022094727, 'eval_accuracy': 0.66, 'eval_f1': 0.6527225737541028, 'eval_precision': 0.6552760692950715, 'eval_recall': 0.66, 'eval_runtime': 0.5062, 'eval_samples_per_second': 592.678, 'eval_steps_per_second': 37.536, 'epoch': 10.34}
{'loss': 0.5802, 'learning_rate': 5.100574712643679e-07, 'epoch': 10.78}
{'eval_loss': 1.1966780424118042, 'eval_accuracy': 0.66, 'eval_f1': 0.6549230043487769, 'eval_precision': 0.6639596426964847, 'eval_recall': 0.66, 'eval_runtime': 0.5087, 'eval_samples_per_second': 589.786, 'eval_steps_per_second': 37.353, 'epoch': 10.78}
{'loss': 0.5825, 'learning_rate': 3.3045977011494255e-07, 'epoch': 11.21}
{'eval_loss': 1.1785216331481934, 'eval_accuracy': 0.66, 'eval_f1': 0.6561986032874647, 'eval_precision': 0.6631125327001623, 'eval_recall': 0.66, 'eval_runtime': 0.5083, 'eval_samples_per_second': 590.163, 'eval_steps_per_second': 37.377, 'epoch': 11.21}
{'loss': 0.527, 'learning_rate': 1.5086206896551727e-07, 'epoch': 11.64}
{'eval_loss': 1.1954035758972168, 'eval_accuracy': 0.6633333333333333, 'eval_f1': 0.6564779544492698, 'eval_precision': 0.659590282818456, 'eval_recall': 0.6633333333333333, 'eval_runtime': 0.5472, 'eval_samples_per_second': 548.24, 'eval_steps_per_second': 34.722, 'epoch': 11.64}
{'train_runtime': 265.2403, 'train_samples_per_second': 83.652, 'train_steps_per_second': 5.248, 'train_loss': 1.3287831311938407, 'epoch': 12.0}
PredictionOutput(predictions=array([[ 0.37808058,  0.19879562, -2.0662653 , ..., -0.7983631 ,
         2.0150476 ,  0.89335406],
       [ 3.0468202 , -1.2846769 , -0.99628997, ...,  0.1699683 ,
        -1.16649   ,  1.088627  ],
       [-1.4608333 ,  1.4825538 , -0.50899786, ..., -0.97631395,
         1.5399902 , -0.1793321 ],
       ...,
       [-0.6081526 ,  4.6053753 , -1.0115083 , ..., -0.96644044,
         0.6553081 , -0.26508173],
       [-1.8075522 ,  0.7834541 , -0.8872139 , ..., -1.6552554 ,
         3.5084407 ,  0.02134862],
       [-0.8332378 , -0.32336313, -0.4884845 , ..., -0.45718542,
        -1.0062541 ,  0.12856454]], dtype=float32), label_ids=array([ 6, 11,  7,  9, 11,  6,  6, 11,  5,  3,  9, 11,  0,  1, 11, 12,  1,
        7,  0, 12,  3,  1,  8,  3,  6,  8,  0,  0, 11,  0, 11,  3,  3,  5,
        2,  8,  9,  1, 11,  1,  5, 12,  0, 12,  1,  2, 12,  0,  5,  7,  3,
       11,  2,  4,  8,  3, 12, 11, 11, 10,  7, 11,  0, 10, 12,  0,  1,  8,
       12,  5, 10,  5,  1,  8,  0, 12,  1,  7, 10, 12,  7,  7,  2,  0,  2,
       10, 11,  0,  6,  0, 10,  9,  5,  5,  0,  9,  1,  2,  8,  9,  0,  2,
        0,  7, 11,  9,  6,  6,  9,  3, 12,  7, 11, 11, 11, 10,  2,  8,  9,
        0,  7,  3, 11, 11, 12,  8,  0,  4, 11,  5,  8, 11,  1,  5, 11,  7,
       11,  0, 11,  0, 11,  6,  0, 11, 11,  8, 11,  1,  8,  6,  5,  0, 11,
        9,  0,  1,  5,  0,  1,  8,  8,  0,  2, 11, 11,  0,  6,  5,  6, 11,
        2,  2,  7,  9, 11,  1, 11,  1,  8,  9,  8,  6,  3,  8, 10,  1,  2,
        0, 11, 11,  3,  8,  6,  2,  4,  1, 11, 11, 11, 11,  0, 11,  2,  1,
        8,  1,  9,  0,  1, 11,  1,  5,  1,  6,  5,  0,  8,  0,  1, 10, 11,
        9,  0, 11, 12,  2,  4,  0, 11,  2, 12,  2, 11,  7,  3,  2,  2,  8,
        3,  0,  2, 11,  8,  8,  9,  3, 11,  6, 11,  0,  3,  2,  8, 10, 12,
       11,  5, 10,  6,  9, 11,  6,  3,  1,  6,  3,  7, 11,  6,  2, 11,  4,
       10,  9,  2,  0, 11,  5,  1, 11,  6, 11,  9, 11,  0,  0,  0, 11, 11,
        0,  1, 11,  1,  0,  3,  1,  6,  1, 11,  3]), metrics={'test_loss': 1.416550874710083, 'test_accuracy': 0.59, 'test_f1': 0.5771070049057426, 'test_precision': 0.5806501084914398, 'test_recall': 0.59, 'test_runtime': 0.6036, 'test_samples_per_second': 497.045, 'test_steps_per_second': 31.48})
