/cluster/raid/home/zhivar.sourati/logical-fallacy-identification/AMR_parsers_and_graphs
Tue Sep 20 07:41:34 2022       
+-----------------------------------------------------------------------------+
| NVIDIA-SMI 460.32.03    Driver Version: 460.32.03    CUDA Version: 11.2     |
|-------------------------------+----------------------+----------------------+
| GPU  Name        Persistence-M| Bus-Id        Disp.A | Volatile Uncorr. ECC |
| Fan  Temp  Perf  Pwr:Usage/Cap|         Memory-Usage | GPU-Util  Compute M. |
|                               |                      |               MIG M. |
|===============================+======================+======================|
|   0  A100-PCIE-40GB      Off  | 00000000:27:00.0 Off |                    0 |
| N/A   25C    P0    32W / 250W |      0MiB / 40536MiB |      0%      Default |
|                               |                      |             Disabled |
+-------------------------------+----------------------+----------------------+
                                                                               
+-----------------------------------------------------------------------------+
| Processes:                                                                  |
|  GPU   GI   CI        PID   Type   Process name                  GPU Memory |
|        ID   ID                                                   Usage      |
|=============================================================================|
|  No running processes found                                                 |
+-----------------------------------------------------------------------------+
0
Model loaded!
Start the training ...
{'loss': 2.5324, 'learning_rate': 9.461206896551725e-06, 'epoch': 0.43}
{'eval_loss': 2.4517383575439453, 'eval_accuracy': 0.20333333333333334, 'eval_f1': 0.06871652816251154, 'eval_precision': 0.04134444444444445, 'eval_recall': 0.20333333333333334, 'eval_runtime': 0.6442, 'eval_samples_per_second': 465.666, 'eval_steps_per_second': 29.492, 'epoch': 0.43}
{'loss': 2.4871, 'learning_rate': 8.922413793103449e-06, 'epoch': 0.86}
{'eval_loss': 2.4193058013916016, 'eval_accuracy': 0.2, 'eval_f1': 0.06815642458100558, 'eval_precision': 0.04107744107744108, 'eval_recall': 0.2, 'eval_runtime': 0.6362, 'eval_samples_per_second': 471.546, 'eval_steps_per_second': 29.865, 'epoch': 0.86}
{'loss': 2.4464, 'learning_rate': 8.383620689655173e-06, 'epoch': 1.29}
{'eval_loss': 2.361034631729126, 'eval_accuracy': 0.2, 'eval_f1': 0.0910178309522034, 'eval_precision': 0.13069121508335707, 'eval_recall': 0.2, 'eval_runtime': 0.6427, 'eval_samples_per_second': 466.794, 'eval_steps_per_second': 29.564, 'epoch': 1.29}
{'loss': 2.3942, 'learning_rate': 7.844827586206897e-06, 'epoch': 1.72}
{'eval_loss': 2.2015442848205566, 'eval_accuracy': 0.31333333333333335, 'eval_f1': 0.25485878901893666, 'eval_precision': 0.2840652417123005, 'eval_recall': 0.31333333333333335, 'eval_runtime': 0.6361, 'eval_samples_per_second': 471.603, 'eval_steps_per_second': 29.868, 'epoch': 1.72}
{'loss': 2.2302, 'learning_rate': 7.306034482758622e-06, 'epoch': 2.16}
{'eval_loss': 2.096963882446289, 'eval_accuracy': 0.33666666666666667, 'eval_f1': 0.260460739405567, 'eval_precision': 0.23990459637828063, 'eval_recall': 0.33666666666666667, 'eval_runtime': 0.6409, 'eval_samples_per_second': 468.119, 'eval_steps_per_second': 29.648, 'epoch': 2.16}
{'loss': 1.9553, 'learning_rate': 6.767241379310346e-06, 'epoch': 2.59}
{'eval_loss': 1.7133625745773315, 'eval_accuracy': 0.49666666666666665, 'eval_f1': 0.4596547015400931, 'eval_precision': 0.5784188197760828, 'eval_recall': 0.49666666666666665, 'eval_runtime': 0.6407, 'eval_samples_per_second': 468.215, 'eval_steps_per_second': 29.654, 'epoch': 2.59}
{'loss': 1.7566, 'learning_rate': 6.228448275862069e-06, 'epoch': 3.02}
{'eval_loss': 1.5712389945983887, 'eval_accuracy': 0.5433333333333333, 'eval_f1': 0.5243761982389337, 'eval_precision': 0.5696806055988307, 'eval_recall': 0.5433333333333333, 'eval_runtime': 0.6403, 'eval_samples_per_second': 468.558, 'eval_steps_per_second': 29.675, 'epoch': 3.02}
{'loss': 1.4943, 'learning_rate': 5.689655172413794e-06, 'epoch': 3.45}
{'eval_loss': 1.4305652379989624, 'eval_accuracy': 0.5566666666666666, 'eval_f1': 0.5257208376754657, 'eval_precision': 0.5313779091845188, 'eval_recall': 0.5566666666666666, 'eval_runtime': 0.6431, 'eval_samples_per_second': 466.454, 'eval_steps_per_second': 29.542, 'epoch': 3.45}
{'loss': 1.3678, 'learning_rate': 5.150862068965518e-06, 'epoch': 3.88}
{'eval_loss': 1.3004541397094727, 'eval_accuracy': 0.6266666666666667, 'eval_f1': 0.6183501272425359, 'eval_precision': 0.6286661092530658, 'eval_recall': 0.6266666666666667, 'eval_runtime': 0.6404, 'eval_samples_per_second': 468.461, 'eval_steps_per_second': 29.669, 'epoch': 3.88}
{'loss': 1.178, 'learning_rate': 4.612068965517242e-06, 'epoch': 4.31}
{'eval_loss': 1.1917842626571655, 'eval_accuracy': 0.6266666666666667, 'eval_f1': 0.619065230784107, 'eval_precision': 0.6411190571124781, 'eval_recall': 0.6266666666666667, 'eval_runtime': 0.6438, 'eval_samples_per_second': 466.002, 'eval_steps_per_second': 29.513, 'epoch': 4.31}
{'loss': 1.0427, 'learning_rate': 4.073275862068966e-06, 'epoch': 4.74}
{'eval_loss': 1.1641974449157715, 'eval_accuracy': 0.66, 'eval_f1': 0.6540916225083572, 'eval_precision': 0.7012813705042807, 'eval_recall': 0.66, 'eval_runtime': 0.6401, 'eval_samples_per_second': 468.689, 'eval_steps_per_second': 29.684, 'epoch': 4.74}
{'loss': 0.9239, 'learning_rate': 3.5344827586206898e-06, 'epoch': 5.17}
{'eval_loss': 1.1590694189071655, 'eval_accuracy': 0.6566666666666666, 'eval_f1': 0.6557123230214016, 'eval_precision': 0.6895919700698339, 'eval_recall': 0.6566666666666666, 'eval_runtime': 0.6387, 'eval_samples_per_second': 469.721, 'eval_steps_per_second': 29.749, 'epoch': 5.17}
{'loss': 0.7941, 'learning_rate': 2.9956896551724142e-06, 'epoch': 5.6}
{'eval_loss': 1.0999592542648315, 'eval_accuracy': 0.6733333333333333, 'eval_f1': 0.6714103578529914, 'eval_precision': 0.6988929948047594, 'eval_recall': 0.6733333333333333, 'eval_runtime': 0.6402, 'eval_samples_per_second': 468.597, 'eval_steps_per_second': 29.678, 'epoch': 5.6}
{'loss': 0.7851, 'learning_rate': 2.4568965517241382e-06, 'epoch': 6.03}
{'eval_loss': 1.0541003942489624, 'eval_accuracy': 0.69, 'eval_f1': 0.681157019628157, 'eval_precision': 0.6781889710090092, 'eval_recall': 0.69, 'eval_runtime': 0.6402, 'eval_samples_per_second': 468.633, 'eval_steps_per_second': 29.68, 'epoch': 6.03}
{'loss': 0.6511, 'learning_rate': 1.9181034482758622e-06, 'epoch': 6.47}
{'eval_loss': 1.0661166906356812, 'eval_accuracy': 0.6933333333333334, 'eval_f1': 0.6869959778466734, 'eval_precision': 0.6960061134148607, 'eval_recall': 0.6933333333333334, 'eval_runtime': 0.6437, 'eval_samples_per_second': 466.066, 'eval_steps_per_second': 29.518, 'epoch': 6.47}
{'loss': 0.6074, 'learning_rate': 1.3793103448275862e-06, 'epoch': 6.9}
{'eval_loss': 1.0762748718261719, 'eval_accuracy': 0.6866666666666666, 'eval_f1': 0.684898750024744, 'eval_precision': 0.6997799080047141, 'eval_recall': 0.6866666666666666, 'eval_runtime': 0.6452, 'eval_samples_per_second': 464.972, 'eval_steps_per_second': 29.448, 'epoch': 6.9}
{'loss': 0.5679, 'learning_rate': 8.405172413793105e-07, 'epoch': 7.33}
{'eval_loss': 1.0229265689849854, 'eval_accuracy': 0.6933333333333334, 'eval_f1': 0.6859393253523495, 'eval_precision': 0.6913293470973171, 'eval_recall': 0.6933333333333334, 'eval_runtime': 0.6425, 'eval_samples_per_second': 466.931, 'eval_steps_per_second': 29.572, 'epoch': 7.33}
{'loss': 0.5336, 'learning_rate': 3.0172413793103453e-07, 'epoch': 7.76}
{'eval_loss': 1.0594173669815063, 'eval_accuracy': 0.7, 'eval_f1': 0.6986071643762528, 'eval_precision': 0.7136483294800309, 'eval_recall': 0.7, 'eval_runtime': 0.6461, 'eval_samples_per_second': 464.355, 'eval_steps_per_second': 29.409, 'epoch': 7.76}
{'train_runtime': 183.5391, 'train_samples_per_second': 80.593, 'train_steps_per_second': 5.056, 'train_loss': 1.4051654893776466, 'epoch': 8.0}
PredictionOutput(predictions=array([[ 1.2822639 , -0.55358654, -0.98144054, ..., -0.45850632,
         3.2900686 , -0.25114778],
       [-0.3240035 , -1.3811532 , -0.12675686, ..., -1.0437486 ,
         0.7334473 ,  0.5381355 ],
       [-2.2961824 , -0.07108802, -1.175124  , ..., -1.2793311 ,
         0.7940111 ,  0.44660655],
       ...,
       [-1.3855081 ,  6.0045013 , -0.28994933, ..., -0.12453037,
         1.8266432 , -0.6914296 ],
       [-1.3772414 , -1.636451  , -0.06704293, ..., -0.9324401 ,
         2.765709  ,  0.20702922],
       [-0.18850558,  0.22583663, -1.3882449 , ..., -1.7914574 ,
        -0.76346654, -0.30282554]], dtype=float32), label_ids=array([ 6, 11,  7,  9, 11,  6,  6, 11,  5,  3,  9, 11,  0,  1, 11, 12,  1,
        7,  0, 12,  3,  1,  8,  3,  6,  8,  0,  0, 11,  0, 11,  3,  3,  5,
        2,  8,  9,  1, 11,  1,  5, 12,  0, 12,  1,  2, 12,  0,  5,  7,  3,
       11,  2,  4,  8,  3, 12, 11, 11, 10,  7, 11,  0, 10, 12,  0,  1,  8,
       12,  5, 10,  5,  1,  8,  0, 12,  1,  7, 10, 12,  7,  7,  2,  0,  2,
       10, 11,  0,  6,  0, 10,  9,  5,  5,  0,  9,  1,  2,  8,  9,  0,  2,
        0,  7, 11,  9,  6,  6,  9,  3, 12,  7, 11, 11, 11, 10,  2,  8,  9,
        0,  7,  3, 11, 11, 12,  8,  0,  4, 11,  5,  8, 11,  1,  5, 11,  7,
       11,  0, 11,  0, 11,  6,  0, 11, 11,  8, 11,  1,  8,  6,  5,  0, 11,
        9,  0,  1,  5,  0,  1,  8,  8,  0,  2, 11, 11,  0,  6,  5,  6, 11,
        2,  2,  7,  9, 11,  1, 11,  1,  8,  9,  8,  6,  3,  8, 10,  1,  2,
        0, 11, 11,  3,  8,  6,  2,  4,  1, 11, 11, 11, 11,  0, 11,  2,  1,
        8,  1,  9,  0,  1, 11,  1,  5,  1,  6,  5,  0,  8,  0,  1, 10, 11,
        9,  0, 11, 12,  2,  4,  0, 11,  2, 12,  2, 11,  7,  3,  2,  2,  8,
        3,  0,  2, 11,  8,  8,  9,  3, 11,  6, 11,  0,  3,  2,  8, 10, 12,
       11,  5, 10,  6,  9, 11,  6,  3,  1,  6,  3,  7, 11,  6,  2, 11,  4,
       10,  9,  2,  0, 11,  5,  1, 11,  6, 11,  9, 11,  0,  0,  0, 11, 11,
        0,  1, 11,  1,  0,  3,  1,  6,  1, 11,  3]), metrics={'test_loss': 1.2851059436798096, 'test_accuracy': 0.6166666666666667, 'test_f1': 0.6033194888256005, 'test_precision': 0.6061447357137759, 'test_recall': 0.6166666666666667, 'test_runtime': 0.7416, 'test_samples_per_second': 404.536, 'test_steps_per_second': 25.621})
