/cluster/raid/home/zhivar.sourati/logical-fallacy-identification/AMR_parsers_and_graphs
Tue Sep 27 09:43:08 2022       
+-----------------------------------------------------------------------------+
| NVIDIA-SMI 460.32.03    Driver Version: 460.32.03    CUDA Version: 11.2     |
|-------------------------------+----------------------+----------------------+
| GPU  Name        Persistence-M| Bus-Id        Disp.A | Volatile Uncorr. ECC |
| Fan  Temp  Perf  Pwr:Usage/Cap|         Memory-Usage | GPU-Util  Compute M. |
|                               |                      |               MIG M. |
|===============================+======================+======================|
|   0  A100-PCIE-40GB      Off  | 00000000:27:00.0 Off |                    0 |
| N/A   29C    P0    33W / 250W |      0MiB / 40536MiB |      0%      Default |
|                               |                      |             Disabled |
+-------------------------------+----------------------+----------------------+
                                                                               
+-----------------------------------------------------------------------------+
| Processes:                                                                  |
|  GPU   GI   CI        PID   Type   Process name                  GPU Memory |
|        ID   ID                                                   Usage      |
|=============================================================================|
|  No running processes found                                                 |
+-----------------------------------------------------------------------------+
0
cuda
using GPU
Model loaded!
Start the training ...
{'loss': 2.4853, 'learning_rate': 4.78448275862069e-05, 'epoch': 0.43}
{'eval_loss': 2.3353166580200195, 'eval_accuracy': 0.20333333333333334, 'eval_f1': 0.06871652816251154, 'eval_precision': 0.04134444444444445, 'eval_recall': 0.20333333333333334, 'eval_runtime': 0.1311, 'eval_samples_per_second': 2288.139, 'eval_steps_per_second': 144.915, 'epoch': 0.43}
{'loss': 2.3809, 'learning_rate': 4.5689655172413794e-05, 'epoch': 0.86}
{'eval_loss': 2.141111135482788, 'eval_accuracy': 0.3233333333333333, 'eval_f1': 0.24386983306465618, 'eval_precision': 0.2714332606222019, 'eval_recall': 0.3233333333333333, 'eval_runtime': 0.1248, 'eval_samples_per_second': 2403.929, 'eval_steps_per_second': 152.249, 'epoch': 0.86}
{'loss': 2.0629, 'learning_rate': 4.353448275862069e-05, 'epoch': 1.29}
{'eval_loss': 1.889065146446228, 'eval_accuracy': 0.42333333333333334, 'eval_f1': 0.38070655883298354, 'eval_precision': 0.4782016573629477, 'eval_recall': 0.42333333333333334, 'eval_runtime': 0.1254, 'eval_samples_per_second': 2392.189, 'eval_steps_per_second': 151.505, 'epoch': 1.29}
{'loss': 1.9104, 'learning_rate': 4.1379310344827587e-05, 'epoch': 1.72}
{'eval_loss': 1.7455928325653076, 'eval_accuracy': 0.4533333333333333, 'eval_f1': 0.4161117949893728, 'eval_precision': 0.4455432275171332, 'eval_recall': 0.4533333333333333, 'eval_runtime': 0.1245, 'eval_samples_per_second': 2409.121, 'eval_steps_per_second': 152.578, 'epoch': 1.72}
{'loss': 1.7068, 'learning_rate': 3.922413793103448e-05, 'epoch': 2.16}
{'eval_loss': 1.6100754737854004, 'eval_accuracy': 0.5033333333333333, 'eval_f1': 0.4819444540870245, 'eval_precision': 0.4908206213886521, 'eval_recall': 0.5033333333333333, 'eval_runtime': 0.1246, 'eval_samples_per_second': 2408.453, 'eval_steps_per_second': 152.535, 'epoch': 2.16}
{'loss': 1.3129, 'learning_rate': 3.7068965517241385e-05, 'epoch': 2.59}
{'eval_loss': 1.4933679103851318, 'eval_accuracy': 0.54, 'eval_f1': 0.5180871062545481, 'eval_precision': 0.5317960773403811, 'eval_recall': 0.54, 'eval_runtime': 0.1263, 'eval_samples_per_second': 2375.694, 'eval_steps_per_second': 150.461, 'epoch': 2.59}
{'loss': 1.2818, 'learning_rate': 3.4913793103448275e-05, 'epoch': 3.02}
{'eval_loss': 1.4397183656692505, 'eval_accuracy': 0.59, 'eval_f1': 0.5818086130340555, 'eval_precision': 0.5942780715732906, 'eval_recall': 0.59, 'eval_runtime': 0.1242, 'eval_samples_per_second': 2415.48, 'eval_steps_per_second': 152.98, 'epoch': 3.02}
{'loss': 0.9298, 'learning_rate': 3.275862068965517e-05, 'epoch': 3.45}
{'eval_loss': 1.4199575185775757, 'eval_accuracy': 0.5766666666666667, 'eval_f1': 0.5659736408783677, 'eval_precision': 0.5767641462359094, 'eval_recall': 0.5766666666666667, 'eval_runtime': 0.1243, 'eval_samples_per_second': 2413.298, 'eval_steps_per_second': 152.842, 'epoch': 3.45}
{'loss': 0.8874, 'learning_rate': 3.060344827586207e-05, 'epoch': 3.88}
{'eval_loss': 1.4079936742782593, 'eval_accuracy': 0.6, 'eval_f1': 0.598037521417697, 'eval_precision': 0.6109391140260705, 'eval_recall': 0.6, 'eval_runtime': 0.1243, 'eval_samples_per_second': 2414.437, 'eval_steps_per_second': 152.914, 'epoch': 3.88}
{'loss': 0.6721, 'learning_rate': 2.844827586206897e-05, 'epoch': 4.31}
{'eval_loss': 1.3514350652694702, 'eval_accuracy': 0.5866666666666667, 'eval_f1': 0.5886807974380198, 'eval_precision': 0.6052887667887669, 'eval_recall': 0.5866666666666667, 'eval_runtime': 0.1247, 'eval_samples_per_second': 2405.386, 'eval_steps_per_second': 152.341, 'epoch': 4.31}
{'loss': 0.5345, 'learning_rate': 2.6293103448275862e-05, 'epoch': 4.74}
{'eval_loss': 1.413469672203064, 'eval_accuracy': 0.59, 'eval_f1': 0.5870375346762058, 'eval_precision': 0.5994152349109423, 'eval_recall': 0.59, 'eval_runtime': 0.1253, 'eval_samples_per_second': 2393.795, 'eval_steps_per_second': 151.607, 'epoch': 4.74}
{'loss': 0.5137, 'learning_rate': 2.413793103448276e-05, 'epoch': 5.17}
{'eval_loss': 1.3901641368865967, 'eval_accuracy': 0.59, 'eval_f1': 0.5940836761107783, 'eval_precision': 0.616495572695736, 'eval_recall': 0.59, 'eval_runtime': 0.1245, 'eval_samples_per_second': 2410.589, 'eval_steps_per_second': 152.671, 'epoch': 5.17}
{'loss': 0.3363, 'learning_rate': 2.1982758620689654e-05, 'epoch': 5.6}
{'eval_loss': 1.4011822938919067, 'eval_accuracy': 0.5833333333333334, 'eval_f1': 0.5805052835394833, 'eval_precision': 0.5903468835131307, 'eval_recall': 0.5833333333333334, 'eval_runtime': 0.1246, 'eval_samples_per_second': 2408.54, 'eval_steps_per_second': 152.541, 'epoch': 5.6}
{'loss': 0.3402, 'learning_rate': 1.9827586206896554e-05, 'epoch': 6.03}
{'eval_loss': 1.421319842338562, 'eval_accuracy': 0.61, 'eval_f1': 0.614302627703876, 'eval_precision': 0.6334564703031522, 'eval_recall': 0.61, 'eval_runtime': 0.1254, 'eval_samples_per_second': 2393.076, 'eval_steps_per_second': 151.561, 'epoch': 6.03}
{'loss': 0.2505, 'learning_rate': 1.767241379310345e-05, 'epoch': 6.47}
{'eval_loss': 1.4112379550933838, 'eval_accuracy': 0.6333333333333333, 'eval_f1': 0.6308155162163832, 'eval_precision': 0.6332695304356889, 'eval_recall': 0.6333333333333333, 'eval_runtime': 0.1268, 'eval_samples_per_second': 2365.133, 'eval_steps_per_second': 149.792, 'epoch': 6.47}
{'loss': 0.2151, 'learning_rate': 1.5517241379310346e-05, 'epoch': 6.9}
{'eval_loss': 1.4225941896438599, 'eval_accuracy': 0.6133333333333333, 'eval_f1': 0.612504397574165, 'eval_precision': 0.6170718551788532, 'eval_recall': 0.6133333333333333, 'eval_runtime': 0.1252, 'eval_samples_per_second': 2396.54, 'eval_steps_per_second': 151.781, 'epoch': 6.9}
{'loss': 0.1583, 'learning_rate': 1.336206896551724e-05, 'epoch': 7.33}
{'eval_loss': 1.4522475004196167, 'eval_accuracy': 0.6233333333333333, 'eval_f1': 0.6245559307730666, 'eval_precision': 0.6355838297110675, 'eval_recall': 0.6233333333333333, 'eval_runtime': 0.1249, 'eval_samples_per_second': 2401.017, 'eval_steps_per_second': 152.064, 'epoch': 7.33}
{'loss': 0.1313, 'learning_rate': 1.1206896551724138e-05, 'epoch': 7.76}
{'eval_loss': 1.4967180490493774, 'eval_accuracy': 0.6033333333333334, 'eval_f1': 0.6029774912693084, 'eval_precision': 0.6095047818646286, 'eval_recall': 0.6033333333333334, 'eval_runtime': 0.125, 'eval_samples_per_second': 2399.854, 'eval_steps_per_second': 151.991, 'epoch': 7.76}
{'loss': 0.1684, 'learning_rate': 9.051724137931036e-06, 'epoch': 8.19}
{'eval_loss': 1.5056891441345215, 'eval_accuracy': 0.6233333333333333, 'eval_f1': 0.6226048647874585, 'eval_precision': 0.6274795959388773, 'eval_recall': 0.6233333333333333, 'eval_runtime': 0.1266, 'eval_samples_per_second': 2369.494, 'eval_steps_per_second': 150.068, 'epoch': 8.19}
{'loss': 0.1047, 'learning_rate': 6.896551724137932e-06, 'epoch': 8.62}
{'eval_loss': 1.5112619400024414, 'eval_accuracy': 0.6233333333333333, 'eval_f1': 0.6215705709245138, 'eval_precision': 0.6268835737301471, 'eval_recall': 0.6233333333333333, 'eval_runtime': 0.126, 'eval_samples_per_second': 2381.855, 'eval_steps_per_second': 150.851, 'epoch': 8.62}
{'loss': 0.115, 'learning_rate': 4.741379310344828e-06, 'epoch': 9.05}
{'eval_loss': 1.5206575393676758, 'eval_accuracy': 0.6366666666666667, 'eval_f1': 0.6386658876529387, 'eval_precision': 0.6470935982809087, 'eval_recall': 0.6366666666666667, 'eval_runtime': 0.1261, 'eval_samples_per_second': 2379.931, 'eval_steps_per_second': 150.729, 'epoch': 9.05}
{'loss': 0.0857, 'learning_rate': 2.586206896551724e-06, 'epoch': 9.48}
{'eval_loss': 1.5296460390090942, 'eval_accuracy': 0.63, 'eval_f1': 0.6350112855228078, 'eval_precision': 0.6477749257710297, 'eval_recall': 0.63, 'eval_runtime': 0.1243, 'eval_samples_per_second': 2413.409, 'eval_steps_per_second': 152.849, 'epoch': 9.48}
{'loss': 0.0958, 'learning_rate': 4.3103448275862073e-07, 'epoch': 9.91}
{'eval_loss': 1.5391658544540405, 'eval_accuracy': 0.62, 'eval_f1': 0.6227840769332891, 'eval_precision': 0.6299802269128996, 'eval_recall': 0.62, 'eval_runtime': 0.1245, 'eval_samples_per_second': 2409.689, 'eval_steps_per_second': 152.614, 'epoch': 9.91}
{'train_runtime': 57.846, 'train_samples_per_second': 319.642, 'train_steps_per_second': 20.053, 'train_loss': 0.8057968927354648, 'epoch': 10.0}
PredictionOutput(predictions=array([[ 1.6063483 , -0.8165537 , -0.59108996, ..., -0.9139051 ,
        -0.9372359 , -1.4218122 ],
       [-1.0440079 , -0.6511692 , -0.816223  , ..., -2.296513  ,
        -0.82067525,  4.035243  ],
       [-0.49014485,  0.7114171 ,  0.65673614, ..., -1.714858  ,
         5.678331  , -0.73989874],
       ...,
       [-1.1886322 ,  3.8071918 , -0.26398855, ..., -1.4815923 ,
         3.8763344 , -0.5554138 ],
       [-2.200423  , -0.7637794 , -1.5031313 , ..., -1.5105345 ,
         2.328076  , -0.884511  ],
       [ 0.90082484, -0.33164218, -1.3053162 , ..., -1.4162804 ,
        -1.2360194 , -0.7384014 ]], dtype=float32), label_ids=array([ 6, 11,  7,  9, 11,  6,  6, 11,  5,  3,  9, 11,  0,  1, 11, 12,  1,
        7,  0, 12,  3,  1,  8,  3,  6,  8,  0,  0, 11,  0, 11,  3,  3,  5,
        2,  8,  9,  1, 11,  1,  5, 12,  0, 12,  1,  2, 12,  0,  5,  7,  3,
       11,  2,  4,  8,  3, 12, 11, 11, 10,  7, 11,  0, 10, 12,  0,  1,  8,
       12,  5, 10,  5,  1,  8,  0, 12,  1,  7, 10, 12,  7,  7,  2,  0,  2,
       10, 11,  0,  6,  0, 10,  9,  5,  5,  0,  9,  1,  2,  8,  9,  0,  2,
        0,  7, 11,  9,  6,  6,  9,  3, 12,  7, 11, 11, 11, 10,  2,  8,  9,
        0,  7,  3, 11, 11, 12,  8,  0,  4, 11,  5,  8, 11,  1,  5, 11,  7,
       11,  0, 11,  0, 11,  6,  0, 11, 11,  8, 11,  1,  8,  6,  5,  0, 11,
        9,  0,  1,  5,  0,  1,  8,  8,  0,  2, 11, 11,  0,  6,  5,  6, 11,
        2,  2,  7,  9, 11,  1, 11,  1,  8,  9,  8,  6,  3,  8, 10,  1,  2,
        0, 11, 11,  3,  8,  6,  2,  4,  1, 11, 11, 11, 11,  0, 11,  2,  1,
        8,  1,  9,  0,  1, 11,  1,  5,  1,  6,  5,  0,  8,  0,  1, 10, 11,
        9,  0, 11, 12,  2,  4,  0, 11,  2, 12,  2, 11,  7,  3,  2,  2,  8,
        3,  0,  2, 11,  8,  8,  9,  3, 11,  6, 11,  0,  3,  2,  8, 10, 12,
       11,  5, 10,  6,  9, 11,  6,  3,  1,  6,  3,  7, 11,  6,  2, 11,  4,
       10,  9,  2,  0, 11,  5,  1, 11,  6, 11,  9, 11,  0,  0,  0, 11, 11,
        0,  1, 11,  1,  0,  3,  1,  6,  1, 11,  3]), metrics={'test_loss': 1.8833280801773071, 'test_accuracy': 0.6, 'test_f1': 0.5954043796679025, 'test_precision': 0.6006603174603174, 'test_recall': 0.6, 'test_runtime': 0.1382, 'test_samples_per_second': 2170.193, 'test_steps_per_second': 137.446})
