/cluster/raid/home/zhivar.sourati/logical-fallacy-identification/AMR_parsers_and_graphs
Tue Sep 27 05:23:21 2022       
+-----------------------------------------------------------------------------+
| NVIDIA-SMI 460.32.03    Driver Version: 460.32.03    CUDA Version: 11.2     |
|-------------------------------+----------------------+----------------------+
| GPU  Name        Persistence-M| Bus-Id        Disp.A | Volatile Uncorr. ECC |
| Fan  Temp  Perf  Pwr:Usage/Cap|         Memory-Usage | GPU-Util  Compute M. |
|                               |                      |               MIG M. |
|===============================+======================+======================|
|   0  A100-PCIE-40GB      Off  | 00000000:27:00.0 Off |                    0 |
| N/A   33C    P0    33W / 250W |      0MiB / 40536MiB |      0%      Default |
|                               |                      |             Disabled |
+-------------------------------+----------------------+----------------------+
                                                                               
+-----------------------------------------------------------------------------+
| Processes:                                                                  |
|  GPU   GI   CI        PID   Type   Process name                  GPU Memory |
|        ID   ID                                                   Usage      |
|=============================================================================|
|  No running processes found                                                 |
+-----------------------------------------------------------------------------+
0
Model loaded!
Start the training ...
{'loss': 2.4947, 'learning_rate': 4.6921182266009855e-05, 'epoch': 0.43}
{'eval_loss': 2.3604085445404053, 'eval_accuracy': 0.20333333333333334, 'eval_f1': 0.06871652816251154, 'eval_precision': 0.04134444444444445, 'eval_recall': 0.20333333333333334, 'eval_runtime': 0.1528, 'eval_samples_per_second': 1963.518, 'eval_steps_per_second': 124.356, 'epoch': 0.43}
{'loss': 2.3379, 'learning_rate': 4.384236453201971e-05, 'epoch': 0.86}
{'eval_loss': 2.0926389694213867, 'eval_accuracy': 0.31666666666666665, 'eval_f1': 0.23233666283964793, 'eval_precision': 0.3438333333333333, 'eval_recall': 0.31666666666666665, 'eval_runtime': 0.1469, 'eval_samples_per_second': 2041.842, 'eval_steps_per_second': 129.317, 'epoch': 0.86}
{'loss': 1.9755, 'learning_rate': 4.076354679802955e-05, 'epoch': 1.29}
{'eval_loss': 1.7715686559677124, 'eval_accuracy': 0.45666666666666667, 'eval_f1': 0.40201579553634254, 'eval_precision': 0.4759228037992744, 'eval_recall': 0.45666666666666667, 'eval_runtime': 0.1492, 'eval_samples_per_second': 2010.548, 'eval_steps_per_second': 127.335, 'epoch': 1.29}
{'loss': 1.7345, 'learning_rate': 3.768472906403941e-05, 'epoch': 1.72}
{'eval_loss': 1.605391025543213, 'eval_accuracy': 0.5133333333333333, 'eval_f1': 0.4802207813951165, 'eval_precision': 0.5091966220242082, 'eval_recall': 0.5133333333333333, 'eval_runtime': 0.1463, 'eval_samples_per_second': 2050.907, 'eval_steps_per_second': 129.891, 'epoch': 1.72}
{'loss': 1.5671, 'learning_rate': 3.4605911330049265e-05, 'epoch': 2.16}
{'eval_loss': 1.5061464309692383, 'eval_accuracy': 0.5366666666666666, 'eval_f1': 0.51906570954373, 'eval_precision': 0.5604756216006216, 'eval_recall': 0.5366666666666666, 'eval_runtime': 0.1487, 'eval_samples_per_second': 2017.828, 'eval_steps_per_second': 127.796, 'epoch': 2.16}
{'loss': 1.1079, 'learning_rate': 3.152709359605912e-05, 'epoch': 2.59}
{'eval_loss': 1.4068031311035156, 'eval_accuracy': 0.58, 'eval_f1': 0.5740300990696471, 'eval_precision': 0.5959163128775993, 'eval_recall': 0.58, 'eval_runtime': 0.1475, 'eval_samples_per_second': 2034.194, 'eval_steps_per_second': 128.832, 'epoch': 2.59}
{'loss': 1.0988, 'learning_rate': 2.844827586206897e-05, 'epoch': 3.02}
{'eval_loss': 1.378777265548706, 'eval_accuracy': 0.58, 'eval_f1': 0.5760765649862547, 'eval_precision': 0.5936495136807637, 'eval_recall': 0.58, 'eval_runtime': 0.1481, 'eval_samples_per_second': 2025.484, 'eval_steps_per_second': 128.281, 'epoch': 3.02}
{'loss': 0.7482, 'learning_rate': 2.5369458128078822e-05, 'epoch': 3.45}
{'eval_loss': 1.4137111902236938, 'eval_accuracy': 0.5766666666666667, 'eval_f1': 0.57844057827386, 'eval_precision': 0.6014269192686746, 'eval_recall': 0.5766666666666667, 'eval_runtime': 0.1479, 'eval_samples_per_second': 2028.233, 'eval_steps_per_second': 128.455, 'epoch': 3.45}
{'loss': 0.7141, 'learning_rate': 2.229064039408867e-05, 'epoch': 3.88}
{'eval_loss': 1.3742704391479492, 'eval_accuracy': 0.5833333333333334, 'eval_f1': 0.582362028957231, 'eval_precision': 0.5925339775083998, 'eval_recall': 0.5833333333333334, 'eval_runtime': 0.1469, 'eval_samples_per_second': 2042.886, 'eval_steps_per_second': 129.383, 'epoch': 3.88}
{'loss': 0.5704, 'learning_rate': 1.921182266009852e-05, 'epoch': 4.31}
{'eval_loss': 1.3827717304229736, 'eval_accuracy': 0.5866666666666667, 'eval_f1': 0.5844722021223129, 'eval_precision': 0.5932812521539745, 'eval_recall': 0.5866666666666667, 'eval_runtime': 0.1461, 'eval_samples_per_second': 2053.538, 'eval_steps_per_second': 130.057, 'epoch': 4.31}
{'loss': 0.4711, 'learning_rate': 1.6133004926108376e-05, 'epoch': 4.74}
{'eval_loss': 1.4180718660354614, 'eval_accuracy': 0.6033333333333334, 'eval_f1': 0.6044322055612378, 'eval_precision': 0.6267276927865163, 'eval_recall': 0.6033333333333334, 'eval_runtime': 0.1472, 'eval_samples_per_second': 2038.676, 'eval_steps_per_second': 129.116, 'epoch': 4.74}
{'loss': 0.386, 'learning_rate': 1.3054187192118228e-05, 'epoch': 5.17}
{'eval_loss': 1.4447075128555298, 'eval_accuracy': 0.59, 'eval_f1': 0.5937872079031588, 'eval_precision': 0.6248849338286039, 'eval_recall': 0.59, 'eval_runtime': 0.1467, 'eval_samples_per_second': 2044.891, 'eval_steps_per_second': 129.51, 'epoch': 5.17}
{'loss': 0.2939, 'learning_rate': 9.97536945812808e-06, 'epoch': 5.6}
{'eval_loss': 1.4192219972610474, 'eval_accuracy': 0.6233333333333333, 'eval_f1': 0.6286144931221995, 'eval_precision': 0.6470299378124456, 'eval_recall': 0.6233333333333333, 'eval_runtime': 0.1462, 'eval_samples_per_second': 2052.456, 'eval_steps_per_second': 129.989, 'epoch': 5.6}
{'loss': 0.3282, 'learning_rate': 6.896551724137932e-06, 'epoch': 6.03}
{'eval_loss': 1.407375454902649, 'eval_accuracy': 0.6, 'eval_f1': 0.6041075466284844, 'eval_precision': 0.6160820363496922, 'eval_recall': 0.6, 'eval_runtime': 0.1466, 'eval_samples_per_second': 2045.862, 'eval_steps_per_second': 129.571, 'epoch': 6.03}
{'loss': 0.29, 'learning_rate': 3.817733990147783e-06, 'epoch': 6.47}
{'eval_loss': 1.4534649848937988, 'eval_accuracy': 0.6066666666666667, 'eval_f1': 0.6109641197874601, 'eval_precision': 0.6276854433611736, 'eval_recall': 0.6066666666666667, 'eval_runtime': 0.1469, 'eval_samples_per_second': 2042.501, 'eval_steps_per_second': 129.358, 'epoch': 6.47}
{'loss': 0.2403, 'learning_rate': 7.389162561576355e-07, 'epoch': 6.9}
{'eval_loss': 1.4381170272827148, 'eval_accuracy': 0.6066666666666667, 'eval_f1': 0.6098604992373717, 'eval_precision': 0.6231916524461416, 'eval_recall': 0.6066666666666667, 'eval_runtime': 0.1461, 'eval_samples_per_second': 2053.334, 'eval_steps_per_second': 130.044, 'epoch': 6.9}
{'train_runtime': 35.0685, 'train_samples_per_second': 369.078, 'train_steps_per_second': 23.155, 'train_loss': 1.0098831697637811, 'epoch': 7.0}
PredictionOutput(predictions=array([[ 1.0331309 , -0.6268419 , -0.31589207, ...,  1.5619885 ,
         2.5376346 , -1.068741  ],
       [-1.9185419 , -2.0561295 , -0.70250875, ...,  0.24920925,
         0.28926748,  1.9238296 ],
       [-2.3750467 , -0.79739416,  0.2067688 , ..., -0.80819654,
         2.96841   , -1.0805248 ],
       ...,
       [-1.372375  ,  4.022576  , -0.41129908, ..., -1.3050475 ,
         2.7863393 , -1.5230947 ],
       [-1.6516168 , -0.5324499 , -0.5024991 , ...,  0.39453328,
         5.072432  , -1.6661896 ],
       [-0.4541221 ,  1.4574496 , -1.398618  , ..., -2.1385877 ,
        -1.6192397 ,  0.21959066]], dtype=float32), label_ids=array([ 6, 11,  7,  9, 11,  6,  6, 11,  5,  3,  9, 11,  0,  1, 11, 12,  1,
        7,  0, 12,  3,  1,  8,  3,  6,  8,  0,  0, 11,  0, 11,  3,  3,  5,
        2,  8,  9,  1, 11,  1,  5, 12,  0, 12,  1,  2, 12,  0,  5,  7,  3,
       11,  2,  4,  8,  3, 12, 11, 11, 10,  7, 11,  0, 10, 12,  0,  1,  8,
       12,  5, 10,  5,  1,  8,  0, 12,  1,  7, 10, 12,  7,  7,  2,  0,  2,
       10, 11,  0,  6,  0, 10,  9,  5,  5,  0,  9,  1,  2,  8,  9,  0,  2,
        0,  7, 11,  9,  6,  6,  9,  3, 12,  7, 11, 11, 11, 10,  2,  8,  9,
        0,  7,  3, 11, 11, 12,  8,  0,  4, 11,  5,  8, 11,  1,  5, 11,  7,
       11,  0, 11,  0, 11,  6,  0, 11, 11,  8, 11,  1,  8,  6,  5,  0, 11,
        9,  0,  1,  5,  0,  1,  8,  8,  0,  2, 11, 11,  0,  6,  5,  6, 11,
        2,  2,  7,  9, 11,  1, 11,  1,  8,  9,  8,  6,  3,  8, 10,  1,  2,
        0, 11, 11,  3,  8,  6,  2,  4,  1, 11, 11, 11, 11,  0, 11,  2,  1,
        8,  1,  9,  0,  1, 11,  1,  5,  1,  6,  5,  0,  8,  0,  1, 10, 11,
        9,  0, 11, 12,  2,  4,  0, 11,  2, 12,  2, 11,  7,  3,  2,  2,  8,
        3,  0,  2, 11,  8,  8,  9,  3, 11,  6, 11,  0,  3,  2,  8, 10, 12,
       11,  5, 10,  6,  9, 11,  6,  3,  1,  6,  3,  7, 11,  6,  2, 11,  4,
       10,  9,  2,  0, 11,  5,  1, 11,  6, 11,  9, 11,  0,  0,  0, 11, 11,
        0,  1, 11,  1,  0,  3,  1,  6,  1, 11,  3]), metrics={'test_loss': 1.7208902835845947, 'test_accuracy': 0.5566666666666666, 'test_f1': 0.5497091426911462, 'test_precision': 0.5593883484517755, 'test_recall': 0.5566666666666666, 'test_runtime': 0.1658, 'test_samples_per_second': 1809.14, 'test_steps_per_second': 114.579})
