/cluster/raid/home/zhivar.sourati/logical-fallacy-identification/AMR_parsers_and_graphs
Tue Sep 27 09:24:34 2022       
+-----------------------------------------------------------------------------+
| NVIDIA-SMI 460.32.03    Driver Version: 460.32.03    CUDA Version: 11.2     |
|-------------------------------+----------------------+----------------------+
| GPU  Name        Persistence-M| Bus-Id        Disp.A | Volatile Uncorr. ECC |
| Fan  Temp  Perf  Pwr:Usage/Cap|         Memory-Usage | GPU-Util  Compute M. |
|                               |                      |               MIG M. |
|===============================+======================+======================|
|   0  A100-PCIE-40GB      Off  | 00000000:27:00.0 Off |                    0 |
| N/A   27C    P0    33W / 250W |      0MiB / 40536MiB |      0%      Default |
|                               |                      |             Disabled |
+-------------------------------+----------------------+----------------------+
                                                                               
+-----------------------------------------------------------------------------+
| Processes:                                                                  |
|  GPU   GI   CI        PID   Type   Process name                  GPU Memory |
|        ID   ID                                                   Usage      |
|=============================================================================|
|  No running processes found                                                 |
+-----------------------------------------------------------------------------+
0
cuda
using GPU
Model loaded!
Start the training ...
{'loss': 2.6064, 'learning_rate': 9.461206896551725e-06, 'epoch': 0.43}
{'eval_loss': 2.4907631874084473, 'eval_accuracy': 0.19666666666666666, 'eval_f1': 0.07650505050505049, 'eval_precision': 0.05387713054879191, 'eval_recall': 0.19666666666666666, 'eval_runtime': 0.2206, 'eval_samples_per_second': 1359.884, 'eval_steps_per_second': 86.126, 'epoch': 0.43}
{'loss': 2.5111, 'learning_rate': 8.922413793103449e-06, 'epoch': 0.86}
{'eval_loss': 2.4251599311828613, 'eval_accuracy': 0.18666666666666668, 'eval_f1': 0.09556447803495512, 'eval_precision': 0.06939989308599634, 'eval_recall': 0.18666666666666668, 'eval_runtime': 0.2128, 'eval_samples_per_second': 1409.869, 'eval_steps_per_second': 89.292, 'epoch': 0.86}
{'loss': 2.4247, 'learning_rate': 8.383620689655173e-06, 'epoch': 1.29}
{'eval_loss': 2.352208137512207, 'eval_accuracy': 0.20333333333333334, 'eval_f1': 0.06871652816251154, 'eval_precision': 0.04134444444444445, 'eval_recall': 0.20333333333333334, 'eval_runtime': 0.2135, 'eval_samples_per_second': 1405.143, 'eval_steps_per_second': 88.992, 'epoch': 1.29}
{'loss': 2.3888, 'learning_rate': 7.844827586206897e-06, 'epoch': 1.72}
{'eval_loss': 2.296517848968506, 'eval_accuracy': 0.29, 'eval_f1': 0.20311533784957442, 'eval_precision': 0.1759295116061583, 'eval_recall': 0.29, 'eval_runtime': 0.214, 'eval_samples_per_second': 1402.007, 'eval_steps_per_second': 88.794, 'epoch': 1.72}
{'loss': 2.3386, 'learning_rate': 7.306034482758622e-06, 'epoch': 2.16}
{'eval_loss': 2.2438292503356934, 'eval_accuracy': 0.2866666666666667, 'eval_f1': 0.20842404393519195, 'eval_precision': 0.23512887723896894, 'eval_recall': 0.2866666666666667, 'eval_runtime': 0.2139, 'eval_samples_per_second': 1402.635, 'eval_steps_per_second': 88.834, 'epoch': 2.16}
{'loss': 2.1811, 'learning_rate': 6.767241379310346e-06, 'epoch': 2.59}
{'eval_loss': 2.1578657627105713, 'eval_accuracy': 0.31666666666666665, 'eval_f1': 0.2482456953462678, 'eval_precision': 0.41077734086383183, 'eval_recall': 0.31666666666666665, 'eval_runtime': 0.2132, 'eval_samples_per_second': 1407.308, 'eval_steps_per_second': 89.13, 'epoch': 2.59}
{'loss': 2.1181, 'learning_rate': 6.228448275862069e-06, 'epoch': 3.02}
{'eval_loss': 2.072563409805298, 'eval_accuracy': 0.37666666666666665, 'eval_f1': 0.3264224360957872, 'eval_precision': 0.47900772765246447, 'eval_recall': 0.37666666666666665, 'eval_runtime': 0.2132, 'eval_samples_per_second': 1406.86, 'eval_steps_per_second': 89.101, 'epoch': 3.02}
{'loss': 2.0167, 'learning_rate': 5.689655172413794e-06, 'epoch': 3.45}
{'eval_loss': 1.973360538482666, 'eval_accuracy': 0.44666666666666666, 'eval_f1': 0.41271479086932045, 'eval_precision': 0.49014868359828173, 'eval_recall': 0.44666666666666666, 'eval_runtime': 0.2142, 'eval_samples_per_second': 1400.766, 'eval_steps_per_second': 88.715, 'epoch': 3.45}
{'loss': 1.9093, 'learning_rate': 5.150862068965518e-06, 'epoch': 3.88}
{'eval_loss': 1.938188910484314, 'eval_accuracy': 0.45, 'eval_f1': 0.41807048881348297, 'eval_precision': 0.49511646081619737, 'eval_recall': 0.45, 'eval_runtime': 0.2131, 'eval_samples_per_second': 1407.825, 'eval_steps_per_second': 89.162, 'epoch': 3.88}
{'loss': 1.8057, 'learning_rate': 4.612068965517242e-06, 'epoch': 4.31}
{'eval_loss': 1.8615155220031738, 'eval_accuracy': 0.4633333333333333, 'eval_f1': 0.4329784397628589, 'eval_precision': 0.44582532598642954, 'eval_recall': 0.4633333333333333, 'eval_runtime': 0.2128, 'eval_samples_per_second': 1409.615, 'eval_steps_per_second': 89.276, 'epoch': 4.31}
{'loss': 1.7567, 'learning_rate': 4.073275862068966e-06, 'epoch': 4.74}
{'eval_loss': 1.833878755569458, 'eval_accuracy': 0.4533333333333333, 'eval_f1': 0.4168039746514063, 'eval_precision': 0.47783371964293014, 'eval_recall': 0.4533333333333333, 'eval_runtime': 0.214, 'eval_samples_per_second': 1401.557, 'eval_steps_per_second': 88.765, 'epoch': 4.74}
{'loss': 1.7085, 'learning_rate': 3.5344827586206898e-06, 'epoch': 5.17}
{'eval_loss': 1.7909718751907349, 'eval_accuracy': 0.49, 'eval_f1': 0.46522841964580314, 'eval_precision': 0.5037194390576742, 'eval_recall': 0.49, 'eval_runtime': 0.2134, 'eval_samples_per_second': 1405.992, 'eval_steps_per_second': 89.046, 'epoch': 5.17}
{'loss': 1.5678, 'learning_rate': 2.9956896551724142e-06, 'epoch': 5.6}
{'eval_loss': 1.7411208152770996, 'eval_accuracy': 0.49333333333333335, 'eval_f1': 0.4576352241329387, 'eval_precision': 0.514676690650847, 'eval_recall': 0.49333333333333335, 'eval_runtime': 0.2128, 'eval_samples_per_second': 1410.062, 'eval_steps_per_second': 89.304, 'epoch': 5.6}
{'loss': 1.6095, 'learning_rate': 2.4568965517241382e-06, 'epoch': 6.03}
{'eval_loss': 1.7118639945983887, 'eval_accuracy': 0.5066666666666667, 'eval_f1': 0.47372663916565044, 'eval_precision': 0.5042747373169201, 'eval_recall': 0.5066666666666667, 'eval_runtime': 0.2141, 'eval_samples_per_second': 1401.014, 'eval_steps_per_second': 88.731, 'epoch': 6.03}
{'loss': 1.5273, 'learning_rate': 1.9181034482758622e-06, 'epoch': 6.47}
{'eval_loss': 1.682142734527588, 'eval_accuracy': 0.5266666666666666, 'eval_f1': 0.49581048860467175, 'eval_precision': 0.5334699181200729, 'eval_recall': 0.5266666666666666, 'eval_runtime': 0.2136, 'eval_samples_per_second': 1404.816, 'eval_steps_per_second': 88.972, 'epoch': 6.47}
{'loss': 1.5085, 'learning_rate': 1.3793103448275862e-06, 'epoch': 6.9}
{'eval_loss': 1.676969051361084, 'eval_accuracy': 0.51, 'eval_f1': 0.48019240630655285, 'eval_precision': 0.5130183074969961, 'eval_recall': 0.51, 'eval_runtime': 0.2137, 'eval_samples_per_second': 1403.665, 'eval_steps_per_second': 88.899, 'epoch': 6.9}
{'loss': 1.4684, 'learning_rate': 8.405172413793105e-07, 'epoch': 7.33}
{'eval_loss': 1.6635955572128296, 'eval_accuracy': 0.5133333333333333, 'eval_f1': 0.4821333260686188, 'eval_precision': 0.5062084772879955, 'eval_recall': 0.5133333333333333, 'eval_runtime': 0.2141, 'eval_samples_per_second': 1401.0, 'eval_steps_per_second': 88.73, 'epoch': 7.33}
{'loss': 1.4717, 'learning_rate': 3.0172413793103453e-07, 'epoch': 7.76}
{'eval_loss': 1.6599504947662354, 'eval_accuracy': 0.52, 'eval_f1': 0.4896391934666583, 'eval_precision': 0.5214118658205764, 'eval_recall': 0.52, 'eval_runtime': 0.2132, 'eval_samples_per_second': 1407.027, 'eval_steps_per_second': 89.112, 'epoch': 7.76}
{'train_runtime': 65.1864, 'train_samples_per_second': 226.918, 'train_steps_per_second': 14.236, 'train_loss': 1.9254906670800571, 'epoch': 8.0}
PredictionOutput(predictions=array([[ 0.23258597,  0.76309305, -0.3587648 , ..., -0.15607522,
         2.4417796 , -0.19917175],
       [ 1.5599065 ,  0.10216877,  0.89872617, ...,  1.2169336 ,
         1.1270647 ,  0.36953348],
       [-1.0526912 ,  1.0407513 , -0.02744197, ..., -0.54375774,
         1.0846786 , -0.2651491 ],
       ...,
       [-0.89434564,  1.2379993 , -0.1441634 , ..., -0.0139186 ,
         2.167163  , -0.33373767],
       [-1.0472177 ,  0.39590517,  0.09434986, ...,  0.2598074 ,
         1.2344352 , -0.6386486 ],
       [ 0.48911923,  0.90853214,  0.7686573 , ..., -0.6495502 ,
        -0.6678605 , -0.11525285]], dtype=float32), label_ids=array([ 6, 11,  7,  9, 11,  6,  6, 11,  5,  3,  9, 11,  0,  1, 11, 12,  1,
        7,  0, 12,  3,  1,  8,  3,  6,  8,  0,  0, 11,  0, 11,  3,  3,  5,
        2,  8,  9,  1, 11,  1,  5, 12,  0, 12,  1,  2, 12,  0,  5,  7,  3,
       11,  2,  4,  8,  3, 12, 11, 11, 10,  7, 11,  0, 10, 12,  0,  1,  8,
       12,  5, 10,  5,  1,  8,  0, 12,  1,  7, 10, 12,  7,  7,  2,  0,  2,
       10, 11,  0,  6,  0, 10,  9,  5,  5,  0,  9,  1,  2,  8,  9,  0,  2,
        0,  7, 11,  9,  6,  6,  9,  3, 12,  7, 11, 11, 11, 10,  2,  8,  9,
        0,  7,  3, 11, 11, 12,  8,  0,  4, 11,  5,  8, 11,  1,  5, 11,  7,
       11,  0, 11,  0, 11,  6,  0, 11, 11,  8, 11,  1,  8,  6,  5,  0, 11,
        9,  0,  1,  5,  0,  1,  8,  8,  0,  2, 11, 11,  0,  6,  5,  6, 11,
        2,  2,  7,  9, 11,  1, 11,  1,  8,  9,  8,  6,  3,  8, 10,  1,  2,
        0, 11, 11,  3,  8,  6,  2,  4,  1, 11, 11, 11, 11,  0, 11,  2,  1,
        8,  1,  9,  0,  1, 11,  1,  5,  1,  6,  5,  0,  8,  0,  1, 10, 11,
        9,  0, 11, 12,  2,  4,  0, 11,  2, 12,  2, 11,  7,  3,  2,  2,  8,
        3,  0,  2, 11,  8,  8,  9,  3, 11,  6, 11,  0,  3,  2,  8, 10, 12,
       11,  5, 10,  6,  9, 11,  6,  3,  1,  6,  3,  7, 11,  6,  2, 11,  4,
       10,  9,  2,  0, 11,  5,  1, 11,  6, 11,  9, 11,  0,  0,  0, 11, 11,
        0,  1, 11,  1,  0,  3,  1,  6,  1, 11,  3]), metrics={'test_loss': 1.7967846393585205, 'test_accuracy': 0.41, 'test_f1': 0.3642078383418746, 'test_precision': 0.40155432826622084, 'test_recall': 0.41, 'test_runtime': 0.2427, 'test_samples_per_second': 1236.227, 'test_steps_per_second': 78.294})
