/cluster/raid/home/zhivar.sourati/logical-fallacy-identification/AMR_parsers_and_graphs
Mon Oct  3 08:53:44 2022       
+-----------------------------------------------------------------------------+
| NVIDIA-SMI 460.32.03    Driver Version: 460.32.03    CUDA Version: 11.2     |
|-------------------------------+----------------------+----------------------+
| GPU  Name        Persistence-M| Bus-Id        Disp.A | Volatile Uncorr. ECC |
| Fan  Temp  Perf  Pwr:Usage/Cap|         Memory-Usage | GPU-Util  Compute M. |
|                               |                      |               MIG M. |
|===============================+======================+======================|
|   0  A100-PCIE-40GB      Off  | 00000000:28:00.0 Off |                    0 |
| N/A   30C    P0    36W / 250W |      0MiB / 40536MiB |      0%      Default |
|                               |                      |             Disabled |
+-------------------------------+----------------------+----------------------+
                                                                               
+-----------------------------------------------------------------------------+
| Processes:                                                                  |
|  GPU   GI   CI        PID   Type   Process name                  GPU Memory |
|        ID   ID                                                   Usage      |
|=============================================================================|
|  No running processes found                                                 |
+-----------------------------------------------------------------------------+
0
case based reasoning with 1 cases and simcse similarity
cuda
using GPU
Model loaded!
Start the training ...
{'loss': 2.5198, 'learning_rate': 1.913793103448276e-05, 'epoch': 0.22}
{'eval_loss': 2.425302267074585, 'eval_accuracy': 0.20333333333333334, 'eval_f1': 0.06871652816251154, 'eval_precision': 0.04134444444444445, 'eval_recall': 0.20333333333333334, 'eval_runtime': 0.6262, 'eval_samples_per_second': 479.068, 'eval_steps_per_second': 60.682, 'epoch': 0.22}
{'loss': 2.4441, 'learning_rate': 1.827586206896552e-05, 'epoch': 0.43}
{'eval_loss': 2.312366485595703, 'eval_accuracy': 0.20666666666666667, 'eval_f1': 0.07539389389389389, 'eval_precision': 0.16148272017837237, 'eval_recall': 0.20666666666666667, 'eval_runtime': 0.3724, 'eval_samples_per_second': 805.491, 'eval_steps_per_second': 102.029, 'epoch': 0.43}
{'loss': 2.2678, 'learning_rate': 1.7413793103448276e-05, 'epoch': 0.65}
{'eval_loss': 2.097801446914673, 'eval_accuracy': 0.37333333333333335, 'eval_f1': 0.30787153371220255, 'eval_precision': 0.3165431011926421, 'eval_recall': 0.37333333333333335, 'eval_runtime': 0.3707, 'eval_samples_per_second': 809.172, 'eval_steps_per_second': 102.495, 'epoch': 0.65}
{'loss': 2.1982, 'learning_rate': 1.6551724137931037e-05, 'epoch': 0.86}
{'eval_loss': 1.888060450553894, 'eval_accuracy': 0.49, 'eval_f1': 0.4517094856181382, 'eval_precision': 0.4929354715044937, 'eval_recall': 0.49, 'eval_runtime': 0.371, 'eval_samples_per_second': 808.522, 'eval_steps_per_second': 102.413, 'epoch': 0.86}
{'loss': 1.8315, 'learning_rate': 1.5689655172413794e-05, 'epoch': 1.08}
{'eval_loss': 1.6950132846832275, 'eval_accuracy': 0.48, 'eval_f1': 0.4525364431996897, 'eval_precision': 0.4640771450771451, 'eval_recall': 0.48, 'eval_runtime': 0.3707, 'eval_samples_per_second': 809.382, 'eval_steps_per_second': 102.522, 'epoch': 1.08}
{'loss': 1.6265, 'learning_rate': 1.4827586206896554e-05, 'epoch': 1.29}
{'eval_loss': 1.6185760498046875, 'eval_accuracy': 0.55, 'eval_f1': 0.546190676446855, 'eval_precision': 0.5746173129702542, 'eval_recall': 0.55, 'eval_runtime': 0.3703, 'eval_samples_per_second': 810.1, 'eval_steps_per_second': 102.613, 'epoch': 1.29}
{'loss': 1.6465, 'learning_rate': 1.3965517241379311e-05, 'epoch': 1.51}
{'eval_loss': 1.5282535552978516, 'eval_accuracy': 0.57, 'eval_f1': 0.5538038300546735, 'eval_precision': 0.5789103099629415, 'eval_recall': 0.57, 'eval_runtime': 0.3698, 'eval_samples_per_second': 811.156, 'eval_steps_per_second': 102.746, 'epoch': 1.51}
{'loss': 1.4374, 'learning_rate': 1.310344827586207e-05, 'epoch': 1.72}
{'eval_loss': 1.4554959535598755, 'eval_accuracy': 0.5666666666666667, 'eval_f1': 0.5471946218888527, 'eval_precision': 0.5527222730005714, 'eval_recall': 0.5666666666666667, 'eval_runtime': 0.3703, 'eval_samples_per_second': 810.245, 'eval_steps_per_second': 102.631, 'epoch': 1.72}
{'loss': 1.5469, 'learning_rate': 1.2241379310344827e-05, 'epoch': 1.94}
{'eval_loss': 1.429106593132019, 'eval_accuracy': 0.5833333333333334, 'eval_f1': 0.5823794200016734, 'eval_precision': 0.6073471478285307, 'eval_recall': 0.5833333333333334, 'eval_runtime': 0.3694, 'eval_samples_per_second': 812.186, 'eval_steps_per_second': 102.877, 'epoch': 1.94}
{'loss': 1.2221, 'learning_rate': 1.1379310344827587e-05, 'epoch': 2.16}
{'eval_loss': 1.3534436225891113, 'eval_accuracy': 0.5866666666666667, 'eval_f1': 0.5809030545220997, 'eval_precision': 0.602380598216298, 'eval_recall': 0.5866666666666667, 'eval_runtime': 0.3695, 'eval_samples_per_second': 811.836, 'eval_steps_per_second': 102.833, 'epoch': 2.16}
{'loss': 0.9748, 'learning_rate': 1.0517241379310346e-05, 'epoch': 2.37}
{'eval_loss': 1.3838969469070435, 'eval_accuracy': 0.59, 'eval_f1': 0.5815274121414835, 'eval_precision': 0.6133053221580481, 'eval_recall': 0.59, 'eval_runtime': 0.3701, 'eval_samples_per_second': 810.671, 'eval_steps_per_second': 102.685, 'epoch': 2.37}
{'loss': 1.0708, 'learning_rate': 9.655172413793105e-06, 'epoch': 2.59}
{'eval_loss': 1.3437812328338623, 'eval_accuracy': 0.6133333333333333, 'eval_f1': 0.6052561538548574, 'eval_precision': 0.6358820432214958, 'eval_recall': 0.6133333333333333, 'eval_runtime': 0.3709, 'eval_samples_per_second': 808.771, 'eval_steps_per_second': 102.444, 'epoch': 2.59}
{'loss': 1.0563, 'learning_rate': 8.793103448275862e-06, 'epoch': 2.8}
{'eval_loss': 1.2977246046066284, 'eval_accuracy': 0.6533333333333333, 'eval_f1': 0.6483253439530192, 'eval_precision': 0.6621638373607565, 'eval_recall': 0.6533333333333333, 'eval_runtime': 0.3716, 'eval_samples_per_second': 807.252, 'eval_steps_per_second': 102.252, 'epoch': 2.8}
{'loss': 0.9762, 'learning_rate': 7.93103448275862e-06, 'epoch': 3.02}
{'eval_loss': 1.2774611711502075, 'eval_accuracy': 0.6366666666666667, 'eval_f1': 0.6366710925950511, 'eval_precision': 0.650707330816551, 'eval_recall': 0.6366666666666667, 'eval_runtime': 0.3722, 'eval_samples_per_second': 805.917, 'eval_steps_per_second': 102.083, 'epoch': 3.02}
{'loss': 0.7577, 'learning_rate': 7.0689655172413796e-06, 'epoch': 3.23}
{'eval_loss': 1.2700577974319458, 'eval_accuracy': 0.6466666666666666, 'eval_f1': 0.6396009739582612, 'eval_precision': 0.6566198617815537, 'eval_recall': 0.6466666666666666, 'eval_runtime': 0.3702, 'eval_samples_per_second': 810.399, 'eval_steps_per_second': 102.651, 'epoch': 3.23}
{'loss': 0.7234, 'learning_rate': 6.206896551724138e-06, 'epoch': 3.45}
{'eval_loss': 1.2877180576324463, 'eval_accuracy': 0.6433333333333333, 'eval_f1': 0.6405949481575978, 'eval_precision': 0.6619593210897309, 'eval_recall': 0.6433333333333333, 'eval_runtime': 0.3716, 'eval_samples_per_second': 807.352, 'eval_steps_per_second': 102.265, 'epoch': 3.45}
{'loss': 0.7431, 'learning_rate': 5.344827586206896e-06, 'epoch': 3.66}
{'eval_loss': 1.2664051055908203, 'eval_accuracy': 0.6433333333333333, 'eval_f1': 0.6365188462577756, 'eval_precision': 0.6497350707516937, 'eval_recall': 0.6433333333333333, 'eval_runtime': 0.3698, 'eval_samples_per_second': 811.225, 'eval_steps_per_second': 102.755, 'epoch': 3.66}
{'loss': 0.7662, 'learning_rate': 4.482758620689656e-06, 'epoch': 3.88}
{'eval_loss': 1.24480140209198, 'eval_accuracy': 0.6733333333333333, 'eval_f1': 0.6717946390299809, 'eval_precision': 0.6917370715819964, 'eval_recall': 0.6733333333333333, 'eval_runtime': 0.3717, 'eval_samples_per_second': 807.114, 'eval_steps_per_second': 102.234, 'epoch': 3.88}
{'loss': 0.6608, 'learning_rate': 3.620689655172414e-06, 'epoch': 4.09}
{'eval_loss': 1.2117632627487183, 'eval_accuracy': 0.6766666666666666, 'eval_f1': 0.6733210752995294, 'eval_precision': 0.682394233446865, 'eval_recall': 0.6766666666666666, 'eval_runtime': 0.3694, 'eval_samples_per_second': 812.217, 'eval_steps_per_second': 102.881, 'epoch': 4.09}
{'loss': 0.59, 'learning_rate': 2.7586206896551725e-06, 'epoch': 4.31}
{'eval_loss': 1.2138135433197021, 'eval_accuracy': 0.6766666666666666, 'eval_f1': 0.6720693936957054, 'eval_precision': 0.6800500218735513, 'eval_recall': 0.6766666666666666, 'eval_runtime': 0.3714, 'eval_samples_per_second': 807.767, 'eval_steps_per_second': 102.317, 'epoch': 4.31}
{'loss': 0.5126, 'learning_rate': 1.896551724137931e-06, 'epoch': 4.53}
{'eval_loss': 1.2278368473052979, 'eval_accuracy': 0.6666666666666666, 'eval_f1': 0.6643247664403948, 'eval_precision': 0.67082861284918, 'eval_recall': 0.6666666666666666, 'eval_runtime': 0.3693, 'eval_samples_per_second': 812.241, 'eval_steps_per_second': 102.884, 'epoch': 4.53}
{'loss': 0.5879, 'learning_rate': 1.0344827586206898e-06, 'epoch': 4.74}
{'eval_loss': 1.2344480752944946, 'eval_accuracy': 0.6666666666666666, 'eval_f1': 0.6633805606849086, 'eval_precision': 0.6762568834202851, 'eval_recall': 0.6666666666666666, 'eval_runtime': 0.3699, 'eval_samples_per_second': 811.026, 'eval_steps_per_second': 102.73, 'epoch': 4.74}
{'loss': 0.5129, 'learning_rate': 1.7241379310344828e-07, 'epoch': 4.96}
{'eval_loss': 1.232051134109497, 'eval_accuracy': 0.67, 'eval_f1': 0.6686850004481584, 'eval_precision': 0.6827552463643363, 'eval_recall': 0.67, 'eval_runtime': 0.3706, 'eval_samples_per_second': 809.411, 'eval_steps_per_second': 102.525, 'epoch': 4.96}
{'train_runtime': 96.0014, 'train_samples_per_second': 96.301, 'train_steps_per_second': 12.083, 'train_loss': 1.2392216762592052, 'epoch': 5.0}
performance on train data
                        precision    recall  f1-score   support

            ad hominem       0.91      0.97      0.94       225
            ad populum       0.97      0.93      0.95       158
     appeal to emotion       0.88      0.93      0.91       130
    circular reasoning       0.84      0.93      0.88       134
          equivocation       1.00      0.08      0.14        39
fallacy of credibility       0.82      0.90      0.86       107
  fallacy of extension       0.93      0.92      0.92       106
      fallacy of logic       0.82      0.85      0.83       121
  fallacy of relevance       0.84      0.80      0.82       114
       false causality       0.94      0.94      0.94       174
         false dilemma       0.94      0.90      0.92       110
 faulty generalization       0.97      0.94      0.95       319
           intentional       0.79      0.88      0.83       112

              accuracy                           0.90      1849
             macro avg       0.90      0.84      0.84      1849
          weighted avg       0.90      0.90      0.89      1849

performance on train data
                        precision    recall  f1-score   support

            ad hominem       0.67      0.83      0.74        36
            ad populum       0.83      0.77      0.80        44
     appeal to emotion       0.64      0.64      0.64        14
    circular reasoning       0.65      0.61      0.63        18
          equivocation       0.00      0.00      0.00         5
fallacy of credibility       0.31      0.62      0.42         8
  fallacy of extension       0.42      0.57      0.48        14
      fallacy of logic       0.65      0.76      0.70        17
  fallacy of relevance       0.86      0.50      0.63        24
       false causality       0.76      0.67      0.71        24
         false dilemma       0.76      0.68      0.72        19
 faulty generalization       0.69      0.67      0.68        61
           intentional       0.53      0.56      0.55        16

              accuracy                           0.67       300
             macro avg       0.60      0.61      0.59       300
          weighted avg       0.68      0.67      0.67       300

performance on train data
                        precision    recall  f1-score   support

            ad hominem       0.73      0.85      0.79        41
            ad populum       0.68      0.83      0.75        30
     appeal to emotion       0.87      0.57      0.68        23
    circular reasoning       0.43      0.47      0.45        19
          equivocation       0.00      0.00      0.00         5
fallacy of credibility       0.43      0.53      0.47        17
  fallacy of extension       0.64      0.43      0.51        21
      fallacy of logic       0.29      0.36      0.32        14
  fallacy of relevance       0.47      0.33      0.39        24
       false causality       0.75      0.67      0.71        18
         false dilemma       0.62      0.83      0.71        12
 faulty generalization       0.67      0.64      0.66        61
           intentional       0.35      0.47      0.40        15

              accuracy                           0.60       300
             macro avg       0.53      0.54      0.53       300
          weighted avg       0.61      0.60      0.60       300

case based reasoning with 1 cases and simcse similarity filtering on useful cases
cuda
using GPU
Model loaded!
Start the training ...
{'loss': 2.5231, 'learning_rate': 1.913793103448276e-05, 'epoch': 0.22}
{'eval_loss': 2.42085862159729, 'eval_accuracy': 0.20333333333333334, 'eval_f1': 0.06871652816251154, 'eval_precision': 0.04134444444444445, 'eval_recall': 0.20333333333333334, 'eval_runtime': 0.3523, 'eval_samples_per_second': 851.471, 'eval_steps_per_second': 107.853, 'epoch': 0.22}
{'loss': 2.4677, 'learning_rate': 1.827586206896552e-05, 'epoch': 0.43}
{'eval_loss': 2.4069743156433105, 'eval_accuracy': 0.20333333333333334, 'eval_f1': 0.06871652816251154, 'eval_precision': 0.04134444444444445, 'eval_recall': 0.20333333333333334, 'eval_runtime': 0.351, 'eval_samples_per_second': 854.816, 'eval_steps_per_second': 108.277, 'epoch': 0.43}
{'loss': 2.4139, 'learning_rate': 1.7413793103448276e-05, 'epoch': 0.65}
{'eval_loss': 2.2526252269744873, 'eval_accuracy': 0.29, 'eval_f1': 0.21454706019903, 'eval_precision': 0.32720399836801306, 'eval_recall': 0.29, 'eval_runtime': 0.3525, 'eval_samples_per_second': 851.132, 'eval_steps_per_second': 107.81, 'epoch': 0.65}
{'loss': 2.3099, 'learning_rate': 1.6551724137931037e-05, 'epoch': 0.86}
{'eval_loss': 2.0378763675689697, 'eval_accuracy': 0.35333333333333333, 'eval_f1': 0.2804670011148272, 'eval_precision': 0.3834219649839333, 'eval_recall': 0.35333333333333333, 'eval_runtime': 0.3502, 'eval_samples_per_second': 856.556, 'eval_steps_per_second': 108.497, 'epoch': 0.86}
{'loss': 2.0081, 'learning_rate': 1.5689655172413794e-05, 'epoch': 1.08}
{'eval_loss': 1.809217095375061, 'eval_accuracy': 0.47, 'eval_f1': 0.4025443788378062, 'eval_precision': 0.4867598964135494, 'eval_recall': 0.47, 'eval_runtime': 0.3526, 'eval_samples_per_second': 850.831, 'eval_steps_per_second': 107.772, 'epoch': 1.08}
{'loss': 1.7611, 'learning_rate': 1.4827586206896554e-05, 'epoch': 1.29}
{'eval_loss': 1.726375937461853, 'eval_accuracy': 0.48, 'eval_f1': 0.4497839729900418, 'eval_precision': 0.5324946164946165, 'eval_recall': 0.48, 'eval_runtime': 0.3507, 'eval_samples_per_second': 855.369, 'eval_steps_per_second': 108.347, 'epoch': 1.29}
{'loss': 1.7932, 'learning_rate': 1.3965517241379311e-05, 'epoch': 1.51}
{'eval_loss': 1.6407686471939087, 'eval_accuracy': 0.5066666666666667, 'eval_f1': 0.4789513174969678, 'eval_precision': 0.5050058002955806, 'eval_recall': 0.5066666666666667, 'eval_runtime': 0.3509, 'eval_samples_per_second': 854.978, 'eval_steps_per_second': 108.297, 'epoch': 1.51}
{'loss': 1.5609, 'learning_rate': 1.310344827586207e-05, 'epoch': 1.72}
{'eval_loss': 1.552552580833435, 'eval_accuracy': 0.5266666666666666, 'eval_f1': 0.5091082489226207, 'eval_precision': 0.523094911413697, 'eval_recall': 0.5266666666666666, 'eval_runtime': 0.3529, 'eval_samples_per_second': 850.181, 'eval_steps_per_second': 107.69, 'epoch': 1.72}
{'loss': 1.6416, 'learning_rate': 1.2241379310344827e-05, 'epoch': 1.94}
{'eval_loss': 1.4750711917877197, 'eval_accuracy': 0.5566666666666666, 'eval_f1': 0.5470792698777017, 'eval_precision': 0.5585774505103036, 'eval_recall': 0.5566666666666666, 'eval_runtime': 0.3512, 'eval_samples_per_second': 854.249, 'eval_steps_per_second': 108.205, 'epoch': 1.94}
{'loss': 1.328, 'learning_rate': 1.1379310344827587e-05, 'epoch': 2.16}
{'eval_loss': 1.3964595794677734, 'eval_accuracy': 0.58, 'eval_f1': 0.572645476715312, 'eval_precision': 0.6026450861498582, 'eval_recall': 0.58, 'eval_runtime': 0.361, 'eval_samples_per_second': 831.086, 'eval_steps_per_second': 105.271, 'epoch': 2.16}
{'loss': 1.0815, 'learning_rate': 1.0517241379310346e-05, 'epoch': 2.37}
{'eval_loss': 1.4158490896224976, 'eval_accuracy': 0.57, 'eval_f1': 0.5574941526139386, 'eval_precision': 0.5845891641962674, 'eval_recall': 0.57, 'eval_runtime': 0.3516, 'eval_samples_per_second': 853.122, 'eval_steps_per_second': 108.062, 'epoch': 2.37}
{'loss': 1.1907, 'learning_rate': 9.655172413793105e-06, 'epoch': 2.59}
{'eval_loss': 1.4265105724334717, 'eval_accuracy': 0.5733333333333334, 'eval_f1': 0.5653141314294288, 'eval_precision': 0.5966501648899916, 'eval_recall': 0.5733333333333334, 'eval_runtime': 0.3523, 'eval_samples_per_second': 851.485, 'eval_steps_per_second': 107.855, 'epoch': 2.59}
{'loss': 1.1825, 'learning_rate': 8.793103448275862e-06, 'epoch': 2.8}
{'eval_loss': 1.3619368076324463, 'eval_accuracy': 0.59, 'eval_f1': 0.5793965048816508, 'eval_precision': 0.5853593264503562, 'eval_recall': 0.59, 'eval_runtime': 0.3513, 'eval_samples_per_second': 854.027, 'eval_steps_per_second': 108.177, 'epoch': 2.8}
{'loss': 1.0915, 'learning_rate': 7.93103448275862e-06, 'epoch': 3.02}
{'eval_loss': 1.3257256746292114, 'eval_accuracy': 0.5966666666666667, 'eval_f1': 0.593001867580039, 'eval_precision': 0.605950773983349, 'eval_recall': 0.5966666666666667, 'eval_runtime': 0.3844, 'eval_samples_per_second': 780.363, 'eval_steps_per_second': 98.846, 'epoch': 3.02}
{'loss': 0.8226, 'learning_rate': 7.0689655172413796e-06, 'epoch': 3.23}
{'eval_loss': 1.2961872816085815, 'eval_accuracy': 0.6133333333333333, 'eval_f1': 0.6042384947735653, 'eval_precision': 0.6227475881817988, 'eval_recall': 0.6133333333333333, 'eval_runtime': 0.352, 'eval_samples_per_second': 852.224, 'eval_steps_per_second': 107.948, 'epoch': 3.23}
{'loss': 0.8121, 'learning_rate': 6.206896551724138e-06, 'epoch': 3.45}
{'eval_loss': 1.301518201828003, 'eval_accuracy': 0.6133333333333333, 'eval_f1': 0.6084279451865141, 'eval_precision': 0.6307718138041507, 'eval_recall': 0.6133333333333333, 'eval_runtime': 0.4012, 'eval_samples_per_second': 747.841, 'eval_steps_per_second': 94.727, 'epoch': 3.45}
{'loss': 0.8084, 'learning_rate': 5.344827586206896e-06, 'epoch': 3.66}
{'eval_loss': 1.2794747352600098, 'eval_accuracy': 0.62, 'eval_f1': 0.606540744875241, 'eval_precision': 0.6279348832880417, 'eval_recall': 0.62, 'eval_runtime': 0.3514, 'eval_samples_per_second': 853.657, 'eval_steps_per_second': 108.13, 'epoch': 3.66}
{'loss': 0.8975, 'learning_rate': 4.482758620689656e-06, 'epoch': 3.88}
{'eval_loss': 1.2467331886291504, 'eval_accuracy': 0.6333333333333333, 'eval_f1': 0.630310154454978, 'eval_precision': 0.6442069464529977, 'eval_recall': 0.6333333333333333, 'eval_runtime': 0.3528, 'eval_samples_per_second': 850.386, 'eval_steps_per_second': 107.716, 'epoch': 3.88}
{'loss': 0.7452, 'learning_rate': 3.620689655172414e-06, 'epoch': 4.09}
{'eval_loss': 1.2412374019622803, 'eval_accuracy': 0.62, 'eval_f1': 0.6126349054509721, 'eval_precision': 0.618794043113006, 'eval_recall': 0.62, 'eval_runtime': 0.3546, 'eval_samples_per_second': 845.905, 'eval_steps_per_second': 107.148, 'epoch': 4.09}
{'loss': 0.6489, 'learning_rate': 2.7586206896551725e-06, 'epoch': 4.31}
{'eval_loss': 1.2485085725784302, 'eval_accuracy': 0.6333333333333333, 'eval_f1': 0.627235230283655, 'eval_precision': 0.6322951814690945, 'eval_recall': 0.6333333333333333, 'eval_runtime': 0.3967, 'eval_samples_per_second': 756.223, 'eval_steps_per_second': 95.788, 'epoch': 4.31}
{'loss': 0.547, 'learning_rate': 1.896551724137931e-06, 'epoch': 4.53}
{'eval_loss': 1.2588582038879395, 'eval_accuracy': 0.6333333333333333, 'eval_f1': 0.626718467982683, 'eval_precision': 0.6370203632515115, 'eval_recall': 0.6333333333333333, 'eval_runtime': 0.3517, 'eval_samples_per_second': 852.976, 'eval_steps_per_second': 108.044, 'epoch': 4.53}
{'loss': 0.643, 'learning_rate': 1.0344827586206898e-06, 'epoch': 4.74}
{'eval_loss': 1.2494714260101318, 'eval_accuracy': 0.6466666666666666, 'eval_f1': 0.6431091009463152, 'eval_precision': 0.6632969667895435, 'eval_recall': 0.6466666666666666, 'eval_runtime': 0.3526, 'eval_samples_per_second': 850.911, 'eval_steps_per_second': 107.782, 'epoch': 4.74}
{'loss': 0.6128, 'learning_rate': 1.7241379310344828e-07, 'epoch': 4.96}
{'eval_loss': 1.249230146408081, 'eval_accuracy': 0.6533333333333333, 'eval_f1': 0.6495739626741549, 'eval_precision': 0.6638289321789322, 'eval_recall': 0.6533333333333333, 'eval_runtime': 0.3519, 'eval_samples_per_second': 852.432, 'eval_steps_per_second': 107.975, 'epoch': 4.96}
{'train_runtime': 99.3677, 'train_samples_per_second': 93.038, 'train_steps_per_second': 11.674, 'train_loss': 1.3351171707284861, 'epoch': 5.0}
performance on train data
                        precision    recall  f1-score   support

            ad hominem       0.97      0.98      0.98       225
            ad populum       0.97      0.93      0.95       158
     appeal to emotion       0.87      0.93      0.90       130
    circular reasoning       0.84      0.85      0.84       134
          equivocation       0.00      0.00      0.00        39
fallacy of credibility       0.78      0.92      0.84       107
  fallacy of extension       0.86      0.95      0.91       106
      fallacy of logic       0.76      0.77      0.77       121
  fallacy of relevance       0.83      0.76      0.79       114
       false causality       0.92      0.95      0.94       174
         false dilemma       0.93      0.91      0.92       110
 faulty generalization       0.94      0.93      0.94       319
           intentional       0.80      0.87      0.83       112

              accuracy                           0.89      1849
             macro avg       0.81      0.83      0.82      1849
          weighted avg       0.87      0.89      0.88      1849

performance on train data
                        precision    recall  f1-score   support

            ad hominem       0.69      0.81      0.74        36
            ad populum       0.83      0.80      0.81        44
     appeal to emotion       0.56      0.64      0.60        14
    circular reasoning       0.60      0.67      0.63        18
          equivocation       0.00      0.00      0.00         5
fallacy of credibility       0.36      0.62      0.45         8
  fallacy of extension       0.57      0.57      0.57        14
      fallacy of logic       0.55      0.71      0.62        17
  fallacy of relevance       0.83      0.42      0.56        24
       false causality       0.68      0.71      0.69        24
         false dilemma       0.75      0.63      0.69        19
 faulty generalization       0.68      0.62      0.65        61
           intentional       0.43      0.56      0.49        16

              accuracy                           0.65       300
             macro avg       0.58      0.60      0.58       300
          weighted avg       0.66      0.65      0.65       300

performance on train data
                        precision    recall  f1-score   support

            ad hominem       0.66      0.80      0.73        41
            ad populum       0.67      0.80      0.73        30
     appeal to emotion       0.65      0.48      0.55        23
    circular reasoning       0.56      0.53      0.54        19
          equivocation       0.00      0.00      0.00         5
fallacy of credibility       0.47      0.53      0.50        17
  fallacy of extension       0.59      0.48      0.53        21
      fallacy of logic       0.50      0.50      0.50        14
  fallacy of relevance       0.58      0.29      0.39        24
       false causality       0.60      0.67      0.63        18
         false dilemma       0.69      0.92      0.79        12
 faulty generalization       0.67      0.67      0.67        61
           intentional       0.30      0.40      0.34        15

              accuracy                           0.60       300
             macro avg       0.53      0.54      0.53       300
          weighted avg       0.59      0.60      0.59       300

case based reasoning with 2 cases and simcse similarity
cuda
using GPU
Model loaded!
Start the training ...
{'loss': 2.5267, 'learning_rate': 1.913793103448276e-05, 'epoch': 0.22}
{'eval_loss': 2.425142526626587, 'eval_accuracy': 0.20333333333333334, 'eval_f1': 0.06871652816251154, 'eval_precision': 0.04134444444444445, 'eval_recall': 0.20333333333333334, 'eval_runtime': 0.4571, 'eval_samples_per_second': 656.319, 'eval_steps_per_second': 83.134, 'epoch': 0.22}
{'loss': 2.4496, 'learning_rate': 1.827586206896552e-05, 'epoch': 0.43}
{'eval_loss': 2.3408141136169434, 'eval_accuracy': 0.21666666666666667, 'eval_f1': 0.09683353041650243, 'eval_precision': 0.12735251097025843, 'eval_recall': 0.21666666666666667, 'eval_runtime': 0.4543, 'eval_samples_per_second': 660.331, 'eval_steps_per_second': 83.642, 'epoch': 0.43}
{'loss': 2.3467, 'learning_rate': 1.7413793103448276e-05, 'epoch': 0.65}
{'eval_loss': 2.1401567459106445, 'eval_accuracy': 0.36, 'eval_f1': 0.28369457843099904, 'eval_precision': 0.2511055650330307, 'eval_recall': 0.36, 'eval_runtime': 0.4815, 'eval_samples_per_second': 623.044, 'eval_steps_per_second': 78.919, 'epoch': 0.65}
{'loss': 2.2551, 'learning_rate': 1.6551724137931037e-05, 'epoch': 0.86}
{'eval_loss': 1.9945727586746216, 'eval_accuracy': 0.3933333333333333, 'eval_f1': 0.33457432084823385, 'eval_precision': 0.4777836435793833, 'eval_recall': 0.3933333333333333, 'eval_runtime': 0.4541, 'eval_samples_per_second': 660.61, 'eval_steps_per_second': 83.677, 'epoch': 0.86}
{'loss': 2.0117, 'learning_rate': 1.5689655172413794e-05, 'epoch': 1.08}
{'eval_loss': 1.8168953657150269, 'eval_accuracy': 0.48, 'eval_f1': 0.4403123675564947, 'eval_precision': 0.5006067275395005, 'eval_recall': 0.48, 'eval_runtime': 0.4532, 'eval_samples_per_second': 661.998, 'eval_steps_per_second': 83.853, 'epoch': 1.08}
{'loss': 1.7613, 'learning_rate': 1.4827586206896554e-05, 'epoch': 1.29}
{'eval_loss': 1.7047922611236572, 'eval_accuracy': 0.51, 'eval_f1': 0.49027040014109985, 'eval_precision': 0.5133514160959813, 'eval_recall': 0.51, 'eval_runtime': 0.4551, 'eval_samples_per_second': 659.178, 'eval_steps_per_second': 83.496, 'epoch': 1.29}
{'loss': 1.7734, 'learning_rate': 1.3965517241379311e-05, 'epoch': 1.51}
