/cluster/raid/home/zhivar.sourati/logical-fallacy-identification/AMR_parsers_and_graphs
Thu Sep 29 00:17:07 2022       
+-----------------------------------------------------------------------------+
| NVIDIA-SMI 460.32.03    Driver Version: 460.32.03    CUDA Version: 11.2     |
|-------------------------------+----------------------+----------------------+
| GPU  Name        Persistence-M| Bus-Id        Disp.A | Volatile Uncorr. ECC |
| Fan  Temp  Perf  Pwr:Usage/Cap|         Memory-Usage | GPU-Util  Compute M. |
|                               |                      |               MIG M. |
|===============================+======================+======================|
|   0  Tesla V100-PCIE...  Off  | 00000000:05:00.0 Off |                    0 |
| N/A   31C    P0    24W / 250W |      0MiB / 16160MiB |      0%      Default |
|                               |                      |                  N/A |
+-------------------------------+----------------------+----------------------+
                                                                               
+-----------------------------------------------------------------------------+
| Processes:                                                                  |
|  GPU   GI   CI        PID   Type   Process name                  GPU Memory |
|        ID   ID                                                   Usage      |
|=============================================================================|
|  No running processes found                                                 |
+-----------------------------------------------------------------------------+
0
cuda
Model loaded!
Start the training ...
{'loss': 2.5222, 'learning_rate': 4.892241379310345e-05, 'epoch': 0.22}
{'eval_loss': 2.449932098388672, 'eval_accuracy': 0.21, 'eval_f1': 0.0813065057008719, 'eval_precision': 0.08218820861678004, 'eval_recall': 0.21, 'eval_runtime': 0.6363, 'eval_samples_per_second': 471.504, 'eval_steps_per_second': 59.724, 'epoch': 0.22}
{'loss': 2.4699, 'learning_rate': 4.78448275862069e-05, 'epoch': 0.43}
{'eval_loss': 2.3460588455200195, 'eval_accuracy': 0.23, 'eval_f1': 0.11197705207413947, 'eval_precision': 0.07888957816377172, 'eval_recall': 0.23, 'eval_runtime': 0.6329, 'eval_samples_per_second': 474.028, 'eval_steps_per_second': 60.044, 'epoch': 0.43}
{'loss': 2.3274, 'learning_rate': 4.6767241379310346e-05, 'epoch': 0.65}
{'eval_loss': 2.027003526687622, 'eval_accuracy': 0.37666666666666665, 'eval_f1': 0.3138573659945848, 'eval_precision': 0.37100823480580675, 'eval_recall': 0.37666666666666665, 'eval_runtime': 0.6317, 'eval_samples_per_second': 474.901, 'eval_steps_per_second': 60.154, 'epoch': 0.65}
{'loss': 2.1299, 'learning_rate': 4.5689655172413794e-05, 'epoch': 0.86}
{'eval_loss': 1.7439042329788208, 'eval_accuracy': 0.4666666666666667, 'eval_f1': 0.41026324030579353, 'eval_precision': 0.43323000289409824, 'eval_recall': 0.4666666666666667, 'eval_runtime': 0.6331, 'eval_samples_per_second': 473.849, 'eval_steps_per_second': 60.021, 'epoch': 0.86}
{'loss': 1.7571, 'learning_rate': 4.461206896551724e-05, 'epoch': 1.08}
{'eval_loss': 1.560568928718567, 'eval_accuracy': 0.5033333333333333, 'eval_f1': 0.45057819717887926, 'eval_precision': 0.5171733999355969, 'eval_recall': 0.5033333333333333, 'eval_runtime': 0.6356, 'eval_samples_per_second': 471.971, 'eval_steps_per_second': 59.783, 'epoch': 1.08}
{'loss': 1.5233, 'learning_rate': 4.353448275862069e-05, 'epoch': 1.29}
{'eval_loss': 1.4648568630218506, 'eval_accuracy': 0.5433333333333333, 'eval_f1': 0.5331109518412642, 'eval_precision': 0.649869819343442, 'eval_recall': 0.5433333333333333, 'eval_runtime': 0.6332, 'eval_samples_per_second': 473.819, 'eval_steps_per_second': 60.017, 'epoch': 1.29}
{'loss': 1.56, 'learning_rate': 4.245689655172414e-05, 'epoch': 1.51}
{'eval_loss': 1.3331156969070435, 'eval_accuracy': 0.6033333333333334, 'eval_f1': 0.5811263343083815, 'eval_precision': 0.5811621877634049, 'eval_recall': 0.6033333333333334, 'eval_runtime': 0.6322, 'eval_samples_per_second': 474.57, 'eval_steps_per_second': 60.112, 'epoch': 1.51}
{'loss': 1.3176, 'learning_rate': 4.1379310344827587e-05, 'epoch': 1.72}
{'eval_loss': 1.2615985870361328, 'eval_accuracy': 0.6366666666666667, 'eval_f1': 0.621602769175208, 'eval_precision': 0.6535557416419745, 'eval_recall': 0.6366666666666667, 'eval_runtime': 0.636, 'eval_samples_per_second': 471.694, 'eval_steps_per_second': 59.748, 'epoch': 1.72}
{'loss': 1.4264, 'learning_rate': 4.0301724137931035e-05, 'epoch': 1.94}
{'eval_loss': 1.2114078998565674, 'eval_accuracy': 0.6433333333333333, 'eval_f1': 0.6387193251358485, 'eval_precision': 0.6602481670893346, 'eval_recall': 0.6433333333333333, 'eval_runtime': 0.6335, 'eval_samples_per_second': 473.583, 'eval_steps_per_second': 59.987, 'epoch': 1.94}
{'loss': 1.0161, 'learning_rate': 3.922413793103448e-05, 'epoch': 2.16}
{'eval_loss': 1.166500210762024, 'eval_accuracy': 0.66, 'eval_f1': 0.6502810213451432, 'eval_precision': 0.6814544971962966, 'eval_recall': 0.66, 'eval_runtime': 0.6337, 'eval_samples_per_second': 473.407, 'eval_steps_per_second': 59.965, 'epoch': 2.16}
{'loss': 0.8201, 'learning_rate': 3.814655172413794e-05, 'epoch': 2.37}
{'eval_loss': 1.308129072189331, 'eval_accuracy': 0.6433333333333333, 'eval_f1': 0.6460601243599363, 'eval_precision': 0.6948711606781782, 'eval_recall': 0.6433333333333333, 'eval_runtime': 0.6301, 'eval_samples_per_second': 476.105, 'eval_steps_per_second': 60.307, 'epoch': 2.37}
{'loss': 0.8735, 'learning_rate': 3.7068965517241385e-05, 'epoch': 2.59}
{'eval_loss': 1.3726650476455688, 'eval_accuracy': 0.6033333333333334, 'eval_f1': 0.6124893903502013, 'eval_precision': 0.6943501956301412, 'eval_recall': 0.6033333333333334, 'eval_runtime': 0.6313, 'eval_samples_per_second': 475.234, 'eval_steps_per_second': 60.196, 'epoch': 2.59}
{'loss': 0.8459, 'learning_rate': 3.5991379310344833e-05, 'epoch': 2.8}
{'eval_loss': 1.286379337310791, 'eval_accuracy': 0.66, 'eval_f1': 0.65361680750028, 'eval_precision': 0.7047295473452689, 'eval_recall': 0.66, 'eval_runtime': 0.6313, 'eval_samples_per_second': 475.245, 'eval_steps_per_second': 60.198, 'epoch': 2.8}
{'loss': 0.8824, 'learning_rate': 3.4913793103448275e-05, 'epoch': 3.02}
{'eval_loss': 1.1652854681015015, 'eval_accuracy': 0.6833333333333333, 'eval_f1': 0.6854607232751926, 'eval_precision': 0.7243313920383693, 'eval_recall': 0.6833333333333333, 'eval_runtime': 0.6378, 'eval_samples_per_second': 470.351, 'eval_steps_per_second': 59.578, 'epoch': 3.02}
{'loss': 0.5207, 'learning_rate': 3.383620689655172e-05, 'epoch': 3.23}
{'eval_loss': 1.138443112373352, 'eval_accuracy': 0.7, 'eval_f1': 0.700657152241891, 'eval_precision': 0.7226380469175597, 'eval_recall': 0.7, 'eval_runtime': 0.6328, 'eval_samples_per_second': 474.095, 'eval_steps_per_second': 60.052, 'epoch': 3.23}
{'loss': 0.4302, 'learning_rate': 3.275862068965517e-05, 'epoch': 3.45}
{'eval_loss': 1.2994767427444458, 'eval_accuracy': 0.7133333333333334, 'eval_f1': 0.7077983846216026, 'eval_precision': 0.7244270662060303, 'eval_recall': 0.7133333333333334, 'eval_runtime': 0.6312, 'eval_samples_per_second': 475.268, 'eval_steps_per_second': 60.201, 'epoch': 3.45}
{'loss': 0.448, 'learning_rate': 3.168103448275862e-05, 'epoch': 3.66}
{'eval_loss': 1.245078682899475, 'eval_accuracy': 0.6966666666666667, 'eval_f1': 0.6922680601891305, 'eval_precision': 0.7048091625428835, 'eval_recall': 0.6966666666666667, 'eval_runtime': 0.6354, 'eval_samples_per_second': 472.118, 'eval_steps_per_second': 59.802, 'epoch': 3.66}
{'loss': 0.5636, 'learning_rate': 3.060344827586207e-05, 'epoch': 3.88}
{'eval_loss': 1.2430675029754639, 'eval_accuracy': 0.71, 'eval_f1': 0.7063806339101748, 'eval_precision': 0.7316193126675534, 'eval_recall': 0.71, 'eval_runtime': 0.6304, 'eval_samples_per_second': 475.851, 'eval_steps_per_second': 60.274, 'epoch': 3.88}
{'loss': 0.463, 'learning_rate': 2.952586206896552e-05, 'epoch': 4.09}
{'eval_loss': 1.2392958402633667, 'eval_accuracy': 0.7033333333333334, 'eval_f1': 0.6978254780098433, 'eval_precision': 0.7101115888124567, 'eval_recall': 0.7033333333333334, 'eval_runtime': 0.63, 'eval_samples_per_second': 476.169, 'eval_steps_per_second': 60.315, 'epoch': 4.09}
{'loss': 0.2363, 'learning_rate': 2.844827586206897e-05, 'epoch': 4.31}
{'eval_loss': 1.3154672384262085, 'eval_accuracy': 0.7, 'eval_f1': 0.6956886748358524, 'eval_precision': 0.7102502178902607, 'eval_recall': 0.7, 'eval_runtime': 0.6303, 'eval_samples_per_second': 475.98, 'eval_steps_per_second': 60.291, 'epoch': 4.31}
{'loss': 0.3252, 'learning_rate': 2.7370689655172414e-05, 'epoch': 4.53}
{'eval_loss': 1.4141387939453125, 'eval_accuracy': 0.7033333333333334, 'eval_f1': 0.7058314805682296, 'eval_precision': 0.743422363208754, 'eval_recall': 0.7033333333333334, 'eval_runtime': 0.6346, 'eval_samples_per_second': 472.765, 'eval_steps_per_second': 59.884, 'epoch': 4.53}
{'loss': 0.2803, 'learning_rate': 2.6293103448275862e-05, 'epoch': 4.74}
{'eval_loss': 1.515255331993103, 'eval_accuracy': 0.7266666666666667, 'eval_f1': 0.7261509294247925, 'eval_precision': 0.7483186934659977, 'eval_recall': 0.7266666666666667, 'eval_runtime': 0.6318, 'eval_samples_per_second': 474.851, 'eval_steps_per_second': 60.148, 'epoch': 4.74}
{'loss': 0.2945, 'learning_rate': 2.521551724137931e-05, 'epoch': 4.96}
{'eval_loss': 1.3606994152069092, 'eval_accuracy': 0.7366666666666667, 'eval_f1': 0.7335813581399363, 'eval_precision': 0.7448733604086545, 'eval_recall': 0.7366666666666667, 'eval_runtime': 0.6332, 'eval_samples_per_second': 473.795, 'eval_steps_per_second': 60.014, 'epoch': 4.96}
{'loss': 0.2053, 'learning_rate': 2.413793103448276e-05, 'epoch': 5.17}
{'eval_loss': 1.5308302640914917, 'eval_accuracy': 0.6966666666666667, 'eval_f1': 0.6991734297080164, 'eval_precision': 0.7172079520365965, 'eval_recall': 0.6966666666666667, 'eval_runtime': 0.6371, 'eval_samples_per_second': 470.889, 'eval_steps_per_second': 59.646, 'epoch': 5.17}
{'loss': 0.2096, 'learning_rate': 2.306034482758621e-05, 'epoch': 5.39}
{'eval_loss': 1.5980218648910522, 'eval_accuracy': 0.7266666666666667, 'eval_f1': 0.7263366117837666, 'eval_precision': 0.7450345085596821, 'eval_recall': 0.7266666666666667, 'eval_runtime': 0.6372, 'eval_samples_per_second': 470.827, 'eval_steps_per_second': 59.638, 'epoch': 5.39}
{'loss': 0.193, 'learning_rate': 2.1982758620689654e-05, 'epoch': 5.6}
{'eval_loss': 1.483895182609558, 'eval_accuracy': 0.74, 'eval_f1': 0.7402235216890388, 'eval_precision': 0.7637892257406159, 'eval_recall': 0.74, 'eval_runtime': 0.6299, 'eval_samples_per_second': 476.245, 'eval_steps_per_second': 60.324, 'epoch': 5.6}
{'loss': 0.2476, 'learning_rate': 2.0905172413793102e-05, 'epoch': 5.82}
{'eval_loss': 1.3804010152816772, 'eval_accuracy': 0.75, 'eval_f1': 0.7532551833222171, 'eval_precision': 0.7686538583764589, 'eval_recall': 0.75, 'eval_runtime': 0.6353, 'eval_samples_per_second': 472.196, 'eval_steps_per_second': 59.812, 'epoch': 5.82}
{'loss': 0.1033, 'learning_rate': 1.9827586206896554e-05, 'epoch': 6.03}
{'eval_loss': 1.4692916870117188, 'eval_accuracy': 0.7333333333333333, 'eval_f1': 0.7325591561968686, 'eval_precision': 0.7428593281409664, 'eval_recall': 0.7333333333333333, 'eval_runtime': 0.6342, 'eval_samples_per_second': 473.023, 'eval_steps_per_second': 59.916, 'epoch': 6.03}
{'loss': 0.0882, 'learning_rate': 1.8750000000000002e-05, 'epoch': 6.25}
{'eval_loss': 1.6524308919906616, 'eval_accuracy': 0.7266666666666667, 'eval_f1': 0.7279785669759493, 'eval_precision': 0.7420863183556681, 'eval_recall': 0.7266666666666667, 'eval_runtime': 0.6373, 'eval_samples_per_second': 470.714, 'eval_steps_per_second': 59.624, 'epoch': 6.25}
{'loss': 0.1145, 'learning_rate': 1.767241379310345e-05, 'epoch': 6.47}
{'eval_loss': 1.6631289720535278, 'eval_accuracy': 0.7333333333333333, 'eval_f1': 0.7331513983125278, 'eval_precision': 0.7445899123534738, 'eval_recall': 0.7333333333333333, 'eval_runtime': 0.6346, 'eval_samples_per_second': 472.712, 'eval_steps_per_second': 59.877, 'epoch': 6.47}
{'loss': 0.0526, 'learning_rate': 1.6594827586206898e-05, 'epoch': 6.68}
{'eval_loss': 1.7322896718978882, 'eval_accuracy': 0.73, 'eval_f1': 0.7328563844441045, 'eval_precision': 0.754569302242473, 'eval_recall': 0.73, 'eval_runtime': 0.6324, 'eval_samples_per_second': 474.357, 'eval_steps_per_second': 60.085, 'epoch': 6.68}
{'loss': 0.1396, 'learning_rate': 1.5517241379310346e-05, 'epoch': 6.9}
{'eval_loss': 1.7231693267822266, 'eval_accuracy': 0.7233333333333334, 'eval_f1': 0.7239152136441046, 'eval_precision': 0.7466655088404315, 'eval_recall': 0.7233333333333334, 'eval_runtime': 0.6308, 'eval_samples_per_second': 475.591, 'eval_steps_per_second': 60.241, 'epoch': 6.9}
{'loss': 0.0886, 'learning_rate': 1.4439655172413794e-05, 'epoch': 7.11}
{'eval_loss': 1.6291553974151611, 'eval_accuracy': 0.73, 'eval_f1': 0.7281260220935054, 'eval_precision': 0.7446702532187037, 'eval_recall': 0.73, 'eval_runtime': 0.63, 'eval_samples_per_second': 476.186, 'eval_steps_per_second': 60.317, 'epoch': 7.11}
{'loss': 0.047, 'learning_rate': 1.336206896551724e-05, 'epoch': 7.33}
{'eval_loss': 1.64321768283844, 'eval_accuracy': 0.7166666666666667, 'eval_f1': 0.7168378305927277, 'eval_precision': 0.7300327265327266, 'eval_recall': 0.7166666666666667, 'eval_runtime': 0.6377, 'eval_samples_per_second': 470.42, 'eval_steps_per_second': 59.587, 'epoch': 7.33}
{'loss': 0.0937, 'learning_rate': 1.228448275862069e-05, 'epoch': 7.54}
{'eval_loss': 1.7831677198410034, 'eval_accuracy': 0.72, 'eval_f1': 0.7203315867604514, 'eval_precision': 0.7323989504361021, 'eval_recall': 0.72, 'eval_runtime': 0.6314, 'eval_samples_per_second': 475.168, 'eval_steps_per_second': 60.188, 'epoch': 7.54}
{'loss': 0.021, 'learning_rate': 1.1206896551724138e-05, 'epoch': 7.76}
{'eval_loss': 1.7995373010635376, 'eval_accuracy': 0.73, 'eval_f1': 0.7296285414319312, 'eval_precision': 0.7481505112583418, 'eval_recall': 0.73, 'eval_runtime': 0.6311, 'eval_samples_per_second': 475.382, 'eval_steps_per_second': 60.215, 'epoch': 7.76}
{'loss': 0.0729, 'learning_rate': 1.0129310344827586e-05, 'epoch': 7.97}
{'eval_loss': 1.8251477479934692, 'eval_accuracy': 0.7266666666666667, 'eval_f1': 0.728875079201557, 'eval_precision': 0.7496106267776999, 'eval_recall': 0.7266666666666667, 'eval_runtime': 0.6318, 'eval_samples_per_second': 474.842, 'eval_steps_per_second': 60.147, 'epoch': 7.97}
{'loss': 0.076, 'learning_rate': 9.051724137931036e-06, 'epoch': 8.19}
{'eval_loss': 1.842350721359253, 'eval_accuracy': 0.7333333333333333, 'eval_f1': 0.7362168105319051, 'eval_precision': 0.7547474045038418, 'eval_recall': 0.7333333333333333, 'eval_runtime': 0.6295, 'eval_samples_per_second': 476.606, 'eval_steps_per_second': 60.37, 'epoch': 8.19}
{'loss': 0.0445, 'learning_rate': 7.974137931034484e-06, 'epoch': 8.41}
{'eval_loss': 1.8432470560073853, 'eval_accuracy': 0.7266666666666667, 'eval_f1': 0.7271741724917996, 'eval_precision': 0.7388407768701888, 'eval_recall': 0.7266666666666667, 'eval_runtime': 0.635, 'eval_samples_per_second': 472.464, 'eval_steps_per_second': 59.845, 'epoch': 8.41}
{'loss': 0.0323, 'learning_rate': 6.896551724137932e-06, 'epoch': 8.62}
{'eval_loss': 1.8368282318115234, 'eval_accuracy': 0.73, 'eval_f1': 0.7293950600196136, 'eval_precision': 0.7380922978455841, 'eval_recall': 0.73, 'eval_runtime': 0.6302, 'eval_samples_per_second': 476.063, 'eval_steps_per_second': 60.301, 'epoch': 8.62}
{'loss': 0.0487, 'learning_rate': 5.81896551724138e-06, 'epoch': 8.84}
{'eval_loss': 1.8513693809509277, 'eval_accuracy': 0.7266666666666667, 'eval_f1': 0.7268435447124362, 'eval_precision': 0.7388386399855188, 'eval_recall': 0.7266666666666667, 'eval_runtime': 0.6428, 'eval_samples_per_second': 466.693, 'eval_steps_per_second': 59.114, 'epoch': 8.84}
{'loss': 0.0343, 'learning_rate': 4.741379310344828e-06, 'epoch': 9.05}
{'eval_loss': 1.8592230081558228, 'eval_accuracy': 0.71, 'eval_f1': 0.710736973467647, 'eval_precision': 0.727180067746749, 'eval_recall': 0.71, 'eval_runtime': 0.6314, 'eval_samples_per_second': 475.156, 'eval_steps_per_second': 60.186, 'epoch': 9.05}
{'loss': 0.0132, 'learning_rate': 3.6637931034482757e-06, 'epoch': 9.27}
{'eval_loss': 1.8537451028823853, 'eval_accuracy': 0.72, 'eval_f1': 0.720330120065352, 'eval_precision': 0.7349967343972318, 'eval_recall': 0.72, 'eval_runtime': 0.6348, 'eval_samples_per_second': 472.572, 'eval_steps_per_second': 59.859, 'epoch': 9.27}
{'loss': 0.0652, 'learning_rate': 2.586206896551724e-06, 'epoch': 9.48}
{'eval_loss': 1.8538947105407715, 'eval_accuracy': 0.73, 'eval_f1': 0.73083190665403, 'eval_precision': 0.7458367370719029, 'eval_recall': 0.73, 'eval_runtime': 0.6387, 'eval_samples_per_second': 469.689, 'eval_steps_per_second': 59.494, 'epoch': 9.48}
{'loss': 0.0139, 'learning_rate': 1.5086206896551726e-06, 'epoch': 9.7}
{'eval_loss': 1.8523746728897095, 'eval_accuracy': 0.7266666666666667, 'eval_f1': 0.7267398414429633, 'eval_precision': 0.7401505598950425, 'eval_recall': 0.7266666666666667, 'eval_runtime': 0.6445, 'eval_samples_per_second': 465.443, 'eval_steps_per_second': 58.956, 'epoch': 9.7}
{'loss': 0.025, 'learning_rate': 4.3103448275862073e-07, 'epoch': 9.91}
{'eval_loss': 1.859117031097412, 'eval_accuracy': 0.7266666666666667, 'eval_f1': 0.7267398414429633, 'eval_precision': 0.7401505598950425, 'eval_recall': 0.7266666666666667, 'eval_runtime': 0.6364, 'eval_samples_per_second': 471.385, 'eval_steps_per_second': 59.709, 'epoch': 9.91}
{'train_runtime': 280.7451, 'train_samples_per_second': 65.86, 'train_steps_per_second': 8.264, 'train_loss': 0.5834759548948757, 'epoch': 10.0}
training finished!
cuda
Model loaded!
Start the training ...
{'loss': 2.5285, 'learning_rate': 4.892241379310345e-05, 'epoch': 0.22}
{'eval_loss': 2.4637246131896973, 'eval_accuracy': 0.20333333333333334, 'eval_f1': 0.06871652816251154, 'eval_precision': 0.04134444444444445, 'eval_recall': 0.20333333333333334, 'eval_runtime': 0.8135, 'eval_samples_per_second': 368.794, 'eval_steps_per_second': 46.714, 'epoch': 0.22}
{'loss': 2.5003, 'learning_rate': 4.78448275862069e-05, 'epoch': 0.43}
{'eval_loss': 2.427253484725952, 'eval_accuracy': 0.20333333333333334, 'eval_f1': 0.06871652816251154, 'eval_precision': 0.04134444444444445, 'eval_recall': 0.20333333333333334, 'eval_runtime': 0.8145, 'eval_samples_per_second': 368.31, 'eval_steps_per_second': 46.653, 'epoch': 0.43}
{'loss': 2.5044, 'learning_rate': 4.6767241379310346e-05, 'epoch': 0.65}
{'eval_loss': 2.4410572052001953, 'eval_accuracy': 0.20333333333333334, 'eval_f1': 0.06871652816251154, 'eval_precision': 0.04134444444444445, 'eval_recall': 0.20333333333333334, 'eval_runtime': 0.8119, 'eval_samples_per_second': 369.493, 'eval_steps_per_second': 46.802, 'epoch': 0.65}
{'loss': 2.5137, 'learning_rate': 4.5689655172413794e-05, 'epoch': 0.86}
{'eval_loss': 2.4440290927886963, 'eval_accuracy': 0.20333333333333334, 'eval_f1': 0.06871652816251154, 'eval_precision': 0.04134444444444445, 'eval_recall': 0.20333333333333334, 'eval_runtime': 0.8092, 'eval_samples_per_second': 370.742, 'eval_steps_per_second': 46.961, 'epoch': 0.86}
{'loss': 2.4521, 'learning_rate': 4.461206896551724e-05, 'epoch': 1.08}
{'eval_loss': 2.400310516357422, 'eval_accuracy': 0.20333333333333334, 'eval_f1': 0.06871652816251154, 'eval_precision': 0.04134444444444445, 'eval_recall': 0.20333333333333334, 'eval_runtime': 0.8116, 'eval_samples_per_second': 369.619, 'eval_steps_per_second': 46.818, 'epoch': 1.08}
{'loss': 2.4571, 'learning_rate': 4.353448275862069e-05, 'epoch': 1.29}
{'eval_loss': 2.417670965194702, 'eval_accuracy': 0.20333333333333334, 'eval_f1': 0.06871652816251154, 'eval_precision': 0.04134444444444445, 'eval_recall': 0.20333333333333334, 'eval_runtime': 0.8106, 'eval_samples_per_second': 370.113, 'eval_steps_per_second': 46.881, 'epoch': 1.29}
{'loss': 2.5102, 'learning_rate': 4.245689655172414e-05, 'epoch': 1.51}
{'eval_loss': 2.449859142303467, 'eval_accuracy': 0.20333333333333334, 'eval_f1': 0.06871652816251154, 'eval_precision': 0.04134444444444445, 'eval_recall': 0.20333333333333334, 'eval_runtime': 0.812, 'eval_samples_per_second': 369.48, 'eval_steps_per_second': 46.801, 'epoch': 1.51}
{'loss': 2.492, 'learning_rate': 4.1379310344827587e-05, 'epoch': 1.72}
{'eval_loss': 2.4264957904815674, 'eval_accuracy': 0.20333333333333334, 'eval_f1': 0.06871652816251154, 'eval_precision': 0.04134444444444445, 'eval_recall': 0.20333333333333334, 'eval_runtime': 0.8103, 'eval_samples_per_second': 370.25, 'eval_steps_per_second': 46.898, 'epoch': 1.72}
{'loss': 2.5251, 'learning_rate': 4.0301724137931035e-05, 'epoch': 1.94}
{'eval_loss': 2.4458208084106445, 'eval_accuracy': 0.20333333333333334, 'eval_f1': 0.06871652816251154, 'eval_precision': 0.04134444444444445, 'eval_recall': 0.20333333333333334, 'eval_runtime': 0.8142, 'eval_samples_per_second': 368.466, 'eval_steps_per_second': 46.672, 'epoch': 1.94}
{'loss': 2.4785, 'learning_rate': 3.922413793103448e-05, 'epoch': 2.16}
{'eval_loss': 2.4583375453948975, 'eval_accuracy': 0.20333333333333334, 'eval_f1': 0.06871652816251154, 'eval_precision': 0.04134444444444445, 'eval_recall': 0.20333333333333334, 'eval_runtime': 0.8109, 'eval_samples_per_second': 369.944, 'eval_steps_per_second': 46.86, 'epoch': 2.16}
{'loss': 2.4833, 'learning_rate': 3.814655172413794e-05, 'epoch': 2.37}
{'eval_loss': 2.4183452129364014, 'eval_accuracy': 0.20333333333333334, 'eval_f1': 0.06871652816251154, 'eval_precision': 0.04134444444444445, 'eval_recall': 0.20333333333333334, 'eval_runtime': 0.8112, 'eval_samples_per_second': 369.838, 'eval_steps_per_second': 46.846, 'epoch': 2.37}
{'loss': 2.4994, 'learning_rate': 3.7068965517241385e-05, 'epoch': 2.59}
{'eval_loss': 2.4353601932525635, 'eval_accuracy': 0.20333333333333334, 'eval_f1': 0.06871652816251154, 'eval_precision': 0.04134444444444445, 'eval_recall': 0.20333333333333334, 'eval_runtime': 0.8086, 'eval_samples_per_second': 371.016, 'eval_steps_per_second': 46.995, 'epoch': 2.59}
{'loss': 2.5106, 'learning_rate': 3.5991379310344833e-05, 'epoch': 2.8}
{'eval_loss': 2.4263315200805664, 'eval_accuracy': 0.20333333333333334, 'eval_f1': 0.06871652816251154, 'eval_precision': 0.04134444444444445, 'eval_recall': 0.20333333333333334, 'eval_runtime': 0.8084, 'eval_samples_per_second': 371.088, 'eval_steps_per_second': 47.005, 'epoch': 2.8}
{'loss': 2.477, 'learning_rate': 3.4913793103448275e-05, 'epoch': 3.02}
{'eval_loss': 2.4389584064483643, 'eval_accuracy': 0.20333333333333334, 'eval_f1': 0.06871652816251154, 'eval_precision': 0.04134444444444445, 'eval_recall': 0.20333333333333334, 'eval_runtime': 0.8082, 'eval_samples_per_second': 371.174, 'eval_steps_per_second': 47.015, 'epoch': 3.02}
{'loss': 2.4845, 'learning_rate': 3.383620689655172e-05, 'epoch': 3.23}
{'eval_loss': 2.419217824935913, 'eval_accuracy': 0.20333333333333334, 'eval_f1': 0.06871652816251154, 'eval_precision': 0.04134444444444445, 'eval_recall': 0.20333333333333334, 'eval_runtime': 0.8075, 'eval_samples_per_second': 371.511, 'eval_steps_per_second': 47.058, 'epoch': 3.23}
{'loss': 2.4999, 'learning_rate': 3.275862068965517e-05, 'epoch': 3.45}
{'eval_loss': 2.4342267513275146, 'eval_accuracy': 0.20333333333333334, 'eval_f1': 0.06871652816251154, 'eval_precision': 0.04134444444444445, 'eval_recall': 0.20333333333333334, 'eval_runtime': 0.8156, 'eval_samples_per_second': 367.818, 'eval_steps_per_second': 46.59, 'epoch': 3.45}
{'loss': 2.4565, 'learning_rate': 3.168103448275862e-05, 'epoch': 3.66}
{'eval_loss': 2.427185535430908, 'eval_accuracy': 0.20333333333333334, 'eval_f1': 0.06871652816251154, 'eval_precision': 0.04134444444444445, 'eval_recall': 0.20333333333333334, 'eval_runtime': 0.8106, 'eval_samples_per_second': 370.077, 'eval_steps_per_second': 46.876, 'epoch': 3.66}
{'loss': 2.507, 'learning_rate': 3.060344827586207e-05, 'epoch': 3.88}
{'eval_loss': 2.427910089492798, 'eval_accuracy': 0.20333333333333334, 'eval_f1': 0.06871652816251154, 'eval_precision': 0.04134444444444445, 'eval_recall': 0.20333333333333334, 'eval_runtime': 0.8104, 'eval_samples_per_second': 370.167, 'eval_steps_per_second': 46.888, 'epoch': 3.88}
{'loss': 2.4588, 'learning_rate': 2.952586206896552e-05, 'epoch': 4.09}
{'eval_loss': 2.4164485931396484, 'eval_accuracy': 0.20333333333333334, 'eval_f1': 0.06871652816251154, 'eval_precision': 0.04134444444444445, 'eval_recall': 0.20333333333333334, 'eval_runtime': 0.8077, 'eval_samples_per_second': 371.426, 'eval_steps_per_second': 47.047, 'epoch': 4.09}
{'loss': 2.5156, 'learning_rate': 2.844827586206897e-05, 'epoch': 4.31}
{'eval_loss': 2.4338464736938477, 'eval_accuracy': 0.20333333333333334, 'eval_f1': 0.06871652816251154, 'eval_precision': 0.04134444444444445, 'eval_recall': 0.20333333333333334, 'eval_runtime': 0.8093, 'eval_samples_per_second': 370.682, 'eval_steps_per_second': 46.953, 'epoch': 4.31}
{'loss': 2.4603, 'learning_rate': 2.7370689655172414e-05, 'epoch': 4.53}
{'eval_loss': 2.4144058227539062, 'eval_accuracy': 0.20333333333333334, 'eval_f1': 0.06871652816251154, 'eval_precision': 0.04134444444444445, 'eval_recall': 0.20333333333333334, 'eval_runtime': 0.8085, 'eval_samples_per_second': 371.048, 'eval_steps_per_second': 46.999, 'epoch': 4.53}
{'loss': 2.4864, 'learning_rate': 2.6293103448275862e-05, 'epoch': 4.74}
{'eval_loss': 2.422705888748169, 'eval_accuracy': 0.20333333333333334, 'eval_f1': 0.06871652816251154, 'eval_precision': 0.04134444444444445, 'eval_recall': 0.20333333333333334, 'eval_runtime': 0.8096, 'eval_samples_per_second': 370.535, 'eval_steps_per_second': 46.934, 'epoch': 4.74}
{'loss': 2.4959, 'learning_rate': 2.521551724137931e-05, 'epoch': 4.96}
{'eval_loss': 2.4164488315582275, 'eval_accuracy': 0.20333333333333334, 'eval_f1': 0.06871652816251154, 'eval_precision': 0.04134444444444445, 'eval_recall': 0.20333333333333334, 'eval_runtime': 0.8105, 'eval_samples_per_second': 370.124, 'eval_steps_per_second': 46.882, 'epoch': 4.96}
{'loss': 2.5231, 'learning_rate': 2.413793103448276e-05, 'epoch': 5.17}
{'eval_loss': 2.4429666996002197, 'eval_accuracy': 0.20333333333333334, 'eval_f1': 0.06871652816251154, 'eval_precision': 0.04134444444444445, 'eval_recall': 0.20333333333333334, 'eval_runtime': 0.8119, 'eval_samples_per_second': 369.512, 'eval_steps_per_second': 46.805, 'epoch': 5.17}
{'loss': 2.4864, 'learning_rate': 2.306034482758621e-05, 'epoch': 5.39}
{'eval_loss': 2.4347476959228516, 'eval_accuracy': 0.20333333333333334, 'eval_f1': 0.06871652816251154, 'eval_precision': 0.04134444444444445, 'eval_recall': 0.20333333333333334, 'eval_runtime': 0.8072, 'eval_samples_per_second': 371.64, 'eval_steps_per_second': 47.074, 'epoch': 5.39}
{'loss': 2.4232, 'learning_rate': 2.1982758620689654e-05, 'epoch': 5.6}
{'eval_loss': 2.4176230430603027, 'eval_accuracy': 0.20333333333333334, 'eval_f1': 0.06871652816251154, 'eval_precision': 0.04134444444444445, 'eval_recall': 0.20333333333333334, 'eval_runtime': 0.8098, 'eval_samples_per_second': 370.468, 'eval_steps_per_second': 46.926, 'epoch': 5.6}
{'loss': 2.5055, 'learning_rate': 2.0905172413793102e-05, 'epoch': 5.82}
{'eval_loss': 2.420377492904663, 'eval_accuracy': 0.20333333333333334, 'eval_f1': 0.06871652816251154, 'eval_precision': 0.04134444444444445, 'eval_recall': 0.20333333333333334, 'eval_runtime': 0.8105, 'eval_samples_per_second': 370.164, 'eval_steps_per_second': 46.887, 'epoch': 5.82}
{'loss': 2.491, 'learning_rate': 1.9827586206896554e-05, 'epoch': 6.03}
{'eval_loss': 2.419260263442993, 'eval_accuracy': 0.20333333333333334, 'eval_f1': 0.06871652816251154, 'eval_precision': 0.04134444444444445, 'eval_recall': 0.20333333333333334, 'eval_runtime': 0.8094, 'eval_samples_per_second': 370.655, 'eval_steps_per_second': 46.95, 'epoch': 6.03}
{'loss': 2.4791, 'learning_rate': 1.8750000000000002e-05, 'epoch': 6.25}
{'eval_loss': 2.4205658435821533, 'eval_accuracy': 0.20333333333333334, 'eval_f1': 0.06871652816251154, 'eval_precision': 0.04134444444444445, 'eval_recall': 0.20333333333333334, 'eval_runtime': 0.8093, 'eval_samples_per_second': 370.669, 'eval_steps_per_second': 46.951, 'epoch': 6.25}
{'loss': 2.4664, 'learning_rate': 1.767241379310345e-05, 'epoch': 6.47}
{'eval_loss': 2.4170053005218506, 'eval_accuracy': 0.20333333333333334, 'eval_f1': 0.06871652816251154, 'eval_precision': 0.04134444444444445, 'eval_recall': 0.20333333333333334, 'eval_runtime': 0.8098, 'eval_samples_per_second': 370.469, 'eval_steps_per_second': 46.926, 'epoch': 6.47}
{'loss': 2.4822, 'learning_rate': 1.6594827586206898e-05, 'epoch': 6.68}
{'eval_loss': 2.4164087772369385, 'eval_accuracy': 0.20333333333333334, 'eval_f1': 0.06871652816251154, 'eval_precision': 0.04134444444444445, 'eval_recall': 0.20333333333333334, 'eval_runtime': 0.8083, 'eval_samples_per_second': 371.136, 'eval_steps_per_second': 47.011, 'epoch': 6.68}
{'loss': 2.4926, 'learning_rate': 1.5517241379310346e-05, 'epoch': 6.9}
{'eval_loss': 2.4232587814331055, 'eval_accuracy': 0.20333333333333334, 'eval_f1': 0.06871652816251154, 'eval_precision': 0.04134444444444445, 'eval_recall': 0.20333333333333334, 'eval_runtime': 0.8109, 'eval_samples_per_second': 369.945, 'eval_steps_per_second': 46.86, 'epoch': 6.9}
{'loss': 2.4519, 'learning_rate': 1.4439655172413794e-05, 'epoch': 7.11}
{'eval_loss': 2.4218103885650635, 'eval_accuracy': 0.20333333333333334, 'eval_f1': 0.06871652816251154, 'eval_precision': 0.04134444444444445, 'eval_recall': 0.20333333333333334, 'eval_runtime': 0.8084, 'eval_samples_per_second': 371.085, 'eval_steps_per_second': 47.004, 'epoch': 7.11}
{'loss': 2.4667, 'learning_rate': 1.336206896551724e-05, 'epoch': 7.33}
{'eval_loss': 2.4169063568115234, 'eval_accuracy': 0.20333333333333334, 'eval_f1': 0.06871652816251154, 'eval_precision': 0.04134444444444445, 'eval_recall': 0.20333333333333334, 'eval_runtime': 0.8089, 'eval_samples_per_second': 370.879, 'eval_steps_per_second': 46.978, 'epoch': 7.33}
{'loss': 2.4848, 'learning_rate': 1.228448275862069e-05, 'epoch': 7.54}
{'eval_loss': 2.414469003677368, 'eval_accuracy': 0.20333333333333334, 'eval_f1': 0.06871652816251154, 'eval_precision': 0.04134444444444445, 'eval_recall': 0.20333333333333334, 'eval_runtime': 0.8111, 'eval_samples_per_second': 369.875, 'eval_steps_per_second': 46.851, 'epoch': 7.54}
{'loss': 2.4867, 'learning_rate': 1.1206896551724138e-05, 'epoch': 7.76}
{'eval_loss': 2.42582631111145, 'eval_accuracy': 0.20333333333333334, 'eval_f1': 0.06871652816251154, 'eval_precision': 0.04134444444444445, 'eval_recall': 0.20333333333333334, 'eval_runtime': 0.8084, 'eval_samples_per_second': 371.092, 'eval_steps_per_second': 47.005, 'epoch': 7.76}
{'loss': 2.4961, 'learning_rate': 1.0129310344827586e-05, 'epoch': 7.97}
{'eval_loss': 2.421255588531494, 'eval_accuracy': 0.20333333333333334, 'eval_f1': 0.06871652816251154, 'eval_precision': 0.04134444444444445, 'eval_recall': 0.20333333333333334, 'eval_runtime': 0.809, 'eval_samples_per_second': 370.827, 'eval_steps_per_second': 46.971, 'epoch': 7.97}
{'loss': 2.4845, 'learning_rate': 9.051724137931036e-06, 'epoch': 8.19}
{'eval_loss': 2.420889139175415, 'eval_accuracy': 0.20333333333333334, 'eval_f1': 0.06871652816251154, 'eval_precision': 0.04134444444444445, 'eval_recall': 0.20333333333333334, 'eval_runtime': 0.8097, 'eval_samples_per_second': 370.514, 'eval_steps_per_second': 46.932, 'epoch': 8.19}
{'loss': 2.4665, 'learning_rate': 7.974137931034484e-06, 'epoch': 8.41}
{'eval_loss': 2.421675443649292, 'eval_accuracy': 0.20333333333333334, 'eval_f1': 0.06871652816251154, 'eval_precision': 0.04134444444444445, 'eval_recall': 0.20333333333333334, 'eval_runtime': 0.81, 'eval_samples_per_second': 370.392, 'eval_steps_per_second': 46.916, 'epoch': 8.41}
{'loss': 2.4523, 'learning_rate': 6.896551724137932e-06, 'epoch': 8.62}
{'eval_loss': 2.4178738594055176, 'eval_accuracy': 0.20333333333333334, 'eval_f1': 0.06871652816251154, 'eval_precision': 0.04134444444444445, 'eval_recall': 0.20333333333333334, 'eval_runtime': 0.8089, 'eval_samples_per_second': 370.882, 'eval_steps_per_second': 46.978, 'epoch': 8.62}
{'loss': 2.4846, 'learning_rate': 5.81896551724138e-06, 'epoch': 8.84}
{'eval_loss': 2.415865421295166, 'eval_accuracy': 0.20333333333333334, 'eval_f1': 0.06871652816251154, 'eval_precision': 0.04134444444444445, 'eval_recall': 0.20333333333333334, 'eval_runtime': 0.8077, 'eval_samples_per_second': 371.438, 'eval_steps_per_second': 47.049, 'epoch': 8.84}
{'loss': 2.5275, 'learning_rate': 4.741379310344828e-06, 'epoch': 9.05}
{'eval_loss': 2.4215621948242188, 'eval_accuracy': 0.20333333333333334, 'eval_f1': 0.06871652816251154, 'eval_precision': 0.04134444444444445, 'eval_recall': 0.20333333333333334, 'eval_runtime': 0.8075, 'eval_samples_per_second': 371.504, 'eval_steps_per_second': 47.057, 'epoch': 9.05}
{'loss': 2.4824, 'learning_rate': 3.6637931034482757e-06, 'epoch': 9.27}
{'eval_loss': 2.4198648929595947, 'eval_accuracy': 0.20333333333333334, 'eval_f1': 0.06871652816251154, 'eval_precision': 0.04134444444444445, 'eval_recall': 0.20333333333333334, 'eval_runtime': 0.8087, 'eval_samples_per_second': 370.968, 'eval_steps_per_second': 46.989, 'epoch': 9.27}
{'loss': 2.5109, 'learning_rate': 2.586206896551724e-06, 'epoch': 9.48}
{'eval_loss': 2.422571897506714, 'eval_accuracy': 0.20333333333333334, 'eval_f1': 0.06871652816251154, 'eval_precision': 0.04134444444444445, 'eval_recall': 0.20333333333333334, 'eval_runtime': 0.8089, 'eval_samples_per_second': 370.883, 'eval_steps_per_second': 46.978, 'epoch': 9.48}
{'loss': 2.4273, 'learning_rate': 1.5086206896551726e-06, 'epoch': 9.7}
{'eval_loss': 2.4202513694763184, 'eval_accuracy': 0.20333333333333334, 'eval_f1': 0.06871652816251154, 'eval_precision': 0.04134444444444445, 'eval_recall': 0.20333333333333334, 'eval_runtime': 0.8071, 'eval_samples_per_second': 371.698, 'eval_steps_per_second': 47.082, 'epoch': 9.7}
{'loss': 2.4898, 'learning_rate': 4.3103448275862073e-07, 'epoch': 9.91}
{'eval_loss': 2.420313835144043, 'eval_accuracy': 0.20333333333333334, 'eval_f1': 0.06871652816251154, 'eval_precision': 0.04134444444444445, 'eval_recall': 0.20333333333333334, 'eval_runtime': 0.8073, 'eval_samples_per_second': 371.607, 'eval_steps_per_second': 47.07, 'epoch': 9.91}
{'train_runtime': 323.4596, 'train_samples_per_second': 57.163, 'train_steps_per_second': 7.172, 'train_loss': 2.486121014891, 'epoch': 10.0}
training finished!
