/cluster/raid/home/zhivar.sourati/logical-fallacy-identification/AMR_parsers_and_graphs
Fri Sep 30 00:56:07 2022       
+-----------------------------------------------------------------------------+
| NVIDIA-SMI 460.32.03    Driver Version: 460.32.03    CUDA Version: 11.2     |
|-------------------------------+----------------------+----------------------+
| GPU  Name        Persistence-M| Bus-Id        Disp.A | Volatile Uncorr. ECC |
| Fan  Temp  Perf  Pwr:Usage/Cap|         Memory-Usage | GPU-Util  Compute M. |
|                               |                      |               MIG M. |
|===============================+======================+======================|
|   0  A100-PCIE-40GB      Off  | 00000000:27:00.0 Off |                    0 |
| N/A   28C    P0    33W / 250W |      0MiB / 40536MiB |      0%      Default |
|                               |                      |             Disabled |
+-------------------------------+----------------------+----------------------+
                                                                               
+-----------------------------------------------------------------------------+
| Processes:                                                                  |
|  GPU   GI   CI        PID   Type   Process name                  GPU Memory |
|        ID   ID                                                   Usage      |
|=============================================================================|
|  No running processes found                                                 |
+-----------------------------------------------------------------------------+
0
cuda
using GPU
Model loaded!
Start the training ...
{'loss': 2.5387, 'learning_rate': 1.956896551724138e-05, 'epoch': 0.22}
{'eval_loss': 2.418994665145874, 'eval_accuracy': 0.20333333333333334, 'eval_f1': 0.06871652816251154, 'eval_precision': 0.04134444444444445, 'eval_recall': 0.20333333333333334, 'eval_runtime': 0.3406, 'eval_samples_per_second': 880.847, 'eval_steps_per_second': 111.574, 'epoch': 0.22}
{'loss': 2.4534, 'learning_rate': 1.913793103448276e-05, 'epoch': 0.43}
{'eval_loss': 2.3057053089141846, 'eval_accuracy': 0.20333333333333334, 'eval_f1': 0.06871652816251154, 'eval_precision': 0.04134444444444445, 'eval_recall': 0.20333333333333334, 'eval_runtime': 0.3328, 'eval_samples_per_second': 901.55, 'eval_steps_per_second': 114.196, 'epoch': 0.43}
{'loss': 2.2764, 'learning_rate': 1.8706896551724137e-05, 'epoch': 0.65}
{'eval_loss': 2.093775749206543, 'eval_accuracy': 0.3433333333333333, 'eval_f1': 0.30613431860355644, 'eval_precision': 0.3535148467027989, 'eval_recall': 0.3433333333333333, 'eval_runtime': 0.3328, 'eval_samples_per_second': 901.53, 'eval_steps_per_second': 114.194, 'epoch': 0.65}
{'loss': 2.1494, 'learning_rate': 1.827586206896552e-05, 'epoch': 0.86}
{'eval_loss': 1.855288028717041, 'eval_accuracy': 0.43333333333333335, 'eval_f1': 0.39081023821025196, 'eval_precision': 0.44928555763799694, 'eval_recall': 0.43333333333333335, 'eval_runtime': 0.334, 'eval_samples_per_second': 898.198, 'eval_steps_per_second': 113.772, 'epoch': 0.86}
{'loss': 1.8014, 'learning_rate': 1.7844827586206898e-05, 'epoch': 1.08}
{'eval_loss': 1.6392897367477417, 'eval_accuracy': 0.5, 'eval_f1': 0.46143633919896737, 'eval_precision': 0.470555107055107, 'eval_recall': 0.5, 'eval_runtime': 0.3323, 'eval_samples_per_second': 902.76, 'eval_steps_per_second': 114.35, 'epoch': 1.08}
{'loss': 1.531, 'learning_rate': 1.7413793103448276e-05, 'epoch': 1.29}
{'eval_loss': 1.5280044078826904, 'eval_accuracy': 0.57, 'eval_f1': 0.5434918030696523, 'eval_precision': 0.5765104405959861, 'eval_recall': 0.57, 'eval_runtime': 0.3333, 'eval_samples_per_second': 900.17, 'eval_steps_per_second': 114.021, 'epoch': 1.29}
{'loss': 1.5822, 'learning_rate': 1.6982758620689658e-05, 'epoch': 1.51}
{'eval_loss': 1.4531813859939575, 'eval_accuracy': 0.5866666666666667, 'eval_f1': 0.5738745181383537, 'eval_precision': 0.6106074857604269, 'eval_recall': 0.5866666666666667, 'eval_runtime': 0.3321, 'eval_samples_per_second': 903.426, 'eval_steps_per_second': 114.434, 'epoch': 1.51}
{'loss': 1.3556, 'learning_rate': 1.6551724137931037e-05, 'epoch': 1.72}
{'eval_loss': 1.3917615413665771, 'eval_accuracy': 0.5933333333333334, 'eval_f1': 0.5924350857309068, 'eval_precision': 0.6347140513895775, 'eval_recall': 0.5933333333333334, 'eval_runtime': 0.3325, 'eval_samples_per_second': 902.161, 'eval_steps_per_second': 114.274, 'epoch': 1.72}
{'loss': 1.4329, 'learning_rate': 1.6120689655172415e-05, 'epoch': 1.94}
{'eval_loss': 1.3016360998153687, 'eval_accuracy': 0.6166666666666667, 'eval_f1': 0.6086607389943528, 'eval_precision': 0.6452402020679098, 'eval_recall': 0.6166666666666667, 'eval_runtime': 0.3329, 'eval_samples_per_second': 901.291, 'eval_steps_per_second': 114.164, 'epoch': 1.94}
{'loss': 1.0913, 'learning_rate': 1.5689655172413794e-05, 'epoch': 2.16}
{'eval_loss': 1.2684890031814575, 'eval_accuracy': 0.6333333333333333, 'eval_f1': 0.6198918464873148, 'eval_precision': 0.6682794414735591, 'eval_recall': 0.6333333333333333, 'eval_runtime': 0.3331, 'eval_samples_per_second': 900.535, 'eval_steps_per_second': 114.068, 'epoch': 2.16}
{'loss': 0.8927, 'learning_rate': 1.5258620689655174e-05, 'epoch': 2.37}
{'eval_loss': 1.332093358039856, 'eval_accuracy': 0.62, 'eval_f1': 0.6149192792836302, 'eval_precision': 0.6713953542392567, 'eval_recall': 0.62, 'eval_runtime': 0.333, 'eval_samples_per_second': 900.846, 'eval_steps_per_second': 114.107, 'epoch': 2.37}
{'loss': 0.9574, 'learning_rate': 1.4827586206896554e-05, 'epoch': 2.59}
{'eval_loss': 1.2777206897735596, 'eval_accuracy': 0.6566666666666666, 'eval_f1': 0.6408797877012493, 'eval_precision': 0.691800914347466, 'eval_recall': 0.6566666666666666, 'eval_runtime': 0.3335, 'eval_samples_per_second': 899.662, 'eval_steps_per_second': 113.957, 'epoch': 2.59}
{'loss': 0.9339, 'learning_rate': 1.4396551724137933e-05, 'epoch': 2.8}
{'eval_loss': 1.264024257659912, 'eval_accuracy': 0.62, 'eval_f1': 0.6184199256856441, 'eval_precision': 0.6558547556449891, 'eval_recall': 0.62, 'eval_runtime': 0.3324, 'eval_samples_per_second': 902.482, 'eval_steps_per_second': 114.314, 'epoch': 2.8}
{'loss': 0.9017, 'learning_rate': 1.3965517241379311e-05, 'epoch': 3.02}
{'eval_loss': 1.3111002445220947, 'eval_accuracy': 0.6166666666666667, 'eval_f1': 0.6191501995344382, 'eval_precision': 0.6598256841198018, 'eval_recall': 0.6166666666666667, 'eval_runtime': 0.3339, 'eval_samples_per_second': 898.427, 'eval_steps_per_second': 113.801, 'epoch': 3.02}
{'loss': 0.5914, 'learning_rate': 1.3534482758620691e-05, 'epoch': 3.23}
{'eval_loss': 1.250921368598938, 'eval_accuracy': 0.65, 'eval_f1': 0.6350061536203349, 'eval_precision': 0.6723217961681055, 'eval_recall': 0.65, 'eval_runtime': 0.3303, 'eval_samples_per_second': 908.338, 'eval_steps_per_second': 115.056, 'epoch': 3.23}
{'loss': 0.5624, 'learning_rate': 1.310344827586207e-05, 'epoch': 3.45}
{'eval_loss': 1.2929171323776245, 'eval_accuracy': 0.65, 'eval_f1': 0.6488440066850933, 'eval_precision': 0.6732992223205072, 'eval_recall': 0.65, 'eval_runtime': 0.3324, 'eval_samples_per_second': 902.408, 'eval_steps_per_second': 114.305, 'epoch': 3.45}
{'loss': 0.5559, 'learning_rate': 1.2672413793103449e-05, 'epoch': 3.66}
{'eval_loss': 1.259175419807434, 'eval_accuracy': 0.65, 'eval_f1': 0.6377535130084406, 'eval_precision': 0.6622301882108333, 'eval_recall': 0.65, 'eval_runtime': 0.3323, 'eval_samples_per_second': 902.74, 'eval_steps_per_second': 114.347, 'epoch': 3.66}
{'loss': 0.5651, 'learning_rate': 1.2241379310344827e-05, 'epoch': 3.88}
{'eval_loss': 1.293568730354309, 'eval_accuracy': 0.6433333333333333, 'eval_f1': 0.6395121486761186, 'eval_precision': 0.6655400440031667, 'eval_recall': 0.6433333333333333, 'eval_runtime': 0.3329, 'eval_samples_per_second': 901.22, 'eval_steps_per_second': 114.155, 'epoch': 3.88}
{'loss': 0.5502, 'learning_rate': 1.1810344827586209e-05, 'epoch': 4.09}
{'eval_loss': 1.3230587244033813, 'eval_accuracy': 0.6366666666666667, 'eval_f1': 0.6373859582841409, 'eval_precision': 0.6670880532760037, 'eval_recall': 0.6366666666666667, 'eval_runtime': 0.3318, 'eval_samples_per_second': 904.053, 'eval_steps_per_second': 114.513, 'epoch': 4.09}
{'loss': 0.3841, 'learning_rate': 1.1379310344827587e-05, 'epoch': 4.31}
{'eval_loss': 1.2745158672332764, 'eval_accuracy': 0.6533333333333333, 'eval_f1': 0.648294602650747, 'eval_precision': 0.6676044744639064, 'eval_recall': 0.6533333333333333, 'eval_runtime': 0.3374, 'eval_samples_per_second': 889.103, 'eval_steps_per_second': 112.62, 'epoch': 4.31}
{'loss': 0.3068, 'learning_rate': 1.0948275862068966e-05, 'epoch': 4.53}
{'eval_loss': 1.311000108718872, 'eval_accuracy': 0.6633333333333333, 'eval_f1': 0.6671656375423839, 'eval_precision': 0.6935045992654687, 'eval_recall': 0.6633333333333333, 'eval_runtime': 0.3323, 'eval_samples_per_second': 902.794, 'eval_steps_per_second': 114.354, 'epoch': 4.53}
{'loss': 0.3709, 'learning_rate': 1.0517241379310346e-05, 'epoch': 4.74}
{'eval_loss': 1.3601584434509277, 'eval_accuracy': 0.6566666666666666, 'eval_f1': 0.6609373530580197, 'eval_precision': 0.6918394889424301, 'eval_recall': 0.6566666666666666, 'eval_runtime': 0.3328, 'eval_samples_per_second': 901.406, 'eval_steps_per_second': 114.178, 'epoch': 4.74}
{'loss': 0.344, 'learning_rate': 1.0086206896551725e-05, 'epoch': 4.96}
{'eval_loss': 1.4311952590942383, 'eval_accuracy': 0.65, 'eval_f1': 0.6528064222625982, 'eval_precision': 0.676347595724366, 'eval_recall': 0.65, 'eval_runtime': 0.3323, 'eval_samples_per_second': 902.74, 'eval_steps_per_second': 114.347, 'epoch': 4.96}
{'loss': 0.2757, 'learning_rate': 9.655172413793105e-06, 'epoch': 5.17}
{'eval_loss': 1.5305256843566895, 'eval_accuracy': 0.65, 'eval_f1': 0.6558012738775632, 'eval_precision': 0.6993694046484865, 'eval_recall': 0.65, 'eval_runtime': 0.3335, 'eval_samples_per_second': 899.61, 'eval_steps_per_second': 113.951, 'epoch': 5.17}
{'loss': 0.2558, 'learning_rate': 9.224137931034484e-06, 'epoch': 5.39}
{'eval_loss': 1.4242439270019531, 'eval_accuracy': 0.67, 'eval_f1': 0.6672437603480103, 'eval_precision': 0.6953588908569137, 'eval_recall': 0.67, 'eval_runtime': 0.3321, 'eval_samples_per_second': 903.38, 'eval_steps_per_second': 114.428, 'epoch': 5.39}
{'loss': 0.1781, 'learning_rate': 8.793103448275862e-06, 'epoch': 5.6}
{'eval_loss': 1.4796531200408936, 'eval_accuracy': 0.68, 'eval_f1': 0.6820104068126125, 'eval_precision': 0.7158906097755545, 'eval_recall': 0.68, 'eval_runtime': 0.3327, 'eval_samples_per_second': 901.585, 'eval_steps_per_second': 114.201, 'epoch': 5.6}
{'loss': 0.2542, 'learning_rate': 8.362068965517242e-06, 'epoch': 5.82}
{'eval_loss': 1.5212652683258057, 'eval_accuracy': 0.66, 'eval_f1': 0.6594159867001411, 'eval_precision': 0.6866114466168592, 'eval_recall': 0.66, 'eval_runtime': 0.3326, 'eval_samples_per_second': 902.003, 'eval_steps_per_second': 114.254, 'epoch': 5.82}
{'loss': 0.1714, 'learning_rate': 7.93103448275862e-06, 'epoch': 6.03}
{'eval_loss': 1.5084009170532227, 'eval_accuracy': 0.6866666666666666, 'eval_f1': 0.6910105939965095, 'eval_precision': 0.7194170250039815, 'eval_recall': 0.6866666666666666, 'eval_runtime': 0.3319, 'eval_samples_per_second': 903.979, 'eval_steps_per_second': 114.504, 'epoch': 6.03}
{'loss': 0.1542, 'learning_rate': 7.500000000000001e-06, 'epoch': 6.25}
{'eval_loss': 1.5580017566680908, 'eval_accuracy': 0.6766666666666666, 'eval_f1': 0.6783128801765471, 'eval_precision': 0.707291529166529, 'eval_recall': 0.6766666666666666, 'eval_runtime': 0.3321, 'eval_samples_per_second': 903.358, 'eval_steps_per_second': 114.425, 'epoch': 6.25}
{'loss': 0.1977, 'learning_rate': 7.0689655172413796e-06, 'epoch': 6.47}
{'eval_loss': 1.5603094100952148, 'eval_accuracy': 0.6733333333333333, 'eval_f1': 0.6765814565949428, 'eval_precision': 0.6959234442709942, 'eval_recall': 0.6733333333333333, 'eval_runtime': 0.3328, 'eval_samples_per_second': 901.567, 'eval_steps_per_second': 114.198, 'epoch': 6.47}
{'loss': 0.1067, 'learning_rate': 6.63793103448276e-06, 'epoch': 6.68}
{'eval_loss': 1.5660077333450317, 'eval_accuracy': 0.68, 'eval_f1': 0.6829631847666358, 'eval_precision': 0.6971545992979131, 'eval_recall': 0.68, 'eval_runtime': 0.3331, 'eval_samples_per_second': 900.592, 'eval_steps_per_second': 114.075, 'epoch': 6.68}
{'loss': 0.1896, 'learning_rate': 6.206896551724138e-06, 'epoch': 6.9}
{'eval_loss': 1.6740821599960327, 'eval_accuracy': 0.66, 'eval_f1': 0.6649391246836899, 'eval_precision': 0.6933697515292986, 'eval_recall': 0.66, 'eval_runtime': 0.3328, 'eval_samples_per_second': 901.344, 'eval_steps_per_second': 114.17, 'epoch': 6.9}
{'loss': 0.1134, 'learning_rate': 5.775862068965518e-06, 'epoch': 7.11}
{'eval_loss': 1.5715351104736328, 'eval_accuracy': 0.68, 'eval_f1': 0.679116641565282, 'eval_precision': 0.6885184829062166, 'eval_recall': 0.68, 'eval_runtime': 0.3324, 'eval_samples_per_second': 902.541, 'eval_steps_per_second': 114.322, 'epoch': 7.11}
{'loss': 0.0951, 'learning_rate': 5.344827586206896e-06, 'epoch': 7.33}
{'eval_loss': 1.66175377368927, 'eval_accuracy': 0.6733333333333333, 'eval_f1': 0.6775322812571388, 'eval_precision': 0.6985573687651673, 'eval_recall': 0.6733333333333333, 'eval_runtime': 0.3343, 'eval_samples_per_second': 897.465, 'eval_steps_per_second': 113.679, 'epoch': 7.33}
{'loss': 0.1037, 'learning_rate': 4.9137931034482765e-06, 'epoch': 7.54}
{'eval_loss': 1.7283529043197632, 'eval_accuracy': 0.6733333333333333, 'eval_f1': 0.6769432551093962, 'eval_precision': 0.710501133126133, 'eval_recall': 0.6733333333333333, 'eval_runtime': 0.3312, 'eval_samples_per_second': 905.713, 'eval_steps_per_second': 114.724, 'epoch': 7.54}
{'loss': 0.0854, 'learning_rate': 4.482758620689656e-06, 'epoch': 7.76}
{'eval_loss': 1.670088768005371, 'eval_accuracy': 0.6833333333333333, 'eval_f1': 0.6847932391122071, 'eval_precision': 0.7138434923217531, 'eval_recall': 0.6833333333333333, 'eval_runtime': 0.3329, 'eval_samples_per_second': 901.067, 'eval_steps_per_second': 114.135, 'epoch': 7.76}
{'loss': 0.1483, 'learning_rate': 4.051724137931034e-06, 'epoch': 7.97}
{'eval_loss': 1.6807557344436646, 'eval_accuracy': 0.69, 'eval_f1': 0.6928972525530093, 'eval_precision': 0.7166512523989303, 'eval_recall': 0.69, 'eval_runtime': 0.3307, 'eval_samples_per_second': 907.239, 'eval_steps_per_second': 114.917, 'epoch': 7.97}
{'loss': 0.0875, 'learning_rate': 3.620689655172414e-06, 'epoch': 8.19}
{'eval_loss': 1.717881441116333, 'eval_accuracy': 0.6766666666666666, 'eval_f1': 0.6799152239161722, 'eval_precision': 0.7039173226257648, 'eval_recall': 0.6766666666666666, 'eval_runtime': 0.3304, 'eval_samples_per_second': 907.956, 'eval_steps_per_second': 115.008, 'epoch': 8.19}
{'loss': 0.0815, 'learning_rate': 3.1896551724137935e-06, 'epoch': 8.41}
{'eval_loss': 1.6947191953659058, 'eval_accuracy': 0.68, 'eval_f1': 0.6832718833175858, 'eval_precision': 0.7042696049865166, 'eval_recall': 0.68, 'eval_runtime': 0.3319, 'eval_samples_per_second': 903.99, 'eval_steps_per_second': 114.505, 'epoch': 8.41}
{'loss': 0.0476, 'learning_rate': 2.7586206896551725e-06, 'epoch': 8.62}
{'eval_loss': 1.7510654926300049, 'eval_accuracy': 0.6733333333333333, 'eval_f1': 0.6750202583246061, 'eval_precision': 0.6905478485179383, 'eval_recall': 0.6733333333333333, 'eval_runtime': 0.3331, 'eval_samples_per_second': 900.617, 'eval_steps_per_second': 114.078, 'epoch': 8.62}
{'loss': 0.0845, 'learning_rate': 2.327586206896552e-06, 'epoch': 8.84}
{'eval_loss': 1.7127803564071655, 'eval_accuracy': 0.6733333333333333, 'eval_f1': 0.6753366349204868, 'eval_precision': 0.6928302616719839, 'eval_recall': 0.6733333333333333, 'eval_runtime': 0.3319, 'eval_samples_per_second': 904.0, 'eval_steps_per_second': 114.507, 'epoch': 8.84}
{'loss': 0.0687, 'learning_rate': 1.896551724137931e-06, 'epoch': 9.05}
{'eval_loss': 1.7399876117706299, 'eval_accuracy': 0.6666666666666666, 'eval_f1': 0.6672804737433876, 'eval_precision': 0.6875896232578333, 'eval_recall': 0.6666666666666666, 'eval_runtime': 0.3318, 'eval_samples_per_second': 904.07, 'eval_steps_per_second': 114.515, 'epoch': 9.05}
{'loss': 0.0456, 'learning_rate': 1.4655172413793104e-06, 'epoch': 9.27}
{'eval_loss': 1.731298804283142, 'eval_accuracy': 0.67, 'eval_f1': 0.6734044217914154, 'eval_precision': 0.6992660588436903, 'eval_recall': 0.67, 'eval_runtime': 0.3302, 'eval_samples_per_second': 908.657, 'eval_steps_per_second': 115.096, 'epoch': 9.27}
{'loss': 0.0601, 'learning_rate': 1.0344827586206898e-06, 'epoch': 9.48}
{'eval_loss': 1.7286063432693481, 'eval_accuracy': 0.66, 'eval_f1': 0.6629019858556301, 'eval_precision': 0.6830046007436429, 'eval_recall': 0.66, 'eval_runtime': 0.3302, 'eval_samples_per_second': 908.487, 'eval_steps_per_second': 115.075, 'epoch': 9.48}
{'loss': 0.0661, 'learning_rate': 6.034482758620691e-07, 'epoch': 9.7}
{'eval_loss': 1.7338191270828247, 'eval_accuracy': 0.66, 'eval_f1': 0.6623562862309585, 'eval_precision': 0.6854067288477625, 'eval_recall': 0.66, 'eval_runtime': 0.3352, 'eval_samples_per_second': 895.032, 'eval_steps_per_second': 113.371, 'epoch': 9.7}
{'loss': 0.0577, 'learning_rate': 1.7241379310344828e-07, 'epoch': 9.91}
{'eval_loss': 1.7509082555770874, 'eval_accuracy': 0.6633333333333333, 'eval_f1': 0.6659972034723253, 'eval_precision': 0.693378565152252, 'eval_recall': 0.6633333333333333, 'eval_runtime': 0.3334, 'eval_samples_per_second': 899.902, 'eval_steps_per_second': 113.988, 'epoch': 9.91}
{'train_runtime': 182.0472, 'train_samples_per_second': 101.567, 'train_steps_per_second': 12.744, 'train_loss': 0.6267444478026751, 'epoch': 10.0}
performance on train data
                        precision    recall  f1-score   support

            ad hominem       1.00      1.00      1.00       225
            ad populum       0.98      0.99      0.98       158
     appeal to emotion       0.99      1.00      1.00       130
    circular reasoning       0.98      0.99      0.98       134
          equivocation       0.95      0.95      0.95        39
fallacy of credibility       0.99      0.98      0.99       107
  fallacy of extension       1.00      0.99      1.00       106
      fallacy of logic       0.96      0.97      0.96       121
  fallacy of relevance       0.99      1.00      1.00       114
       false causality       0.98      0.98      0.98       174
         false dilemma       1.00      0.99      1.00       110
 faulty generalization       1.00      0.99      1.00       319
           intentional       1.00      1.00      1.00       112

              accuracy                           0.99      1849
             macro avg       0.99      0.99      0.99      1849
          weighted avg       0.99      0.99      0.99      1849

performance on eval data
                        precision    recall  f1-score   support

            ad hominem       0.72      0.81      0.76        36
            ad populum       0.74      0.70      0.72        44
     appeal to emotion       0.53      0.71      0.61        14
    circular reasoning       0.54      0.72      0.62        18
          equivocation       0.44      0.80      0.57         5
fallacy of credibility       0.36      0.62      0.45         8
  fallacy of extension       0.55      0.43      0.48        14
      fallacy of logic       0.69      0.65      0.67        17
  fallacy of relevance       1.00      0.46      0.63        24
       false causality       0.64      0.58      0.61        24
         false dilemma       0.94      0.84      0.89        19
 faulty generalization       0.72      0.69      0.71        61
           intentional       0.41      0.44      0.42        16

              accuracy                           0.66       300
             macro avg       0.64      0.65      0.63       300
          weighted avg       0.69      0.66      0.67       300

performance on test data
                        precision    recall  f1-score   support

            ad hominem       0.67      0.80      0.73        41
            ad populum       0.86      0.80      0.83        30
     appeal to emotion       0.72      0.57      0.63        23
    circular reasoning       0.56      0.47      0.51        19
          equivocation       0.17      0.20      0.18         5
fallacy of credibility       0.44      0.47      0.46        17
  fallacy of extension       0.77      0.48      0.59        21
      fallacy of logic       0.44      0.57      0.50        14
  fallacy of relevance       0.50      0.25      0.33        24
       false causality       0.56      0.56      0.56        18
         false dilemma       0.73      0.92      0.81        12
 faulty generalization       0.65      0.67      0.66        61
           intentional       0.35      0.60      0.44        15

              accuracy                           0.61       300
             macro avg       0.57      0.57      0.56       300
          weighted avg       0.62      0.61      0.61       300

