/cluster/raid/home/zhivar.sourati/logical-fallacy-identification/AMR_parsers_and_graphs
Thu Sep 29 00:44:37 2022       
+-----------------------------------------------------------------------------+
| NVIDIA-SMI 460.32.03    Driver Version: 460.32.03    CUDA Version: 11.2     |
|-------------------------------+----------------------+----------------------+
| GPU  Name        Persistence-M| Bus-Id        Disp.A | Volatile Uncorr. ECC |
| Fan  Temp  Perf  Pwr:Usage/Cap|         Memory-Usage | GPU-Util  Compute M. |
|                               |                      |               MIG M. |
|===============================+======================+======================|
|   0  Tesla V100-PCIE...  Off  | 00000000:05:00.0 Off |                    0 |
| N/A   31C    P0    23W / 250W |      0MiB / 16160MiB |      0%      Default |
|                               |                      |                  N/A |
+-------------------------------+----------------------+----------------------+
                                                                               
+-----------------------------------------------------------------------------+
| Processes:                                                                  |
|  GPU   GI   CI        PID   Type   Process name                  GPU Memory |
|        ID   ID                                                   Usage      |
|=============================================================================|
|  No running processes found                                                 |
+-----------------------------------------------------------------------------+
0
cuda
Model loaded!
Start the training ...
{'loss': 2.5238, 'learning_rate': 4.892241379310345e-05, 'epoch': 0.22}
{'eval_loss': 2.4549224376678467, 'eval_accuracy': 0.20333333333333334, 'eval_f1': 0.06871652816251154, 'eval_precision': 0.04134444444444445, 'eval_recall': 0.20333333333333334, 'eval_runtime': 0.818, 'eval_samples_per_second': 366.731, 'eval_steps_per_second': 46.453, 'epoch': 0.22}
{'loss': 2.4793, 'learning_rate': 4.78448275862069e-05, 'epoch': 0.43}
{'eval_loss': 2.435844659805298, 'eval_accuracy': 0.20333333333333334, 'eval_f1': 0.06871652816251154, 'eval_precision': 0.04134444444444445, 'eval_recall': 0.20333333333333334, 'eval_runtime': 0.816, 'eval_samples_per_second': 367.663, 'eval_steps_per_second': 46.571, 'epoch': 0.43}
{'loss': 2.5041, 'learning_rate': 4.6767241379310346e-05, 'epoch': 0.65}
{'eval_loss': 2.455866813659668, 'eval_accuracy': 0.20333333333333334, 'eval_f1': 0.06871652816251154, 'eval_precision': 0.04134444444444445, 'eval_recall': 0.20333333333333334, 'eval_runtime': 0.8147, 'eval_samples_per_second': 368.222, 'eval_steps_per_second': 46.641, 'epoch': 0.65}
{'loss': 2.5249, 'learning_rate': 4.5689655172413794e-05, 'epoch': 0.86}
{'eval_loss': 2.4470889568328857, 'eval_accuracy': 0.20333333333333334, 'eval_f1': 0.06871652816251154, 'eval_precision': 0.04134444444444445, 'eval_recall': 0.20333333333333334, 'eval_runtime': 0.8132, 'eval_samples_per_second': 368.897, 'eval_steps_per_second': 46.727, 'epoch': 0.86}
{'loss': 2.4423, 'learning_rate': 4.461206896551724e-05, 'epoch': 1.08}
{'eval_loss': 2.414811611175537, 'eval_accuracy': 0.20333333333333334, 'eval_f1': 0.06871652816251154, 'eval_precision': 0.04134444444444445, 'eval_recall': 0.20333333333333334, 'eval_runtime': 0.8117, 'eval_samples_per_second': 369.616, 'eval_steps_per_second': 46.818, 'epoch': 1.08}
{'loss': 2.4584, 'learning_rate': 4.353448275862069e-05, 'epoch': 1.29}
{'eval_loss': 2.4165093898773193, 'eval_accuracy': 0.20333333333333334, 'eval_f1': 0.06871652816251154, 'eval_precision': 0.04134444444444445, 'eval_recall': 0.20333333333333334, 'eval_runtime': 0.8224, 'eval_samples_per_second': 364.806, 'eval_steps_per_second': 46.209, 'epoch': 1.29}
{'loss': 2.5016, 'learning_rate': 4.245689655172414e-05, 'epoch': 1.51}
{'eval_loss': 2.4617862701416016, 'eval_accuracy': 0.20333333333333334, 'eval_f1': 0.06871652816251154, 'eval_precision': 0.04134444444444445, 'eval_recall': 0.20333333333333334, 'eval_runtime': 0.8129, 'eval_samples_per_second': 369.027, 'eval_steps_per_second': 46.743, 'epoch': 1.51}
{'loss': 2.5, 'learning_rate': 4.1379310344827587e-05, 'epoch': 1.72}
{'eval_loss': 2.4276134967803955, 'eval_accuracy': 0.20333333333333334, 'eval_f1': 0.06871652816251154, 'eval_precision': 0.04134444444444445, 'eval_recall': 0.20333333333333334, 'eval_runtime': 0.8161, 'eval_samples_per_second': 367.591, 'eval_steps_per_second': 46.562, 'epoch': 1.72}
{'loss': 2.5284, 'learning_rate': 4.0301724137931035e-05, 'epoch': 1.94}
{'eval_loss': 2.4420886039733887, 'eval_accuracy': 0.20333333333333334, 'eval_f1': 0.06871652816251154, 'eval_precision': 0.04134444444444445, 'eval_recall': 0.20333333333333334, 'eval_runtime': 0.8141, 'eval_samples_per_second': 368.49, 'eval_steps_per_second': 46.675, 'epoch': 1.94}
{'loss': 2.4884, 'learning_rate': 3.922413793103448e-05, 'epoch': 2.16}
{'eval_loss': 2.4560086727142334, 'eval_accuracy': 0.20333333333333334, 'eval_f1': 0.06871652816251154, 'eval_precision': 0.04134444444444445, 'eval_recall': 0.20333333333333334, 'eval_runtime': 0.8127, 'eval_samples_per_second': 369.119, 'eval_steps_per_second': 46.755, 'epoch': 2.16}
{'loss': 2.4838, 'learning_rate': 3.814655172413794e-05, 'epoch': 2.37}
{'eval_loss': 2.415187120437622, 'eval_accuracy': 0.20333333333333334, 'eval_f1': 0.06871652816251154, 'eval_precision': 0.04134444444444445, 'eval_recall': 0.20333333333333334, 'eval_runtime': 0.8153, 'eval_samples_per_second': 367.962, 'eval_steps_per_second': 46.609, 'epoch': 2.37}
{'loss': 2.5057, 'learning_rate': 3.7068965517241385e-05, 'epoch': 2.59}
{'eval_loss': 2.4311938285827637, 'eval_accuracy': 0.20333333333333334, 'eval_f1': 0.06871652816251154, 'eval_precision': 0.04134444444444445, 'eval_recall': 0.20333333333333334, 'eval_runtime': 0.8144, 'eval_samples_per_second': 368.356, 'eval_steps_per_second': 46.658, 'epoch': 2.59}
{'loss': 2.5083, 'learning_rate': 3.5991379310344833e-05, 'epoch': 2.8}
{'eval_loss': 2.4300737380981445, 'eval_accuracy': 0.20333333333333334, 'eval_f1': 0.06871652816251154, 'eval_precision': 0.04134444444444445, 'eval_recall': 0.20333333333333334, 'eval_runtime': 0.8123, 'eval_samples_per_second': 369.306, 'eval_steps_per_second': 46.779, 'epoch': 2.8}
{'loss': 2.4808, 'learning_rate': 3.4913793103448275e-05, 'epoch': 3.02}
{'eval_loss': 2.4366793632507324, 'eval_accuracy': 0.20333333333333334, 'eval_f1': 0.06871652816251154, 'eval_precision': 0.04134444444444445, 'eval_recall': 0.20333333333333334, 'eval_runtime': 0.8133, 'eval_samples_per_second': 368.877, 'eval_steps_per_second': 46.724, 'epoch': 3.02}
{'loss': 2.4786, 'learning_rate': 3.383620689655172e-05, 'epoch': 3.23}
{'eval_loss': 2.4187750816345215, 'eval_accuracy': 0.20333333333333334, 'eval_f1': 0.06871652816251154, 'eval_precision': 0.04134444444444445, 'eval_recall': 0.20333333333333334, 'eval_runtime': 0.8173, 'eval_samples_per_second': 367.059, 'eval_steps_per_second': 46.494, 'epoch': 3.23}
{'loss': 2.5087, 'learning_rate': 3.275862068965517e-05, 'epoch': 3.45}
{'eval_loss': 2.44091796875, 'eval_accuracy': 0.20333333333333334, 'eval_f1': 0.06871652816251154, 'eval_precision': 0.04134444444444445, 'eval_recall': 0.20333333333333334, 'eval_runtime': 0.8147, 'eval_samples_per_second': 368.229, 'eval_steps_per_second': 46.642, 'epoch': 3.45}
{'loss': 2.4693, 'learning_rate': 3.168103448275862e-05, 'epoch': 3.66}
{'eval_loss': 2.4328227043151855, 'eval_accuracy': 0.20333333333333334, 'eval_f1': 0.06871652816251154, 'eval_precision': 0.04134444444444445, 'eval_recall': 0.20333333333333334, 'eval_runtime': 0.817, 'eval_samples_per_second': 367.202, 'eval_steps_per_second': 46.512, 'epoch': 3.66}
{'loss': 2.5054, 'learning_rate': 3.060344827586207e-05, 'epoch': 3.88}
{'eval_loss': 2.4324698448181152, 'eval_accuracy': 0.20333333333333334, 'eval_f1': 0.06871652816251154, 'eval_precision': 0.04134444444444445, 'eval_recall': 0.20333333333333334, 'eval_runtime': 0.8143, 'eval_samples_per_second': 368.404, 'eval_steps_per_second': 46.664, 'epoch': 3.88}
{'loss': 2.4554, 'learning_rate': 2.952586206896552e-05, 'epoch': 4.09}
{'eval_loss': 2.419206142425537, 'eval_accuracy': 0.20333333333333334, 'eval_f1': 0.06871652816251154, 'eval_precision': 0.04134444444444445, 'eval_recall': 0.20333333333333334, 'eval_runtime': 0.8135, 'eval_samples_per_second': 368.791, 'eval_steps_per_second': 46.714, 'epoch': 4.09}
{'loss': 2.5179, 'learning_rate': 2.844827586206897e-05, 'epoch': 4.31}
{'eval_loss': 2.434455156326294, 'eval_accuracy': 0.20333333333333334, 'eval_f1': 0.06871652816251154, 'eval_precision': 0.04134444444444445, 'eval_recall': 0.20333333333333334, 'eval_runtime': 0.8171, 'eval_samples_per_second': 367.149, 'eval_steps_per_second': 46.506, 'epoch': 4.31}
{'loss': 2.4569, 'learning_rate': 2.7370689655172414e-05, 'epoch': 4.53}
{'eval_loss': 2.416234016418457, 'eval_accuracy': 0.20333333333333334, 'eval_f1': 0.06871652816251154, 'eval_precision': 0.04134444444444445, 'eval_recall': 0.20333333333333334, 'eval_runtime': 0.8142, 'eval_samples_per_second': 368.477, 'eval_steps_per_second': 46.674, 'epoch': 4.53}
{'loss': 2.4982, 'learning_rate': 2.6293103448275862e-05, 'epoch': 4.74}
{'eval_loss': 2.421565055847168, 'eval_accuracy': 0.20333333333333334, 'eval_f1': 0.06871652816251154, 'eval_precision': 0.04134444444444445, 'eval_recall': 0.20333333333333334, 'eval_runtime': 0.8131, 'eval_samples_per_second': 368.964, 'eval_steps_per_second': 46.735, 'epoch': 4.74}
{'loss': 2.4933, 'learning_rate': 2.521551724137931e-05, 'epoch': 4.96}
{'eval_loss': 2.417487859725952, 'eval_accuracy': 0.20333333333333334, 'eval_f1': 0.06871652816251154, 'eval_precision': 0.04134444444444445, 'eval_recall': 0.20333333333333334, 'eval_runtime': 0.8134, 'eval_samples_per_second': 368.829, 'eval_steps_per_second': 46.718, 'epoch': 4.96}
{'loss': 2.5083, 'learning_rate': 2.413793103448276e-05, 'epoch': 5.17}
{'eval_loss': 2.445814609527588, 'eval_accuracy': 0.20333333333333334, 'eval_f1': 0.06871652816251154, 'eval_precision': 0.04134444444444445, 'eval_recall': 0.20333333333333334, 'eval_runtime': 0.8121, 'eval_samples_per_second': 369.42, 'eval_steps_per_second': 46.793, 'epoch': 5.17}
{'loss': 2.4944, 'learning_rate': 2.306034482758621e-05, 'epoch': 5.39}
{'eval_loss': 2.43302845954895, 'eval_accuracy': 0.20333333333333334, 'eval_f1': 0.06871652816251154, 'eval_precision': 0.04134444444444445, 'eval_recall': 0.20333333333333334, 'eval_runtime': 0.8143, 'eval_samples_per_second': 368.424, 'eval_steps_per_second': 46.667, 'epoch': 5.39}
{'loss': 2.4336, 'learning_rate': 2.1982758620689654e-05, 'epoch': 5.6}
{'eval_loss': 2.4197583198547363, 'eval_accuracy': 0.20333333333333334, 'eval_f1': 0.06871652816251154, 'eval_precision': 0.04134444444444445, 'eval_recall': 0.20333333333333334, 'eval_runtime': 0.8154, 'eval_samples_per_second': 367.932, 'eval_steps_per_second': 46.605, 'epoch': 5.6}
{'loss': 2.5114, 'learning_rate': 2.0905172413793102e-05, 'epoch': 5.82}
{'eval_loss': 2.4203622341156006, 'eval_accuracy': 0.20333333333333334, 'eval_f1': 0.06871652816251154, 'eval_precision': 0.04134444444444445, 'eval_recall': 0.20333333333333334, 'eval_runtime': 0.8142, 'eval_samples_per_second': 368.455, 'eval_steps_per_second': 46.671, 'epoch': 5.82}
{'loss': 2.4881, 'learning_rate': 1.9827586206896554e-05, 'epoch': 6.03}
{'eval_loss': 2.4216203689575195, 'eval_accuracy': 0.20333333333333334, 'eval_f1': 0.06871652816251154, 'eval_precision': 0.04134444444444445, 'eval_recall': 0.20333333333333334, 'eval_runtime': 0.8151, 'eval_samples_per_second': 368.063, 'eval_steps_per_second': 46.621, 'epoch': 6.03}
{'loss': 2.482, 'learning_rate': 1.8750000000000002e-05, 'epoch': 6.25}
{'eval_loss': 2.424382209777832, 'eval_accuracy': 0.20333333333333334, 'eval_f1': 0.06871652816251154, 'eval_precision': 0.04134444444444445, 'eval_recall': 0.20333333333333334, 'eval_runtime': 0.8134, 'eval_samples_per_second': 368.834, 'eval_steps_per_second': 46.719, 'epoch': 6.25}
{'loss': 2.4687, 'learning_rate': 1.767241379310345e-05, 'epoch': 6.47}
{'eval_loss': 2.4190495014190674, 'eval_accuracy': 0.20333333333333334, 'eval_f1': 0.06871652816251154, 'eval_precision': 0.04134444444444445, 'eval_recall': 0.20333333333333334, 'eval_runtime': 0.8215, 'eval_samples_per_second': 365.187, 'eval_steps_per_second': 46.257, 'epoch': 6.47}
{'loss': 2.4792, 'learning_rate': 1.6594827586206898e-05, 'epoch': 6.68}
{'eval_loss': 2.416719913482666, 'eval_accuracy': 0.20333333333333334, 'eval_f1': 0.06871652816251154, 'eval_precision': 0.04134444444444445, 'eval_recall': 0.20333333333333334, 'eval_runtime': 0.82, 'eval_samples_per_second': 365.868, 'eval_steps_per_second': 46.343, 'epoch': 6.68}
{'loss': 2.5099, 'learning_rate': 1.5517241379310346e-05, 'epoch': 6.9}
{'eval_loss': 2.426126003265381, 'eval_accuracy': 0.20333333333333334, 'eval_f1': 0.06871652816251154, 'eval_precision': 0.04134444444444445, 'eval_recall': 0.20333333333333334, 'eval_runtime': 0.8131, 'eval_samples_per_second': 368.973, 'eval_steps_per_second': 46.737, 'epoch': 6.9}
{'loss': 2.4552, 'learning_rate': 1.4439655172413794e-05, 'epoch': 7.11}
{'eval_loss': 2.4271175861358643, 'eval_accuracy': 0.20333333333333334, 'eval_f1': 0.06871652816251154, 'eval_precision': 0.04134444444444445, 'eval_recall': 0.20333333333333334, 'eval_runtime': 0.8129, 'eval_samples_per_second': 369.045, 'eval_steps_per_second': 46.746, 'epoch': 7.11}
{'loss': 2.4695, 'learning_rate': 1.336206896551724e-05, 'epoch': 7.33}
{'eval_loss': 2.418776512145996, 'eval_accuracy': 0.20333333333333334, 'eval_f1': 0.06871652816251154, 'eval_precision': 0.04134444444444445, 'eval_recall': 0.20333333333333334, 'eval_runtime': 0.8145, 'eval_samples_per_second': 368.309, 'eval_steps_per_second': 46.652, 'epoch': 7.33}
{'loss': 2.4857, 'learning_rate': 1.228448275862069e-05, 'epoch': 7.54}
{'eval_loss': 2.415783166885376, 'eval_accuracy': 0.20333333333333334, 'eval_f1': 0.06871652816251154, 'eval_precision': 0.04134444444444445, 'eval_recall': 0.20333333333333334, 'eval_runtime': 0.813, 'eval_samples_per_second': 369.02, 'eval_steps_per_second': 46.743, 'epoch': 7.54}
{'loss': 2.4806, 'learning_rate': 1.1206896551724138e-05, 'epoch': 7.76}
{'eval_loss': 2.4273953437805176, 'eval_accuracy': 0.20333333333333334, 'eval_f1': 0.06871652816251154, 'eval_precision': 0.04134444444444445, 'eval_recall': 0.20333333333333334, 'eval_runtime': 0.8169, 'eval_samples_per_second': 367.238, 'eval_steps_per_second': 46.517, 'epoch': 7.76}
{'loss': 2.4887, 'learning_rate': 1.0129310344827586e-05, 'epoch': 7.97}
{'eval_loss': 2.4210710525512695, 'eval_accuracy': 0.20333333333333334, 'eval_f1': 0.06871652816251154, 'eval_precision': 0.04134444444444445, 'eval_recall': 0.20333333333333334, 'eval_runtime': 0.8144, 'eval_samples_per_second': 368.378, 'eval_steps_per_second': 46.661, 'epoch': 7.97}
{'loss': 2.4949, 'learning_rate': 9.051724137931036e-06, 'epoch': 8.19}
{'eval_loss': 2.4218039512634277, 'eval_accuracy': 0.20333333333333334, 'eval_f1': 0.06871652816251154, 'eval_precision': 0.04134444444444445, 'eval_recall': 0.20333333333333334, 'eval_runtime': 0.8149, 'eval_samples_per_second': 368.154, 'eval_steps_per_second': 46.633, 'epoch': 8.19}
{'loss': 2.4748, 'learning_rate': 7.974137931034484e-06, 'epoch': 8.41}
{'eval_loss': 2.422132968902588, 'eval_accuracy': 0.20333333333333334, 'eval_f1': 0.06871652816251154, 'eval_precision': 0.04134444444444445, 'eval_recall': 0.20333333333333334, 'eval_runtime': 0.8132, 'eval_samples_per_second': 368.896, 'eval_steps_per_second': 46.727, 'epoch': 8.41}
{'loss': 2.4446, 'learning_rate': 6.896551724137932e-06, 'epoch': 8.62}
{'eval_loss': 2.417938232421875, 'eval_accuracy': 0.20333333333333334, 'eval_f1': 0.06871652816251154, 'eval_precision': 0.04134444444444445, 'eval_recall': 0.20333333333333334, 'eval_runtime': 0.8123, 'eval_samples_per_second': 369.334, 'eval_steps_per_second': 46.782, 'epoch': 8.62}
{'loss': 2.4834, 'learning_rate': 5.81896551724138e-06, 'epoch': 8.84}
{'eval_loss': 2.4162564277648926, 'eval_accuracy': 0.20333333333333334, 'eval_f1': 0.06871652816251154, 'eval_precision': 0.04134444444444445, 'eval_recall': 0.20333333333333334, 'eval_runtime': 0.8177, 'eval_samples_per_second': 366.895, 'eval_steps_per_second': 46.473, 'epoch': 8.84}
{'loss': 2.5408, 'learning_rate': 4.741379310344828e-06, 'epoch': 9.05}
{'eval_loss': 2.42140531539917, 'eval_accuracy': 0.20333333333333334, 'eval_f1': 0.06871652816251154, 'eval_precision': 0.04134444444444445, 'eval_recall': 0.20333333333333334, 'eval_runtime': 0.8143, 'eval_samples_per_second': 368.427, 'eval_steps_per_second': 46.667, 'epoch': 9.05}
{'loss': 2.4707, 'learning_rate': 3.6637931034482757e-06, 'epoch': 9.27}
{'eval_loss': 2.420145273208618, 'eval_accuracy': 0.20333333333333334, 'eval_f1': 0.06871652816251154, 'eval_precision': 0.04134444444444445, 'eval_recall': 0.20333333333333334, 'eval_runtime': 0.8125, 'eval_samples_per_second': 369.215, 'eval_steps_per_second': 46.767, 'epoch': 9.27}
{'loss': 2.5097, 'learning_rate': 2.586206896551724e-06, 'epoch': 9.48}
{'eval_loss': 2.4220714569091797, 'eval_accuracy': 0.20333333333333334, 'eval_f1': 0.06871652816251154, 'eval_precision': 0.04134444444444445, 'eval_recall': 0.20333333333333334, 'eval_runtime': 0.8151, 'eval_samples_per_second': 368.068, 'eval_steps_per_second': 46.622, 'epoch': 9.48}
{'loss': 2.4356, 'learning_rate': 1.5086206896551726e-06, 'epoch': 9.7}
{'eval_loss': 2.4196174144744873, 'eval_accuracy': 0.20333333333333334, 'eval_f1': 0.06871652816251154, 'eval_precision': 0.04134444444444445, 'eval_recall': 0.20333333333333334, 'eval_runtime': 0.8153, 'eval_samples_per_second': 367.942, 'eval_steps_per_second': 46.606, 'epoch': 9.7}
{'loss': 2.4903, 'learning_rate': 4.3103448275862073e-07, 'epoch': 9.91}
{'eval_loss': 2.4195728302001953, 'eval_accuracy': 0.20333333333333334, 'eval_f1': 0.06871652816251154, 'eval_precision': 0.04134444444444445, 'eval_recall': 0.20333333333333334, 'eval_runtime': 0.8132, 'eval_samples_per_second': 368.927, 'eval_steps_per_second': 46.731, 'epoch': 9.91}
{'train_runtime': 329.343, 'train_samples_per_second': 56.142, 'train_steps_per_second': 7.044, 'train_loss': 2.487206787898623, 'epoch': 10.0}
training finished!
