/cluster/raid/home/zhivar.sourati/logical-fallacy-identification/AMR_parsers_and_graphs
Thu Sep 29 03:26:03 2022       
+-----------------------------------------------------------------------------+
| NVIDIA-SMI 460.32.03    Driver Version: 460.32.03    CUDA Version: 11.2     |
|-------------------------------+----------------------+----------------------+
| GPU  Name        Persistence-M| Bus-Id        Disp.A | Volatile Uncorr. ECC |
| Fan  Temp  Perf  Pwr:Usage/Cap|         Memory-Usage | GPU-Util  Compute M. |
|                               |                      |               MIG M. |
|===============================+======================+======================|
|   0  A100-PCIE-40GB      Off  | 00000000:28:00.0 Off |                    0 |
| N/A   26C    P0    35W / 250W |      0MiB / 40536MiB |      0%      Default |
|                               |                      |             Disabled |
+-------------------------------+----------------------+----------------------+
                                                                               
+-----------------------------------------------------------------------------+
| Processes:                                                                  |
|  GPU   GI   CI        PID   Type   Process name                  GPU Memory |
|        ID   ID                                                   Usage      |
|=============================================================================|
|  No running processes found                                                 |
+-----------------------------------------------------------------------------+
0
using GPU
Model loaded!
Start the training ...
{'loss': 2.5254, 'learning_rate': 1.956896551724138e-05, 'epoch': 0.22}
{'eval_loss': 2.450428009033203, 'eval_accuracy': 0.20333333333333334, 'eval_f1': 0.06871652816251154, 'eval_precision': 0.04134444444444445, 'eval_recall': 0.20333333333333334, 'eval_runtime': 0.3235, 'eval_samples_per_second': 927.406, 'eval_steps_per_second': 117.471, 'epoch': 0.22}
{'loss': 2.4404, 'learning_rate': 1.913793103448276e-05, 'epoch': 0.43}
{'eval_loss': 2.255441904067993, 'eval_accuracy': 0.20666666666666667, 'eval_f1': 0.07539389389389389, 'eval_precision': 0.16148272017837237, 'eval_recall': 0.20666666666666667, 'eval_runtime': 0.3224, 'eval_samples_per_second': 930.581, 'eval_steps_per_second': 117.874, 'epoch': 0.43}
{'loss': 2.1576, 'learning_rate': 1.8706896551724137e-05, 'epoch': 0.65}
{'eval_loss': 1.9113622903823853, 'eval_accuracy': 0.44333333333333336, 'eval_f1': 0.38783706352999736, 'eval_precision': 0.4382701150718933, 'eval_recall': 0.44333333333333336, 'eval_runtime': 0.3208, 'eval_samples_per_second': 935.065, 'eval_steps_per_second': 118.442, 'epoch': 0.65}
{'loss': 2.0362, 'learning_rate': 1.827586206896552e-05, 'epoch': 0.86}
{'eval_loss': 1.6531593799591064, 'eval_accuracy': 0.52, 'eval_f1': 0.4892921586049109, 'eval_precision': 0.5711051875716119, 'eval_recall': 0.52, 'eval_runtime': 0.3236, 'eval_samples_per_second': 927.079, 'eval_steps_per_second': 117.43, 'epoch': 0.86}
{'loss': 1.6543, 'learning_rate': 1.7844827586206898e-05, 'epoch': 1.08}
{'eval_loss': 1.4970450401306152, 'eval_accuracy': 0.56, 'eval_f1': 0.53367252409439, 'eval_precision': 0.6046537233924032, 'eval_recall': 0.56, 'eval_runtime': 0.3212, 'eval_samples_per_second': 934.105, 'eval_steps_per_second': 118.32, 'epoch': 1.08}
{'loss': 1.3975, 'learning_rate': 1.7413793103448276e-05, 'epoch': 1.29}
{'eval_loss': 1.3344063758850098, 'eval_accuracy': 0.6466666666666666, 'eval_f1': 0.6324473625764567, 'eval_precision': 0.6542984383957489, 'eval_recall': 0.6466666666666666, 'eval_runtime': 0.3207, 'eval_samples_per_second': 935.322, 'eval_steps_per_second': 118.474, 'epoch': 1.29}
{'loss': 1.4306, 'learning_rate': 1.6982758620689658e-05, 'epoch': 1.51}
{'eval_loss': 1.3165621757507324, 'eval_accuracy': 0.61, 'eval_f1': 0.6033202981094685, 'eval_precision': 0.6389791042103818, 'eval_recall': 0.61, 'eval_runtime': 0.318, 'eval_samples_per_second': 943.304, 'eval_steps_per_second': 119.485, 'epoch': 1.51}
{'loss': 1.2299, 'learning_rate': 1.6551724137931037e-05, 'epoch': 1.72}
{'eval_loss': 1.2091329097747803, 'eval_accuracy': 0.65, 'eval_f1': 0.6436163077906041, 'eval_precision': 0.668962280010507, 'eval_recall': 0.65, 'eval_runtime': 0.3219, 'eval_samples_per_second': 931.863, 'eval_steps_per_second': 118.036, 'epoch': 1.72}
{'loss': 1.2867, 'learning_rate': 1.6120689655172415e-05, 'epoch': 1.94}
{'eval_loss': 1.2225842475891113, 'eval_accuracy': 0.6566666666666666, 'eval_f1': 0.65260002544604, 'eval_precision': 0.7027050677050677, 'eval_recall': 0.6566666666666666, 'eval_runtime': 0.3221, 'eval_samples_per_second': 931.427, 'eval_steps_per_second': 117.981, 'epoch': 1.94}
{'loss': 0.9871, 'learning_rate': 1.5689655172413794e-05, 'epoch': 2.16}
{'eval_loss': 1.1390215158462524, 'eval_accuracy': 0.64, 'eval_f1': 0.637093389510084, 'eval_precision': 0.6628587216248506, 'eval_recall': 0.64, 'eval_runtime': 0.324, 'eval_samples_per_second': 926.045, 'eval_steps_per_second': 117.299, 'epoch': 2.16}
{'loss': 0.7194, 'learning_rate': 1.5258620689655174e-05, 'epoch': 2.37}
{'eval_loss': 1.1345770359039307, 'eval_accuracy': 0.6866666666666666, 'eval_f1': 0.6839075814867787, 'eval_precision': 0.7030750392119958, 'eval_recall': 0.6866666666666666, 'eval_runtime': 0.3196, 'eval_samples_per_second': 938.664, 'eval_steps_per_second': 118.897, 'epoch': 2.37}
{'loss': 0.8134, 'learning_rate': 1.4827586206896554e-05, 'epoch': 2.59}
{'eval_loss': 1.1186013221740723, 'eval_accuracy': 0.6833333333333333, 'eval_f1': 0.6836498443250048, 'eval_precision': 0.7264356361676579, 'eval_recall': 0.6833333333333333, 'eval_runtime': 0.3211, 'eval_samples_per_second': 934.282, 'eval_steps_per_second': 118.342, 'epoch': 2.59}
{'loss': 0.7575, 'learning_rate': 1.4396551724137933e-05, 'epoch': 2.8}
{'eval_loss': 1.0825589895248413, 'eval_accuracy': 0.7, 'eval_f1': 0.6953032588165143, 'eval_precision': 0.7229724537565425, 'eval_recall': 0.7, 'eval_runtime': 0.3204, 'eval_samples_per_second': 936.433, 'eval_steps_per_second': 118.615, 'epoch': 2.8}
{'loss': 0.7493, 'learning_rate': 1.3965517241379311e-05, 'epoch': 3.02}
{'eval_loss': 1.107272982597351, 'eval_accuracy': 0.7066666666666667, 'eval_f1': 0.7033709371483075, 'eval_precision': 0.7175399199241306, 'eval_recall': 0.7066666666666667, 'eval_runtime': 0.3196, 'eval_samples_per_second': 938.684, 'eval_steps_per_second': 118.9, 'epoch': 3.02}
{'loss': 0.4907, 'learning_rate': 1.3534482758620691e-05, 'epoch': 3.23}
{'eval_loss': 1.0967087745666504, 'eval_accuracy': 0.71, 'eval_f1': 0.7152908543854756, 'eval_precision': 0.7504362583877103, 'eval_recall': 0.71, 'eval_runtime': 0.3193, 'eval_samples_per_second': 939.513, 'eval_steps_per_second': 119.005, 'epoch': 3.23}
{'loss': 0.4405, 'learning_rate': 1.310344827586207e-05, 'epoch': 3.45}
{'eval_loss': 1.130915880203247, 'eval_accuracy': 0.7066666666666667, 'eval_f1': 0.7079217797337043, 'eval_precision': 0.7350236180473315, 'eval_recall': 0.7066666666666667, 'eval_runtime': 0.3212, 'eval_samples_per_second': 934.105, 'eval_steps_per_second': 118.32, 'epoch': 3.45}
{'loss': 0.3944, 'learning_rate': 1.2672413793103449e-05, 'epoch': 3.66}
{'eval_loss': 1.1126482486724854, 'eval_accuracy': 0.7033333333333334, 'eval_f1': 0.7007717635246681, 'eval_precision': 0.7250242298070662, 'eval_recall': 0.7033333333333334, 'eval_runtime': 0.3187, 'eval_samples_per_second': 941.363, 'eval_steps_per_second': 119.239, 'epoch': 3.66}
{'loss': 0.472, 'learning_rate': 1.2241379310344827e-05, 'epoch': 3.88}
{'eval_loss': 1.1243813037872314, 'eval_accuracy': 0.69, 'eval_f1': 0.6869314048156153, 'eval_precision': 0.7013892419351593, 'eval_recall': 0.69, 'eval_runtime': 0.3199, 'eval_samples_per_second': 937.88, 'eval_steps_per_second': 118.798, 'epoch': 3.88}
{'loss': 0.4092, 'learning_rate': 1.1810344827586209e-05, 'epoch': 4.09}
{'eval_loss': 1.1134912967681885, 'eval_accuracy': 0.72, 'eval_f1': 0.716347099884841, 'eval_precision': 0.7334159738467584, 'eval_recall': 0.72, 'eval_runtime': 0.3171, 'eval_samples_per_second': 946.12, 'eval_steps_per_second': 119.842, 'epoch': 4.09}
{'loss': 0.2485, 'learning_rate': 1.1379310344827587e-05, 'epoch': 4.31}
{'eval_loss': 1.1390738487243652, 'eval_accuracy': 0.71, 'eval_f1': 0.7085633102791212, 'eval_precision': 0.7278061962746324, 'eval_recall': 0.71, 'eval_runtime': 0.3191, 'eval_samples_per_second': 940.002, 'eval_steps_per_second': 119.067, 'epoch': 4.31}
{'loss': 0.223, 'learning_rate': 1.0948275862068966e-05, 'epoch': 4.53}
{'eval_loss': 1.2134230136871338, 'eval_accuracy': 0.6933333333333334, 'eval_f1': 0.6898171086671087, 'eval_precision': 0.6943133418009578, 'eval_recall': 0.6933333333333334, 'eval_runtime': 0.3181, 'eval_samples_per_second': 943.199, 'eval_steps_per_second': 119.472, 'epoch': 4.53}
{'loss': 0.2917, 'learning_rate': 1.0517241379310346e-05, 'epoch': 4.74}
{'eval_loss': 1.188570499420166, 'eval_accuracy': 0.7166666666666667, 'eval_f1': 0.7183583268322727, 'eval_precision': 0.7419184794230701, 'eval_recall': 0.7166666666666667, 'eval_runtime': 0.3198, 'eval_samples_per_second': 938.087, 'eval_steps_per_second': 118.824, 'epoch': 4.74}
{'loss': 0.2636, 'learning_rate': 1.0086206896551725e-05, 'epoch': 4.96}
{'eval_loss': 1.1728066205978394, 'eval_accuracy': 0.7133333333333334, 'eval_f1': 0.7152002905642677, 'eval_precision': 0.7286549270888347, 'eval_recall': 0.7133333333333334, 'eval_runtime': 0.3187, 'eval_samples_per_second': 941.211, 'eval_steps_per_second': 119.22, 'epoch': 4.96}
{'loss': 0.1775, 'learning_rate': 9.655172413793105e-06, 'epoch': 5.17}
{'eval_loss': 1.2705219984054565, 'eval_accuracy': 0.71, 'eval_f1': 0.7124699927711957, 'eval_precision': 0.7371928255036877, 'eval_recall': 0.71, 'eval_runtime': 0.321, 'eval_samples_per_second': 934.452, 'eval_steps_per_second': 118.364, 'epoch': 5.17}
{'loss': 0.1804, 'learning_rate': 9.224137931034484e-06, 'epoch': 5.39}
{'eval_loss': 1.3740243911743164, 'eval_accuracy': 0.7, 'eval_f1': 0.695966108359127, 'eval_precision': 0.7217400205340949, 'eval_recall': 0.7, 'eval_runtime': 0.3199, 'eval_samples_per_second': 937.782, 'eval_steps_per_second': 118.786, 'epoch': 5.39}
{'loss': 0.1353, 'learning_rate': 8.793103448275862e-06, 'epoch': 5.6}
{'eval_loss': 1.313565731048584, 'eval_accuracy': 0.6966666666666667, 'eval_f1': 0.6999784225353772, 'eval_precision': 0.7373282672550474, 'eval_recall': 0.6966666666666667, 'eval_runtime': 0.3204, 'eval_samples_per_second': 936.403, 'eval_steps_per_second': 118.611, 'epoch': 5.6}
{'loss': 0.1651, 'learning_rate': 8.362068965517242e-06, 'epoch': 5.82}
{'eval_loss': 1.26382577419281, 'eval_accuracy': 0.7233333333333334, 'eval_f1': 0.7198005540435022, 'eval_precision': 0.7304918367346939, 'eval_recall': 0.7233333333333334, 'eval_runtime': 0.3201, 'eval_samples_per_second': 937.12, 'eval_steps_per_second': 118.702, 'epoch': 5.82}
{'loss': 0.0817, 'learning_rate': 7.93103448275862e-06, 'epoch': 6.03}
{'eval_loss': 1.3153856992721558, 'eval_accuracy': 0.72, 'eval_f1': 0.7199906584610141, 'eval_precision': 0.7285925122684542, 'eval_recall': 0.72, 'eval_runtime': 0.323, 'eval_samples_per_second': 928.852, 'eval_steps_per_second': 117.655, 'epoch': 6.03}
{'loss': 0.0807, 'learning_rate': 7.500000000000001e-06, 'epoch': 6.25}
{'eval_loss': 1.4372347593307495, 'eval_accuracy': 0.7266666666666667, 'eval_f1': 0.7256208289988382, 'eval_precision': 0.740311823995248, 'eval_recall': 0.7266666666666667, 'eval_runtime': 0.3235, 'eval_samples_per_second': 927.494, 'eval_steps_per_second': 117.483, 'epoch': 6.25}
{'loss': 0.1051, 'learning_rate': 7.0689655172413796e-06, 'epoch': 6.47}
{'eval_loss': 1.4078443050384521, 'eval_accuracy': 0.7, 'eval_f1': 0.7007629260417516, 'eval_precision': 0.7113220940615035, 'eval_recall': 0.7, 'eval_runtime': 0.3201, 'eval_samples_per_second': 937.069, 'eval_steps_per_second': 118.695, 'epoch': 6.47}
{'loss': 0.0615, 'learning_rate': 6.63793103448276e-06, 'epoch': 6.68}
{'eval_loss': 1.4438985586166382, 'eval_accuracy': 0.73, 'eval_f1': 0.7316206382348903, 'eval_precision': 0.7436289235030116, 'eval_recall': 0.73, 'eval_runtime': 0.3216, 'eval_samples_per_second': 932.809, 'eval_steps_per_second': 118.156, 'epoch': 6.68}
{'loss': 0.1208, 'learning_rate': 6.206896551724138e-06, 'epoch': 6.9}
{'eval_loss': 1.4108549356460571, 'eval_accuracy': 0.6966666666666667, 'eval_f1': 0.6965944987801601, 'eval_precision': 0.7078461677726249, 'eval_recall': 0.6966666666666667, 'eval_runtime': 0.3199, 'eval_samples_per_second': 937.651, 'eval_steps_per_second': 118.769, 'epoch': 6.9}
{'loss': 0.1071, 'learning_rate': 5.775862068965518e-06, 'epoch': 7.11}
{'eval_loss': 1.4809352159500122, 'eval_accuracy': 0.72, 'eval_f1': 0.7210241882573646, 'eval_precision': 0.7329381310124343, 'eval_recall': 0.72, 'eval_runtime': 0.3183, 'eval_samples_per_second': 942.497, 'eval_steps_per_second': 119.383, 'epoch': 7.11}
{'loss': 0.0417, 'learning_rate': 5.344827586206896e-06, 'epoch': 7.33}
{'eval_loss': 1.4504613876342773, 'eval_accuracy': 0.7166666666666667, 'eval_f1': 0.7187212301137982, 'eval_precision': 0.7295652291534644, 'eval_recall': 0.7166666666666667, 'eval_runtime': 0.3183, 'eval_samples_per_second': 942.57, 'eval_steps_per_second': 119.392, 'epoch': 7.33}
{'loss': 0.0355, 'learning_rate': 4.9137931034482765e-06, 'epoch': 7.54}
{'eval_loss': 1.4510846138000488, 'eval_accuracy': 0.7266666666666667, 'eval_f1': 0.7281984733985144, 'eval_precision': 0.7405435876946175, 'eval_recall': 0.7266666666666667, 'eval_runtime': 0.3191, 'eval_samples_per_second': 940.109, 'eval_steps_per_second': 119.08, 'epoch': 7.54}
{'loss': 0.0486, 'learning_rate': 4.482758620689656e-06, 'epoch': 7.76}
{'eval_loss': 1.4768180847167969, 'eval_accuracy': 0.7233333333333334, 'eval_f1': 0.7259104185958388, 'eval_precision': 0.7375547766372911, 'eval_recall': 0.7233333333333334, 'eval_runtime': 0.3205, 'eval_samples_per_second': 936.067, 'eval_steps_per_second': 118.568, 'epoch': 7.76}
{'loss': 0.0848, 'learning_rate': 4.051724137931034e-06, 'epoch': 7.97}
{'eval_loss': 1.4929943084716797, 'eval_accuracy': 0.7066666666666667, 'eval_f1': 0.7085349496632881, 'eval_precision': 0.7200274237278629, 'eval_recall': 0.7066666666666667, 'eval_runtime': 0.3186, 'eval_samples_per_second': 941.618, 'eval_steps_per_second': 119.272, 'epoch': 7.97}
{'loss': 0.0402, 'learning_rate': 3.620689655172414e-06, 'epoch': 8.19}
{'eval_loss': 1.514209270477295, 'eval_accuracy': 0.7233333333333334, 'eval_f1': 0.7261547354358137, 'eval_precision': 0.7400999708633527, 'eval_recall': 0.7233333333333334, 'eval_runtime': 0.3182, 'eval_samples_per_second': 942.83, 'eval_steps_per_second': 119.425, 'epoch': 8.19}
{'loss': 0.0462, 'learning_rate': 3.1896551724137935e-06, 'epoch': 8.41}
{'eval_loss': 1.5200459957122803, 'eval_accuracy': 0.7233333333333334, 'eval_f1': 0.7246939841156399, 'eval_precision': 0.7337267754854964, 'eval_recall': 0.7233333333333334, 'eval_runtime': 0.3202, 'eval_samples_per_second': 936.892, 'eval_steps_per_second': 118.673, 'epoch': 8.41}
{'loss': 0.0474, 'learning_rate': 2.7586206896551725e-06, 'epoch': 8.62}
{'eval_loss': 1.5234873294830322, 'eval_accuracy': 0.7166666666666667, 'eval_f1': 0.7196036039791155, 'eval_precision': 0.7326125307330937, 'eval_recall': 0.7166666666666667, 'eval_runtime': 0.3225, 'eval_samples_per_second': 930.206, 'eval_steps_per_second': 117.826, 'epoch': 8.62}
{'loss': 0.0265, 'learning_rate': 2.327586206896552e-06, 'epoch': 8.84}
{'eval_loss': 1.5219260454177856, 'eval_accuracy': 0.72, 'eval_f1': 0.72190989062369, 'eval_precision': 0.7337431848111163, 'eval_recall': 0.72, 'eval_runtime': 0.3203, 'eval_samples_per_second': 936.765, 'eval_steps_per_second': 118.657, 'epoch': 8.84}
{'loss': 0.0344, 'learning_rate': 1.896551724137931e-06, 'epoch': 9.05}
{'eval_loss': 1.5300073623657227, 'eval_accuracy': 0.7166666666666667, 'eval_f1': 0.7186623752863658, 'eval_precision': 0.7293330401676292, 'eval_recall': 0.7166666666666667, 'eval_runtime': 0.3207, 'eval_samples_per_second': 935.519, 'eval_steps_per_second': 118.499, 'epoch': 9.05}
{'loss': 0.0166, 'learning_rate': 1.4655172413793104e-06, 'epoch': 9.27}
{'eval_loss': 1.519324779510498, 'eval_accuracy': 0.72, 'eval_f1': 0.7216658664030148, 'eval_precision': 0.7311189890323129, 'eval_recall': 0.72, 'eval_runtime': 0.3208, 'eval_samples_per_second': 935.088, 'eval_steps_per_second': 118.444, 'epoch': 9.27}
{'loss': 0.0271, 'learning_rate': 1.0344827586206898e-06, 'epoch': 9.48}
{'eval_loss': 1.518092393875122, 'eval_accuracy': 0.7233333333333334, 'eval_f1': 0.7246741441879071, 'eval_precision': 0.7325879891342488, 'eval_recall': 0.7233333333333334, 'eval_runtime': 0.3203, 'eval_samples_per_second': 936.623, 'eval_steps_per_second': 118.639, 'epoch': 9.48}
{'loss': 0.0238, 'learning_rate': 6.034482758620691e-07, 'epoch': 9.7}
{'eval_loss': 1.5207210779190063, 'eval_accuracy': 0.7233333333333334, 'eval_f1': 0.7246741441879071, 'eval_precision': 0.7325879891342488, 'eval_recall': 0.7233333333333334, 'eval_runtime': 0.3196, 'eval_samples_per_second': 938.639, 'eval_steps_per_second': 118.894, 'epoch': 9.7}
{'loss': 0.0466, 'learning_rate': 1.7241379310344828e-07, 'epoch': 9.91}
{'eval_loss': 1.5270057916641235, 'eval_accuracy': 0.7233333333333334, 'eval_f1': 0.724235929973949, 'eval_precision': 0.7316327221789818, 'eval_recall': 0.7233333333333334, 'eval_runtime': 0.321, 'eval_samples_per_second': 934.554, 'eval_steps_per_second': 118.377, 'epoch': 9.91}
{'train_runtime': 174.5285, 'train_samples_per_second': 105.943, 'train_steps_per_second': 13.293, 'train_loss': 0.5422266738039666, 'epoch': 10.0}
using GPU
Model loaded!
Start the training ...
{'loss': 2.5176, 'learning_rate': 1.956896551724138e-05, 'epoch': 0.22}
{'eval_loss': 2.3988826274871826, 'eval_accuracy': 0.20333333333333334, 'eval_f1': 0.06871652816251154, 'eval_precision': 0.04134444444444445, 'eval_recall': 0.20333333333333334, 'eval_runtime': 0.3258, 'eval_samples_per_second': 920.939, 'eval_steps_per_second': 116.652, 'epoch': 0.22}
{'loss': 2.4253, 'learning_rate': 1.913793103448276e-05, 'epoch': 0.43}
{'eval_loss': 2.2230443954467773, 'eval_accuracy': 0.24, 'eval_f1': 0.12229102167182662, 'eval_precision': 0.1122990271377368, 'eval_recall': 0.24, 'eval_runtime': 0.3249, 'eval_samples_per_second': 923.315, 'eval_steps_per_second': 116.953, 'epoch': 0.43}
{'loss': 2.166, 'learning_rate': 1.8706896551724137e-05, 'epoch': 0.65}
{'eval_loss': 1.9519362449645996, 'eval_accuracy': 0.4, 'eval_f1': 0.347456368703686, 'eval_precision': 0.39410348358109554, 'eval_recall': 0.4, 'eval_runtime': 0.3235, 'eval_samples_per_second': 927.498, 'eval_steps_per_second': 117.483, 'epoch': 0.65}
{'loss': 2.0813, 'learning_rate': 1.827586206896552e-05, 'epoch': 0.86}
{'eval_loss': 1.7592500448226929, 'eval_accuracy': 0.47, 'eval_f1': 0.43041395458274734, 'eval_precision': 0.5155667641325536, 'eval_recall': 0.47, 'eval_runtime': 0.3245, 'eval_samples_per_second': 924.629, 'eval_steps_per_second': 117.12, 'epoch': 0.86}
{'loss': 1.7558, 'learning_rate': 1.7844827586206898e-05, 'epoch': 1.08}
{'eval_loss': 1.5793099403381348, 'eval_accuracy': 0.5333333333333333, 'eval_f1': 0.5085428561255333, 'eval_precision': 0.5774833790614724, 'eval_recall': 0.5333333333333333, 'eval_runtime': 0.3216, 'eval_samples_per_second': 932.862, 'eval_steps_per_second': 118.163, 'epoch': 1.08}
{'loss': 1.5118, 'learning_rate': 1.7413793103448276e-05, 'epoch': 1.29}
{'eval_loss': 1.4214558601379395, 'eval_accuracy': 0.5966666666666667, 'eval_f1': 0.5831987906329141, 'eval_precision': 0.6237445777731482, 'eval_recall': 0.5966666666666667, 'eval_runtime': 0.322, 'eval_samples_per_second': 931.573, 'eval_steps_per_second': 117.999, 'epoch': 1.29}
{'loss': 1.4988, 'learning_rate': 1.6982758620689658e-05, 'epoch': 1.51}
{'eval_loss': 1.394978404045105, 'eval_accuracy': 0.58, 'eval_f1': 0.5738600823592788, 'eval_precision': 0.6108829195848647, 'eval_recall': 0.58, 'eval_runtime': 0.323, 'eval_samples_per_second': 928.832, 'eval_steps_per_second': 117.652, 'epoch': 1.51}
{'loss': 1.3373, 'learning_rate': 1.6551724137931037e-05, 'epoch': 1.72}
{'eval_loss': 1.3158560991287231, 'eval_accuracy': 0.6266666666666667, 'eval_f1': 0.6143687322289862, 'eval_precision': 0.622914862914863, 'eval_recall': 0.6266666666666667, 'eval_runtime': 0.3218, 'eval_samples_per_second': 932.35, 'eval_steps_per_second': 118.098, 'epoch': 1.72}
{'loss': 1.4137, 'learning_rate': 1.6120689655172415e-05, 'epoch': 1.94}
{'eval_loss': 1.3481268882751465, 'eval_accuracy': 0.61, 'eval_f1': 0.6075094543123428, 'eval_precision': 0.648642488903399, 'eval_recall': 0.61, 'eval_runtime': 0.3237, 'eval_samples_per_second': 926.771, 'eval_steps_per_second': 117.391, 'epoch': 1.94}
{'loss': 1.0651, 'learning_rate': 1.5689655172413794e-05, 'epoch': 2.16}
{'eval_loss': 1.215345025062561, 'eval_accuracy': 0.63, 'eval_f1': 0.6127574425949132, 'eval_precision': 0.6657048087746753, 'eval_recall': 0.63, 'eval_runtime': 0.3237, 'eval_samples_per_second': 926.745, 'eval_steps_per_second': 117.388, 'epoch': 2.16}
{'loss': 0.8578, 'learning_rate': 1.5258620689655174e-05, 'epoch': 2.37}
{'eval_loss': 1.2565512657165527, 'eval_accuracy': 0.6566666666666666, 'eval_f1': 0.6539700290849467, 'eval_precision': 0.6682169358371629, 'eval_recall': 0.6566666666666666, 'eval_runtime': 0.3219, 'eval_samples_per_second': 932.019, 'eval_steps_per_second': 118.056, 'epoch': 2.37}
{'loss': 0.9445, 'learning_rate': 1.4827586206896554e-05, 'epoch': 2.59}
{'eval_loss': 1.2391791343688965, 'eval_accuracy': 0.66, 'eval_f1': 0.6496147818386809, 'eval_precision': 0.6820273684335181, 'eval_recall': 0.66, 'eval_runtime': 0.3248, 'eval_samples_per_second': 923.719, 'eval_steps_per_second': 117.004, 'epoch': 2.59}
{'loss': 0.8809, 'learning_rate': 1.4396551724137933e-05, 'epoch': 2.8}
{'eval_loss': 1.2274055480957031, 'eval_accuracy': 0.6566666666666666, 'eval_f1': 0.6496306685167892, 'eval_precision': 0.6826497996008501, 'eval_recall': 0.6566666666666666, 'eval_runtime': 0.3213, 'eval_samples_per_second': 933.739, 'eval_steps_per_second': 118.274, 'epoch': 2.8}
{'loss': 0.9047, 'learning_rate': 1.3965517241379311e-05, 'epoch': 3.02}
{'eval_loss': 1.2316057682037354, 'eval_accuracy': 0.65, 'eval_f1': 0.6488302515857388, 'eval_precision': 0.6723979910520425, 'eval_recall': 0.65, 'eval_runtime': 0.324, 'eval_samples_per_second': 925.89, 'eval_steps_per_second': 117.279, 'epoch': 3.02}
{'loss': 0.5743, 'learning_rate': 1.3534482758620691e-05, 'epoch': 3.23}
{'eval_loss': 1.1777138710021973, 'eval_accuracy': 0.6766666666666666, 'eval_f1': 0.671378302241267, 'eval_precision': 0.6877674688858899, 'eval_recall': 0.6766666666666666, 'eval_runtime': 0.326, 'eval_samples_per_second': 920.252, 'eval_steps_per_second': 116.565, 'epoch': 3.23}
{'loss': 0.5768, 'learning_rate': 1.310344827586207e-05, 'epoch': 3.45}
{'eval_loss': 1.1922273635864258, 'eval_accuracy': 0.6833333333333333, 'eval_f1': 0.6835616564405183, 'eval_precision': 0.6981886190093347, 'eval_recall': 0.6833333333333333, 'eval_runtime': 0.3236, 'eval_samples_per_second': 927.107, 'eval_steps_per_second': 117.434, 'epoch': 3.45}
{'loss': 0.5457, 'learning_rate': 1.2672413793103449e-05, 'epoch': 3.66}
{'eval_loss': 1.2161329984664917, 'eval_accuracy': 0.6833333333333333, 'eval_f1': 0.6724939245342808, 'eval_precision': 0.6975761516261517, 'eval_recall': 0.6833333333333333, 'eval_runtime': 0.323, 'eval_samples_per_second': 928.793, 'eval_steps_per_second': 117.647, 'epoch': 3.66}
{'loss': 0.588, 'learning_rate': 1.2241379310344827e-05, 'epoch': 3.88}
{'eval_loss': 1.2417714595794678, 'eval_accuracy': 0.6533333333333333, 'eval_f1': 0.6534432895633155, 'eval_precision': 0.6727395338147854, 'eval_recall': 0.6533333333333333, 'eval_runtime': 0.3251, 'eval_samples_per_second': 922.765, 'eval_steps_per_second': 116.884, 'epoch': 3.88}
{'loss': 0.4833, 'learning_rate': 1.1810344827586209e-05, 'epoch': 4.09}
{'eval_loss': 1.2136038541793823, 'eval_accuracy': 0.67, 'eval_f1': 0.6677534916673923, 'eval_precision': 0.6748042420055087, 'eval_recall': 0.67, 'eval_runtime': 0.3229, 'eval_samples_per_second': 929.12, 'eval_steps_per_second': 117.689, 'epoch': 4.09}
{'loss': 0.3514, 'learning_rate': 1.1379310344827587e-05, 'epoch': 4.31}
{'eval_loss': 1.2093605995178223, 'eval_accuracy': 0.6866666666666666, 'eval_f1': 0.6794106363328813, 'eval_precision': 0.6857894858590937, 'eval_recall': 0.6866666666666666, 'eval_runtime': 0.3233, 'eval_samples_per_second': 927.856, 'eval_steps_per_second': 117.528, 'epoch': 4.31}
{'loss': 0.3122, 'learning_rate': 1.0948275862068966e-05, 'epoch': 4.53}
{'eval_loss': 1.2682338953018188, 'eval_accuracy': 0.69, 'eval_f1': 0.6820130076661352, 'eval_precision': 0.6866922463802874, 'eval_recall': 0.69, 'eval_runtime': 0.3216, 'eval_samples_per_second': 932.707, 'eval_steps_per_second': 118.143, 'epoch': 4.53}
{'loss': 0.3677, 'learning_rate': 1.0517241379310346e-05, 'epoch': 4.74}
{'eval_loss': 1.3787046670913696, 'eval_accuracy': 0.6733333333333333, 'eval_f1': 0.6676731167357542, 'eval_precision': 0.6845689270079515, 'eval_recall': 0.6733333333333333, 'eval_runtime': 0.3216, 'eval_samples_per_second': 932.695, 'eval_steps_per_second': 118.141, 'epoch': 4.74}
{'loss': 0.343, 'learning_rate': 1.0086206896551725e-05, 'epoch': 4.96}
{'eval_loss': 1.2893166542053223, 'eval_accuracy': 0.69, 'eval_f1': 0.6937981678804302, 'eval_precision': 0.7093190115840057, 'eval_recall': 0.69, 'eval_runtime': 0.3219, 'eval_samples_per_second': 932.081, 'eval_steps_per_second': 118.064, 'epoch': 4.96}
{'loss': 0.2046, 'learning_rate': 9.655172413793105e-06, 'epoch': 5.17}
{'eval_loss': 1.4943879842758179, 'eval_accuracy': 0.64, 'eval_f1': 0.6515076598096796, 'eval_precision': 0.6956008164968263, 'eval_recall': 0.64, 'eval_runtime': 0.3221, 'eval_samples_per_second': 931.3, 'eval_steps_per_second': 117.965, 'epoch': 5.17}
{'loss': 0.2522, 'learning_rate': 9.224137931034484e-06, 'epoch': 5.39}
{'eval_loss': 1.4207072257995605, 'eval_accuracy': 0.68, 'eval_f1': 0.6861450057937536, 'eval_precision': 0.7288780900979304, 'eval_recall': 0.68, 'eval_runtime': 0.3218, 'eval_samples_per_second': 932.356, 'eval_steps_per_second': 118.098, 'epoch': 5.39}
{'loss': 0.2089, 'learning_rate': 8.793103448275862e-06, 'epoch': 5.6}
{'eval_loss': 1.3622459173202515, 'eval_accuracy': 0.68, 'eval_f1': 0.6795903777796883, 'eval_precision': 0.6910840966662536, 'eval_recall': 0.68, 'eval_runtime': 0.3233, 'eval_samples_per_second': 927.807, 'eval_steps_per_second': 117.522, 'epoch': 5.6}
{'loss': 0.2254, 'learning_rate': 8.362068965517242e-06, 'epoch': 5.82}
{'eval_loss': 1.4894907474517822, 'eval_accuracy': 0.6766666666666666, 'eval_f1': 0.6737548793443099, 'eval_precision': 0.6943301246595364, 'eval_recall': 0.6766666666666666, 'eval_runtime': 0.3218, 'eval_samples_per_second': 932.286, 'eval_steps_per_second': 118.09, 'epoch': 5.82}
{'loss': 0.1569, 'learning_rate': 7.93103448275862e-06, 'epoch': 6.03}
{'eval_loss': 1.3793257474899292, 'eval_accuracy': 0.7066666666666667, 'eval_f1': 0.7092488109703587, 'eval_precision': 0.7192531225953486, 'eval_recall': 0.7066666666666667, 'eval_runtime': 0.3215, 'eval_samples_per_second': 933.222, 'eval_steps_per_second': 118.208, 'epoch': 6.03}
{'loss': 0.1676, 'learning_rate': 7.500000000000001e-06, 'epoch': 6.25}
{'eval_loss': 1.4255316257476807, 'eval_accuracy': 0.69, 'eval_f1': 0.6892118234908933, 'eval_precision': 0.6966262503898896, 'eval_recall': 0.69, 'eval_runtime': 0.3218, 'eval_samples_per_second': 932.313, 'eval_steps_per_second': 118.093, 'epoch': 6.25}
{'loss': 0.1481, 'learning_rate': 7.0689655172413796e-06, 'epoch': 6.47}
{'eval_loss': 1.4773439168930054, 'eval_accuracy': 0.68, 'eval_f1': 0.6805640009406184, 'eval_precision': 0.6889816020391468, 'eval_recall': 0.68, 'eval_runtime': 0.3708, 'eval_samples_per_second': 809.148, 'eval_steps_per_second': 102.492, 'epoch': 6.47}
{'loss': 0.122, 'learning_rate': 6.63793103448276e-06, 'epoch': 6.68}
{'eval_loss': 1.5348169803619385, 'eval_accuracy': 0.6966666666666667, 'eval_f1': 0.6989763398860891, 'eval_precision': 0.7166653714935449, 'eval_recall': 0.6966666666666667, 'eval_runtime': 0.322, 'eval_samples_per_second': 931.715, 'eval_steps_per_second': 118.017, 'epoch': 6.68}
{'loss': 0.1947, 'learning_rate': 6.206896551724138e-06, 'epoch': 6.9}
{'eval_loss': 1.5890681743621826, 'eval_accuracy': 0.6833333333333333, 'eval_f1': 0.6805858614853537, 'eval_precision': 0.6925039112047933, 'eval_recall': 0.6833333333333333, 'eval_runtime': 0.3454, 'eval_samples_per_second': 868.5, 'eval_steps_per_second': 110.01, 'epoch': 6.9}
{'loss': 0.1156, 'learning_rate': 5.775862068965518e-06, 'epoch': 7.11}
{'eval_loss': 1.5483916997909546, 'eval_accuracy': 0.6733333333333333, 'eval_f1': 0.6714931673288923, 'eval_precision': 0.6895722471785488, 'eval_recall': 0.6733333333333333, 'eval_runtime': 0.3219, 'eval_samples_per_second': 931.852, 'eval_steps_per_second': 118.035, 'epoch': 7.11}
{'loss': 0.0877, 'learning_rate': 5.344827586206896e-06, 'epoch': 7.33}
{'eval_loss': 1.6306565999984741, 'eval_accuracy': 0.67, 'eval_f1': 0.6737609974506527, 'eval_precision': 0.6899173499405736, 'eval_recall': 0.67, 'eval_runtime': 0.3253, 'eval_samples_per_second': 922.345, 'eval_steps_per_second': 116.83, 'epoch': 7.33}
{'loss': 0.124, 'learning_rate': 4.9137931034482765e-06, 'epoch': 7.54}
{'eval_loss': 1.6941766738891602, 'eval_accuracy': 0.6733333333333333, 'eval_f1': 0.6761846262307664, 'eval_precision': 0.6940713636421963, 'eval_recall': 0.6733333333333333, 'eval_runtime': 0.3209, 'eval_samples_per_second': 934.864, 'eval_steps_per_second': 118.416, 'epoch': 7.54}
{'loss': 0.0593, 'learning_rate': 4.482758620689656e-06, 'epoch': 7.76}
{'eval_loss': 1.6225990056991577, 'eval_accuracy': 0.6733333333333333, 'eval_f1': 0.6751303136559416, 'eval_precision': 0.6870620433017045, 'eval_recall': 0.6733333333333333, 'eval_runtime': 0.3225, 'eval_samples_per_second': 930.303, 'eval_steps_per_second': 117.838, 'epoch': 7.76}
{'loss': 0.111, 'learning_rate': 4.051724137931034e-06, 'epoch': 7.97}
{'eval_loss': 1.6287466287612915, 'eval_accuracy': 0.69, 'eval_f1': 0.6924002664399111, 'eval_precision': 0.7083954344800539, 'eval_recall': 0.69, 'eval_runtime': 0.3239, 'eval_samples_per_second': 926.123, 'eval_steps_per_second': 117.309, 'epoch': 7.97}
{'loss': 0.0739, 'learning_rate': 3.620689655172414e-06, 'epoch': 8.19}
{'eval_loss': 1.6347694396972656, 'eval_accuracy': 0.6933333333333334, 'eval_f1': 0.695892682904376, 'eval_precision': 0.7111299601661157, 'eval_recall': 0.6933333333333334, 'eval_runtime': 0.3228, 'eval_samples_per_second': 929.368, 'eval_steps_per_second': 117.72, 'epoch': 8.19}
{'loss': 0.0691, 'learning_rate': 3.1896551724137935e-06, 'epoch': 8.41}
{'eval_loss': 1.6364469528198242, 'eval_accuracy': 0.6966666666666667, 'eval_f1': 0.699295739480488, 'eval_precision': 0.7148974079547388, 'eval_recall': 0.6966666666666667, 'eval_runtime': 0.3231, 'eval_samples_per_second': 928.529, 'eval_steps_per_second': 117.614, 'epoch': 8.41}
{'loss': 0.0723, 'learning_rate': 2.7586206896551725e-06, 'epoch': 8.62}
{'eval_loss': 1.6316852569580078, 'eval_accuracy': 0.7033333333333334, 'eval_f1': 0.7049590849745072, 'eval_precision': 0.718259426503297, 'eval_recall': 0.7033333333333334, 'eval_runtime': 0.3244, 'eval_samples_per_second': 924.856, 'eval_steps_per_second': 117.148, 'epoch': 8.62}
{'loss': 0.0715, 'learning_rate': 2.327586206896552e-06, 'epoch': 8.84}
{'eval_loss': 1.6628761291503906, 'eval_accuracy': 0.6966666666666667, 'eval_f1': 0.7004474882463991, 'eval_precision': 0.7148466878833533, 'eval_recall': 0.6966666666666667, 'eval_runtime': 0.3225, 'eval_samples_per_second': 930.372, 'eval_steps_per_second': 117.847, 'epoch': 8.84}
{'loss': 0.0516, 'learning_rate': 1.896551724137931e-06, 'epoch': 9.05}
{'eval_loss': 1.6602097749710083, 'eval_accuracy': 0.7033333333333334, 'eval_f1': 0.7039814818567577, 'eval_precision': 0.7150055130359647, 'eval_recall': 0.7033333333333334, 'eval_runtime': 0.3229, 'eval_samples_per_second': 929.099, 'eval_steps_per_second': 117.686, 'epoch': 9.05}
{'loss': 0.0326, 'learning_rate': 1.4655172413793104e-06, 'epoch': 9.27}
{'eval_loss': 1.655027151107788, 'eval_accuracy': 0.7, 'eval_f1': 0.7003402383240909, 'eval_precision': 0.7107080235743785, 'eval_recall': 0.7, 'eval_runtime': 0.3233, 'eval_samples_per_second': 927.805, 'eval_steps_per_second': 117.522, 'epoch': 9.27}
{'loss': 0.0671, 'learning_rate': 1.0344827586206898e-06, 'epoch': 9.48}
{'eval_loss': 1.6836581230163574, 'eval_accuracy': 0.7, 'eval_f1': 0.7010555194480389, 'eval_precision': 0.7158016463407768, 'eval_recall': 0.7, 'eval_runtime': 0.3227, 'eval_samples_per_second': 929.743, 'eval_steps_per_second': 117.767, 'epoch': 9.48}
{'loss': 0.0436, 'learning_rate': 6.034482758620691e-07, 'epoch': 9.7}
{'eval_loss': 1.673064112663269, 'eval_accuracy': 0.6966666666666667, 'eval_f1': 0.6985259328127386, 'eval_precision': 0.7127979357128293, 'eval_recall': 0.6966666666666667, 'eval_runtime': 0.3241, 'eval_samples_per_second': 925.749, 'eval_steps_per_second': 117.262, 'epoch': 9.7}
{'loss': 0.0708, 'learning_rate': 1.7241379310344828e-07, 'epoch': 9.91}
{'eval_loss': 1.6775181293487549, 'eval_accuracy': 0.7033333333333334, 'eval_f1': 0.7059941717913345, 'eval_precision': 0.7206316574939153, 'eval_recall': 0.7033333333333334, 'eval_runtime': 0.3242, 'eval_samples_per_second': 925.285, 'eval_steps_per_second': 117.203, 'epoch': 9.91}
{'train_runtime': 176.1681, 'train_samples_per_second': 104.957, 'train_steps_per_second': 13.169, 'train_loss': 0.6086705915629864, 'epoch': 10.0}
