/cluster/raid/home/zhivar.sourati/logical-fallacy-identification/AMR_parsers_and_graphs
Thu Sep 29 01:35:37 2022       
+-----------------------------------------------------------------------------+
| NVIDIA-SMI 460.32.03    Driver Version: 460.32.03    CUDA Version: 11.2     |
|-------------------------------+----------------------+----------------------+
| GPU  Name        Persistence-M| Bus-Id        Disp.A | Volatile Uncorr. ECC |
| Fan  Temp  Perf  Pwr:Usage/Cap|         Memory-Usage | GPU-Util  Compute M. |
|                               |                      |               MIG M. |
|===============================+======================+======================|
|   0  Tesla V100-PCIE...  Off  | 00000000:05:00.0 Off |                    0 |
| N/A   31C    P0    24W / 250W |      0MiB / 16160MiB |      0%      Default |
|                               |                      |                  N/A |
+-------------------------------+----------------------+----------------------+
                                                                               
+-----------------------------------------------------------------------------+
| Processes:                                                                  |
|  GPU   GI   CI        PID   Type   Process name                  GPU Memory |
|        ID   ID                                                   Usage      |
|=============================================================================|
|  No running processes found                                                 |
+-----------------------------------------------------------------------------+
0
cuda
Model loaded!
Start the training ...
{'loss': 2.509, 'learning_rate': 4.892241379310345e-05, 'epoch': 0.22}
{'eval_loss': 2.42661190032959, 'eval_accuracy': 0.20333333333333334, 'eval_f1': 0.06871652816251154, 'eval_precision': 0.04134444444444445, 'eval_recall': 0.20333333333333334, 'eval_runtime': 0.6373, 'eval_samples_per_second': 470.725, 'eval_steps_per_second': 59.625, 'epoch': 0.22}
{'loss': 2.4828, 'learning_rate': 4.78448275862069e-05, 'epoch': 0.43}
{'eval_loss': 2.4241812229156494, 'eval_accuracy': 0.20333333333333334, 'eval_f1': 0.06871652816251154, 'eval_precision': 0.04134444444444445, 'eval_recall': 0.20333333333333334, 'eval_runtime': 0.6411, 'eval_samples_per_second': 467.948, 'eval_steps_per_second': 59.273, 'epoch': 0.43}
{'loss': 2.4828, 'learning_rate': 4.6767241379310346e-05, 'epoch': 0.65}
{'eval_loss': 2.4338600635528564, 'eval_accuracy': 0.20333333333333334, 'eval_f1': 0.06871652816251154, 'eval_precision': 0.04134444444444445, 'eval_recall': 0.20333333333333334, 'eval_runtime': 0.642, 'eval_samples_per_second': 467.29, 'eval_steps_per_second': 59.19, 'epoch': 0.65}
{'loss': 2.5084, 'learning_rate': 4.5689655172413794e-05, 'epoch': 0.86}
{'eval_loss': 2.439140796661377, 'eval_accuracy': 0.20333333333333334, 'eval_f1': 0.06871652816251154, 'eval_precision': 0.04134444444444445, 'eval_recall': 0.20333333333333334, 'eval_runtime': 0.6357, 'eval_samples_per_second': 471.949, 'eval_steps_per_second': 59.78, 'epoch': 0.86}
{'loss': 2.4536, 'learning_rate': 4.461206896551724e-05, 'epoch': 1.08}
{'eval_loss': 2.423341989517212, 'eval_accuracy': 0.20333333333333334, 'eval_f1': 0.06871652816251154, 'eval_precision': 0.04134444444444445, 'eval_recall': 0.20333333333333334, 'eval_runtime': 0.6324, 'eval_samples_per_second': 474.39, 'eval_steps_per_second': 60.089, 'epoch': 1.08}
{'loss': 2.4522, 'learning_rate': 4.353448275862069e-05, 'epoch': 1.29}
{'eval_loss': 2.4159750938415527, 'eval_accuracy': 0.20333333333333334, 'eval_f1': 0.06871652816251154, 'eval_precision': 0.04134444444444445, 'eval_recall': 0.20333333333333334, 'eval_runtime': 0.6356, 'eval_samples_per_second': 472.002, 'eval_steps_per_second': 59.787, 'epoch': 1.29}
{'loss': 2.5116, 'learning_rate': 4.245689655172414e-05, 'epoch': 1.51}
{'eval_loss': 2.4517276287078857, 'eval_accuracy': 0.20333333333333334, 'eval_f1': 0.06871652816251154, 'eval_precision': 0.04134444444444445, 'eval_recall': 0.20333333333333334, 'eval_runtime': 0.6327, 'eval_samples_per_second': 474.161, 'eval_steps_per_second': 60.06, 'epoch': 1.51}
{'loss': 2.499, 'learning_rate': 4.1379310344827587e-05, 'epoch': 1.72}
{'eval_loss': 2.4244890213012695, 'eval_accuracy': 0.20333333333333334, 'eval_f1': 0.06871652816251154, 'eval_precision': 0.04134444444444445, 'eval_recall': 0.20333333333333334, 'eval_runtime': 0.6333, 'eval_samples_per_second': 473.676, 'eval_steps_per_second': 59.999, 'epoch': 1.72}
{'loss': 2.5221, 'learning_rate': 4.0301724137931035e-05, 'epoch': 1.94}
{'eval_loss': 2.437009334564209, 'eval_accuracy': 0.20333333333333334, 'eval_f1': 0.06871652816251154, 'eval_precision': 0.04134444444444445, 'eval_recall': 0.20333333333333334, 'eval_runtime': 0.6349, 'eval_samples_per_second': 472.487, 'eval_steps_per_second': 59.848, 'epoch': 1.94}
{'loss': 2.4706, 'learning_rate': 3.922413793103448e-05, 'epoch': 2.16}
{'eval_loss': 2.453963279724121, 'eval_accuracy': 0.20333333333333334, 'eval_f1': 0.06871652816251154, 'eval_precision': 0.04134444444444445, 'eval_recall': 0.20333333333333334, 'eval_runtime': 0.6349, 'eval_samples_per_second': 472.527, 'eval_steps_per_second': 59.853, 'epoch': 2.16}
{'loss': 2.4769, 'learning_rate': 3.814655172413794e-05, 'epoch': 2.37}
{'eval_loss': 2.416533946990967, 'eval_accuracy': 0.20333333333333334, 'eval_f1': 0.06871652816251154, 'eval_precision': 0.04134444444444445, 'eval_recall': 0.20333333333333334, 'eval_runtime': 0.6349, 'eval_samples_per_second': 472.496, 'eval_steps_per_second': 59.849, 'epoch': 2.37}
{'loss': 2.481, 'learning_rate': 3.7068965517241385e-05, 'epoch': 2.59}
{'eval_loss': 2.4321963787078857, 'eval_accuracy': 0.20333333333333334, 'eval_f1': 0.06871652816251154, 'eval_precision': 0.04134444444444445, 'eval_recall': 0.20333333333333334, 'eval_runtime': 0.6362, 'eval_samples_per_second': 471.523, 'eval_steps_per_second': 59.726, 'epoch': 2.59}
{'loss': 2.4914, 'learning_rate': 3.5991379310344833e-05, 'epoch': 2.8}
{'eval_loss': 2.422886371612549, 'eval_accuracy': 0.20333333333333334, 'eval_f1': 0.06871652816251154, 'eval_precision': 0.04134444444444445, 'eval_recall': 0.20333333333333334, 'eval_runtime': 0.6392, 'eval_samples_per_second': 469.339, 'eval_steps_per_second': 59.45, 'epoch': 2.8}
{'loss': 2.4803, 'learning_rate': 3.4913793103448275e-05, 'epoch': 3.02}
{'eval_loss': 2.4321062564849854, 'eval_accuracy': 0.12, 'eval_f1': 0.02571428571428571, 'eval_precision': 0.014400000000000001, 'eval_recall': 0.12, 'eval_runtime': 0.6339, 'eval_samples_per_second': 473.23, 'eval_steps_per_second': 59.942, 'epoch': 3.02}
{'loss': 2.4645, 'learning_rate': 3.383620689655172e-05, 'epoch': 3.23}
{'eval_loss': 2.412278175354004, 'eval_accuracy': 0.20333333333333334, 'eval_f1': 0.06871652816251154, 'eval_precision': 0.04134444444444445, 'eval_recall': 0.20333333333333334, 'eval_runtime': 0.6313, 'eval_samples_per_second': 475.235, 'eval_steps_per_second': 60.196, 'epoch': 3.23}
{'loss': 2.5095, 'learning_rate': 3.275862068965517e-05, 'epoch': 3.45}
{'eval_loss': 2.430018186569214, 'eval_accuracy': 0.20333333333333334, 'eval_f1': 0.06871652816251154, 'eval_precision': 0.04134444444444445, 'eval_recall': 0.20333333333333334, 'eval_runtime': 0.6314, 'eval_samples_per_second': 475.163, 'eval_steps_per_second': 60.187, 'epoch': 3.45}
{'loss': 2.4678, 'learning_rate': 3.168103448275862e-05, 'epoch': 3.66}
{'eval_loss': 2.4221651554107666, 'eval_accuracy': 0.20333333333333334, 'eval_f1': 0.06871652816251154, 'eval_precision': 0.04134444444444445, 'eval_recall': 0.20333333333333334, 'eval_runtime': 0.6351, 'eval_samples_per_second': 472.383, 'eval_steps_per_second': 59.835, 'epoch': 3.66}
{'loss': 2.5039, 'learning_rate': 3.060344827586207e-05, 'epoch': 3.88}
{'eval_loss': 2.4283807277679443, 'eval_accuracy': 0.20333333333333334, 'eval_f1': 0.06871652816251154, 'eval_precision': 0.04134444444444445, 'eval_recall': 0.20333333333333334, 'eval_runtime': 0.6314, 'eval_samples_per_second': 475.149, 'eval_steps_per_second': 60.185, 'epoch': 3.88}
{'loss': 2.4556, 'learning_rate': 2.952586206896552e-05, 'epoch': 4.09}
{'eval_loss': 2.416595458984375, 'eval_accuracy': 0.20333333333333334, 'eval_f1': 0.06871652816251154, 'eval_precision': 0.04134444444444445, 'eval_recall': 0.20333333333333334, 'eval_runtime': 0.6304, 'eval_samples_per_second': 475.923, 'eval_steps_per_second': 60.284, 'epoch': 4.09}
{'loss': 2.499, 'learning_rate': 2.844827586206897e-05, 'epoch': 4.31}
{'eval_loss': 2.4268290996551514, 'eval_accuracy': 0.20333333333333334, 'eval_f1': 0.06871652816251154, 'eval_precision': 0.04134444444444445, 'eval_recall': 0.20333333333333334, 'eval_runtime': 0.6405, 'eval_samples_per_second': 468.356, 'eval_steps_per_second': 59.325, 'epoch': 4.31}
{'loss': 2.4577, 'learning_rate': 2.7370689655172414e-05, 'epoch': 4.53}
{'eval_loss': 2.4183385372161865, 'eval_accuracy': 0.20333333333333334, 'eval_f1': 0.06871652816251154, 'eval_precision': 0.04134444444444445, 'eval_recall': 0.20333333333333334, 'eval_runtime': 0.6313, 'eval_samples_per_second': 475.232, 'eval_steps_per_second': 60.196, 'epoch': 4.53}
{'loss': 2.4826, 'learning_rate': 2.6293103448275862e-05, 'epoch': 4.74}
{'eval_loss': 2.4215023517608643, 'eval_accuracy': 0.20333333333333334, 'eval_f1': 0.06871652816251154, 'eval_precision': 0.04134444444444445, 'eval_recall': 0.20333333333333334, 'eval_runtime': 0.6337, 'eval_samples_per_second': 473.443, 'eval_steps_per_second': 59.969, 'epoch': 4.74}
{'loss': 2.4991, 'learning_rate': 2.521551724137931e-05, 'epoch': 4.96}
{'eval_loss': 2.4101903438568115, 'eval_accuracy': 0.20333333333333334, 'eval_f1': 0.06871652816251154, 'eval_precision': 0.04134444444444445, 'eval_recall': 0.20333333333333334, 'eval_runtime': 0.6364, 'eval_samples_per_second': 471.4, 'eval_steps_per_second': 59.711, 'epoch': 4.96}
{'loss': 2.5129, 'learning_rate': 2.413793103448276e-05, 'epoch': 5.17}
{'eval_loss': 2.4385058879852295, 'eval_accuracy': 0.20333333333333334, 'eval_f1': 0.06871652816251154, 'eval_precision': 0.04134444444444445, 'eval_recall': 0.20333333333333334, 'eval_runtime': 0.6364, 'eval_samples_per_second': 471.391, 'eval_steps_per_second': 59.709, 'epoch': 5.17}
{'loss': 2.4819, 'learning_rate': 2.306034482758621e-05, 'epoch': 5.39}
{'eval_loss': 2.4215853214263916, 'eval_accuracy': 0.20333333333333334, 'eval_f1': 0.06871652816251154, 'eval_precision': 0.04134444444444445, 'eval_recall': 0.20333333333333334, 'eval_runtime': 0.6377, 'eval_samples_per_second': 470.47, 'eval_steps_per_second': 59.593, 'epoch': 5.39}
{'loss': 2.4214, 'learning_rate': 2.1982758620689654e-05, 'epoch': 5.6}
{'eval_loss': 2.4132397174835205, 'eval_accuracy': 0.20333333333333334, 'eval_f1': 0.06871652816251154, 'eval_precision': 0.04134444444444445, 'eval_recall': 0.20333333333333334, 'eval_runtime': 0.6396, 'eval_samples_per_second': 469.039, 'eval_steps_per_second': 59.412, 'epoch': 5.6}
{'loss': 2.4857, 'learning_rate': 2.0905172413793102e-05, 'epoch': 5.82}
{'eval_loss': 2.4154396057128906, 'eval_accuracy': 0.20333333333333334, 'eval_f1': 0.06871652816251154, 'eval_precision': 0.04134444444444445, 'eval_recall': 0.20333333333333334, 'eval_runtime': 0.6311, 'eval_samples_per_second': 475.359, 'eval_steps_per_second': 60.212, 'epoch': 5.82}
{'loss': 2.4655, 'learning_rate': 1.9827586206896554e-05, 'epoch': 6.03}
{'eval_loss': 2.4143917560577393, 'eval_accuracy': 0.20333333333333334, 'eval_f1': 0.06871652816251154, 'eval_precision': 0.04134444444444445, 'eval_recall': 0.20333333333333334, 'eval_runtime': 0.6348, 'eval_samples_per_second': 472.624, 'eval_steps_per_second': 59.866, 'epoch': 6.03}
{'loss': 2.4731, 'learning_rate': 1.8750000000000002e-05, 'epoch': 6.25}
{'eval_loss': 2.417670965194702, 'eval_accuracy': 0.20333333333333334, 'eval_f1': 0.06871652816251154, 'eval_precision': 0.04134444444444445, 'eval_recall': 0.20333333333333334, 'eval_runtime': 0.6318, 'eval_samples_per_second': 474.81, 'eval_steps_per_second': 60.143, 'epoch': 6.25}
{'loss': 2.4633, 'learning_rate': 1.767241379310345e-05, 'epoch': 6.47}
{'eval_loss': 2.418229103088379, 'eval_accuracy': 0.20333333333333334, 'eval_f1': 0.06871652816251154, 'eval_precision': 0.04134444444444445, 'eval_recall': 0.20333333333333334, 'eval_runtime': 0.6293, 'eval_samples_per_second': 476.695, 'eval_steps_per_second': 60.381, 'epoch': 6.47}
{'loss': 2.4853, 'learning_rate': 1.6594827586206898e-05, 'epoch': 6.68}
{'eval_loss': 2.4133195877075195, 'eval_accuracy': 0.20333333333333334, 'eval_f1': 0.06871652816251154, 'eval_precision': 0.04134444444444445, 'eval_recall': 0.20333333333333334, 'eval_runtime': 0.6352, 'eval_samples_per_second': 472.294, 'eval_steps_per_second': 59.824, 'epoch': 6.68}
{'loss': 2.5032, 'learning_rate': 1.5517241379310346e-05, 'epoch': 6.9}
{'eval_loss': 2.419130563735962, 'eval_accuracy': 0.20333333333333334, 'eval_f1': 0.06871652816251154, 'eval_precision': 0.04134444444444445, 'eval_recall': 0.20333333333333334, 'eval_runtime': 0.6314, 'eval_samples_per_second': 475.136, 'eval_steps_per_second': 60.184, 'epoch': 6.9}
{'loss': 2.4427, 'learning_rate': 1.4439655172413794e-05, 'epoch': 7.11}
{'eval_loss': 2.4167468547821045, 'eval_accuracy': 0.20333333333333334, 'eval_f1': 0.06871652816251154, 'eval_precision': 0.04134444444444445, 'eval_recall': 0.20333333333333334, 'eval_runtime': 0.6324, 'eval_samples_per_second': 474.346, 'eval_steps_per_second': 60.084, 'epoch': 7.11}
{'loss': 2.475, 'learning_rate': 1.336206896551724e-05, 'epoch': 7.33}
{'eval_loss': 2.411269426345825, 'eval_accuracy': 0.20333333333333334, 'eval_f1': 0.06871652816251154, 'eval_precision': 0.04134444444444445, 'eval_recall': 0.20333333333333334, 'eval_runtime': 0.6312, 'eval_samples_per_second': 475.277, 'eval_steps_per_second': 60.202, 'epoch': 7.33}
{'loss': 2.4917, 'learning_rate': 1.228448275862069e-05, 'epoch': 7.54}
{'eval_loss': 2.4093170166015625, 'eval_accuracy': 0.20333333333333334, 'eval_f1': 0.06871652816251154, 'eval_precision': 0.04134444444444445, 'eval_recall': 0.20333333333333334, 'eval_runtime': 0.6321, 'eval_samples_per_second': 474.623, 'eval_steps_per_second': 60.119, 'epoch': 7.54}
{'loss': 2.4654, 'learning_rate': 1.1206896551724138e-05, 'epoch': 7.76}
{'eval_loss': 2.4204399585723877, 'eval_accuracy': 0.20333333333333334, 'eval_f1': 0.06871652816251154, 'eval_precision': 0.04134444444444445, 'eval_recall': 0.20333333333333334, 'eval_runtime': 0.6321, 'eval_samples_per_second': 474.573, 'eval_steps_per_second': 60.113, 'epoch': 7.76}
{'loss': 2.4825, 'learning_rate': 1.0129310344827586e-05, 'epoch': 7.97}
{'eval_loss': 2.419528007507324, 'eval_accuracy': 0.20333333333333334, 'eval_f1': 0.06871652816251154, 'eval_precision': 0.04134444444444445, 'eval_recall': 0.20333333333333334, 'eval_runtime': 0.634, 'eval_samples_per_second': 473.218, 'eval_steps_per_second': 59.941, 'epoch': 7.97}
{'loss': 2.4794, 'learning_rate': 9.051724137931036e-06, 'epoch': 8.19}
{'eval_loss': 2.419717788696289, 'eval_accuracy': 0.20333333333333334, 'eval_f1': 0.06871652816251154, 'eval_precision': 0.04134444444444445, 'eval_recall': 0.20333333333333334, 'eval_runtime': 0.635, 'eval_samples_per_second': 472.471, 'eval_steps_per_second': 59.846, 'epoch': 8.19}
{'loss': 2.4635, 'learning_rate': 7.974137931034484e-06, 'epoch': 8.41}
{'eval_loss': 2.422799825668335, 'eval_accuracy': 0.20333333333333334, 'eval_f1': 0.06871652816251154, 'eval_precision': 0.04134444444444445, 'eval_recall': 0.20333333333333334, 'eval_runtime': 0.6328, 'eval_samples_per_second': 474.08, 'eval_steps_per_second': 60.05, 'epoch': 8.41}
{'loss': 2.4448, 'learning_rate': 6.896551724137932e-06, 'epoch': 8.62}
{'eval_loss': 2.415532350540161, 'eval_accuracy': 0.20333333333333334, 'eval_f1': 0.06871652816251154, 'eval_precision': 0.04134444444444445, 'eval_recall': 0.20333333333333334, 'eval_runtime': 0.6325, 'eval_samples_per_second': 474.301, 'eval_steps_per_second': 60.078, 'epoch': 8.62}
{'loss': 2.4786, 'learning_rate': 5.81896551724138e-06, 'epoch': 8.84}
{'eval_loss': 2.413536310195923, 'eval_accuracy': 0.20333333333333334, 'eval_f1': 0.06871652816251154, 'eval_precision': 0.04134444444444445, 'eval_recall': 0.20333333333333334, 'eval_runtime': 0.633, 'eval_samples_per_second': 473.956, 'eval_steps_per_second': 60.034, 'epoch': 8.84}
{'loss': 2.5079, 'learning_rate': 4.741379310344828e-06, 'epoch': 9.05}
{'eval_loss': 2.417165994644165, 'eval_accuracy': 0.20333333333333334, 'eval_f1': 0.06871652816251154, 'eval_precision': 0.04134444444444445, 'eval_recall': 0.20333333333333334, 'eval_runtime': 0.6332, 'eval_samples_per_second': 473.78, 'eval_steps_per_second': 60.012, 'epoch': 9.05}
{'loss': 2.4632, 'learning_rate': 3.6637931034482757e-06, 'epoch': 9.27}
{'eval_loss': 2.4141945838928223, 'eval_accuracy': 0.20333333333333334, 'eval_f1': 0.06871652816251154, 'eval_precision': 0.04134444444444445, 'eval_recall': 0.20333333333333334, 'eval_runtime': 0.6299, 'eval_samples_per_second': 476.295, 'eval_steps_per_second': 60.331, 'epoch': 9.27}
{'loss': 2.5089, 'learning_rate': 2.586206896551724e-06, 'epoch': 9.48}
{'eval_loss': 2.416156768798828, 'eval_accuracy': 0.20333333333333334, 'eval_f1': 0.06871652816251154, 'eval_precision': 0.04134444444444445, 'eval_recall': 0.20333333333333334, 'eval_runtime': 0.6311, 'eval_samples_per_second': 475.377, 'eval_steps_per_second': 60.214, 'epoch': 9.48}
{'loss': 2.4321, 'learning_rate': 1.5086206896551726e-06, 'epoch': 9.7}
{'eval_loss': 2.4138023853302, 'eval_accuracy': 0.20333333333333334, 'eval_f1': 0.06871652816251154, 'eval_precision': 0.04134444444444445, 'eval_recall': 0.20333333333333334, 'eval_runtime': 0.6306, 'eval_samples_per_second': 475.764, 'eval_steps_per_second': 60.263, 'epoch': 9.7}
{'loss': 2.4808, 'learning_rate': 4.3103448275862073e-07, 'epoch': 9.91}
{'eval_loss': 2.413853168487549, 'eval_accuracy': 0.20333333333333334, 'eval_f1': 0.06871652816251154, 'eval_precision': 0.04134444444444445, 'eval_recall': 0.20333333333333334, 'eval_runtime': 0.637, 'eval_samples_per_second': 470.94, 'eval_steps_per_second': 59.652, 'epoch': 9.91}
{'train_runtime': 296.453, 'train_samples_per_second': 62.371, 'train_steps_per_second': 7.826, 'train_loss': 2.4797092536400105, 'epoch': 10.0}
training finished!
cuda
Model loaded!
Start the training ...
{'loss': 2.529, 'learning_rate': 4.892241379310345e-05, 'epoch': 0.22}
{'eval_loss': 2.4429821968078613, 'eval_accuracy': 0.20333333333333334, 'eval_f1': 0.06871652816251154, 'eval_precision': 0.04134444444444445, 'eval_recall': 0.20333333333333334, 'eval_runtime': 0.8158, 'eval_samples_per_second': 367.751, 'eval_steps_per_second': 46.582, 'epoch': 0.22}
{'loss': 2.5039, 'learning_rate': 4.78448275862069e-05, 'epoch': 0.43}
{'eval_loss': 2.454505681991577, 'eval_accuracy': 0.20333333333333334, 'eval_f1': 0.06871652816251154, 'eval_precision': 0.04134444444444445, 'eval_recall': 0.20333333333333334, 'eval_runtime': 0.813, 'eval_samples_per_second': 369.004, 'eval_steps_per_second': 46.74, 'epoch': 0.43}
{'loss': 2.5035, 'learning_rate': 4.6767241379310346e-05, 'epoch': 0.65}
{'eval_loss': 2.4368793964385986, 'eval_accuracy': 0.20333333333333334, 'eval_f1': 0.06871652816251154, 'eval_precision': 0.04134444444444445, 'eval_recall': 0.20333333333333334, 'eval_runtime': 0.8123, 'eval_samples_per_second': 369.334, 'eval_steps_per_second': 46.782, 'epoch': 0.65}
{'loss': 2.5137, 'learning_rate': 4.5689655172413794e-05, 'epoch': 0.86}
{'eval_loss': 2.43994402885437, 'eval_accuracy': 0.20333333333333334, 'eval_f1': 0.06871652816251154, 'eval_precision': 0.04134444444444445, 'eval_recall': 0.20333333333333334, 'eval_runtime': 0.8136, 'eval_samples_per_second': 368.732, 'eval_steps_per_second': 46.706, 'epoch': 0.86}
{'loss': 2.4444, 'learning_rate': 4.461206896551724e-05, 'epoch': 1.08}
{'eval_loss': 2.3708858489990234, 'eval_accuracy': 0.20333333333333334, 'eval_f1': 0.06871652816251154, 'eval_precision': 0.04134444444444445, 'eval_recall': 0.20333333333333334, 'eval_runtime': 0.8098, 'eval_samples_per_second': 370.452, 'eval_steps_per_second': 46.924, 'epoch': 1.08}
{'loss': 2.4471, 'learning_rate': 4.353448275862069e-05, 'epoch': 1.29}
{'eval_loss': 2.4193813800811768, 'eval_accuracy': 0.20333333333333334, 'eval_f1': 0.06871652816251154, 'eval_precision': 0.04134444444444445, 'eval_recall': 0.20333333333333334, 'eval_runtime': 0.8107, 'eval_samples_per_second': 370.057, 'eval_steps_per_second': 46.874, 'epoch': 1.29}
{'loss': 2.5098, 'learning_rate': 4.245689655172414e-05, 'epoch': 1.51}
{'eval_loss': 2.449370861053467, 'eval_accuracy': 0.20333333333333334, 'eval_f1': 0.06871652816251154, 'eval_precision': 0.04134444444444445, 'eval_recall': 0.20333333333333334, 'eval_runtime': 0.8112, 'eval_samples_per_second': 369.827, 'eval_steps_per_second': 46.845, 'epoch': 1.51}
{'loss': 2.4994, 'learning_rate': 4.1379310344827587e-05, 'epoch': 1.72}
{'eval_loss': 2.4235565662384033, 'eval_accuracy': 0.20333333333333334, 'eval_f1': 0.06871652816251154, 'eval_precision': 0.04134444444444445, 'eval_recall': 0.20333333333333334, 'eval_runtime': 0.8109, 'eval_samples_per_second': 369.974, 'eval_steps_per_second': 46.863, 'epoch': 1.72}
{'loss': 2.5198, 'learning_rate': 4.0301724137931035e-05, 'epoch': 1.94}
{'eval_loss': 2.4396984577178955, 'eval_accuracy': 0.20333333333333334, 'eval_f1': 0.06871652816251154, 'eval_precision': 0.04134444444444445, 'eval_recall': 0.20333333333333334, 'eval_runtime': 0.8121, 'eval_samples_per_second': 369.431, 'eval_steps_per_second': 46.795, 'epoch': 1.94}
{'loss': 2.4748, 'learning_rate': 3.922413793103448e-05, 'epoch': 2.16}
{'eval_loss': 2.4522905349731445, 'eval_accuracy': 0.20333333333333334, 'eval_f1': 0.06871652816251154, 'eval_precision': 0.04134444444444445, 'eval_recall': 0.20333333333333334, 'eval_runtime': 0.8099, 'eval_samples_per_second': 370.394, 'eval_steps_per_second': 46.917, 'epoch': 2.16}
{'loss': 2.4797, 'learning_rate': 3.814655172413794e-05, 'epoch': 2.37}
{'eval_loss': 2.4159936904907227, 'eval_accuracy': 0.20333333333333334, 'eval_f1': 0.06871652816251154, 'eval_precision': 0.04134444444444445, 'eval_recall': 0.20333333333333334, 'eval_runtime': 0.8077, 'eval_samples_per_second': 371.405, 'eval_steps_per_second': 47.045, 'epoch': 2.37}
{'loss': 2.4961, 'learning_rate': 3.7068965517241385e-05, 'epoch': 2.59}
{'eval_loss': 2.432805061340332, 'eval_accuracy': 0.12, 'eval_f1': 0.02571428571428571, 'eval_precision': 0.014400000000000001, 'eval_recall': 0.12, 'eval_runtime': 0.8121, 'eval_samples_per_second': 369.392, 'eval_steps_per_second': 46.79, 'epoch': 2.59}
{'loss': 2.4927, 'learning_rate': 3.5991379310344833e-05, 'epoch': 2.8}
{'eval_loss': 2.4262545108795166, 'eval_accuracy': 0.20333333333333334, 'eval_f1': 0.06871652816251154, 'eval_precision': 0.04134444444444445, 'eval_recall': 0.20333333333333334, 'eval_runtime': 0.8104, 'eval_samples_per_second': 370.205, 'eval_steps_per_second': 46.893, 'epoch': 2.8}
{'loss': 2.4763, 'learning_rate': 3.4913793103448275e-05, 'epoch': 3.02}
{'eval_loss': 2.4376227855682373, 'eval_accuracy': 0.20333333333333334, 'eval_f1': 0.06871652816251154, 'eval_precision': 0.04134444444444445, 'eval_recall': 0.20333333333333334, 'eval_runtime': 0.8083, 'eval_samples_per_second': 371.138, 'eval_steps_per_second': 47.011, 'epoch': 3.02}
{'loss': 2.4834, 'learning_rate': 3.383620689655172e-05, 'epoch': 3.23}
{'eval_loss': 2.415823459625244, 'eval_accuracy': 0.20333333333333334, 'eval_f1': 0.06871652816251154, 'eval_precision': 0.04134444444444445, 'eval_recall': 0.20333333333333334, 'eval_runtime': 0.8098, 'eval_samples_per_second': 370.473, 'eval_steps_per_second': 46.927, 'epoch': 3.23}
{'loss': 2.5049, 'learning_rate': 3.275862068965517e-05, 'epoch': 3.45}
{'eval_loss': 2.4348294734954834, 'eval_accuracy': 0.20333333333333334, 'eval_f1': 0.06871652816251154, 'eval_precision': 0.04134444444444445, 'eval_recall': 0.20333333333333334, 'eval_runtime': 0.8106, 'eval_samples_per_second': 370.082, 'eval_steps_per_second': 46.877, 'epoch': 3.45}
{'loss': 2.4653, 'learning_rate': 3.168103448275862e-05, 'epoch': 3.66}
{'eval_loss': 2.4283769130706787, 'eval_accuracy': 0.20333333333333334, 'eval_f1': 0.06871652816251154, 'eval_precision': 0.04134444444444445, 'eval_recall': 0.20333333333333334, 'eval_runtime': 0.8112, 'eval_samples_per_second': 369.812, 'eval_steps_per_second': 46.843, 'epoch': 3.66}
{'loss': 2.511, 'learning_rate': 3.060344827586207e-05, 'epoch': 3.88}
{'eval_loss': 2.4294497966766357, 'eval_accuracy': 0.20333333333333334, 'eval_f1': 0.06871652816251154, 'eval_precision': 0.04134444444444445, 'eval_recall': 0.20333333333333334, 'eval_runtime': 0.8105, 'eval_samples_per_second': 370.161, 'eval_steps_per_second': 46.887, 'epoch': 3.88}
{'loss': 2.4575, 'learning_rate': 2.952586206896552e-05, 'epoch': 4.09}
{'eval_loss': 2.4170491695404053, 'eval_accuracy': 0.20333333333333334, 'eval_f1': 0.06871652816251154, 'eval_precision': 0.04134444444444445, 'eval_recall': 0.20333333333333334, 'eval_runtime': 0.8109, 'eval_samples_per_second': 369.968, 'eval_steps_per_second': 46.863, 'epoch': 4.09}
{'loss': 2.5152, 'learning_rate': 2.844827586206897e-05, 'epoch': 4.31}
{'eval_loss': 2.4330010414123535, 'eval_accuracy': 0.20333333333333334, 'eval_f1': 0.06871652816251154, 'eval_precision': 0.04134444444444445, 'eval_recall': 0.20333333333333334, 'eval_runtime': 0.8079, 'eval_samples_per_second': 371.314, 'eval_steps_per_second': 47.033, 'epoch': 4.31}
{'loss': 2.4529, 'learning_rate': 2.7370689655172414e-05, 'epoch': 4.53}
{'eval_loss': 2.4148826599121094, 'eval_accuracy': 0.20333333333333334, 'eval_f1': 0.06871652816251154, 'eval_precision': 0.04134444444444445, 'eval_recall': 0.20333333333333334, 'eval_runtime': 0.8119, 'eval_samples_per_second': 369.481, 'eval_steps_per_second': 46.801, 'epoch': 4.53}
{'loss': 2.4875, 'learning_rate': 2.6293103448275862e-05, 'epoch': 4.74}
{'eval_loss': 2.4208872318267822, 'eval_accuracy': 0.20333333333333334, 'eval_f1': 0.06871652816251154, 'eval_precision': 0.04134444444444445, 'eval_recall': 0.20333333333333334, 'eval_runtime': 0.8117, 'eval_samples_per_second': 369.592, 'eval_steps_per_second': 46.815, 'epoch': 4.74}
{'loss': 2.5032, 'learning_rate': 2.521551724137931e-05, 'epoch': 4.96}
{'eval_loss': 2.415766716003418, 'eval_accuracy': 0.20333333333333334, 'eval_f1': 0.06871652816251154, 'eval_precision': 0.04134444444444445, 'eval_recall': 0.20333333333333334, 'eval_runtime': 0.8081, 'eval_samples_per_second': 371.247, 'eval_steps_per_second': 47.025, 'epoch': 4.96}
{'loss': 2.5155, 'learning_rate': 2.413793103448276e-05, 'epoch': 5.17}
{'eval_loss': 2.440814256668091, 'eval_accuracy': 0.20333333333333334, 'eval_f1': 0.06871652816251154, 'eval_precision': 0.04134444444444445, 'eval_recall': 0.20333333333333334, 'eval_runtime': 0.8111, 'eval_samples_per_second': 369.877, 'eval_steps_per_second': 46.851, 'epoch': 5.17}
{'loss': 2.4859, 'learning_rate': 2.306034482758621e-05, 'epoch': 5.39}
{'eval_loss': 2.432790994644165, 'eval_accuracy': 0.20333333333333334, 'eval_f1': 0.06871652816251154, 'eval_precision': 0.04134444444444445, 'eval_recall': 0.20333333333333334, 'eval_runtime': 0.8111, 'eval_samples_per_second': 369.868, 'eval_steps_per_second': 46.85, 'epoch': 5.39}
{'loss': 2.4156, 'learning_rate': 2.1982758620689654e-05, 'epoch': 5.6}
{'eval_loss': 2.4183216094970703, 'eval_accuracy': 0.20333333333333334, 'eval_f1': 0.06871652816251154, 'eval_precision': 0.04134444444444445, 'eval_recall': 0.20333333333333334, 'eval_runtime': 0.8098, 'eval_samples_per_second': 370.447, 'eval_steps_per_second': 46.923, 'epoch': 5.6}
{'loss': 2.5042, 'learning_rate': 2.0905172413793102e-05, 'epoch': 5.82}
{'eval_loss': 2.4177908897399902, 'eval_accuracy': 0.20333333333333334, 'eval_f1': 0.06871652816251154, 'eval_precision': 0.04134444444444445, 'eval_recall': 0.20333333333333334, 'eval_runtime': 0.8144, 'eval_samples_per_second': 368.381, 'eval_steps_per_second': 46.662, 'epoch': 5.82}
{'loss': 2.482, 'learning_rate': 1.9827586206896554e-05, 'epoch': 6.03}
{'eval_loss': 2.418299674987793, 'eval_accuracy': 0.20333333333333334, 'eval_f1': 0.06871652816251154, 'eval_precision': 0.04134444444444445, 'eval_recall': 0.20333333333333334, 'eval_runtime': 0.8085, 'eval_samples_per_second': 371.054, 'eval_steps_per_second': 47.0, 'epoch': 6.03}
{'loss': 2.4741, 'learning_rate': 1.8750000000000002e-05, 'epoch': 6.25}
{'eval_loss': 2.41833758354187, 'eval_accuracy': 0.20333333333333334, 'eval_f1': 0.06871652816251154, 'eval_precision': 0.04134444444444445, 'eval_recall': 0.20333333333333334, 'eval_runtime': 0.8114, 'eval_samples_per_second': 369.716, 'eval_steps_per_second': 46.831, 'epoch': 6.25}
{'loss': 2.4686, 'learning_rate': 1.767241379310345e-05, 'epoch': 6.47}
{'eval_loss': 2.4179024696350098, 'eval_accuracy': 0.20333333333333334, 'eval_f1': 0.06871652816251154, 'eval_precision': 0.04134444444444445, 'eval_recall': 0.20333333333333334, 'eval_runtime': 0.8083, 'eval_samples_per_second': 371.164, 'eval_steps_per_second': 47.014, 'epoch': 6.47}
{'loss': 2.4867, 'learning_rate': 1.6594827586206898e-05, 'epoch': 6.68}
{'eval_loss': 2.416653871536255, 'eval_accuracy': 0.20333333333333334, 'eval_f1': 0.06871652816251154, 'eval_precision': 0.04134444444444445, 'eval_recall': 0.20333333333333334, 'eval_runtime': 0.8131, 'eval_samples_per_second': 368.957, 'eval_steps_per_second': 46.734, 'epoch': 6.68}
{'loss': 2.5033, 'learning_rate': 1.5517241379310346e-05, 'epoch': 6.9}
{'eval_loss': 2.424262523651123, 'eval_accuracy': 0.20333333333333334, 'eval_f1': 0.06871652816251154, 'eval_precision': 0.04134444444444445, 'eval_recall': 0.20333333333333334, 'eval_runtime': 0.8113, 'eval_samples_per_second': 369.769, 'eval_steps_per_second': 46.837, 'epoch': 6.9}
{'loss': 2.4391, 'learning_rate': 1.4439655172413794e-05, 'epoch': 7.11}
{'eval_loss': 2.4215636253356934, 'eval_accuracy': 0.20333333333333334, 'eval_f1': 0.06871652816251154, 'eval_precision': 0.04134444444444445, 'eval_recall': 0.20333333333333334, 'eval_runtime': 0.8124, 'eval_samples_per_second': 369.29, 'eval_steps_per_second': 46.777, 'epoch': 7.11}
{'loss': 2.4643, 'learning_rate': 1.336206896551724e-05, 'epoch': 7.33}
{'eval_loss': 2.4155995845794678, 'eval_accuracy': 0.20333333333333334, 'eval_f1': 0.06871652816251154, 'eval_precision': 0.04134444444444445, 'eval_recall': 0.20333333333333334, 'eval_runtime': 0.8111, 'eval_samples_per_second': 369.856, 'eval_steps_per_second': 46.848, 'epoch': 7.33}
{'loss': 2.4789, 'learning_rate': 1.228448275862069e-05, 'epoch': 7.54}
{'eval_loss': 2.4130706787109375, 'eval_accuracy': 0.20333333333333334, 'eval_f1': 0.06871652816251154, 'eval_precision': 0.04134444444444445, 'eval_recall': 0.20333333333333334, 'eval_runtime': 0.8132, 'eval_samples_per_second': 368.901, 'eval_steps_per_second': 46.727, 'epoch': 7.54}
{'loss': 2.4872, 'learning_rate': 1.1206896551724138e-05, 'epoch': 7.76}
{'eval_loss': 2.4254636764526367, 'eval_accuracy': 0.20333333333333334, 'eval_f1': 0.06871652816251154, 'eval_precision': 0.04134444444444445, 'eval_recall': 0.20333333333333334, 'eval_runtime': 0.8111, 'eval_samples_per_second': 369.875, 'eval_steps_per_second': 46.851, 'epoch': 7.76}
{'loss': 2.4943, 'learning_rate': 1.0129310344827586e-05, 'epoch': 7.97}
{'eval_loss': 2.420811891555786, 'eval_accuracy': 0.20333333333333334, 'eval_f1': 0.06871652816251154, 'eval_precision': 0.04134444444444445, 'eval_recall': 0.20333333333333334, 'eval_runtime': 0.8117, 'eval_samples_per_second': 369.583, 'eval_steps_per_second': 46.814, 'epoch': 7.97}
{'loss': 2.5016, 'learning_rate': 9.051724137931036e-06, 'epoch': 8.19}
{'eval_loss': 2.420163631439209, 'eval_accuracy': 0.20333333333333334, 'eval_f1': 0.06871652816251154, 'eval_precision': 0.04134444444444445, 'eval_recall': 0.20333333333333334, 'eval_runtime': 0.8118, 'eval_samples_per_second': 369.556, 'eval_steps_per_second': 46.81, 'epoch': 8.19}
{'loss': 2.4796, 'learning_rate': 7.974137931034484e-06, 'epoch': 8.41}
{'eval_loss': 2.4177160263061523, 'eval_accuracy': 0.20333333333333334, 'eval_f1': 0.06871652816251154, 'eval_precision': 0.04134444444444445, 'eval_recall': 0.20333333333333334, 'eval_runtime': 0.8128, 'eval_samples_per_second': 369.093, 'eval_steps_per_second': 46.752, 'epoch': 8.41}
{'loss': 2.4581, 'learning_rate': 6.896551724137932e-06, 'epoch': 8.62}
{'eval_loss': 2.4145584106445312, 'eval_accuracy': 0.20333333333333334, 'eval_f1': 0.06871652816251154, 'eval_precision': 0.04134444444444445, 'eval_recall': 0.20333333333333334, 'eval_runtime': 0.8092, 'eval_samples_per_second': 370.75, 'eval_steps_per_second': 46.962, 'epoch': 8.62}
{'loss': 2.4844, 'learning_rate': 5.81896551724138e-06, 'epoch': 8.84}
{'eval_loss': 2.4113457202911377, 'eval_accuracy': 0.20333333333333334, 'eval_f1': 0.06871652816251154, 'eval_precision': 0.04134444444444445, 'eval_recall': 0.20333333333333334, 'eval_runtime': 0.81, 'eval_samples_per_second': 370.367, 'eval_steps_per_second': 46.913, 'epoch': 8.84}
{'loss': 2.5327, 'learning_rate': 4.741379310344828e-06, 'epoch': 9.05}
{'eval_loss': 2.416016101837158, 'eval_accuracy': 0.20333333333333334, 'eval_f1': 0.06871652816251154, 'eval_precision': 0.04134444444444445, 'eval_recall': 0.20333333333333334, 'eval_runtime': 0.8086, 'eval_samples_per_second': 370.997, 'eval_steps_per_second': 46.993, 'epoch': 9.05}
{'loss': 2.4775, 'learning_rate': 3.6637931034482757e-06, 'epoch': 9.27}
{'eval_loss': 2.3967320919036865, 'eval_accuracy': 0.20333333333333334, 'eval_f1': 0.06871652816251154, 'eval_precision': 0.04134444444444445, 'eval_recall': 0.20333333333333334, 'eval_runtime': 0.81, 'eval_samples_per_second': 370.356, 'eval_steps_per_second': 46.912, 'epoch': 9.27}
{'loss': 2.474, 'learning_rate': 2.586206896551724e-06, 'epoch': 9.48}
{'eval_loss': 2.3804423809051514, 'eval_accuracy': 0.18666666666666668, 'eval_f1': 0.11732014874915483, 'eval_precision': 0.08651016720282775, 'eval_recall': 0.18666666666666668, 'eval_runtime': 0.8114, 'eval_samples_per_second': 369.74, 'eval_steps_per_second': 46.834, 'epoch': 9.48}
{'loss': 2.3876, 'learning_rate': 1.5086206896551726e-06, 'epoch': 9.7}
{'eval_loss': 2.3010692596435547, 'eval_accuracy': 0.25, 'eval_f1': 0.1241684178155912, 'eval_precision': 0.08345507995189524, 'eval_recall': 0.25, 'eval_runtime': 0.8129, 'eval_samples_per_second': 369.048, 'eval_steps_per_second': 46.746, 'epoch': 9.7}
{'loss': 2.3994, 'learning_rate': 4.3103448275862073e-07, 'epoch': 9.91}
{'eval_loss': 2.2885849475860596, 'eval_accuracy': 0.23333333333333334, 'eval_f1': 0.14883238830453163, 'eval_precision': 0.1226272722385171, 'eval_recall': 0.23333333333333334, 'eval_runtime': 0.8093, 'eval_samples_per_second': 370.694, 'eval_steps_per_second': 46.955, 'epoch': 9.91}
{'train_runtime': 338.5604, 'train_samples_per_second': 54.614, 'train_steps_per_second': 6.853, 'train_loss': 2.4812283236404946, 'epoch': 10.0}
training finished!
