/cluster/raid/home/zhivar.sourati/logical-fallacy-identification/AMR_parsers_and_graphs
Thu Sep 29 01:11:53 2022       
+-----------------------------------------------------------------------------+
| NVIDIA-SMI 460.32.03    Driver Version: 460.32.03    CUDA Version: 11.2     |
|-------------------------------+----------------------+----------------------+
| GPU  Name        Persistence-M| Bus-Id        Disp.A | Volatile Uncorr. ECC |
| Fan  Temp  Perf  Pwr:Usage/Cap|         Memory-Usage | GPU-Util  Compute M. |
|                               |                      |               MIG M. |
|===============================+======================+======================|
|   0  A100-PCIE-40GB      Off  | 00000000:28:00.0 Off |                    0 |
| N/A   28C    P0    36W / 250W |      0MiB / 40536MiB |      0%      Default |
|                               |                      |             Disabled |
+-------------------------------+----------------------+----------------------+
                                                                               
+-----------------------------------------------------------------------------+
| Processes:                                                                  |
|  GPU   GI   CI        PID   Type   Process name                  GPU Memory |
|        ID   ID                                                   Usage      |
|=============================================================================|
|  No running processes found                                                 |
+-----------------------------------------------------------------------------+
0
cuda
Model loaded!
Start the training ...
{'loss': 2.5267, 'learning_rate': 4.892241379310345e-05, 'epoch': 0.22}
{'eval_loss': 2.432729721069336, 'eval_accuracy': 0.20333333333333334, 'eval_f1': 0.06871652816251154, 'eval_precision': 0.04134444444444445, 'eval_recall': 0.20333333333333334, 'eval_runtime': 0.3494, 'eval_samples_per_second': 858.62, 'eval_steps_per_second': 108.759, 'epoch': 0.22}
{'loss': 2.4841, 'learning_rate': 4.78448275862069e-05, 'epoch': 0.43}
{'eval_loss': 2.415836811065674, 'eval_accuracy': 0.20333333333333334, 'eval_f1': 0.06871652816251154, 'eval_precision': 0.04134444444444445, 'eval_recall': 0.20333333333333334, 'eval_runtime': 0.3457, 'eval_samples_per_second': 867.829, 'eval_steps_per_second': 109.925, 'epoch': 0.43}
{'loss': 2.4776, 'learning_rate': 4.6767241379310346e-05, 'epoch': 0.65}
{'eval_loss': 2.380551815032959, 'eval_accuracy': 0.20333333333333334, 'eval_f1': 0.06871652816251154, 'eval_precision': 0.04134444444444445, 'eval_recall': 0.20333333333333334, 'eval_runtime': 0.3429, 'eval_samples_per_second': 874.876, 'eval_steps_per_second': 110.818, 'epoch': 0.65}
{'loss': 2.4999, 'learning_rate': 4.5689655172413794e-05, 'epoch': 0.86}
{'eval_loss': 2.3653295040130615, 'eval_accuracy': 0.24666666666666667, 'eval_f1': 0.1330354518454175, 'eval_precision': 0.15290049709088852, 'eval_recall': 0.24666666666666667, 'eval_runtime': 0.3446, 'eval_samples_per_second': 870.518, 'eval_steps_per_second': 110.266, 'epoch': 0.86}
{'loss': 2.3622, 'learning_rate': 4.461206896551724e-05, 'epoch': 1.08}
{'eval_loss': 2.124410390853882, 'eval_accuracy': 0.3233333333333333, 'eval_f1': 0.20490686721963644, 'eval_precision': 0.26460555821244486, 'eval_recall': 0.3233333333333333, 'eval_runtime': 0.3445, 'eval_samples_per_second': 870.913, 'eval_steps_per_second': 110.316, 'epoch': 1.08}
{'loss': 2.1261, 'learning_rate': 4.353448275862069e-05, 'epoch': 1.29}
{'eval_loss': 2.0186970233917236, 'eval_accuracy': 0.34, 'eval_f1': 0.2751584435215084, 'eval_precision': 0.2771384026601418, 'eval_recall': 0.34, 'eval_runtime': 0.3443, 'eval_samples_per_second': 871.393, 'eval_steps_per_second': 110.376, 'epoch': 1.29}
{'loss': 2.0263, 'learning_rate': 4.245689655172414e-05, 'epoch': 1.51}
{'eval_loss': 1.8221107721328735, 'eval_accuracy': 0.43, 'eval_f1': 0.39477100499701206, 'eval_precision': 0.41307926332926337, 'eval_recall': 0.43, 'eval_runtime': 0.3439, 'eval_samples_per_second': 872.269, 'eval_steps_per_second': 110.487, 'epoch': 1.51}
{'loss': 1.7789, 'learning_rate': 4.1379310344827587e-05, 'epoch': 1.72}
{'eval_loss': 1.6462764739990234, 'eval_accuracy': 0.5, 'eval_f1': 0.5019551098077804, 'eval_precision': 0.5983296337012263, 'eval_recall': 0.5, 'eval_runtime': 0.3428, 'eval_samples_per_second': 875.272, 'eval_steps_per_second': 110.868, 'epoch': 1.72}
{'loss': 1.829, 'learning_rate': 4.0301724137931035e-05, 'epoch': 1.94}
{'eval_loss': 1.4030492305755615, 'eval_accuracy': 0.5833333333333334, 'eval_f1': 0.5744756852592481, 'eval_precision': 0.5897345671988977, 'eval_recall': 0.5833333333333334, 'eval_runtime': 0.3416, 'eval_samples_per_second': 878.101, 'eval_steps_per_second': 111.226, 'epoch': 1.94}
{'loss': 1.427, 'learning_rate': 3.922413793103448e-05, 'epoch': 2.16}
{'eval_loss': 1.3612043857574463, 'eval_accuracy': 0.5833333333333334, 'eval_f1': 0.5740774851909214, 'eval_precision': 0.6211712064498576, 'eval_recall': 0.5833333333333334, 'eval_runtime': 0.3443, 'eval_samples_per_second': 871.223, 'eval_steps_per_second': 110.355, 'epoch': 2.16}
{'loss': 1.1818, 'learning_rate': 3.814655172413794e-05, 'epoch': 2.37}
{'eval_loss': 1.4627472162246704, 'eval_accuracy': 0.5666666666666667, 'eval_f1': 0.554141722523828, 'eval_precision': 0.5885420692597162, 'eval_recall': 0.5666666666666667, 'eval_runtime': 0.3423, 'eval_samples_per_second': 876.385, 'eval_steps_per_second': 111.009, 'epoch': 2.37}
{'loss': 1.2336, 'learning_rate': 3.7068965517241385e-05, 'epoch': 2.59}
{'eval_loss': 1.446221113204956, 'eval_accuracy': 0.58, 'eval_f1': 0.5647704385977245, 'eval_precision': 0.6070122567621123, 'eval_recall': 0.58, 'eval_runtime': 0.3433, 'eval_samples_per_second': 873.883, 'eval_steps_per_second': 110.692, 'epoch': 2.59}
{'loss': 1.1673, 'learning_rate': 3.5991379310344833e-05, 'epoch': 2.8}
{'eval_loss': 1.3764575719833374, 'eval_accuracy': 0.6133333333333333, 'eval_f1': 0.6211847294103063, 'eval_precision': 0.6774580704076503, 'eval_recall': 0.6133333333333333, 'eval_runtime': 0.3606, 'eval_samples_per_second': 832.037, 'eval_steps_per_second': 105.391, 'epoch': 2.8}
{'loss': 1.1771, 'learning_rate': 3.4913793103448275e-05, 'epoch': 3.02}
{'eval_loss': 1.4021128416061401, 'eval_accuracy': 0.57, 'eval_f1': 0.5748251091157791, 'eval_precision': 0.6298741845207874, 'eval_recall': 0.57, 'eval_runtime': 0.3417, 'eval_samples_per_second': 878.045, 'eval_steps_per_second': 111.219, 'epoch': 3.02}
{'loss': 0.7376, 'learning_rate': 3.383620689655172e-05, 'epoch': 3.23}
{'eval_loss': 1.4240000247955322, 'eval_accuracy': 0.59, 'eval_f1': 0.5825212866764443, 'eval_precision': 0.6010649438721132, 'eval_recall': 0.59, 'eval_runtime': 0.3405, 'eval_samples_per_second': 880.996, 'eval_steps_per_second': 111.593, 'epoch': 3.23}
{'loss': 0.752, 'learning_rate': 3.275862068965517e-05, 'epoch': 3.45}
{'eval_loss': 1.4858697652816772, 'eval_accuracy': 0.6166666666666667, 'eval_f1': 0.61310785618538, 'eval_precision': 0.6457453941814556, 'eval_recall': 0.6166666666666667, 'eval_runtime': 0.3398, 'eval_samples_per_second': 882.977, 'eval_steps_per_second': 111.844, 'epoch': 3.45}
{'loss': 0.7638, 'learning_rate': 3.168103448275862e-05, 'epoch': 3.66}
{'eval_loss': 1.3540246486663818, 'eval_accuracy': 0.63, 'eval_f1': 0.6287283665323141, 'eval_precision': 0.6477987552739909, 'eval_recall': 0.63, 'eval_runtime': 0.3423, 'eval_samples_per_second': 876.512, 'eval_steps_per_second': 111.025, 'epoch': 3.66}
{'loss': 0.7555, 'learning_rate': 3.060344827586207e-05, 'epoch': 3.88}
{'eval_loss': 1.4116929769515991, 'eval_accuracy': 0.62, 'eval_f1': 0.626506550798728, 'eval_precision': 0.6644601349630761, 'eval_recall': 0.62, 'eval_runtime': 0.34, 'eval_samples_per_second': 882.259, 'eval_steps_per_second': 111.753, 'epoch': 3.88}
{'loss': 0.6554, 'learning_rate': 2.952586206896552e-05, 'epoch': 4.09}
{'eval_loss': 1.3661556243896484, 'eval_accuracy': 0.6366666666666667, 'eval_f1': 0.6301646655157824, 'eval_precision': 0.6406290894984948, 'eval_recall': 0.6366666666666667, 'eval_runtime': 0.3397, 'eval_samples_per_second': 883.198, 'eval_steps_per_second': 111.872, 'epoch': 4.09}
{'loss': 0.49, 'learning_rate': 2.844827586206897e-05, 'epoch': 4.31}
{'eval_loss': 1.384566307067871, 'eval_accuracy': 0.6666666666666666, 'eval_f1': 0.6626646647119356, 'eval_precision': 0.6766288021753363, 'eval_recall': 0.6666666666666666, 'eval_runtime': 0.3393, 'eval_samples_per_second': 884.173, 'eval_steps_per_second': 111.995, 'epoch': 4.31}
{'loss': 0.4596, 'learning_rate': 2.7370689655172414e-05, 'epoch': 4.53}
{'eval_loss': 1.4622607231140137, 'eval_accuracy': 0.6566666666666666, 'eval_f1': 0.663991120446801, 'eval_precision': 0.7100756986171556, 'eval_recall': 0.6566666666666666, 'eval_runtime': 0.3407, 'eval_samples_per_second': 880.416, 'eval_steps_per_second': 111.519, 'epoch': 4.53}
{'loss': 0.4508, 'learning_rate': 2.6293103448275862e-05, 'epoch': 4.74}
{'eval_loss': 1.7018916606903076, 'eval_accuracy': 0.6133333333333333, 'eval_f1': 0.6119636920130254, 'eval_precision': 0.6540905695611579, 'eval_recall': 0.6133333333333333, 'eval_runtime': 0.339, 'eval_samples_per_second': 884.943, 'eval_steps_per_second': 112.093, 'epoch': 4.74}
{'loss': 0.4364, 'learning_rate': 2.521551724137931e-05, 'epoch': 4.96}
{'eval_loss': 1.6066807508468628, 'eval_accuracy': 0.6533333333333333, 'eval_f1': 0.6540271737710591, 'eval_precision': 0.675651855608925, 'eval_recall': 0.6533333333333333, 'eval_runtime': 0.3405, 'eval_samples_per_second': 880.944, 'eval_steps_per_second': 111.586, 'epoch': 4.96}
{'loss': 0.3923, 'learning_rate': 2.413793103448276e-05, 'epoch': 5.17}
{'eval_loss': 1.6625961065292358, 'eval_accuracy': 0.64, 'eval_f1': 0.6470570742467184, 'eval_precision': 0.6647407252582018, 'eval_recall': 0.64, 'eval_runtime': 0.3405, 'eval_samples_per_second': 881.019, 'eval_steps_per_second': 111.596, 'epoch': 5.17}
{'loss': 0.3015, 'learning_rate': 2.306034482758621e-05, 'epoch': 5.39}
{'eval_loss': 1.6930214166641235, 'eval_accuracy': 0.6233333333333333, 'eval_f1': 0.626423408589001, 'eval_precision': 0.6735739405292491, 'eval_recall': 0.6233333333333333, 'eval_runtime': 0.3408, 'eval_samples_per_second': 880.164, 'eval_steps_per_second': 111.487, 'epoch': 5.39}
{'loss': 0.2501, 'learning_rate': 2.1982758620689654e-05, 'epoch': 5.6}
{'eval_loss': 1.8289707899093628, 'eval_accuracy': 0.6233333333333333, 'eval_f1': 0.627367996881353, 'eval_precision': 0.6727608812439931, 'eval_recall': 0.6233333333333333, 'eval_runtime': 0.3387, 'eval_samples_per_second': 885.812, 'eval_steps_per_second': 112.203, 'epoch': 5.6}
{'loss': 0.3191, 'learning_rate': 2.0905172413793102e-05, 'epoch': 5.82}
{'eval_loss': 1.7185652256011963, 'eval_accuracy': 0.6666666666666666, 'eval_f1': 0.6690099645659187, 'eval_precision': 0.7011584923978433, 'eval_recall': 0.6666666666666666, 'eval_runtime': 0.34, 'eval_samples_per_second': 882.477, 'eval_steps_per_second': 111.78, 'epoch': 5.82}
{'loss': 0.2156, 'learning_rate': 1.9827586206896554e-05, 'epoch': 6.03}
{'eval_loss': 1.7832989692687988, 'eval_accuracy': 0.64, 'eval_f1': 0.6451529214903587, 'eval_precision': 0.6722366459387477, 'eval_recall': 0.64, 'eval_runtime': 0.3401, 'eval_samples_per_second': 882.2, 'eval_steps_per_second': 111.745, 'epoch': 6.03}
{'loss': 0.1962, 'learning_rate': 1.8750000000000002e-05, 'epoch': 6.25}
{'eval_loss': 1.8258793354034424, 'eval_accuracy': 0.6266666666666667, 'eval_f1': 0.6349132878651158, 'eval_precision': 0.6633563495168653, 'eval_recall': 0.6266666666666667, 'eval_runtime': 0.3417, 'eval_samples_per_second': 878.072, 'eval_steps_per_second': 111.222, 'epoch': 6.25}
{'loss': 0.2265, 'learning_rate': 1.767241379310345e-05, 'epoch': 6.47}
{'eval_loss': 1.8317549228668213, 'eval_accuracy': 0.64, 'eval_f1': 0.6401472306992203, 'eval_precision': 0.6602395364821836, 'eval_recall': 0.64, 'eval_runtime': 0.3423, 'eval_samples_per_second': 876.38, 'eval_steps_per_second': 111.008, 'epoch': 6.47}
{'loss': 0.1635, 'learning_rate': 1.6594827586206898e-05, 'epoch': 6.68}
{'eval_loss': 1.8575284481048584, 'eval_accuracy': 0.6333333333333333, 'eval_f1': 0.6415839295342788, 'eval_precision': 0.6714934162915529, 'eval_recall': 0.6333333333333333, 'eval_runtime': 0.4732, 'eval_samples_per_second': 633.923, 'eval_steps_per_second': 80.297, 'epoch': 6.68}
{'loss': 0.1833, 'learning_rate': 1.5517241379310346e-05, 'epoch': 6.9}
{'eval_loss': 1.7712640762329102, 'eval_accuracy': 0.6633333333333333, 'eval_f1': 0.6675504488855899, 'eval_precision': 0.6854702704653328, 'eval_recall': 0.6633333333333333, 'eval_runtime': 0.3929, 'eval_samples_per_second': 763.567, 'eval_steps_per_second': 96.719, 'epoch': 6.9}
{'loss': 0.1712, 'learning_rate': 1.4439655172413794e-05, 'epoch': 7.11}
{'eval_loss': 1.8023946285247803, 'eval_accuracy': 0.6766666666666666, 'eval_f1': 0.6838373089104536, 'eval_precision': 0.7047161347729974, 'eval_recall': 0.6766666666666666, 'eval_runtime': 0.4591, 'eval_samples_per_second': 653.433, 'eval_steps_per_second': 82.768, 'epoch': 7.11}
{'loss': 0.1352, 'learning_rate': 1.336206896551724e-05, 'epoch': 7.33}
{'eval_loss': 1.817169189453125, 'eval_accuracy': 0.6666666666666666, 'eval_f1': 0.6745871809754237, 'eval_precision': 0.6969567266274931, 'eval_recall': 0.6666666666666666, 'eval_runtime': 0.3422, 'eval_samples_per_second': 876.717, 'eval_steps_per_second': 111.051, 'epoch': 7.33}
{'loss': 0.1287, 'learning_rate': 1.228448275862069e-05, 'epoch': 7.54}
{'eval_loss': 1.8239973783493042, 'eval_accuracy': 0.6733333333333333, 'eval_f1': 0.6790764998190698, 'eval_precision': 0.699069450578218, 'eval_recall': 0.6733333333333333, 'eval_runtime': 0.3437, 'eval_samples_per_second': 872.738, 'eval_steps_per_second': 110.547, 'epoch': 7.54}
{'loss': 0.0821, 'learning_rate': 1.1206896551724138e-05, 'epoch': 7.76}
{'eval_loss': 1.7959985733032227, 'eval_accuracy': 0.6733333333333333, 'eval_f1': 0.6786979768320982, 'eval_precision': 0.6978048166900692, 'eval_recall': 0.6733333333333333, 'eval_runtime': 0.4653, 'eval_samples_per_second': 644.789, 'eval_steps_per_second': 81.673, 'epoch': 7.76}
{'loss': 0.1449, 'learning_rate': 1.0129310344827586e-05, 'epoch': 7.97}
{'eval_loss': 1.8648442029953003, 'eval_accuracy': 0.6633333333333333, 'eval_f1': 0.671348636983931, 'eval_precision': 0.7003096584787761, 'eval_recall': 0.6633333333333333, 'eval_runtime': 0.345, 'eval_samples_per_second': 869.515, 'eval_steps_per_second': 110.139, 'epoch': 7.97}
{'loss': 0.1151, 'learning_rate': 9.051724137931036e-06, 'epoch': 8.19}
{'eval_loss': 1.870221734046936, 'eval_accuracy': 0.66, 'eval_f1': 0.6667521904758998, 'eval_precision': 0.6918207797016453, 'eval_recall': 0.66, 'eval_runtime': 0.3906, 'eval_samples_per_second': 767.959, 'eval_steps_per_second': 97.275, 'epoch': 8.19}
{'loss': 0.1283, 'learning_rate': 7.974137931034484e-06, 'epoch': 8.41}
{'eval_loss': 1.8770939111709595, 'eval_accuracy': 0.6566666666666666, 'eval_f1': 0.6622279737050103, 'eval_precision': 0.6865598491922021, 'eval_recall': 0.6566666666666666, 'eval_runtime': 0.3476, 'eval_samples_per_second': 863.158, 'eval_steps_per_second': 109.333, 'epoch': 8.41}
{'loss': 0.0957, 'learning_rate': 6.896551724137932e-06, 'epoch': 8.62}
{'eval_loss': 1.8818572759628296, 'eval_accuracy': 0.66, 'eval_f1': 0.6698076417532635, 'eval_precision': 0.696612521771631, 'eval_recall': 0.66, 'eval_runtime': 0.3652, 'eval_samples_per_second': 821.358, 'eval_steps_per_second': 104.039, 'epoch': 8.62}
{'loss': 0.0559, 'learning_rate': 5.81896551724138e-06, 'epoch': 8.84}
{'eval_loss': 1.927795648574829, 'eval_accuracy': 0.6633333333333333, 'eval_f1': 0.675795560216357, 'eval_precision': 0.7080463781144896, 'eval_recall': 0.6633333333333333, 'eval_runtime': 0.3423, 'eval_samples_per_second': 876.419, 'eval_steps_per_second': 111.013, 'epoch': 8.84}
{'loss': 0.048, 'learning_rate': 4.741379310344828e-06, 'epoch': 9.05}
{'eval_loss': 1.9338923692703247, 'eval_accuracy': 0.6766666666666666, 'eval_f1': 0.6874208257442279, 'eval_precision': 0.7157151643476507, 'eval_recall': 0.6766666666666666, 'eval_runtime': 0.344, 'eval_samples_per_second': 872.02, 'eval_steps_per_second': 110.456, 'epoch': 9.05}
{'loss': 0.0535, 'learning_rate': 3.6637931034482757e-06, 'epoch': 9.27}
{'eval_loss': 1.941514492034912, 'eval_accuracy': 0.67, 'eval_f1': 0.6825600912170178, 'eval_precision': 0.7148771929824561, 'eval_recall': 0.67, 'eval_runtime': 0.3416, 'eval_samples_per_second': 878.272, 'eval_steps_per_second': 111.248, 'epoch': 9.27}
{'loss': 0.0616, 'learning_rate': 2.586206896551724e-06, 'epoch': 9.48}
{'eval_loss': 1.9108710289001465, 'eval_accuracy': 0.6766666666666666, 'eval_f1': 0.687441187110482, 'eval_precision': 0.7162550312211329, 'eval_recall': 0.6766666666666666, 'eval_runtime': 0.3407, 'eval_samples_per_second': 880.585, 'eval_steps_per_second': 111.541, 'epoch': 9.48}
{'loss': 0.0586, 'learning_rate': 1.5086206896551726e-06, 'epoch': 9.7}
{'eval_loss': 1.8994344472885132, 'eval_accuracy': 0.6733333333333333, 'eval_f1': 0.6834386573987353, 'eval_precision': 0.710835445943805, 'eval_recall': 0.6733333333333333, 'eval_runtime': 0.3436, 'eval_samples_per_second': 873.015, 'eval_steps_per_second': 110.582, 'epoch': 9.7}
{'loss': 0.0366, 'learning_rate': 4.3103448275862073e-07, 'epoch': 9.91}
{'eval_loss': 1.904921054840088, 'eval_accuracy': 0.6766666666666666, 'eval_f1': 0.6851058621265306, 'eval_precision': 0.7088370920524197, 'eval_recall': 0.6766666666666666, 'eval_runtime': 0.3443, 'eval_samples_per_second': 871.451, 'eval_steps_per_second': 110.384, 'epoch': 9.91}
{'train_runtime': 193.088, 'train_samples_per_second': 95.759, 'train_steps_per_second': 12.015, 'train_loss': 0.7627960265710436, 'epoch': 10.0}
training finished!
