/cluster/raid/home/zhivar.sourati/logical-fallacy-identification/AMR_parsers_and_graphs
Tue Sep 27 10:12:12 2022       
+-----------------------------------------------------------------------------+
| NVIDIA-SMI 460.32.03    Driver Version: 460.32.03    CUDA Version: 11.2     |
|-------------------------------+----------------------+----------------------+
| GPU  Name        Persistence-M| Bus-Id        Disp.A | Volatile Uncorr. ECC |
| Fan  Temp  Perf  Pwr:Usage/Cap|         Memory-Usage | GPU-Util  Compute M. |
|                               |                      |               MIG M. |
|===============================+======================+======================|
|   0  A100-PCIE-40GB      Off  | 00000000:28:00.0 Off |                    0 |
| N/A   29C    P0    36W / 250W |      0MiB / 40536MiB |      0%      Default |
|                               |                      |             Disabled |
+-------------------------------+----------------------+----------------------+
                                                                               
+-----------------------------------------------------------------------------+
| Processes:                                                                  |
|  GPU   GI   CI        PID   Type   Process name                  GPU Memory |
|        ID   ID                                                   Usage      |
|=============================================================================|
|  No running processes found                                                 |
+-----------------------------------------------------------------------------+
0
cuda
using GPU
doing the case augmentation ...
                        precision    recall  f1-score   support

            ad hominem       0.99      0.99      0.99       225
            ad populum       0.96      0.99      0.98       158
     appeal to emotion       1.00      0.96      0.98       130
    circular reasoning       0.99      0.99      0.99       134
          equivocation       0.90      0.92      0.91        39
fallacy of credibility       0.98      0.99      0.99       107
  fallacy of extension       1.00      0.97      0.99       106
      fallacy of logic       0.95      0.99      0.97       121
  fallacy of relevance       1.00      0.99      1.00       114
       false causality       1.00      0.95      0.98       174
         false dilemma       0.99      1.00      1.00       110
 faulty generalization       0.98      1.00      0.99       319
           intentional       0.99      0.97      0.98       112

              accuracy                           0.98      1849
             macro avg       0.98      0.98      0.98      1849
          weighted avg       0.98      0.98      0.98      1849

Number of data points augmented with high confidence: 0.6652244456462953
Error finding the predicted label for sentence: " Just like students are given a couple of MSK0 of MSK3 before taking exams , MSK1 should also be given few days or MSK0 to MSK3 MSK1 before an operation or MSK2 , after all MSK2 is not as easy task " Is an example of .... 
Error finding the predicted label for sentence: You do n’t have to do this . MSK0 grandmother is in the hospital . MSK0 need MSK0 salary to support MSK1 medication . MSK1 ’s dying . 
Error finding the predicted label for sentence: I know MSK0 . MSK0 are all MSK1 . Therefore , Kentuckians are MSK1 . 
Error finding the predicted label for sentence: MSK1 : What are MSK2 ? Do you even know ? MSK3 of State : MSK4 're ... what MSK4 MSK5 to make MSK6 ! MSK1 : But why do MSK4 MSK5 MSK4 to make MSK6 ? MSK3 of Defense : [ raises hand after a pause ] Because MSK2 . 
Error finding the predicted label for sentence: This is a fallacy of irrelevance that is based solely on someone 's or MSK0 history , origin , or source rather than MSK0 current meaning 
Error finding the predicted label for sentence: MSK0 : MSK0 should not be MSK1 that ... it has been scientifically proven that MSK1 MSK3 are no good for MSK0 health . Hugh : MSK0 MSK1 MSK3 all the time so that ca n’t be true . 
Error finding the predicted label for sentence: MSK0 : MSK1 MSK0 MSK2 that MSK3 is morally MSK4 . MSK1 MSK5 : MSK1 Of course MSK5 would say that , MSK5 ’re a MSK6 . MSK1 MSK0 : MSK1 What about the arguments MSK0 gave to support MSK0 position ? MSK1 MSK5 : MSK1 Those do n’t count . Like MSK0 said , MSK5 ’re a MSK6 , so MSK5 have to say that MSK3 is MSK4 . Further , MSK5 are just a lackey to the Pope , so MSK0 ca n’t MSK2 what MSK5 say . MSK1 
Error finding the predicted label for sentence: " There MSK0 was in the MSK1 of MSK2 , and yet a perfect stranger ; without home and without friends , in the MSK1 of thousands of MSK0 own brethren — children of a common Father , and yet MSK0 dared not to unfold to any one of MSK2 MSK0 sad condition . " Check each literary term found in this quote : 
                        precision    recall  f1-score   support

            ad hominem       0.49      0.47      0.48        36
            ad populum       0.61      0.52      0.56        44
     appeal to emotion       0.25      0.15      0.19        13
    circular reasoning       0.48      0.56      0.51        18
          equivocation       0.33      0.60      0.43         5
fallacy of credibility       0.06      0.12      0.08         8
  fallacy of extension       0.60      0.21      0.32        14
      fallacy of logic       0.43      0.35      0.39        17
  fallacy of relevance       0.25      0.17      0.20        24
       false causality       0.50      0.42      0.45        24
         false dilemma       0.68      0.68      0.68        19
 faulty generalization       0.43      0.61      0.50        61
           intentional       0.42      0.31      0.36        16

              accuracy                           0.45       299
             macro avg       0.42      0.40      0.40       299
          weighted avg       0.46      0.45      0.44       299

Number of data points augmented with high confidence: 0.31666666666666665
Error finding the predicted label for sentence: People who drive big cars probably hate the environment . 
Error finding the predicted label for sentence: MSK0 ca n't jump . No , really , MSK0 ca n't ! 
Error finding the predicted label for sentence: MSK0 call MSK1 yet MSK0 can not lend MSK2 money for MSK2 school project , murdering MSK2 chance for a higher grade . MSK0 are just like MSK1 . 
                        precision    recall  f1-score   support

            ad hominem       0.47      0.51      0.49        41
            ad populum       0.64      0.47      0.54        30
     appeal to emotion       0.54      0.30      0.39        23
    circular reasoning       0.19      0.32      0.24        19
          equivocation       0.00      0.00      0.00         5
fallacy of credibility       0.27      0.35      0.31        17
  fallacy of extension       0.80      0.38      0.52        21
      fallacy of logic       0.18      0.21      0.19        14
  fallacy of relevance       0.33      0.30      0.32        23
       false causality       0.40      0.11      0.17        18
         false dilemma       0.41      0.92      0.56        12
 faulty generalization       0.52      0.59      0.55        61
           intentional       0.50      0.47      0.48        15

              accuracy                           0.43       299
             macro avg       0.40      0.38      0.37       299
          weighted avg       0.46      0.43      0.42       299

Number of data points augmented with high confidence: 0.28
Model loaded!
Start the training ...
{'loss': 2.5123, 'learning_rate': 9.461206896551725e-06, 'epoch': 0.43}
{'eval_loss': 2.412525177001953, 'eval_accuracy': 0.2054794520547945, 'eval_f1': 0.07004981320049813, 'eval_precision': 0.0422218052167386, 'eval_recall': 0.2054794520547945, 'eval_runtime': 0.9001, 'eval_samples_per_second': 324.391, 'eval_steps_per_second': 21.108, 'epoch': 0.43}
{'loss': 2.4172, 'learning_rate': 8.922413793103449e-06, 'epoch': 0.86}
{'eval_loss': 2.2471539974212646, 'eval_accuracy': 0.2705479452054795, 'eval_f1': 0.1745843166536308, 'eval_precision': 0.2581380513544727, 'eval_recall': 0.2705479452054795, 'eval_runtime': 0.8819, 'eval_samples_per_second': 331.085, 'eval_steps_per_second': 21.543, 'epoch': 0.86}
{'loss': 1.9916, 'learning_rate': 8.383620689655173e-06, 'epoch': 1.29}
{'eval_loss': 2.007922887802124, 'eval_accuracy': 0.3835616438356164, 'eval_f1': 0.33826077953708333, 'eval_precision': 0.37332915123951355, 'eval_recall': 0.3835616438356164, 'eval_runtime': 0.8864, 'eval_samples_per_second': 329.44, 'eval_steps_per_second': 21.436, 'epoch': 1.29}
{'loss': 1.6659, 'learning_rate': 7.844827586206897e-06, 'epoch': 1.72}
{'eval_loss': 1.8697881698608398, 'eval_accuracy': 0.4246575342465753, 'eval_f1': 0.4121466978217328, 'eval_precision': 0.43944246612457155, 'eval_recall': 0.4246575342465753, 'eval_runtime': 0.8838, 'eval_samples_per_second': 330.386, 'eval_steps_per_second': 21.498, 'epoch': 1.72}
{'loss': 1.3259, 'learning_rate': 7.306034482758622e-06, 'epoch': 2.16}
{'eval_loss': 1.8593484163284302, 'eval_accuracy': 0.4520547945205479, 'eval_f1': 0.4410548926316612, 'eval_precision': 0.4820969978543705, 'eval_recall': 0.4520547945205479, 'eval_runtime': 0.8904, 'eval_samples_per_second': 327.924, 'eval_steps_per_second': 21.338, 'epoch': 2.16}
{'loss': 1.0372, 'learning_rate': 6.767241379310346e-06, 'epoch': 2.59}
{'eval_loss': 1.843817114830017, 'eval_accuracy': 0.4897260273972603, 'eval_f1': 0.4535290845139015, 'eval_precision': 0.543032666492249, 'eval_recall': 0.4897260273972603, 'eval_runtime': 0.8891, 'eval_samples_per_second': 328.414, 'eval_steps_per_second': 21.369, 'epoch': 2.59}
{'loss': 1.0189, 'learning_rate': 6.228448275862069e-06, 'epoch': 3.02}
{'eval_loss': 1.7436251640319824, 'eval_accuracy': 0.5, 'eval_f1': 0.49038776121699024, 'eval_precision': 0.4952573775722641, 'eval_recall': 0.5, 'eval_runtime': 0.8956, 'eval_samples_per_second': 326.033, 'eval_steps_per_second': 21.214, 'epoch': 3.02}
{'loss': 0.7095, 'learning_rate': 5.689655172413794e-06, 'epoch': 3.45}
{'eval_loss': 1.9116963148117065, 'eval_accuracy': 0.5, 'eval_f1': 0.4788993111826362, 'eval_precision': 0.5371924206130492, 'eval_recall': 0.5, 'eval_runtime': 0.898, 'eval_samples_per_second': 325.15, 'eval_steps_per_second': 21.157, 'epoch': 3.45}
{'loss': 0.6556, 'learning_rate': 5.150862068965518e-06, 'epoch': 3.88}
{'eval_loss': 1.9041073322296143, 'eval_accuracy': 0.5102739726027398, 'eval_f1': 0.4976240127404714, 'eval_precision': 0.5317323752936198, 'eval_recall': 0.5102739726027398, 'eval_runtime': 0.9018, 'eval_samples_per_second': 323.784, 'eval_steps_per_second': 21.068, 'epoch': 3.88}
{'loss': 0.4792, 'learning_rate': 4.612068965517242e-06, 'epoch': 4.31}
{'eval_loss': 1.9264156818389893, 'eval_accuracy': 0.5034246575342466, 'eval_f1': 0.48848612844115025, 'eval_precision': 0.5040351358220151, 'eval_recall': 0.5034246575342466, 'eval_runtime': 0.8977, 'eval_samples_per_second': 325.267, 'eval_steps_per_second': 21.165, 'epoch': 4.31}
{'loss': 0.4603, 'learning_rate': 4.073275862068966e-06, 'epoch': 4.74}
{'eval_loss': 2.0407660007476807, 'eval_accuracy': 0.5102739726027398, 'eval_f1': 0.4856322484598425, 'eval_precision': 0.5236912130612014, 'eval_recall': 0.5102739726027398, 'eval_runtime': 0.8867, 'eval_samples_per_second': 329.31, 'eval_steps_per_second': 21.428, 'epoch': 4.74}
{'loss': 0.3793, 'learning_rate': 3.5344827586206898e-06, 'epoch': 5.17}
{'eval_loss': 1.997965931892395, 'eval_accuracy': 0.5273972602739726, 'eval_f1': 0.5109877058632465, 'eval_precision': 0.539293604887062, 'eval_recall': 0.5273972602739726, 'eval_runtime': 0.8917, 'eval_samples_per_second': 327.451, 'eval_steps_per_second': 21.307, 'epoch': 5.17}
{'loss': 0.2856, 'learning_rate': 2.9956896551724142e-06, 'epoch': 5.6}
{'eval_loss': 1.9806426763534546, 'eval_accuracy': 0.5171232876712328, 'eval_f1': 0.5001290397898825, 'eval_precision': 0.5162761722543271, 'eval_recall': 0.5171232876712328, 'eval_runtime': 0.8961, 'eval_samples_per_second': 325.841, 'eval_steps_per_second': 21.202, 'epoch': 5.6}
{'loss': 0.2856, 'learning_rate': 2.4568965517241382e-06, 'epoch': 6.03}
{'eval_loss': 2.0700666904449463, 'eval_accuracy': 0.5342465753424658, 'eval_f1': 0.5174196595930852, 'eval_precision': 0.5327220529303978, 'eval_recall': 0.5342465753424658, 'eval_runtime': 0.8982, 'eval_samples_per_second': 325.092, 'eval_steps_per_second': 21.153, 'epoch': 6.03}
{'loss': 0.2091, 'learning_rate': 1.9181034482758622e-06, 'epoch': 6.47}
{'eval_loss': 2.136768341064453, 'eval_accuracy': 0.5068493150684932, 'eval_f1': 0.49276751755643045, 'eval_precision': 0.5055034086792922, 'eval_recall': 0.5068493150684932, 'eval_runtime': 0.9006, 'eval_samples_per_second': 324.214, 'eval_steps_per_second': 21.096, 'epoch': 6.47}
{'loss': 0.1994, 'learning_rate': 1.3793103448275862e-06, 'epoch': 6.9}
{'eval_loss': 2.168097496032715, 'eval_accuracy': 0.5205479452054794, 'eval_f1': 0.5015599156163257, 'eval_precision': 0.533540476368062, 'eval_recall': 0.5205479452054794, 'eval_runtime': 0.9005, 'eval_samples_per_second': 324.272, 'eval_steps_per_second': 21.1, 'epoch': 6.9}
{'loss': 0.1883, 'learning_rate': 8.405172413793105e-07, 'epoch': 7.33}
{'eval_loss': 2.1664161682128906, 'eval_accuracy': 0.5308219178082192, 'eval_f1': 0.515832652685485, 'eval_precision': 0.539826879895373, 'eval_recall': 0.5308219178082192, 'eval_runtime': 0.9042, 'eval_samples_per_second': 322.929, 'eval_steps_per_second': 21.013, 'epoch': 7.33}
{'loss': 0.1386, 'learning_rate': 3.0172413793103453e-07, 'epoch': 7.76}
{'eval_loss': 2.1510095596313477, 'eval_accuracy': 0.5136986301369864, 'eval_f1': 0.5006486437115641, 'eval_precision': 0.511221809889856, 'eval_recall': 0.5136986301369864, 'eval_runtime': 0.9024, 'eval_samples_per_second': 323.59, 'eval_steps_per_second': 21.056, 'epoch': 7.76}
{'train_runtime': 206.7046, 'train_samples_per_second': 71.561, 'train_steps_per_second': 4.489, 'train_loss': 0.8657084826765389, 'epoch': 8.0}
PredictionOutput(predictions=array([[-1.156099  , -0.61086947, -0.74610096, ..., -0.49651217,
         4.97472   ,  0.06819006],
       [-1.1951507 , -1.0476651 , -1.130097  , ..., -0.3977    ,
         3.517339  , -0.19666898],
       [-0.08573117, -1.4950732 , -0.5909903 , ...,  0.04155328,
         6.594556  , -1.1426783 ],
       ...,
       [-1.2325212 ,  4.451364  , -0.16349192, ..., -0.9726165 ,
         2.546727  ,  0.13823456],
       [-1.3579307 , -0.12960288, -0.8937617 , ..., -0.7569148 ,
         4.7127466 ,  0.16810039],
       [-1.4900771 ,  0.24927896, -0.25723916, ..., -2.427987  ,
         2.8025432 , -0.20570925]], dtype=float32), label_ids=array([ 7,  9, 11,  6,  6, 11,  5,  3,  9, 11,  0,  1, 11, 12,  1,  7,  0,
       12,  3,  1,  8,  3,  6,  8,  0,  0, 11,  0, 11,  3,  3,  5,  2,  8,
        9,  1, 11,  1,  5, 12,  0, 12,  1,  2, 12,  0,  5,  7,  3, 11,  2,
        4,  8,  3, 12, 11, 11, 10,  7, 11,  0, 10, 12,  0,  1,  8, 12,  5,
       10,  5,  1,  8,  0, 12,  1,  7, 10, 12,  7,  7,  2,  0,  2, 10, 11,
        0,  6,  0, 10,  9,  5,  5,  0,  9,  1,  2,  9,  0,  2,  0,  7, 11,
        9,  6,  6,  9,  3, 12,  7, 11, 11, 11, 10,  2,  8,  9,  0,  7,  3,
       11, 11, 12,  8,  0,  4, 11,  5,  8, 11,  1,  5, 11,  7, 11,  0, 11,
        0, 11,  6,  0, 11, 11,  8, 11,  1,  8,  6,  5,  0, 11,  9,  0,  1,
        5,  0,  1,  8,  8,  0,  2, 11, 11,  0,  6,  5,  6, 11,  2,  2,  7,
        9, 11,  1, 11,  1,  8,  9,  8,  6,  3,  8, 10,  1,  2,  0, 11, 11,
        3,  8,  6,  2,  4,  1, 11, 11, 11, 11,  0, 11,  2,  1,  8,  1,  9,
        0,  1, 11,  1,  5,  1,  6,  5,  0,  8,  0,  1, 10, 11,  9,  0, 11,
       12,  2,  4,  0, 11,  2, 12,  2, 11,  7,  3,  2,  2,  8,  3,  0,  2,
       11,  8,  8,  9,  3, 11,  6, 11,  0,  3,  2,  8, 10, 12, 11,  5, 10,
        6,  9, 11,  6,  3,  1,  6,  3,  7, 11,  6,  2, 11,  4, 10,  9,  2,
        0, 11,  5,  1, 11,  6, 11,  9, 11,  0,  0,  0, 11, 11,  0,  1, 11,
        1,  0,  3,  1,  6,  1, 11,  3]), metrics={'test_loss': 2.440570116043091, 'test_accuracy': 0.48484848484848486, 'test_f1': 0.47452413437089425, 'test_precision': 0.48881593443411303, 'test_recall': 0.48484848484848486, 'test_runtime': 1.1675, 'test_samples_per_second': 254.39, 'test_steps_per_second': 16.274})
