/cluster/raid/home/zhivar.sourati/logical-fallacy-identification/AMR_parsers_and_graphs
Thu Sep 22 00:42:02 2022       
+-----------------------------------------------------------------------------+
| NVIDIA-SMI 460.32.03    Driver Version: 460.32.03    CUDA Version: 11.2     |
|-------------------------------+----------------------+----------------------+
| GPU  Name        Persistence-M| Bus-Id        Disp.A | Volatile Uncorr. ECC |
| Fan  Temp  Perf  Pwr:Usage/Cap|         Memory-Usage | GPU-Util  Compute M. |
|                               |                      |               MIG M. |
|===============================+======================+======================|
|   0  A100-PCIE-40GB      Off  | 00000000:29:00.0 Off |                    0 |
| N/A   27C    P0    32W / 250W |      0MiB / 40536MiB |      0%      Default |
|                               |                      |             Disabled |
+-------------------------------+----------------------+----------------------+
                                                                               
+-----------------------------------------------------------------------------+
| Processes:                                                                  |
|  GPU   GI   CI        PID   Type   Process name                  GPU Memory |
|        ID   ID                                                   Usage      |
|=============================================================================|
|  No running processes found                                                 |
+-----------------------------------------------------------------------------+
0
using GPU
Model loaded!
Start the training ...
{'loss': 2.5168, 'learning_rate': 9.281609195402299e-06, 'epoch': 0.43}
{'eval_loss': 2.453803300857544, 'eval_accuracy': 0.14333333333333334, 'eval_f1': 0.06234353851111827, 'eval_precision': 0.055845600821636435, 'eval_recall': 0.14333333333333334, 'eval_runtime': 0.6746, 'eval_samples_per_second': 444.692, 'eval_steps_per_second': 28.164, 'epoch': 0.43}
{'loss': 2.5189, 'learning_rate': 8.563218390804599e-06, 'epoch': 0.86}
{'eval_loss': 2.402895927429199, 'eval_accuracy': 0.24, 'eval_f1': 0.132810452361506, 'eval_precision': 0.10231261983726388, 'eval_recall': 0.24, 'eval_runtime': 0.672, 'eval_samples_per_second': 446.401, 'eval_steps_per_second': 28.272, 'epoch': 0.86}
{'loss': 2.444, 'learning_rate': 7.844827586206897e-06, 'epoch': 1.29}
{'eval_loss': 2.3468782901763916, 'eval_accuracy': 0.25, 'eval_f1': 0.16547929621020985, 'eval_precision': 0.23694068664255, 'eval_recall': 0.25, 'eval_runtime': 0.6725, 'eval_samples_per_second': 446.094, 'eval_steps_per_second': 28.253, 'epoch': 1.29}
{'loss': 2.4776, 'learning_rate': 7.126436781609196e-06, 'epoch': 1.72}
{'eval_loss': 2.293576717376709, 'eval_accuracy': 0.26666666666666666, 'eval_f1': 0.13530864197530865, 'eval_precision': 0.09426200564971751, 'eval_recall': 0.26666666666666666, 'eval_runtime': 0.6706, 'eval_samples_per_second': 447.366, 'eval_steps_per_second': 28.333, 'epoch': 1.72}
{'loss': 2.4658, 'learning_rate': 6.408045977011495e-06, 'epoch': 2.16}
{'eval_loss': 2.24804949760437, 'eval_accuracy': 0.23333333333333334, 'eval_f1': 0.11763078574672778, 'eval_precision': 0.15077011494252873, 'eval_recall': 0.23333333333333334, 'eval_runtime': 0.6734, 'eval_samples_per_second': 445.492, 'eval_steps_per_second': 28.215, 'epoch': 2.16}
{'loss': 2.3257, 'learning_rate': 5.689655172413794e-06, 'epoch': 2.59}
{'eval_loss': 2.1081440448760986, 'eval_accuracy': 0.36666666666666664, 'eval_f1': 0.28125408480079184, 'eval_precision': 0.2686164616571266, 'eval_recall': 0.36666666666666664, 'eval_runtime': 0.6774, 'eval_samples_per_second': 442.864, 'eval_steps_per_second': 28.048, 'epoch': 2.59}
{'loss': 2.2358, 'learning_rate': 4.971264367816092e-06, 'epoch': 3.02}
{'eval_loss': 1.9552677869796753, 'eval_accuracy': 0.4166666666666667, 'eval_f1': 0.324996736684972, 'eval_precision': 0.3199688083706704, 'eval_recall': 0.4166666666666667, 'eval_runtime': 0.6725, 'eval_samples_per_second': 446.101, 'eval_steps_per_second': 28.253, 'epoch': 3.02}
{'loss': 2.0966, 'learning_rate': 4.252873563218391e-06, 'epoch': 3.45}
{'eval_loss': 1.845643162727356, 'eval_accuracy': 0.45666666666666667, 'eval_f1': 0.37566074412402445, 'eval_precision': 0.3738876648255958, 'eval_recall': 0.45666666666666667, 'eval_runtime': 0.6775, 'eval_samples_per_second': 442.781, 'eval_steps_per_second': 28.043, 'epoch': 3.45}
{'loss': 1.9876, 'learning_rate': 3.5344827586206898e-06, 'epoch': 3.88}
{'eval_loss': 1.6710741519927979, 'eval_accuracy': 0.52, 'eval_f1': 0.4774947882732718, 'eval_precision': 0.5214906067358281, 'eval_recall': 0.52, 'eval_runtime': 0.6772, 'eval_samples_per_second': 443.03, 'eval_steps_per_second': 28.059, 'epoch': 3.88}
{'loss': 1.8345, 'learning_rate': 2.8160919540229887e-06, 'epoch': 4.31}
