/cluster/raid/home/zhivar.sourati/logical-fallacy-identification/AMR_parsers_and_graphs
Wed Sep 21 23:46:28 2022       
+-----------------------------------------------------------------------------+
| NVIDIA-SMI 460.32.03    Driver Version: 460.32.03    CUDA Version: 11.2     |
|-------------------------------+----------------------+----------------------+
| GPU  Name        Persistence-M| Bus-Id        Disp.A | Volatile Uncorr. ECC |
| Fan  Temp  Perf  Pwr:Usage/Cap|         Memory-Usage | GPU-Util  Compute M. |
|                               |                      |               MIG M. |
|===============================+======================+======================|
|   0  A100-PCIE-40GB      Off  | 00000000:2A:00.0 Off |                    0 |
| N/A   27C    P0    35W / 250W |      0MiB / 40536MiB |      0%      Default |
|                               |                      |             Disabled |
+-------------------------------+----------------------+----------------------+
                                                                               
+-----------------------------------------------------------------------------+
| Processes:                                                                  |
|  GPU   GI   CI        PID   Type   Process name                  GPU Memory |
|        ID   ID                                                   Usage      |
|=============================================================================|
|  No running processes found                                                 |
+-----------------------------------------------------------------------------+
0
using GPU
Model loaded!
Start the training ...
{'loss': 2.5388, 'learning_rate': 9.56896551724138e-06, 'epoch': 0.43}
{'eval_loss': 2.416872262954712, 'eval_accuracy': 0.20333333333333334, 'eval_f1': 0.06871652816251154, 'eval_precision': 0.04134444444444445, 'eval_recall': 0.20333333333333334, 'eval_runtime': 0.6757, 'eval_samples_per_second': 443.97, 'eval_steps_per_second': 28.118, 'epoch': 0.43}
{'loss': 2.4802, 'learning_rate': 9.13793103448276e-06, 'epoch': 0.86}
{'eval_loss': 2.3212265968322754, 'eval_accuracy': 0.24666666666666667, 'eval_f1': 0.12761220043572985, 'eval_precision': 0.23231292517006802, 'eval_recall': 0.24666666666666667, 'eval_runtime': 0.6751, 'eval_samples_per_second': 444.364, 'eval_steps_per_second': 28.143, 'epoch': 0.86}
{'loss': 2.2707, 'learning_rate': 8.706896551724138e-06, 'epoch': 1.29}
{'eval_loss': 1.9835351705551147, 'eval_accuracy': 0.4166666666666667, 'eval_f1': 0.34843684923546475, 'eval_precision': 0.3976518803784529, 'eval_recall': 0.4166666666666667, 'eval_runtime': 0.6764, 'eval_samples_per_second': 443.533, 'eval_steps_per_second': 28.09, 'epoch': 1.29}
{'loss': 2.0296, 'learning_rate': 8.275862068965518e-06, 'epoch': 1.72}
{'eval_loss': 1.654106855392456, 'eval_accuracy': 0.5266666666666666, 'eval_f1': 0.4945258651869184, 'eval_precision': 0.54363081671415, 'eval_recall': 0.5266666666666666, 'eval_runtime': 0.6775, 'eval_samples_per_second': 442.785, 'eval_steps_per_second': 28.043, 'epoch': 1.72}
{'loss': 1.7163, 'learning_rate': 7.844827586206897e-06, 'epoch': 2.16}
{'eval_loss': 1.4522733688354492, 'eval_accuracy': 0.5766666666666667, 'eval_f1': 0.5717631979227467, 'eval_precision': 0.5980387318264555, 'eval_recall': 0.5766666666666667, 'eval_runtime': 0.68, 'eval_samples_per_second': 441.194, 'eval_steps_per_second': 27.942, 'epoch': 2.16}
{'loss': 1.3734, 'learning_rate': 7.413793103448277e-06, 'epoch': 2.59}
{'eval_loss': 1.2950223684310913, 'eval_accuracy': 0.63, 'eval_f1': 0.6212790500298073, 'eval_precision': 0.647479536626537, 'eval_recall': 0.63, 'eval_runtime': 0.6823, 'eval_samples_per_second': 439.689, 'eval_steps_per_second': 27.847, 'epoch': 2.59}
{'loss': 1.3235, 'learning_rate': 6.982758620689656e-06, 'epoch': 3.02}
{'eval_loss': 1.238317847251892, 'eval_accuracy': 0.63, 'eval_f1': 0.6219251555954609, 'eval_precision': 0.6415320838474202, 'eval_recall': 0.63, 'eval_runtime': 0.6818, 'eval_samples_per_second': 440.021, 'eval_steps_per_second': 27.868, 'epoch': 3.02}
{'loss': 1.0453, 'learning_rate': 6.551724137931035e-06, 'epoch': 3.45}
{'eval_loss': 1.2861566543579102, 'eval_accuracy': 0.62, 'eval_f1': 0.6025352543453723, 'eval_precision': 0.6646959598136067, 'eval_recall': 0.62, 'eval_runtime': 0.6855, 'eval_samples_per_second': 437.656, 'eval_steps_per_second': 27.718, 'epoch': 3.45}
{'loss': 0.9782, 'learning_rate': 6.1206896551724135e-06, 'epoch': 3.88}
{'eval_loss': 1.1455285549163818, 'eval_accuracy': 0.6533333333333333, 'eval_f1': 0.6451476612976613, 'eval_precision': 0.649723292960909, 'eval_recall': 0.6533333333333333, 'eval_runtime': 0.6862, 'eval_samples_per_second': 437.214, 'eval_steps_per_second': 27.69, 'epoch': 3.88}
{'loss': 0.8226, 'learning_rate': 5.689655172413794e-06, 'epoch': 4.31}
{'eval_loss': 1.1647831201553345, 'eval_accuracy': 0.6666666666666666, 'eval_f1': 0.6621733405788773, 'eval_precision': 0.6817415577249916, 'eval_recall': 0.6666666666666666, 'eval_runtime': 0.6889, 'eval_samples_per_second': 435.501, 'eval_steps_per_second': 27.582, 'epoch': 4.31}
{'loss': 0.6857, 'learning_rate': 5.258620689655173e-06, 'epoch': 4.74}
{'eval_loss': 1.1809418201446533, 'eval_accuracy': 0.6733333333333333, 'eval_f1': 0.6719619204626829, 'eval_precision': 0.6895792491632303, 'eval_recall': 0.6733333333333333, 'eval_runtime': 0.6785, 'eval_samples_per_second': 442.179, 'eval_steps_per_second': 28.005, 'epoch': 4.74}
{'loss': 0.6103, 'learning_rate': 4.8275862068965525e-06, 'epoch': 5.17}
{'eval_loss': 1.1827205419540405, 'eval_accuracy': 0.6733333333333333, 'eval_f1': 0.6697102379815851, 'eval_precision': 0.686471815885374, 'eval_recall': 0.6733333333333333, 'eval_runtime': 0.6797, 'eval_samples_per_second': 441.384, 'eval_steps_per_second': 27.954, 'epoch': 5.17}
{'loss': 0.4931, 'learning_rate': 4.396551724137931e-06, 'epoch': 5.6}
{'eval_loss': 1.1424692869186401, 'eval_accuracy': 0.7, 'eval_f1': 0.6938196339817007, 'eval_precision': 0.69829174232646, 'eval_recall': 0.7, 'eval_runtime': 0.6809, 'eval_samples_per_second': 440.62, 'eval_steps_per_second': 27.906, 'epoch': 5.6}
{'loss': 0.4766, 'learning_rate': 3.96551724137931e-06, 'epoch': 6.03}
{'eval_loss': 1.111734390258789, 'eval_accuracy': 0.6966666666666667, 'eval_f1': 0.691547667941029, 'eval_precision': 0.6885920587946651, 'eval_recall': 0.6966666666666667, 'eval_runtime': 0.6816, 'eval_samples_per_second': 440.112, 'eval_steps_per_second': 27.874, 'epoch': 6.03}
{'loss': 0.3647, 'learning_rate': 3.5344827586206898e-06, 'epoch': 6.47}
{'eval_loss': 1.157950758934021, 'eval_accuracy': 0.7033333333333334, 'eval_f1': 0.699188083494962, 'eval_precision': 0.7048710883666017, 'eval_recall': 0.7033333333333334, 'eval_runtime': 0.6865, 'eval_samples_per_second': 437.008, 'eval_steps_per_second': 27.677, 'epoch': 6.47}
{'loss': 0.3246, 'learning_rate': 3.103448275862069e-06, 'epoch': 6.9}
{'eval_loss': 1.2308804988861084, 'eval_accuracy': 0.6866666666666666, 'eval_f1': 0.6810948334849489, 'eval_precision': 0.6900628983477449, 'eval_recall': 0.6866666666666666, 'eval_runtime': 0.6847, 'eval_samples_per_second': 438.163, 'eval_steps_per_second': 27.75, 'epoch': 6.9}
{'loss': 0.2981, 'learning_rate': 2.672413793103448e-06, 'epoch': 7.33}
{'eval_loss': 1.2509846687316895, 'eval_accuracy': 0.6933333333333334, 'eval_f1': 0.6928274661614502, 'eval_precision': 0.7002292076455758, 'eval_recall': 0.6933333333333334, 'eval_runtime': 0.6834, 'eval_samples_per_second': 438.989, 'eval_steps_per_second': 27.803, 'epoch': 7.33}
{'loss': 0.2276, 'learning_rate': 2.241379310344828e-06, 'epoch': 7.76}
{'eval_loss': 1.257981777191162, 'eval_accuracy': 0.7, 'eval_f1': 0.697398901004067, 'eval_precision': 0.7017826260845241, 'eval_recall': 0.7, 'eval_runtime': 0.6866, 'eval_samples_per_second': 436.933, 'eval_steps_per_second': 27.672, 'epoch': 7.76}
{'loss': 0.2757, 'learning_rate': 1.810344827586207e-06, 'epoch': 8.19}
{'eval_loss': 1.2550400495529175, 'eval_accuracy': 0.6966666666666667, 'eval_f1': 0.6957097904000727, 'eval_precision': 0.7033651226421698, 'eval_recall': 0.6966666666666667, 'eval_runtime': 0.6877, 'eval_samples_per_second': 436.214, 'eval_steps_per_second': 27.627, 'epoch': 8.19}
{'loss': 0.1879, 'learning_rate': 1.3793103448275862e-06, 'epoch': 8.62}
{'eval_loss': 1.2400295734405518, 'eval_accuracy': 0.7033333333333334, 'eval_f1': 0.7015404852852561, 'eval_precision': 0.7058580434835651, 'eval_recall': 0.7033333333333334, 'eval_runtime': 0.6877, 'eval_samples_per_second': 436.246, 'eval_steps_per_second': 27.629, 'epoch': 8.62}
{'loss': 0.2053, 'learning_rate': 9.482758620689655e-07, 'epoch': 9.05}
{'eval_loss': 1.2569297552108765, 'eval_accuracy': 0.7, 'eval_f1': 0.6991732311015418, 'eval_precision': 0.7061829347123465, 'eval_recall': 0.7, 'eval_runtime': 0.6804, 'eval_samples_per_second': 440.913, 'eval_steps_per_second': 27.925, 'epoch': 9.05}
{'loss': 0.1338, 'learning_rate': 5.172413793103449e-07, 'epoch': 9.48}
{'eval_loss': 1.2720013856887817, 'eval_accuracy': 0.6966666666666667, 'eval_f1': 0.6963785305013739, 'eval_precision': 0.7036316696411841, 'eval_recall': 0.6966666666666667, 'eval_runtime': 0.6808, 'eval_samples_per_second': 440.631, 'eval_steps_per_second': 27.907, 'epoch': 9.48}
{'loss': 0.1873, 'learning_rate': 8.620689655172414e-08, 'epoch': 9.91}
{'eval_loss': 1.2652227878570557, 'eval_accuracy': 0.7, 'eval_f1': 0.6996016766945679, 'eval_precision': 0.7051424953164834, 'eval_recall': 0.7, 'eval_runtime': 0.6815, 'eval_samples_per_second': 440.18, 'eval_steps_per_second': 27.878, 'epoch': 9.91}
{'train_runtime': 289.0521, 'train_samples_per_second': 63.968, 'train_steps_per_second': 4.013, 'train_loss': 0.9088372112348162, 'epoch': 10.0}
PredictionOutput(predictions=array([[ 2.3827713 , -0.57221186, -2.615448  , ..., -1.3690649 ,
         0.54450226,  1.6789868 ],
       [-0.7655731 , -1.4931175 , -0.59911513, ..., -0.06677637,
         0.28205836, -0.6298826 ],
       [-1.7009604 , -0.12278866, -0.82549816, ..., -1.3919522 ,
         2.2120261 , -0.69249964],
       ...,
       [-0.9314652 ,  7.054782  , -0.3347571 , ..., -0.53619957,
        -0.18063276, -1.0450231 ],
       [-1.5731982 , -1.0141673 , -1.4586277 , ..., -1.2580401 ,
         3.9416885 , -0.26767185],
       [ 0.37517977, -0.7379387 , -0.5227153 , ..., -0.5680099 ,
        -0.9750321 , -1.1975608 ]], dtype=float32), label_ids=array([ 6, 11,  7,  9, 11,  6,  6, 11,  5,  3,  9, 11,  0,  1, 11, 12,  1,
        7,  0, 12,  3,  1,  8,  3,  6,  8,  0,  0, 11,  0, 11,  3,  3,  5,
        2,  8,  9,  1, 11,  1,  5, 12,  0, 12,  1,  2, 12,  0,  5,  7,  3,
       11,  2,  4,  8,  3, 12, 11, 11, 10,  7, 11,  0, 10, 12,  0,  1,  8,
       12,  5, 10,  5,  1,  8,  0, 12,  1,  7, 10, 12,  7,  7,  2,  0,  2,
       10, 11,  0,  6,  0, 10,  9,  5,  5,  0,  9,  1,  2,  8,  9,  0,  2,
        0,  7, 11,  9,  6,  6,  9,  3, 12,  7, 11, 11, 11, 10,  2,  8,  9,
        0,  7,  3, 11, 11, 12,  8,  0,  4, 11,  5,  8, 11,  1,  5, 11,  7,
       11,  0, 11,  0, 11,  6,  0, 11, 11,  8, 11,  1,  8,  6,  5,  0, 11,
        9,  0,  1,  5,  0,  1,  8,  8,  0,  2, 11, 11,  0,  6,  5,  6, 11,
        2,  2,  7,  9, 11,  1, 11,  1,  8,  9,  8,  6,  3,  8, 10,  1,  2,
        0, 11, 11,  3,  8,  6,  2,  4,  1, 11, 11, 11, 11,  0, 11,  2,  1,
        8,  1,  9,  0,  1, 11,  1,  5,  1,  6,  5,  0,  8,  0,  1, 10, 11,
        9,  0, 11, 12,  2,  4,  0, 11,  2, 12,  2, 11,  7,  3,  2,  2,  8,
        3,  0,  2, 11,  8,  8,  9,  3, 11,  6, 11,  0,  3,  2,  8, 10, 12,
       11,  5, 10,  6,  9, 11,  6,  3,  1,  6,  3,  7, 11,  6,  2, 11,  4,
       10,  9,  2,  0, 11,  5,  1, 11,  6, 11,  9, 11,  0,  0,  0, 11, 11,
        0,  1, 11,  1,  0,  3,  1,  6,  1, 11,  3]), metrics={'test_loss': 1.565603256225586, 'test_accuracy': 0.63, 'test_f1': 0.6240789025789025, 'test_precision': 0.6386448445171851, 'test_recall': 0.63, 'test_runtime': 0.8976, 'test_samples_per_second': 334.232, 'test_steps_per_second': 21.168})
