/cluster/raid/home/zhivar.sourati/logical-fallacy-identification/AMR_parsers_and_graphs
Thu Sep 22 00:34:33 2022       
+-----------------------------------------------------------------------------+
| NVIDIA-SMI 460.32.03    Driver Version: 460.32.03    CUDA Version: 11.2     |
|-------------------------------+----------------------+----------------------+
| GPU  Name        Persistence-M| Bus-Id        Disp.A | Volatile Uncorr. ECC |
| Fan  Temp  Perf  Pwr:Usage/Cap|         Memory-Usage | GPU-Util  Compute M. |
|                               |                      |               MIG M. |
|===============================+======================+======================|
|   0  A100-PCIE-40GB      Off  | 00000000:2A:00.0 Off |                    0 |
| N/A   28C    P0    35W / 250W |      0MiB / 40536MiB |      0%      Default |
|                               |                      |             Disabled |
+-------------------------------+----------------------+----------------------+
                                                                               
+-----------------------------------------------------------------------------+
| Processes:                                                                  |
|  GPU   GI   CI        PID   Type   Process name                  GPU Memory |
|        ID   ID                                                   Usage      |
|=============================================================================|
|  No running processes found                                                 |
+-----------------------------------------------------------------------------+
0
using GPU
Model loaded!
Start the training ...
{'loss': 2.5763, 'learning_rate': 9.56896551724138e-06, 'epoch': 0.43}
{'eval_loss': 2.4921786785125732, 'eval_accuracy': 0.21, 'eval_f1': 0.08111021936864632, 'eval_precision': 0.08204519774011299, 'eval_recall': 0.21, 'eval_runtime': 0.677, 'eval_samples_per_second': 443.153, 'eval_steps_per_second': 28.066, 'epoch': 0.43}
{'loss': 2.5428, 'learning_rate': 9.13793103448276e-06, 'epoch': 0.86}
{'eval_loss': 2.5011327266693115, 'eval_accuracy': 0.19, 'eval_f1': 0.09372845598226419, 'eval_precision': 0.06230601092896175, 'eval_recall': 0.19, 'eval_runtime': 0.6733, 'eval_samples_per_second': 445.542, 'eval_steps_per_second': 28.218, 'epoch': 0.86}
{'loss': 2.5076, 'learning_rate': 8.706896551724138e-06, 'epoch': 1.29}
{'eval_loss': 2.4507105350494385, 'eval_accuracy': 0.19333333333333333, 'eval_f1': 0.07179827246140244, 'eval_precision': 0.044952266345768155, 'eval_recall': 0.19333333333333333, 'eval_runtime': 0.6752, 'eval_samples_per_second': 444.332, 'eval_steps_per_second': 28.141, 'epoch': 1.29}
{'loss': 2.5487, 'learning_rate': 8.275862068965518e-06, 'epoch': 1.72}
{'eval_loss': 2.484156608581543, 'eval_accuracy': 0.14333333333333334, 'eval_f1': 0.07602409215963522, 'eval_precision': 0.19431253858547531, 'eval_recall': 0.14333333333333334, 'eval_runtime': 0.6747, 'eval_samples_per_second': 444.67, 'eval_steps_per_second': 28.162, 'epoch': 1.72}
{'loss': 2.5425, 'learning_rate': 7.844827586206897e-06, 'epoch': 2.16}
{'eval_loss': 2.4500579833984375, 'eval_accuracy': 0.20333333333333334, 'eval_f1': 0.06871652816251154, 'eval_precision': 0.04134444444444445, 'eval_recall': 0.20333333333333334, 'eval_runtime': 0.6797, 'eval_samples_per_second': 441.345, 'eval_steps_per_second': 27.952, 'epoch': 2.16}
{'loss': 2.492, 'learning_rate': 7.413793103448277e-06, 'epoch': 2.59}
{'eval_loss': 2.40492844581604, 'eval_accuracy': 0.20333333333333334, 'eval_f1': 0.06871652816251154, 'eval_precision': 0.04134444444444445, 'eval_recall': 0.20333333333333334, 'eval_runtime': 0.678, 'eval_samples_per_second': 442.456, 'eval_steps_per_second': 28.022, 'epoch': 2.59}
{'loss': 2.516, 'learning_rate': 6.982758620689656e-06, 'epoch': 3.02}
{'eval_loss': 2.435934543609619, 'eval_accuracy': 0.21333333333333335, 'eval_f1': 0.08702079141515762, 'eval_precision': 0.10218820861678005, 'eval_recall': 0.21333333333333335, 'eval_runtime': 0.6812, 'eval_samples_per_second': 440.373, 'eval_steps_per_second': 27.89, 'epoch': 3.02}
{'loss': 2.507, 'learning_rate': 6.551724137931035e-06, 'epoch': 3.45}
{'eval_loss': 2.4107260704040527, 'eval_accuracy': 0.20333333333333334, 'eval_f1': 0.06871652816251154, 'eval_precision': 0.04134444444444445, 'eval_recall': 0.20333333333333334, 'eval_runtime': 0.6829, 'eval_samples_per_second': 439.274, 'eval_steps_per_second': 27.821, 'epoch': 3.45}
{'loss': 2.5141, 'learning_rate': 6.1206896551724135e-06, 'epoch': 3.88}
{'eval_loss': 2.4669995307922363, 'eval_accuracy': 0.20333333333333334, 'eval_f1': 0.06871652816251154, 'eval_precision': 0.04134444444444445, 'eval_recall': 0.20333333333333334, 'eval_runtime': 0.6846, 'eval_samples_per_second': 438.209, 'eval_steps_per_second': 27.753, 'epoch': 3.88}
{'loss': 2.5055, 'learning_rate': 5.689655172413794e-06, 'epoch': 4.31}
{'eval_loss': 2.443789482116699, 'eval_accuracy': 0.20333333333333334, 'eval_f1': 0.06871652816251154, 'eval_precision': 0.04134444444444445, 'eval_recall': 0.20333333333333334, 'eval_runtime': 0.6853, 'eval_samples_per_second': 437.792, 'eval_steps_per_second': 27.727, 'epoch': 4.31}
{'loss': 2.5235, 'learning_rate': 5.258620689655173e-06, 'epoch': 4.74}
{'eval_loss': 2.41589093208313, 'eval_accuracy': 0.20333333333333334, 'eval_f1': 0.06871652816251154, 'eval_precision': 0.04134444444444445, 'eval_recall': 0.20333333333333334, 'eval_runtime': 0.6775, 'eval_samples_per_second': 442.797, 'eval_steps_per_second': 28.044, 'epoch': 4.74}
{'loss': 2.5212, 'learning_rate': 4.8275862068965525e-06, 'epoch': 5.17}
{'eval_loss': 2.43245005607605, 'eval_accuracy': 0.20333333333333334, 'eval_f1': 0.06871652816251154, 'eval_precision': 0.04134444444444445, 'eval_recall': 0.20333333333333334, 'eval_runtime': 0.6808, 'eval_samples_per_second': 440.636, 'eval_steps_per_second': 27.907, 'epoch': 5.17}
{'loss': 2.4792, 'learning_rate': 4.396551724137931e-06, 'epoch': 5.6}
{'eval_loss': 2.4199252128601074, 'eval_accuracy': 0.20333333333333334, 'eval_f1': 0.06871652816251154, 'eval_precision': 0.04134444444444445, 'eval_recall': 0.20333333333333334, 'eval_runtime': 0.6818, 'eval_samples_per_second': 440.015, 'eval_steps_per_second': 27.868, 'epoch': 5.6}
{'loss': 2.4985, 'learning_rate': 3.96551724137931e-06, 'epoch': 6.03}
{'eval_loss': 2.423942804336548, 'eval_accuracy': 0.20333333333333334, 'eval_f1': 0.06871652816251154, 'eval_precision': 0.04134444444444445, 'eval_recall': 0.20333333333333334, 'eval_runtime': 0.6812, 'eval_samples_per_second': 440.388, 'eval_steps_per_second': 27.891, 'epoch': 6.03}
{'loss': 2.5021, 'learning_rate': 3.5344827586206898e-06, 'epoch': 6.47}
{'eval_loss': 2.40828013420105, 'eval_accuracy': 0.20333333333333334, 'eval_f1': 0.06871652816251154, 'eval_precision': 0.04134444444444445, 'eval_recall': 0.20333333333333334, 'eval_runtime': 0.682, 'eval_samples_per_second': 439.874, 'eval_steps_per_second': 27.859, 'epoch': 6.47}
{'loss': 2.5065, 'learning_rate': 3.103448275862069e-06, 'epoch': 6.9}
{'eval_loss': 2.4017038345336914, 'eval_accuracy': 0.20333333333333334, 'eval_f1': 0.06871652816251154, 'eval_precision': 0.04134444444444445, 'eval_recall': 0.20333333333333334, 'eval_runtime': 0.6834, 'eval_samples_per_second': 438.969, 'eval_steps_per_second': 27.801, 'epoch': 6.9}
{'loss': 2.465, 'learning_rate': 2.672413793103448e-06, 'epoch': 7.33}
{'eval_loss': 2.392294406890869, 'eval_accuracy': 0.20333333333333334, 'eval_f1': 0.06871652816251154, 'eval_precision': 0.04134444444444445, 'eval_recall': 0.20333333333333334, 'eval_runtime': 0.6863, 'eval_samples_per_second': 437.101, 'eval_steps_per_second': 27.683, 'epoch': 7.33}
{'loss': 2.4778, 'learning_rate': 2.241379310344828e-06, 'epoch': 7.76}
{'eval_loss': 2.394474983215332, 'eval_accuracy': 0.20333333333333334, 'eval_f1': 0.06871652816251154, 'eval_precision': 0.04134444444444445, 'eval_recall': 0.20333333333333334, 'eval_runtime': 0.6873, 'eval_samples_per_second': 436.506, 'eval_steps_per_second': 27.645, 'epoch': 7.76}
{'loss': 2.4959, 'learning_rate': 1.810344827586207e-06, 'epoch': 8.19}
{'eval_loss': 2.3883843421936035, 'eval_accuracy': 0.20333333333333334, 'eval_f1': 0.06871652816251154, 'eval_precision': 0.04134444444444445, 'eval_recall': 0.20333333333333334, 'eval_runtime': 0.6864, 'eval_samples_per_second': 437.047, 'eval_steps_per_second': 27.68, 'epoch': 8.19}
{'loss': 2.4666, 'learning_rate': 1.3793103448275862e-06, 'epoch': 8.62}
