/cluster/raid/home/zhivar.sourati/logical-fallacy-identification/AMR_parsers_and_graphs
Fri Sep 23 02:42:52 2022       
+-----------------------------------------------------------------------------+
| NVIDIA-SMI 460.32.03    Driver Version: 460.32.03    CUDA Version: 11.2     |
|-------------------------------+----------------------+----------------------+
| GPU  Name        Persistence-M| Bus-Id        Disp.A | Volatile Uncorr. ECC |
| Fan  Temp  Perf  Pwr:Usage/Cap|         Memory-Usage | GPU-Util  Compute M. |
|                               |                      |               MIG M. |
|===============================+======================+======================|
|   0  A100-PCIE-40GB      Off  | 00000000:27:00.0 Off |                    0 |
| N/A   26C    P0    32W / 250W |      0MiB / 40536MiB |      0%      Default |
|                               |                      |             Disabled |
+-------------------------------+----------------------+----------------------+
                                                                               
+-----------------------------------------------------------------------------+
| Processes:                                                                  |
|  GPU   GI   CI        PID   Type   Process name                  GPU Memory |
|        ID   ID                                                   Usage      |
|=============================================================================|
|  No running processes found                                                 |
+-----------------------------------------------------------------------------+
0
Model loaded!
Start the training ...
{'loss': 2.5503, 'learning_rate': 9.38423645320197e-06, 'epoch': 0.43}
{'eval_loss': 2.3970463275909424, 'eval_accuracy': 0.20333333333333334, 'eval_f1': 0.06871652816251154, 'eval_precision': 0.04134444444444445, 'eval_recall': 0.20333333333333334, 'eval_runtime': 0.643, 'eval_samples_per_second': 466.587, 'eval_steps_per_second': 29.55, 'epoch': 0.43}
{'loss': 2.4652, 'learning_rate': 8.768472906403942e-06, 'epoch': 0.86}
{'eval_loss': 2.292367458343506, 'eval_accuracy': 0.28, 'eval_f1': 0.14213538361402656, 'eval_precision': 0.12032763532763534, 'eval_recall': 0.28, 'eval_runtime': 0.776, 'eval_samples_per_second': 386.577, 'eval_steps_per_second': 24.483, 'epoch': 0.86}
{'loss': 2.2244, 'learning_rate': 8.152709359605912e-06, 'epoch': 1.29}
{'eval_loss': 1.984797716140747, 'eval_accuracy': 0.37666666666666665, 'eval_f1': 0.33339308023067665, 'eval_precision': 0.4189855006105006, 'eval_recall': 0.37666666666666665, 'eval_runtime': 0.6428, 'eval_samples_per_second': 466.695, 'eval_steps_per_second': 29.557, 'epoch': 1.29}
{'loss': 1.9773, 'learning_rate': 7.536945812807882e-06, 'epoch': 1.72}
{'eval_loss': 1.6227223873138428, 'eval_accuracy': 0.5033333333333333, 'eval_f1': 0.46041255000618825, 'eval_precision': 0.5273167188186587, 'eval_recall': 0.5033333333333333, 'eval_runtime': 0.638, 'eval_samples_per_second': 470.237, 'eval_steps_per_second': 29.782, 'epoch': 1.72}
{'loss': 1.702, 'learning_rate': 6.9211822660098524e-06, 'epoch': 2.16}
{'eval_loss': 1.4384000301361084, 'eval_accuracy': 0.55, 'eval_f1': 0.5241256296426553, 'eval_precision': 0.5949233775784966, 'eval_recall': 0.55, 'eval_runtime': 0.641, 'eval_samples_per_second': 468.037, 'eval_steps_per_second': 29.642, 'epoch': 2.16}
{'loss': 1.3668, 'learning_rate': 6.305418719211823e-06, 'epoch': 2.59}
{'eval_loss': 1.293296456336975, 'eval_accuracy': 0.6, 'eval_f1': 0.5762379203683685, 'eval_precision': 0.6340534334615713, 'eval_recall': 0.6, 'eval_runtime': 0.6372, 'eval_samples_per_second': 470.784, 'eval_steps_per_second': 29.816, 'epoch': 2.59}
{'loss': 1.2896, 'learning_rate': 5.689655172413794e-06, 'epoch': 3.02}
{'eval_loss': 1.2396950721740723, 'eval_accuracy': 0.6333333333333333, 'eval_f1': 0.6241262186050271, 'eval_precision': 0.6357683036494891, 'eval_recall': 0.6333333333333333, 'eval_runtime': 0.6403, 'eval_samples_per_second': 468.549, 'eval_steps_per_second': 29.675, 'epoch': 3.02}
{'loss': 1.0019, 'learning_rate': 5.073891625615764e-06, 'epoch': 3.45}
{'eval_loss': 1.2057273387908936, 'eval_accuracy': 0.65, 'eval_f1': 0.6398178396414524, 'eval_precision': 0.6656752661273135, 'eval_recall': 0.65, 'eval_runtime': 0.6435, 'eval_samples_per_second': 466.21, 'eval_steps_per_second': 29.527, 'epoch': 3.45}
{'loss': 0.9614, 'learning_rate': 4.458128078817734e-06, 'epoch': 3.88}
{'eval_loss': 1.1349750757217407, 'eval_accuracy': 0.6733333333333333, 'eval_f1': 0.6699425189954995, 'eval_precision': 0.6784630679262258, 'eval_recall': 0.6733333333333333, 'eval_runtime': 0.6426, 'eval_samples_per_second': 466.859, 'eval_steps_per_second': 29.568, 'epoch': 3.88}
{'loss': 0.8504, 'learning_rate': 3.842364532019705e-06, 'epoch': 4.31}
{'eval_loss': 1.1266465187072754, 'eval_accuracy': 0.6566666666666666, 'eval_f1': 0.651371671411657, 'eval_precision': 0.6607831393545679, 'eval_recall': 0.6566666666666666, 'eval_runtime': 0.6451, 'eval_samples_per_second': 465.054, 'eval_steps_per_second': 29.453, 'epoch': 4.31}
{'loss': 0.7335, 'learning_rate': 3.226600985221675e-06, 'epoch': 4.74}
{'eval_loss': 1.1447464227676392, 'eval_accuracy': 0.6466666666666666, 'eval_f1': 0.6404557145687148, 'eval_precision': 0.6599576894840055, 'eval_recall': 0.6466666666666666, 'eval_runtime': 0.643, 'eval_samples_per_second': 466.569, 'eval_steps_per_second': 29.549, 'epoch': 4.74}
{'loss': 0.6365, 'learning_rate': 2.6108374384236458e-06, 'epoch': 5.17}
{'eval_loss': 1.1152679920196533, 'eval_accuracy': 0.6566666666666666, 'eval_f1': 0.6501073282190309, 'eval_precision': 0.6596367340728396, 'eval_recall': 0.6566666666666666, 'eval_runtime': 0.6419, 'eval_samples_per_second': 467.352, 'eval_steps_per_second': 29.599, 'epoch': 5.17}
{'loss': 0.5367, 'learning_rate': 1.995073891625616e-06, 'epoch': 5.6}
{'eval_loss': 1.0952814817428589, 'eval_accuracy': 0.6933333333333334, 'eval_f1': 0.686594426128411, 'eval_precision': 0.6917274097564796, 'eval_recall': 0.6933333333333334, 'eval_runtime': 0.6379, 'eval_samples_per_second': 470.305, 'eval_steps_per_second': 29.786, 'epoch': 5.6}
{'loss': 0.5332, 'learning_rate': 1.3793103448275862e-06, 'epoch': 6.03}
{'eval_loss': 1.0938187837600708, 'eval_accuracy': 0.6933333333333334, 'eval_f1': 0.6855241865549314, 'eval_precision': 0.6844638766793499, 'eval_recall': 0.6933333333333334, 'eval_runtime': 0.6447, 'eval_samples_per_second': 465.334, 'eval_steps_per_second': 29.471, 'epoch': 6.03}
{'loss': 0.4741, 'learning_rate': 7.635467980295568e-07, 'epoch': 6.47}
{'eval_loss': 1.1192200183868408, 'eval_accuracy': 0.67, 'eval_f1': 0.6643928988065536, 'eval_precision': 0.6701446530765417, 'eval_recall': 0.67, 'eval_runtime': 0.6545, 'eval_samples_per_second': 458.375, 'eval_steps_per_second': 29.03, 'epoch': 6.47}
{'loss': 0.4196, 'learning_rate': 1.477832512315271e-07, 'epoch': 6.9}
{'eval_loss': 1.112790584564209, 'eval_accuracy': 0.6933333333333334, 'eval_f1': 0.6863213426620034, 'eval_precision': 0.686890454500401, 'eval_recall': 0.6933333333333334, 'eval_runtime': 0.6447, 'eval_samples_per_second': 465.315, 'eval_steps_per_second': 29.47, 'epoch': 6.9}
{'train_runtime': 166.3988, 'train_samples_per_second': 77.783, 'train_steps_per_second': 4.88, 'train_loss': 1.221408939713915, 'epoch': 7.0}
PredictionOutput(predictions=array([[ 2.1572936 , -0.10046083, -2.4053087 , ..., -0.8318315 ,
         1.385429  ,  0.04484852],
       [-1.1892273 , -1.3736471 , -0.73566365, ..., -1.6450211 ,
         0.2601297 ,  0.9685932 ],
       [-1.7666856 , -0.23081271, -1.3500259 , ..., -0.96800774,
        -0.11704843,  0.5918418 ],
       ...,
       [-0.84235865,  5.8834834 , -0.82838446, ...,  0.36326537,
         1.1169754 , -0.7098036 ],
       [-0.9512202 , -0.7641538 , -0.69358975, ..., -1.1334299 ,
         3.6455572 , -0.57953155],
       [-0.45047688, -0.59952694, -0.74003154, ..., -1.653827  ,
        -0.84560955, -0.02718633]], dtype=float32), label_ids=array([ 6, 11,  7,  9, 11,  6,  6, 11,  5,  3,  9, 11,  0,  1, 11, 12,  1,
        7,  0, 12,  3,  1,  8,  3,  6,  8,  0,  0, 11,  0, 11,  3,  3,  5,
        2,  8,  9,  1, 11,  1,  5, 12,  0, 12,  1,  2, 12,  0,  5,  7,  3,
       11,  2,  4,  8,  3, 12, 11, 11, 10,  7, 11,  0, 10, 12,  0,  1,  8,
       12,  5, 10,  5,  1,  8,  0, 12,  1,  7, 10, 12,  7,  7,  2,  0,  2,
       10, 11,  0,  6,  0, 10,  9,  5,  5,  0,  9,  1,  2,  8,  9,  0,  2,
        0,  7, 11,  9,  6,  6,  9,  3, 12,  7, 11, 11, 11, 10,  2,  8,  9,
        0,  7,  3, 11, 11, 12,  8,  0,  4, 11,  5,  8, 11,  1,  5, 11,  7,
       11,  0, 11,  0, 11,  6,  0, 11, 11,  8, 11,  1,  8,  6,  5,  0, 11,
        9,  0,  1,  5,  0,  1,  8,  8,  0,  2, 11, 11,  0,  6,  5,  6, 11,
        2,  2,  7,  9, 11,  1, 11,  1,  8,  9,  8,  6,  3,  8, 10,  1,  2,
        0, 11, 11,  3,  8,  6,  2,  4,  1, 11, 11, 11, 11,  0, 11,  2,  1,
        8,  1,  9,  0,  1, 11,  1,  5,  1,  6,  5,  0,  8,  0,  1, 10, 11,
        9,  0, 11, 12,  2,  4,  0, 11,  2, 12,  2, 11,  7,  3,  2,  2,  8,
        3,  0,  2, 11,  8,  8,  9,  3, 11,  6, 11,  0,  3,  2,  8, 10, 12,
       11,  5, 10,  6,  9, 11,  6,  3,  1,  6,  3,  7, 11,  6,  2, 11,  4,
       10,  9,  2,  0, 11,  5,  1, 11,  6, 11,  9, 11,  0,  0,  0, 11, 11,
        0,  1, 11,  1,  0,  3,  1,  6,  1, 11,  3]), metrics={'test_loss': 1.3893624544143677, 'test_accuracy': 0.63, 'test_f1': 0.6142187769175665, 'test_precision': 0.636940915254307, 'test_recall': 0.63, 'test_runtime': 0.7463, 'test_samples_per_second': 402.01, 'test_steps_per_second': 25.461})
using GPU
Model loaded!
Start the training ...
{'loss': 2.5852, 'learning_rate': 9.38423645320197e-06, 'epoch': 0.43}
{'eval_loss': 2.486553192138672, 'eval_accuracy': 0.19, 'eval_f1': 0.09188658057271196, 'eval_precision': 0.0709855072463768, 'eval_recall': 0.19, 'eval_runtime': 0.5769, 'eval_samples_per_second': 520.003, 'eval_steps_per_second': 32.934, 'epoch': 0.43}
{'loss': 2.5201, 'learning_rate': 8.768472906403942e-06, 'epoch': 0.86}
{'eval_loss': 2.4765710830688477, 'eval_accuracy': 0.22333333333333333, 'eval_f1': 0.1283435569110631, 'eval_precision': 0.09204742547425473, 'eval_recall': 0.22333333333333333, 'eval_runtime': 0.5737, 'eval_samples_per_second': 522.947, 'eval_steps_per_second': 33.12, 'epoch': 0.86}
{'loss': 2.4053, 'learning_rate': 8.152709359605912e-06, 'epoch': 1.29}
{'eval_loss': 2.2130374908447266, 'eval_accuracy': 0.3433333333333333, 'eval_f1': 0.2518516408354324, 'eval_precision': 0.2185903119868637, 'eval_recall': 0.3433333333333333, 'eval_runtime': 0.5747, 'eval_samples_per_second': 522.017, 'eval_steps_per_second': 33.061, 'epoch': 1.29}
{'loss': 2.2837, 'learning_rate': 7.536945812807882e-06, 'epoch': 1.72}
{'eval_loss': 1.940422534942627, 'eval_accuracy': 0.44, 'eval_f1': 0.37278909195420823, 'eval_precision': 0.4124971662324604, 'eval_recall': 0.44, 'eval_runtime': 0.5773, 'eval_samples_per_second': 519.663, 'eval_steps_per_second': 32.912, 'epoch': 1.72}
{'loss': 2.0374, 'learning_rate': 6.9211822660098524e-06, 'epoch': 2.16}
{'eval_loss': 1.70948326587677, 'eval_accuracy': 0.49333333333333335, 'eval_f1': 0.46757270509290805, 'eval_precision': 0.5465976466477034, 'eval_recall': 0.49333333333333335, 'eval_runtime': 0.5764, 'eval_samples_per_second': 520.444, 'eval_steps_per_second': 32.961, 'epoch': 2.16}
{'loss': 1.6642, 'learning_rate': 6.305418719211823e-06, 'epoch': 2.59}
{'eval_loss': 1.4759918451309204, 'eval_accuracy': 0.57, 'eval_f1': 0.5500556748754092, 'eval_precision': 0.596842716715061, 'eval_recall': 0.57, 'eval_runtime': 0.5802, 'eval_samples_per_second': 517.036, 'eval_steps_per_second': 32.746, 'epoch': 2.59}
{'loss': 1.5662, 'learning_rate': 5.689655172413794e-06, 'epoch': 3.02}
{'eval_loss': 1.3342232704162598, 'eval_accuracy': 0.6066666666666667, 'eval_f1': 0.5977463933858477, 'eval_precision': 0.6175334176681425, 'eval_recall': 0.6066666666666667, 'eval_runtime': 0.5772, 'eval_samples_per_second': 519.751, 'eval_steps_per_second': 32.918, 'epoch': 3.02}
{'loss': 1.2369, 'learning_rate': 5.073891625615764e-06, 'epoch': 3.45}
{'eval_loss': 1.3010300397872925, 'eval_accuracy': 0.5933333333333334, 'eval_f1': 0.5838931397315779, 'eval_precision': 0.6435744391773803, 'eval_recall': 0.5933333333333334, 'eval_runtime': 0.5808, 'eval_samples_per_second': 516.538, 'eval_steps_per_second': 32.714, 'epoch': 3.45}
{'loss': 1.1644, 'learning_rate': 4.458128078817734e-06, 'epoch': 3.88}
{'eval_loss': 1.1771225929260254, 'eval_accuracy': 0.65, 'eval_f1': 0.643373698273166, 'eval_precision': 0.6764523854901213, 'eval_recall': 0.65, 'eval_runtime': 0.5795, 'eval_samples_per_second': 517.698, 'eval_steps_per_second': 32.788, 'epoch': 3.88}
{'loss': 1.0063, 'learning_rate': 3.842364532019705e-06, 'epoch': 4.31}
{'eval_loss': 1.1084243059158325, 'eval_accuracy': 0.6633333333333333, 'eval_f1': 0.6467963040150347, 'eval_precision': 0.6507870901350786, 'eval_recall': 0.6633333333333333, 'eval_runtime': 0.5832, 'eval_samples_per_second': 514.365, 'eval_steps_per_second': 32.576, 'epoch': 4.31}
{'loss': 0.9486, 'learning_rate': 3.226600985221675e-06, 'epoch': 4.74}
{'eval_loss': 1.1156492233276367, 'eval_accuracy': 0.6833333333333333, 'eval_f1': 0.68146366113961, 'eval_precision': 0.7216674806331153, 'eval_recall': 0.6833333333333333, 'eval_runtime': 0.578, 'eval_samples_per_second': 519.021, 'eval_steps_per_second': 32.871, 'epoch': 4.74}
{'loss': 0.7644, 'learning_rate': 2.6108374384236458e-06, 'epoch': 5.17}
{'eval_loss': 1.0831624269485474, 'eval_accuracy': 0.6866666666666666, 'eval_f1': 0.6838227495789099, 'eval_precision': 0.7050448298977711, 'eval_recall': 0.6866666666666666, 'eval_runtime': 0.5819, 'eval_samples_per_second': 515.579, 'eval_steps_per_second': 32.653, 'epoch': 5.17}
{'loss': 0.6846, 'learning_rate': 1.995073891625616e-06, 'epoch': 5.6}
{'eval_loss': 1.059717059135437, 'eval_accuracy': 0.6866666666666666, 'eval_f1': 0.6857285805659298, 'eval_precision': 0.7015811162377711, 'eval_recall': 0.6866666666666666, 'eval_runtime': 0.5813, 'eval_samples_per_second': 516.065, 'eval_steps_per_second': 32.684, 'epoch': 5.6}
{'loss': 0.7122, 'learning_rate': 1.3793103448275862e-06, 'epoch': 6.03}
{'eval_loss': 1.0329434871673584, 'eval_accuracy': 0.7, 'eval_f1': 0.692089059510705, 'eval_precision': 0.7022518756191962, 'eval_recall': 0.7, 'eval_runtime': 0.583, 'eval_samples_per_second': 514.548, 'eval_steps_per_second': 32.588, 'epoch': 6.03}
{'loss': 0.6178, 'learning_rate': 7.635467980295568e-07, 'epoch': 6.47}
{'eval_loss': 1.0408935546875, 'eval_accuracy': 0.6966666666666667, 'eval_f1': 0.6888305346100535, 'eval_precision': 0.6952118034336131, 'eval_recall': 0.6966666666666667, 'eval_runtime': 0.5782, 'eval_samples_per_second': 518.858, 'eval_steps_per_second': 32.861, 'epoch': 6.47}
{'loss': 0.5721, 'learning_rate': 1.477832512315271e-07, 'epoch': 6.9}
{'eval_loss': 1.039215326309204, 'eval_accuracy': 0.69, 'eval_f1': 0.686327881771019, 'eval_precision': 0.7010986258501472, 'eval_recall': 0.69, 'eval_runtime': 0.5783, 'eval_samples_per_second': 518.759, 'eval_steps_per_second': 32.855, 'epoch': 6.9}
{'train_runtime': 160.1743, 'train_samples_per_second': 80.806, 'train_steps_per_second': 5.069, 'train_loss': 1.4112818887081053, 'epoch': 7.0}
PredictionOutput(predictions=array([[-0.34452638, -0.72510225, -1.5688356 , ..., -0.86929893,
         5.0521145 , -0.3537174 ],
       [-0.20700145, -1.7291241 , -0.88769865, ..., -1.0546176 ,
         0.5048833 ,  2.5368776 ],
       [-1.0724111 , -0.23936792, -1.0847223 , ..., -0.65321726,
         0.30060107,  0.12198475],
       ...,
       [-1.3482426 ,  6.19082   , -0.7002717 , ..., -0.81433713,
         0.4962978 , -0.03842911],
       [-1.1341801 , -1.0810808 , -0.65998316, ..., -0.47982168,
         3.5476449 , -0.35564476],
       [-1.4200398 , -0.8086315 , -0.49660072, ..., -0.72093385,
        -1.2109828 ,  0.3505615 ]], dtype=float32), label_ids=array([ 6, 11,  7,  9, 11,  6,  6, 11,  5,  3,  9, 11,  0,  1, 11, 12,  1,
        7,  0, 12,  3,  1,  8,  3,  6,  8,  0,  0, 11,  0, 11,  3,  3,  5,
        2,  8,  9,  1, 11,  1,  5, 12,  0, 12,  1,  2, 12,  0,  5,  7,  3,
       11,  2,  4,  8,  3, 12, 11, 11, 10,  7, 11,  0, 10, 12,  0,  1,  8,
       12,  5, 10,  5,  1,  8,  0, 12,  1,  7, 10, 12,  7,  7,  2,  0,  2,
       10, 11,  0,  6,  0, 10,  9,  5,  5,  0,  9,  1,  2,  8,  9,  0,  2,
        0,  7, 11,  9,  6,  6,  9,  3, 12,  7, 11, 11, 11, 10,  2,  8,  9,
        0,  7,  3, 11, 11, 12,  8,  0,  4, 11,  5,  8, 11,  1,  5, 11,  7,
       11,  0, 11,  0, 11,  6,  0, 11, 11,  8, 11,  1,  8,  6,  5,  0, 11,
        9,  0,  1,  5,  0,  1,  8,  8,  0,  2, 11, 11,  0,  6,  5,  6, 11,
        2,  2,  7,  9, 11,  1, 11,  1,  8,  9,  8,  6,  3,  8, 10,  1,  2,
        0, 11, 11,  3,  8,  6,  2,  4,  1, 11, 11, 11, 11,  0, 11,  2,  1,
        8,  1,  9,  0,  1, 11,  1,  5,  1,  6,  5,  0,  8,  0,  1, 10, 11,
        9,  0, 11, 12,  2,  4,  0, 11,  2, 12,  2, 11,  7,  3,  2,  2,  8,
        3,  0,  2, 11,  8,  8,  9,  3, 11,  6, 11,  0,  3,  2,  8, 10, 12,
       11,  5, 10,  6,  9, 11,  6,  3,  1,  6,  3,  7, 11,  6,  2, 11,  4,
       10,  9,  2,  0, 11,  5,  1, 11,  6, 11,  9, 11,  0,  0,  0, 11, 11,
        0,  1, 11,  1,  0,  3,  1,  6,  1, 11,  3]), metrics={'test_loss': 1.3414987325668335, 'test_accuracy': 0.61, 'test_f1': 0.601949000205372, 'test_precision': 0.6087804579321607, 'test_recall': 0.61, 'test_runtime': 0.707, 'test_samples_per_second': 424.344, 'test_steps_per_second': 26.875})
using GPU
Model loaded!
Start the training ...
{'loss': 2.539, 'learning_rate': 9.38423645320197e-06, 'epoch': 0.43}
{'eval_loss': 2.4889986515045166, 'eval_accuracy': 0.09, 'eval_f1': 0.028311688311688316, 'eval_precision': 0.04488556338028169, 'eval_recall': 0.09, 'eval_runtime': 1.2104, 'eval_samples_per_second': 247.846, 'eval_steps_per_second': 15.697, 'epoch': 0.43}
{'loss': 2.5001, 'learning_rate': 8.768472906403942e-06, 'epoch': 0.86}
{'eval_loss': 2.467787981033325, 'eval_accuracy': 0.21333333333333335, 'eval_f1': 0.10069717951023588, 'eval_precision': 0.11606280193236714, 'eval_recall': 0.21333333333333335, 'eval_runtime': 1.2094, 'eval_samples_per_second': 248.055, 'eval_steps_per_second': 15.71, 'epoch': 0.86}
{'loss': 2.467, 'learning_rate': 8.152709359605912e-06, 'epoch': 1.29}
{'eval_loss': 2.4204673767089844, 'eval_accuracy': 0.21666666666666667, 'eval_f1': 0.1075508173418621, 'eval_precision': 0.14304136253041363, 'eval_recall': 0.21666666666666667, 'eval_runtime': 1.214, 'eval_samples_per_second': 247.119, 'eval_steps_per_second': 15.651, 'epoch': 1.29}
{'loss': 2.4646, 'learning_rate': 7.536945812807882e-06, 'epoch': 1.72}
{'eval_loss': 2.334591865539551, 'eval_accuracy': 0.25333333333333335, 'eval_f1': 0.19111516511341434, 'eval_precision': 0.24353680031799915, 'eval_recall': 0.25333333333333335, 'eval_runtime': 1.2193, 'eval_samples_per_second': 246.046, 'eval_steps_per_second': 15.583, 'epoch': 1.72}
{'loss': 2.3431, 'learning_rate': 6.9211822660098524e-06, 'epoch': 2.16}
{'eval_loss': 2.0895586013793945, 'eval_accuracy': 0.3433333333333333, 'eval_f1': 0.2539977571133358, 'eval_precision': 0.32673899810174317, 'eval_recall': 0.3433333333333333, 'eval_runtime': 1.2216, 'eval_samples_per_second': 245.582, 'eval_steps_per_second': 15.554, 'epoch': 2.16}
{'loss': 2.0539, 'learning_rate': 6.305418719211823e-06, 'epoch': 2.59}
{'eval_loss': 1.7703328132629395, 'eval_accuracy': 0.46, 'eval_f1': 0.41187824944962964, 'eval_precision': 0.45213123317617704, 'eval_recall': 0.46, 'eval_runtime': 1.2212, 'eval_samples_per_second': 245.663, 'eval_steps_per_second': 15.559, 'epoch': 2.59}
{'loss': 1.8654, 'learning_rate': 5.689655172413794e-06, 'epoch': 3.02}
{'eval_loss': 1.6288392543792725, 'eval_accuracy': 0.51, 'eval_f1': 0.4814222382920592, 'eval_precision': 0.49279172326678716, 'eval_recall': 0.51, 'eval_runtime': 1.2235, 'eval_samples_per_second': 245.198, 'eval_steps_per_second': 15.529, 'epoch': 3.02}
{'loss': 1.5238, 'learning_rate': 5.073891625615764e-06, 'epoch': 3.45}
{'eval_loss': 1.4800578355789185, 'eval_accuracy': 0.53, 'eval_f1': 0.515271299960463, 'eval_precision': 0.6075587047244226, 'eval_recall': 0.53, 'eval_runtime': 1.2217, 'eval_samples_per_second': 245.552, 'eval_steps_per_second': 15.552, 'epoch': 3.45}
{'loss': 1.4138, 'learning_rate': 4.458128078817734e-06, 'epoch': 3.88}
{'eval_loss': 1.335578441619873, 'eval_accuracy': 0.6033333333333334, 'eval_f1': 0.5947023284313725, 'eval_precision': 0.6255840178163712, 'eval_recall': 0.6033333333333334, 'eval_runtime': 1.2212, 'eval_samples_per_second': 245.665, 'eval_steps_per_second': 15.559, 'epoch': 3.88}
{'loss': 1.2454, 'learning_rate': 3.842364532019705e-06, 'epoch': 4.31}
{'eval_loss': 1.282922625541687, 'eval_accuracy': 0.6033333333333334, 'eval_f1': 0.5922213418997906, 'eval_precision': 0.6155068375784489, 'eval_recall': 0.6033333333333334, 'eval_runtime': 1.2268, 'eval_samples_per_second': 244.537, 'eval_steps_per_second': 15.487, 'epoch': 4.31}
{'loss': 1.1122, 'learning_rate': 3.226600985221675e-06, 'epoch': 4.74}
{'eval_loss': 1.260056972503662, 'eval_accuracy': 0.6066666666666667, 'eval_f1': 0.5979523985613608, 'eval_precision': 0.6471435661328563, 'eval_recall': 0.6066666666666667, 'eval_runtime': 1.2113, 'eval_samples_per_second': 247.662, 'eval_steps_per_second': 15.685, 'epoch': 4.74}
{'loss': 0.9727, 'learning_rate': 2.6108374384236458e-06, 'epoch': 5.17}
{'eval_loss': 1.258693814277649, 'eval_accuracy': 0.6133333333333333, 'eval_f1': 0.6098129496599356, 'eval_precision': 0.6393646963109203, 'eval_recall': 0.6133333333333333, 'eval_runtime': 1.2134, 'eval_samples_per_second': 247.242, 'eval_steps_per_second': 15.659, 'epoch': 5.17}
{'loss': 0.8637, 'learning_rate': 1.995073891625616e-06, 'epoch': 5.6}
{'eval_loss': 1.2086377143859863, 'eval_accuracy': 0.64, 'eval_f1': 0.6330598470756488, 'eval_precision': 0.6563414457404885, 'eval_recall': 0.64, 'eval_runtime': 1.2162, 'eval_samples_per_second': 246.668, 'eval_steps_per_second': 15.622, 'epoch': 5.6}
{'loss': 0.8689, 'learning_rate': 1.3793103448275862e-06, 'epoch': 6.03}
{'eval_loss': 1.1731737852096558, 'eval_accuracy': 0.66, 'eval_f1': 0.6544425932776138, 'eval_precision': 0.6635729144996879, 'eval_recall': 0.66, 'eval_runtime': 1.2174, 'eval_samples_per_second': 246.427, 'eval_steps_per_second': 15.607, 'epoch': 6.03}
{'loss': 0.7527, 'learning_rate': 7.635467980295568e-07, 'epoch': 6.47}
{'eval_loss': 1.1789354085922241, 'eval_accuracy': 0.6466666666666666, 'eval_f1': 0.6440938914235288, 'eval_precision': 0.6596256766253041, 'eval_recall': 0.6466666666666666, 'eval_runtime': 1.2236, 'eval_samples_per_second': 245.178, 'eval_steps_per_second': 15.528, 'epoch': 6.47}
{'loss': 0.7342, 'learning_rate': 1.477832512315271e-07, 'epoch': 6.9}
{'eval_loss': 1.1808981895446777, 'eval_accuracy': 0.6466666666666666, 'eval_f1': 0.6446468371879983, 'eval_precision': 0.6575771095524484, 'eval_recall': 0.6466666666666666, 'eval_runtime': 1.2216, 'eval_samples_per_second': 245.586, 'eval_steps_per_second': 15.554, 'epoch': 6.9}
{'train_runtime': 245.7377, 'train_samples_per_second': 52.67, 'train_steps_per_second': 3.304, 'train_loss': 1.5964514116935542, 'epoch': 7.0}
PredictionOutput(predictions=array([[ 0.6730668 ,  0.12803552, -1.3593048 , ..., -0.44335347,
         3.2389913 ,  0.3800505 ],
       [-1.1148652 ,  0.31817713, -0.03599601, ..., -1.2908187 ,
        -0.06836592,  0.4323194 ],
       [-1.0918143 ,  0.06156211, -0.5693639 , ..., -1.047027  ,
         1.3204073 ,  1.1415175 ],
       ...,
       [-0.87110806,  4.970959  , -0.627926  , ...,  0.06220049,
         2.0761054 , -0.6521897 ],
       [-1.5356225 , -0.6786737 ,  0.13850129, ..., -1.0363189 ,
         3.014494  , -0.5819722 ],
       [-0.9673889 , -0.6494335 , -0.19819903, ..., -1.110716  ,
        -0.7228043 ,  0.2675639 ]], dtype=float32), label_ids=array([ 6, 11,  7,  9, 11,  6,  6, 11,  5,  3,  9, 11,  0,  1, 11, 12,  1,
        7,  0, 12,  3,  1,  8,  3,  6,  8,  0,  0, 11,  0, 11,  3,  3,  5,
        2,  8,  9,  1, 11,  1,  5, 12,  0, 12,  1,  2, 12,  0,  5,  7,  3,
       11,  2,  4,  8,  3, 12, 11, 11, 10,  7, 11,  0, 10, 12,  0,  1,  8,
       12,  5, 10,  5,  1,  8,  0, 12,  1,  7, 10, 12,  7,  7,  2,  0,  2,
       10, 11,  0,  6,  0, 10,  9,  5,  5,  0,  9,  1,  2,  8,  9,  0,  2,
        0,  7, 11,  9,  6,  6,  9,  3, 12,  7, 11, 11, 11, 10,  2,  8,  9,
        0,  7,  3, 11, 11, 12,  8,  0,  4, 11,  5,  8, 11,  1,  5, 11,  7,
       11,  0, 11,  0, 11,  6,  0, 11, 11,  8, 11,  1,  8,  6,  5,  0, 11,
        9,  0,  1,  5,  0,  1,  8,  8,  0,  2, 11, 11,  0,  6,  5,  6, 11,
        2,  2,  7,  9, 11,  1, 11,  1,  8,  9,  8,  6,  3,  8, 10,  1,  2,
        0, 11, 11,  3,  8,  6,  2,  4,  1, 11, 11, 11, 11,  0, 11,  2,  1,
        8,  1,  9,  0,  1, 11,  1,  5,  1,  6,  5,  0,  8,  0,  1, 10, 11,
        9,  0, 11, 12,  2,  4,  0, 11,  2, 12,  2, 11,  7,  3,  2,  2,  8,
        3,  0,  2, 11,  8,  8,  9,  3, 11,  6, 11,  0,  3,  2,  8, 10, 12,
       11,  5, 10,  6,  9, 11,  6,  3,  1,  6,  3,  7, 11,  6,  2, 11,  4,
       10,  9,  2,  0, 11,  5,  1, 11,  6, 11,  9, 11,  0,  0,  0, 11, 11,
        0,  1, 11,  1,  0,  3,  1,  6,  1, 11,  3]), metrics={'test_loss': 1.3067724704742432, 'test_accuracy': 0.62, 'test_f1': 0.6070981471596534, 'test_precision': 0.6095232463514869, 'test_recall': 0.62, 'test_runtime': 1.4198, 'test_samples_per_second': 211.293, 'test_steps_per_second': 13.382})
using GPU
Model loaded!
Start the training ...
{'loss': 2.5167, 'learning_rate': 9.38423645320197e-06, 'epoch': 0.43}
{'eval_loss': 2.413355827331543, 'eval_accuracy': 0.20333333333333334, 'eval_f1': 0.06871652816251154, 'eval_precision': 0.04134444444444445, 'eval_recall': 0.20333333333333334, 'eval_runtime': 1.1019, 'eval_samples_per_second': 272.254, 'eval_steps_per_second': 17.243, 'epoch': 0.43}
{'loss': 2.4485, 'learning_rate': 8.768472906403942e-06, 'epoch': 0.86}
{'eval_loss': 2.2989108562469482, 'eval_accuracy': 0.21666666666666667, 'eval_f1': 0.09180681818181818, 'eval_precision': 0.09595647193585338, 'eval_recall': 0.21666666666666667, 'eval_runtime': 1.1031, 'eval_samples_per_second': 271.971, 'eval_steps_per_second': 17.225, 'epoch': 0.86}
{'loss': 2.3209, 'learning_rate': 8.152709359605912e-06, 'epoch': 1.29}
{'eval_loss': 2.004986524581909, 'eval_accuracy': 0.3933333333333333, 'eval_f1': 0.31547285322239393, 'eval_precision': 0.30677168724279835, 'eval_recall': 0.3933333333333333, 'eval_runtime': 1.1032, 'eval_samples_per_second': 271.932, 'eval_steps_per_second': 17.222, 'epoch': 1.29}
{'loss': 2.0369, 'learning_rate': 7.536945812807882e-06, 'epoch': 1.72}
{'eval_loss': 1.6741122007369995, 'eval_accuracy': 0.53, 'eval_f1': 0.4940145637412684, 'eval_precision': 0.5011178750569996, 'eval_recall': 0.53, 'eval_runtime': 1.1033, 'eval_samples_per_second': 271.923, 'eval_steps_per_second': 17.222, 'epoch': 1.72}
{'loss': 1.6986, 'learning_rate': 6.9211822660098524e-06, 'epoch': 2.16}
{'eval_loss': 1.415109395980835, 'eval_accuracy': 0.57, 'eval_f1': 0.5543222053125821, 'eval_precision': 0.6211937143568549, 'eval_recall': 0.57, 'eval_runtime': 1.1074, 'eval_samples_per_second': 270.899, 'eval_steps_per_second': 17.157, 'epoch': 2.16}
{'loss': 1.341, 'learning_rate': 6.305418719211823e-06, 'epoch': 2.59}
{'eval_loss': 1.3229705095291138, 'eval_accuracy': 0.6166666666666667, 'eval_f1': 0.6043947941444067, 'eval_precision': 0.6492989362852792, 'eval_recall': 0.6166666666666667, 'eval_runtime': 1.1052, 'eval_samples_per_second': 271.441, 'eval_steps_per_second': 17.191, 'epoch': 2.59}
{'loss': 1.3148, 'learning_rate': 5.689655172413794e-06, 'epoch': 3.02}
{'eval_loss': 1.2582298517227173, 'eval_accuracy': 0.63, 'eval_f1': 0.6196876435582848, 'eval_precision': 0.6441598137957738, 'eval_recall': 0.63, 'eval_runtime': 1.11, 'eval_samples_per_second': 270.275, 'eval_steps_per_second': 17.117, 'epoch': 3.02}
{'loss': 0.9766, 'learning_rate': 5.073891625615764e-06, 'epoch': 3.45}
{'eval_loss': 1.2437533140182495, 'eval_accuracy': 0.6266666666666667, 'eval_f1': 0.6118539035065472, 'eval_precision': 0.661419749508999, 'eval_recall': 0.6266666666666667, 'eval_runtime': 1.1066, 'eval_samples_per_second': 271.112, 'eval_steps_per_second': 17.17, 'epoch': 3.45}
{'loss': 0.9553, 'learning_rate': 4.458128078817734e-06, 'epoch': 3.88}
{'eval_loss': 1.2169543504714966, 'eval_accuracy': 0.65, 'eval_f1': 0.6451013698378897, 'eval_precision': 0.6781915147252919, 'eval_recall': 0.65, 'eval_runtime': 1.1112, 'eval_samples_per_second': 269.97, 'eval_steps_per_second': 17.098, 'epoch': 3.88}
{'loss': 0.7802, 'learning_rate': 3.842364532019705e-06, 'epoch': 4.31}
{'eval_loss': 1.107887625694275, 'eval_accuracy': 0.6633333333333333, 'eval_f1': 0.6574816644604389, 'eval_precision': 0.6720012044583915, 'eval_recall': 0.6633333333333333, 'eval_runtime': 1.1088, 'eval_samples_per_second': 270.568, 'eval_steps_per_second': 17.136, 'epoch': 4.31}
{'loss': 0.7042, 'learning_rate': 3.226600985221675e-06, 'epoch': 4.74}
{'eval_loss': 1.1756011247634888, 'eval_accuracy': 0.66, 'eval_f1': 0.6523576236592993, 'eval_precision': 0.6817821910107646, 'eval_recall': 0.66, 'eval_runtime': 1.0965, 'eval_samples_per_second': 273.599, 'eval_steps_per_second': 17.328, 'epoch': 4.74}
{'loss': 0.5805, 'learning_rate': 2.6108374384236458e-06, 'epoch': 5.17}
{'eval_loss': 1.2057472467422485, 'eval_accuracy': 0.66, 'eval_f1': 0.6561956502769142, 'eval_precision': 0.6848198804210565, 'eval_recall': 0.66, 'eval_runtime': 1.1108, 'eval_samples_per_second': 270.081, 'eval_steps_per_second': 17.105, 'epoch': 5.17}
{'loss': 0.5193, 'learning_rate': 1.995073891625616e-06, 'epoch': 5.6}
{'eval_loss': 1.1356585025787354, 'eval_accuracy': 0.6933333333333334, 'eval_f1': 0.6867658885148551, 'eval_precision': 0.6983960463350426, 'eval_recall': 0.6933333333333334, 'eval_runtime': 1.1034, 'eval_samples_per_second': 271.897, 'eval_steps_per_second': 17.22, 'epoch': 5.6}
{'loss': 0.5083, 'learning_rate': 1.3793103448275862e-06, 'epoch': 6.03}
{'eval_loss': 1.1385573148727417, 'eval_accuracy': 0.6866666666666666, 'eval_f1': 0.6796262126668166, 'eval_precision': 0.688426688843218, 'eval_recall': 0.6866666666666666, 'eval_runtime': 1.1081, 'eval_samples_per_second': 270.729, 'eval_steps_per_second': 17.146, 'epoch': 6.03}
{'loss': 0.4308, 'learning_rate': 7.635467980295568e-07, 'epoch': 6.47}
{'eval_loss': 1.1496506929397583, 'eval_accuracy': 0.7, 'eval_f1': 0.6980129750967802, 'eval_precision': 0.7210374507490622, 'eval_recall': 0.7, 'eval_runtime': 1.1092, 'eval_samples_per_second': 270.458, 'eval_steps_per_second': 17.129, 'epoch': 6.47}
{'loss': 0.4235, 'learning_rate': 1.477832512315271e-07, 'epoch': 6.9}
{'eval_loss': 1.156237006187439, 'eval_accuracy': 0.68, 'eval_f1': 0.6795024701850438, 'eval_precision': 0.7106000384204718, 'eval_recall': 0.68, 'eval_runtime': 1.1122, 'eval_samples_per_second': 269.729, 'eval_steps_per_second': 17.083, 'epoch': 6.9}
{'train_runtime': 233.5928, 'train_samples_per_second': 55.408, 'train_steps_per_second': 3.476, 'train_loss': 1.2114010667566009, 'epoch': 7.0}
PredictionOutput(predictions=array([[ 3.1097934 , -1.4589133 , -0.67622083, ..., -1.3438075 ,
         2.314191  ,  0.09627338],
       [-0.30537152, -1.224637  , -0.74635845, ..., -1.0227256 ,
        -1.7043806 ,  2.3330553 ],
       [-1.5543587 ,  0.04678562, -1.3658087 , ..., -1.4812467 ,
        -0.65361315,  0.6666382 ],
       ...,
       [-0.99318326,  5.9216413 , -0.24955527, ..., -0.0864877 ,
         0.58066714, -0.36601263],
       [-2.2589657 , -0.7066141 , -0.03203224, ..., -1.0390025 ,
         3.2611215 ,  0.27635765],
       [-1.1955104 , -0.42378312, -0.90090173, ..., -1.5022284 ,
        -0.67004997, -0.08230902]], dtype=float32), label_ids=array([ 6, 11,  7,  9, 11,  6,  6, 11,  5,  3,  9, 11,  0,  1, 11, 12,  1,
        7,  0, 12,  3,  1,  8,  3,  6,  8,  0,  0, 11,  0, 11,  3,  3,  5,
        2,  8,  9,  1, 11,  1,  5, 12,  0, 12,  1,  2, 12,  0,  5,  7,  3,
       11,  2,  4,  8,  3, 12, 11, 11, 10,  7, 11,  0, 10, 12,  0,  1,  8,
       12,  5, 10,  5,  1,  8,  0, 12,  1,  7, 10, 12,  7,  7,  2,  0,  2,
       10, 11,  0,  6,  0, 10,  9,  5,  5,  0,  9,  1,  2,  8,  9,  0,  2,
        0,  7, 11,  9,  6,  6,  9,  3, 12,  7, 11, 11, 11, 10,  2,  8,  9,
        0,  7,  3, 11, 11, 12,  8,  0,  4, 11,  5,  8, 11,  1,  5, 11,  7,
       11,  0, 11,  0, 11,  6,  0, 11, 11,  8, 11,  1,  8,  6,  5,  0, 11,
        9,  0,  1,  5,  0,  1,  8,  8,  0,  2, 11, 11,  0,  6,  5,  6, 11,
        2,  2,  7,  9, 11,  1, 11,  1,  8,  9,  8,  6,  3,  8, 10,  1,  2,
        0, 11, 11,  3,  8,  6,  2,  4,  1, 11, 11, 11, 11,  0, 11,  2,  1,
        8,  1,  9,  0,  1, 11,  1,  5,  1,  6,  5,  0,  8,  0,  1, 10, 11,
        9,  0, 11, 12,  2,  4,  0, 11,  2, 12,  2, 11,  7,  3,  2,  2,  8,
        3,  0,  2, 11,  8,  8,  9,  3, 11,  6, 11,  0,  3,  2,  8, 10, 12,
       11,  5, 10,  6,  9, 11,  6,  3,  1,  6,  3,  7, 11,  6,  2, 11,  4,
       10,  9,  2,  0, 11,  5,  1, 11,  6, 11,  9, 11,  0,  0,  0, 11, 11,
        0,  1, 11,  1,  0,  3,  1,  6,  1, 11,  3]), metrics={'test_loss': 1.3391973972320557, 'test_accuracy': 0.6233333333333333, 'test_f1': 0.6127067253699011, 'test_precision': 0.6229100748561534, 'test_recall': 0.6233333333333333, 'test_runtime': 1.3546, 'test_samples_per_second': 221.462, 'test_steps_per_second': 14.026})
Model loaded!
Start the training ...
{'loss': 2.4816, 'learning_rate': 9.38423645320197e-06, 'epoch': 0.43}
{'eval_loss': 2.272885799407959, 'eval_accuracy': 0.22333333333333333, 'eval_f1': 0.11080272108843535, 'eval_precision': 0.21954786620530564, 'eval_recall': 0.22333333333333333, 'eval_runtime': 1.8445, 'eval_samples_per_second': 162.647, 'eval_steps_per_second': 10.301, 'epoch': 0.43}
{'loss': 1.6968, 'learning_rate': 8.768472906403942e-06, 'epoch': 0.86}
{'eval_loss': 1.1103497743606567, 'eval_accuracy': 0.6933333333333334, 'eval_f1': 0.6764363253339503, 'eval_precision': 0.7240996700702583, 'eval_recall': 0.6933333333333334, 'eval_runtime': 1.8391, 'eval_samples_per_second': 163.126, 'eval_steps_per_second': 10.331, 'epoch': 0.86}
{'loss': 0.7946, 'learning_rate': 8.152709359605912e-06, 'epoch': 1.29}
{'eval_loss': 0.6985045671463013, 'eval_accuracy': 0.8033333333333333, 'eval_f1': 0.7829340689032389, 'eval_precision': 0.8100529358253495, 'eval_recall': 0.8033333333333333, 'eval_runtime': 1.8577, 'eval_samples_per_second': 161.492, 'eval_steps_per_second': 10.228, 'epoch': 1.29}
{'loss': 0.4624, 'learning_rate': 7.536945812807882e-06, 'epoch': 1.72}
{'eval_loss': 0.5488955974578857, 'eval_accuracy': 0.8333333333333334, 'eval_f1': 0.8163801099510245, 'eval_precision': 0.8393379387447659, 'eval_recall': 0.8333333333333334, 'eval_runtime': 1.8467, 'eval_samples_per_second': 162.456, 'eval_steps_per_second': 10.289, 'epoch': 1.72}
{'loss': 0.2669, 'learning_rate': 6.9211822660098524e-06, 'epoch': 2.16}
{'eval_loss': 0.3401913344860077, 'eval_accuracy': 0.9, 'eval_f1': 0.8890935311060902, 'eval_precision': 0.8858831669419904, 'eval_recall': 0.9, 'eval_runtime': 1.8491, 'eval_samples_per_second': 162.244, 'eval_steps_per_second': 10.275, 'epoch': 2.16}
{'loss': 0.1064, 'learning_rate': 6.305418719211823e-06, 'epoch': 2.59}
{'eval_loss': 0.3526826500892639, 'eval_accuracy': 0.91, 'eval_f1': 0.9004018623118647, 'eval_precision': 0.9041793107706421, 'eval_recall': 0.91, 'eval_runtime': 1.8477, 'eval_samples_per_second': 162.36, 'eval_steps_per_second': 10.283, 'epoch': 2.59}
{'loss': 0.0943, 'learning_rate': 5.689655172413794e-06, 'epoch': 3.02}
{'eval_loss': 0.35831981897354126, 'eval_accuracy': 0.9066666666666666, 'eval_f1': 0.8961095159387255, 'eval_precision': 0.8992547028733873, 'eval_recall': 0.9066666666666666, 'eval_runtime': 1.8535, 'eval_samples_per_second': 161.855, 'eval_steps_per_second': 10.251, 'epoch': 3.02}
{'loss': 0.0248, 'learning_rate': 5.073891625615764e-06, 'epoch': 3.45}
{'eval_loss': 0.31903401017189026, 'eval_accuracy': 0.9133333333333333, 'eval_f1': 0.9035853756557035, 'eval_precision': 0.8990297201064373, 'eval_recall': 0.9133333333333333, 'eval_runtime': 1.8512, 'eval_samples_per_second': 162.057, 'eval_steps_per_second': 10.264, 'epoch': 3.45}
{'loss': 0.0188, 'learning_rate': 4.458128078817734e-06, 'epoch': 3.88}
{'eval_loss': 0.32470861077308655, 'eval_accuracy': 0.9, 'eval_f1': 0.8970705056774587, 'eval_precision': 0.9033807179344937, 'eval_recall': 0.9, 'eval_runtime': 1.8521, 'eval_samples_per_second': 161.977, 'eval_steps_per_second': 10.259, 'epoch': 3.88}
{'loss': 0.0151, 'learning_rate': 3.842364532019705e-06, 'epoch': 4.31}
{'eval_loss': 0.2778525650501251, 'eval_accuracy': 0.93, 'eval_f1': 0.9281185211788561, 'eval_precision': 0.9288544349539772, 'eval_recall': 0.93, 'eval_runtime': 1.8507, 'eval_samples_per_second': 162.098, 'eval_steps_per_second': 10.266, 'epoch': 4.31}
{'loss': 0.0045, 'learning_rate': 3.226600985221675e-06, 'epoch': 4.74}
{'eval_loss': 0.3277554214000702, 'eval_accuracy': 0.92, 'eval_f1': 0.9160690141230693, 'eval_precision': 0.9185064432672446, 'eval_recall': 0.92, 'eval_runtime': 1.8385, 'eval_samples_per_second': 163.174, 'eval_steps_per_second': 10.334, 'epoch': 4.74}
{'loss': 0.0031, 'learning_rate': 2.6108374384236458e-06, 'epoch': 5.17}
{'eval_loss': 0.31608158349990845, 'eval_accuracy': 0.9266666666666666, 'eval_f1': 0.9244077253973744, 'eval_precision': 0.9268677420977194, 'eval_recall': 0.9266666666666666, 'eval_runtime': 1.8458, 'eval_samples_per_second': 162.535, 'eval_steps_per_second': 10.294, 'epoch': 5.17}
{'loss': 0.0024, 'learning_rate': 1.995073891625616e-06, 'epoch': 5.6}
{'eval_loss': 0.3338606357574463, 'eval_accuracy': 0.9166666666666666, 'eval_f1': 0.9137537853744749, 'eval_precision': 0.9160493295161488, 'eval_recall': 0.9166666666666666, 'eval_runtime': 1.8498, 'eval_samples_per_second': 162.182, 'eval_steps_per_second': 10.271, 'epoch': 5.6}
{'loss': 0.0025, 'learning_rate': 1.3793103448275862e-06, 'epoch': 6.03}
{'eval_loss': 0.3358132839202881, 'eval_accuracy': 0.92, 'eval_f1': 0.9166757131021437, 'eval_precision': 0.9188044749555047, 'eval_recall': 0.92, 'eval_runtime': 1.8486, 'eval_samples_per_second': 162.285, 'eval_steps_per_second': 10.278, 'epoch': 6.03}
{'loss': 0.0022, 'learning_rate': 7.635467980295568e-07, 'epoch': 6.47}
{'eval_loss': 0.3291233777999878, 'eval_accuracy': 0.9233333333333333, 'eval_f1': 0.9205993273810988, 'eval_precision': 0.9220540774563805, 'eval_recall': 0.9233333333333333, 'eval_runtime': 1.8546, 'eval_samples_per_second': 161.759, 'eval_steps_per_second': 10.245, 'epoch': 6.47}
{'loss': 0.0021, 'learning_rate': 1.477832512315271e-07, 'epoch': 6.9}
{'eval_loss': 0.33605238795280457, 'eval_accuracy': 0.9233333333333333, 'eval_f1': 0.9205993273810988, 'eval_precision': 0.9220540774563805, 'eval_recall': 0.9233333333333333, 'eval_runtime': 1.8522, 'eval_samples_per_second': 161.967, 'eval_steps_per_second': 10.258, 'epoch': 6.9}
{'train_runtime': 322.592, 'train_samples_per_second': 40.122, 'train_steps_per_second': 2.517, 'train_loss': 0.3681737416873461, 'epoch': 7.0}
PredictionOutput(predictions=array([[-1.2187641 , -1.3513976 , -0.7615859 , ...,  3.366285  ,
        -2.216725  , -0.707408  ],
       [-0.6643641 , -0.889939  , -0.5839563 , ..., -0.506381  ,
         9.326485  , -0.7339038 ],
       [-0.8402642 , -1.0241003 , -1.4622409 , ..., -0.7910369 ,
        -1.2337874 ,  1.1645477 ],
       ...,
       [-1.2952673 ,  9.193391  , -0.5773466 , ..., -0.51586455,
        -0.24240167, -0.01906955],
       [-0.65390337, -0.84714675, -0.32485154, ..., -0.5209717 ,
         9.417147  , -0.78660697],
       [-0.43333712, -0.4689806 , -0.8539908 , ..., -1.156622  ,
        -1.4654112 , -0.51036304]], dtype=float32), label_ids=array([ 6, 11,  7,  9, 11,  6,  6, 11,  5,  3,  9, 11,  0,  1, 11, 12,  1,
        7,  0, 12,  3,  1,  8,  3,  6,  8,  0,  0, 11,  0, 11,  3,  3,  5,
        2,  8,  9,  1, 11,  1,  5, 12,  0, 12,  1,  2, 12,  0,  5,  7,  3,
       11,  2,  4,  8,  3, 12, 11, 11, 10,  7, 11,  0, 10, 12,  0,  1,  8,
       12,  5, 10,  5,  1,  8,  0, 12,  1,  7, 10, 12,  7,  7,  2,  0,  2,
       10, 11,  0,  6,  0, 10,  9,  5,  5,  0,  9,  1,  2,  8,  9,  0,  2,
        0,  7, 11,  9,  6,  6,  9,  3, 12,  7, 11, 11, 11, 10,  2,  8,  9,
        0,  7,  3, 11, 11, 12,  8,  0,  4, 11,  5,  8, 11,  1,  5, 11,  7,
       11,  0, 11,  0, 11,  6,  0, 11, 11,  8, 11,  1,  8,  6,  5,  0, 11,
        9,  0,  1,  5,  0,  1,  8,  8,  0,  2, 11, 11,  0,  6,  5,  6, 11,
        2,  2,  7,  9, 11,  1, 11,  1,  8,  9,  8,  6,  3,  8, 10,  1,  2,
        0, 11, 11,  3,  8,  6,  2,  4,  1, 11, 11, 11, 11,  0, 11,  2,  1,
        8,  1,  9,  0,  1, 11,  1,  5,  1,  6,  5,  0,  8,  0,  1, 10, 11,
        9,  0, 11, 12,  2,  4,  0, 11,  2, 12,  2, 11,  7,  3,  2,  2,  8,
        3,  0,  2, 11,  8,  8,  9,  3, 11,  6, 11,  0,  3,  2,  8, 10, 12,
       11,  5, 10,  6,  9, 11,  6,  3,  1,  6,  3,  7, 11,  6,  2, 11,  4,
       10,  9,  2,  0, 11,  5,  1, 11,  6, 11,  9, 11,  0,  0,  0, 11, 11,
        0,  1, 11,  1,  0,  3,  1,  6,  1, 11,  3]), metrics={'test_loss': 0.6382997632026672, 'test_accuracy': 0.8633333333333333, 'test_f1': 0.8592250268063212, 'test_precision': 0.8650260837353859, 'test_recall': 0.8633333333333333, 'test_runtime': 2.0906, 'test_samples_per_second': 143.498, 'test_steps_per_second': 9.088})
