/cluster/raid/home/zhivar.sourati/logical-fallacy-identification/AMR_parsers_and_graphs
Tue Sep 27 00:08:07 2022       
+-----------------------------------------------------------------------------+
| NVIDIA-SMI 460.32.03    Driver Version: 460.32.03    CUDA Version: 11.2     |
|-------------------------------+----------------------+----------------------+
| GPU  Name        Persistence-M| Bus-Id        Disp.A | Volatile Uncorr. ECC |
| Fan  Temp  Perf  Pwr:Usage/Cap|         Memory-Usage | GPU-Util  Compute M. |
|                               |                      |               MIG M. |
|===============================+======================+======================|
|   0  A100-PCIE-40GB      Off  | 00000000:27:00.0 Off |                    0 |
| N/A   35C    P0    34W / 250W |      0MiB / 40536MiB |      0%      Default |
|                               |                      |             Disabled |
+-------------------------------+----------------------+----------------------+
                                                                               
+-----------------------------------------------------------------------------+
| Processes:                                                                  |
|  GPU   GI   CI        PID   Type   Process name                  GPU Memory |
|        ID   ID                                                   Usage      |
|=============================================================================|
|  No running processes found                                                 |
+-----------------------------------------------------------------------------+
0
cuda
using GPU
augmenting train dataset
augmenting dev dataset
Error finding the predicted label for sentence: MSK0 MSK3 that MSK1 should open up the Arctic National Wildlife Refuge for MSK2 drilling . But MSK0 just wants to reward MSK0 rich cronies in the MSK2 industry , so MSK1 ca n't take MSK0 MSK3 seriously . 
augmenting test dataset
Error finding the predicted label for sentence: MSK0 It ’s important to argue MSK1 because MSK1 is an essential part of argumentation . MSK0 
Model loaded!
Start the training ...
{'loss': 2.5256, 'learning_rate': 9.38423645320197e-06, 'epoch': 0.43}
{'eval_loss': 2.366525650024414, 'eval_accuracy': 0.2040133779264214, 'eval_f1': 0.06913786696395391, 'eval_precision': 0.04162145837294885, 'eval_recall': 0.2040133779264214, 'eval_runtime': 2.4641, 'eval_samples_per_second': 121.345, 'eval_steps_per_second': 7.711, 'epoch': 0.43}
{'loss': 1.9884, 'learning_rate': 8.768472906403942e-06, 'epoch': 0.86}
{'eval_loss': 1.2305943965911865, 'eval_accuracy': 0.6923076923076923, 'eval_f1': 0.6588726003682089, 'eval_precision': 0.7100009355207844, 'eval_recall': 0.6923076923076923, 'eval_runtime': 2.4662, 'eval_samples_per_second': 121.241, 'eval_steps_per_second': 7.704, 'epoch': 0.86}
{'loss': 0.9631, 'learning_rate': 8.152709359605912e-06, 'epoch': 1.29}
{'eval_loss': 0.3773057162761688, 'eval_accuracy': 0.9163879598662207, 'eval_f1': 0.9112641560766096, 'eval_precision': 0.9376942025683445, 'eval_recall': 0.9163879598662207, 'eval_runtime': 2.474, 'eval_samples_per_second': 120.858, 'eval_steps_per_second': 7.68, 'epoch': 1.29}
{'loss': 0.534, 'learning_rate': 7.536945812807882e-06, 'epoch': 1.72}
{'eval_loss': 0.14466166496276855, 'eval_accuracy': 0.9765886287625418, 'eval_f1': 0.976147913701036, 'eval_precision': 0.978598984456587, 'eval_recall': 0.9765886287625418, 'eval_runtime': 2.4828, 'eval_samples_per_second': 120.431, 'eval_steps_per_second': 7.653, 'epoch': 1.72}
{'loss': 0.312, 'learning_rate': 6.9211822660098524e-06, 'epoch': 2.16}
{'eval_loss': 0.12333729863166809, 'eval_accuracy': 0.9665551839464883, 'eval_f1': 0.959401298794707, 'eval_precision': 0.9560299857782695, 'eval_recall': 0.9665551839464883, 'eval_runtime': 2.4892, 'eval_samples_per_second': 120.118, 'eval_steps_per_second': 7.633, 'epoch': 2.16}
{'loss': 0.1131, 'learning_rate': 6.305418719211823e-06, 'epoch': 2.59}
{'eval_loss': 0.03534010797739029, 'eval_accuracy': 0.9933110367892977, 'eval_f1': 0.9933885899859435, 'eval_precision': 0.9941471571906354, 'eval_recall': 0.9933110367892977, 'eval_runtime': 2.489, 'eval_samples_per_second': 120.13, 'eval_steps_per_second': 7.634, 'epoch': 2.59}
{'loss': 0.1142, 'learning_rate': 5.689655172413794e-06, 'epoch': 3.02}
{'eval_loss': 0.014730798080563545, 'eval_accuracy': 1.0, 'eval_f1': 1.0, 'eval_precision': 1.0, 'eval_recall': 1.0, 'eval_runtime': 2.4908, 'eval_samples_per_second': 120.041, 'eval_steps_per_second': 7.628, 'epoch': 3.02}
{'loss': 0.027, 'learning_rate': 5.073891625615764e-06, 'epoch': 3.45}
{'eval_loss': 0.0041307611390948296, 'eval_accuracy': 1.0, 'eval_f1': 1.0, 'eval_precision': 1.0, 'eval_recall': 1.0, 'eval_runtime': 2.4928, 'eval_samples_per_second': 119.946, 'eval_steps_per_second': 7.622, 'epoch': 3.45}
{'loss': 0.0136, 'learning_rate': 4.458128078817734e-06, 'epoch': 3.88}
{'eval_loss': 0.0028710246551781893, 'eval_accuracy': 1.0, 'eval_f1': 1.0, 'eval_precision': 1.0, 'eval_recall': 1.0, 'eval_runtime': 2.4939, 'eval_samples_per_second': 119.893, 'eval_steps_per_second': 7.619, 'epoch': 3.88}
{'loss': 0.0086, 'learning_rate': 3.842364532019705e-06, 'epoch': 4.31}
{'eval_loss': 0.0020918422378599644, 'eval_accuracy': 1.0, 'eval_f1': 1.0, 'eval_precision': 1.0, 'eval_recall': 1.0, 'eval_runtime': 2.4915, 'eval_samples_per_second': 120.009, 'eval_steps_per_second': 7.626, 'epoch': 4.31}
{'loss': 0.0071, 'learning_rate': 3.226600985221675e-06, 'epoch': 4.74}
{'eval_loss': 0.0015818889951333404, 'eval_accuracy': 1.0, 'eval_f1': 1.0, 'eval_precision': 1.0, 'eval_recall': 1.0, 'eval_runtime': 2.4773, 'eval_samples_per_second': 120.695, 'eval_steps_per_second': 7.67, 'epoch': 4.74}
{'loss': 0.003, 'learning_rate': 2.6108374384236458e-06, 'epoch': 5.17}
{'eval_loss': 0.0012216601753607392, 'eval_accuracy': 1.0, 'eval_f1': 1.0, 'eval_precision': 1.0, 'eval_recall': 1.0, 'eval_runtime': 2.4851, 'eval_samples_per_second': 120.315, 'eval_steps_per_second': 7.645, 'epoch': 5.17}
{'loss': 0.0024, 'learning_rate': 1.995073891625616e-06, 'epoch': 5.6}
{'eval_loss': 0.0011039568344131112, 'eval_accuracy': 1.0, 'eval_f1': 1.0, 'eval_precision': 1.0, 'eval_recall': 1.0, 'eval_runtime': 2.4887, 'eval_samples_per_second': 120.143, 'eval_steps_per_second': 7.634, 'epoch': 5.6}
{'loss': 0.0023, 'learning_rate': 1.3793103448275862e-06, 'epoch': 6.03}
{'eval_loss': 0.0009994585998356342, 'eval_accuracy': 1.0, 'eval_f1': 1.0, 'eval_precision': 1.0, 'eval_recall': 1.0, 'eval_runtime': 2.4933, 'eval_samples_per_second': 119.92, 'eval_steps_per_second': 7.62, 'epoch': 6.03}
{'loss': 0.0022, 'learning_rate': 7.635467980295568e-07, 'epoch': 6.47}
{'eval_loss': 0.0009659486822783947, 'eval_accuracy': 1.0, 'eval_f1': 1.0, 'eval_precision': 1.0, 'eval_recall': 1.0, 'eval_runtime': 2.4906, 'eval_samples_per_second': 120.053, 'eval_steps_per_second': 7.629, 'epoch': 6.47}
{'loss': 0.002, 'learning_rate': 1.477832512315271e-07, 'epoch': 6.9}
{'eval_loss': 0.0009467663476243615, 'eval_accuracy': 1.0, 'eval_f1': 1.0, 'eval_precision': 1.0, 'eval_recall': 1.0, 'eval_runtime': 2.4921, 'eval_samples_per_second': 119.978, 'eval_steps_per_second': 7.624, 'epoch': 6.9}
{'train_runtime': 296.1249, 'train_samples_per_second': 43.708, 'train_steps_per_second': 2.742, 'train_loss': 0.407574665232612, 'epoch': 7.0}
PredictionOutput(predictions=array([[-9.9965101e-01, -8.4858149e-01, -2.5054067e-01, ...,
        -9.0507472e-01, -7.1532923e-01, -1.0712042e+00],
       [-8.7252599e-01, -9.2763686e-01, -4.1891766e-01, ...,
        -9.4559830e-01,  9.4516659e+00, -8.5410476e-02],
       [-5.7688373e-01, -1.0660712e+00, -1.0788386e+00, ...,
        -8.0353916e-01, -8.8295639e-02, -9.0901828e-01],
       ...,
       [-8.7485528e-01, -8.0623746e-01, -3.9096534e-01, ...,
        -7.6520920e-01, -6.9185895e-01, -9.8505354e-01],
       [-1.0075378e+00,  8.9707870e+00, -5.1808262e-01, ...,
        -6.6508538e-01, -8.2611668e-01, -5.6202972e-01],
       [-8.7025845e-01, -8.5344315e-01, -5.5952340e-01, ...,
        -9.2392337e-01,  9.5156460e+00, -5.2356385e-03]], dtype=float32), label_ids=array([ 6, 11,  7,  9, 11,  6,  6, 11,  5,  3,  9, 11,  0,  1, 11, 12,  1,
        7,  0, 12,  3,  1,  8,  3,  6,  8,  0,  0, 11,  0, 11,  3,  3,  5,
        2,  8,  9,  1, 11,  1,  5, 12,  0, 12,  1,  2, 12,  0,  5,  7,  3,
       11,  2,  4,  8,  3, 12, 11, 11, 10,  7, 11,  0, 10, 12,  0,  1,  8,
       12,  5, 10,  5,  1,  8,  0, 12,  1,  7, 10, 12,  7,  7,  2,  0,  2,
       10, 11,  0,  6,  0, 10,  9,  5,  5,  0,  9,  1,  2,  8,  9,  0,  2,
        0,  7, 11,  9,  6,  6,  9,  3, 12,  7, 11, 11, 11, 10,  2,  8,  9,
        0,  7,  3, 11, 11, 12,  8,  0,  4, 11,  5,  8, 11,  1,  5, 11,  7,
       11,  0, 11,  0, 11,  6,  0, 11, 11,  8, 11,  1,  8,  6,  5,  0, 11,
        9,  0,  1,  5,  0,  1,  8,  8,  0,  2, 11, 11,  0,  6,  5,  6, 11,
        2,  2,  7,  9, 11,  1, 11,  1,  8,  9,  8,  6,  3,  8, 10,  1,  2,
        0, 11, 11,  3,  8,  6,  2,  4,  1, 11, 11, 11, 11,  0, 11,  2,  1,
        8,  1,  9,  0,  1, 11,  1,  5,  1,  6,  5,  0,  8,  0,  1, 10, 11,
        9,  0, 11, 12,  2,  4,  0, 11,  2, 12,  2, 11,  7,  3,  2,  2,  8,
        3,  0,  2, 11,  8,  8,  9,  3, 11,  6, 11,  0,  3,  2,  8, 10, 12,
       11,  5, 10,  6,  9, 11,  6,  3,  1,  6,  3,  7, 11,  6,  2, 11,  4,
       10,  9,  2,  0, 11,  5,  1, 11,  6, 11,  9, 11,  0,  0,  0, 11, 11,
        0,  1, 11,  1,  0,  3,  1,  6,  1, 11]), metrics={'test_loss': 0.009917156770825386, 'test_accuracy': 0.9966555183946488, 'test_f1': 0.9967597619771534, 'test_precision': 0.9972129319955407, 'test_recall': 0.9966555183946488, 'test_runtime': 2.4918, 'test_samples_per_second': 119.992, 'test_steps_per_second': 7.625})
