/cluster/raid/home/zhivar.sourati/logical-fallacy-identification/AMR_parsers_and_graphs
Thu Sep 29 09:51:03 2022       
+-----------------------------------------------------------------------------+
| NVIDIA-SMI 460.32.03    Driver Version: 460.32.03    CUDA Version: 11.2     |
|-------------------------------+----------------------+----------------------+
| GPU  Name        Persistence-M| Bus-Id        Disp.A | Volatile Uncorr. ECC |
| Fan  Temp  Perf  Pwr:Usage/Cap|         Memory-Usage | GPU-Util  Compute M. |
|                               |                      |               MIG M. |
|===============================+======================+======================|
|   0  A100-PCIE-40GB      Off  | 00000000:28:00.0 Off |                    0 |
| N/A   32C    P0    37W / 250W |      0MiB / 40536MiB |      0%      Default |
|                               |                      |             Disabled |
+-------------------------------+----------------------+----------------------+
                                                                               
+-----------------------------------------------------------------------------+
| Processes:                                                                  |
|  GPU   GI   CI        PID   Type   Process name                  GPU Memory |
|        ID   ID                                                   Usage      |
|=============================================================================|
|  No running processes found                                                 |
+-----------------------------------------------------------------------------+
0
using GPU
Model loaded!
Start the training ...
{'loss': 2.5204, 'learning_rate': 1.956896551724138e-05, 'epoch': 0.22}
{'eval_loss': 2.4151012897491455, 'eval_accuracy': 0.20333333333333334, 'eval_f1': 0.06871652816251154, 'eval_precision': 0.04134444444444445, 'eval_recall': 0.20333333333333334, 'eval_runtime': 0.3315, 'eval_samples_per_second': 904.862, 'eval_steps_per_second': 114.616, 'epoch': 0.22}
{'loss': 2.4629, 'learning_rate': 1.913793103448276e-05, 'epoch': 0.43}
{'eval_loss': 2.353415012359619, 'eval_accuracy': 0.20333333333333334, 'eval_f1': 0.06871652816251154, 'eval_precision': 0.04134444444444445, 'eval_recall': 0.20333333333333334, 'eval_runtime': 0.3292, 'eval_samples_per_second': 911.212, 'eval_steps_per_second': 115.42, 'epoch': 0.43}
{'loss': 2.2895, 'learning_rate': 1.8706896551724137e-05, 'epoch': 0.65}
{'eval_loss': 2.0342650413513184, 'eval_accuracy': 0.3933333333333333, 'eval_f1': 0.31646956860528835, 'eval_precision': 0.32055069206662984, 'eval_recall': 0.3933333333333333, 'eval_runtime': 0.3297, 'eval_samples_per_second': 909.798, 'eval_steps_per_second': 115.241, 'epoch': 0.65}
{'loss': 2.1334, 'learning_rate': 1.827586206896552e-05, 'epoch': 0.86}
{'eval_loss': 1.8432689905166626, 'eval_accuracy': 0.41333333333333333, 'eval_f1': 0.34441262421845165, 'eval_precision': 0.3799995744191397, 'eval_recall': 0.41333333333333333, 'eval_runtime': 0.3318, 'eval_samples_per_second': 904.088, 'eval_steps_per_second': 114.518, 'epoch': 0.86}
{'loss': 1.8525, 'learning_rate': 1.7844827586206898e-05, 'epoch': 1.08}
{'eval_loss': 1.6378711462020874, 'eval_accuracy': 0.51, 'eval_f1': 0.4675917442760375, 'eval_precision': 0.5778448966553993, 'eval_recall': 0.51, 'eval_runtime': 0.3293, 'eval_samples_per_second': 910.943, 'eval_steps_per_second': 115.386, 'epoch': 1.08}
{'loss': 1.5609, 'learning_rate': 1.7413793103448276e-05, 'epoch': 1.29}
{'eval_loss': 1.5112980604171753, 'eval_accuracy': 0.5566666666666666, 'eval_f1': 0.5347047094380178, 'eval_precision': 0.5758332808426264, 'eval_recall': 0.5566666666666666, 'eval_runtime': 0.3303, 'eval_samples_per_second': 908.391, 'eval_steps_per_second': 115.063, 'epoch': 1.29}
{'loss': 1.5957, 'learning_rate': 1.6982758620689658e-05, 'epoch': 1.51}
{'eval_loss': 1.4977880716323853, 'eval_accuracy': 0.5633333333333334, 'eval_f1': 0.5519567825617294, 'eval_precision': 0.6253493022461114, 'eval_recall': 0.5633333333333334, 'eval_runtime': 0.3314, 'eval_samples_per_second': 905.305, 'eval_steps_per_second': 114.672, 'epoch': 1.51}
{'loss': 1.4058, 'learning_rate': 1.6551724137931037e-05, 'epoch': 1.72}
{'eval_loss': 1.3683565855026245, 'eval_accuracy': 0.59, 'eval_f1': 0.5792714039375887, 'eval_precision': 0.5943821097883598, 'eval_recall': 0.59, 'eval_runtime': 0.3288, 'eval_samples_per_second': 912.508, 'eval_steps_per_second': 115.584, 'epoch': 1.72}
{'loss': 1.4742, 'learning_rate': 1.6120689655172415e-05, 'epoch': 1.94}
{'eval_loss': 1.3085839748382568, 'eval_accuracy': 0.62, 'eval_f1': 0.6138073073656842, 'eval_precision': 0.6356992125903178, 'eval_recall': 0.62, 'eval_runtime': 0.3292, 'eval_samples_per_second': 911.382, 'eval_steps_per_second': 115.442, 'epoch': 1.94}
{'loss': 1.1167, 'learning_rate': 1.5689655172413794e-05, 'epoch': 2.16}
{'eval_loss': 1.2269803285598755, 'eval_accuracy': 0.6233333333333333, 'eval_f1': 0.6191030147949292, 'eval_precision': 0.6428783508407164, 'eval_recall': 0.6233333333333333, 'eval_runtime': 0.3289, 'eval_samples_per_second': 912.0, 'eval_steps_per_second': 115.52, 'epoch': 2.16}
{'loss': 0.8883, 'learning_rate': 1.5258620689655174e-05, 'epoch': 2.37}
{'eval_loss': 1.2381300926208496, 'eval_accuracy': 0.62, 'eval_f1': 0.622278355195249, 'eval_precision': 0.645226960777381, 'eval_recall': 0.62, 'eval_runtime': 0.3303, 'eval_samples_per_second': 908.205, 'eval_steps_per_second': 115.039, 'epoch': 2.37}
{'loss': 1.0, 'learning_rate': 1.4827586206896554e-05, 'epoch': 2.59}
{'eval_loss': 1.2924977540969849, 'eval_accuracy': 0.6233333333333333, 'eval_f1': 0.61640705778194, 'eval_precision': 0.6866703583081292, 'eval_recall': 0.6233333333333333, 'eval_runtime': 0.3295, 'eval_samples_per_second': 910.579, 'eval_steps_per_second': 115.34, 'epoch': 2.59}
{'loss': 0.9686, 'learning_rate': 1.4396551724137933e-05, 'epoch': 2.8}
{'eval_loss': 1.272799015045166, 'eval_accuracy': 0.6266666666666667, 'eval_f1': 0.6286489082417805, 'eval_precision': 0.6621684730765985, 'eval_recall': 0.6266666666666667, 'eval_runtime': 0.3298, 'eval_samples_per_second': 909.746, 'eval_steps_per_second': 115.234, 'epoch': 2.8}
{'loss': 0.9655, 'learning_rate': 1.3965517241379311e-05, 'epoch': 3.02}
{'eval_loss': 1.260015606880188, 'eval_accuracy': 0.6166666666666667, 'eval_f1': 0.6196067119991933, 'eval_precision': 0.6502631031729089, 'eval_recall': 0.6166666666666667, 'eval_runtime': 0.3294, 'eval_samples_per_second': 910.814, 'eval_steps_per_second': 115.37, 'epoch': 3.02}
{'loss': 0.6106, 'learning_rate': 1.3534482758620691e-05, 'epoch': 3.23}
{'eval_loss': 1.2174851894378662, 'eval_accuracy': 0.64, 'eval_f1': 0.6378838109856472, 'eval_precision': 0.655075129376987, 'eval_recall': 0.64, 'eval_runtime': 0.3285, 'eval_samples_per_second': 913.37, 'eval_steps_per_second': 115.694, 'epoch': 3.23}
{'loss': 0.6096, 'learning_rate': 1.310344827586207e-05, 'epoch': 3.45}
{'eval_loss': 1.2705248594284058, 'eval_accuracy': 0.6266666666666667, 'eval_f1': 0.6241439000272742, 'eval_precision': 0.654831578954957, 'eval_recall': 0.6266666666666667, 'eval_runtime': 0.3335, 'eval_samples_per_second': 899.572, 'eval_steps_per_second': 113.946, 'epoch': 3.45}
{'loss': 0.5868, 'learning_rate': 1.2672413793103449e-05, 'epoch': 3.66}
{'eval_loss': 1.203790307044983, 'eval_accuracy': 0.6533333333333333, 'eval_f1': 0.6468575690973744, 'eval_precision': 0.6573639643975824, 'eval_recall': 0.6533333333333333, 'eval_runtime': 0.3291, 'eval_samples_per_second': 911.668, 'eval_steps_per_second': 115.478, 'epoch': 3.66}
{'loss': 0.656, 'learning_rate': 1.2241379310344827e-05, 'epoch': 3.88}
{'eval_loss': 1.279124140739441, 'eval_accuracy': 0.6333333333333333, 'eval_f1': 0.6313336651870839, 'eval_precision': 0.660772982367617, 'eval_recall': 0.6333333333333333, 'eval_runtime': 0.3312, 'eval_samples_per_second': 905.753, 'eval_steps_per_second': 114.729, 'epoch': 3.88}
{'loss': 0.5668, 'learning_rate': 1.1810344827586209e-05, 'epoch': 4.09}
{'eval_loss': 1.226239562034607, 'eval_accuracy': 0.66, 'eval_f1': 0.6592154203620408, 'eval_precision': 0.6753342785361092, 'eval_recall': 0.66, 'eval_runtime': 0.3288, 'eval_samples_per_second': 912.372, 'eval_steps_per_second': 115.567, 'epoch': 4.09}
{'loss': 0.409, 'learning_rate': 1.1379310344827587e-05, 'epoch': 4.31}
{'eval_loss': 1.2687249183654785, 'eval_accuracy': 0.65, 'eval_f1': 0.648138530592207, 'eval_precision': 0.6634112396016444, 'eval_recall': 0.65, 'eval_runtime': 0.3304, 'eval_samples_per_second': 908.093, 'eval_steps_per_second': 115.025, 'epoch': 4.31}
{'loss': 0.3307, 'learning_rate': 1.0948275862068966e-05, 'epoch': 4.53}
{'eval_loss': 1.2504833936691284, 'eval_accuracy': 0.65, 'eval_f1': 0.646348305974984, 'eval_precision': 0.6535040448999259, 'eval_recall': 0.65, 'eval_runtime': 0.3306, 'eval_samples_per_second': 907.472, 'eval_steps_per_second': 114.946, 'epoch': 4.53}
{'loss': 0.4157, 'learning_rate': 1.0517241379310346e-05, 'epoch': 4.74}
{'eval_loss': 1.4063835144042969, 'eval_accuracy': 0.64, 'eval_f1': 0.635631647884702, 'eval_precision': 0.6654002267627827, 'eval_recall': 0.64, 'eval_runtime': 0.3305, 'eval_samples_per_second': 907.775, 'eval_steps_per_second': 114.985, 'epoch': 4.74}
{'loss': 0.357, 'learning_rate': 1.0086206896551725e-05, 'epoch': 4.96}
{'eval_loss': 1.2902328968048096, 'eval_accuracy': 0.6766666666666666, 'eval_f1': 0.6781965764732577, 'eval_precision': 0.6982638944032526, 'eval_recall': 0.6766666666666666, 'eval_runtime': 0.3293, 'eval_samples_per_second': 911.144, 'eval_steps_per_second': 115.412, 'epoch': 4.96}
{'loss': 0.2504, 'learning_rate': 9.655172413793105e-06, 'epoch': 5.17}
{'eval_loss': 1.4327763319015503, 'eval_accuracy': 0.64, 'eval_f1': 0.6424068066228532, 'eval_precision': 0.6718146407685882, 'eval_recall': 0.64, 'eval_runtime': 0.3287, 'eval_samples_per_second': 912.659, 'eval_steps_per_second': 115.603, 'epoch': 5.17}
{'loss': 0.2657, 'learning_rate': 9.224137931034484e-06, 'epoch': 5.39}
{'eval_loss': 1.3955541849136353, 'eval_accuracy': 0.6566666666666666, 'eval_f1': 0.6539366449031693, 'eval_precision': 0.6770658301074315, 'eval_recall': 0.6566666666666666, 'eval_runtime': 0.3291, 'eval_samples_per_second': 911.682, 'eval_steps_per_second': 115.48, 'epoch': 5.39}
{'loss': 0.1902, 'learning_rate': 8.793103448275862e-06, 'epoch': 5.6}
{'eval_loss': 1.4251163005828857, 'eval_accuracy': 0.66, 'eval_f1': 0.6631450068125818, 'eval_precision': 0.6867161255884383, 'eval_recall': 0.66, 'eval_runtime': 0.3288, 'eval_samples_per_second': 912.315, 'eval_steps_per_second': 115.56, 'epoch': 5.6}
{'loss': 0.294, 'learning_rate': 8.362068965517242e-06, 'epoch': 5.82}
{'eval_loss': 1.4262301921844482, 'eval_accuracy': 0.66, 'eval_f1': 0.6578590269632851, 'eval_precision': 0.670292509228791, 'eval_recall': 0.66, 'eval_runtime': 0.3315, 'eval_samples_per_second': 904.961, 'eval_steps_per_second': 114.628, 'epoch': 5.82}
{'loss': 0.1787, 'learning_rate': 7.93103448275862e-06, 'epoch': 6.03}
{'eval_loss': 1.4240633249282837, 'eval_accuracy': 0.66, 'eval_f1': 0.6629959272717325, 'eval_precision': 0.6773303957480428, 'eval_recall': 0.66, 'eval_runtime': 0.3308, 'eval_samples_per_second': 906.756, 'eval_steps_per_second': 114.856, 'epoch': 6.03}
{'loss': 0.2057, 'learning_rate': 7.500000000000001e-06, 'epoch': 6.25}
{'eval_loss': 1.5081528425216675, 'eval_accuracy': 0.6866666666666666, 'eval_f1': 0.691294083827253, 'eval_precision': 0.7080149994970214, 'eval_recall': 0.6866666666666666, 'eval_runtime': 0.3283, 'eval_samples_per_second': 913.68, 'eval_steps_per_second': 115.733, 'epoch': 6.25}
{'loss': 0.1832, 'learning_rate': 7.0689655172413796e-06, 'epoch': 6.47}
{'eval_loss': 1.5525466203689575, 'eval_accuracy': 0.66, 'eval_f1': 0.6642622926366812, 'eval_precision': 0.6853157695127456, 'eval_recall': 0.66, 'eval_runtime': 0.3341, 'eval_samples_per_second': 897.986, 'eval_steps_per_second': 113.745, 'epoch': 6.47}
{'loss': 0.1349, 'learning_rate': 6.63793103448276e-06, 'epoch': 6.68}
{'eval_loss': 1.659397006034851, 'eval_accuracy': 0.6766666666666666, 'eval_f1': 0.6803753928756682, 'eval_precision': 0.7035990166412162, 'eval_recall': 0.6766666666666666, 'eval_runtime': 0.3288, 'eval_samples_per_second': 912.429, 'eval_steps_per_second': 115.574, 'epoch': 6.68}
{'loss': 0.1838, 'learning_rate': 6.206896551724138e-06, 'epoch': 6.9}
{'eval_loss': 1.617098093032837, 'eval_accuracy': 0.6566666666666666, 'eval_f1': 0.6579479078840748, 'eval_precision': 0.6692364384547156, 'eval_recall': 0.6566666666666666, 'eval_runtime': 0.329, 'eval_samples_per_second': 911.747, 'eval_steps_per_second': 115.488, 'epoch': 6.9}
{'loss': 0.1598, 'learning_rate': 5.775862068965518e-06, 'epoch': 7.11}
{'eval_loss': 1.6858221292495728, 'eval_accuracy': 0.6666666666666666, 'eval_f1': 0.6668761707315483, 'eval_precision': 0.677662196191608, 'eval_recall': 0.6666666666666666, 'eval_runtime': 0.33, 'eval_samples_per_second': 909.223, 'eval_steps_per_second': 115.168, 'epoch': 7.11}
{'loss': 0.0836, 'learning_rate': 5.344827586206896e-06, 'epoch': 7.33}
{'eval_loss': 1.704951286315918, 'eval_accuracy': 0.6633333333333333, 'eval_f1': 0.6655130392636881, 'eval_precision': 0.6798441123147007, 'eval_recall': 0.6633333333333333, 'eval_runtime': 0.3294, 'eval_samples_per_second': 910.821, 'eval_steps_per_second': 115.371, 'epoch': 7.33}
{'loss': 0.1183, 'learning_rate': 4.9137931034482765e-06, 'epoch': 7.54}
{'eval_loss': 1.712099552154541, 'eval_accuracy': 0.6566666666666666, 'eval_f1': 0.6567851855387565, 'eval_precision': 0.6696793020100595, 'eval_recall': 0.6566666666666666, 'eval_runtime': 0.3276, 'eval_samples_per_second': 915.709, 'eval_steps_per_second': 115.99, 'epoch': 7.54}
{'loss': 0.0641, 'learning_rate': 4.482758620689656e-06, 'epoch': 7.76}
{'eval_loss': 1.6983129978179932, 'eval_accuracy': 0.6633333333333333, 'eval_f1': 0.6633001986795637, 'eval_precision': 0.6751818205873934, 'eval_recall': 0.6633333333333333, 'eval_runtime': 0.3291, 'eval_samples_per_second': 911.631, 'eval_steps_per_second': 115.473, 'epoch': 7.76}
{'loss': 0.1507, 'learning_rate': 4.051724137931034e-06, 'epoch': 7.97}
{'eval_loss': 1.7613600492477417, 'eval_accuracy': 0.6566666666666666, 'eval_f1': 0.660108987971465, 'eval_precision': 0.6740419519326771, 'eval_recall': 0.6566666666666666, 'eval_runtime': 0.3293, 'eval_samples_per_second': 911.146, 'eval_steps_per_second': 115.412, 'epoch': 7.97}
{'loss': 0.0857, 'learning_rate': 3.620689655172414e-06, 'epoch': 8.19}
{'eval_loss': 1.7585757970809937, 'eval_accuracy': 0.6766666666666666, 'eval_f1': 0.6780545597415408, 'eval_precision': 0.6894908479954247, 'eval_recall': 0.6766666666666666, 'eval_runtime': 0.3322, 'eval_samples_per_second': 903.125, 'eval_steps_per_second': 114.396, 'epoch': 8.19}
{'loss': 0.1066, 'learning_rate': 3.1896551724137935e-06, 'epoch': 8.41}
{'eval_loss': 1.698655605316162, 'eval_accuracy': 0.6866666666666666, 'eval_f1': 0.690950971430017, 'eval_precision': 0.7065328979013189, 'eval_recall': 0.6866666666666666, 'eval_runtime': 0.3292, 'eval_samples_per_second': 911.242, 'eval_steps_per_second': 115.424, 'epoch': 8.41}
{'loss': 0.0798, 'learning_rate': 2.7586206896551725e-06, 'epoch': 8.62}
{'eval_loss': 1.7513591051101685, 'eval_accuracy': 0.6666666666666666, 'eval_f1': 0.6686340949014917, 'eval_precision': 0.6822425425641537, 'eval_recall': 0.6666666666666666, 'eval_runtime': 0.3312, 'eval_samples_per_second': 905.826, 'eval_steps_per_second': 114.738, 'epoch': 8.62}
{'loss': 0.0817, 'learning_rate': 2.327586206896552e-06, 'epoch': 8.84}
{'eval_loss': 1.7502514123916626, 'eval_accuracy': 0.67, 'eval_f1': 0.6721843110385483, 'eval_precision': 0.687885066583017, 'eval_recall': 0.67, 'eval_runtime': 0.3297, 'eval_samples_per_second': 909.914, 'eval_steps_per_second': 115.256, 'epoch': 8.84}
{'loss': 0.077, 'learning_rate': 1.896551724137931e-06, 'epoch': 9.05}
{'eval_loss': 1.7863786220550537, 'eval_accuracy': 0.67, 'eval_f1': 0.6725092703305066, 'eval_precision': 0.6881748429965129, 'eval_recall': 0.67, 'eval_runtime': 0.3313, 'eval_samples_per_second': 905.509, 'eval_steps_per_second': 114.698, 'epoch': 9.05}
{'loss': 0.0431, 'learning_rate': 1.4655172413793104e-06, 'epoch': 9.27}
{'eval_loss': 1.777801513671875, 'eval_accuracy': 0.67, 'eval_f1': 0.6732759338605435, 'eval_precision': 0.6880773244878778, 'eval_recall': 0.67, 'eval_runtime': 0.3305, 'eval_samples_per_second': 907.802, 'eval_steps_per_second': 114.988, 'epoch': 9.27}
{'loss': 0.0407, 'learning_rate': 1.0344827586206898e-06, 'epoch': 9.48}
{'eval_loss': 1.7849639654159546, 'eval_accuracy': 0.6733333333333333, 'eval_f1': 0.6753760991069511, 'eval_precision': 0.6879974431172355, 'eval_recall': 0.6733333333333333, 'eval_runtime': 0.3292, 'eval_samples_per_second': 911.326, 'eval_steps_per_second': 115.435, 'epoch': 9.48}
{'loss': 0.0721, 'learning_rate': 6.034482758620691e-07, 'epoch': 9.7}
{'eval_loss': 1.7821669578552246, 'eval_accuracy': 0.6733333333333333, 'eval_f1': 0.675287639163092, 'eval_precision': 0.689637214896682, 'eval_recall': 0.6733333333333333, 'eval_runtime': 0.328, 'eval_samples_per_second': 914.532, 'eval_steps_per_second': 115.841, 'epoch': 9.7}
{'loss': 0.0752, 'learning_rate': 1.7241379310344828e-07, 'epoch': 9.91}
{'eval_loss': 1.7864803075790405, 'eval_accuracy': 0.67, 'eval_f1': 0.6720673879225354, 'eval_precision': 0.6845466584835275, 'eval_recall': 0.67, 'eval_runtime': 0.3295, 'eval_samples_per_second': 910.411, 'eval_steps_per_second': 115.319, 'epoch': 9.91}
{'train_runtime': 179.1134, 'train_samples_per_second': 103.231, 'train_steps_per_second': 12.953, 'train_loss': 0.6451469766168759, 'epoch': 10.0}
performance on train data
                        precision    recall  f1-score   support

            ad hominem       1.00      1.00      1.00       225
            ad populum       0.98      0.99      0.98       158
     appeal to emotion       1.00      1.00      1.00       130
    circular reasoning       0.99      1.00      1.00       134
          equivocation       0.97      0.90      0.93        39
fallacy of credibility       0.99      0.99      0.99       107
  fallacy of extension       0.99      1.00      1.00       106
      fallacy of logic       0.97      0.97      0.97       121
  fallacy of relevance       0.98      1.00      0.99       114
       false causality       1.00      0.98      0.99       174
         false dilemma       0.99      0.99      0.99       110
 faulty generalization       0.99      0.99      0.99       319
           intentional       0.99      1.00      1.00       112

              accuracy                           0.99      1849
             macro avg       0.99      0.99      0.99      1849
          weighted avg       0.99      0.99      0.99      1849

performance on eval data
                        precision    recall  f1-score   support

            ad hominem       0.74      0.78      0.76        36
            ad populum       0.85      0.77      0.81        44
     appeal to emotion       0.62      0.57      0.59        14
    circular reasoning       0.65      0.72      0.68        18
          equivocation       0.67      0.80      0.73         5
fallacy of credibility       0.33      0.62      0.43         8
  fallacy of extension       0.55      0.43      0.48        14
      fallacy of logic       0.61      0.82      0.70        17
  fallacy of relevance       0.65      0.46      0.54        24
       false causality       0.61      0.58      0.60        24
         false dilemma       1.00      0.79      0.88        19
 faulty generalization       0.66      0.66      0.66        61
           intentional       0.50      0.56      0.53        16

              accuracy                           0.67       300
             macro avg       0.65      0.66      0.64       300
          weighted avg       0.68      0.67      0.67       300

performance on test data
                        precision    recall  f1-score   support

            ad hominem       0.67      0.80      0.73        41
            ad populum       0.77      0.80      0.79        30
     appeal to emotion       0.61      0.61      0.61        23
    circular reasoning       0.65      0.58      0.61        19
          equivocation       0.50      0.40      0.44         5
fallacy of credibility       0.33      0.41      0.37        17
  fallacy of extension       0.56      0.48      0.51        21
      fallacy of logic       0.62      0.57      0.59        14
  fallacy of relevance       0.53      0.33      0.41        24
       false causality       0.59      0.56      0.57        18
         false dilemma       0.92      0.92      0.92        12
 faulty generalization       0.66      0.69      0.67        61
           intentional       0.38      0.40      0.39        15

              accuracy                           0.62       300
             macro avg       0.60      0.58      0.59       300
          weighted avg       0.62      0.62      0.62       300

