/cluster/raid/home/zhivar.sourati/logical-fallacy-identification/AMR_parsers_and_graphs
Tue Sep 20 01:55:10 2022       
+-----------------------------------------------------------------------------+
| NVIDIA-SMI 460.32.03    Driver Version: 460.32.03    CUDA Version: 11.2     |
|-------------------------------+----------------------+----------------------+
| GPU  Name        Persistence-M| Bus-Id        Disp.A | Volatile Uncorr. ECC |
| Fan  Temp  Perf  Pwr:Usage/Cap|         Memory-Usage | GPU-Util  Compute M. |
|                               |                      |               MIG M. |
|===============================+======================+======================|
|   0  A100-PCIE-40GB      Off  | 00000000:27:00.0 Off |                    0 |
| N/A   32C    P0    33W / 250W |      0MiB / 40536MiB |      0%      Default |
|                               |                      |             Disabled |
+-------------------------------+----------------------+----------------------+
                                                                               
+-----------------------------------------------------------------------------+
| Processes:                                                                  |
|  GPU   GI   CI        PID   Type   Process name                  GPU Memory |
|        ID   ID                                                   Usage      |
|=============================================================================|
|  No running processes found                                                 |
+-----------------------------------------------------------------------------+
0
Model loaded!
Start the training ...
{'loss': 2.5139, 'learning_rate': 9.865301724137933e-06, 'epoch': 0.43}
{'eval_loss': 2.457171678543091, 'eval_accuracy': 0.15666666666666668, 'eval_f1': 0.07540490993145224, 'eval_precision': 0.06269363951157281, 'eval_recall': 0.15666666666666668, 'eval_runtime': 0.6451, 'eval_samples_per_second': 465.018, 'eval_steps_per_second': 29.451, 'epoch': 0.43}
{'loss': 2.5092, 'learning_rate': 9.730603448275863e-06, 'epoch': 0.86}
{'eval_loss': 2.4253756999969482, 'eval_accuracy': 0.20333333333333334, 'eval_f1': 0.06871652816251154, 'eval_precision': 0.04134444444444445, 'eval_recall': 0.20333333333333334, 'eval_runtime': 0.6375, 'eval_samples_per_second': 470.59, 'eval_steps_per_second': 29.804, 'epoch': 0.86}
{'loss': 2.4189, 'learning_rate': 9.595905172413795e-06, 'epoch': 1.29}
{'eval_loss': 2.3492507934570312, 'eval_accuracy': 0.25666666666666665, 'eval_f1': 0.13056860742254, 'eval_precision': 0.09364703485855422, 'eval_recall': 0.25666666666666665, 'eval_runtime': 0.6408, 'eval_samples_per_second': 468.2, 'eval_steps_per_second': 29.653, 'epoch': 1.29}
{'loss': 2.4163, 'learning_rate': 9.461206896551725e-06, 'epoch': 1.72}
{'eval_loss': 2.1541154384613037, 'eval_accuracy': 0.30333333333333334, 'eval_f1': 0.21143859564592418, 'eval_precision': 0.24647536945812806, 'eval_recall': 0.30333333333333334, 'eval_runtime': 0.6428, 'eval_samples_per_second': 466.738, 'eval_steps_per_second': 29.56, 'epoch': 1.72}
{'loss': 2.1849, 'learning_rate': 9.326508620689657e-06, 'epoch': 2.16}
{'eval_loss': 1.7489491701126099, 'eval_accuracy': 0.45, 'eval_f1': 0.4048061309829286, 'eval_precision': 0.4676510768279569, 'eval_recall': 0.45, 'eval_runtime': 0.6391, 'eval_samples_per_second': 469.417, 'eval_steps_per_second': 29.73, 'epoch': 2.16}
{'loss': 1.7885, 'learning_rate': 9.191810344827587e-06, 'epoch': 2.59}
{'eval_loss': 1.5245864391326904, 'eval_accuracy': 0.5566666666666666, 'eval_f1': 0.5405184673439586, 'eval_precision': 0.6199656113247084, 'eval_recall': 0.5566666666666666, 'eval_runtime': 0.6433, 'eval_samples_per_second': 466.328, 'eval_steps_per_second': 29.534, 'epoch': 2.59}
{'loss': 1.5671, 'learning_rate': 9.057112068965519e-06, 'epoch': 3.02}
{'eval_loss': 1.3253093957901, 'eval_accuracy': 0.6, 'eval_f1': 0.5879445041099474, 'eval_precision': 0.6156229239170415, 'eval_recall': 0.6, 'eval_runtime': 0.6403, 'eval_samples_per_second': 468.495, 'eval_steps_per_second': 29.671, 'epoch': 3.02}
{'loss': 1.1891, 'learning_rate': 8.922413793103449e-06, 'epoch': 3.45}
{'eval_loss': 1.287933111190796, 'eval_accuracy': 0.62, 'eval_f1': 0.6064280129570059, 'eval_precision': 0.6921568409040029, 'eval_recall': 0.62, 'eval_runtime': 0.642, 'eval_samples_per_second': 467.273, 'eval_steps_per_second': 29.594, 'epoch': 3.45}
{'loss': 1.1145, 'learning_rate': 8.787715517241379e-06, 'epoch': 3.88}
{'eval_loss': 1.171047329902649, 'eval_accuracy': 0.6333333333333333, 'eval_f1': 0.6267437030235312, 'eval_precision': 0.6436487797003442, 'eval_recall': 0.6333333333333333, 'eval_runtime': 0.6422, 'eval_samples_per_second': 467.156, 'eval_steps_per_second': 29.587, 'epoch': 3.88}
{'loss': 0.8788, 'learning_rate': 8.65301724137931e-06, 'epoch': 4.31}
{'eval_loss': 1.1263911724090576, 'eval_accuracy': 0.6533333333333333, 'eval_f1': 0.6419751805032625, 'eval_precision': 0.6500557127198705, 'eval_recall': 0.6533333333333333, 'eval_runtime': 0.6446, 'eval_samples_per_second': 465.435, 'eval_steps_per_second': 29.478, 'epoch': 4.31}
{'loss': 0.7503, 'learning_rate': 8.518318965517241e-06, 'epoch': 4.74}
{'eval_loss': 1.1135475635528564, 'eval_accuracy': 0.6833333333333333, 'eval_f1': 0.6809662474572036, 'eval_precision': 0.7001209670077317, 'eval_recall': 0.6833333333333333, 'eval_runtime': 0.6419, 'eval_samples_per_second': 467.354, 'eval_steps_per_second': 29.599, 'epoch': 4.74}
{'loss': 0.656, 'learning_rate': 8.383620689655173e-06, 'epoch': 5.17}
{'eval_loss': 1.1140480041503906, 'eval_accuracy': 0.6766666666666666, 'eval_f1': 0.6716490653946975, 'eval_precision': 0.7014414039017112, 'eval_recall': 0.6766666666666666, 'eval_runtime': 0.64, 'eval_samples_per_second': 468.718, 'eval_steps_per_second': 29.685, 'epoch': 5.17}
{'loss': 0.5015, 'learning_rate': 8.248922413793105e-06, 'epoch': 5.6}
{'eval_loss': 1.1036782264709473, 'eval_accuracy': 0.6866666666666666, 'eval_f1': 0.6788614051071933, 'eval_precision': 0.6974852893997665, 'eval_recall': 0.6866666666666666, 'eval_runtime': 0.6383, 'eval_samples_per_second': 469.988, 'eval_steps_per_second': 29.766, 'epoch': 5.6}
{'loss': 0.4812, 'learning_rate': 8.114224137931035e-06, 'epoch': 6.03}
{'eval_loss': 1.0875930786132812, 'eval_accuracy': 0.7, 'eval_f1': 0.697401322995276, 'eval_precision': 0.7089724826548566, 'eval_recall': 0.7, 'eval_runtime': 0.6445, 'eval_samples_per_second': 465.483, 'eval_steps_per_second': 29.481, 'epoch': 6.03}
{'loss': 0.3172, 'learning_rate': 7.979525862068967e-06, 'epoch': 6.47}
{'eval_loss': 1.047086477279663, 'eval_accuracy': 0.73, 'eval_f1': 0.7272513834861106, 'eval_precision': 0.7403600698579027, 'eval_recall': 0.73, 'eval_runtime': 0.645, 'eval_samples_per_second': 465.085, 'eval_steps_per_second': 29.455, 'epoch': 6.47}
{'loss': 0.3662, 'learning_rate': 7.844827586206897e-06, 'epoch': 6.9}
{'eval_loss': 1.0983061790466309, 'eval_accuracy': 0.71, 'eval_f1': 0.7114338879560744, 'eval_precision': 0.721198640929861, 'eval_recall': 0.71, 'eval_runtime': 0.6396, 'eval_samples_per_second': 469.007, 'eval_steps_per_second': 29.704, 'epoch': 6.9}
{'loss': 0.2408, 'learning_rate': 7.710129310344829e-06, 'epoch': 7.33}
{'eval_loss': 1.2675684690475464, 'eval_accuracy': 0.7033333333333334, 'eval_f1': 0.7034294018178513, 'eval_precision': 0.7262940052700922, 'eval_recall': 0.7033333333333334, 'eval_runtime': 0.6459, 'eval_samples_per_second': 464.485, 'eval_steps_per_second': 29.417, 'epoch': 7.33}
{'loss': 0.2122, 'learning_rate': 7.57543103448276e-06, 'epoch': 7.76}
{'eval_loss': 1.1634241342544556, 'eval_accuracy': 0.71, 'eval_f1': 0.7115443490709633, 'eval_precision': 0.7217969351577843, 'eval_recall': 0.71, 'eval_runtime': 0.643, 'eval_samples_per_second': 466.527, 'eval_steps_per_second': 29.547, 'epoch': 7.76}
{'loss': 0.2182, 'learning_rate': 7.44073275862069e-06, 'epoch': 8.19}
{'eval_loss': 1.2801988124847412, 'eval_accuracy': 0.71, 'eval_f1': 0.7089270666283383, 'eval_precision': 0.7184036972571952, 'eval_recall': 0.71, 'eval_runtime': 0.6461, 'eval_samples_per_second': 464.343, 'eval_steps_per_second': 29.408, 'epoch': 8.19}
{'loss': 0.1675, 'learning_rate': 7.306034482758622e-06, 'epoch': 8.62}
{'eval_loss': 1.2798542976379395, 'eval_accuracy': 0.7233333333333334, 'eval_f1': 0.7233083331736868, 'eval_precision': 0.7426641536199807, 'eval_recall': 0.7233333333333334, 'eval_runtime': 0.6458, 'eval_samples_per_second': 464.536, 'eval_steps_per_second': 29.421, 'epoch': 8.62}
{'loss': 0.1616, 'learning_rate': 7.171336206896552e-06, 'epoch': 9.05}
{'eval_loss': 1.3928941488265991, 'eval_accuracy': 0.7066666666666667, 'eval_f1': 0.7088939758146062, 'eval_precision': 0.7248001116033724, 'eval_recall': 0.7066666666666667, 'eval_runtime': 0.6372, 'eval_samples_per_second': 470.779, 'eval_steps_per_second': 29.816, 'epoch': 9.05}
{'loss': 0.086, 'learning_rate': 7.036637931034484e-06, 'epoch': 9.48}
{'eval_loss': 1.4090604782104492, 'eval_accuracy': 0.71, 'eval_f1': 0.713335127754234, 'eval_precision': 0.735408394372886, 'eval_recall': 0.71, 'eval_runtime': 0.6399, 'eval_samples_per_second': 468.799, 'eval_steps_per_second': 29.691, 'epoch': 9.48}
{'loss': 0.1298, 'learning_rate': 6.901939655172414e-06, 'epoch': 9.91}
{'eval_loss': 1.4214932918548584, 'eval_accuracy': 0.72, 'eval_f1': 0.7160443982268881, 'eval_precision': 0.7360929403929404, 'eval_recall': 0.72, 'eval_runtime': 0.6403, 'eval_samples_per_second': 468.552, 'eval_steps_per_second': 29.675, 'epoch': 9.91}
{'loss': 0.0943, 'learning_rate': 6.767241379310346e-06, 'epoch': 10.34}
{'eval_loss': 1.45110023021698, 'eval_accuracy': 0.74, 'eval_f1': 0.7404186698221076, 'eval_precision': 0.7594246072698084, 'eval_recall': 0.74, 'eval_runtime': 0.6426, 'eval_samples_per_second': 466.859, 'eval_steps_per_second': 29.568, 'epoch': 10.34}
{'loss': 0.0858, 'learning_rate': 6.632543103448277e-06, 'epoch': 10.78}
{'eval_loss': 1.4568158388137817, 'eval_accuracy': 0.7166666666666667, 'eval_f1': 0.7171331446875656, 'eval_precision': 0.7331517528249949, 'eval_recall': 0.7166666666666667, 'eval_runtime': 0.6409, 'eval_samples_per_second': 468.099, 'eval_steps_per_second': 29.646, 'epoch': 10.78}
{'loss': 0.0848, 'learning_rate': 6.497844827586207e-06, 'epoch': 11.21}
{'eval_loss': 1.551199197769165, 'eval_accuracy': 0.72, 'eval_f1': 0.7198154281049871, 'eval_precision': 0.7447763874983457, 'eval_recall': 0.72, 'eval_runtime': 0.641, 'eval_samples_per_second': 468.035, 'eval_steps_per_second': 29.642, 'epoch': 11.21}
{'loss': 0.0388, 'learning_rate': 6.363146551724139e-06, 'epoch': 11.64}
{'eval_loss': 1.591705560684204, 'eval_accuracy': 0.72, 'eval_f1': 0.7203880902261928, 'eval_precision': 0.7366435413567196, 'eval_recall': 0.72, 'eval_runtime': 0.6409, 'eval_samples_per_second': 468.075, 'eval_steps_per_second': 29.645, 'epoch': 11.64}
{'loss': 0.052, 'learning_rate': 6.228448275862069e-06, 'epoch': 12.07}
{'eval_loss': 1.7523034811019897, 'eval_accuracy': 0.69, 'eval_f1': 0.692547081067272, 'eval_precision': 0.7203768559813759, 'eval_recall': 0.69, 'eval_runtime': 0.6498, 'eval_samples_per_second': 461.66, 'eval_steps_per_second': 29.238, 'epoch': 12.07}
{'loss': 0.0571, 'learning_rate': 6.093750000000001e-06, 'epoch': 12.5}
{'eval_loss': 1.7620739936828613, 'eval_accuracy': 0.7, 'eval_f1': 0.7023145908580223, 'eval_precision': 0.7465607349040917, 'eval_recall': 0.7, 'eval_runtime': 0.6453, 'eval_samples_per_second': 464.869, 'eval_steps_per_second': 29.442, 'epoch': 12.5}
{'loss': 0.0676, 'learning_rate': 5.959051724137932e-06, 'epoch': 12.93}
{'eval_loss': 1.735663652420044, 'eval_accuracy': 0.73, 'eval_f1': 0.7325759522330426, 'eval_precision': 0.7511412012863139, 'eval_recall': 0.73, 'eval_runtime': 0.6454, 'eval_samples_per_second': 464.864, 'eval_steps_per_second': 29.441, 'epoch': 12.93}
{'loss': 0.0439, 'learning_rate': 5.824353448275863e-06, 'epoch': 13.36}
{'eval_loss': 1.7347412109375, 'eval_accuracy': 0.7133333333333334, 'eval_f1': 0.7121243387783189, 'eval_precision': 0.7273315270354469, 'eval_recall': 0.7133333333333334, 'eval_runtime': 0.6436, 'eval_samples_per_second': 466.109, 'eval_steps_per_second': 29.52, 'epoch': 13.36}
{'loss': 0.0366, 'learning_rate': 5.689655172413794e-06, 'epoch': 13.79}
{'eval_loss': 1.8446427583694458, 'eval_accuracy': 0.71, 'eval_f1': 0.7149685121970645, 'eval_precision': 0.7332178146629613, 'eval_recall': 0.71, 'eval_runtime': 0.6455, 'eval_samples_per_second': 464.765, 'eval_steps_per_second': 29.435, 'epoch': 13.79}
{'loss': 0.0443, 'learning_rate': 5.554956896551724e-06, 'epoch': 14.22}
{'eval_loss': 1.7937878370285034, 'eval_accuracy': 0.7233333333333334, 'eval_f1': 0.7232809862034439, 'eval_precision': 0.7314403830224822, 'eval_recall': 0.7233333333333334, 'eval_runtime': 0.6441, 'eval_samples_per_second': 465.794, 'eval_steps_per_second': 29.5, 'epoch': 14.22}
{'loss': 0.0351, 'learning_rate': 5.420258620689656e-06, 'epoch': 14.66}
{'eval_loss': 1.8602893352508545, 'eval_accuracy': 0.7133333333333334, 'eval_f1': 0.712851243330313, 'eval_precision': 0.7294987337541685, 'eval_recall': 0.7133333333333334, 'eval_runtime': 0.6467, 'eval_samples_per_second': 463.892, 'eval_steps_per_second': 29.38, 'epoch': 14.66}
{'loss': 0.0327, 'learning_rate': 5.285560344827588e-06, 'epoch': 15.09}
{'eval_loss': 1.9975484609603882, 'eval_accuracy': 0.7066666666666667, 'eval_f1': 0.7097862909578333, 'eval_precision': 0.7342702888936828, 'eval_recall': 0.7066666666666667, 'eval_runtime': 0.6429, 'eval_samples_per_second': 466.613, 'eval_steps_per_second': 29.552, 'epoch': 15.09}
{'loss': 0.0169, 'learning_rate': 5.150862068965518e-06, 'epoch': 15.52}
{'eval_loss': 1.8773895502090454, 'eval_accuracy': 0.6933333333333334, 'eval_f1': 0.7001817728465439, 'eval_precision': 0.727191895610781, 'eval_recall': 0.6933333333333334, 'eval_runtime': 0.6461, 'eval_samples_per_second': 464.335, 'eval_steps_per_second': 29.408, 'epoch': 15.52}
{'loss': 0.0238, 'learning_rate': 5.016163793103449e-06, 'epoch': 15.95}
{'eval_loss': 1.8593928813934326, 'eval_accuracy': 0.73, 'eval_f1': 0.731006956544597, 'eval_precision': 0.7407701641089965, 'eval_recall': 0.73, 'eval_runtime': 0.6458, 'eval_samples_per_second': 464.537, 'eval_steps_per_second': 29.421, 'epoch': 15.95}
{'loss': 0.0125, 'learning_rate': 4.88146551724138e-06, 'epoch': 16.38}
{'eval_loss': 2.010279655456543, 'eval_accuracy': 0.73, 'eval_f1': 0.7305648734500177, 'eval_precision': 0.7435634356928474, 'eval_recall': 0.73, 'eval_runtime': 0.6429, 'eval_samples_per_second': 466.645, 'eval_steps_per_second': 29.554, 'epoch': 16.38}
{'loss': 0.0338, 'learning_rate': 4.746767241379311e-06, 'epoch': 16.81}
{'eval_loss': 1.9705836772918701, 'eval_accuracy': 0.71, 'eval_f1': 0.7153942305408785, 'eval_precision': 0.7404505005993528, 'eval_recall': 0.71, 'eval_runtime': 0.6464, 'eval_samples_per_second': 464.126, 'eval_steps_per_second': 29.395, 'epoch': 16.81}
{'loss': 0.0203, 'learning_rate': 4.612068965517242e-06, 'epoch': 17.24}
{'eval_loss': 1.9467968940734863, 'eval_accuracy': 0.72, 'eval_f1': 0.7216092261623311, 'eval_precision': 0.7331388037379536, 'eval_recall': 0.72, 'eval_runtime': 0.6457, 'eval_samples_per_second': 464.581, 'eval_steps_per_second': 29.423, 'epoch': 17.24}
{'loss': 0.034, 'learning_rate': 4.477370689655173e-06, 'epoch': 17.67}
{'eval_loss': 1.97337806224823, 'eval_accuracy': 0.7, 'eval_f1': 0.7033327849569488, 'eval_precision': 0.7268426770790435, 'eval_recall': 0.7, 'eval_runtime': 0.6378, 'eval_samples_per_second': 470.36, 'eval_steps_per_second': 29.789, 'epoch': 17.67}
{'loss': 0.0139, 'learning_rate': 4.342672413793104e-06, 'epoch': 18.1}
{'eval_loss': 1.932611107826233, 'eval_accuracy': 0.7333333333333333, 'eval_f1': 0.7349999491128979, 'eval_precision': 0.7489279731045095, 'eval_recall': 0.7333333333333333, 'eval_runtime': 0.638, 'eval_samples_per_second': 470.198, 'eval_steps_per_second': 29.779, 'epoch': 18.1}
{'loss': 0.0236, 'learning_rate': 4.207974137931035e-06, 'epoch': 18.53}
{'eval_loss': 1.947841763496399, 'eval_accuracy': 0.73, 'eval_f1': 0.7319507954942795, 'eval_precision': 0.7468124635915333, 'eval_recall': 0.73, 'eval_runtime': 0.6429, 'eval_samples_per_second': 466.659, 'eval_steps_per_second': 29.555, 'epoch': 18.53}
{'loss': 0.0248, 'learning_rate': 4.073275862068966e-06, 'epoch': 18.97}
{'eval_loss': 2.078447103500366, 'eval_accuracy': 0.6933333333333334, 'eval_f1': 0.6994825156334846, 'eval_precision': 0.7259873225671098, 'eval_recall': 0.6933333333333334, 'eval_runtime': 0.6405, 'eval_samples_per_second': 468.388, 'eval_steps_per_second': 29.665, 'epoch': 18.97}
{'loss': 0.0178, 'learning_rate': 3.938577586206897e-06, 'epoch': 19.4}
{'eval_loss': 1.9676259756088257, 'eval_accuracy': 0.7233333333333334, 'eval_f1': 0.7246753263146534, 'eval_precision': 0.7355093562217123, 'eval_recall': 0.7233333333333334, 'eval_runtime': 0.6457, 'eval_samples_per_second': 464.584, 'eval_steps_per_second': 29.424, 'epoch': 19.4}
{'loss': 0.006, 'learning_rate': 3.8038793103448278e-06, 'epoch': 19.83}
{'eval_loss': 2.0209405422210693, 'eval_accuracy': 0.7133333333333334, 'eval_f1': 0.7161593480219591, 'eval_precision': 0.7400355987770175, 'eval_recall': 0.7133333333333334, 'eval_runtime': 0.6454, 'eval_samples_per_second': 464.833, 'eval_steps_per_second': 29.439, 'epoch': 19.83}
{'loss': 0.0205, 'learning_rate': 3.6691810344827588e-06, 'epoch': 20.26}
{'eval_loss': 2.0516514778137207, 'eval_accuracy': 0.7066666666666667, 'eval_f1': 0.7137491942140609, 'eval_precision': 0.7409131456118311, 'eval_recall': 0.7066666666666667, 'eval_runtime': 0.6443, 'eval_samples_per_second': 465.614, 'eval_steps_per_second': 29.489, 'epoch': 20.26}
{'loss': 0.0168, 'learning_rate': 3.5344827586206898e-06, 'epoch': 20.69}
{'eval_loss': 1.9896516799926758, 'eval_accuracy': 0.7133333333333334, 'eval_f1': 0.7171730761264304, 'eval_precision': 0.7421449039025765, 'eval_recall': 0.7133333333333334, 'eval_runtime': 0.6458, 'eval_samples_per_second': 464.538, 'eval_steps_per_second': 29.421, 'epoch': 20.69}
{'loss': 0.0114, 'learning_rate': 3.3997844827586208e-06, 'epoch': 21.12}
{'eval_loss': 1.9567042589187622, 'eval_accuracy': 0.72, 'eval_f1': 0.7237280635831841, 'eval_precision': 0.7434868265235571, 'eval_recall': 0.72, 'eval_runtime': 0.6436, 'eval_samples_per_second': 466.099, 'eval_steps_per_second': 29.52, 'epoch': 21.12}
{'loss': 0.0206, 'learning_rate': 3.2650862068965522e-06, 'epoch': 21.55}
{'eval_loss': 1.9915368556976318, 'eval_accuracy': 0.73, 'eval_f1': 0.7322886192346293, 'eval_precision': 0.7487665667665667, 'eval_recall': 0.73, 'eval_runtime': 0.6457, 'eval_samples_per_second': 464.609, 'eval_steps_per_second': 29.425, 'epoch': 21.55}
{'loss': 0.0059, 'learning_rate': 3.1303879310344832e-06, 'epoch': 21.98}
{'eval_loss': 2.0183053016662598, 'eval_accuracy': 0.7133333333333334, 'eval_f1': 0.7163017863220014, 'eval_precision': 0.7324534330159329, 'eval_recall': 0.7133333333333334, 'eval_runtime': 0.6388, 'eval_samples_per_second': 469.599, 'eval_steps_per_second': 29.741, 'epoch': 21.98}
{'loss': 0.0112, 'learning_rate': 2.9956896551724142e-06, 'epoch': 22.41}
{'eval_loss': 2.0282609462738037, 'eval_accuracy': 0.7266666666666667, 'eval_f1': 0.7297733958641117, 'eval_precision': 0.7447185679817259, 'eval_recall': 0.7266666666666667, 'eval_runtime': 0.6428, 'eval_samples_per_second': 466.739, 'eval_steps_per_second': 29.56, 'epoch': 22.41}
{'loss': 0.0125, 'learning_rate': 2.860991379310345e-06, 'epoch': 22.84}
{'eval_loss': 2.0401298999786377, 'eval_accuracy': 0.7133333333333334, 'eval_f1': 0.7152132141085791, 'eval_precision': 0.7350597758037111, 'eval_recall': 0.7133333333333334, 'eval_runtime': 0.6416, 'eval_samples_per_second': 467.609, 'eval_steps_per_second': 29.615, 'epoch': 22.84}
{'loss': 0.0075, 'learning_rate': 2.726293103448276e-06, 'epoch': 23.28}
{'eval_loss': 2.004875421524048, 'eval_accuracy': 0.7166666666666667, 'eval_f1': 0.718137643844532, 'eval_precision': 0.7334111691468915, 'eval_recall': 0.7166666666666667, 'eval_runtime': 0.6428, 'eval_samples_per_second': 466.673, 'eval_steps_per_second': 29.556, 'epoch': 23.28}
{'loss': 0.0112, 'learning_rate': 2.591594827586207e-06, 'epoch': 23.71}
{'eval_loss': 2.0551607608795166, 'eval_accuracy': 0.71, 'eval_f1': 0.7090519942423792, 'eval_precision': 0.7192447764859092, 'eval_recall': 0.71, 'eval_runtime': 0.6413, 'eval_samples_per_second': 467.781, 'eval_steps_per_second': 29.626, 'epoch': 23.71}
{'loss': 0.0164, 'learning_rate': 2.4568965517241382e-06, 'epoch': 24.14}
{'eval_loss': 2.0264270305633545, 'eval_accuracy': 0.72, 'eval_f1': 0.7212975204264844, 'eval_precision': 0.7455168387872755, 'eval_recall': 0.72, 'eval_runtime': 0.6443, 'eval_samples_per_second': 465.653, 'eval_steps_per_second': 29.491, 'epoch': 24.14}
{'loss': 0.0041, 'learning_rate': 2.3221982758620692e-06, 'epoch': 24.57}
{'eval_loss': 2.057873487472534, 'eval_accuracy': 0.7233333333333334, 'eval_f1': 0.7260231611277725, 'eval_precision': 0.7483343367496929, 'eval_recall': 0.7233333333333334, 'eval_runtime': 0.6447, 'eval_samples_per_second': 465.31, 'eval_steps_per_second': 29.47, 'epoch': 24.57}
{'loss': 0.0168, 'learning_rate': 2.1875000000000002e-06, 'epoch': 25.0}
{'eval_loss': 2.051312208175659, 'eval_accuracy': 0.7166666666666667, 'eval_f1': 0.7157031453403224, 'eval_precision': 0.729535327791387, 'eval_recall': 0.7166666666666667, 'eval_runtime': 0.6464, 'eval_samples_per_second': 464.112, 'eval_steps_per_second': 29.394, 'epoch': 25.0}
{'loss': 0.0104, 'learning_rate': 2.0528017241379312e-06, 'epoch': 25.43}
{'eval_loss': 1.996290683746338, 'eval_accuracy': 0.7233333333333334, 'eval_f1': 0.7249531436639333, 'eval_precision': 0.7395445979289308, 'eval_recall': 0.7233333333333334, 'eval_runtime': 0.6433, 'eval_samples_per_second': 466.362, 'eval_steps_per_second': 29.536, 'epoch': 25.43}
{'loss': 0.0141, 'learning_rate': 1.9181034482758622e-06, 'epoch': 25.86}
{'eval_loss': 2.0504629611968994, 'eval_accuracy': 0.7233333333333334, 'eval_f1': 0.7226315379137351, 'eval_precision': 0.735578326415499, 'eval_recall': 0.7233333333333334, 'eval_runtime': 0.6458, 'eval_samples_per_second': 464.521, 'eval_steps_per_second': 29.42, 'epoch': 25.86}
{'loss': 0.0081, 'learning_rate': 1.7834051724137932e-06, 'epoch': 26.29}
{'eval_loss': 2.0793838500976562, 'eval_accuracy': 0.7166666666666667, 'eval_f1': 0.7174935901221834, 'eval_precision': 0.7327072047186598, 'eval_recall': 0.7166666666666667, 'eval_runtime': 0.6412, 'eval_samples_per_second': 467.854, 'eval_steps_per_second': 29.631, 'epoch': 26.29}
{'loss': 0.0023, 'learning_rate': 1.6487068965517242e-06, 'epoch': 26.72}
{'eval_loss': 2.105895519256592, 'eval_accuracy': 0.7066666666666667, 'eval_f1': 0.7080244984443617, 'eval_precision': 0.7242170388908079, 'eval_recall': 0.7066666666666667, 'eval_runtime': 0.6384, 'eval_samples_per_second': 469.902, 'eval_steps_per_second': 29.76, 'epoch': 26.72}
{'loss': 0.0223, 'learning_rate': 1.5140086206896555e-06, 'epoch': 27.16}
{'eval_loss': 2.087355613708496, 'eval_accuracy': 0.7166666666666667, 'eval_f1': 0.7194794989412718, 'eval_precision': 0.7379355206197311, 'eval_recall': 0.7166666666666667, 'eval_runtime': 0.639, 'eval_samples_per_second': 469.5, 'eval_steps_per_second': 29.735, 'epoch': 27.16}
{'loss': 0.008, 'learning_rate': 1.3793103448275862e-06, 'epoch': 27.59}
{'eval_loss': 2.121818780899048, 'eval_accuracy': 0.7166666666666667, 'eval_f1': 0.717758688489218, 'eval_precision': 0.7323404923878759, 'eval_recall': 0.7166666666666667, 'eval_runtime': 0.6433, 'eval_samples_per_second': 466.354, 'eval_steps_per_second': 29.536, 'epoch': 27.59}
{'loss': 0.0049, 'learning_rate': 1.2446120689655175e-06, 'epoch': 28.02}
{'eval_loss': 2.082585096359253, 'eval_accuracy': 0.72, 'eval_f1': 0.7199235556002997, 'eval_precision': 0.731552299810525, 'eval_recall': 0.72, 'eval_runtime': 0.6444, 'eval_samples_per_second': 465.518, 'eval_steps_per_second': 29.483, 'epoch': 28.02}
{'loss': 0.0099, 'learning_rate': 1.1099137931034485e-06, 'epoch': 28.45}
{'eval_loss': 2.091750383377075, 'eval_accuracy': 0.7233333333333334, 'eval_f1': 0.7239131348740043, 'eval_precision': 0.73643285326693, 'eval_recall': 0.7233333333333334, 'eval_runtime': 0.6417, 'eval_samples_per_second': 467.494, 'eval_steps_per_second': 29.608, 'epoch': 28.45}
{'loss': 0.0101, 'learning_rate': 9.752155172413795e-07, 'epoch': 28.88}
{'eval_loss': 2.0914201736450195, 'eval_accuracy': 0.72, 'eval_f1': 0.7209448809057505, 'eval_precision': 0.7352678701019468, 'eval_recall': 0.72, 'eval_runtime': 0.6471, 'eval_samples_per_second': 463.628, 'eval_steps_per_second': 29.363, 'epoch': 28.88}
{'loss': 0.0062, 'learning_rate': 8.405172413793105e-07, 'epoch': 29.31}
{'eval_loss': 2.068023204803467, 'eval_accuracy': 0.7233333333333334, 'eval_f1': 0.7239131348740043, 'eval_precision': 0.73643285326693, 'eval_recall': 0.7233333333333334, 'eval_runtime': 0.6437, 'eval_samples_per_second': 466.053, 'eval_steps_per_second': 29.517, 'epoch': 29.31}
{'loss': 0.0049, 'learning_rate': 7.058189655172415e-07, 'epoch': 29.74}
{'eval_loss': 2.079634189605713, 'eval_accuracy': 0.7166666666666667, 'eval_f1': 0.7181514423181942, 'eval_precision': 0.7341138796674187, 'eval_recall': 0.7166666666666667, 'eval_runtime': 0.6452, 'eval_samples_per_second': 465.006, 'eval_steps_per_second': 29.45, 'epoch': 29.74}
{'loss': 0.0046, 'learning_rate': 5.711206896551725e-07, 'epoch': 30.17}
{'eval_loss': 2.0910987854003906, 'eval_accuracy': 0.72, 'eval_f1': 0.7210155879764575, 'eval_precision': 0.7349302077642844, 'eval_recall': 0.72, 'eval_runtime': 0.6484, 'eval_samples_per_second': 462.689, 'eval_steps_per_second': 29.304, 'epoch': 30.17}
{'loss': 0.0052, 'learning_rate': 4.364224137931035e-07, 'epoch': 30.6}
{'eval_loss': 2.093308448791504, 'eval_accuracy': 0.72, 'eval_f1': 0.721040331207083, 'eval_precision': 0.7351441826977217, 'eval_recall': 0.72, 'eval_runtime': 0.6368, 'eval_samples_per_second': 471.105, 'eval_steps_per_second': 29.837, 'epoch': 30.6}
{'loss': 0.0085, 'learning_rate': 3.0172413793103453e-07, 'epoch': 31.03}
{'eval_loss': 2.0878653526306152, 'eval_accuracy': 0.7166666666666667, 'eval_f1': 0.7181514423181942, 'eval_precision': 0.7341138796674187, 'eval_recall': 0.7166666666666667, 'eval_runtime': 0.6404, 'eval_samples_per_second': 468.486, 'eval_steps_per_second': 29.671, 'epoch': 31.03}
{'loss': 0.0056, 'learning_rate': 1.670258620689655e-07, 'epoch': 31.47}
{'eval_loss': 2.0949506759643555, 'eval_accuracy': 0.7166666666666667, 'eval_f1': 0.7181514423181942, 'eval_precision': 0.7341138796674187, 'eval_recall': 0.7166666666666667, 'eval_runtime': 0.642, 'eval_samples_per_second': 467.323, 'eval_steps_per_second': 29.597, 'epoch': 31.47}
{'loss': 0.0041, 'learning_rate': 3.2327586206896556e-08, 'epoch': 31.9}
{'eval_loss': 2.0941081047058105, 'eval_accuracy': 0.7166666666666667, 'eval_f1': 0.7181514423181942, 'eval_precision': 0.7341138796674187, 'eval_recall': 0.7166666666666667, 'eval_runtime': 0.6395, 'eval_samples_per_second': 469.116, 'eval_steps_per_second': 29.711, 'epoch': 31.9}
{'train_runtime': 856.0152, 'train_samples_per_second': 69.12, 'train_steps_per_second': 4.336, 'train_loss': 0.3240435829683175, 'epoch': 32.0}
PredictionOutput(predictions=array([[ 4.2957425 , -2.1239707 , -1.8680837 , ..., -0.99811697,
         8.457875  ,  0.53060913],
       [-0.8996904 , -2.282948  , -2.2645745 , ..., -0.25727972,
        -1.0387214 ,  0.9773439 ],
       [-0.6894693 ,  2.0018632 , -1.4498204 , ..., -1.5095605 ,
        -1.6816888 , -1.4038447 ],
       ...,
       [-1.0913014 , 10.702037  , -0.7056667 , ..., -0.89297104,
        -0.4771372 , -1.0483793 ],
       [-1.6137252 , -0.30847457, -1.461925  , ..., -1.8133167 ,
         6.1324916 , -1.3417488 ],
       [-0.61441857, -1.768872  , -0.97138906, ..., -0.7124105 ,
        -0.3804116 , -0.8212568 ]], dtype=float32), label_ids=array([ 6, 11,  7,  9, 11,  6,  6, 11,  5,  3,  9, 11,  0,  1, 11, 12,  1,
        7,  0, 12,  3,  1,  8,  3,  6,  8,  0,  0, 11,  0, 11,  3,  3,  5,
        2,  8,  9,  1, 11,  1,  5, 12,  0, 12,  1,  2, 12,  0,  5,  7,  3,
       11,  2,  4,  8,  3, 12, 11, 11, 10,  7, 11,  0, 10, 12,  0,  1,  8,
       12,  5, 10,  5,  1,  8,  0, 12,  1,  7, 10, 12,  7,  7,  2,  0,  2,
       10, 11,  0,  6,  0, 10,  9,  5,  5,  0,  9,  1,  2,  8,  9,  0,  2,
        0,  7, 11,  9,  6,  6,  9,  3, 12,  7, 11, 11, 11, 10,  2,  8,  9,
        0,  7,  3, 11, 11, 12,  8,  0,  4, 11,  5,  8, 11,  1,  5, 11,  7,
       11,  0, 11,  0, 11,  6,  0, 11, 11,  8, 11,  1,  8,  6,  5,  0, 11,
        9,  0,  1,  5,  0,  1,  8,  8,  0,  2, 11, 11,  0,  6,  5,  6, 11,
        2,  2,  7,  9, 11,  1, 11,  1,  8,  9,  8,  6,  3,  8, 10,  1,  2,
        0, 11, 11,  3,  8,  6,  2,  4,  1, 11, 11, 11, 11,  0, 11,  2,  1,
        8,  1,  9,  0,  1, 11,  1,  5,  1,  6,  5,  0,  8,  0,  1, 10, 11,
        9,  0, 11, 12,  2,  4,  0, 11,  2, 12,  2, 11,  7,  3,  2,  2,  8,
        3,  0,  2, 11,  8,  8,  9,  3, 11,  6, 11,  0,  3,  2,  8, 10, 12,
       11,  5, 10,  6,  9, 11,  6,  3,  1,  6,  3,  7, 11,  6,  2, 11,  4,
       10,  9,  2,  0, 11,  5,  1, 11,  6, 11,  9, 11,  0,  0,  0, 11, 11,
        0,  1, 11,  1,  0,  3,  1,  6,  1, 11,  3]), metrics={'test_loss': 2.7245044708251953, 'test_accuracy': 0.63, 'test_f1': 0.6291488380769531, 'test_precision': 0.6438137686122376, 'test_recall': 0.63, 'test_runtime': 0.7391, 'test_samples_per_second': 405.885, 'test_steps_per_second': 25.706})
