/cluster/raid/home/zhivar.sourati/logical-fallacy-identification/AMR_parsers_and_graphs
Mon Sep 19 18:16:06 2022       
+-----------------------------------------------------------------------------+
| NVIDIA-SMI 460.32.03    Driver Version: 460.32.03    CUDA Version: 11.2     |
|-------------------------------+----------------------+----------------------+
| GPU  Name        Persistence-M| Bus-Id        Disp.A | Volatile Uncorr. ECC |
| Fan  Temp  Perf  Pwr:Usage/Cap|         Memory-Usage | GPU-Util  Compute M. |
|                               |                      |               MIG M. |
|===============================+======================+======================|
|   0  A100-PCIE-40GB      Off  | 00000000:27:00.0 Off |                    0 |
| N/A   26C    P0    32W / 250W |      0MiB / 40536MiB |      0%      Default |
|                               |                      |             Disabled |
+-------------------------------+----------------------+----------------------+
                                                                               
+-----------------------------------------------------------------------------+
| Processes:                                                                  |
|  GPU   GI   CI        PID   Type   Process name                  GPU Memory |
|        ID   ID                                                   Usage      |
|=============================================================================|
|  No running processes found                                                 |
+-----------------------------------------------------------------------------+
0
Model loaded!
Start the training ...
{'loss': 2.5385, 'learning_rate': 9.461206896551725e-06, 'epoch': 0.43}
{'eval_loss': 2.4167516231536865, 'eval_accuracy': 0.19666666666666666, 'eval_f1': 0.07287543919301824, 'eval_precision': 0.04938011695906433, 'eval_recall': 0.19666666666666666, 'eval_runtime': 0.6794, 'eval_samples_per_second': 441.573, 'eval_steps_per_second': 27.966, 'epoch': 0.43}
{'loss': 2.4849, 'learning_rate': 8.922413793103449e-06, 'epoch': 0.86}
{'eval_loss': 2.343081474304199, 'eval_accuracy': 0.23, 'eval_f1': 0.10638267875125883, 'eval_precision': 0.08722222222222221, 'eval_recall': 0.23, 'eval_runtime': 0.6392, 'eval_samples_per_second': 469.325, 'eval_steps_per_second': 29.724, 'epoch': 0.86}
{'loss': 2.3439, 'learning_rate': 8.383620689655173e-06, 'epoch': 1.29}
{'eval_loss': 2.1032848358154297, 'eval_accuracy': 0.34, 'eval_f1': 0.25492946943531414, 'eval_precision': 0.31753449527959327, 'eval_recall': 0.34, 'eval_runtime': 0.639, 'eval_samples_per_second': 469.513, 'eval_steps_per_second': 29.736, 'epoch': 1.29}
{'loss': 2.1274, 'learning_rate': 7.844827586206897e-06, 'epoch': 1.72}
{'eval_loss': 1.7899346351623535, 'eval_accuracy': 0.48, 'eval_f1': 0.45231026434945876, 'eval_precision': 0.548609022556391, 'eval_recall': 0.48, 'eval_runtime': 0.6373, 'eval_samples_per_second': 470.703, 'eval_steps_per_second': 29.811, 'epoch': 1.72}
{'loss': 1.8207, 'learning_rate': 7.306034482758622e-06, 'epoch': 2.16}
{'eval_loss': 1.5891737937927246, 'eval_accuracy': 0.5033333333333333, 'eval_f1': 0.47517542422276987, 'eval_precision': 0.513487571685065, 'eval_recall': 0.5033333333333333, 'eval_runtime': 0.6388, 'eval_samples_per_second': 469.644, 'eval_steps_per_second': 29.744, 'epoch': 2.16}
{'loss': 1.4843, 'learning_rate': 6.767241379310346e-06, 'epoch': 2.59}
{'eval_loss': 1.4227546453475952, 'eval_accuracy': 0.5866666666666667, 'eval_f1': 0.5761743946028609, 'eval_precision': 0.6635762202773072, 'eval_recall': 0.5866666666666667, 'eval_runtime': 0.6366, 'eval_samples_per_second': 471.264, 'eval_steps_per_second': 29.847, 'epoch': 2.59}
{'loss': 1.3855, 'learning_rate': 6.228448275862069e-06, 'epoch': 3.02}
{'eval_loss': 1.2470672130584717, 'eval_accuracy': 0.6133333333333333, 'eval_f1': 0.6028139896614338, 'eval_precision': 0.6279235513607747, 'eval_recall': 0.6133333333333333, 'eval_runtime': 0.6417, 'eval_samples_per_second': 467.475, 'eval_steps_per_second': 29.607, 'epoch': 3.02}
{'loss': 1.0762, 'learning_rate': 5.689655172413794e-06, 'epoch': 3.45}
{'eval_loss': 1.2786539793014526, 'eval_accuracy': 0.5966666666666667, 'eval_f1': 0.5851805464798417, 'eval_precision': 0.6428035216752034, 'eval_recall': 0.5966666666666667, 'eval_runtime': 0.6416, 'eval_samples_per_second': 467.56, 'eval_steps_per_second': 29.612, 'epoch': 3.45}
{'loss': 1.018, 'learning_rate': 5.150862068965518e-06, 'epoch': 3.88}
{'eval_loss': 1.221132755279541, 'eval_accuracy': 0.6266666666666667, 'eval_f1': 0.6286241278267423, 'eval_precision': 0.6560153857275273, 'eval_recall': 0.6266666666666667, 'eval_runtime': 0.644, 'eval_samples_per_second': 465.826, 'eval_steps_per_second': 29.502, 'epoch': 3.88}
{'loss': 0.8699, 'learning_rate': 4.612068965517242e-06, 'epoch': 4.31}
{'eval_loss': 1.157074213027954, 'eval_accuracy': 0.6466666666666666, 'eval_f1': 0.6390493027887237, 'eval_precision': 0.6498102006688963, 'eval_recall': 0.6466666666666666, 'eval_runtime': 0.6407, 'eval_samples_per_second': 468.209, 'eval_steps_per_second': 29.653, 'epoch': 4.31}
{'loss': 0.7503, 'learning_rate': 4.073275862068966e-06, 'epoch': 4.74}
{'eval_loss': 1.2026803493499756, 'eval_accuracy': 0.64, 'eval_f1': 0.6353363185287193, 'eval_precision': 0.6728659560928152, 'eval_recall': 0.64, 'eval_runtime': 0.6373, 'eval_samples_per_second': 470.721, 'eval_steps_per_second': 29.812, 'epoch': 4.74}
{'loss': 0.6365, 'learning_rate': 3.5344827586206898e-06, 'epoch': 5.17}
{'eval_loss': 1.1620792150497437, 'eval_accuracy': 0.67, 'eval_f1': 0.6732519821309109, 'eval_precision': 0.7263198548957063, 'eval_recall': 0.67, 'eval_runtime': 0.6373, 'eval_samples_per_second': 470.702, 'eval_steps_per_second': 29.811, 'epoch': 5.17}
{'loss': 0.5435, 'learning_rate': 2.9956896551724142e-06, 'epoch': 5.6}
{'eval_loss': 1.161644697189331, 'eval_accuracy': 0.6666666666666666, 'eval_f1': 0.66478326444001, 'eval_precision': 0.6986250556652557, 'eval_recall': 0.6666666666666666, 'eval_runtime': 0.6384, 'eval_samples_per_second': 469.892, 'eval_steps_per_second': 29.76, 'epoch': 5.6}
{'loss': 0.5284, 'learning_rate': 2.4568965517241382e-06, 'epoch': 6.03}
{'eval_loss': 1.1553614139556885, 'eval_accuracy': 0.68, 'eval_f1': 0.6798177056074228, 'eval_precision': 0.7073097516095227, 'eval_recall': 0.68, 'eval_runtime': 0.6385, 'eval_samples_per_second': 469.822, 'eval_steps_per_second': 29.755, 'epoch': 6.03}
{'loss': 0.411, 'learning_rate': 1.9181034482758622e-06, 'epoch': 6.47}
{'eval_loss': 1.164604663848877, 'eval_accuracy': 0.6833333333333333, 'eval_f1': 0.6832728374923572, 'eval_precision': 0.6987419350534331, 'eval_recall': 0.6833333333333333, 'eval_runtime': 0.6388, 'eval_samples_per_second': 469.612, 'eval_steps_per_second': 29.742, 'epoch': 6.47}
{'loss': 0.4036, 'learning_rate': 1.3793103448275862e-06, 'epoch': 6.9}
{'eval_loss': 1.1681307554244995, 'eval_accuracy': 0.68, 'eval_f1': 0.6799431798311847, 'eval_precision': 0.6937978497953031, 'eval_recall': 0.68, 'eval_runtime': 0.6373, 'eval_samples_per_second': 470.706, 'eval_steps_per_second': 29.811, 'epoch': 6.9}
{'loss': 0.3705, 'learning_rate': 8.405172413793105e-07, 'epoch': 7.33}
{'eval_loss': 1.1600151062011719, 'eval_accuracy': 0.6866666666666666, 'eval_f1': 0.6862265795698305, 'eval_precision': 0.7054012078084766, 'eval_recall': 0.6866666666666666, 'eval_runtime': 0.6476, 'eval_samples_per_second': 463.257, 'eval_steps_per_second': 29.34, 'epoch': 7.33}
{'loss': 0.3103, 'learning_rate': 3.0172413793103453e-07, 'epoch': 7.76}
{'eval_loss': 1.1608328819274902, 'eval_accuracy': 0.6833333333333333, 'eval_f1': 0.6836821319105137, 'eval_precision': 0.6992527493648502, 'eval_recall': 0.6833333333333333, 'eval_runtime': 0.6411, 'eval_samples_per_second': 467.948, 'eval_steps_per_second': 29.637, 'epoch': 7.76}
{'train_runtime': 183.1635, 'train_samples_per_second': 80.758, 'train_steps_per_second': 5.067, 'train_loss': 1.1482104186354012, 'epoch': 8.0}
