/cluster/raid/home/zhivar.sourati/logical-fallacy-identification/AMR_parsers_and_graphs
Tue Sep 27 05:10:41 2022       
+-----------------------------------------------------------------------------+
| NVIDIA-SMI 460.32.03    Driver Version: 460.32.03    CUDA Version: 11.2     |
|-------------------------------+----------------------+----------------------+
| GPU  Name        Persistence-M| Bus-Id        Disp.A | Volatile Uncorr. ECC |
| Fan  Temp  Perf  Pwr:Usage/Cap|         Memory-Usage | GPU-Util  Compute M. |
|                               |                      |               MIG M. |
|===============================+======================+======================|
|   0  A100-PCIE-40GB      Off  | 00000000:27:00.0 Off |                    0 |
| N/A   29C    P0    33W / 250W |      0MiB / 40536MiB |      0%      Default |
|                               |                      |             Disabled |
+-------------------------------+----------------------+----------------------+
                                                                               
+-----------------------------------------------------------------------------+
| Processes:                                                                  |
|  GPU   GI   CI        PID   Type   Process name                  GPU Memory |
|        ID   ID                                                   Usage      |
|=============================================================================|
|  No running processes found                                                 |
+-----------------------------------------------------------------------------+
0
Model loaded!
Start the training ...
{'loss': 2.5416, 'learning_rate': 9.38423645320197e-06, 'epoch': 0.43}
{'eval_loss': 2.4013044834136963, 'eval_accuracy': 0.21, 'eval_f1': 0.09553745785717413, 'eval_precision': 0.07812592592592592, 'eval_recall': 0.21, 'eval_runtime': 0.6389, 'eval_samples_per_second': 469.531, 'eval_steps_per_second': 29.737, 'epoch': 0.43}
{'loss': 2.4801, 'learning_rate': 8.768472906403942e-06, 'epoch': 0.86}
{'eval_loss': 2.364060163497925, 'eval_accuracy': 0.21666666666666667, 'eval_f1': 0.1222812334851479, 'eval_precision': 0.1735249255952381, 'eval_recall': 0.21666666666666667, 'eval_runtime': 0.6358, 'eval_samples_per_second': 471.827, 'eval_steps_per_second': 29.882, 'epoch': 0.86}
{'loss': 2.3504, 'learning_rate': 8.152709359605912e-06, 'epoch': 1.29}
{'eval_loss': 2.1692140102386475, 'eval_accuracy': 0.31333333333333335, 'eval_f1': 0.2523232001333028, 'eval_precision': 0.29329659998586277, 'eval_recall': 0.31333333333333335, 'eval_runtime': 0.6385, 'eval_samples_per_second': 469.842, 'eval_steps_per_second': 29.757, 'epoch': 1.29}
{'loss': 2.1868, 'learning_rate': 7.536945812807882e-06, 'epoch': 1.72}
{'eval_loss': 1.9746533632278442, 'eval_accuracy': 0.42333333333333334, 'eval_f1': 0.3867288732853629, 'eval_precision': 0.5034968300555238, 'eval_recall': 0.42333333333333334, 'eval_runtime': 0.637, 'eval_samples_per_second': 470.936, 'eval_steps_per_second': 29.826, 'epoch': 1.72}
{'loss': 1.9792, 'learning_rate': 6.9211822660098524e-06, 'epoch': 2.16}
{'eval_loss': 1.7632973194122314, 'eval_accuracy': 0.44666666666666666, 'eval_f1': 0.4106328719210013, 'eval_precision': 0.4924697692672474, 'eval_recall': 0.44666666666666666, 'eval_runtime': 0.6407, 'eval_samples_per_second': 468.228, 'eval_steps_per_second': 29.654, 'epoch': 2.16}
{'loss': 1.7038, 'learning_rate': 6.305418719211823e-06, 'epoch': 2.59}
{'eval_loss': 1.6306986808776855, 'eval_accuracy': 0.5166666666666667, 'eval_f1': 0.5013409839326853, 'eval_precision': 0.5406443819009132, 'eval_recall': 0.5166666666666667, 'eval_runtime': 0.6398, 'eval_samples_per_second': 468.889, 'eval_steps_per_second': 29.696, 'epoch': 2.59}
{'loss': 1.6149, 'learning_rate': 5.689655172413794e-06, 'epoch': 3.02}
{'eval_loss': 1.4760725498199463, 'eval_accuracy': 0.5766666666666667, 'eval_f1': 0.5670694334820211, 'eval_precision': 0.6098920374948804, 'eval_recall': 0.5766666666666667, 'eval_runtime': 0.6419, 'eval_samples_per_second': 467.337, 'eval_steps_per_second': 29.598, 'epoch': 3.02}
{'loss': 1.3057, 'learning_rate': 5.073891625615764e-06, 'epoch': 3.45}
{'eval_loss': 1.395445466041565, 'eval_accuracy': 0.5566666666666666, 'eval_f1': 0.5308106268026969, 'eval_precision': 0.5218013399960358, 'eval_recall': 0.5566666666666666, 'eval_runtime': 0.6392, 'eval_samples_per_second': 469.302, 'eval_steps_per_second': 29.722, 'epoch': 3.45}
{'loss': 1.2826, 'learning_rate': 4.458128078817734e-06, 'epoch': 3.88}
{'eval_loss': 1.302311658859253, 'eval_accuracy': 0.59, 'eval_f1': 0.5887872881292566, 'eval_precision': 0.6055771785620782, 'eval_recall': 0.59, 'eval_runtime': 0.6481, 'eval_samples_per_second': 462.866, 'eval_steps_per_second': 29.315, 'epoch': 3.88}
{'loss': 1.1457, 'learning_rate': 3.842364532019705e-06, 'epoch': 4.31}
{'eval_loss': 1.231845498085022, 'eval_accuracy': 0.6233333333333333, 'eval_f1': 0.6045746428615888, 'eval_precision': 0.6220033319625085, 'eval_recall': 0.6233333333333333, 'eval_runtime': 0.6399, 'eval_samples_per_second': 468.842, 'eval_steps_per_second': 29.693, 'epoch': 4.31}
{'loss': 1.0174, 'learning_rate': 3.226600985221675e-06, 'epoch': 4.74}
{'eval_loss': 1.2602919340133667, 'eval_accuracy': 0.5966666666666667, 'eval_f1': 0.5778813981525276, 'eval_precision': 0.6174243266446656, 'eval_recall': 0.5966666666666667, 'eval_runtime': 0.6423, 'eval_samples_per_second': 467.088, 'eval_steps_per_second': 29.582, 'epoch': 4.74}
{'loss': 0.8892, 'learning_rate': 2.6108374384236458e-06, 'epoch': 5.17}
{'eval_loss': 1.219727873802185, 'eval_accuracy': 0.62, 'eval_f1': 0.6054255231773517, 'eval_precision': 0.641292147879494, 'eval_recall': 0.62, 'eval_runtime': 0.6397, 'eval_samples_per_second': 468.975, 'eval_steps_per_second': 29.702, 'epoch': 5.17}
{'loss': 0.7666, 'learning_rate': 1.995073891625616e-06, 'epoch': 5.6}
{'eval_loss': 1.1858705282211304, 'eval_accuracy': 0.64, 'eval_f1': 0.6321607076415687, 'eval_precision': 0.6467940207940208, 'eval_recall': 0.64, 'eval_runtime': 0.6432, 'eval_samples_per_second': 466.438, 'eval_steps_per_second': 29.541, 'epoch': 5.6}
{'loss': 0.8014, 'learning_rate': 1.3793103448275862e-06, 'epoch': 6.03}
{'eval_loss': 1.1328027248382568, 'eval_accuracy': 0.6433333333333333, 'eval_f1': 0.6340135567217465, 'eval_precision': 0.6371604719247851, 'eval_recall': 0.6433333333333333, 'eval_runtime': 0.6428, 'eval_samples_per_second': 466.7, 'eval_steps_per_second': 29.558, 'epoch': 6.03}
{'loss': 0.7027, 'learning_rate': 7.635467980295568e-07, 'epoch': 6.47}
{'eval_loss': 1.1448974609375, 'eval_accuracy': 0.65, 'eval_f1': 0.6392838250292336, 'eval_precision': 0.6444446728811162, 'eval_recall': 0.65, 'eval_runtime': 0.6434, 'eval_samples_per_second': 466.286, 'eval_steps_per_second': 29.531, 'epoch': 6.47}
{'loss': 0.6488, 'learning_rate': 1.477832512315271e-07, 'epoch': 6.9}
{'eval_loss': 1.1489787101745605, 'eval_accuracy': 0.65, 'eval_f1': 0.6386114148988788, 'eval_precision': 0.6469024042648903, 'eval_recall': 0.65, 'eval_runtime': 0.6414, 'eval_samples_per_second': 467.755, 'eval_steps_per_second': 29.624, 'epoch': 6.9}
{'train_runtime': 165.5679, 'train_samples_per_second': 78.173, 'train_steps_per_second': 4.904, 'train_loss': 1.4530301176268479, 'epoch': 7.0}
PredictionOutput(predictions=array([[ 0.8530539 , -0.24207103, -1.9314027 , ..., -1.5340908 ,
         1.943216  , -0.2898541 ],
       [ 0.33508232, -0.99653596, -1.5393279 , ..., -1.1036278 ,
        -1.0224683 ,  2.231154  ],
       [-1.0707263 , -0.6355786 , -0.5162116 , ..., -0.9160103 ,
         0.52753484, -0.09138047],
       ...,
       [-1.5525372 ,  5.3449507 , -0.36041608, ...,  0.566751  ,
         0.6870081 , -0.1441263 ],
       [-1.7236205 , -0.47256407, -0.56339985, ..., -1.0505046 ,
         3.4572017 , -0.3332364 ],
       [-0.31884557,  0.07774499, -1.220639  , ..., -1.7869896 ,
        -0.3010162 ,  0.25068545]], dtype=float32), label_ids=array([ 6, 11,  7,  9, 11,  6,  6, 11,  5,  3,  9, 11,  0,  1, 11, 12,  1,
        7,  0, 12,  3,  1,  8,  3,  6,  8,  0,  0, 11,  0, 11,  3,  3,  5,
        2,  8,  9,  1, 11,  1,  5, 12,  0, 12,  1,  2, 12,  0,  5,  7,  3,
       11,  2,  4,  8,  3, 12, 11, 11, 10,  7, 11,  0, 10, 12,  0,  1,  8,
       12,  5, 10,  5,  1,  8,  0, 12,  1,  7, 10, 12,  7,  7,  2,  0,  2,
       10, 11,  0,  6,  0, 10,  9,  5,  5,  0,  9,  1,  2,  8,  9,  0,  2,
        0,  7, 11,  9,  6,  6,  9,  3, 12,  7, 11, 11, 11, 10,  2,  8,  9,
        0,  7,  3, 11, 11, 12,  8,  0,  4, 11,  5,  8, 11,  1,  5, 11,  7,
       11,  0, 11,  0, 11,  6,  0, 11, 11,  8, 11,  1,  8,  6,  5,  0, 11,
        9,  0,  1,  5,  0,  1,  8,  8,  0,  2, 11, 11,  0,  6,  5,  6, 11,
        2,  2,  7,  9, 11,  1, 11,  1,  8,  9,  8,  6,  3,  8, 10,  1,  2,
        0, 11, 11,  3,  8,  6,  2,  4,  1, 11, 11, 11, 11,  0, 11,  2,  1,
        8,  1,  9,  0,  1, 11,  1,  5,  1,  6,  5,  0,  8,  0,  1, 10, 11,
        9,  0, 11, 12,  2,  4,  0, 11,  2, 12,  2, 11,  7,  3,  2,  2,  8,
        3,  0,  2, 11,  8,  8,  9,  3, 11,  6, 11,  0,  3,  2,  8, 10, 12,
       11,  5, 10,  6,  9, 11,  6,  3,  1,  6,  3,  7, 11,  6,  2, 11,  4,
       10,  9,  2,  0, 11,  5,  1, 11,  6, 11,  9, 11,  0,  0,  0, 11, 11,
        0,  1, 11,  1,  0,  3,  1,  6,  1, 11,  3]), metrics={'test_loss': 1.3874671459197998, 'test_accuracy': 0.61, 'test_f1': 0.6014963353641998, 'test_precision': 0.6178696451047347, 'test_recall': 0.61, 'test_runtime': 0.7423, 'test_samples_per_second': 404.161, 'test_steps_per_second': 25.597})
