/cluster/raid/home/zhivar.sourati/logical-fallacy-identification/AMR_parsers_and_graphs
Tue Sep 27 09:35:51 2022       
+-----------------------------------------------------------------------------+
| NVIDIA-SMI 460.32.03    Driver Version: 460.32.03    CUDA Version: 11.2     |
|-------------------------------+----------------------+----------------------+
| GPU  Name        Persistence-M| Bus-Id        Disp.A | Volatile Uncorr. ECC |
| Fan  Temp  Perf  Pwr:Usage/Cap|         Memory-Usage | GPU-Util  Compute M. |
|                               |                      |               MIG M. |
|===============================+======================+======================|
|   0  A100-PCIE-40GB      Off  | 00000000:27:00.0 Off |                    0 |
| N/A   36C    P0    34W / 250W |      0MiB / 40536MiB |      0%      Default |
|                               |                      |             Disabled |
+-------------------------------+----------------------+----------------------+
                                                                               
+-----------------------------------------------------------------------------+
| Processes:                                                                  |
|  GPU   GI   CI        PID   Type   Process name                  GPU Memory |
|        ID   ID                                                   Usage      |
|=============================================================================|
|  No running processes found                                                 |
+-----------------------------------------------------------------------------+
0
cuda
using GPU
Model loaded!
Start the training ...
{'loss': 2.5319, 'learning_rate': 9.461206896551725e-06, 'epoch': 0.43}
{'eval_loss': 2.4470927715301514, 'eval_accuracy': 0.20333333333333334, 'eval_f1': 0.06909935004642526, 'eval_precision': 0.04162192393736018, 'eval_recall': 0.20333333333333334, 'eval_runtime': 0.1325, 'eval_samples_per_second': 2264.796, 'eval_steps_per_second': 143.437, 'epoch': 0.43}
{'loss': 2.4589, 'learning_rate': 8.922413793103449e-06, 'epoch': 0.86}
{'eval_loss': 2.3629093170166016, 'eval_accuracy': 0.22333333333333333, 'eval_f1': 0.10387899159663865, 'eval_precision': 0.15972759856630822, 'eval_recall': 0.22333333333333333, 'eval_runtime': 0.1256, 'eval_samples_per_second': 2387.826, 'eval_steps_per_second': 151.229, 'epoch': 0.86}
{'loss': 2.352, 'learning_rate': 8.383620689655173e-06, 'epoch': 1.29}
{'eval_loss': 2.2794430255889893, 'eval_accuracy': 0.2833333333333333, 'eval_f1': 0.17886814597469283, 'eval_precision': 0.18583921940266623, 'eval_recall': 0.2833333333333333, 'eval_runtime': 0.1278, 'eval_samples_per_second': 2347.274, 'eval_steps_per_second': 148.661, 'epoch': 1.29}
{'loss': 2.3194, 'learning_rate': 7.844827586206897e-06, 'epoch': 1.72}
{'eval_loss': 2.231196641921997, 'eval_accuracy': 0.29333333333333333, 'eval_f1': 0.19005035150989086, 'eval_precision': 0.15490287518833903, 'eval_recall': 0.29333333333333333, 'eval_runtime': 0.1274, 'eval_samples_per_second': 2355.085, 'eval_steps_per_second': 149.155, 'epoch': 1.72}
{'loss': 2.2635, 'learning_rate': 7.306034482758622e-06, 'epoch': 2.16}
{'eval_loss': 2.1692848205566406, 'eval_accuracy': 0.3433333333333333, 'eval_f1': 0.25360176770408793, 'eval_precision': 0.345922225555889, 'eval_recall': 0.3433333333333333, 'eval_runtime': 0.1253, 'eval_samples_per_second': 2394.501, 'eval_steps_per_second': 151.652, 'epoch': 2.16}
{'loss': 2.1181, 'learning_rate': 6.767241379310346e-06, 'epoch': 2.59}
{'eval_loss': 2.0825562477111816, 'eval_accuracy': 0.37333333333333335, 'eval_f1': 0.30757331814554273, 'eval_precision': 0.4787963542727322, 'eval_recall': 0.37333333333333335, 'eval_runtime': 0.1256, 'eval_samples_per_second': 2389.123, 'eval_steps_per_second': 151.311, 'epoch': 2.59}
{'loss': 2.0926, 'learning_rate': 6.228448275862069e-06, 'epoch': 3.02}
{'eval_loss': 2.020354747772217, 'eval_accuracy': 0.39666666666666667, 'eval_f1': 0.3351628679114852, 'eval_precision': 0.46775450430328475, 'eval_recall': 0.39666666666666667, 'eval_runtime': 0.1274, 'eval_samples_per_second': 2354.041, 'eval_steps_per_second': 149.089, 'epoch': 3.02}
{'loss': 1.9705, 'learning_rate': 5.689655172413794e-06, 'epoch': 3.45}
{'eval_loss': 1.9542077779769897, 'eval_accuracy': 0.44666666666666666, 'eval_f1': 0.40014006252866496, 'eval_precision': 0.4957712070874861, 'eval_recall': 0.44666666666666666, 'eval_runtime': 0.1256, 'eval_samples_per_second': 2388.284, 'eval_steps_per_second': 151.258, 'epoch': 3.45}
{'loss': 1.9177, 'learning_rate': 5.150862068965518e-06, 'epoch': 3.88}
{'eval_loss': 1.909450888633728, 'eval_accuracy': 0.45, 'eval_f1': 0.40726276063072486, 'eval_precision': 0.4352040848964993, 'eval_recall': 0.45, 'eval_runtime': 0.1258, 'eval_samples_per_second': 2383.99, 'eval_steps_per_second': 150.986, 'epoch': 3.88}
{'loss': 1.8454, 'learning_rate': 4.612068965517242e-06, 'epoch': 4.31}
{'eval_loss': 1.8633357286453247, 'eval_accuracy': 0.4633333333333333, 'eval_f1': 0.42331261586418384, 'eval_precision': 0.4359653127482742, 'eval_recall': 0.4633333333333333, 'eval_runtime': 0.1257, 'eval_samples_per_second': 2386.015, 'eval_steps_per_second': 151.114, 'epoch': 4.31}
{'loss': 1.7716, 'learning_rate': 4.073275862068966e-06, 'epoch': 4.74}
{'eval_loss': 1.8214221000671387, 'eval_accuracy': 0.46, 'eval_f1': 0.42351102291030895, 'eval_precision': 0.5107176586638665, 'eval_recall': 0.46, 'eval_runtime': 0.1257, 'eval_samples_per_second': 2386.635, 'eval_steps_per_second': 151.154, 'epoch': 4.74}
{'loss': 1.7257, 'learning_rate': 3.5344827586206898e-06, 'epoch': 5.17}
{'eval_loss': 1.8167551755905151, 'eval_accuracy': 0.4766666666666667, 'eval_f1': 0.4504163223807822, 'eval_precision': 0.5433618369644495, 'eval_recall': 0.4766666666666667, 'eval_runtime': 0.127, 'eval_samples_per_second': 2362.837, 'eval_steps_per_second': 149.646, 'epoch': 5.17}
{'loss': 1.6445, 'learning_rate': 2.9956896551724142e-06, 'epoch': 5.6}
{'eval_loss': 1.7804439067840576, 'eval_accuracy': 0.45666666666666667, 'eval_f1': 0.4155941445914756, 'eval_precision': 0.4395303030303031, 'eval_recall': 0.45666666666666667, 'eval_runtime': 0.1257, 'eval_samples_per_second': 2386.843, 'eval_steps_per_second': 151.167, 'epoch': 5.6}
{'loss': 1.6662, 'learning_rate': 2.4568965517241382e-06, 'epoch': 6.03}
{'eval_loss': 1.7521852254867554, 'eval_accuracy': 0.4766666666666667, 'eval_f1': 0.43638449396521983, 'eval_precision': 0.43709975872601015, 'eval_recall': 0.4766666666666667, 'eval_runtime': 0.1261, 'eval_samples_per_second': 2378.362, 'eval_steps_per_second': 150.63, 'epoch': 6.03}
{'loss': 1.5808, 'learning_rate': 1.9181034482758622e-06, 'epoch': 6.47}
{'eval_loss': 1.7326576709747314, 'eval_accuracy': 0.4766666666666667, 'eval_f1': 0.4354108869185184, 'eval_precision': 0.4325002846667122, 'eval_recall': 0.4766666666666667, 'eval_runtime': 0.1272, 'eval_samples_per_second': 2358.86, 'eval_steps_per_second': 149.394, 'epoch': 6.47}
{'loss': 1.5703, 'learning_rate': 1.3793103448275862e-06, 'epoch': 6.9}
{'eval_loss': 1.721706509590149, 'eval_accuracy': 0.51, 'eval_f1': 0.4767513272253073, 'eval_precision': 0.4866685207110687, 'eval_recall': 0.51, 'eval_runtime': 0.1266, 'eval_samples_per_second': 2370.168, 'eval_steps_per_second': 150.111, 'epoch': 6.9}
{'loss': 1.5471, 'learning_rate': 8.405172413793105e-07, 'epoch': 7.33}
{'eval_loss': 1.713503360748291, 'eval_accuracy': 0.49333333333333335, 'eval_f1': 0.45581948383987175, 'eval_precision': 0.4849699860862651, 'eval_recall': 0.49333333333333335, 'eval_runtime': 0.1262, 'eval_samples_per_second': 2376.807, 'eval_steps_per_second': 150.531, 'epoch': 7.33}
{'loss': 1.5234, 'learning_rate': 3.0172413793103453e-07, 'epoch': 7.76}
{'eval_loss': 1.7088176012039185, 'eval_accuracy': 0.49666666666666665, 'eval_f1': 0.4580307854817658, 'eval_precision': 0.4828230069388606, 'eval_recall': 0.49666666666666665, 'eval_runtime': 0.1259, 'eval_samples_per_second': 2383.285, 'eval_steps_per_second': 150.941, 'epoch': 7.76}
{'train_runtime': 36.235, 'train_samples_per_second': 408.224, 'train_steps_per_second': 25.611, 'train_loss': 1.9281300635173404, 'epoch': 8.0}
PredictionOutput(predictions=array([[ 0.08551691,  0.76577884,  0.01506967, ..., -0.5299852 ,
         2.364164  , -0.35044923],
       [-0.2741616 ,  0.407196  ,  0.00743369, ...,  0.02428323,
         0.28423157,  0.7167464 ],
       [-0.74857056,  0.4775898 , -0.2918346 , ..., -0.8399559 ,
         0.82594395, -0.01361219],
       ...,
       [-0.790483  ,  1.0869845 ,  0.20818055, ..., -0.03715747,
         2.824371  , -0.3371551 ],
       [-1.0497619 ,  0.09217077, -0.07975861, ..., -0.19201797,
         1.5019444 , -0.3036449 ],
       [ 1.5081125 , -0.37990773, -0.44082466, ..., -0.7964919 ,
        -1.1232628 ,  0.04552054]], dtype=float32), label_ids=array([ 6, 11,  7,  9, 11,  6,  6, 11,  5,  3,  9, 11,  0,  1, 11, 12,  1,
        7,  0, 12,  3,  1,  8,  3,  6,  8,  0,  0, 11,  0, 11,  3,  3,  5,
        2,  8,  9,  1, 11,  1,  5, 12,  0, 12,  1,  2, 12,  0,  5,  7,  3,
       11,  2,  4,  8,  3, 12, 11, 11, 10,  7, 11,  0, 10, 12,  0,  1,  8,
       12,  5, 10,  5,  1,  8,  0, 12,  1,  7, 10, 12,  7,  7,  2,  0,  2,
       10, 11,  0,  6,  0, 10,  9,  5,  5,  0,  9,  1,  2,  8,  9,  0,  2,
        0,  7, 11,  9,  6,  6,  9,  3, 12,  7, 11, 11, 11, 10,  2,  8,  9,
        0,  7,  3, 11, 11, 12,  8,  0,  4, 11,  5,  8, 11,  1,  5, 11,  7,
       11,  0, 11,  0, 11,  6,  0, 11, 11,  8, 11,  1,  8,  6,  5,  0, 11,
        9,  0,  1,  5,  0,  1,  8,  8,  0,  2, 11, 11,  0,  6,  5,  6, 11,
        2,  2,  7,  9, 11,  1, 11,  1,  8,  9,  8,  6,  3,  8, 10,  1,  2,
        0, 11, 11,  3,  8,  6,  2,  4,  1, 11, 11, 11, 11,  0, 11,  2,  1,
        8,  1,  9,  0,  1, 11,  1,  5,  1,  6,  5,  0,  8,  0,  1, 10, 11,
        9,  0, 11, 12,  2,  4,  0, 11,  2, 12,  2, 11,  7,  3,  2,  2,  8,
        3,  0,  2, 11,  8,  8,  9,  3, 11,  6, 11,  0,  3,  2,  8, 10, 12,
       11,  5, 10,  6,  9, 11,  6,  3,  1,  6,  3,  7, 11,  6,  2, 11,  4,
       10,  9,  2,  0, 11,  5,  1, 11,  6, 11,  9, 11,  0,  0,  0, 11, 11,
        0,  1, 11,  1,  0,  3,  1,  6,  1, 11,  3]), metrics={'test_loss': 1.823560357093811, 'test_accuracy': 0.44666666666666666, 'test_f1': 0.3946072614656523, 'test_precision': 0.421884484020137, 'test_recall': 0.44666666666666666, 'test_runtime': 0.1408, 'test_samples_per_second': 2131.31, 'test_steps_per_second': 134.983})
