/cluster/raid/home/zhivar.sourati/logical-fallacy-identification/AMR_parsers_and_graphs
Tue Sep 27 08:28:09 2022       
+-----------------------------------------------------------------------------+
| NVIDIA-SMI 460.32.03    Driver Version: 460.32.03    CUDA Version: 11.2     |
|-------------------------------+----------------------+----------------------+
| GPU  Name        Persistence-M| Bus-Id        Disp.A | Volatile Uncorr. ECC |
| Fan  Temp  Perf  Pwr:Usage/Cap|         Memory-Usage | GPU-Util  Compute M. |
|                               |                      |               MIG M. |
|===============================+======================+======================|
|   0  A100-PCIE-40GB      Off  | 00000000:27:00.0 Off |                    0 |
| N/A   36C    P0    34W / 250W |      0MiB / 40536MiB |      0%      Default |
|                               |                      |             Disabled |
+-------------------------------+----------------------+----------------------+
                                                                               
+-----------------------------------------------------------------------------+
| Processes:                                                                  |
|  GPU   GI   CI        PID   Type   Process name                  GPU Memory |
|        ID   ID                                                   Usage      |
|=============================================================================|
|  No running processes found                                                 |
+-----------------------------------------------------------------------------+
0
cuda
Model loaded!
Start the training ...
{'loss': 2.5751, 'learning_rate': 4.6921182266009855e-05, 'epoch': 0.43}
{'eval_loss': 2.417480707168579, 'eval_accuracy': 0.20333333333333334, 'eval_f1': 0.06871652816251154, 'eval_precision': 0.04134444444444445, 'eval_recall': 0.20333333333333334, 'eval_runtime': 0.6419, 'eval_samples_per_second': 467.349, 'eval_steps_per_second': 29.599, 'epoch': 0.43}
{'loss': 2.5033, 'learning_rate': 4.384236453201971e-05, 'epoch': 0.86}
{'eval_loss': 2.431255578994751, 'eval_accuracy': 0.20333333333333334, 'eval_f1': 0.06871652816251154, 'eval_precision': 0.04134444444444445, 'eval_recall': 0.20333333333333334, 'eval_runtime': 0.6396, 'eval_samples_per_second': 469.078, 'eval_steps_per_second': 29.708, 'epoch': 0.86}
{'loss': 2.475, 'learning_rate': 4.076354679802955e-05, 'epoch': 1.29}
{'eval_loss': 2.400686740875244, 'eval_accuracy': 0.20333333333333334, 'eval_f1': 0.06871652816251154, 'eval_precision': 0.04134444444444445, 'eval_recall': 0.20333333333333334, 'eval_runtime': 0.6398, 'eval_samples_per_second': 468.894, 'eval_steps_per_second': 29.697, 'epoch': 1.29}
{'loss': 2.5232, 'learning_rate': 3.768472906403941e-05, 'epoch': 1.72}
{'eval_loss': 2.4222757816314697, 'eval_accuracy': 0.20333333333333334, 'eval_f1': 0.06871652816251154, 'eval_precision': 0.04134444444444445, 'eval_recall': 0.20333333333333334, 'eval_runtime': 0.6452, 'eval_samples_per_second': 464.948, 'eval_steps_per_second': 29.447, 'epoch': 1.72}
{'loss': 2.505, 'learning_rate': 3.4605911330049265e-05, 'epoch': 2.16}
{'eval_loss': 2.4509048461914062, 'eval_accuracy': 0.20333333333333334, 'eval_f1': 0.06871652816251154, 'eval_precision': 0.04134444444444445, 'eval_recall': 0.20333333333333334, 'eval_runtime': 0.6443, 'eval_samples_per_second': 465.638, 'eval_steps_per_second': 29.49, 'epoch': 2.16}
{'loss': 2.5033, 'learning_rate': 3.152709359605912e-05, 'epoch': 2.59}
{'eval_loss': 2.425758123397827, 'eval_accuracy': 0.20333333333333334, 'eval_f1': 0.06871652816251154, 'eval_precision': 0.04134444444444445, 'eval_recall': 0.20333333333333334, 'eval_runtime': 0.6426, 'eval_samples_per_second': 466.82, 'eval_steps_per_second': 29.565, 'epoch': 2.59}
{'loss': 2.5029, 'learning_rate': 2.844827586206897e-05, 'epoch': 3.02}
{'eval_loss': 2.430722713470459, 'eval_accuracy': 0.20333333333333334, 'eval_f1': 0.06871652816251154, 'eval_precision': 0.04134444444444445, 'eval_recall': 0.20333333333333334, 'eval_runtime': 0.6445, 'eval_samples_per_second': 465.473, 'eval_steps_per_second': 29.48, 'epoch': 3.02}
{'loss': 2.4851, 'learning_rate': 2.5369458128078822e-05, 'epoch': 3.45}
{'eval_loss': 2.4216175079345703, 'eval_accuracy': 0.20333333333333334, 'eval_f1': 0.06871652816251154, 'eval_precision': 0.04134444444444445, 'eval_recall': 0.20333333333333334, 'eval_runtime': 0.6477, 'eval_samples_per_second': 463.193, 'eval_steps_per_second': 29.336, 'epoch': 3.45}
{'loss': 2.5033, 'learning_rate': 2.229064039408867e-05, 'epoch': 3.88}
{'eval_loss': 2.4275007247924805, 'eval_accuracy': 0.20333333333333334, 'eval_f1': 0.06871652816251154, 'eval_precision': 0.04134444444444445, 'eval_recall': 0.20333333333333334, 'eval_runtime': 0.6445, 'eval_samples_per_second': 465.507, 'eval_steps_per_second': 29.482, 'epoch': 3.88}
{'loss': 2.4937, 'learning_rate': 1.921182266009852e-05, 'epoch': 4.31}
{'eval_loss': 2.4234306812286377, 'eval_accuracy': 0.20333333333333334, 'eval_f1': 0.06871652816251154, 'eval_precision': 0.04134444444444445, 'eval_recall': 0.20333333333333334, 'eval_runtime': 0.6482, 'eval_samples_per_second': 462.848, 'eval_steps_per_second': 29.314, 'epoch': 4.31}
{'loss': 2.471, 'learning_rate': 1.6133004926108376e-05, 'epoch': 4.74}
{'eval_loss': 2.4183902740478516, 'eval_accuracy': 0.20333333333333334, 'eval_f1': 0.06871652816251154, 'eval_precision': 0.04134444444444445, 'eval_recall': 0.20333333333333334, 'eval_runtime': 0.6461, 'eval_samples_per_second': 464.33, 'eval_steps_per_second': 29.408, 'epoch': 4.74}
{'loss': 2.5088, 'learning_rate': 1.3054187192118228e-05, 'epoch': 5.17}
{'eval_loss': 2.4309475421905518, 'eval_accuracy': 0.20333333333333334, 'eval_f1': 0.06871652816251154, 'eval_precision': 0.04134444444444445, 'eval_recall': 0.20333333333333334, 'eval_runtime': 0.6416, 'eval_samples_per_second': 467.579, 'eval_steps_per_second': 29.613, 'epoch': 5.17}
{'loss': 2.4536, 'learning_rate': 9.97536945812808e-06, 'epoch': 5.6}
{'eval_loss': 2.418353796005249, 'eval_accuracy': 0.20333333333333334, 'eval_f1': 0.06871652816251154, 'eval_precision': 0.04134444444444445, 'eval_recall': 0.20333333333333334, 'eval_runtime': 0.6474, 'eval_samples_per_second': 463.372, 'eval_steps_per_second': 29.347, 'epoch': 5.6}
{'loss': 2.4872, 'learning_rate': 6.896551724137932e-06, 'epoch': 6.03}
{'eval_loss': 2.4173529148101807, 'eval_accuracy': 0.20333333333333334, 'eval_f1': 0.06871652816251154, 'eval_precision': 0.04134444444444445, 'eval_recall': 0.20333333333333334, 'eval_runtime': 0.6438, 'eval_samples_per_second': 465.963, 'eval_steps_per_second': 29.511, 'epoch': 6.03}
{'loss': 2.4872, 'learning_rate': 3.817733990147783e-06, 'epoch': 6.47}
{'eval_loss': 2.419847249984741, 'eval_accuracy': 0.20333333333333334, 'eval_f1': 0.06871652816251154, 'eval_precision': 0.04134444444444445, 'eval_recall': 0.20333333333333334, 'eval_runtime': 0.6498, 'eval_samples_per_second': 461.71, 'eval_steps_per_second': 29.242, 'epoch': 6.47}
{'loss': 2.4947, 'learning_rate': 7.389162561576355e-07, 'epoch': 6.9}
{'eval_loss': 2.418994665145874, 'eval_accuracy': 0.20333333333333334, 'eval_f1': 0.06871652816251154, 'eval_precision': 0.04134444444444445, 'eval_recall': 0.20333333333333334, 'eval_runtime': 0.6462, 'eval_samples_per_second': 464.26, 'eval_steps_per_second': 29.403, 'epoch': 6.9}
{'train_runtime': 166.6091, 'train_samples_per_second': 77.685, 'train_steps_per_second': 4.874, 'train_loss': 2.4974299980501824, 'epoch': 7.0}
PredictionOutput(predictions=array([[ 0.49210152,  0.11002706, -0.1192423 , ..., -0.24393089,
         0.8324384 , -0.29152405],
       [ 0.4921141 ,  0.10993124, -0.11925996, ..., -0.24398339,
         0.8325554 , -0.29162845],
       [ 0.49207112,  0.1099717 , -0.11933739, ..., -0.24390966,
         0.83258194, -0.29154456],
       ...,
       [ 0.49199545,  0.10995132, -0.11931039, ..., -0.24389148,
         0.8325148 , -0.2915649 ],
       [ 0.49210593,  0.10999359, -0.1193538 , ..., -0.24396244,
         0.8326002 , -0.2915797 ],
       [ 0.49210328,  0.10998073, -0.11927853, ..., -0.24391267,
         0.83255446, -0.29158956]], dtype=float32), label_ids=array([ 6, 11,  7,  9, 11,  6,  6, 11,  5,  3,  9, 11,  0,  1, 11, 12,  1,
        7,  0, 12,  3,  1,  8,  3,  6,  8,  0,  0, 11,  0, 11,  3,  3,  5,
        2,  8,  9,  1, 11,  1,  5, 12,  0, 12,  1,  2, 12,  0,  5,  7,  3,
       11,  2,  4,  8,  3, 12, 11, 11, 10,  7, 11,  0, 10, 12,  0,  1,  8,
       12,  5, 10,  5,  1,  8,  0, 12,  1,  7, 10, 12,  7,  7,  2,  0,  2,
       10, 11,  0,  6,  0, 10,  9,  5,  5,  0,  9,  1,  2,  8,  9,  0,  2,
        0,  7, 11,  9,  6,  6,  9,  3, 12,  7, 11, 11, 11, 10,  2,  8,  9,
        0,  7,  3, 11, 11, 12,  8,  0,  4, 11,  5,  8, 11,  1,  5, 11,  7,
       11,  0, 11,  0, 11,  6,  0, 11, 11,  8, 11,  1,  8,  6,  5,  0, 11,
        9,  0,  1,  5,  0,  1,  8,  8,  0,  2, 11, 11,  0,  6,  5,  6, 11,
        2,  2,  7,  9, 11,  1, 11,  1,  8,  9,  8,  6,  3,  8, 10,  1,  2,
        0, 11, 11,  3,  8,  6,  2,  4,  1, 11, 11, 11, 11,  0, 11,  2,  1,
        8,  1,  9,  0,  1, 11,  1,  5,  1,  6,  5,  0,  8,  0,  1, 10, 11,
        9,  0, 11, 12,  2,  4,  0, 11,  2, 12,  2, 11,  7,  3,  2,  2,  8,
        3,  0,  2, 11,  8,  8,  9,  3, 11,  6, 11,  0,  3,  2,  8, 10, 12,
       11,  5, 10,  6,  9, 11,  6,  3,  1,  6,  3,  7, 11,  6,  2, 11,  4,
       10,  9,  2,  0, 11,  5,  1, 11,  6, 11,  9, 11,  0,  0,  0, 11, 11,
        0,  1, 11,  1,  0,  3,  1,  6,  1, 11,  3]), metrics={'test_loss': 2.4305787086486816, 'test_accuracy': 0.20333333333333334, 'test_f1': 0.06871652816251154, 'test_precision': 0.04134444444444445, 'test_recall': 0.20333333333333334, 'test_runtime': 0.7466, 'test_samples_per_second': 401.834, 'test_steps_per_second': 25.449})
cuda
using GPU
Model loaded!
Start the training ...
{'loss': 2.5354, 'learning_rate': 4.6921182266009855e-05, 'epoch': 0.43}
{'eval_loss': 2.4507193565368652, 'eval_accuracy': 0.20333333333333334, 'eval_f1': 0.06871652816251154, 'eval_precision': 0.04134444444444445, 'eval_recall': 0.20333333333333334, 'eval_runtime': 0.5036, 'eval_samples_per_second': 595.708, 'eval_steps_per_second': 37.728, 'epoch': 0.43}
{'loss': 2.5102, 'learning_rate': 4.384236453201971e-05, 'epoch': 0.86}
{'eval_loss': 2.4425430297851562, 'eval_accuracy': 0.20333333333333334, 'eval_f1': 0.06871652816251154, 'eval_precision': 0.04134444444444445, 'eval_recall': 0.20333333333333334, 'eval_runtime': 0.505, 'eval_samples_per_second': 594.093, 'eval_steps_per_second': 37.626, 'epoch': 0.86}
{'loss': 2.464, 'learning_rate': 4.076354679802955e-05, 'epoch': 1.29}
{'eval_loss': 2.4245553016662598, 'eval_accuracy': 0.20333333333333334, 'eval_f1': 0.06871652816251154, 'eval_precision': 0.04134444444444445, 'eval_recall': 0.20333333333333334, 'eval_runtime': 0.5054, 'eval_samples_per_second': 593.644, 'eval_steps_per_second': 37.597, 'epoch': 1.29}
{'loss': 2.5129, 'learning_rate': 3.768472906403941e-05, 'epoch': 1.72}
{'eval_loss': 2.4322192668914795, 'eval_accuracy': 0.20333333333333334, 'eval_f1': 0.06871652816251154, 'eval_precision': 0.04134444444444445, 'eval_recall': 0.20333333333333334, 'eval_runtime': 0.5069, 'eval_samples_per_second': 591.788, 'eval_steps_per_second': 37.48, 'epoch': 1.72}
{'loss': 2.504, 'learning_rate': 3.4605911330049265e-05, 'epoch': 2.16}
{'eval_loss': 2.4450809955596924, 'eval_accuracy': 0.20333333333333334, 'eval_f1': 0.06871652816251154, 'eval_precision': 0.04134444444444445, 'eval_recall': 0.20333333333333334, 'eval_runtime': 0.5069, 'eval_samples_per_second': 591.83, 'eval_steps_per_second': 37.483, 'epoch': 2.16}
{'loss': 2.4947, 'learning_rate': 3.152709359605912e-05, 'epoch': 2.59}
{'eval_loss': 2.418910503387451, 'eval_accuracy': 0.20333333333333334, 'eval_f1': 0.06871652816251154, 'eval_precision': 0.04134444444444445, 'eval_recall': 0.20333333333333334, 'eval_runtime': 0.5067, 'eval_samples_per_second': 592.091, 'eval_steps_per_second': 37.499, 'epoch': 2.59}
{'loss': 2.5067, 'learning_rate': 2.844827586206897e-05, 'epoch': 3.02}
{'eval_loss': 2.432508945465088, 'eval_accuracy': 0.20333333333333334, 'eval_f1': 0.06871652816251154, 'eval_precision': 0.04134444444444445, 'eval_recall': 0.20333333333333334, 'eval_runtime': 0.5085, 'eval_samples_per_second': 589.952, 'eval_steps_per_second': 37.364, 'epoch': 3.02}
{'loss': 2.4827, 'learning_rate': 2.5369458128078822e-05, 'epoch': 3.45}
{'eval_loss': 2.4236490726470947, 'eval_accuracy': 0.20333333333333334, 'eval_f1': 0.06871652816251154, 'eval_precision': 0.04134444444444445, 'eval_recall': 0.20333333333333334, 'eval_runtime': 0.5098, 'eval_samples_per_second': 588.523, 'eval_steps_per_second': 37.273, 'epoch': 3.45}
{'loss': 2.4947, 'learning_rate': 2.229064039408867e-05, 'epoch': 3.88}
{'eval_loss': 2.4339847564697266, 'eval_accuracy': 0.20333333333333334, 'eval_f1': 0.06871652816251154, 'eval_precision': 0.04134444444444445, 'eval_recall': 0.20333333333333334, 'eval_runtime': 0.5102, 'eval_samples_per_second': 587.995, 'eval_steps_per_second': 37.24, 'epoch': 3.88}
{'loss': 2.4836, 'learning_rate': 1.921182266009852e-05, 'epoch': 4.31}
{'eval_loss': 2.4269096851348877, 'eval_accuracy': 0.20333333333333334, 'eval_f1': 0.06871652816251154, 'eval_precision': 0.04134444444444445, 'eval_recall': 0.20333333333333334, 'eval_runtime': 0.5071, 'eval_samples_per_second': 591.599, 'eval_steps_per_second': 37.468, 'epoch': 4.31}
{'loss': 2.4642, 'learning_rate': 1.6133004926108376e-05, 'epoch': 4.74}
{'eval_loss': 2.4209887981414795, 'eval_accuracy': 0.20333333333333334, 'eval_f1': 0.06871652816251154, 'eval_precision': 0.04134444444444445, 'eval_recall': 0.20333333333333334, 'eval_runtime': 0.5048, 'eval_samples_per_second': 594.263, 'eval_steps_per_second': 37.637, 'epoch': 4.74}
{'loss': 2.4979, 'learning_rate': 1.3054187192118228e-05, 'epoch': 5.17}
{'eval_loss': 2.431408166885376, 'eval_accuracy': 0.20333333333333334, 'eval_f1': 0.06871652816251154, 'eval_precision': 0.04134444444444445, 'eval_recall': 0.20333333333333334, 'eval_runtime': 0.504, 'eval_samples_per_second': 595.207, 'eval_steps_per_second': 37.696, 'epoch': 5.17}
{'loss': 2.4644, 'learning_rate': 9.97536945812808e-06, 'epoch': 5.6}
{'eval_loss': 2.420172691345215, 'eval_accuracy': 0.20333333333333334, 'eval_f1': 0.06871652816251154, 'eval_precision': 0.04134444444444445, 'eval_recall': 0.20333333333333334, 'eval_runtime': 0.5077, 'eval_samples_per_second': 590.874, 'eval_steps_per_second': 37.422, 'epoch': 5.6}
{'loss': 2.4877, 'learning_rate': 6.896551724137932e-06, 'epoch': 6.03}
{'eval_loss': 2.4191482067108154, 'eval_accuracy': 0.20333333333333334, 'eval_f1': 0.06871652816251154, 'eval_precision': 0.04134444444444445, 'eval_recall': 0.20333333333333334, 'eval_runtime': 0.5071, 'eval_samples_per_second': 591.568, 'eval_steps_per_second': 37.466, 'epoch': 6.03}
{'loss': 2.4676, 'learning_rate': 3.817733990147783e-06, 'epoch': 6.47}
{'eval_loss': 2.418116331100464, 'eval_accuracy': 0.20333333333333334, 'eval_f1': 0.06871652816251154, 'eval_precision': 0.04134444444444445, 'eval_recall': 0.20333333333333334, 'eval_runtime': 0.5482, 'eval_samples_per_second': 547.227, 'eval_steps_per_second': 34.658, 'epoch': 6.47}
{'loss': 2.4859, 'learning_rate': 7.389162561576355e-07, 'epoch': 6.9}
{'eval_loss': 2.4182374477386475, 'eval_accuracy': 0.20333333333333334, 'eval_f1': 0.06871652816251154, 'eval_precision': 0.04134444444444445, 'eval_recall': 0.20333333333333334, 'eval_runtime': 0.5086, 'eval_samples_per_second': 589.9, 'eval_steps_per_second': 37.36, 'epoch': 6.9}
{'train_runtime': 147.8744, 'train_samples_per_second': 87.527, 'train_steps_per_second': 5.491, 'train_loss': 2.4903003546991958, 'epoch': 7.0}
PredictionOutput(predictions=array([[ 0.40361345,  0.0873001 , -0.11875896, ..., -0.24701737,
         0.7537733 , -0.30721796],
       [ 0.4036058 ,  0.08727057, -0.11876816, ..., -0.24707651,
         0.75372976, -0.30724245],
       [ 0.4035836 ,  0.08723455, -0.11875603, ..., -0.24703911,
         0.7537867 , -0.30723053],
       ...,
       [ 0.4036215 ,  0.08723855, -0.11874957, ..., -0.24708232,
         0.753749  , -0.3072381 ],
       [ 0.4035539 ,  0.08722796, -0.11877828, ..., -0.24704508,
         0.75377554, -0.30720899],
       [ 0.40362164,  0.08730699, -0.11873437, ..., -0.24704891,
         0.7537508 , -0.3072323 ]], dtype=float32), label_ids=array([ 6, 11,  7,  9, 11,  6,  6, 11,  5,  3,  9, 11,  0,  1, 11, 12,  1,
        7,  0, 12,  3,  1,  8,  3,  6,  8,  0,  0, 11,  0, 11,  3,  3,  5,
        2,  8,  9,  1, 11,  1,  5, 12,  0, 12,  1,  2, 12,  0,  5,  7,  3,
       11,  2,  4,  8,  3, 12, 11, 11, 10,  7, 11,  0, 10, 12,  0,  1,  8,
       12,  5, 10,  5,  1,  8,  0, 12,  1,  7, 10, 12,  7,  7,  2,  0,  2,
       10, 11,  0,  6,  0, 10,  9,  5,  5,  0,  9,  1,  2,  8,  9,  0,  2,
        0,  7, 11,  9,  6,  6,  9,  3, 12,  7, 11, 11, 11, 10,  2,  8,  9,
        0,  7,  3, 11, 11, 12,  8,  0,  4, 11,  5,  8, 11,  1,  5, 11,  7,
       11,  0, 11,  0, 11,  6,  0, 11, 11,  8, 11,  1,  8,  6,  5,  0, 11,
        9,  0,  1,  5,  0,  1,  8,  8,  0,  2, 11, 11,  0,  6,  5,  6, 11,
        2,  2,  7,  9, 11,  1, 11,  1,  8,  9,  8,  6,  3,  8, 10,  1,  2,
        0, 11, 11,  3,  8,  6,  2,  4,  1, 11, 11, 11, 11,  0, 11,  2,  1,
        8,  1,  9,  0,  1, 11,  1,  5,  1,  6,  5,  0,  8,  0,  1, 10, 11,
        9,  0, 11, 12,  2,  4,  0, 11,  2, 12,  2, 11,  7,  3,  2,  2,  8,
        3,  0,  2, 11,  8,  8,  9,  3, 11,  6, 11,  0,  3,  2,  8, 10, 12,
       11,  5, 10,  6,  9, 11,  6,  3,  1,  6,  3,  7, 11,  6,  2, 11,  4,
       10,  9,  2,  0, 11,  5,  1, 11,  6, 11,  9, 11,  0,  0,  0, 11, 11,
        0,  1, 11,  1,  0,  3,  1,  6,  1, 11,  3]), metrics={'test_loss': 2.431368589401245, 'test_accuracy': 0.20333333333333334, 'test_f1': 0.06871652816251154, 'test_precision': 0.04134444444444445, 'test_recall': 0.20333333333333334, 'test_runtime': 0.6015, 'test_samples_per_second': 498.751, 'test_steps_per_second': 31.588})
