/cluster/raid/home/zhivar.sourati/logical-fallacy-identification/AMR_parsers_and_graphs
Tue Sep 27 05:01:56 2022       
+-----------------------------------------------------------------------------+
| NVIDIA-SMI 460.32.03    Driver Version: 460.32.03    CUDA Version: 11.2     |
|-------------------------------+----------------------+----------------------+
| GPU  Name        Persistence-M| Bus-Id        Disp.A | Volatile Uncorr. ECC |
| Fan  Temp  Perf  Pwr:Usage/Cap|         Memory-Usage | GPU-Util  Compute M. |
|                               |                      |               MIG M. |
|===============================+======================+======================|
|   0  A100-PCIE-40GB      Off  | 00000000:27:00.0 Off |                    0 |
| N/A   34C    P0    34W / 250W |      0MiB / 40536MiB |      0%      Default |
|                               |                      |             Disabled |
+-------------------------------+----------------------+----------------------+
                                                                               
+-----------------------------------------------------------------------------+
| Processes:                                                                  |
|  GPU   GI   CI        PID   Type   Process name                  GPU Memory |
|        ID   ID                                                   Usage      |
|=============================================================================|
|  No running processes found                                                 |
+-----------------------------------------------------------------------------+
0
cuda
reading the data from AMR
using GPU
Model loaded!
Start the training ...
{'loss': 2.5533, 'learning_rate': 4.892241379310345e-05, 'epoch': 0.43}
{'eval_loss': 2.440880060195923, 'eval_accuracy': 0.20333333333333334, 'eval_f1': 0.06871652816251154, 'eval_precision': 0.04134444444444445, 'eval_recall': 0.20333333333333334, 'eval_runtime': 0.5067, 'eval_samples_per_second': 592.106, 'eval_steps_per_second': 37.5, 'epoch': 0.43}
{'loss': 2.5206, 'learning_rate': 4.78448275862069e-05, 'epoch': 0.86}
{'eval_loss': 2.448418617248535, 'eval_accuracy': 0.20333333333333334, 'eval_f1': 0.06871652816251154, 'eval_precision': 0.04134444444444445, 'eval_recall': 0.20333333333333334, 'eval_runtime': 0.5, 'eval_samples_per_second': 599.942, 'eval_steps_per_second': 37.996, 'epoch': 0.86}
{'loss': 2.4893, 'learning_rate': 4.6767241379310346e-05, 'epoch': 1.29}
{'eval_loss': 2.4214329719543457, 'eval_accuracy': 0.20333333333333334, 'eval_f1': 0.06871652816251154, 'eval_precision': 0.04134444444444445, 'eval_recall': 0.20333333333333334, 'eval_runtime': 0.5045, 'eval_samples_per_second': 594.619, 'eval_steps_per_second': 37.659, 'epoch': 1.29}
{'loss': 2.5272, 'learning_rate': 4.5689655172413794e-05, 'epoch': 1.72}
{'eval_loss': 2.4280574321746826, 'eval_accuracy': 0.20333333333333334, 'eval_f1': 0.06871652816251154, 'eval_precision': 0.04134444444444445, 'eval_recall': 0.20333333333333334, 'eval_runtime': 0.5035, 'eval_samples_per_second': 595.859, 'eval_steps_per_second': 37.738, 'epoch': 1.72}
{'loss': 2.5153, 'learning_rate': 4.461206896551724e-05, 'epoch': 2.16}
{'eval_loss': 2.450623035430908, 'eval_accuracy': 0.20333333333333334, 'eval_f1': 0.06871652816251154, 'eval_precision': 0.04134444444444445, 'eval_recall': 0.20333333333333334, 'eval_runtime': 0.5026, 'eval_samples_per_second': 596.937, 'eval_steps_per_second': 37.806, 'epoch': 2.16}
{'loss': 2.4951, 'learning_rate': 4.353448275862069e-05, 'epoch': 2.59}
{'eval_loss': 2.4218029975891113, 'eval_accuracy': 0.20333333333333334, 'eval_f1': 0.06871652816251154, 'eval_precision': 0.04134444444444445, 'eval_recall': 0.20333333333333334, 'eval_runtime': 0.5046, 'eval_samples_per_second': 594.504, 'eval_steps_per_second': 37.652, 'epoch': 2.59}
{'loss': 2.5112, 'learning_rate': 4.245689655172414e-05, 'epoch': 3.02}
{'eval_loss': 2.4326694011688232, 'eval_accuracy': 0.12, 'eval_f1': 0.02571428571428571, 'eval_precision': 0.014400000000000001, 'eval_recall': 0.12, 'eval_runtime': 0.5049, 'eval_samples_per_second': 594.138, 'eval_steps_per_second': 37.629, 'epoch': 3.02}
{'loss': 2.4922, 'learning_rate': 4.1379310344827587e-05, 'epoch': 3.45}
{'eval_loss': 2.43475341796875, 'eval_accuracy': 0.20333333333333334, 'eval_f1': 0.06871652816251154, 'eval_precision': 0.04134444444444445, 'eval_recall': 0.20333333333333334, 'eval_runtime': 0.5045, 'eval_samples_per_second': 594.681, 'eval_steps_per_second': 37.663, 'epoch': 3.45}
{'loss': 2.5075, 'learning_rate': 4.0301724137931035e-05, 'epoch': 3.88}
{'eval_loss': 2.4284892082214355, 'eval_accuracy': 0.20333333333333334, 'eval_f1': 0.06871652816251154, 'eval_precision': 0.04134444444444445, 'eval_recall': 0.20333333333333334, 'eval_runtime': 0.5081, 'eval_samples_per_second': 590.426, 'eval_steps_per_second': 37.394, 'epoch': 3.88}
{'loss': 2.5164, 'learning_rate': 3.922413793103448e-05, 'epoch': 4.31}
{'eval_loss': 2.4225680828094482, 'eval_accuracy': 0.20333333333333334, 'eval_f1': 0.06871652816251154, 'eval_precision': 0.04134444444444445, 'eval_recall': 0.20333333333333334, 'eval_runtime': 0.5066, 'eval_samples_per_second': 592.129, 'eval_steps_per_second': 37.501, 'epoch': 4.31}
{'loss': 2.487, 'learning_rate': 3.814655172413794e-05, 'epoch': 4.74}
{'eval_loss': 2.4282212257385254, 'eval_accuracy': 0.20333333333333334, 'eval_f1': 0.06871652816251154, 'eval_precision': 0.04134444444444445, 'eval_recall': 0.20333333333333334, 'eval_runtime': 0.5064, 'eval_samples_per_second': 592.424, 'eval_steps_per_second': 37.52, 'epoch': 4.74}
{'loss': 2.5155, 'learning_rate': 3.7068965517241385e-05, 'epoch': 5.17}
{'eval_loss': 2.46224045753479, 'eval_accuracy': 0.20333333333333334, 'eval_f1': 0.06871652816251154, 'eval_precision': 0.04134444444444445, 'eval_recall': 0.20333333333333334, 'eval_runtime': 0.5062, 'eval_samples_per_second': 592.688, 'eval_steps_per_second': 37.537, 'epoch': 5.17}
{'loss': 2.4816, 'learning_rate': 3.5991379310344833e-05, 'epoch': 5.6}
{'eval_loss': 2.4180681705474854, 'eval_accuracy': 0.20333333333333334, 'eval_f1': 0.06871652816251154, 'eval_precision': 0.04134444444444445, 'eval_recall': 0.20333333333333334, 'eval_runtime': 0.5052, 'eval_samples_per_second': 593.825, 'eval_steps_per_second': 37.609, 'epoch': 5.6}
{'loss': 2.5119, 'learning_rate': 3.4913793103448275e-05, 'epoch': 6.03}
{'eval_loss': 2.420832633972168, 'eval_accuracy': 0.20333333333333334, 'eval_f1': 0.06871652816251154, 'eval_precision': 0.04134444444444445, 'eval_recall': 0.20333333333333334, 'eval_runtime': 0.5071, 'eval_samples_per_second': 591.658, 'eval_steps_per_second': 37.472, 'epoch': 6.03}
{'loss': 2.5047, 'learning_rate': 3.383620689655172e-05, 'epoch': 6.47}
{'eval_loss': 2.42497181892395, 'eval_accuracy': 0.20333333333333334, 'eval_f1': 0.06871652816251154, 'eval_precision': 0.04134444444444445, 'eval_recall': 0.20333333333333334, 'eval_runtime': 0.5062, 'eval_samples_per_second': 592.595, 'eval_steps_per_second': 37.531, 'epoch': 6.47}
{'loss': 2.5261, 'learning_rate': 3.275862068965517e-05, 'epoch': 6.9}
{'eval_loss': 2.419029951095581, 'eval_accuracy': 0.20333333333333334, 'eval_f1': 0.06871652816251154, 'eval_precision': 0.04134444444444445, 'eval_recall': 0.20333333333333334, 'eval_runtime': 0.5069, 'eval_samples_per_second': 591.861, 'eval_steps_per_second': 37.485, 'epoch': 6.9}
{'loss': 2.4838, 'learning_rate': 3.168103448275862e-05, 'epoch': 7.33}
{'eval_loss': 2.418192148208618, 'eval_accuracy': 0.20333333333333334, 'eval_f1': 0.06871652816251154, 'eval_precision': 0.04134444444444445, 'eval_recall': 0.20333333333333334, 'eval_runtime': 0.5091, 'eval_samples_per_second': 589.27, 'eval_steps_per_second': 37.32, 'epoch': 7.33}
{'loss': 2.507, 'learning_rate': 3.060344827586207e-05, 'epoch': 7.76}
{'eval_loss': 2.4489946365356445, 'eval_accuracy': 0.20333333333333334, 'eval_f1': 0.06871652816251154, 'eval_precision': 0.04134444444444445, 'eval_recall': 0.20333333333333334, 'eval_runtime': 0.509, 'eval_samples_per_second': 589.43, 'eval_steps_per_second': 37.331, 'epoch': 7.76}
{'loss': 2.5159, 'learning_rate': 2.952586206896552e-05, 'epoch': 8.19}
{'eval_loss': 2.4266629219055176, 'eval_accuracy': 0.20333333333333334, 'eval_f1': 0.06871652816251154, 'eval_precision': 0.04134444444444445, 'eval_recall': 0.20333333333333334, 'eval_runtime': 0.5109, 'eval_samples_per_second': 587.183, 'eval_steps_per_second': 37.188, 'epoch': 8.19}
{'loss': 2.4833, 'learning_rate': 2.844827586206897e-05, 'epoch': 8.62}
