/cluster/raid/home/zhivar.sourati/logical-fallacy-identification/AMR_parsers_and_graphs
Tue Sep 27 08:52:03 2022       
+-----------------------------------------------------------------------------+
| NVIDIA-SMI 460.32.03    Driver Version: 460.32.03    CUDA Version: 11.2     |
|-------------------------------+----------------------+----------------------+
| GPU  Name        Persistence-M| Bus-Id        Disp.A | Volatile Uncorr. ECC |
| Fan  Temp  Perf  Pwr:Usage/Cap|         Memory-Usage | GPU-Util  Compute M. |
|                               |                      |               MIG M. |
|===============================+======================+======================|
|   0  A100-PCIE-40GB      Off  | 00000000:27:00.0 Off |                    0 |
| N/A   28C    P0    33W / 250W |      0MiB / 40536MiB |      0%      Default |
|                               |                      |             Disabled |
+-------------------------------+----------------------+----------------------+
                                                                               
+-----------------------------------------------------------------------------+
| Processes:                                                                  |
|  GPU   GI   CI        PID   Type   Process name                  GPU Memory |
|        ID   ID                                                   Usage      |
|=============================================================================|
|  No running processes found                                                 |
+-----------------------------------------------------------------------------+
0
cuda
using GPU
doing the case augmentation ...
                        precision    recall  f1-score   support

            ad hominem       0.99      0.99      0.99       225
            ad populum       0.96      0.99      0.98       158
     appeal to emotion       1.00      0.96      0.98       130
    circular reasoning       0.99      0.99      0.99       134
          equivocation       0.90      0.92      0.91        39
fallacy of credibility       0.98      0.99      0.99       107
  fallacy of extension       1.00      0.97      0.99       106
      fallacy of logic       0.95      0.99      0.97       121
  fallacy of relevance       1.00      0.99      1.00       114
       false causality       1.00      0.95      0.98       174
         false dilemma       0.99      1.00      1.00       110
 faulty generalization       0.98      1.00      0.99       319
           intentional       0.99      0.97      0.98       112

              accuracy                           0.98      1849
             macro avg       0.98      0.98      0.98      1849
          weighted avg       0.98      0.98      0.98      1849

Number of data points augmented with high confidence: 0.9643050297458086
Error finding the predicted label for sentence: " Just like students are given a couple of MSK0 of MSK3 before taking exams , MSK1 should also be given few days or MSK0 to MSK3 MSK1 before an operation or MSK2 , after all MSK2 is not as easy task " Is an example of .... 
Error finding the predicted label for sentence: " There MSK0 was in the MSK1 of MSK2 , and yet a perfect stranger ; without home and without friends , in the MSK1 of thousands of MSK0 own brethren — children of a common Father , and yet MSK0 dared not to unfold to any one of MSK2 MSK0 sad condition . " Check each literary term found in this quote : 
                        precision    recall  f1-score   support

            ad hominem       0.49      0.47      0.48        36
            ad populum       0.61      0.52      0.56        44
     appeal to emotion       0.25      0.15      0.19        13
    circular reasoning       0.48      0.56      0.51        18
          equivocation       0.33      0.60      0.43         5
fallacy of credibility       0.06      0.12      0.08         8
  fallacy of extension       0.60      0.21      0.32        14
      fallacy of logic       0.43      0.35      0.39        17
  fallacy of relevance       0.25      0.17      0.20        24
       false causality       0.50      0.42      0.45        24
         false dilemma       0.68      0.68      0.68        19
 faulty generalization       0.43      0.61      0.50        61
           intentional       0.42      0.31      0.36        16

              accuracy                           0.45       299
             macro avg       0.42      0.40      0.40       299
          weighted avg       0.46      0.45      0.44       299

Number of data points augmented with high confidence: 0.75
Error finding the predicted label for sentence: MSK0 call MSK1 yet MSK0 can not lend MSK2 money for MSK2 school project , murdering MSK2 chance for a higher grade . MSK0 are just like MSK1 . 
                        precision    recall  f1-score   support

            ad hominem       0.47      0.51      0.49        41
            ad populum       0.64      0.47      0.54        30
     appeal to emotion       0.54      0.30      0.39        23
    circular reasoning       0.19      0.32      0.24        19
          equivocation       0.00      0.00      0.00         5
fallacy of credibility       0.27      0.35      0.31        17
  fallacy of extension       0.80      0.38      0.52        21
      fallacy of logic       0.18      0.21      0.19        14
  fallacy of relevance       0.33      0.30      0.32        23
       false causality       0.40      0.11      0.17        18
         false dilemma       0.41      0.92      0.56        12
 faulty generalization       0.52      0.59      0.55        61
           intentional       0.50      0.47      0.48        15

              accuracy                           0.43       299
             macro avg       0.40      0.38      0.37       299
          weighted avg       0.46      0.43      0.42       299

Number of data points augmented with high confidence: 0.7433333333333333
Model loaded!
Start the training ...
{'loss': 2.5136, 'learning_rate': 9.461206896551725e-06, 'epoch': 0.43}
{'eval_loss': 2.3634419441223145, 'eval_accuracy': 0.20469798657718122, 'eval_f1': 0.06956310407358247, 'eval_precision': 0.041901265708751856, 'eval_recall': 0.20469798657718122, 'eval_runtime': 1.061, 'eval_samples_per_second': 280.871, 'eval_steps_per_second': 17.908, 'epoch': 0.43}
{'loss': 2.2224, 'learning_rate': 8.922413793103449e-06, 'epoch': 0.86}
{'eval_loss': 1.737533688545227, 'eval_accuracy': 0.5067114093959731, 'eval_f1': 0.4633424986807261, 'eval_precision': 0.5320835749987072, 'eval_recall': 0.5067114093959731, 'eval_runtime': 1.059, 'eval_samples_per_second': 281.395, 'eval_steps_per_second': 17.941, 'epoch': 0.86}
{'loss': 1.4981, 'learning_rate': 8.383620689655173e-06, 'epoch': 1.29}
{'eval_loss': 1.325596809387207, 'eval_accuracy': 0.610738255033557, 'eval_f1': 0.5816790955675437, 'eval_precision': 0.6711828812499954, 'eval_recall': 0.610738255033557, 'eval_runtime': 1.0635, 'eval_samples_per_second': 280.206, 'eval_steps_per_second': 17.866, 'epoch': 1.29}
{'loss': 1.1837, 'learning_rate': 7.844827586206897e-06, 'epoch': 1.72}
{'eval_loss': 1.1261285543441772, 'eval_accuracy': 0.7080536912751678, 'eval_f1': 0.6927997721603786, 'eval_precision': 0.7091265285697466, 'eval_recall': 0.7080536912751678, 'eval_runtime': 1.0629, 'eval_samples_per_second': 280.357, 'eval_steps_per_second': 17.875, 'epoch': 1.72}
{'loss': 0.8343, 'learning_rate': 7.306034482758622e-06, 'epoch': 2.16}
{'eval_loss': 1.0640524625778198, 'eval_accuracy': 0.738255033557047, 'eval_f1': 0.7244576551771538, 'eval_precision': 0.7309749807890145, 'eval_recall': 0.738255033557047, 'eval_runtime': 1.0678, 'eval_samples_per_second': 279.071, 'eval_steps_per_second': 17.793, 'epoch': 2.16}
{'loss': 0.5644, 'learning_rate': 6.767241379310346e-06, 'epoch': 2.59}
{'eval_loss': 1.0759519338607788, 'eval_accuracy': 0.7281879194630873, 'eval_f1': 0.7184141004805309, 'eval_precision': 0.7246120397127108, 'eval_recall': 0.7281879194630873, 'eval_runtime': 1.0727, 'eval_samples_per_second': 277.799, 'eval_steps_per_second': 17.712, 'epoch': 2.59}
{'loss': 0.5434, 'learning_rate': 6.228448275862069e-06, 'epoch': 3.02}
{'eval_loss': 1.0385807752609253, 'eval_accuracy': 0.7651006711409396, 'eval_f1': 0.7542061861318744, 'eval_precision': 0.7622674864285603, 'eval_recall': 0.7651006711409396, 'eval_runtime': 1.0708, 'eval_samples_per_second': 278.284, 'eval_steps_per_second': 17.743, 'epoch': 3.02}
{'loss': 0.3342, 'learning_rate': 5.689655172413794e-06, 'epoch': 3.45}
{'eval_loss': 1.079676628112793, 'eval_accuracy': 0.7516778523489933, 'eval_f1': 0.7446177172860132, 'eval_precision': 0.7798740544754037, 'eval_recall': 0.7516778523489933, 'eval_runtime': 1.0729, 'eval_samples_per_second': 277.761, 'eval_steps_per_second': 17.71, 'epoch': 3.45}
{'loss': 0.271, 'learning_rate': 5.150862068965518e-06, 'epoch': 3.88}
{'eval_loss': 1.0869392156600952, 'eval_accuracy': 0.7785234899328859, 'eval_f1': 0.7684030967978595, 'eval_precision': 0.7782186679837687, 'eval_recall': 0.7785234899328859, 'eval_runtime': 1.0751, 'eval_samples_per_second': 277.172, 'eval_steps_per_second': 17.672, 'epoch': 3.88}
{'loss': 0.2041, 'learning_rate': 4.612068965517242e-06, 'epoch': 4.31}
{'eval_loss': 1.1048671007156372, 'eval_accuracy': 0.7684563758389261, 'eval_f1': 0.7591569971498171, 'eval_precision': 0.7642876281355988, 'eval_recall': 0.7684563758389261, 'eval_runtime': 1.0769, 'eval_samples_per_second': 276.725, 'eval_steps_per_second': 17.644, 'epoch': 4.31}
{'loss': 0.1589, 'learning_rate': 4.073275862068966e-06, 'epoch': 4.74}
{'eval_loss': 1.1042861938476562, 'eval_accuracy': 0.7785234899328859, 'eval_f1': 0.7732703921555166, 'eval_precision': 0.7897875060205976, 'eval_recall': 0.7785234899328859, 'eval_runtime': 1.0691, 'eval_samples_per_second': 278.748, 'eval_steps_per_second': 17.773, 'epoch': 4.74}
{'loss': 0.1319, 'learning_rate': 3.5344827586206898e-06, 'epoch': 5.17}
{'eval_loss': 1.212447166442871, 'eval_accuracy': 0.7751677852348994, 'eval_f1': 0.7681898020700466, 'eval_precision': 0.784858829738654, 'eval_recall': 0.7751677852348994, 'eval_runtime': 1.0669, 'eval_samples_per_second': 279.318, 'eval_steps_per_second': 17.809, 'epoch': 5.17}
{'loss': 0.0656, 'learning_rate': 2.9956896551724142e-06, 'epoch': 5.6}
{'eval_loss': 1.2836380004882812, 'eval_accuracy': 0.7885906040268457, 'eval_f1': 0.7824640300632868, 'eval_precision': 0.7943485580407162, 'eval_recall': 0.7885906040268457, 'eval_runtime': 1.0875, 'eval_samples_per_second': 274.022, 'eval_steps_per_second': 17.471, 'epoch': 5.6}
{'loss': 0.0739, 'learning_rate': 2.4568965517241382e-06, 'epoch': 6.03}
{'eval_loss': 1.2757121324539185, 'eval_accuracy': 0.7919463087248322, 'eval_f1': 0.7876877979280819, 'eval_precision': 0.8010663346963318, 'eval_recall': 0.7919463087248322, 'eval_runtime': 1.0725, 'eval_samples_per_second': 277.852, 'eval_steps_per_second': 17.715, 'epoch': 6.03}
{'loss': 0.0392, 'learning_rate': 1.9181034482758622e-06, 'epoch': 6.47}
{'eval_loss': 1.3068795204162598, 'eval_accuracy': 0.7953020134228188, 'eval_f1': 0.7911555563697863, 'eval_precision': 0.805690857467922, 'eval_recall': 0.7953020134228188, 'eval_runtime': 1.0729, 'eval_samples_per_second': 277.751, 'eval_steps_per_second': 17.709, 'epoch': 6.47}
{'loss': 0.0517, 'learning_rate': 1.3793103448275862e-06, 'epoch': 6.9}
{'eval_loss': 1.3443034887313843, 'eval_accuracy': 0.7919463087248322, 'eval_f1': 0.7874695461644928, 'eval_precision': 0.7985160406591114, 'eval_recall': 0.7919463087248322, 'eval_runtime': 1.0791, 'eval_samples_per_second': 276.144, 'eval_steps_per_second': 17.607, 'epoch': 6.9}
{'loss': 0.0406, 'learning_rate': 8.405172413793105e-07, 'epoch': 7.33}
{'eval_loss': 1.340706706047058, 'eval_accuracy': 0.7919463087248322, 'eval_f1': 0.7878219033287489, 'eval_precision': 0.8020995027745057, 'eval_recall': 0.7919463087248322, 'eval_runtime': 1.0739, 'eval_samples_per_second': 277.498, 'eval_steps_per_second': 17.693, 'epoch': 7.33}
{'loss': 0.0276, 'learning_rate': 3.0172413793103453e-07, 'epoch': 7.76}
{'eval_loss': 1.3765536546707153, 'eval_accuracy': 0.7919463087248322, 'eval_f1': 0.7869898533653583, 'eval_precision': 0.7978833317759493, 'eval_recall': 0.7919463087248322, 'eval_runtime': 1.0768, 'eval_samples_per_second': 276.748, 'eval_steps_per_second': 17.645, 'epoch': 7.76}
{'train_runtime': 219.3306, 'train_samples_per_second': 67.442, 'train_steps_per_second': 4.231, 'train_loss': 0.5806294556321769, 'epoch': 8.0}
PredictionOutput(predictions=array([[-1.289815  , -1.0618848 , -0.4257605 , ...,  0.3232336 ,
        -0.544527  , -1.2801318 ],
       [-0.29289442, -0.9628903 , -0.05090017, ..., -0.68261254,
         7.9285126 , -0.8903007 ],
       [-1.0585144 , -0.9547071 , -1.0035084 , ..., -1.0747309 ,
         0.3587452 , -1.3468246 ],
       ...,
       [-0.655154  , -0.56507605, -1.1756636 , ..., -0.28449997,
        -0.34534335, -0.72491395],
       [-0.8204552 , -1.5164568 , -1.3594409 , ..., -0.3042928 ,
        -0.9192879 , -0.59951115],
       [-0.17380378, -1.424539  , -1.0935278 , ..., -0.4304829 ,
        -0.8191882 , -0.4147396 ]], dtype=float32), label_ids=array([ 6, 11,  7,  9, 11,  6,  6, 11,  5,  3,  9, 11,  0,  1, 11, 12,  1,
        7,  0, 12,  3,  1,  8,  3,  6,  8,  0,  0, 11,  0, 11,  3,  3,  5,
        2,  8,  9,  1, 11,  1,  5, 12,  0, 12,  1,  2, 12,  0,  5,  7,  3,
       11,  2,  4,  8,  3, 12, 11, 11, 10,  7, 11,  0, 10, 12,  0,  1,  8,
       12,  5, 10,  5,  1,  8,  0, 12,  1,  7, 10, 12,  7,  7,  2,  0,  2,
       10, 11,  0,  6,  0, 10,  9,  5,  5,  0,  9,  1,  2,  9,  0,  2,  0,
        7, 11,  9,  6,  6,  9,  3, 12,  7, 11, 11, 11, 10,  2,  8,  9,  0,
        7,  3, 11, 11, 12,  8,  0,  4, 11,  5,  8, 11,  1,  5, 11,  7, 11,
        0, 11,  0, 11,  6,  0, 11, 11,  8, 11,  1,  8,  6,  5,  0, 11,  9,
        0,  1,  5,  0,  1,  8,  8,  0,  2, 11, 11,  0,  6,  5,  6, 11,  2,
        2,  7,  9, 11,  1, 11,  1,  8,  9,  8,  6,  3,  8, 10,  1,  2,  0,
       11, 11,  3,  8,  6,  2,  4,  1, 11, 11, 11, 11,  0, 11,  2,  1,  8,
        1,  9,  0,  1, 11,  1,  5,  1,  6,  5,  0,  8,  0,  1, 10, 11,  9,
        0, 11, 12,  2,  4,  0, 11,  2, 12,  2, 11,  7,  3,  2,  2,  8,  3,
        0,  2, 11,  8,  8,  9,  3, 11,  6, 11,  0,  3,  2,  8, 10, 12, 11,
        5, 10,  6,  9, 11,  6,  3,  1,  6,  3,  7, 11,  6,  2, 11,  4, 10,
        9,  2,  0, 11,  5,  1, 11,  6, 11,  9, 11,  0,  0,  0, 11, 11,  0,
        1, 11,  1,  0,  3,  1,  6,  1, 11,  3]), metrics={'test_loss': 1.5216193199157715, 'test_accuracy': 0.7625418060200669, 'test_f1': 0.7596661673392017, 'test_precision': 0.7688099295659097, 'test_recall': 0.7625418060200669, 'test_runtime': 1.1067, 'test_samples_per_second': 270.179, 'test_steps_per_second': 17.169})
