/cluster/raid/home/zhivar.sourati/logical-fallacy-identification/AMR_parsers_and_graphs
Mon Oct  3 05:32:47 2022       
+-----------------------------------------------------------------------------+
| NVIDIA-SMI 460.32.03    Driver Version: 460.32.03    CUDA Version: 11.2     |
|-------------------------------+----------------------+----------------------+
| GPU  Name        Persistence-M| Bus-Id        Disp.A | Volatile Uncorr. ECC |
| Fan  Temp  Perf  Pwr:Usage/Cap|         Memory-Usage | GPU-Util  Compute M. |
|                               |                      |               MIG M. |
|===============================+======================+======================|
|   0  A100-PCIE-40GB      Off  | 00000000:27:00.0 Off |                    0 |
| N/A   29C    P0    33W / 250W |      0MiB / 40536MiB |      0%      Default |
|                               |                      |             Disabled |
+-------------------------------+----------------------+----------------------+
                                                                               
+-----------------------------------------------------------------------------+
| Processes:                                                                  |
|  GPU   GI   CI        PID   Type   Process name                  GPU Memory |
|        ID   ID                                                   Usage      |
|=============================================================================|
|  No running processes found                                                 |
+-----------------------------------------------------------------------------+
0
case based reasoning with 1 cases and simcse similarity
cuda
using GPU
Model loaded!
Start the training ...
{'loss': 2.5198, 'learning_rate': 1.913793103448276e-05, 'epoch': 0.22}
{'eval_loss': 2.425302267074585, 'eval_accuracy': 0.20333333333333334, 'eval_f1': 0.06871652816251154, 'eval_precision': 0.04134444444444445, 'eval_recall': 0.20333333333333334, 'eval_runtime': 0.3783, 'eval_samples_per_second': 793.081, 'eval_steps_per_second': 100.457, 'epoch': 0.22}
{'loss': 2.4441, 'learning_rate': 1.827586206896552e-05, 'epoch': 0.43}
{'eval_loss': 2.312366485595703, 'eval_accuracy': 0.20666666666666667, 'eval_f1': 0.07539389389389389, 'eval_precision': 0.16148272017837237, 'eval_recall': 0.20666666666666667, 'eval_runtime': 0.371, 'eval_samples_per_second': 808.69, 'eval_steps_per_second': 102.434, 'epoch': 0.43}
{'loss': 2.2678, 'learning_rate': 1.7413793103448276e-05, 'epoch': 0.65}
{'eval_loss': 2.097801446914673, 'eval_accuracy': 0.37333333333333335, 'eval_f1': 0.30787153371220255, 'eval_precision': 0.3165431011926421, 'eval_recall': 0.37333333333333335, 'eval_runtime': 0.3724, 'eval_samples_per_second': 805.583, 'eval_steps_per_second': 102.04, 'epoch': 0.65}
{'loss': 2.1982, 'learning_rate': 1.6551724137931037e-05, 'epoch': 0.86}
{'eval_loss': 1.888060450553894, 'eval_accuracy': 0.49, 'eval_f1': 0.4517094856181382, 'eval_precision': 0.4929354715044937, 'eval_recall': 0.49, 'eval_runtime': 0.3717, 'eval_samples_per_second': 806.997, 'eval_steps_per_second': 102.22, 'epoch': 0.86}
{'loss': 1.8315, 'learning_rate': 1.5689655172413794e-05, 'epoch': 1.08}
{'eval_loss': 1.6950132846832275, 'eval_accuracy': 0.48, 'eval_f1': 0.4525364431996897, 'eval_precision': 0.4640771450771451, 'eval_recall': 0.48, 'eval_runtime': 0.371, 'eval_samples_per_second': 808.607, 'eval_steps_per_second': 102.424, 'epoch': 1.08}
{'loss': 1.6265, 'learning_rate': 1.4827586206896554e-05, 'epoch': 1.29}
{'eval_loss': 1.6185760498046875, 'eval_accuracy': 0.55, 'eval_f1': 0.546190676446855, 'eval_precision': 0.5746173129702542, 'eval_recall': 0.55, 'eval_runtime': 0.3705, 'eval_samples_per_second': 809.684, 'eval_steps_per_second': 102.56, 'epoch': 1.29}
{'loss': 1.6465, 'learning_rate': 1.3965517241379311e-05, 'epoch': 1.51}
{'eval_loss': 1.5282535552978516, 'eval_accuracy': 0.57, 'eval_f1': 0.5538038300546735, 'eval_precision': 0.5789103099629415, 'eval_recall': 0.57, 'eval_runtime': 0.3705, 'eval_samples_per_second': 809.631, 'eval_steps_per_second': 102.553, 'epoch': 1.51}
{'loss': 1.4374, 'learning_rate': 1.310344827586207e-05, 'epoch': 1.72}
{'eval_loss': 1.4554959535598755, 'eval_accuracy': 0.5666666666666667, 'eval_f1': 0.5471946218888527, 'eval_precision': 0.5527222730005714, 'eval_recall': 0.5666666666666667, 'eval_runtime': 0.3703, 'eval_samples_per_second': 810.184, 'eval_steps_per_second': 102.623, 'epoch': 1.72}
{'loss': 1.5469, 'learning_rate': 1.2241379310344827e-05, 'epoch': 1.94}
{'eval_loss': 1.429106593132019, 'eval_accuracy': 0.5833333333333334, 'eval_f1': 0.5823794200016734, 'eval_precision': 0.6073471478285307, 'eval_recall': 0.5833333333333334, 'eval_runtime': 0.3705, 'eval_samples_per_second': 809.651, 'eval_steps_per_second': 102.556, 'epoch': 1.94}
{'loss': 1.2221, 'learning_rate': 1.1379310344827587e-05, 'epoch': 2.16}
{'eval_loss': 1.3534436225891113, 'eval_accuracy': 0.5866666666666667, 'eval_f1': 0.5809030545220997, 'eval_precision': 0.602380598216298, 'eval_recall': 0.5866666666666667, 'eval_runtime': 0.3711, 'eval_samples_per_second': 808.413, 'eval_steps_per_second': 102.399, 'epoch': 2.16}
{'loss': 0.9748, 'learning_rate': 1.0517241379310346e-05, 'epoch': 2.37}
{'eval_loss': 1.3838969469070435, 'eval_accuracy': 0.59, 'eval_f1': 0.5815274121414835, 'eval_precision': 0.6133053221580481, 'eval_recall': 0.59, 'eval_runtime': 0.3701, 'eval_samples_per_second': 810.602, 'eval_steps_per_second': 102.676, 'epoch': 2.37}
{'loss': 1.0708, 'learning_rate': 9.655172413793105e-06, 'epoch': 2.59}
{'eval_loss': 1.3437812328338623, 'eval_accuracy': 0.6133333333333333, 'eval_f1': 0.6052561538548574, 'eval_precision': 0.6358820432214958, 'eval_recall': 0.6133333333333333, 'eval_runtime': 0.3713, 'eval_samples_per_second': 808.04, 'eval_steps_per_second': 102.352, 'epoch': 2.59}
{'loss': 1.0563, 'learning_rate': 8.793103448275862e-06, 'epoch': 2.8}
{'eval_loss': 1.2977246046066284, 'eval_accuracy': 0.6533333333333333, 'eval_f1': 0.6483253439530192, 'eval_precision': 0.6621638373607565, 'eval_recall': 0.6533333333333333, 'eval_runtime': 0.3697, 'eval_samples_per_second': 811.435, 'eval_steps_per_second': 102.782, 'epoch': 2.8}
{'loss': 0.9762, 'learning_rate': 7.93103448275862e-06, 'epoch': 3.02}
{'eval_loss': 1.2774611711502075, 'eval_accuracy': 0.6366666666666667, 'eval_f1': 0.6366710925950511, 'eval_precision': 0.650707330816551, 'eval_recall': 0.6366666666666667, 'eval_runtime': 0.3695, 'eval_samples_per_second': 811.908, 'eval_steps_per_second': 102.842, 'epoch': 3.02}
{'loss': 0.7577, 'learning_rate': 7.0689655172413796e-06, 'epoch': 3.23}
{'eval_loss': 1.2700577974319458, 'eval_accuracy': 0.6466666666666666, 'eval_f1': 0.6396009739582612, 'eval_precision': 0.6566198617815537, 'eval_recall': 0.6466666666666666, 'eval_runtime': 0.3725, 'eval_samples_per_second': 805.445, 'eval_steps_per_second': 102.023, 'epoch': 3.23}
{'loss': 0.7234, 'learning_rate': 6.206896551724138e-06, 'epoch': 3.45}
{'eval_loss': 1.2877180576324463, 'eval_accuracy': 0.6433333333333333, 'eval_f1': 0.6405949481575978, 'eval_precision': 0.6619593210897309, 'eval_recall': 0.6433333333333333, 'eval_runtime': 0.3704, 'eval_samples_per_second': 809.907, 'eval_steps_per_second': 102.588, 'epoch': 3.45}
{'loss': 0.7431, 'learning_rate': 5.344827586206896e-06, 'epoch': 3.66}
{'eval_loss': 1.2664051055908203, 'eval_accuracy': 0.6433333333333333, 'eval_f1': 0.6365188462577756, 'eval_precision': 0.6497350707516937, 'eval_recall': 0.6433333333333333, 'eval_runtime': 0.3695, 'eval_samples_per_second': 811.884, 'eval_steps_per_second': 102.839, 'epoch': 3.66}
{'loss': 0.7662, 'learning_rate': 4.482758620689656e-06, 'epoch': 3.88}
{'eval_loss': 1.24480140209198, 'eval_accuracy': 0.6733333333333333, 'eval_f1': 0.6717946390299809, 'eval_precision': 0.6917370715819964, 'eval_recall': 0.6733333333333333, 'eval_runtime': 0.3697, 'eval_samples_per_second': 811.38, 'eval_steps_per_second': 102.775, 'epoch': 3.88}
{'loss': 0.6608, 'learning_rate': 3.620689655172414e-06, 'epoch': 4.09}
{'eval_loss': 1.2117632627487183, 'eval_accuracy': 0.6766666666666666, 'eval_f1': 0.6733210752995294, 'eval_precision': 0.682394233446865, 'eval_recall': 0.6766666666666666, 'eval_runtime': 0.3706, 'eval_samples_per_second': 809.448, 'eval_steps_per_second': 102.53, 'epoch': 4.09}
{'loss': 0.59, 'learning_rate': 2.7586206896551725e-06, 'epoch': 4.31}
{'eval_loss': 1.2138135433197021, 'eval_accuracy': 0.6766666666666666, 'eval_f1': 0.6720693936957054, 'eval_precision': 0.6800500218735513, 'eval_recall': 0.6766666666666666, 'eval_runtime': 0.3705, 'eval_samples_per_second': 809.658, 'eval_steps_per_second': 102.557, 'epoch': 4.31}
{'loss': 0.5126, 'learning_rate': 1.896551724137931e-06, 'epoch': 4.53}
{'eval_loss': 1.2278368473052979, 'eval_accuracy': 0.6666666666666666, 'eval_f1': 0.6643247664403948, 'eval_precision': 0.67082861284918, 'eval_recall': 0.6666666666666666, 'eval_runtime': 0.37, 'eval_samples_per_second': 810.733, 'eval_steps_per_second': 102.693, 'epoch': 4.53}
{'loss': 0.5879, 'learning_rate': 1.0344827586206898e-06, 'epoch': 4.74}
{'eval_loss': 1.2344480752944946, 'eval_accuracy': 0.6666666666666666, 'eval_f1': 0.6633805606849086, 'eval_precision': 0.6762568834202851, 'eval_recall': 0.6666666666666666, 'eval_runtime': 0.3716, 'eval_samples_per_second': 807.332, 'eval_steps_per_second': 102.262, 'epoch': 4.74}
{'loss': 0.5129, 'learning_rate': 1.7241379310344828e-07, 'epoch': 4.96}
{'eval_loss': 1.232051134109497, 'eval_accuracy': 0.67, 'eval_f1': 0.6686850004481584, 'eval_precision': 0.6827552463643363, 'eval_recall': 0.67, 'eval_runtime': 0.3708, 'eval_samples_per_second': 809.115, 'eval_steps_per_second': 102.488, 'epoch': 4.96}
{'train_runtime': 94.8529, 'train_samples_per_second': 97.467, 'train_steps_per_second': 12.229, 'train_loss': 1.2392216762592052, 'epoch': 5.0}
