/cluster/raid/home/zhivar.sourati/logical-fallacy-identification/AMR_parsers_and_graphs
Thu Sep 29 02:17:17 2022       
+-----------------------------------------------------------------------------+
| NVIDIA-SMI 460.32.03    Driver Version: 460.32.03    CUDA Version: 11.2     |
|-------------------------------+----------------------+----------------------+
| GPU  Name        Persistence-M| Bus-Id        Disp.A | Volatile Uncorr. ECC |
| Fan  Temp  Perf  Pwr:Usage/Cap|         Memory-Usage | GPU-Util  Compute M. |
|                               |                      |               MIG M. |
|===============================+======================+======================|
|   0  A100-PCIE-40GB      Off  | 00000000:28:00.0 Off |                    0 |
| N/A   26C    P0    35W / 250W |      0MiB / 40536MiB |      0%      Default |
|                               |                      |             Disabled |
+-------------------------------+----------------------+----------------------+
                                                                               
+-----------------------------------------------------------------------------+
| Processes:                                                                  |
|  GPU   GI   CI        PID   Type   Process name                  GPU Memory |
|        ID   ID                                                   Usage      |
|=============================================================================|
|  No running processes found                                                 |
+-----------------------------------------------------------------------------+
0
Model loaded!
Start the training ...
{'loss': 2.5401, 'learning_rate': 9.78448275862069e-06, 'epoch': 0.22}
{'eval_loss': 2.498316764831543, 'eval_accuracy': 0.20333333333333334, 'eval_f1': 0.06871652816251154, 'eval_precision': 0.04134444444444445, 'eval_recall': 0.20333333333333334, 'eval_runtime': 0.3288, 'eval_samples_per_second': 912.279, 'eval_steps_per_second': 115.555, 'epoch': 0.22}
{'loss': 2.4718, 'learning_rate': 9.56896551724138e-06, 'epoch': 0.43}
{'eval_loss': 2.396012783050537, 'eval_accuracy': 0.20333333333333334, 'eval_f1': 0.06871652816251154, 'eval_precision': 0.04134444444444445, 'eval_recall': 0.20333333333333334, 'eval_runtime': 0.3247, 'eval_samples_per_second': 923.877, 'eval_steps_per_second': 117.024, 'epoch': 0.43}
{'loss': 2.4351, 'learning_rate': 9.353448275862069e-06, 'epoch': 0.65}
{'eval_loss': 2.3194477558135986, 'eval_accuracy': 0.21, 'eval_f1': 0.08173092899379368, 'eval_precision': 0.1616219239373602, 'eval_recall': 0.21, 'eval_runtime': 0.3234, 'eval_samples_per_second': 927.546, 'eval_steps_per_second': 117.489, 'epoch': 0.65}
{'loss': 2.3801, 'learning_rate': 9.13793103448276e-06, 'epoch': 0.86}
{'eval_loss': 2.14469575881958, 'eval_accuracy': 0.35333333333333333, 'eval_f1': 0.2548387208022277, 'eval_precision': 0.4436763624990226, 'eval_recall': 0.35333333333333333, 'eval_runtime': 0.3223, 'eval_samples_per_second': 930.672, 'eval_steps_per_second': 117.885, 'epoch': 0.86}
{'loss': 2.1058, 'learning_rate': 8.922413793103449e-06, 'epoch': 1.08}
{'eval_loss': 1.8773688077926636, 'eval_accuracy': 0.4166666666666667, 'eval_f1': 0.3423690789700166, 'eval_precision': 0.46303836317135544, 'eval_recall': 0.4166666666666667, 'eval_runtime': 0.3208, 'eval_samples_per_second': 935.03, 'eval_steps_per_second': 118.437, 'epoch': 1.08}
{'loss': 1.8613, 'learning_rate': 8.706896551724138e-06, 'epoch': 1.29}
{'eval_loss': 1.745469570159912, 'eval_accuracy': 0.5, 'eval_f1': 0.4526523181136887, 'eval_precision': 0.5243297080278213, 'eval_recall': 0.5, 'eval_runtime': 0.3221, 'eval_samples_per_second': 931.502, 'eval_steps_per_second': 117.99, 'epoch': 1.29}
{'loss': 1.8286, 'learning_rate': 8.491379310344829e-06, 'epoch': 1.51}
{'eval_loss': 1.6387561559677124, 'eval_accuracy': 0.55, 'eval_f1': 0.5243430510699062, 'eval_precision': 0.5191001771646641, 'eval_recall': 0.55, 'eval_runtime': 0.3231, 'eval_samples_per_second': 928.436, 'eval_steps_per_second': 117.602, 'epoch': 1.51}
{'loss': 1.6113, 'learning_rate': 8.275862068965518e-06, 'epoch': 1.72}
{'eval_loss': 1.5009714365005493, 'eval_accuracy': 0.58, 'eval_f1': 0.5496849208373493, 'eval_precision': 0.6175304866069825, 'eval_recall': 0.58, 'eval_runtime': 0.3222, 'eval_samples_per_second': 931.136, 'eval_steps_per_second': 117.944, 'epoch': 1.72}
{'loss': 1.6647, 'learning_rate': 8.060344827586208e-06, 'epoch': 1.94}
{'eval_loss': 1.4330986738204956, 'eval_accuracy': 0.6133333333333333, 'eval_f1': 0.5999276738133367, 'eval_precision': 0.6317489374941362, 'eval_recall': 0.6133333333333333, 'eval_runtime': 0.3215, 'eval_samples_per_second': 933.251, 'eval_steps_per_second': 118.212, 'epoch': 1.94}
{'loss': 1.4308, 'learning_rate': 7.844827586206897e-06, 'epoch': 2.16}
{'eval_loss': 1.3457998037338257, 'eval_accuracy': 0.5866666666666667, 'eval_f1': 0.5741785701236105, 'eval_precision': 0.6002170391007557, 'eval_recall': 0.5866666666666667, 'eval_runtime': 0.3219, 'eval_samples_per_second': 932.097, 'eval_steps_per_second': 118.066, 'epoch': 2.16}
{'loss': 1.1806, 'learning_rate': 7.629310344827587e-06, 'epoch': 2.37}
{'eval_loss': 1.3424184322357178, 'eval_accuracy': 0.62, 'eval_f1': 0.6098467595733933, 'eval_precision': 0.6407148229607906, 'eval_recall': 0.62, 'eval_runtime': 0.3205, 'eval_samples_per_second': 936.074, 'eval_steps_per_second': 118.569, 'epoch': 2.37}
{'loss': 1.2515, 'learning_rate': 7.413793103448277e-06, 'epoch': 2.59}
{'eval_loss': 1.3174654245376587, 'eval_accuracy': 0.6233333333333333, 'eval_f1': 0.6117629609060603, 'eval_precision': 0.6576534645909646, 'eval_recall': 0.6233333333333333, 'eval_runtime': 0.3199, 'eval_samples_per_second': 937.71, 'eval_steps_per_second': 118.777, 'epoch': 2.59}
{'loss': 1.2174, 'learning_rate': 7.198275862068966e-06, 'epoch': 2.8}
{'eval_loss': 1.2886738777160645, 'eval_accuracy': 0.6166666666666667, 'eval_f1': 0.6073572865647521, 'eval_precision': 0.6417803915890872, 'eval_recall': 0.6166666666666667, 'eval_runtime': 0.3197, 'eval_samples_per_second': 938.246, 'eval_steps_per_second': 118.845, 'epoch': 2.8}
{'loss': 1.1512, 'learning_rate': 6.982758620689656e-06, 'epoch': 3.02}
{'eval_loss': 1.2805837392807007, 'eval_accuracy': 0.64, 'eval_f1': 0.6315856412611791, 'eval_precision': 0.6626318183649603, 'eval_recall': 0.64, 'eval_runtime': 0.3212, 'eval_samples_per_second': 933.87, 'eval_steps_per_second': 118.29, 'epoch': 3.02}
{'loss': 0.9131, 'learning_rate': 6.767241379310346e-06, 'epoch': 3.23}
{'eval_loss': 1.2292348146438599, 'eval_accuracy': 0.6366666666666667, 'eval_f1': 0.6319988459258236, 'eval_precision': 0.6565605629429879, 'eval_recall': 0.6366666666666667, 'eval_runtime': 0.3194, 'eval_samples_per_second': 939.328, 'eval_steps_per_second': 118.982, 'epoch': 3.23}
{'loss': 0.8865, 'learning_rate': 6.551724137931035e-06, 'epoch': 3.45}
{'eval_loss': 1.2218092679977417, 'eval_accuracy': 0.6433333333333333, 'eval_f1': 0.633516441883048, 'eval_precision': 0.6655740740740742, 'eval_recall': 0.6433333333333333, 'eval_runtime': 0.3207, 'eval_samples_per_second': 935.423, 'eval_steps_per_second': 118.487, 'epoch': 3.45}
{'loss': 0.8078, 'learning_rate': 6.336206896551724e-06, 'epoch': 3.66}
{'eval_loss': 1.2175177335739136, 'eval_accuracy': 0.64, 'eval_f1': 0.6315188303003532, 'eval_precision': 0.6513589506697867, 'eval_recall': 0.64, 'eval_runtime': 0.3195, 'eval_samples_per_second': 938.941, 'eval_steps_per_second': 118.933, 'epoch': 3.66}
{'loss': 0.9072, 'learning_rate': 6.1206896551724135e-06, 'epoch': 3.88}
{'eval_loss': 1.2187385559082031, 'eval_accuracy': 0.6333333333333333, 'eval_f1': 0.6286354522398886, 'eval_precision': 0.6558466032113014, 'eval_recall': 0.6333333333333333, 'eval_runtime': 0.3206, 'eval_samples_per_second': 935.605, 'eval_steps_per_second': 118.51, 'epoch': 3.88}
{'loss': 0.8117, 'learning_rate': 5.9051724137931045e-06, 'epoch': 4.09}
{'eval_loss': 1.1797547340393066, 'eval_accuracy': 0.6533333333333333, 'eval_f1': 0.6477401109743206, 'eval_precision': 0.6652213282207822, 'eval_recall': 0.6533333333333333, 'eval_runtime': 0.3207, 'eval_samples_per_second': 935.478, 'eval_steps_per_second': 118.494, 'epoch': 4.09}
{'loss': 0.6766, 'learning_rate': 5.689655172413794e-06, 'epoch': 4.31}
{'eval_loss': 1.1535258293151855, 'eval_accuracy': 0.65, 'eval_f1': 0.6418443119550917, 'eval_precision': 0.643325135569038, 'eval_recall': 0.65, 'eval_runtime': 0.3215, 'eval_samples_per_second': 932.989, 'eval_steps_per_second': 118.179, 'epoch': 4.31}
{'loss': 0.618, 'learning_rate': 5.474137931034483e-06, 'epoch': 4.53}
{'eval_loss': 1.2124652862548828, 'eval_accuracy': 0.65, 'eval_f1': 0.6439010921402396, 'eval_precision': 0.6545361332567214, 'eval_recall': 0.65, 'eval_runtime': 0.3208, 'eval_samples_per_second': 935.296, 'eval_steps_per_second': 118.471, 'epoch': 4.53}
{'loss': 0.6732, 'learning_rate': 5.258620689655173e-06, 'epoch': 4.74}
{'eval_loss': 1.193725824356079, 'eval_accuracy': 0.6566666666666666, 'eval_f1': 0.6497551886843878, 'eval_precision': 0.683151101736241, 'eval_recall': 0.6566666666666666, 'eval_runtime': 0.3187, 'eval_samples_per_second': 941.239, 'eval_steps_per_second': 119.224, 'epoch': 4.74}
{'loss': 0.6113, 'learning_rate': 5.043103448275862e-06, 'epoch': 4.96}
{'eval_loss': 1.1182891130447388, 'eval_accuracy': 0.67, 'eval_f1': 0.6642394267606121, 'eval_precision': 0.6716190283146805, 'eval_recall': 0.67, 'eval_runtime': 0.321, 'eval_samples_per_second': 934.549, 'eval_steps_per_second': 118.376, 'epoch': 4.96}
{'loss': 0.5146, 'learning_rate': 4.8275862068965525e-06, 'epoch': 5.17}
{'eval_loss': 1.1814157962799072, 'eval_accuracy': 0.67, 'eval_f1': 0.6649135833336621, 'eval_precision': 0.6911838268484246, 'eval_recall': 0.67, 'eval_runtime': 0.3223, 'eval_samples_per_second': 930.842, 'eval_steps_per_second': 117.907, 'epoch': 5.17}
{'loss': 0.4357, 'learning_rate': 4.612068965517242e-06, 'epoch': 5.39}
{'eval_loss': 1.1945174932479858, 'eval_accuracy': 0.6533333333333333, 'eval_f1': 0.6444279448905723, 'eval_precision': 0.6595373245916725, 'eval_recall': 0.6533333333333333, 'eval_runtime': 0.321, 'eval_samples_per_second': 934.583, 'eval_steps_per_second': 118.38, 'epoch': 5.39}
{'loss': 0.4436, 'learning_rate': 4.396551724137931e-06, 'epoch': 5.6}
{'eval_loss': 1.1167114973068237, 'eval_accuracy': 0.6633333333333333, 'eval_f1': 0.6565212137702308, 'eval_precision': 0.6628823946084008, 'eval_recall': 0.6633333333333333, 'eval_runtime': 0.321, 'eval_samples_per_second': 934.661, 'eval_steps_per_second': 118.39, 'epoch': 5.6}
{'loss': 0.4786, 'learning_rate': 4.181034482758621e-06, 'epoch': 5.82}
{'eval_loss': 1.1229106187820435, 'eval_accuracy': 0.6766666666666666, 'eval_f1': 0.6715423581655015, 'eval_precision': 0.6727949399154167, 'eval_recall': 0.6766666666666666, 'eval_runtime': 0.32, 'eval_samples_per_second': 937.472, 'eval_steps_per_second': 118.746, 'epoch': 5.82}
{'loss': 0.3928, 'learning_rate': 3.96551724137931e-06, 'epoch': 6.03}
{'eval_loss': 1.1059647798538208, 'eval_accuracy': 0.6866666666666666, 'eval_f1': 0.6857945824327634, 'eval_precision': 0.7034954370248488, 'eval_recall': 0.6866666666666666, 'eval_runtime': 0.3215, 'eval_samples_per_second': 933.167, 'eval_steps_per_second': 118.201, 'epoch': 6.03}
{'loss': 0.3301, 'learning_rate': 3.7500000000000005e-06, 'epoch': 6.25}
{'eval_loss': 1.1599904298782349, 'eval_accuracy': 0.68, 'eval_f1': 0.6793921423939281, 'eval_precision': 0.7038771108771108, 'eval_recall': 0.68, 'eval_runtime': 0.3201, 'eval_samples_per_second': 937.238, 'eval_steps_per_second': 118.717, 'epoch': 6.25}
{'loss': 0.3678, 'learning_rate': 3.5344827586206898e-06, 'epoch': 6.47}
{'eval_loss': 1.129663348197937, 'eval_accuracy': 0.6966666666666667, 'eval_f1': 0.6927306083067144, 'eval_precision': 0.7060502558149616, 'eval_recall': 0.6966666666666667, 'eval_runtime': 0.3206, 'eval_samples_per_second': 935.839, 'eval_steps_per_second': 118.54, 'epoch': 6.47}
{'loss': 0.3309, 'learning_rate': 3.31896551724138e-06, 'epoch': 6.68}
{'eval_loss': 1.1604501008987427, 'eval_accuracy': 0.67, 'eval_f1': 0.6685724451625137, 'eval_precision': 0.691897105508655, 'eval_recall': 0.67, 'eval_runtime': 0.3203, 'eval_samples_per_second': 936.597, 'eval_steps_per_second': 118.636, 'epoch': 6.68}
{'loss': 0.3449, 'learning_rate': 3.103448275862069e-06, 'epoch': 6.9}
{'eval_loss': 1.1830369234085083, 'eval_accuracy': 0.68, 'eval_f1': 0.6770091679356014, 'eval_precision': 0.6964211491993131, 'eval_recall': 0.68, 'eval_runtime': 0.3197, 'eval_samples_per_second': 938.272, 'eval_steps_per_second': 118.848, 'epoch': 6.9}
{'loss': 0.3045, 'learning_rate': 2.887931034482759e-06, 'epoch': 7.11}
{'eval_loss': 1.164669156074524, 'eval_accuracy': 0.6933333333333334, 'eval_f1': 0.6912217973007568, 'eval_precision': 0.7096794684774669, 'eval_recall': 0.6933333333333334, 'eval_runtime': 0.3195, 'eval_samples_per_second': 938.868, 'eval_steps_per_second': 118.923, 'epoch': 7.11}
{'loss': 0.2244, 'learning_rate': 2.672413793103448e-06, 'epoch': 7.33}
{'eval_loss': 1.1279115676879883, 'eval_accuracy': 0.69, 'eval_f1': 0.690030920413141, 'eval_precision': 0.7061366714919347, 'eval_recall': 0.69, 'eval_runtime': 0.3199, 'eval_samples_per_second': 937.888, 'eval_steps_per_second': 118.799, 'epoch': 7.33}
{'loss': 0.2688, 'learning_rate': 2.4568965517241382e-06, 'epoch': 7.54}
{'eval_loss': 1.1821513175964355, 'eval_accuracy': 0.6833333333333333, 'eval_f1': 0.6797881934685273, 'eval_precision': 0.7014188725239854, 'eval_recall': 0.6833333333333333, 'eval_runtime': 0.3197, 'eval_samples_per_second': 938.396, 'eval_steps_per_second': 118.863, 'epoch': 7.54}
{'loss': 0.2143, 'learning_rate': 2.241379310344828e-06, 'epoch': 7.76}
{'eval_loss': 1.1804112195968628, 'eval_accuracy': 0.6866666666666666, 'eval_f1': 0.685257877307257, 'eval_precision': 0.7143396253396254, 'eval_recall': 0.6866666666666666, 'eval_runtime': 0.32, 'eval_samples_per_second': 937.368, 'eval_steps_per_second': 118.733, 'epoch': 7.76}
{'loss': 0.2964, 'learning_rate': 2.025862068965517e-06, 'epoch': 7.97}
{'eval_loss': 1.1620014905929565, 'eval_accuracy': 0.7033333333333334, 'eval_f1': 0.7019997711331306, 'eval_precision': 0.7157430047704647, 'eval_recall': 0.7033333333333334, 'eval_runtime': 0.3194, 'eval_samples_per_second': 939.381, 'eval_steps_per_second': 118.988, 'epoch': 7.97}
{'loss': 0.2221, 'learning_rate': 1.810344827586207e-06, 'epoch': 8.19}
{'eval_loss': 1.201620101928711, 'eval_accuracy': 0.7, 'eval_f1': 0.7004173226857497, 'eval_precision': 0.7171616881678888, 'eval_recall': 0.7, 'eval_runtime': 0.3197, 'eval_samples_per_second': 938.378, 'eval_steps_per_second': 118.861, 'epoch': 8.19}
{'loss': 0.21, 'learning_rate': 1.5948275862068968e-06, 'epoch': 8.41}
{'eval_loss': 1.1800748109817505, 'eval_accuracy': 0.7133333333333334, 'eval_f1': 0.7139841538809413, 'eval_precision': 0.7261215007594981, 'eval_recall': 0.7133333333333334, 'eval_runtime': 0.3195, 'eval_samples_per_second': 939.106, 'eval_steps_per_second': 118.953, 'epoch': 8.41}
{'loss': 0.1879, 'learning_rate': 1.3793103448275862e-06, 'epoch': 8.62}
{'eval_loss': 1.1855971813201904, 'eval_accuracy': 0.6966666666666667, 'eval_f1': 0.6975280376149502, 'eval_precision': 0.7101718297461332, 'eval_recall': 0.6966666666666667, 'eval_runtime': 0.3198, 'eval_samples_per_second': 938.084, 'eval_steps_per_second': 118.824, 'epoch': 8.62}
{'loss': 0.2188, 'learning_rate': 1.163793103448276e-06, 'epoch': 8.84}
{'eval_loss': 1.184374213218689, 'eval_accuracy': 0.7, 'eval_f1': 0.7012250527529735, 'eval_precision': 0.7148795660649208, 'eval_recall': 0.7, 'eval_runtime': 0.3204, 'eval_samples_per_second': 936.306, 'eval_steps_per_second': 118.599, 'epoch': 8.84}
{'loss': 0.1919, 'learning_rate': 9.482758620689655e-07, 'epoch': 9.05}
{'eval_loss': 1.1786048412322998, 'eval_accuracy': 0.7066666666666667, 'eval_f1': 0.7071007466236298, 'eval_precision': 0.7180521765945106, 'eval_recall': 0.7066666666666667, 'eval_runtime': 0.3199, 'eval_samples_per_second': 937.799, 'eval_steps_per_second': 118.788, 'epoch': 9.05}
{'loss': 0.1633, 'learning_rate': 7.327586206896552e-07, 'epoch': 9.27}
{'eval_loss': 1.1917356252670288, 'eval_accuracy': 0.7066666666666667, 'eval_f1': 0.7066097566145506, 'eval_precision': 0.7153650923442888, 'eval_recall': 0.7066666666666667, 'eval_runtime': 0.32, 'eval_samples_per_second': 937.63, 'eval_steps_per_second': 118.766, 'epoch': 9.27}
{'loss': 0.1753, 'learning_rate': 5.172413793103449e-07, 'epoch': 9.48}
{'eval_loss': 1.1851751804351807, 'eval_accuracy': 0.7133333333333334, 'eval_f1': 0.7132616637096063, 'eval_precision': 0.7216168929437842, 'eval_recall': 0.7133333333333334, 'eval_runtime': 0.3186, 'eval_samples_per_second': 941.566, 'eval_steps_per_second': 119.265, 'epoch': 9.48}
{'loss': 0.1588, 'learning_rate': 3.0172413793103453e-07, 'epoch': 9.7}
{'eval_loss': 1.185533881187439, 'eval_accuracy': 0.71, 'eval_f1': 0.7088781226499191, 'eval_precision': 0.7162806276912118, 'eval_recall': 0.71, 'eval_runtime': 0.319, 'eval_samples_per_second': 940.327, 'eval_steps_per_second': 119.108, 'epoch': 9.7}
{'loss': 0.2069, 'learning_rate': 8.620689655172414e-08, 'epoch': 9.91}
{'eval_loss': 1.1821861267089844, 'eval_accuracy': 0.7166666666666667, 'eval_f1': 0.7162082438208905, 'eval_precision': 0.7232354978657157, 'eval_recall': 0.7166666666666667, 'eval_runtime': 0.3183, 'eval_samples_per_second': 942.644, 'eval_steps_per_second': 119.402, 'epoch': 9.91}
{'train_runtime': 175.41, 'train_samples_per_second': 105.41, 'train_steps_per_second': 13.226, 'train_loss': 0.8356853918782596, 'epoch': 10.0}
PredictionOutput(predictions=array([[-0.0188731 , -0.5175159 , -0.1695149 , ..., -0.594642  ,
         6.4509788 , -1.3950292 ],
       [ 4.2346764 ,  0.90111613, -1.8124032 , ..., -0.9007998 ,
        -0.06534544,  0.5599073 ],
       [-1.3366027 ,  1.4019376 , -0.15301596, ..., -0.84114075,
         2.7769802 , -1.7462674 ],
       ...,
       [-0.6120274 ,  5.66972   , -0.5520239 , ..., -0.93291086,
        -0.03986067, -1.0370117 ],
       [-0.97727805, -0.59133875, -0.7921838 , ..., -0.57767206,
         2.8200696 , -0.77054423],
       [ 0.23584157, -0.68394166, -1.5235485 , ...,  0.12234607,
        -0.27035096, -0.5915699 ]], dtype=float32), label_ids=array([ 6, 11,  7,  9, 11,  6,  6, 11,  5,  3,  9, 11,  0,  1, 11, 12,  1,
        7,  0, 12,  3,  1,  8,  3,  6,  8,  0,  0, 11,  0, 11,  3,  3,  5,
        2,  8,  9,  1, 11,  1,  5, 12,  0, 12,  1,  2, 12,  0,  5,  7,  3,
       11,  2,  4,  8,  3, 12, 11, 11, 10,  7, 11,  0, 10, 12,  0,  1,  8,
       12,  5, 10,  5,  1,  8,  0, 12,  1,  7, 10, 12,  7,  7,  2,  0,  2,
       10, 11,  0,  6,  0, 10,  9,  5,  5,  0,  9,  1,  2,  8,  9,  0,  2,
        0,  7, 11,  9,  6,  6,  9,  3, 12,  7, 11, 11, 11, 10,  2,  8,  9,
        0,  7,  3, 11, 11, 12,  8,  0,  4, 11,  5,  8, 11,  1,  5, 11,  7,
       11,  0, 11,  0, 11,  6,  0, 11, 11,  8, 11,  1,  8,  6,  5,  0, 11,
        9,  0,  1,  5,  0,  1,  8,  8,  0,  2, 11, 11,  0,  6,  5,  6, 11,
        2,  2,  7,  9, 11,  1, 11,  1,  8,  9,  8,  6,  3,  8, 10,  1,  2,
        0, 11, 11,  3,  8,  6,  2,  4,  1, 11, 11, 11, 11,  0, 11,  2,  1,
        8,  1,  9,  0,  1, 11,  1,  5,  1,  6,  5,  0,  8,  0,  1, 10, 11,
        9,  0, 11, 12,  2,  4,  0, 11,  2, 12,  2, 11,  7,  3,  2,  2,  8,
        3,  0,  2, 11,  8,  8,  9,  3, 11,  6, 11,  0,  3,  2,  8, 10, 12,
       11,  5, 10,  6,  9, 11,  6,  3,  1,  6,  3,  7, 11,  6,  2, 11,  4,
       10,  9,  2,  0, 11,  5,  1, 11,  6, 11,  9, 11,  0,  0,  0, 11, 11,
        0,  1, 11,  1,  0,  3,  1,  6,  1, 11,  3]), metrics={'test_loss': 1.5475856065750122, 'test_accuracy': 0.6433333333333333, 'test_f1': 0.6353978525224354, 'test_precision': 0.637803166217113, 'test_recall': 0.6433333333333333, 'test_runtime': 0.3272, 'test_samples_per_second': 916.804, 'test_steps_per_second': 116.129})
Model loaded!
Start the training ...
{'loss': 2.536, 'learning_rate': 9.78448275862069e-06, 'epoch': 0.22}
{'eval_loss': 2.4377989768981934, 'eval_accuracy': 0.2, 'eval_f1': 0.06834733893557424, 'eval_precision': 0.04121621621621622, 'eval_recall': 0.2, 'eval_runtime': 0.3428, 'eval_samples_per_second': 875.024, 'eval_steps_per_second': 110.836, 'epoch': 0.22}
{'loss': 2.4661, 'learning_rate': 9.56896551724138e-06, 'epoch': 0.43}
{'eval_loss': 2.365020751953125, 'eval_accuracy': 0.20333333333333334, 'eval_f1': 0.06871652816251154, 'eval_precision': 0.04134444444444445, 'eval_recall': 0.20333333333333334, 'eval_runtime': 0.4, 'eval_samples_per_second': 750.064, 'eval_steps_per_second': 95.008, 'epoch': 0.43}
{'loss': 2.3766, 'learning_rate': 9.353448275862069e-06, 'epoch': 0.65}
{'eval_loss': 2.2556681632995605, 'eval_accuracy': 0.31333333333333335, 'eval_f1': 0.25896860088168305, 'eval_precision': 0.34274046693402405, 'eval_recall': 0.31333333333333335, 'eval_runtime': 0.336, 'eval_samples_per_second': 892.767, 'eval_steps_per_second': 113.084, 'epoch': 0.65}
{'loss': 2.3082, 'learning_rate': 9.13793103448276e-06, 'epoch': 0.86}
{'eval_loss': 2.090116500854492, 'eval_accuracy': 0.30333333333333334, 'eval_f1': 0.22386547015557023, 'eval_precision': 0.23270239752379798, 'eval_recall': 0.30333333333333334, 'eval_runtime': 0.3359, 'eval_samples_per_second': 893.021, 'eval_steps_per_second': 113.116, 'epoch': 0.86}
{'loss': 2.1084, 'learning_rate': 8.922413793103449e-06, 'epoch': 1.08}
{'eval_loss': 1.9356331825256348, 'eval_accuracy': 0.39, 'eval_f1': 0.3143772158111682, 'eval_precision': 0.3582505969939599, 'eval_recall': 0.39, 'eval_runtime': 0.3343, 'eval_samples_per_second': 897.47, 'eval_steps_per_second': 113.68, 'epoch': 1.08}
{'loss': 1.894, 'learning_rate': 8.706896551724138e-06, 'epoch': 1.29}
{'eval_loss': 1.8130985498428345, 'eval_accuracy': 0.4866666666666667, 'eval_f1': 0.41971236674559825, 'eval_precision': 0.44068296058527767, 'eval_recall': 0.4866666666666667, 'eval_runtime': 0.3383, 'eval_samples_per_second': 886.877, 'eval_steps_per_second': 112.338, 'epoch': 1.29}
{'loss': 1.9164, 'learning_rate': 8.491379310344829e-06, 'epoch': 1.51}
{'eval_loss': 1.766237735748291, 'eval_accuracy': 0.47333333333333333, 'eval_f1': 0.4262148824210228, 'eval_precision': 0.4189432043650793, 'eval_recall': 0.47333333333333333, 'eval_runtime': 0.3338, 'eval_samples_per_second': 898.719, 'eval_steps_per_second': 113.838, 'epoch': 1.51}
{'loss': 1.7226, 'learning_rate': 8.275862068965518e-06, 'epoch': 1.72}
{'eval_loss': 1.6290370225906372, 'eval_accuracy': 0.5133333333333333, 'eval_f1': 0.4864126769479937, 'eval_precision': 0.5206501026445786, 'eval_recall': 0.5133333333333333, 'eval_runtime': 0.3345, 'eval_samples_per_second': 896.811, 'eval_steps_per_second': 113.596, 'epoch': 1.72}
{'loss': 1.7812, 'learning_rate': 8.060344827586208e-06, 'epoch': 1.94}
{'eval_loss': 1.6003780364990234, 'eval_accuracy': 0.5066666666666667, 'eval_f1': 0.48265228593546056, 'eval_precision': 0.5258100630184606, 'eval_recall': 0.5066666666666667, 'eval_runtime': 0.3348, 'eval_samples_per_second': 896.161, 'eval_steps_per_second': 113.514, 'epoch': 1.94}
{'loss': 1.5415, 'learning_rate': 7.844827586206897e-06, 'epoch': 2.16}
{'eval_loss': 1.530882716178894, 'eval_accuracy': 0.53, 'eval_f1': 0.5011136461027974, 'eval_precision': 0.5309915801028058, 'eval_recall': 0.53, 'eval_runtime': 0.334, 'eval_samples_per_second': 898.159, 'eval_steps_per_second': 113.767, 'epoch': 2.16}
{'loss': 1.3169, 'learning_rate': 7.629310344827587e-06, 'epoch': 2.37}
{'eval_loss': 1.4708828926086426, 'eval_accuracy': 0.5466666666666666, 'eval_f1': 0.5283878245017599, 'eval_precision': 0.5450625981286358, 'eval_recall': 0.5466666666666666, 'eval_runtime': 0.3338, 'eval_samples_per_second': 898.846, 'eval_steps_per_second': 113.854, 'epoch': 2.37}
{'loss': 1.4255, 'learning_rate': 7.413793103448277e-06, 'epoch': 2.59}
{'eval_loss': 1.5357273817062378, 'eval_accuracy': 0.5433333333333333, 'eval_f1': 0.5242416411716845, 'eval_precision': 0.5704026610644257, 'eval_recall': 0.5433333333333333, 'eval_runtime': 0.3342, 'eval_samples_per_second': 897.609, 'eval_steps_per_second': 113.697, 'epoch': 2.59}
{'loss': 1.3965, 'learning_rate': 7.198275862068966e-06, 'epoch': 2.8}
{'eval_loss': 1.4348738193511963, 'eval_accuracy': 0.58, 'eval_f1': 0.5688104125255623, 'eval_precision': 0.5962260813698623, 'eval_recall': 0.58, 'eval_runtime': 0.3344, 'eval_samples_per_second': 897.022, 'eval_steps_per_second': 113.623, 'epoch': 2.8}
{'loss': 1.3154, 'learning_rate': 6.982758620689656e-06, 'epoch': 3.02}
{'eval_loss': 1.4080699682235718, 'eval_accuracy': 0.61, 'eval_f1': 0.6092500693607386, 'eval_precision': 0.620779489684227, 'eval_recall': 0.61, 'eval_runtime': 0.3343, 'eval_samples_per_second': 897.418, 'eval_steps_per_second': 113.673, 'epoch': 3.02}
{'loss': 1.0974, 'learning_rate': 6.767241379310346e-06, 'epoch': 3.23}
{'eval_loss': 1.3747042417526245, 'eval_accuracy': 0.6, 'eval_f1': 0.5893498478966375, 'eval_precision': 0.6065251435455817, 'eval_recall': 0.6, 'eval_runtime': 0.3345, 'eval_samples_per_second': 896.798, 'eval_steps_per_second': 113.594, 'epoch': 3.23}
{'loss': 1.075, 'learning_rate': 6.551724137931035e-06, 'epoch': 3.45}
{'eval_loss': 1.3545910120010376, 'eval_accuracy': 0.6133333333333333, 'eval_f1': 0.6032949849761481, 'eval_precision': 0.6191940314802157, 'eval_recall': 0.6133333333333333, 'eval_runtime': 0.3341, 'eval_samples_per_second': 897.976, 'eval_steps_per_second': 113.744, 'epoch': 3.45}
{'loss': 1.0446, 'learning_rate': 6.336206896551724e-06, 'epoch': 3.66}
{'eval_loss': 1.3297998905181885, 'eval_accuracy': 0.6, 'eval_f1': 0.5852353265012136, 'eval_precision': 0.6021708647784644, 'eval_recall': 0.6, 'eval_runtime': 0.3334, 'eval_samples_per_second': 899.76, 'eval_steps_per_second': 113.97, 'epoch': 3.66}
{'loss': 1.0863, 'learning_rate': 6.1206896551724135e-06, 'epoch': 3.88}
{'eval_loss': 1.3560478687286377, 'eval_accuracy': 0.6066666666666667, 'eval_f1': 0.601934096564624, 'eval_precision': 0.6315212575298659, 'eval_recall': 0.6066666666666667, 'eval_runtime': 0.3355, 'eval_samples_per_second': 894.229, 'eval_steps_per_second': 113.269, 'epoch': 3.88}
{'loss': 1.0279, 'learning_rate': 5.9051724137931045e-06, 'epoch': 4.09}
{'eval_loss': 1.2823530435562134, 'eval_accuracy': 0.6166666666666667, 'eval_f1': 0.6065734159716079, 'eval_precision': 0.6101114561766735, 'eval_recall': 0.6166666666666667, 'eval_runtime': 0.3349, 'eval_samples_per_second': 895.775, 'eval_steps_per_second': 113.465, 'epoch': 4.09}
{'loss': 0.8682, 'learning_rate': 5.689655172413794e-06, 'epoch': 4.31}
{'eval_loss': 1.2727488279342651, 'eval_accuracy': 0.6233333333333333, 'eval_f1': 0.614463268621372, 'eval_precision': 0.6141015463106543, 'eval_recall': 0.6233333333333333, 'eval_runtime': 0.3343, 'eval_samples_per_second': 897.289, 'eval_steps_per_second': 113.657, 'epoch': 4.31}
{'loss': 0.7702, 'learning_rate': 5.474137931034483e-06, 'epoch': 4.53}
{'eval_loss': 1.3118298053741455, 'eval_accuracy': 0.6133333333333333, 'eval_f1': 0.611766666788092, 'eval_precision': 0.6260188126930359, 'eval_recall': 0.6133333333333333, 'eval_runtime': 0.3352, 'eval_samples_per_second': 895.032, 'eval_steps_per_second': 113.371, 'epoch': 4.53}
{'loss': 0.8654, 'learning_rate': 5.258620689655173e-06, 'epoch': 4.74}
{'eval_loss': 1.3190643787384033, 'eval_accuracy': 0.6166666666666667, 'eval_f1': 0.614120336977081, 'eval_precision': 0.6454991124103474, 'eval_recall': 0.6166666666666667, 'eval_runtime': 0.3344, 'eval_samples_per_second': 897.183, 'eval_steps_per_second': 113.643, 'epoch': 4.74}
{'loss': 0.8186, 'learning_rate': 5.043103448275862e-06, 'epoch': 4.96}
{'eval_loss': 1.2712129354476929, 'eval_accuracy': 0.63, 'eval_f1': 0.6270572371059188, 'eval_precision': 0.6466965266965268, 'eval_recall': 0.63, 'eval_runtime': 0.3342, 'eval_samples_per_second': 897.759, 'eval_steps_per_second': 113.716, 'epoch': 4.96}
{'loss': 0.6759, 'learning_rate': 4.8275862068965525e-06, 'epoch': 5.17}
{'eval_loss': 1.3115142583847046, 'eval_accuracy': 0.5966666666666667, 'eval_f1': 0.5996176315724143, 'eval_precision': 0.6317380462744503, 'eval_recall': 0.5966666666666667, 'eval_runtime': 0.3338, 'eval_samples_per_second': 898.639, 'eval_steps_per_second': 113.828, 'epoch': 5.17}
{'loss': 0.5979, 'learning_rate': 4.612068965517242e-06, 'epoch': 5.39}
{'eval_loss': 1.321740984916687, 'eval_accuracy': 0.6333333333333333, 'eval_f1': 0.6274680381895877, 'eval_precision': 0.6425728575232293, 'eval_recall': 0.6333333333333333, 'eval_runtime': 0.3341, 'eval_samples_per_second': 898.055, 'eval_steps_per_second': 113.754, 'epoch': 5.39}
{'loss': 0.5786, 'learning_rate': 4.396551724137931e-06, 'epoch': 5.6}
{'eval_loss': 1.256138801574707, 'eval_accuracy': 0.6433333333333333, 'eval_f1': 0.6382422927128809, 'eval_precision': 0.6420739168595394, 'eval_recall': 0.6433333333333333, 'eval_runtime': 0.3344, 'eval_samples_per_second': 897.259, 'eval_steps_per_second': 113.653, 'epoch': 5.6}
{'loss': 0.6987, 'learning_rate': 4.181034482758621e-06, 'epoch': 5.82}
{'eval_loss': 1.2941752672195435, 'eval_accuracy': 0.64, 'eval_f1': 0.6356503672944783, 'eval_precision': 0.6439781784809426, 'eval_recall': 0.64, 'eval_runtime': 0.3343, 'eval_samples_per_second': 897.386, 'eval_steps_per_second': 113.669, 'epoch': 5.82}
{'loss': 0.5633, 'learning_rate': 3.96551724137931e-06, 'epoch': 6.03}
{'eval_loss': 1.2850687503814697, 'eval_accuracy': 0.6333333333333333, 'eval_f1': 0.6286188080649135, 'eval_precision': 0.6395449969430587, 'eval_recall': 0.6333333333333333, 'eval_runtime': 0.3341, 'eval_samples_per_second': 897.902, 'eval_steps_per_second': 113.734, 'epoch': 6.03}
{'loss': 0.537, 'learning_rate': 3.7500000000000005e-06, 'epoch': 6.25}
{'eval_loss': 1.299834966659546, 'eval_accuracy': 0.6533333333333333, 'eval_f1': 0.6479380438718371, 'eval_precision': 0.655896218445637, 'eval_recall': 0.6533333333333333, 'eval_runtime': 0.334, 'eval_samples_per_second': 898.14, 'eval_steps_per_second': 113.764, 'epoch': 6.25}
{'loss': 0.5172, 'learning_rate': 3.5344827586206898e-06, 'epoch': 6.47}
{'eval_loss': 1.292482852935791, 'eval_accuracy': 0.64, 'eval_f1': 0.6364992914488468, 'eval_precision': 0.6454029214798831, 'eval_recall': 0.64, 'eval_runtime': 0.3344, 'eval_samples_per_second': 897.148, 'eval_steps_per_second': 113.639, 'epoch': 6.47}
{'loss': 0.4646, 'learning_rate': 3.31896551724138e-06, 'epoch': 6.68}
{'eval_loss': 1.2719439268112183, 'eval_accuracy': 0.6366666666666667, 'eval_f1': 0.6360606784133515, 'eval_precision': 0.646746759054499, 'eval_recall': 0.6366666666666667, 'eval_runtime': 0.3333, 'eval_samples_per_second': 900.126, 'eval_steps_per_second': 114.016, 'epoch': 6.68}
{'loss': 0.5365, 'learning_rate': 3.103448275862069e-06, 'epoch': 6.9}
{'eval_loss': 1.2746970653533936, 'eval_accuracy': 0.6566666666666666, 'eval_f1': 0.6516827061129643, 'eval_precision': 0.6559142287640919, 'eval_recall': 0.6566666666666666, 'eval_runtime': 0.3341, 'eval_samples_per_second': 897.98, 'eval_steps_per_second': 113.744, 'epoch': 6.9}
{'loss': 0.418, 'learning_rate': 2.887931034482759e-06, 'epoch': 7.11}
{'eval_loss': 1.2529149055480957, 'eval_accuracy': 0.6366666666666667, 'eval_f1': 0.6311048107102099, 'eval_precision': 0.6295576749818236, 'eval_recall': 0.6366666666666667, 'eval_runtime': 0.3332, 'eval_samples_per_second': 900.356, 'eval_steps_per_second': 114.045, 'epoch': 7.11}
{'loss': 0.3448, 'learning_rate': 2.672413793103448e-06, 'epoch': 7.33}
{'eval_loss': 1.2688324451446533, 'eval_accuracy': 0.6466666666666666, 'eval_f1': 0.6421839804353161, 'eval_precision': 0.6475691267437481, 'eval_recall': 0.6466666666666666, 'eval_runtime': 0.3341, 'eval_samples_per_second': 897.862, 'eval_steps_per_second': 113.729, 'epoch': 7.33}
{'loss': 0.4705, 'learning_rate': 2.4568965517241382e-06, 'epoch': 7.54}
{'eval_loss': 1.303286075592041, 'eval_accuracy': 0.65, 'eval_f1': 0.6485864576708498, 'eval_precision': 0.6564757364930487, 'eval_recall': 0.65, 'eval_runtime': 0.3323, 'eval_samples_per_second': 902.673, 'eval_steps_per_second': 114.339, 'epoch': 7.54}
{'loss': 0.3555, 'learning_rate': 2.241379310344828e-06, 'epoch': 7.76}
{'eval_loss': 1.307414174079895, 'eval_accuracy': 0.6433333333333333, 'eval_f1': 0.6414634993781951, 'eval_precision': 0.6537845163222522, 'eval_recall': 0.6433333333333333, 'eval_runtime': 0.3344, 'eval_samples_per_second': 897.027, 'eval_steps_per_second': 113.623, 'epoch': 7.76}
{'loss': 0.4413, 'learning_rate': 2.025862068965517e-06, 'epoch': 7.97}
{'eval_loss': 1.2954119443893433, 'eval_accuracy': 0.65, 'eval_f1': 0.6472422192004125, 'eval_precision': 0.6556675588889579, 'eval_recall': 0.65, 'eval_runtime': 0.334, 'eval_samples_per_second': 898.141, 'eval_steps_per_second': 113.765, 'epoch': 7.97}
{'loss': 0.3223, 'learning_rate': 1.810344827586207e-06, 'epoch': 8.19}
{'eval_loss': 1.3083492517471313, 'eval_accuracy': 0.6466666666666666, 'eval_f1': 0.6457293435208967, 'eval_precision': 0.6573431883041749, 'eval_recall': 0.6466666666666666, 'eval_runtime': 0.3321, 'eval_samples_per_second': 903.378, 'eval_steps_per_second': 114.428, 'epoch': 8.19}
{'loss': 0.3798, 'learning_rate': 1.5948275862068968e-06, 'epoch': 8.41}
{'eval_loss': 1.292964220046997, 'eval_accuracy': 0.65, 'eval_f1': 0.64501588420402, 'eval_precision': 0.6514941904519682, 'eval_recall': 0.65, 'eval_runtime': 0.3339, 'eval_samples_per_second': 898.353, 'eval_steps_per_second': 113.791, 'epoch': 8.41}
{'loss': 0.3033, 'learning_rate': 1.3793103448275862e-06, 'epoch': 8.62}
{'eval_loss': 1.2936351299285889, 'eval_accuracy': 0.64, 'eval_f1': 0.6338969360771723, 'eval_precision': 0.6347044039838158, 'eval_recall': 0.64, 'eval_runtime': 0.3316, 'eval_samples_per_second': 904.742, 'eval_steps_per_second': 114.601, 'epoch': 8.62}
{'loss': 0.3401, 'learning_rate': 1.163793103448276e-06, 'epoch': 8.84}
{'eval_loss': 1.3193589448928833, 'eval_accuracy': 0.6433333333333333, 'eval_f1': 0.6440476696795061, 'eval_precision': 0.6576608238711731, 'eval_recall': 0.6433333333333333, 'eval_runtime': 0.333, 'eval_samples_per_second': 900.965, 'eval_steps_per_second': 114.122, 'epoch': 8.84}
{'loss': 0.4125, 'learning_rate': 9.482758620689655e-07, 'epoch': 9.05}
{'eval_loss': 1.3291231393814087, 'eval_accuracy': 0.65, 'eval_f1': 0.6481239610482228, 'eval_precision': 0.6589820509678999, 'eval_recall': 0.65, 'eval_runtime': 0.3339, 'eval_samples_per_second': 898.374, 'eval_steps_per_second': 113.794, 'epoch': 9.05}
{'loss': 0.2773, 'learning_rate': 7.327586206896552e-07, 'epoch': 9.27}
{'eval_loss': 1.3017939329147339, 'eval_accuracy': 0.65, 'eval_f1': 0.6459745254283527, 'eval_precision': 0.6523700253994371, 'eval_recall': 0.65, 'eval_runtime': 0.3343, 'eval_samples_per_second': 897.396, 'eval_steps_per_second': 113.67, 'epoch': 9.27}
{'loss': 0.3022, 'learning_rate': 5.172413793103449e-07, 'epoch': 9.48}
{'eval_loss': 1.3167123794555664, 'eval_accuracy': 0.6433333333333333, 'eval_f1': 0.6416363166514193, 'eval_precision': 0.6531024135977413, 'eval_recall': 0.6433333333333333, 'eval_runtime': 0.333, 'eval_samples_per_second': 901.03, 'eval_steps_per_second': 114.13, 'epoch': 9.48}
{'loss': 0.2895, 'learning_rate': 3.0172413793103453e-07, 'epoch': 9.7}
{'eval_loss': 1.3056644201278687, 'eval_accuracy': 0.6533333333333333, 'eval_f1': 0.6497517975887408, 'eval_precision': 0.654253023006119, 'eval_recall': 0.6533333333333333, 'eval_runtime': 0.3333, 'eval_samples_per_second': 900.104, 'eval_steps_per_second': 114.013, 'epoch': 9.7}
{'loss': 0.3362, 'learning_rate': 8.620689655172414e-08, 'epoch': 9.91}
{'eval_loss': 1.3113898038864136, 'eval_accuracy': 0.65, 'eval_f1': 0.6471207064881018, 'eval_precision': 0.6526277732876199, 'eval_recall': 0.65, 'eval_runtime': 0.3331, 'eval_samples_per_second': 900.711, 'eval_steps_per_second': 114.09, 'epoch': 9.91}
{'train_runtime': 180.2959, 'train_samples_per_second': 102.554, 'train_steps_per_second': 12.868, 'train_loss': 0.9709932746558354, 'epoch': 10.0}
PredictionOutput(predictions=array([[ 0.48908386, -0.540503  ,  0.28947347, ..., -0.37668893,
         5.840318  , -0.29891214],
       [ 0.31923303, -0.9899583 , -0.8132254 , ..., -1.090247  ,
        -1.7330785 ,  4.3118186 ],
       [-1.4100122 ,  0.8914934 , -1.552704  , ..., -1.6656771 ,
         2.02721   , -0.35719678],
       ...,
       [-0.49331796,  5.500229  , -0.46568045, ..., -0.18501985,
         1.0062801 , -0.5530841 ],
       [-0.96236175, -0.06725009, -0.8855752 , ..., -0.999225  ,
         4.4964557 , -0.08696207],
       [-0.7647357 , -0.4823882 , -1.3708208 , ..., -0.44665453,
        -1.4841379 , -0.65347743]], dtype=float32), label_ids=array([ 6, 11,  7,  9, 11,  6,  6, 11,  5,  3,  9, 11,  0,  1, 11, 12,  1,
        7,  0, 12,  3,  1,  8,  3,  6,  8,  0,  0, 11,  0, 11,  3,  3,  5,
        2,  8,  9,  1, 11,  1,  5, 12,  0, 12,  1,  2, 12,  0,  5,  7,  3,
       11,  2,  4,  8,  3, 12, 11, 11, 10,  7, 11,  0, 10, 12,  0,  1,  8,
       12,  5, 10,  5,  1,  8,  0, 12,  1,  7, 10, 12,  7,  7,  2,  0,  2,
       10, 11,  0,  6,  0, 10,  9,  5,  5,  0,  9,  1,  2,  8,  9,  0,  2,
        0,  7, 11,  9,  6,  6,  9,  3, 12,  7, 11, 11, 11, 10,  2,  8,  9,
        0,  7,  3, 11, 11, 12,  8,  0,  4, 11,  5,  8, 11,  1,  5, 11,  7,
       11,  0, 11,  0, 11,  6,  0, 11, 11,  8, 11,  1,  8,  6,  5,  0, 11,
        9,  0,  1,  5,  0,  1,  8,  8,  0,  2, 11, 11,  0,  6,  5,  6, 11,
        2,  2,  7,  9, 11,  1, 11,  1,  8,  9,  8,  6,  3,  8, 10,  1,  2,
        0, 11, 11,  3,  8,  6,  2,  4,  1, 11, 11, 11, 11,  0, 11,  2,  1,
        8,  1,  9,  0,  1, 11,  1,  5,  1,  6,  5,  0,  8,  0,  1, 10, 11,
        9,  0, 11, 12,  2,  4,  0, 11,  2, 12,  2, 11,  7,  3,  2,  2,  8,
        3,  0,  2, 11,  8,  8,  9,  3, 11,  6, 11,  0,  3,  2,  8, 10, 12,
       11,  5, 10,  6,  9, 11,  6,  3,  1,  6,  3,  7, 11,  6,  2, 11,  4,
       10,  9,  2,  0, 11,  5,  1, 11,  6, 11,  9, 11,  0,  0,  0, 11, 11,
        0,  1, 11,  1,  0,  3,  1,  6,  1, 11,  3]), metrics={'test_loss': 1.655501365661621, 'test_accuracy': 0.61, 'test_f1': 0.6013734250984505, 'test_precision': 0.610054349164074, 'test_recall': 0.61, 'test_runtime': 0.3479, 'test_samples_per_second': 862.348, 'test_steps_per_second': 109.231})
