/cluster/raid/home/zhivar.sourati/logical-fallacy-identification/AMR_parsers_and_graphs
Fri Sep 30 23:20:32 2022       
+-----------------------------------------------------------------------------+
| NVIDIA-SMI 460.32.03    Driver Version: 460.32.03    CUDA Version: 11.2     |
|-------------------------------+----------------------+----------------------+
| GPU  Name        Persistence-M| Bus-Id        Disp.A | Volatile Uncorr. ECC |
| Fan  Temp  Perf  Pwr:Usage/Cap|         Memory-Usage | GPU-Util  Compute M. |
|                               |                      |               MIG M. |
|===============================+======================+======================|
|   0  A100-PCIE-40GB      Off  | 00000000:28:00.0 Off |                    0 |
| N/A   30C    P0    37W / 250W |      0MiB / 40536MiB |      0%      Default |
|                               |                      |             Disabled |
+-------------------------------+----------------------+----------------------+
                                                                               
+-----------------------------------------------------------------------------+
| Processes:                                                                  |
|  GPU   GI   CI        PID   Type   Process name                  GPU Memory |
|        ID   ID                                                   Usage      |
|=============================================================================|
|  No running processes found                                                 |
+-----------------------------------------------------------------------------+
0
cuda
using GPU
Model loaded!
Start the training ...
{'loss': 2.5176, 'learning_rate': 1.956896551724138e-05, 'epoch': 0.22}
{'eval_loss': 2.3988826274871826, 'eval_accuracy': 0.20333333333333334, 'eval_f1': 0.06871652816251154, 'eval_precision': 0.04134444444444445, 'eval_recall': 0.20333333333333334, 'eval_runtime': 0.3352, 'eval_samples_per_second': 894.911, 'eval_steps_per_second': 113.355, 'epoch': 0.22}
{'loss': 2.4253, 'learning_rate': 1.913793103448276e-05, 'epoch': 0.43}
{'eval_loss': 2.2230443954467773, 'eval_accuracy': 0.24, 'eval_f1': 0.12229102167182662, 'eval_precision': 0.1122990271377368, 'eval_recall': 0.24, 'eval_runtime': 0.3352, 'eval_samples_per_second': 895.025, 'eval_steps_per_second': 113.37, 'epoch': 0.43}
{'loss': 2.166, 'learning_rate': 1.8706896551724137e-05, 'epoch': 0.65}
{'eval_loss': 1.9519362449645996, 'eval_accuracy': 0.4, 'eval_f1': 0.347456368703686, 'eval_precision': 0.39410348358109554, 'eval_recall': 0.4, 'eval_runtime': 0.3332, 'eval_samples_per_second': 900.412, 'eval_steps_per_second': 114.052, 'epoch': 0.65}
{'loss': 2.0813, 'learning_rate': 1.827586206896552e-05, 'epoch': 0.86}
{'eval_loss': 1.7592500448226929, 'eval_accuracy': 0.47, 'eval_f1': 0.43041395458274734, 'eval_precision': 0.5155667641325536, 'eval_recall': 0.47, 'eval_runtime': 0.3331, 'eval_samples_per_second': 900.583, 'eval_steps_per_second': 114.074, 'epoch': 0.86}
{'loss': 1.7558, 'learning_rate': 1.7844827586206898e-05, 'epoch': 1.08}
{'eval_loss': 1.5793099403381348, 'eval_accuracy': 0.5333333333333333, 'eval_f1': 0.5085428561255333, 'eval_precision': 0.5774833790614724, 'eval_recall': 0.5333333333333333, 'eval_runtime': 0.3343, 'eval_samples_per_second': 897.461, 'eval_steps_per_second': 113.678, 'epoch': 1.08}
{'loss': 1.5118, 'learning_rate': 1.7413793103448276e-05, 'epoch': 1.29}
{'eval_loss': 1.4214558601379395, 'eval_accuracy': 0.5966666666666667, 'eval_f1': 0.5831987906329141, 'eval_precision': 0.6237445777731482, 'eval_recall': 0.5966666666666667, 'eval_runtime': 0.334, 'eval_samples_per_second': 898.32, 'eval_steps_per_second': 113.787, 'epoch': 1.29}
{'loss': 1.4988, 'learning_rate': 1.6982758620689658e-05, 'epoch': 1.51}
{'eval_loss': 1.394978404045105, 'eval_accuracy': 0.58, 'eval_f1': 0.5738600823592788, 'eval_precision': 0.6108829195848647, 'eval_recall': 0.58, 'eval_runtime': 0.3329, 'eval_samples_per_second': 901.101, 'eval_steps_per_second': 114.139, 'epoch': 1.51}
{'loss': 1.3373, 'learning_rate': 1.6551724137931037e-05, 'epoch': 1.72}
{'eval_loss': 1.3158560991287231, 'eval_accuracy': 0.6266666666666667, 'eval_f1': 0.6143687322289862, 'eval_precision': 0.622914862914863, 'eval_recall': 0.6266666666666667, 'eval_runtime': 0.3335, 'eval_samples_per_second': 899.543, 'eval_steps_per_second': 113.942, 'epoch': 1.72}
{'loss': 1.4137, 'learning_rate': 1.6120689655172415e-05, 'epoch': 1.94}
{'eval_loss': 1.3481268882751465, 'eval_accuracy': 0.61, 'eval_f1': 0.6075094543123428, 'eval_precision': 0.648642488903399, 'eval_recall': 0.61, 'eval_runtime': 0.3339, 'eval_samples_per_second': 898.431, 'eval_steps_per_second': 113.801, 'epoch': 1.94}
{'loss': 1.0651, 'learning_rate': 1.5689655172413794e-05, 'epoch': 2.16}
{'eval_loss': 1.215345025062561, 'eval_accuracy': 0.63, 'eval_f1': 0.6127574425949132, 'eval_precision': 0.6657048087746753, 'eval_recall': 0.63, 'eval_runtime': 0.3324, 'eval_samples_per_second': 902.422, 'eval_steps_per_second': 114.307, 'epoch': 2.16}
{'loss': 0.8578, 'learning_rate': 1.5258620689655174e-05, 'epoch': 2.37}
{'eval_loss': 1.2565512657165527, 'eval_accuracy': 0.6566666666666666, 'eval_f1': 0.6539700290849467, 'eval_precision': 0.6682169358371629, 'eval_recall': 0.6566666666666666, 'eval_runtime': 0.3347, 'eval_samples_per_second': 896.359, 'eval_steps_per_second': 113.539, 'epoch': 2.37}
{'loss': 0.9445, 'learning_rate': 1.4827586206896554e-05, 'epoch': 2.59}
{'eval_loss': 1.2391791343688965, 'eval_accuracy': 0.66, 'eval_f1': 0.6496147818386809, 'eval_precision': 0.6820273684335181, 'eval_recall': 0.66, 'eval_runtime': 0.334, 'eval_samples_per_second': 898.07, 'eval_steps_per_second': 113.756, 'epoch': 2.59}
{'loss': 0.8809, 'learning_rate': 1.4396551724137933e-05, 'epoch': 2.8}
{'eval_loss': 1.2274055480957031, 'eval_accuracy': 0.6566666666666666, 'eval_f1': 0.6496306685167892, 'eval_precision': 0.6826497996008501, 'eval_recall': 0.6566666666666666, 'eval_runtime': 0.3334, 'eval_samples_per_second': 899.886, 'eval_steps_per_second': 113.986, 'epoch': 2.8}
{'loss': 0.9047, 'learning_rate': 1.3965517241379311e-05, 'epoch': 3.02}
{'eval_loss': 1.2316057682037354, 'eval_accuracy': 0.65, 'eval_f1': 0.6488302515857388, 'eval_precision': 0.6723979910520425, 'eval_recall': 0.65, 'eval_runtime': 0.3327, 'eval_samples_per_second': 901.666, 'eval_steps_per_second': 114.211, 'epoch': 3.02}
{'loss': 0.5743, 'learning_rate': 1.3534482758620691e-05, 'epoch': 3.23}
{'eval_loss': 1.1777138710021973, 'eval_accuracy': 0.6766666666666666, 'eval_f1': 0.671378302241267, 'eval_precision': 0.6877674688858899, 'eval_recall': 0.6766666666666666, 'eval_runtime': 0.3318, 'eval_samples_per_second': 904.198, 'eval_steps_per_second': 114.532, 'epoch': 3.23}
{'loss': 0.5768, 'learning_rate': 1.310344827586207e-05, 'epoch': 3.45}
{'eval_loss': 1.1922273635864258, 'eval_accuracy': 0.6833333333333333, 'eval_f1': 0.6835616564405183, 'eval_precision': 0.6981886190093347, 'eval_recall': 0.6833333333333333, 'eval_runtime': 0.3526, 'eval_samples_per_second': 850.872, 'eval_steps_per_second': 107.777, 'epoch': 3.45}
{'loss': 0.5457, 'learning_rate': 1.2672413793103449e-05, 'epoch': 3.66}
{'eval_loss': 1.2161329984664917, 'eval_accuracy': 0.6833333333333333, 'eval_f1': 0.6724939245342808, 'eval_precision': 0.6975761516261517, 'eval_recall': 0.6833333333333333, 'eval_runtime': 0.3329, 'eval_samples_per_second': 901.06, 'eval_steps_per_second': 114.134, 'epoch': 3.66}
{'loss': 0.588, 'learning_rate': 1.2241379310344827e-05, 'epoch': 3.88}
{'eval_loss': 1.2417714595794678, 'eval_accuracy': 0.6533333333333333, 'eval_f1': 0.6534432895633155, 'eval_precision': 0.6727395338147854, 'eval_recall': 0.6533333333333333, 'eval_runtime': 0.3333, 'eval_samples_per_second': 899.988, 'eval_steps_per_second': 113.998, 'epoch': 3.88}
{'loss': 0.4833, 'learning_rate': 1.1810344827586209e-05, 'epoch': 4.09}
{'eval_loss': 1.2136038541793823, 'eval_accuracy': 0.67, 'eval_f1': 0.6677534916673923, 'eval_precision': 0.6748042420055087, 'eval_recall': 0.67, 'eval_runtime': 0.3335, 'eval_samples_per_second': 899.522, 'eval_steps_per_second': 113.939, 'epoch': 4.09}
{'loss': 0.3514, 'learning_rate': 1.1379310344827587e-05, 'epoch': 4.31}
{'eval_loss': 1.2093605995178223, 'eval_accuracy': 0.6866666666666666, 'eval_f1': 0.6794106363328813, 'eval_precision': 0.6857894858590937, 'eval_recall': 0.6866666666666666, 'eval_runtime': 0.3296, 'eval_samples_per_second': 910.168, 'eval_steps_per_second': 115.288, 'epoch': 4.31}
{'loss': 0.3122, 'learning_rate': 1.0948275862068966e-05, 'epoch': 4.53}
{'eval_loss': 1.2682338953018188, 'eval_accuracy': 0.69, 'eval_f1': 0.6820130076661352, 'eval_precision': 0.6866922463802874, 'eval_recall': 0.69, 'eval_runtime': 0.3317, 'eval_samples_per_second': 904.348, 'eval_steps_per_second': 114.551, 'epoch': 4.53}
{'loss': 0.3677, 'learning_rate': 1.0517241379310346e-05, 'epoch': 4.74}
{'eval_loss': 1.3787046670913696, 'eval_accuracy': 0.6733333333333333, 'eval_f1': 0.6676731167357542, 'eval_precision': 0.6845689270079515, 'eval_recall': 0.6733333333333333, 'eval_runtime': 0.3323, 'eval_samples_per_second': 902.668, 'eval_steps_per_second': 114.338, 'epoch': 4.74}
{'loss': 0.343, 'learning_rate': 1.0086206896551725e-05, 'epoch': 4.96}
{'eval_loss': 1.2893166542053223, 'eval_accuracy': 0.69, 'eval_f1': 0.6937981678804302, 'eval_precision': 0.7093190115840057, 'eval_recall': 0.69, 'eval_runtime': 0.3315, 'eval_samples_per_second': 904.897, 'eval_steps_per_second': 114.62, 'epoch': 4.96}
{'loss': 0.2046, 'learning_rate': 9.655172413793105e-06, 'epoch': 5.17}
{'eval_loss': 1.4943879842758179, 'eval_accuracy': 0.64, 'eval_f1': 0.6515076598096796, 'eval_precision': 0.6956008164968263, 'eval_recall': 0.64, 'eval_runtime': 0.3319, 'eval_samples_per_second': 903.79, 'eval_steps_per_second': 114.48, 'epoch': 5.17}
{'loss': 0.2522, 'learning_rate': 9.224137931034484e-06, 'epoch': 5.39}
{'eval_loss': 1.4207072257995605, 'eval_accuracy': 0.68, 'eval_f1': 0.6861450057937536, 'eval_precision': 0.7288780900979304, 'eval_recall': 0.68, 'eval_runtime': 0.3319, 'eval_samples_per_second': 903.888, 'eval_steps_per_second': 114.493, 'epoch': 5.39}
{'loss': 0.2089, 'learning_rate': 8.793103448275862e-06, 'epoch': 5.6}
{'eval_loss': 1.3622459173202515, 'eval_accuracy': 0.68, 'eval_f1': 0.6795903777796883, 'eval_precision': 0.6910840966662536, 'eval_recall': 0.68, 'eval_runtime': 0.3332, 'eval_samples_per_second': 900.416, 'eval_steps_per_second': 114.053, 'epoch': 5.6}
{'loss': 0.2254, 'learning_rate': 8.362068965517242e-06, 'epoch': 5.82}
{'eval_loss': 1.4894907474517822, 'eval_accuracy': 0.6766666666666666, 'eval_f1': 0.6737548793443099, 'eval_precision': 0.6943301246595364, 'eval_recall': 0.6766666666666666, 'eval_runtime': 0.3315, 'eval_samples_per_second': 904.911, 'eval_steps_per_second': 114.622, 'epoch': 5.82}
{'loss': 0.1569, 'learning_rate': 7.93103448275862e-06, 'epoch': 6.03}
{'eval_loss': 1.3793257474899292, 'eval_accuracy': 0.7066666666666667, 'eval_f1': 0.7092488109703587, 'eval_precision': 0.7192531225953486, 'eval_recall': 0.7066666666666667, 'eval_runtime': 0.3316, 'eval_samples_per_second': 904.642, 'eval_steps_per_second': 114.588, 'epoch': 6.03}
{'loss': 0.1676, 'learning_rate': 7.500000000000001e-06, 'epoch': 6.25}
{'eval_loss': 1.4255316257476807, 'eval_accuracy': 0.69, 'eval_f1': 0.6892118234908933, 'eval_precision': 0.6966262503898896, 'eval_recall': 0.69, 'eval_runtime': 0.3304, 'eval_samples_per_second': 907.95, 'eval_steps_per_second': 115.007, 'epoch': 6.25}
{'loss': 0.1481, 'learning_rate': 7.0689655172413796e-06, 'epoch': 6.47}
{'eval_loss': 1.4773439168930054, 'eval_accuracy': 0.68, 'eval_f1': 0.6805640009406184, 'eval_precision': 0.6889816020391468, 'eval_recall': 0.68, 'eval_runtime': 0.332, 'eval_samples_per_second': 903.682, 'eval_steps_per_second': 114.466, 'epoch': 6.47}
{'loss': 0.122, 'learning_rate': 6.63793103448276e-06, 'epoch': 6.68}
{'eval_loss': 1.5348169803619385, 'eval_accuracy': 0.6966666666666667, 'eval_f1': 0.6989763398860891, 'eval_precision': 0.7166653714935449, 'eval_recall': 0.6966666666666667, 'eval_runtime': 0.3328, 'eval_samples_per_second': 901.506, 'eval_steps_per_second': 114.191, 'epoch': 6.68}
{'loss': 0.1947, 'learning_rate': 6.206896551724138e-06, 'epoch': 6.9}
{'eval_loss': 1.5890681743621826, 'eval_accuracy': 0.6833333333333333, 'eval_f1': 0.6805858614853537, 'eval_precision': 0.6925039112047933, 'eval_recall': 0.6833333333333333, 'eval_runtime': 0.333, 'eval_samples_per_second': 900.789, 'eval_steps_per_second': 114.1, 'epoch': 6.9}
{'loss': 0.1156, 'learning_rate': 5.775862068965518e-06, 'epoch': 7.11}
{'eval_loss': 1.5483916997909546, 'eval_accuracy': 0.6733333333333333, 'eval_f1': 0.6714931673288923, 'eval_precision': 0.6895722471785488, 'eval_recall': 0.6733333333333333, 'eval_runtime': 0.3327, 'eval_samples_per_second': 901.579, 'eval_steps_per_second': 114.2, 'epoch': 7.11}
{'loss': 0.0877, 'learning_rate': 5.344827586206896e-06, 'epoch': 7.33}
{'eval_loss': 1.6306565999984741, 'eval_accuracy': 0.67, 'eval_f1': 0.6737609974506527, 'eval_precision': 0.6899173499405736, 'eval_recall': 0.67, 'eval_runtime': 0.3343, 'eval_samples_per_second': 897.464, 'eval_steps_per_second': 113.679, 'epoch': 7.33}
{'loss': 0.124, 'learning_rate': 4.9137931034482765e-06, 'epoch': 7.54}
{'eval_loss': 1.6941766738891602, 'eval_accuracy': 0.6733333333333333, 'eval_f1': 0.6761846262307664, 'eval_precision': 0.6940713636421963, 'eval_recall': 0.6733333333333333, 'eval_runtime': 0.3327, 'eval_samples_per_second': 901.75, 'eval_steps_per_second': 114.222, 'epoch': 7.54}
{'loss': 0.0593, 'learning_rate': 4.482758620689656e-06, 'epoch': 7.76}
{'eval_loss': 1.6225990056991577, 'eval_accuracy': 0.6733333333333333, 'eval_f1': 0.6751303136559416, 'eval_precision': 0.6870620433017045, 'eval_recall': 0.6733333333333333, 'eval_runtime': 0.3349, 'eval_samples_per_second': 895.687, 'eval_steps_per_second': 113.454, 'epoch': 7.76}
{'loss': 0.111, 'learning_rate': 4.051724137931034e-06, 'epoch': 7.97}
{'eval_loss': 1.6287466287612915, 'eval_accuracy': 0.69, 'eval_f1': 0.6924002664399111, 'eval_precision': 0.7083954344800539, 'eval_recall': 0.69, 'eval_runtime': 0.3307, 'eval_samples_per_second': 907.273, 'eval_steps_per_second': 114.921, 'epoch': 7.97}
{'loss': 0.0739, 'learning_rate': 3.620689655172414e-06, 'epoch': 8.19}
{'eval_loss': 1.6347694396972656, 'eval_accuracy': 0.6933333333333334, 'eval_f1': 0.695892682904376, 'eval_precision': 0.7111299601661157, 'eval_recall': 0.6933333333333334, 'eval_runtime': 0.3314, 'eval_samples_per_second': 905.207, 'eval_steps_per_second': 114.66, 'epoch': 8.19}
{'loss': 0.0691, 'learning_rate': 3.1896551724137935e-06, 'epoch': 8.41}
{'eval_loss': 1.6364469528198242, 'eval_accuracy': 0.6966666666666667, 'eval_f1': 0.699295739480488, 'eval_precision': 0.7148974079547388, 'eval_recall': 0.6966666666666667, 'eval_runtime': 0.3324, 'eval_samples_per_second': 902.552, 'eval_steps_per_second': 114.323, 'epoch': 8.41}
{'loss': 0.0723, 'learning_rate': 2.7586206896551725e-06, 'epoch': 8.62}
{'eval_loss': 1.6316852569580078, 'eval_accuracy': 0.7033333333333334, 'eval_f1': 0.7049590849745072, 'eval_precision': 0.718259426503297, 'eval_recall': 0.7033333333333334, 'eval_runtime': 0.3308, 'eval_samples_per_second': 907.024, 'eval_steps_per_second': 114.89, 'epoch': 8.62}
{'loss': 0.0715, 'learning_rate': 2.327586206896552e-06, 'epoch': 8.84}
{'eval_loss': 1.6628761291503906, 'eval_accuracy': 0.6966666666666667, 'eval_f1': 0.7004474882463991, 'eval_precision': 0.7148466878833533, 'eval_recall': 0.6966666666666667, 'eval_runtime': 0.3322, 'eval_samples_per_second': 902.978, 'eval_steps_per_second': 114.377, 'epoch': 8.84}
{'loss': 0.0516, 'learning_rate': 1.896551724137931e-06, 'epoch': 9.05}
{'eval_loss': 1.6602097749710083, 'eval_accuracy': 0.7033333333333334, 'eval_f1': 0.7039814818567577, 'eval_precision': 0.7150055130359647, 'eval_recall': 0.7033333333333334, 'eval_runtime': 0.3309, 'eval_samples_per_second': 906.675, 'eval_steps_per_second': 114.845, 'epoch': 9.05}
{'loss': 0.0326, 'learning_rate': 1.4655172413793104e-06, 'epoch': 9.27}
{'eval_loss': 1.655027151107788, 'eval_accuracy': 0.7, 'eval_f1': 0.7003402383240909, 'eval_precision': 0.7107080235743785, 'eval_recall': 0.7, 'eval_runtime': 0.33, 'eval_samples_per_second': 909.219, 'eval_steps_per_second': 115.168, 'epoch': 9.27}
{'loss': 0.0671, 'learning_rate': 1.0344827586206898e-06, 'epoch': 9.48}
{'eval_loss': 1.6836581230163574, 'eval_accuracy': 0.7, 'eval_f1': 0.7010555194480389, 'eval_precision': 0.7158016463407768, 'eval_recall': 0.7, 'eval_runtime': 0.3302, 'eval_samples_per_second': 908.673, 'eval_steps_per_second': 115.099, 'epoch': 9.48}
{'loss': 0.0436, 'learning_rate': 6.034482758620691e-07, 'epoch': 9.7}
{'eval_loss': 1.673064112663269, 'eval_accuracy': 0.6966666666666667, 'eval_f1': 0.6985259328127386, 'eval_precision': 0.7127979357128293, 'eval_recall': 0.6966666666666667, 'eval_runtime': 0.33, 'eval_samples_per_second': 909.05, 'eval_steps_per_second': 115.146, 'epoch': 9.7}
{'loss': 0.0708, 'learning_rate': 1.7241379310344828e-07, 'epoch': 9.91}
{'eval_loss': 1.6775181293487549, 'eval_accuracy': 0.7033333333333334, 'eval_f1': 0.7059941717913345, 'eval_precision': 0.7206316574939153, 'eval_recall': 0.7033333333333334, 'eval_runtime': 0.3321, 'eval_samples_per_second': 903.435, 'eval_steps_per_second': 114.435, 'epoch': 9.91}
{'train_runtime': 186.1417, 'train_samples_per_second': 99.333, 'train_steps_per_second': 12.464, 'train_loss': 0.6086705915629864, 'epoch': 10.0}
performance on train data
                        precision    recall  f1-score   support

            ad hominem       0.99      0.99      0.99       225
            ad populum       0.98      0.97      0.97       158
     appeal to emotion       0.95      0.95      0.95       130
    circular reasoning       0.92      0.96      0.94       134
          equivocation       1.00      0.08      0.14        39
fallacy of credibility       0.95      0.93      0.94       107
  fallacy of extension       1.00      0.93      0.97       106
      fallacy of logic       0.77      0.95      0.85       121
  fallacy of relevance       0.84      0.90      0.87       114
       false causality       0.94      0.98      0.96       174
         false dilemma       0.96      0.92      0.94       110
 faulty generalization       0.98      0.98      0.98       319
           intentional       0.93      0.95      0.94       112

              accuracy                           0.94      1849
             macro avg       0.94      0.88      0.88      1849
          weighted avg       0.95      0.94      0.93      1849

performance on eval data
                        precision    recall  f1-score   support

            ad hominem       0.83      0.83      0.83        36
            ad populum       0.73      0.84      0.78        44
     appeal to emotion       0.80      0.57      0.67        14
    circular reasoning       0.68      0.83      0.75        18
          equivocation       0.00      0.00      0.00         5
fallacy of credibility       0.56      0.62      0.59         8
  fallacy of extension       0.75      0.43      0.55        14
      fallacy of logic       0.54      0.82      0.65        17
  fallacy of relevance       0.56      0.62      0.59        24
       false causality       0.64      0.67      0.65        24
         false dilemma       0.88      0.74      0.80        19
 faulty generalization       0.70      0.62      0.66        61
           intentional       0.50      0.50      0.50        16

              accuracy                           0.69       300
             macro avg       0.63      0.62      0.62       300
          weighted avg       0.69      0.69      0.68       300

performance on test data
                        precision    recall  f1-score   support

            ad hominem       0.71      0.88      0.78        41
            ad populum       0.63      0.80      0.71        30
     appeal to emotion       0.69      0.48      0.56        23
    circular reasoning       0.67      0.53      0.59        19
          equivocation       0.00      0.00      0.00         5
fallacy of credibility       0.64      0.41      0.50        17
  fallacy of extension       0.80      0.38      0.52        21
      fallacy of logic       0.41      0.50      0.45        14
  fallacy of relevance       0.36      0.38      0.37        24
       false causality       0.50      0.61      0.55        18
         false dilemma       0.73      0.92      0.81        12
 faulty generalization       0.61      0.66      0.63        61
           intentional       0.50      0.47      0.48        15

              accuracy                           0.60       300
             macro avg       0.56      0.54      0.53       300
          weighted avg       0.60      0.60      0.59       300

