/cluster/raid/home/zhivar.sourati/logical-fallacy-identification/AMR_parsers_and_graphs
Thu Sep 29 01:02:53 2022       
+-----------------------------------------------------------------------------+
| NVIDIA-SMI 460.32.03    Driver Version: 460.32.03    CUDA Version: 11.2     |
|-------------------------------+----------------------+----------------------+
| GPU  Name        Persistence-M| Bus-Id        Disp.A | Volatile Uncorr. ECC |
| Fan  Temp  Perf  Pwr:Usage/Cap|         Memory-Usage | GPU-Util  Compute M. |
|                               |                      |               MIG M. |
|===============================+======================+======================|
|   0  A100-PCIE-40GB      Off  | 00000000:28:00.0 Off |                    0 |
| N/A   26C    P0    35W / 250W |      0MiB / 40536MiB |      0%      Default |
|                               |                      |             Disabled |
+-------------------------------+----------------------+----------------------+
                                                                               
+-----------------------------------------------------------------------------+
| Processes:                                                                  |
|  GPU   GI   CI        PID   Type   Process name                  GPU Memory |
|        ID   ID                                                   Usage      |
|=============================================================================|
|  No running processes found                                                 |
+-----------------------------------------------------------------------------+
0
cuda
Model loaded!
Start the training ...
{'loss': 2.5286, 'learning_rate': 4.892241379310345e-05, 'epoch': 0.22}
{'eval_loss': 2.443549394607544, 'eval_accuracy': 0.20333333333333334, 'eval_f1': 0.06871652816251154, 'eval_precision': 0.04134444444444445, 'eval_recall': 0.20333333333333334, 'eval_runtime': 0.3332, 'eval_samples_per_second': 900.304, 'eval_steps_per_second': 114.038, 'epoch': 0.22}
{'loss': 2.5092, 'learning_rate': 4.78448275862069e-05, 'epoch': 0.43}
{'eval_loss': 2.441723108291626, 'eval_accuracy': 0.20333333333333334, 'eval_f1': 0.06871652816251154, 'eval_precision': 0.04134444444444445, 'eval_recall': 0.20333333333333334, 'eval_runtime': 0.3461, 'eval_samples_per_second': 866.889, 'eval_steps_per_second': 109.806, 'epoch': 0.43}
{'loss': 2.4982, 'learning_rate': 4.6767241379310346e-05, 'epoch': 0.65}
{'eval_loss': 2.4425511360168457, 'eval_accuracy': 0.20333333333333334, 'eval_f1': 0.06871652816251154, 'eval_precision': 0.04134444444444445, 'eval_recall': 0.20333333333333334, 'eval_runtime': 0.3349, 'eval_samples_per_second': 895.726, 'eval_steps_per_second': 113.459, 'epoch': 0.65}
{'loss': 2.502, 'learning_rate': 4.5689655172413794e-05, 'epoch': 0.86}
{'eval_loss': 2.427478551864624, 'eval_accuracy': 0.20333333333333334, 'eval_f1': 0.06871652816251154, 'eval_precision': 0.04134444444444445, 'eval_recall': 0.20333333333333334, 'eval_runtime': 0.3314, 'eval_samples_per_second': 905.237, 'eval_steps_per_second': 114.663, 'epoch': 0.86}
{'loss': 2.4355, 'learning_rate': 4.461206896551724e-05, 'epoch': 1.08}
{'eval_loss': 2.4254047870635986, 'eval_accuracy': 0.20333333333333334, 'eval_f1': 0.06871652816251154, 'eval_precision': 0.04134444444444445, 'eval_recall': 0.20333333333333334, 'eval_runtime': 0.3317, 'eval_samples_per_second': 904.384, 'eval_steps_per_second': 114.555, 'epoch': 1.08}
{'loss': 2.461, 'learning_rate': 4.353448275862069e-05, 'epoch': 1.29}
{'eval_loss': 2.412660837173462, 'eval_accuracy': 0.15666666666666668, 'eval_f1': 0.07695105725825611, 'eval_precision': 0.08821001718831195, 'eval_recall': 0.15666666666666668, 'eval_runtime': 0.3304, 'eval_samples_per_second': 907.984, 'eval_steps_per_second': 115.011, 'epoch': 1.29}
{'loss': 2.4531, 'learning_rate': 4.245689655172414e-05, 'epoch': 1.51}
{'eval_loss': 2.4759840965270996, 'eval_accuracy': 0.19333333333333333, 'eval_f1': 0.10492826587168737, 'eval_precision': 0.07463685525655002, 'eval_recall': 0.19333333333333333, 'eval_runtime': 0.3303, 'eval_samples_per_second': 908.254, 'eval_steps_per_second': 115.045, 'epoch': 1.51}
{'loss': 2.4013, 'learning_rate': 4.1379310344827587e-05, 'epoch': 1.72}
{'eval_loss': 2.322819709777832, 'eval_accuracy': 0.24, 'eval_f1': 0.10549603174603174, 'eval_precision': 0.07296969696969696, 'eval_recall': 0.24, 'eval_runtime': 0.3324, 'eval_samples_per_second': 902.467, 'eval_steps_per_second': 114.312, 'epoch': 1.72}
{'loss': 2.3696, 'learning_rate': 4.0301724137931035e-05, 'epoch': 1.94}
{'eval_loss': 2.323840856552124, 'eval_accuracy': 0.25, 'eval_f1': 0.18189858341371776, 'eval_precision': 0.268730527334301, 'eval_recall': 0.25, 'eval_runtime': 0.3298, 'eval_samples_per_second': 909.515, 'eval_steps_per_second': 115.205, 'epoch': 1.94}
{'loss': 2.2967, 'learning_rate': 3.922413793103448e-05, 'epoch': 2.16}
{'eval_loss': 2.306934356689453, 'eval_accuracy': 0.2866666666666667, 'eval_f1': 0.17277723280542617, 'eval_precision': 0.15282611211617295, 'eval_recall': 0.2866666666666667, 'eval_runtime': 0.3301, 'eval_samples_per_second': 908.721, 'eval_steps_per_second': 115.105, 'epoch': 2.16}
{'loss': 2.0806, 'learning_rate': 3.814655172413794e-05, 'epoch': 2.37}
{'eval_loss': 2.1849074363708496, 'eval_accuracy': 0.2633333333333333, 'eval_f1': 0.18674237052243925, 'eval_precision': 0.21255945531261985, 'eval_recall': 0.2633333333333333, 'eval_runtime': 0.3331, 'eval_samples_per_second': 900.727, 'eval_steps_per_second': 114.092, 'epoch': 2.37}
{'loss': 2.2189, 'learning_rate': 3.7068965517241385e-05, 'epoch': 2.59}
{'eval_loss': 2.173314094543457, 'eval_accuracy': 0.31666666666666665, 'eval_f1': 0.2198774509803922, 'eval_precision': 0.18606245632468169, 'eval_recall': 0.31666666666666665, 'eval_runtime': 0.3315, 'eval_samples_per_second': 904.892, 'eval_steps_per_second': 114.62, 'epoch': 2.59}
{'loss': 2.1421, 'learning_rate': 3.5991379310344833e-05, 'epoch': 2.8}
{'eval_loss': 2.024968385696411, 'eval_accuracy': 0.3233333333333333, 'eval_f1': 0.2388358404769276, 'eval_precision': 0.21122211791133513, 'eval_recall': 0.3233333333333333, 'eval_runtime': 0.3288, 'eval_samples_per_second': 912.337, 'eval_steps_per_second': 115.563, 'epoch': 2.8}
{'loss': 1.9993, 'learning_rate': 3.4913793103448275e-05, 'epoch': 3.02}
{'eval_loss': 2.010031223297119, 'eval_accuracy': 0.38, 'eval_f1': 0.27224259072952267, 'eval_precision': 0.23133809427096555, 'eval_recall': 0.38, 'eval_runtime': 0.3316, 'eval_samples_per_second': 904.725, 'eval_steps_per_second': 114.598, 'epoch': 3.02}
{'loss': 1.8183, 'learning_rate': 3.383620689655172e-05, 'epoch': 3.23}
{'eval_loss': 1.9864193201065063, 'eval_accuracy': 0.4, 'eval_f1': 0.33602891674276075, 'eval_precision': 0.3402671207935388, 'eval_recall': 0.4, 'eval_runtime': 0.3325, 'eval_samples_per_second': 902.285, 'eval_steps_per_second': 114.289, 'epoch': 3.23}
{'loss': 1.7372, 'learning_rate': 3.275862068965517e-05, 'epoch': 3.45}
{'eval_loss': 1.903497576713562, 'eval_accuracy': 0.45666666666666667, 'eval_f1': 0.3965832036266502, 'eval_precision': 0.36410800670454935, 'eval_recall': 0.45666666666666667, 'eval_runtime': 0.3302, 'eval_samples_per_second': 908.651, 'eval_steps_per_second': 115.096, 'epoch': 3.45}
{'loss': 1.7869, 'learning_rate': 3.168103448275862e-05, 'epoch': 3.66}
{'eval_loss': 1.7944563627243042, 'eval_accuracy': 0.45666666666666667, 'eval_f1': 0.4000196662973224, 'eval_precision': 0.377164314789688, 'eval_recall': 0.45666666666666667, 'eval_runtime': 0.3294, 'eval_samples_per_second': 910.857, 'eval_steps_per_second': 115.375, 'epoch': 3.66}
{'loss': 1.7412, 'learning_rate': 3.060344827586207e-05, 'epoch': 3.88}
{'eval_loss': 1.809047818183899, 'eval_accuracy': 0.45666666666666667, 'eval_f1': 0.43104841830475993, 'eval_precision': 0.4469118675651646, 'eval_recall': 0.45666666666666667, 'eval_runtime': 0.3298, 'eval_samples_per_second': 909.556, 'eval_steps_per_second': 115.21, 'epoch': 3.88}
{'loss': 1.6691, 'learning_rate': 2.952586206896552e-05, 'epoch': 4.09}
{'eval_loss': 1.7262858152389526, 'eval_accuracy': 0.48, 'eval_f1': 0.45048116024130896, 'eval_precision': 0.44654728230290447, 'eval_recall': 0.48, 'eval_runtime': 0.3304, 'eval_samples_per_second': 907.91, 'eval_steps_per_second': 115.002, 'epoch': 4.09}
{'loss': 1.3409, 'learning_rate': 2.844827586206897e-05, 'epoch': 4.31}
{'eval_loss': 1.7895760536193848, 'eval_accuracy': 0.4766666666666667, 'eval_f1': 0.4491571236027816, 'eval_precision': 0.45743202391478255, 'eval_recall': 0.4766666666666667, 'eval_runtime': 0.33, 'eval_samples_per_second': 909.079, 'eval_steps_per_second': 115.15, 'epoch': 4.31}
{'loss': 1.3449, 'learning_rate': 2.7370689655172414e-05, 'epoch': 4.53}
{'eval_loss': 1.9014265537261963, 'eval_accuracy': 0.4866666666666667, 'eval_f1': 0.4692697632936041, 'eval_precision': 0.47429562153246363, 'eval_recall': 0.4866666666666667, 'eval_runtime': 0.3401, 'eval_samples_per_second': 882.067, 'eval_steps_per_second': 111.729, 'epoch': 4.53}
{'loss': 1.4661, 'learning_rate': 2.6293103448275862e-05, 'epoch': 4.74}
{'eval_loss': 1.7480285167694092, 'eval_accuracy': 0.49333333333333335, 'eval_f1': 0.4815903558614346, 'eval_precision': 0.5001815206004995, 'eval_recall': 0.49333333333333335, 'eval_runtime': 0.3305, 'eval_samples_per_second': 907.639, 'eval_steps_per_second': 114.968, 'epoch': 4.74}
{'loss': 1.2552, 'learning_rate': 2.521551724137931e-05, 'epoch': 4.96}
{'eval_loss': 1.6712675094604492, 'eval_accuracy': 0.5466666666666666, 'eval_f1': 0.5455287192845245, 'eval_precision': 0.5897125499772559, 'eval_recall': 0.5466666666666666, 'eval_runtime': 0.3331, 'eval_samples_per_second': 900.563, 'eval_steps_per_second': 114.071, 'epoch': 4.96}
{'loss': 1.0893, 'learning_rate': 2.413793103448276e-05, 'epoch': 5.17}
{'eval_loss': 1.6054824590682983, 'eval_accuracy': 0.5433333333333333, 'eval_f1': 0.5502259013934159, 'eval_precision': 0.5908067443559115, 'eval_recall': 0.5433333333333333, 'eval_runtime': 0.3345, 'eval_samples_per_second': 896.849, 'eval_steps_per_second': 113.601, 'epoch': 5.17}
{'loss': 0.9226, 'learning_rate': 2.306034482758621e-05, 'epoch': 5.39}
{'eval_loss': 1.749385952949524, 'eval_accuracy': 0.5233333333333333, 'eval_f1': 0.5074191033602967, 'eval_precision': 0.5447713725367178, 'eval_recall': 0.5233333333333333, 'eval_runtime': 0.3339, 'eval_samples_per_second': 898.35, 'eval_steps_per_second': 113.791, 'epoch': 5.39}
{'loss': 0.9841, 'learning_rate': 2.1982758620689654e-05, 'epoch': 5.6}
{'eval_loss': 1.5967772006988525, 'eval_accuracy': 0.5233333333333333, 'eval_f1': 0.5262168335289646, 'eval_precision': 0.552727558331314, 'eval_recall': 0.5233333333333333, 'eval_runtime': 0.3415, 'eval_samples_per_second': 878.586, 'eval_steps_per_second': 111.288, 'epoch': 5.6}
{'loss': 0.9571, 'learning_rate': 2.0905172413793102e-05, 'epoch': 5.82}
{'eval_loss': 1.6347118616104126, 'eval_accuracy': 0.57, 'eval_f1': 0.5767260770357383, 'eval_precision': 0.6001970138575701, 'eval_recall': 0.57, 'eval_runtime': 0.3322, 'eval_samples_per_second': 903.064, 'eval_steps_per_second': 114.388, 'epoch': 5.82}
{'loss': 0.932, 'learning_rate': 1.9827586206896554e-05, 'epoch': 6.03}
{'eval_loss': 1.636992335319519, 'eval_accuracy': 0.5333333333333333, 'eval_f1': 0.5407378930587957, 'eval_precision': 0.5783851736791266, 'eval_recall': 0.5333333333333333, 'eval_runtime': 0.3303, 'eval_samples_per_second': 908.145, 'eval_steps_per_second': 115.032, 'epoch': 6.03}
{'loss': 0.7857, 'learning_rate': 1.8750000000000002e-05, 'epoch': 6.25}
{'eval_loss': 1.5853294134140015, 'eval_accuracy': 0.5566666666666666, 'eval_f1': 0.5716657440001268, 'eval_precision': 0.6523264920227394, 'eval_recall': 0.5566666666666666, 'eval_runtime': 0.3326, 'eval_samples_per_second': 901.972, 'eval_steps_per_second': 114.25, 'epoch': 6.25}
{'loss': 0.6947, 'learning_rate': 1.767241379310345e-05, 'epoch': 6.47}
{'eval_loss': 1.6607197523117065, 'eval_accuracy': 0.5533333333333333, 'eval_f1': 0.570739924492682, 'eval_precision': 0.6267244969775553, 'eval_recall': 0.5533333333333333, 'eval_runtime': 0.3372, 'eval_samples_per_second': 889.732, 'eval_steps_per_second': 112.699, 'epoch': 6.47}
{'loss': 0.6942, 'learning_rate': 1.6594827586206898e-05, 'epoch': 6.68}
{'eval_loss': 1.6386737823486328, 'eval_accuracy': 0.5666666666666667, 'eval_f1': 0.5793918404945314, 'eval_precision': 0.6288907908301548, 'eval_recall': 0.5666666666666667, 'eval_runtime': 0.4435, 'eval_samples_per_second': 676.456, 'eval_steps_per_second': 85.684, 'epoch': 6.68}
{'loss': 0.6666, 'learning_rate': 1.5517241379310346e-05, 'epoch': 6.9}
{'eval_loss': 1.6855558156967163, 'eval_accuracy': 0.5633333333333334, 'eval_f1': 0.5702926227586433, 'eval_precision': 0.5985053836514362, 'eval_recall': 0.5633333333333334, 'eval_runtime': 0.4472, 'eval_samples_per_second': 670.832, 'eval_steps_per_second': 84.972, 'epoch': 6.9}
{'loss': 0.6059, 'learning_rate': 1.4439655172413794e-05, 'epoch': 7.11}
{'eval_loss': 1.5566046237945557, 'eval_accuracy': 0.6033333333333334, 'eval_f1': 0.6076484144858828, 'eval_precision': 0.6331330462818102, 'eval_recall': 0.6033333333333334, 'eval_runtime': 0.3307, 'eval_samples_per_second': 907.192, 'eval_steps_per_second': 114.911, 'epoch': 7.11}
{'loss': 0.4311, 'learning_rate': 1.336206896551724e-05, 'epoch': 7.33}
{'eval_loss': 1.6093652248382568, 'eval_accuracy': 0.6166666666666667, 'eval_f1': 0.6243354513371332, 'eval_precision': 0.6675776478707426, 'eval_recall': 0.6166666666666667, 'eval_runtime': 0.3357, 'eval_samples_per_second': 893.576, 'eval_steps_per_second': 113.186, 'epoch': 7.33}
{'loss': 0.4678, 'learning_rate': 1.228448275862069e-05, 'epoch': 7.54}
{'eval_loss': 1.6858184337615967, 'eval_accuracy': 0.58, 'eval_f1': 0.5928896629481581, 'eval_precision': 0.6371655390312958, 'eval_recall': 0.58, 'eval_runtime': 0.3297, 'eval_samples_per_second': 909.935, 'eval_steps_per_second': 115.258, 'epoch': 7.54}
{'loss': 0.4438, 'learning_rate': 1.1206896551724138e-05, 'epoch': 7.76}
{'eval_loss': 1.6890625953674316, 'eval_accuracy': 0.6033333333333334, 'eval_f1': 0.613313937970525, 'eval_precision': 0.6603343725119198, 'eval_recall': 0.6033333333333334, 'eval_runtime': 0.3299, 'eval_samples_per_second': 909.253, 'eval_steps_per_second': 115.172, 'epoch': 7.76}
{'loss': 0.5476, 'learning_rate': 1.0129310344827586e-05, 'epoch': 7.97}
{'eval_loss': 1.6147711277008057, 'eval_accuracy': 0.6133333333333333, 'eval_f1': 0.623492214070453, 'eval_precision': 0.6510161167082736, 'eval_recall': 0.6133333333333333, 'eval_runtime': 0.3392, 'eval_samples_per_second': 884.54, 'eval_steps_per_second': 112.042, 'epoch': 7.97}
{'loss': 0.3559, 'learning_rate': 9.051724137931036e-06, 'epoch': 8.19}
{'eval_loss': 1.682801365852356, 'eval_accuracy': 0.62, 'eval_f1': 0.6316246399030057, 'eval_precision': 0.6597652466386368, 'eval_recall': 0.62, 'eval_runtime': 0.3297, 'eval_samples_per_second': 910.013, 'eval_steps_per_second': 115.268, 'epoch': 8.19}
{'loss': 0.3492, 'learning_rate': 7.974137931034484e-06, 'epoch': 8.41}
{'eval_loss': 1.829491138458252, 'eval_accuracy': 0.5766666666666667, 'eval_f1': 0.5899268618902537, 'eval_precision': 0.6338757788228951, 'eval_recall': 0.5766666666666667, 'eval_runtime': 0.3307, 'eval_samples_per_second': 907.162, 'eval_steps_per_second': 114.907, 'epoch': 8.41}
{'loss': 0.2848, 'learning_rate': 6.896551724137932e-06, 'epoch': 8.62}
{'eval_loss': 1.7579435110092163, 'eval_accuracy': 0.6, 'eval_f1': 0.6124198809564909, 'eval_precision': 0.6540800886903185, 'eval_recall': 0.6, 'eval_runtime': 0.3322, 'eval_samples_per_second': 902.991, 'eval_steps_per_second': 114.379, 'epoch': 8.62}
{'loss': 0.3908, 'learning_rate': 5.81896551724138e-06, 'epoch': 8.84}
{'eval_loss': 1.7149664163589478, 'eval_accuracy': 0.6166666666666667, 'eval_f1': 0.6274129423195164, 'eval_precision': 0.6588427097618259, 'eval_recall': 0.6166666666666667, 'eval_runtime': 0.3434, 'eval_samples_per_second': 873.629, 'eval_steps_per_second': 110.66, 'epoch': 8.84}
{'loss': 0.3054, 'learning_rate': 4.741379310344828e-06, 'epoch': 9.05}
{'eval_loss': 1.7533247470855713, 'eval_accuracy': 0.6166666666666667, 'eval_f1': 0.6305034695282281, 'eval_precision': 0.6711749603760585, 'eval_recall': 0.6166666666666667, 'eval_runtime': 0.3299, 'eval_samples_per_second': 909.263, 'eval_steps_per_second': 115.173, 'epoch': 9.05}
{'loss': 0.2287, 'learning_rate': 3.6637931034482757e-06, 'epoch': 9.27}
{'eval_loss': 1.7497221231460571, 'eval_accuracy': 0.6166666666666667, 'eval_f1': 0.6251948203738831, 'eval_precision': 0.6560015691842068, 'eval_recall': 0.6166666666666667, 'eval_runtime': 0.3546, 'eval_samples_per_second': 846.062, 'eval_steps_per_second': 107.168, 'epoch': 9.27}
{'loss': 0.2208, 'learning_rate': 2.586206896551724e-06, 'epoch': 9.48}
{'eval_loss': 1.7665172815322876, 'eval_accuracy': 0.62, 'eval_f1': 0.6356544070828939, 'eval_precision': 0.6827168467832865, 'eval_recall': 0.62, 'eval_runtime': 0.3504, 'eval_samples_per_second': 856.17, 'eval_steps_per_second': 108.448, 'epoch': 9.48}
{'loss': 0.2123, 'learning_rate': 1.5086206896551726e-06, 'epoch': 9.7}
{'eval_loss': 1.7682483196258545, 'eval_accuracy': 0.6266666666666667, 'eval_f1': 0.6390464621573314, 'eval_precision': 0.6752651058666769, 'eval_recall': 0.6266666666666667, 'eval_runtime': 0.3475, 'eval_samples_per_second': 863.383, 'eval_steps_per_second': 109.362, 'epoch': 9.7}
{'loss': 0.2901, 'learning_rate': 4.3103448275862073e-07, 'epoch': 9.91}
{'eval_loss': 1.760371446609497, 'eval_accuracy': 0.6266666666666667, 'eval_f1': 0.6377644359207998, 'eval_precision': 0.6684438334754191, 'eval_recall': 0.6266666666666667, 'eval_runtime': 0.3417, 'eval_samples_per_second': 877.915, 'eval_steps_per_second': 111.203, 'epoch': 9.91}
{'train_runtime': 186.4888, 'train_samples_per_second': 99.148, 'train_steps_per_second': 12.44, 'train_loss': 1.2936613292529666, 'epoch': 10.0}
training finished!
cuda
Model loaded!
Start the training ...
{'loss': 2.5207, 'learning_rate': 4.892241379310345e-05, 'epoch': 0.22}
{'eval_loss': 2.420219659805298, 'eval_accuracy': 0.20333333333333334, 'eval_f1': 0.06871652816251154, 'eval_precision': 0.04134444444444445, 'eval_recall': 0.20333333333333334, 'eval_runtime': 0.3453, 'eval_samples_per_second': 868.816, 'eval_steps_per_second': 110.05, 'epoch': 0.22}
{'loss': 2.4914, 'learning_rate': 4.78448275862069e-05, 'epoch': 0.43}
{'eval_loss': 2.4171712398529053, 'eval_accuracy': 0.20333333333333334, 'eval_f1': 0.06871652816251154, 'eval_precision': 0.04134444444444445, 'eval_recall': 0.20333333333333334, 'eval_runtime': 0.3422, 'eval_samples_per_second': 876.614, 'eval_steps_per_second': 111.038, 'epoch': 0.43}
{'loss': 2.4923, 'learning_rate': 4.6767241379310346e-05, 'epoch': 0.65}
{'eval_loss': 2.4377522468566895, 'eval_accuracy': 0.20333333333333334, 'eval_f1': 0.06871652816251154, 'eval_precision': 0.04134444444444445, 'eval_recall': 0.20333333333333334, 'eval_runtime': 0.3427, 'eval_samples_per_second': 875.401, 'eval_steps_per_second': 110.884, 'epoch': 0.65}
{'loss': 2.5041, 'learning_rate': 4.5689655172413794e-05, 'epoch': 0.86}
{'eval_loss': 2.438760995864868, 'eval_accuracy': 0.20333333333333334, 'eval_f1': 0.06871652816251154, 'eval_precision': 0.04134444444444445, 'eval_recall': 0.20333333333333334, 'eval_runtime': 0.3425, 'eval_samples_per_second': 875.881, 'eval_steps_per_second': 110.945, 'epoch': 0.86}
{'loss': 2.4652, 'learning_rate': 4.461206896551724e-05, 'epoch': 1.08}
{'eval_loss': 2.411433458328247, 'eval_accuracy': 0.20333333333333334, 'eval_f1': 0.06871652816251154, 'eval_precision': 0.04134444444444445, 'eval_recall': 0.20333333333333334, 'eval_runtime': 0.342, 'eval_samples_per_second': 877.143, 'eval_steps_per_second': 111.105, 'epoch': 1.08}
{'loss': 2.458, 'learning_rate': 4.353448275862069e-05, 'epoch': 1.29}
{'eval_loss': 2.414628028869629, 'eval_accuracy': 0.20333333333333334, 'eval_f1': 0.06871652816251154, 'eval_precision': 0.04134444444444445, 'eval_recall': 0.20333333333333334, 'eval_runtime': 0.3509, 'eval_samples_per_second': 855.026, 'eval_steps_per_second': 108.303, 'epoch': 1.29}
{'loss': 2.5112, 'learning_rate': 4.245689655172414e-05, 'epoch': 1.51}
{'eval_loss': 2.454469919204712, 'eval_accuracy': 0.20333333333333334, 'eval_f1': 0.06871652816251154, 'eval_precision': 0.04134444444444445, 'eval_recall': 0.20333333333333334, 'eval_runtime': 0.3421, 'eval_samples_per_second': 876.829, 'eval_steps_per_second': 111.065, 'epoch': 1.51}
{'loss': 2.5042, 'learning_rate': 4.1379310344827587e-05, 'epoch': 1.72}
{'eval_loss': 2.432661533355713, 'eval_accuracy': 0.20333333333333334, 'eval_f1': 0.06871652816251154, 'eval_precision': 0.04134444444444445, 'eval_recall': 0.20333333333333334, 'eval_runtime': 0.3438, 'eval_samples_per_second': 872.646, 'eval_steps_per_second': 110.535, 'epoch': 1.72}
{'loss': 2.5287, 'learning_rate': 4.0301724137931035e-05, 'epoch': 1.94}
{'eval_loss': 2.4374942779541016, 'eval_accuracy': 0.20333333333333334, 'eval_f1': 0.06871652816251154, 'eval_precision': 0.04134444444444445, 'eval_recall': 0.20333333333333334, 'eval_runtime': 0.3434, 'eval_samples_per_second': 873.705, 'eval_steps_per_second': 110.669, 'epoch': 1.94}
{'loss': 2.4675, 'learning_rate': 3.922413793103448e-05, 'epoch': 2.16}
{'eval_loss': 2.45729660987854, 'eval_accuracy': 0.20333333333333334, 'eval_f1': 0.06871652816251154, 'eval_precision': 0.04134444444444445, 'eval_recall': 0.20333333333333334, 'eval_runtime': 0.3418, 'eval_samples_per_second': 877.707, 'eval_steps_per_second': 111.176, 'epoch': 2.16}
{'loss': 2.4789, 'learning_rate': 3.814655172413794e-05, 'epoch': 2.37}
{'eval_loss': 2.419065475463867, 'eval_accuracy': 0.20333333333333334, 'eval_f1': 0.06871652816251154, 'eval_precision': 0.04134444444444445, 'eval_recall': 0.20333333333333334, 'eval_runtime': 0.3405, 'eval_samples_per_second': 881.18, 'eval_steps_per_second': 111.616, 'epoch': 2.37}
{'loss': 2.4883, 'learning_rate': 3.7068965517241385e-05, 'epoch': 2.59}
{'eval_loss': 2.430961847305298, 'eval_accuracy': 0.20333333333333334, 'eval_f1': 0.06871652816251154, 'eval_precision': 0.04134444444444445, 'eval_recall': 0.20333333333333334, 'eval_runtime': 0.341, 'eval_samples_per_second': 879.693, 'eval_steps_per_second': 111.428, 'epoch': 2.59}
{'loss': 2.5171, 'learning_rate': 3.5991379310344833e-05, 'epoch': 2.8}
{'eval_loss': 2.430180311203003, 'eval_accuracy': 0.20333333333333334, 'eval_f1': 0.06871652816251154, 'eval_precision': 0.04134444444444445, 'eval_recall': 0.20333333333333334, 'eval_runtime': 0.3412, 'eval_samples_per_second': 879.197, 'eval_steps_per_second': 111.365, 'epoch': 2.8}
{'loss': 2.4679, 'learning_rate': 3.4913793103448275e-05, 'epoch': 3.02}
{'eval_loss': 2.4326279163360596, 'eval_accuracy': 0.20333333333333334, 'eval_f1': 0.06871652816251154, 'eval_precision': 0.04134444444444445, 'eval_recall': 0.20333333333333334, 'eval_runtime': 0.3426, 'eval_samples_per_second': 875.641, 'eval_steps_per_second': 110.914, 'epoch': 3.02}
{'loss': 2.4763, 'learning_rate': 3.383620689655172e-05, 'epoch': 3.23}
{'eval_loss': 2.4143905639648438, 'eval_accuracy': 0.20333333333333334, 'eval_f1': 0.06871652816251154, 'eval_precision': 0.04134444444444445, 'eval_recall': 0.20333333333333334, 'eval_runtime': 0.3409, 'eval_samples_per_second': 880.099, 'eval_steps_per_second': 111.479, 'epoch': 3.23}
{'loss': 2.512, 'learning_rate': 3.275862068965517e-05, 'epoch': 3.45}
{'eval_loss': 2.4225382804870605, 'eval_accuracy': 0.20333333333333334, 'eval_f1': 0.06871652816251154, 'eval_precision': 0.04134444444444445, 'eval_recall': 0.20333333333333334, 'eval_runtime': 0.3408, 'eval_samples_per_second': 880.336, 'eval_steps_per_second': 111.509, 'epoch': 3.45}
{'loss': 2.4767, 'learning_rate': 3.168103448275862e-05, 'epoch': 3.66}
{'eval_loss': 2.4276599884033203, 'eval_accuracy': 0.20333333333333334, 'eval_f1': 0.06871652816251154, 'eval_precision': 0.04134444444444445, 'eval_recall': 0.20333333333333334, 'eval_runtime': 0.3408, 'eval_samples_per_second': 880.294, 'eval_steps_per_second': 111.504, 'epoch': 3.66}
{'loss': 2.5105, 'learning_rate': 3.060344827586207e-05, 'epoch': 3.88}
{'eval_loss': 2.431062936782837, 'eval_accuracy': 0.20333333333333334, 'eval_f1': 0.06871652816251154, 'eval_precision': 0.04134444444444445, 'eval_recall': 0.20333333333333334, 'eval_runtime': 0.3408, 'eval_samples_per_second': 880.241, 'eval_steps_per_second': 111.497, 'epoch': 3.88}
{'loss': 2.4765, 'learning_rate': 2.952586206896552e-05, 'epoch': 4.09}
{'eval_loss': 2.422029495239258, 'eval_accuracy': 0.20333333333333334, 'eval_f1': 0.06871652816251154, 'eval_precision': 0.04134444444444445, 'eval_recall': 0.20333333333333334, 'eval_runtime': 0.3414, 'eval_samples_per_second': 878.75, 'eval_steps_per_second': 111.308, 'epoch': 4.09}
{'loss': 2.4941, 'learning_rate': 2.844827586206897e-05, 'epoch': 4.31}
{'eval_loss': 2.4236409664154053, 'eval_accuracy': 0.20333333333333334, 'eval_f1': 0.06871652816251154, 'eval_precision': 0.04134444444444445, 'eval_recall': 0.20333333333333334, 'eval_runtime': 0.3415, 'eval_samples_per_second': 878.362, 'eval_steps_per_second': 111.259, 'epoch': 4.31}
{'loss': 2.4577, 'learning_rate': 2.7370689655172414e-05, 'epoch': 4.53}
{'eval_loss': 2.413220167160034, 'eval_accuracy': 0.20333333333333334, 'eval_f1': 0.06871652816251154, 'eval_precision': 0.04134444444444445, 'eval_recall': 0.20333333333333334, 'eval_runtime': 0.3442, 'eval_samples_per_second': 871.51, 'eval_steps_per_second': 110.391, 'epoch': 4.53}
{'loss': 2.5009, 'learning_rate': 2.6293103448275862e-05, 'epoch': 4.74}
{'eval_loss': 2.423015594482422, 'eval_accuracy': 0.20333333333333334, 'eval_f1': 0.06871652816251154, 'eval_precision': 0.04134444444444445, 'eval_recall': 0.20333333333333334, 'eval_runtime': 0.3411, 'eval_samples_per_second': 879.596, 'eval_steps_per_second': 111.416, 'epoch': 4.74}
{'loss': 2.5081, 'learning_rate': 2.521551724137931e-05, 'epoch': 4.96}
{'eval_loss': 2.4178483486175537, 'eval_accuracy': 0.20333333333333334, 'eval_f1': 0.06871652816251154, 'eval_precision': 0.04134444444444445, 'eval_recall': 0.20333333333333334, 'eval_runtime': 0.3426, 'eval_samples_per_second': 875.549, 'eval_steps_per_second': 110.903, 'epoch': 4.96}
{'loss': 2.5232, 'learning_rate': 2.413793103448276e-05, 'epoch': 5.17}
{'eval_loss': 2.4394032955169678, 'eval_accuracy': 0.20333333333333334, 'eval_f1': 0.06871652816251154, 'eval_precision': 0.04134444444444445, 'eval_recall': 0.20333333333333334, 'eval_runtime': 0.3434, 'eval_samples_per_second': 873.606, 'eval_steps_per_second': 110.657, 'epoch': 5.17}
{'loss': 2.4809, 'learning_rate': 2.306034482758621e-05, 'epoch': 5.39}
{'eval_loss': 2.427133798599243, 'eval_accuracy': 0.20333333333333334, 'eval_f1': 0.06871652816251154, 'eval_precision': 0.04134444444444445, 'eval_recall': 0.20333333333333334, 'eval_runtime': 0.3401, 'eval_samples_per_second': 882.114, 'eval_steps_per_second': 111.734, 'epoch': 5.39}
{'loss': 2.4295, 'learning_rate': 2.1982758620689654e-05, 'epoch': 5.6}
{'eval_loss': 2.419442653656006, 'eval_accuracy': 0.20333333333333334, 'eval_f1': 0.06871652816251154, 'eval_precision': 0.04134444444444445, 'eval_recall': 0.20333333333333334, 'eval_runtime': 0.3406, 'eval_samples_per_second': 880.771, 'eval_steps_per_second': 111.564, 'epoch': 5.6}
{'loss': 2.4826, 'learning_rate': 2.0905172413793102e-05, 'epoch': 5.82}
{'eval_loss': 2.4181222915649414, 'eval_accuracy': 0.20333333333333334, 'eval_f1': 0.06871652816251154, 'eval_precision': 0.04134444444444445, 'eval_recall': 0.20333333333333334, 'eval_runtime': 0.34, 'eval_samples_per_second': 882.316, 'eval_steps_per_second': 111.76, 'epoch': 5.82}
{'loss': 2.4731, 'learning_rate': 1.9827586206896554e-05, 'epoch': 6.03}
{'eval_loss': 2.4209020137786865, 'eval_accuracy': 0.20333333333333334, 'eval_f1': 0.06871652816251154, 'eval_precision': 0.04134444444444445, 'eval_recall': 0.20333333333333334, 'eval_runtime': 0.3423, 'eval_samples_per_second': 876.52, 'eval_steps_per_second': 111.026, 'epoch': 6.03}
{'loss': 2.4763, 'learning_rate': 1.8750000000000002e-05, 'epoch': 6.25}
{'eval_loss': 2.4228317737579346, 'eval_accuracy': 0.20333333333333334, 'eval_f1': 0.06871652816251154, 'eval_precision': 0.04134444444444445, 'eval_recall': 0.20333333333333334, 'eval_runtime': 0.3454, 'eval_samples_per_second': 868.614, 'eval_steps_per_second': 110.024, 'epoch': 6.25}
{'loss': 2.4795, 'learning_rate': 1.767241379310345e-05, 'epoch': 6.47}
{'eval_loss': 2.418975353240967, 'eval_accuracy': 0.20333333333333334, 'eval_f1': 0.06871652816251154, 'eval_precision': 0.04134444444444445, 'eval_recall': 0.20333333333333334, 'eval_runtime': 0.3412, 'eval_samples_per_second': 879.376, 'eval_steps_per_second': 111.388, 'epoch': 6.47}
{'loss': 2.4839, 'learning_rate': 1.6594827586206898e-05, 'epoch': 6.68}
{'eval_loss': 2.4168293476104736, 'eval_accuracy': 0.20333333333333334, 'eval_f1': 0.06871652816251154, 'eval_precision': 0.04134444444444445, 'eval_recall': 0.20333333333333334, 'eval_runtime': 0.3564, 'eval_samples_per_second': 841.666, 'eval_steps_per_second': 106.611, 'epoch': 6.68}
{'loss': 2.5, 'learning_rate': 1.5517241379310346e-05, 'epoch': 6.9}
{'eval_loss': 2.4189085960388184, 'eval_accuracy': 0.20333333333333334, 'eval_f1': 0.06871652816251154, 'eval_precision': 0.04134444444444445, 'eval_recall': 0.20333333333333334, 'eval_runtime': 0.3432, 'eval_samples_per_second': 874.034, 'eval_steps_per_second': 110.711, 'epoch': 6.9}
{'loss': 2.459, 'learning_rate': 1.4439655172413794e-05, 'epoch': 7.11}
{'eval_loss': 2.4174365997314453, 'eval_accuracy': 0.20333333333333334, 'eval_f1': 0.06871652816251154, 'eval_precision': 0.04134444444444445, 'eval_recall': 0.20333333333333334, 'eval_runtime': 0.3401, 'eval_samples_per_second': 882.038, 'eval_steps_per_second': 111.725, 'epoch': 7.11}
{'loss': 2.4705, 'learning_rate': 1.336206896551724e-05, 'epoch': 7.33}
{'eval_loss': 2.4181580543518066, 'eval_accuracy': 0.20333333333333334, 'eval_f1': 0.06871652816251154, 'eval_precision': 0.04134444444444445, 'eval_recall': 0.20333333333333334, 'eval_runtime': 0.3404, 'eval_samples_per_second': 881.395, 'eval_steps_per_second': 111.643, 'epoch': 7.33}
{'loss': 2.4792, 'learning_rate': 1.228448275862069e-05, 'epoch': 7.54}
{'eval_loss': 2.416595935821533, 'eval_accuracy': 0.20333333333333334, 'eval_f1': 0.06871652816251154, 'eval_precision': 0.04134444444444445, 'eval_recall': 0.20333333333333334, 'eval_runtime': 0.3414, 'eval_samples_per_second': 878.615, 'eval_steps_per_second': 111.291, 'epoch': 7.54}
{'loss': 2.4583, 'learning_rate': 1.1206896551724138e-05, 'epoch': 7.76}
{'eval_loss': 2.4241907596588135, 'eval_accuracy': 0.20333333333333334, 'eval_f1': 0.06871652816251154, 'eval_precision': 0.04134444444444445, 'eval_recall': 0.20333333333333334, 'eval_runtime': 0.3401, 'eval_samples_per_second': 882.067, 'eval_steps_per_second': 111.728, 'epoch': 7.76}
{'loss': 2.4879, 'learning_rate': 1.0129310344827586e-05, 'epoch': 7.97}
{'eval_loss': 2.421281337738037, 'eval_accuracy': 0.20333333333333334, 'eval_f1': 0.06871652816251154, 'eval_precision': 0.04134444444444445, 'eval_recall': 0.20333333333333334, 'eval_runtime': 0.34, 'eval_samples_per_second': 882.336, 'eval_steps_per_second': 111.763, 'epoch': 7.97}
{'loss': 2.4843, 'learning_rate': 9.051724137931036e-06, 'epoch': 8.19}
{'eval_loss': 2.4209442138671875, 'eval_accuracy': 0.20333333333333334, 'eval_f1': 0.06871652816251154, 'eval_precision': 0.04134444444444445, 'eval_recall': 0.20333333333333334, 'eval_runtime': 0.3442, 'eval_samples_per_second': 871.559, 'eval_steps_per_second': 110.398, 'epoch': 8.19}
{'loss': 2.478, 'learning_rate': 7.974137931034484e-06, 'epoch': 8.41}
{'eval_loss': 2.4223108291625977, 'eval_accuracy': 0.20333333333333334, 'eval_f1': 0.06871652816251154, 'eval_precision': 0.04134444444444445, 'eval_recall': 0.20333333333333334, 'eval_runtime': 0.3422, 'eval_samples_per_second': 876.561, 'eval_steps_per_second': 111.031, 'epoch': 8.41}
{'loss': 2.4579, 'learning_rate': 6.896551724137932e-06, 'epoch': 8.62}
{'eval_loss': 2.417365550994873, 'eval_accuracy': 0.20333333333333334, 'eval_f1': 0.06871652816251154, 'eval_precision': 0.04134444444444445, 'eval_recall': 0.20333333333333334, 'eval_runtime': 0.341, 'eval_samples_per_second': 879.809, 'eval_steps_per_second': 111.442, 'epoch': 8.62}
{'loss': 2.4814, 'learning_rate': 5.81896551724138e-06, 'epoch': 8.84}
{'eval_loss': 2.415468454360962, 'eval_accuracy': 0.20333333333333334, 'eval_f1': 0.06871652816251154, 'eval_precision': 0.04134444444444445, 'eval_recall': 0.20333333333333334, 'eval_runtime': 0.3562, 'eval_samples_per_second': 842.28, 'eval_steps_per_second': 106.689, 'epoch': 8.84}
{'loss': 2.5146, 'learning_rate': 4.741379310344828e-06, 'epoch': 9.05}
{'eval_loss': 2.41890549659729, 'eval_accuracy': 0.20333333333333334, 'eval_f1': 0.06871652816251154, 'eval_precision': 0.04134444444444445, 'eval_recall': 0.20333333333333334, 'eval_runtime': 0.3413, 'eval_samples_per_second': 879.1, 'eval_steps_per_second': 111.353, 'epoch': 9.05}
{'loss': 2.4737, 'learning_rate': 3.6637931034482757e-06, 'epoch': 9.27}
{'eval_loss': 2.4172050952911377, 'eval_accuracy': 0.20333333333333334, 'eval_f1': 0.06871652816251154, 'eval_precision': 0.04134444444444445, 'eval_recall': 0.20333333333333334, 'eval_runtime': 0.3411, 'eval_samples_per_second': 879.436, 'eval_steps_per_second': 111.395, 'epoch': 9.27}
{'loss': 2.5165, 'learning_rate': 2.586206896551724e-06, 'epoch': 9.48}
{'eval_loss': 2.419999599456787, 'eval_accuracy': 0.20333333333333334, 'eval_f1': 0.06871652816251154, 'eval_precision': 0.04134444444444445, 'eval_recall': 0.20333333333333334, 'eval_runtime': 0.3408, 'eval_samples_per_second': 880.206, 'eval_steps_per_second': 111.493, 'epoch': 9.48}
{'loss': 2.4331, 'learning_rate': 1.5086206896551726e-06, 'epoch': 9.7}
{'eval_loss': 2.418302059173584, 'eval_accuracy': 0.20333333333333334, 'eval_f1': 0.06871652816251154, 'eval_precision': 0.04134444444444445, 'eval_recall': 0.20333333333333334, 'eval_runtime': 0.34, 'eval_samples_per_second': 882.401, 'eval_steps_per_second': 111.771, 'epoch': 9.7}
{'loss': 2.4979, 'learning_rate': 4.3103448275862073e-07, 'epoch': 9.91}
{'eval_loss': 2.4185636043548584, 'eval_accuracy': 0.20333333333333334, 'eval_f1': 0.06871652816251154, 'eval_precision': 0.04134444444444445, 'eval_recall': 0.20333333333333334, 'eval_runtime': 0.3403, 'eval_samples_per_second': 881.574, 'eval_steps_per_second': 111.666, 'epoch': 9.91}
{'train_runtime': 185.2197, 'train_samples_per_second': 99.827, 'train_steps_per_second': 12.526, 'train_loss': 2.4854082880348995, 'epoch': 10.0}
training finished!
