/cluster/raid/home/zhivar.sourati/logical-fallacy-identification/AMR_parsers_and_graphs
Tue Sep 27 05:43:42 2022       
+-----------------------------------------------------------------------------+
| NVIDIA-SMI 460.32.03    Driver Version: 460.32.03    CUDA Version: 11.2     |
|-------------------------------+----------------------+----------------------+
| GPU  Name        Persistence-M| Bus-Id        Disp.A | Volatile Uncorr. ECC |
| Fan  Temp  Perf  Pwr:Usage/Cap|         Memory-Usage | GPU-Util  Compute M. |
|                               |                      |               MIG M. |
|===============================+======================+======================|
|   0  A100-PCIE-40GB      Off  | 00000000:27:00.0 Off |                    0 |
| N/A   28C    P0    33W / 250W |      0MiB / 40536MiB |      0%      Default |
|                               |                      |             Disabled |
+-------------------------------+----------------------+----------------------+
                                                                               
+-----------------------------------------------------------------------------+
| Processes:                                                                  |
|  GPU   GI   CI        PID   Type   Process name                  GPU Memory |
|        ID   ID                                                   Usage      |
|=============================================================================|
|  No running processes found                                                 |
+-----------------------------------------------------------------------------+
0
Model loaded!
Start the training ...
{'loss': 2.5308, 'learning_rate': 4.6921182266009855e-05, 'epoch': 0.43}
{'eval_loss': 2.442178726196289, 'eval_accuracy': 0.20333333333333334, 'eval_f1': 0.06871652816251154, 'eval_precision': 0.04134444444444445, 'eval_recall': 0.20333333333333334, 'eval_runtime': 0.6384, 'eval_samples_per_second': 469.909, 'eval_steps_per_second': 29.761, 'epoch': 0.43}
{'loss': 2.5043, 'learning_rate': 4.384236453201971e-05, 'epoch': 0.86}
{'eval_loss': 2.434656858444214, 'eval_accuracy': 0.20333333333333334, 'eval_f1': 0.06871652816251154, 'eval_precision': 0.04134444444444445, 'eval_recall': 0.20333333333333334, 'eval_runtime': 0.633, 'eval_samples_per_second': 473.921, 'eval_steps_per_second': 30.015, 'epoch': 0.86}
{'loss': 2.4681, 'learning_rate': 4.076354679802955e-05, 'epoch': 1.29}
{'eval_loss': 2.417551040649414, 'eval_accuracy': 0.20333333333333334, 'eval_f1': 0.06871652816251154, 'eval_precision': 0.04134444444444445, 'eval_recall': 0.20333333333333334, 'eval_runtime': 0.6359, 'eval_samples_per_second': 471.747, 'eval_steps_per_second': 29.877, 'epoch': 1.29}
{'loss': 2.5185, 'learning_rate': 3.768472906403941e-05, 'epoch': 1.72}
{'eval_loss': 2.4303135871887207, 'eval_accuracy': 0.20333333333333334, 'eval_f1': 0.06871652816251154, 'eval_precision': 0.04134444444444445, 'eval_recall': 0.20333333333333334, 'eval_runtime': 0.6358, 'eval_samples_per_second': 471.871, 'eval_steps_per_second': 29.885, 'epoch': 1.72}
{'loss': 2.5058, 'learning_rate': 3.4605911330049265e-05, 'epoch': 2.16}
{'eval_loss': 2.443138837814331, 'eval_accuracy': 0.20333333333333334, 'eval_f1': 0.06871652816251154, 'eval_precision': 0.04134444444444445, 'eval_recall': 0.20333333333333334, 'eval_runtime': 0.6387, 'eval_samples_per_second': 469.693, 'eval_steps_per_second': 29.747, 'epoch': 2.16}
{'loss': 2.4964, 'learning_rate': 3.152709359605912e-05, 'epoch': 2.59}
{'eval_loss': 2.424497365951538, 'eval_accuracy': 0.20333333333333334, 'eval_f1': 0.06871652816251154, 'eval_precision': 0.04134444444444445, 'eval_recall': 0.20333333333333334, 'eval_runtime': 0.6385, 'eval_samples_per_second': 469.846, 'eval_steps_per_second': 29.757, 'epoch': 2.59}
{'loss': 2.501, 'learning_rate': 2.844827586206897e-05, 'epoch': 3.02}
{'eval_loss': 2.429828405380249, 'eval_accuracy': 0.20333333333333334, 'eval_f1': 0.06871652816251154, 'eval_precision': 0.04134444444444445, 'eval_recall': 0.20333333333333334, 'eval_runtime': 0.6401, 'eval_samples_per_second': 468.709, 'eval_steps_per_second': 29.685, 'epoch': 3.02}
{'loss': 2.4774, 'learning_rate': 2.5369458128078822e-05, 'epoch': 3.45}
{'eval_loss': 2.4233081340789795, 'eval_accuracy': 0.20333333333333334, 'eval_f1': 0.06871652816251154, 'eval_precision': 0.04134444444444445, 'eval_recall': 0.20333333333333334, 'eval_runtime': 0.644, 'eval_samples_per_second': 465.837, 'eval_steps_per_second': 29.503, 'epoch': 3.45}
{'loss': 2.4969, 'learning_rate': 2.229064039408867e-05, 'epoch': 3.88}
{'eval_loss': 2.430507183074951, 'eval_accuracy': 0.20333333333333334, 'eval_f1': 0.06871652816251154, 'eval_precision': 0.04134444444444445, 'eval_recall': 0.20333333333333334, 'eval_runtime': 0.641, 'eval_samples_per_second': 468.05, 'eval_steps_per_second': 29.643, 'epoch': 3.88}
{'loss': 2.4847, 'learning_rate': 1.921182266009852e-05, 'epoch': 4.31}
{'eval_loss': 2.4248034954071045, 'eval_accuracy': 0.20333333333333334, 'eval_f1': 0.06871652816251154, 'eval_precision': 0.04134444444444445, 'eval_recall': 0.20333333333333334, 'eval_runtime': 0.6435, 'eval_samples_per_second': 466.187, 'eval_steps_per_second': 29.525, 'epoch': 4.31}
{'loss': 2.479, 'learning_rate': 1.6133004926108376e-05, 'epoch': 4.74}
{'eval_loss': 2.417032241821289, 'eval_accuracy': 0.20333333333333334, 'eval_f1': 0.06871652816251154, 'eval_precision': 0.04134444444444445, 'eval_recall': 0.20333333333333334, 'eval_runtime': 0.6426, 'eval_samples_per_second': 466.877, 'eval_steps_per_second': 29.569, 'epoch': 4.74}
{'loss': 2.5048, 'learning_rate': 1.3054187192118228e-05, 'epoch': 5.17}
{'eval_loss': 2.4284212589263916, 'eval_accuracy': 0.20333333333333334, 'eval_f1': 0.06871652816251154, 'eval_precision': 0.04134444444444445, 'eval_recall': 0.20333333333333334, 'eval_runtime': 0.6381, 'eval_samples_per_second': 470.164, 'eval_steps_per_second': 29.777, 'epoch': 5.17}
{'loss': 2.4437, 'learning_rate': 9.97536945812808e-06, 'epoch': 5.6}
{'eval_loss': 2.4189493656158447, 'eval_accuracy': 0.20333333333333334, 'eval_f1': 0.06871652816251154, 'eval_precision': 0.04134444444444445, 'eval_recall': 0.20333333333333334, 'eval_runtime': 0.6442, 'eval_samples_per_second': 465.73, 'eval_steps_per_second': 29.496, 'epoch': 5.6}
{'loss': 2.4791, 'learning_rate': 6.896551724137932e-06, 'epoch': 6.03}
{'eval_loss': 2.4165289402008057, 'eval_accuracy': 0.20333333333333334, 'eval_f1': 0.06871652816251154, 'eval_precision': 0.04134444444444445, 'eval_recall': 0.20333333333333334, 'eval_runtime': 0.6415, 'eval_samples_per_second': 467.636, 'eval_steps_per_second': 29.617, 'epoch': 6.03}
{'loss': 2.4877, 'learning_rate': 3.817733990147783e-06, 'epoch': 6.47}
{'eval_loss': 2.419769287109375, 'eval_accuracy': 0.20333333333333334, 'eval_f1': 0.06871652816251154, 'eval_precision': 0.04134444444444445, 'eval_recall': 0.20333333333333334, 'eval_runtime': 0.642, 'eval_samples_per_second': 467.324, 'eval_steps_per_second': 29.597, 'epoch': 6.47}
{'loss': 2.4967, 'learning_rate': 7.389162561576355e-07, 'epoch': 6.9}
{'eval_loss': 2.4192826747894287, 'eval_accuracy': 0.20333333333333334, 'eval_f1': 0.06871652816251154, 'eval_precision': 0.04134444444444445, 'eval_recall': 0.20333333333333334, 'eval_runtime': 0.6462, 'eval_samples_per_second': 464.259, 'eval_steps_per_second': 29.403, 'epoch': 6.9}
{'train_runtime': 165.5285, 'train_samples_per_second': 78.192, 'train_steps_per_second': 4.905, 'train_loss': 2.4912913280167603, 'epoch': 7.0}
PredictionOutput(predictions=array([[ 0.45998704,  0.13169862, -0.12361196, ..., -0.2550211 ,
         0.78850734, -0.19964872],
       [ 0.46004587,  0.13133179, -0.12352197, ..., -0.25470954,
         0.7886923 , -0.2002803 ],
       [ 0.46006095,  0.1314105 , -0.12352766, ..., -0.25474945,
         0.7886507 , -0.20017   ],
       ...,
       [ 0.46009633,  0.13133483, -0.12351689, ..., -0.2546743 ,
         0.788684  , -0.20034595],
       [ 0.4600606 ,  0.13145427, -0.12355044, ..., -0.25477847,
         0.7886995 , -0.20014821],
       [ 0.46004763,  0.13142042, -0.12350203, ..., -0.25470054,
         0.78864443, -0.20021658]], dtype=float32), label_ids=array([ 6, 11,  7,  9, 11,  6,  6, 11,  5,  3,  9, 11,  0,  1, 11, 12,  1,
        7,  0, 12,  3,  1,  8,  3,  6,  8,  0,  0, 11,  0, 11,  3,  3,  5,
        2,  8,  9,  1, 11,  1,  5, 12,  0, 12,  1,  2, 12,  0,  5,  7,  3,
       11,  2,  4,  8,  3, 12, 11, 11, 10,  7, 11,  0, 10, 12,  0,  1,  8,
       12,  5, 10,  5,  1,  8,  0, 12,  1,  7, 10, 12,  7,  7,  2,  0,  2,
       10, 11,  0,  6,  0, 10,  9,  5,  5,  0,  9,  1,  2,  8,  9,  0,  2,
        0,  7, 11,  9,  6,  6,  9,  3, 12,  7, 11, 11, 11, 10,  2,  8,  9,
        0,  7,  3, 11, 11, 12,  8,  0,  4, 11,  5,  8, 11,  1,  5, 11,  7,
       11,  0, 11,  0, 11,  6,  0, 11, 11,  8, 11,  1,  8,  6,  5,  0, 11,
        9,  0,  1,  5,  0,  1,  8,  8,  0,  2, 11, 11,  0,  6,  5,  6, 11,
        2,  2,  7,  9, 11,  1, 11,  1,  8,  9,  8,  6,  3,  8, 10,  1,  2,
        0, 11, 11,  3,  8,  6,  2,  4,  1, 11, 11, 11, 11,  0, 11,  2,  1,
        8,  1,  9,  0,  1, 11,  1,  5,  1,  6,  5,  0,  8,  0,  1, 10, 11,
        9,  0, 11, 12,  2,  4,  0, 11,  2, 12,  2, 11,  7,  3,  2,  2,  8,
        3,  0,  2, 11,  8,  8,  9,  3, 11,  6, 11,  0,  3,  2,  8, 10, 12,
       11,  5, 10,  6,  9, 11,  6,  3,  1,  6,  3,  7, 11,  6,  2, 11,  4,
       10,  9,  2,  0, 11,  5,  1, 11,  6, 11,  9, 11,  0,  0,  0, 11, 11,
        0,  1, 11,  1,  0,  3,  1,  6,  1, 11,  3]), metrics={'test_loss': 2.431729316711426, 'test_accuracy': 0.20333333333333334, 'test_f1': 0.06871652816251154, 'test_precision': 0.04134444444444445, 'test_recall': 0.20333333333333334, 'test_runtime': 0.7437, 'test_samples_per_second': 403.373, 'test_steps_per_second': 25.547})
