/cluster/raid/home/zhivar.sourati/logical-fallacy-identification/AMR_parsers_and_graphs
Wed Sep 28 09:48:01 2022       
+-----------------------------------------------------------------------------+
| NVIDIA-SMI 460.32.03    Driver Version: 460.32.03    CUDA Version: 11.2     |
|-------------------------------+----------------------+----------------------+
| GPU  Name        Persistence-M| Bus-Id        Disp.A | Volatile Uncorr. ECC |
| Fan  Temp  Perf  Pwr:Usage/Cap|         Memory-Usage | GPU-Util  Compute M. |
|                               |                      |               MIG M. |
|===============================+======================+======================|
|   0  A100-PCIE-40GB      Off  | 00000000:29:00.0 Off |                    0 |
| N/A   30C    P0    33W / 250W |      0MiB / 40536MiB |      0%      Default |
|                               |                      |             Disabled |
+-------------------------------+----------------------+----------------------+
                                                                               
+-----------------------------------------------------------------------------+
| Processes:                                                                  |
|  GPU   GI   CI        PID   Type   Process name                  GPU Memory |
|        ID   ID                                                   Usage      |
|=============================================================================|
|  No running processes found                                                 |
+-----------------------------------------------------------------------------+
0
Create sweep with ID: e1obfknk
Sweep URL: https://wandb.ai/zhpinkman/Baseline%20Finder/sweeps/e1obfknk
Create sweep with ID: 0rpv40q4
Sweep URL: https://wandb.ai/zhpinkman/Baseline%20Finder/sweeps/0rpv40q4
