/cluster/raid/home/zhivar.sourati/logical-fallacy-identification/AMR_parsers_and_graphs
Tue Sep 27 00:00:02 2022       
+-----------------------------------------------------------------------------+
| NVIDIA-SMI 460.32.03    Driver Version: 460.32.03    CUDA Version: 11.2     |
|-------------------------------+----------------------+----------------------+
| GPU  Name        Persistence-M| Bus-Id        Disp.A | Volatile Uncorr. ECC |
| Fan  Temp  Perf  Pwr:Usage/Cap|         Memory-Usage | GPU-Util  Compute M. |
|                               |                      |               MIG M. |
|===============================+======================+======================|
|   0  A100-PCIE-40GB      Off  | 00000000:27:00.0 Off |                    0 |
| N/A   32C    P0    33W / 250W |      0MiB / 40536MiB |      0%      Default |
|                               |                      |             Disabled |
+-------------------------------+----------------------+----------------------+
                                                                               
+-----------------------------------------------------------------------------+
| Processes:                                                                  |
|  GPU   GI   CI        PID   Type   Process name                  GPU Memory |
|        ID   ID                                                   Usage      |
|=============================================================================|
|  No running processes found                                                 |
+-----------------------------------------------------------------------------+
0
cuda
using GPU
augmenting train dataset
augmenting dev dataset
Error finding the predicted label for sentence: MSK0 MSK3 that MSK1 should open up the Arctic National Wildlife Refuge for MSK2 drilling . But MSK0 just wants to reward MSK0 rich cronies in the MSK2 industry , so MSK1 ca n't take MSK0 MSK3 seriously . 
augmenting test dataset
Error finding the predicted label for sentence: MSK0 It ’s important to argue MSK1 because MSK1 is an essential part of argumentation . MSK0 
Model loaded!
Start the training ...
{'loss': 2.5319, 'learning_rate': 9.38423645320197e-06, 'epoch': 0.43}
{'eval_loss': 2.4660754203796387, 'eval_accuracy': 0.19063545150501673, 'eval_f1': 0.07440985757040118, 'eval_precision': 0.04624503446863695, 'eval_recall': 0.19063545150501673, 'eval_runtime': 2.4605, 'eval_samples_per_second': 121.519, 'eval_steps_per_second': 7.722, 'epoch': 0.43}
{'loss': 2.0704, 'learning_rate': 8.768472906403942e-06, 'epoch': 0.86}
{'eval_loss': 2.352882146835327, 'eval_accuracy': 0.2709030100334448, 'eval_f1': 0.254316203721623, 'eval_precision': 0.3622629170824808, 'eval_recall': 0.2709030100334448, 'eval_runtime': 2.4636, 'eval_samples_per_second': 121.365, 'eval_steps_per_second': 7.712, 'epoch': 0.86}
{'loss': 1.2292, 'learning_rate': 8.152709359605912e-06, 'epoch': 1.29}
{'eval_loss': 2.5563900470733643, 'eval_accuracy': 0.3277591973244147, 'eval_f1': 0.325132004257545, 'eval_precision': 0.343197886923435, 'eval_recall': 0.3277591973244147, 'eval_runtime': 2.4699, 'eval_samples_per_second': 121.058, 'eval_steps_per_second': 7.693, 'epoch': 1.29}
{'loss': 0.8104, 'learning_rate': 7.536945812807882e-06, 'epoch': 1.72}
{'eval_loss': 2.9002840518951416, 'eval_accuracy': 0.34782608695652173, 'eval_f1': 0.3484001077121253, 'eval_precision': 0.3828850416306417, 'eval_recall': 0.34782608695652173, 'eval_runtime': 2.4789, 'eval_samples_per_second': 120.619, 'eval_steps_per_second': 7.665, 'epoch': 1.72}
{'loss': 0.6038, 'learning_rate': 6.9211822660098524e-06, 'epoch': 2.16}
{'eval_loss': 3.183148145675659, 'eval_accuracy': 0.3511705685618729, 'eval_f1': 0.3514779638123295, 'eval_precision': 0.3895409681884651, 'eval_recall': 0.3511705685618729, 'eval_runtime': 2.4818, 'eval_samples_per_second': 120.479, 'eval_steps_per_second': 7.656, 'epoch': 2.16}
{'loss': 0.4939, 'learning_rate': 6.305418719211823e-06, 'epoch': 2.59}
{'eval_loss': 3.3117904663085938, 'eval_accuracy': 0.34448160535117056, 'eval_f1': 0.34881236142583794, 'eval_precision': 0.3757383917450942, 'eval_recall': 0.34448160535117056, 'eval_runtime': 2.4859, 'eval_samples_per_second': 120.281, 'eval_steps_per_second': 7.643, 'epoch': 2.59}
{'loss': 0.418, 'learning_rate': 5.689655172413794e-06, 'epoch': 3.02}
{'eval_loss': 3.367781162261963, 'eval_accuracy': 0.3511705685618729, 'eval_f1': 0.3528170619026006, 'eval_precision': 0.37563889452245447, 'eval_recall': 0.3511705685618729, 'eval_runtime': 2.4879, 'eval_samples_per_second': 120.181, 'eval_steps_per_second': 7.637, 'epoch': 3.02}
{'loss': 0.2747, 'learning_rate': 5.073891625615764e-06, 'epoch': 3.45}
{'eval_loss': 3.6111514568328857, 'eval_accuracy': 0.34448160535117056, 'eval_f1': 0.3492497842533538, 'eval_precision': 0.3755868028942759, 'eval_recall': 0.34448160535117056, 'eval_runtime': 2.4886, 'eval_samples_per_second': 120.146, 'eval_steps_per_second': 7.635, 'epoch': 3.45}
{'loss': 0.2787, 'learning_rate': 4.458128078817734e-06, 'epoch': 3.88}
{'eval_loss': 3.828589677810669, 'eval_accuracy': 0.35451505016722407, 'eval_f1': 0.3539877998609346, 'eval_precision': 0.37826238817855684, 'eval_recall': 0.35451505016722407, 'eval_runtime': 2.4885, 'eval_samples_per_second': 120.15, 'eval_steps_per_second': 7.635, 'epoch': 3.88}
{'loss': 0.2324, 'learning_rate': 3.842364532019705e-06, 'epoch': 4.31}
{'eval_loss': 4.098521709442139, 'eval_accuracy': 0.35451505016722407, 'eval_f1': 0.3539877998609346, 'eval_precision': 0.37826238817855684, 'eval_recall': 0.35451505016722407, 'eval_runtime': 2.4984, 'eval_samples_per_second': 119.675, 'eval_steps_per_second': 7.605, 'epoch': 4.31}
{'loss': 0.2023, 'learning_rate': 3.226600985221675e-06, 'epoch': 4.74}
{'eval_loss': 4.1467204093933105, 'eval_accuracy': 0.35451505016722407, 'eval_f1': 0.3545590807613604, 'eval_precision': 0.38235008791843045, 'eval_recall': 0.35451505016722407, 'eval_runtime': 2.4759, 'eval_samples_per_second': 120.762, 'eval_steps_per_second': 7.674, 'epoch': 4.74}
{'loss': 0.1478, 'learning_rate': 2.6108374384236458e-06, 'epoch': 5.17}
{'eval_loss': 4.319345474243164, 'eval_accuracy': 0.35785953177257523, 'eval_f1': 0.35767540127623365, 'eval_precision': 0.3837745252813502, 'eval_recall': 0.35785953177257523, 'eval_runtime': 2.484, 'eval_samples_per_second': 120.372, 'eval_steps_per_second': 7.649, 'epoch': 5.17}
{'loss': 0.1185, 'learning_rate': 1.995073891625616e-06, 'epoch': 5.6}
{'eval_loss': 4.590989589691162, 'eval_accuracy': 0.35451505016722407, 'eval_f1': 0.3542720130267389, 'eval_precision': 0.3808748762047896, 'eval_recall': 0.35451505016722407, 'eval_runtime': 2.4857, 'eval_samples_per_second': 120.288, 'eval_steps_per_second': 7.644, 'epoch': 5.6}
{'loss': 0.1321, 'learning_rate': 1.3793103448275862e-06, 'epoch': 6.03}
{'eval_loss': 4.64072847366333, 'eval_accuracy': 0.35451505016722407, 'eval_f1': 0.3554824033622271, 'eval_precision': 0.38228649706200074, 'eval_recall': 0.35451505016722407, 'eval_runtime': 2.4902, 'eval_samples_per_second': 120.073, 'eval_steps_per_second': 7.63, 'epoch': 6.03}
{'loss': 0.0958, 'learning_rate': 7.635467980295568e-07, 'epoch': 6.47}
{'eval_loss': 4.658440589904785, 'eval_accuracy': 0.35785953177257523, 'eval_f1': 0.3580282322257344, 'eval_precision': 0.38420247507816396, 'eval_recall': 0.35785953177257523, 'eval_runtime': 2.4902, 'eval_samples_per_second': 120.069, 'eval_steps_per_second': 7.63, 'epoch': 6.47}
{'loss': 0.1068, 'learning_rate': 1.477832512315271e-07, 'epoch': 6.9}
{'eval_loss': 4.739690780639648, 'eval_accuracy': 0.35451505016722407, 'eval_f1': 0.35462484397623956, 'eval_precision': 0.3813028260016033, 'eval_recall': 0.35451505016722407, 'eval_runtime': 2.5012, 'eval_samples_per_second': 119.543, 'eval_steps_per_second': 7.596, 'epoch': 6.9}
{'train_runtime': 294.4251, 'train_samples_per_second': 43.96, 'train_steps_per_second': 2.758, 'train_loss': 0.6014425132074966, 'epoch': 7.0}
PredictionOutput(predictions=array([[ 0.93022597, -1.0326918 , -0.7610424 , ...,  0.10435652,
        -1.1038655 , -0.9160853 ],
       [-0.2893454 , -0.16058762, -1.281909  , ..., -0.14899111,
        -0.3042889 ,  7.0915384 ],
       [-0.609047  , -0.3942804 , -0.60841644, ..., -1.1411375 ,
        -0.13678786, -1.141391  ],
       ...,
       [-0.55827296,  7.364399  , -0.354755  , ..., -0.24055502,
        -1.212839  , -0.5063046 ],
       [-0.05247467,  0.08221269, -0.44861013, ..., -0.7369437 ,
         8.033773  , -0.80926895],
       [-0.5629503 , -1.3665434 , -0.5041664 , ..., -1.3381107 ,
         0.24727571, -0.26664782]], dtype=float32), label_ids=array([ 6, 11,  7,  9, 11,  6,  6, 11,  5,  3,  9, 11,  0,  1, 11, 12,  1,
        7,  0, 12,  3,  1,  8,  3,  6,  8,  0,  0, 11,  0, 11,  3,  3,  5,
        2,  8,  9,  1, 11,  1,  5, 12,  0, 12,  1,  2, 12,  0,  5,  7,  3,
       11,  2,  4,  8,  3, 12, 11, 11, 10,  7, 11,  0, 10, 12,  0,  1,  8,
       12,  5, 10,  5,  1,  8,  0, 12,  1,  7, 10, 12,  7,  7,  2,  0,  2,
       10, 11,  0,  6,  0, 10,  9,  5,  5,  0,  9,  1,  2,  8,  9,  0,  2,
        0,  7, 11,  9,  6,  6,  9,  3, 12,  7, 11, 11, 11, 10,  2,  8,  9,
        0,  7,  3, 11, 11, 12,  8,  0,  4, 11,  5,  8, 11,  1,  5, 11,  7,
       11,  0, 11,  0, 11,  6,  0, 11, 11,  8, 11,  1,  8,  6,  5,  0, 11,
        9,  0,  1,  5,  0,  1,  8,  8,  0,  2, 11, 11,  0,  6,  5,  6, 11,
        2,  2,  7,  9, 11,  1, 11,  1,  8,  9,  8,  6,  3,  8, 10,  1,  2,
        0, 11, 11,  3,  8,  6,  2,  4,  1, 11, 11, 11, 11,  0, 11,  2,  1,
        8,  1,  9,  0,  1, 11,  1,  5,  1,  6,  5,  0,  8,  0,  1, 10, 11,
        9,  0, 11, 12,  2,  4,  0, 11,  2, 12,  2, 11,  7,  3,  2,  2,  8,
        3,  0,  2, 11,  8,  8,  9,  3, 11,  6, 11,  0,  3,  2,  8, 10, 12,
       11,  5, 10,  6,  9, 11,  6,  3,  1,  6,  3,  7, 11,  6,  2, 11,  4,
       10,  9,  2,  0, 11,  5,  1, 11,  6, 11,  9, 11,  0,  0,  0, 11, 11,
        0,  1, 11,  1,  0,  3,  1,  6,  1, 11]), metrics={'test_loss': 6.0135908126831055, 'test_accuracy': 0.16387959866220736, 'test_f1': 0.1623229397005184, 'test_precision': 0.1710671566412347, 'test_recall': 0.16387959866220736, 'test_runtime': 2.4911, 'test_samples_per_second': 120.026, 'test_steps_per_second': 7.627})
