/cluster/raid/home/zhivar.sourati/logical-fallacy-identification/AMR_parsers_and_graphs
Thu Sep 22 00:45:29 2022       
+-----------------------------------------------------------------------------+
| NVIDIA-SMI 460.32.03    Driver Version: 460.32.03    CUDA Version: 11.2     |
|-------------------------------+----------------------+----------------------+
| GPU  Name        Persistence-M| Bus-Id        Disp.A | Volatile Uncorr. ECC |
| Fan  Temp  Perf  Pwr:Usage/Cap|         Memory-Usage | GPU-Util  Compute M. |
|                               |                      |               MIG M. |
|===============================+======================+======================|
|   0  A100-PCIE-40GB      Off  | 00000000:29:00.0 Off |                    0 |
| N/A   38C    P0    34W / 250W |      0MiB / 40536MiB |      0%      Default |
|                               |                      |             Disabled |
+-------------------------------+----------------------+----------------------+
                                                                               
+-----------------------------------------------------------------------------+
| Processes:                                                                  |
|  GPU   GI   CI        PID   Type   Process name                  GPU Memory |
|        ID   ID                                                   Usage      |
|=============================================================================|
|  No running processes found                                                 |
+-----------------------------------------------------------------------------+
0
using GPU
Model loaded!
Start the training ...
{'loss': 2.5489, 'learning_rate': 9.281609195402299e-06, 'epoch': 0.43}
{'eval_loss': 2.3968279361724854, 'eval_accuracy': 0.19333333333333333, 'eval_f1': 0.09674183825398554, 'eval_precision': 0.06529946496285909, 'eval_recall': 0.19333333333333333, 'eval_runtime': 0.6718, 'eval_samples_per_second': 446.536, 'eval_steps_per_second': 28.281, 'epoch': 0.43}
{'loss': 2.5026, 'learning_rate': 8.563218390804599e-06, 'epoch': 0.86}
{'eval_loss': 2.374541759490967, 'eval_accuracy': 0.23, 'eval_f1': 0.1134323712507074, 'eval_precision': 0.07930113349216664, 'eval_recall': 0.23, 'eval_runtime': 0.6686, 'eval_samples_per_second': 448.67, 'eval_steps_per_second': 28.416, 'epoch': 0.86}
{'loss': 2.3894, 'learning_rate': 7.844827586206897e-06, 'epoch': 1.29}
{'eval_loss': 2.30143141746521, 'eval_accuracy': 0.26, 'eval_f1': 0.15179315306099028, 'eval_precision': 0.31926075268817206, 'eval_recall': 0.26, 'eval_runtime': 0.6694, 'eval_samples_per_second': 448.191, 'eval_steps_per_second': 28.385, 'epoch': 1.29}
{'loss': 2.2589, 'learning_rate': 7.126436781609196e-06, 'epoch': 1.72}
{'eval_loss': 1.9759360551834106, 'eval_accuracy': 0.41333333333333333, 'eval_f1': 0.34297035448839824, 'eval_precision': 0.43678066378066377, 'eval_recall': 0.41333333333333333, 'eval_runtime': 0.6703, 'eval_samples_per_second': 447.56, 'eval_steps_per_second': 28.345, 'epoch': 1.72}
{'loss': 2.0823, 'learning_rate': 6.408045977011495e-06, 'epoch': 2.16}
{'eval_loss': 1.7859220504760742, 'eval_accuracy': 0.46, 'eval_f1': 0.42332576698129554, 'eval_precision': 0.5139928365790818, 'eval_recall': 0.46, 'eval_runtime': 0.6708, 'eval_samples_per_second': 447.234, 'eval_steps_per_second': 28.325, 'epoch': 2.16}
{'loss': 1.7327, 'learning_rate': 5.689655172413794e-06, 'epoch': 2.59}
{'eval_loss': 1.6076061725616455, 'eval_accuracy': 0.5233333333333333, 'eval_f1': 0.4934999866324578, 'eval_precision': 0.5654886887689158, 'eval_recall': 0.5233333333333333, 'eval_runtime': 0.6745, 'eval_samples_per_second': 444.803, 'eval_steps_per_second': 28.171, 'epoch': 2.59}
{'loss': 1.5939, 'learning_rate': 4.971264367816092e-06, 'epoch': 3.02}
{'eval_loss': 1.41472589969635, 'eval_accuracy': 0.5766666666666667, 'eval_f1': 0.5585532515135961, 'eval_precision': 0.570023532023532, 'eval_recall': 0.5766666666666667, 'eval_runtime': 0.675, 'eval_samples_per_second': 444.454, 'eval_steps_per_second': 28.149, 'epoch': 3.02}
{'loss': 1.282, 'learning_rate': 4.252873563218391e-06, 'epoch': 3.45}
{'eval_loss': 1.3463506698608398, 'eval_accuracy': 0.61, 'eval_f1': 0.5825863086516411, 'eval_precision': 0.6505862381096067, 'eval_recall': 0.61, 'eval_runtime': 0.6778, 'eval_samples_per_second': 442.633, 'eval_steps_per_second': 28.033, 'epoch': 3.45}
{'loss': 1.2661, 'learning_rate': 3.5344827586206898e-06, 'epoch': 3.88}
{'eval_loss': 1.282711148262024, 'eval_accuracy': 0.6066666666666667, 'eval_f1': 0.5988059312996722, 'eval_precision': 0.6200542969979059, 'eval_recall': 0.6066666666666667, 'eval_runtime': 0.6753, 'eval_samples_per_second': 444.243, 'eval_steps_per_second': 28.135, 'epoch': 3.88}
{'loss': 1.0798, 'learning_rate': 2.8160919540229887e-06, 'epoch': 4.31}
{'eval_loss': 1.2352596521377563, 'eval_accuracy': 0.6266666666666667, 'eval_f1': 0.6158148641331844, 'eval_precision': 0.6164017361793579, 'eval_recall': 0.6266666666666667, 'eval_runtime': 0.6787, 'eval_samples_per_second': 442.022, 'eval_steps_per_second': 27.995, 'epoch': 4.31}
{'loss': 0.9884, 'learning_rate': 2.0977011494252873e-06, 'epoch': 4.74}
{'eval_loss': 1.2432845830917358, 'eval_accuracy': 0.6266666666666667, 'eval_f1': 0.6177173031793467, 'eval_precision': 0.6328458736974114, 'eval_recall': 0.6266666666666667, 'eval_runtime': 0.6714, 'eval_samples_per_second': 446.853, 'eval_steps_per_second': 28.301, 'epoch': 4.74}
{'loss': 0.8676, 'learning_rate': 1.3793103448275862e-06, 'epoch': 5.17}
{'eval_loss': 1.2398689985275269, 'eval_accuracy': 0.6266666666666667, 'eval_f1': 0.6182114304516483, 'eval_precision': 0.6497237697151848, 'eval_recall': 0.6266666666666667, 'eval_runtime': 0.6727, 'eval_samples_per_second': 445.992, 'eval_steps_per_second': 28.246, 'epoch': 5.17}
{'loss': 0.7942, 'learning_rate': 6.609195402298851e-07, 'epoch': 5.6}
{'eval_loss': 1.2116882801055908, 'eval_accuracy': 0.6466666666666666, 'eval_f1': 0.639973121440175, 'eval_precision': 0.6578625846653058, 'eval_recall': 0.6466666666666666, 'eval_runtime': 0.6742, 'eval_samples_per_second': 444.946, 'eval_steps_per_second': 28.18, 'epoch': 5.6}
{'train_runtime': 163.9296, 'train_samples_per_second': 67.675, 'train_steps_per_second': 4.246, 'train_loss': 1.590780921366023, 'epoch': 6.0}
PredictionOutput(predictions=array([[ 1.5322971 ,  0.358046  , -0.688013  , ..., -1.1473956 ,
         3.6580718 ,  0.1723405 ],
       [-0.61649275, -1.8726027 ,  0.43235782, ..., -0.30890486,
         0.42414728,  0.67192906],
       [-2.3750591 , -0.6328398 , -0.13426848, ..., -0.83702964,
        -0.26347378,  0.5464803 ],
       ...,
       [-0.3229624 ,  5.628701  , -0.03878145, ..., -0.11630047,
         1.5971264 , -0.5019565 ],
       [-1.5882474 , -0.612073  ,  0.0600664 , ..., -1.3052634 ,
         3.354942  , -0.637006  ],
       [-0.9244925 , -0.82058245, -0.5418241 , ..., -1.0903738 ,
        -0.5017841 , -0.6454502 ]], dtype=float32), label_ids=array([ 6, 11,  7,  9, 11,  6,  6, 11,  5,  3,  9, 11,  0,  1, 11, 12,  1,
        7,  0, 12,  3,  1,  8,  3,  6,  8,  0,  0, 11,  0, 11,  3,  3,  5,
        2,  8,  9,  1, 11,  1,  5, 12,  0, 12,  1,  2, 12,  0,  5,  7,  3,
       11,  2,  4,  8,  3, 12, 11, 11, 10,  7, 11,  0, 10, 12,  0,  1,  8,
       12,  5, 10,  5,  1,  8,  0, 12,  1,  7, 10, 12,  7,  7,  2,  0,  2,
       10, 11,  0,  6,  0, 10,  9,  5,  5,  0,  9,  1,  2,  8,  9,  0,  2,
        0,  7, 11,  9,  6,  6,  9,  3, 12,  7, 11, 11, 11, 10,  2,  8,  9,
        0,  7,  3, 11, 11, 12,  8,  0,  4, 11,  5,  8, 11,  1,  5, 11,  7,
       11,  0, 11,  0, 11,  6,  0, 11, 11,  8, 11,  1,  8,  6,  5,  0, 11,
        9,  0,  1,  5,  0,  1,  8,  8,  0,  2, 11, 11,  0,  6,  5,  6, 11,
        2,  2,  7,  9, 11,  1, 11,  1,  8,  9,  8,  6,  3,  8, 10,  1,  2,
        0, 11, 11,  3,  8,  6,  2,  4,  1, 11, 11, 11, 11,  0, 11,  2,  1,
        8,  1,  9,  0,  1, 11,  1,  5,  1,  6,  5,  0,  8,  0,  1, 10, 11,
        9,  0, 11, 12,  2,  4,  0, 11,  2, 12,  2, 11,  7,  3,  2,  2,  8,
        3,  0,  2, 11,  8,  8,  9,  3, 11,  6, 11,  0,  3,  2,  8, 10, 12,
       11,  5, 10,  6,  9, 11,  6,  3,  1,  6,  3,  7, 11,  6,  2, 11,  4,
       10,  9,  2,  0, 11,  5,  1, 11,  6, 11,  9, 11,  0,  0,  0, 11, 11,
        0,  1, 11,  1,  0,  3,  1,  6,  1, 11,  3]), metrics={'test_loss': 1.403630018234253, 'test_accuracy': 0.5933333333333334, 'test_f1': 0.5786667673551471, 'test_precision': 0.5934482939899607, 'test_recall': 0.5933333333333334, 'test_runtime': 0.8873, 'test_samples_per_second': 338.09, 'test_steps_per_second': 21.412})
