/cluster/raid/home/zhivar.sourati/logical-fallacy-identification/AMR_parsers_and_graphs
Wed Sep 21 09:35:02 2022       
+-----------------------------------------------------------------------------+
| NVIDIA-SMI 460.32.03    Driver Version: 460.32.03    CUDA Version: 11.2     |
|-------------------------------+----------------------+----------------------+
| GPU  Name        Persistence-M| Bus-Id        Disp.A | Volatile Uncorr. ECC |
| Fan  Temp  Perf  Pwr:Usage/Cap|         Memory-Usage | GPU-Util  Compute M. |
|                               |                      |               MIG M. |
|===============================+======================+======================|
|   0  A100-PCIE-40GB      Off  | 00000000:28:00.0 Off |                    0 |
| N/A   31C    P0    37W / 250W |      0MiB / 40536MiB |      0%      Default |
|                               |                      |             Disabled |
+-------------------------------+----------------------+----------------------+
                                                                               
+-----------------------------------------------------------------------------+
| Processes:                                                                  |
|  GPU   GI   CI        PID   Type   Process name                  GPU Memory |
|        ID   ID                                                   Usage      |
|=============================================================================|
|  No running processes found                                                 |
+-----------------------------------------------------------------------------+
0
Model loaded!
Start the training ...
{'loss': 2.5133, 'learning_rate': 9.56896551724138e-06, 'epoch': 0.43}
{'eval_loss': 2.421382188796997, 'eval_accuracy': 0.20333333333333334, 'eval_f1': 0.06871652816251154, 'eval_precision': 0.04134444444444445, 'eval_recall': 0.20333333333333334, 'eval_runtime': 0.6359, 'eval_samples_per_second': 471.756, 'eval_steps_per_second': 29.878, 'epoch': 0.43}
{'loss': 2.4432, 'learning_rate': 9.13793103448276e-06, 'epoch': 0.86}
{'eval_loss': 2.2379941940307617, 'eval_accuracy': 0.23666666666666666, 'eval_f1': 0.15804171066613046, 'eval_precision': 0.2756338494498004, 'eval_recall': 0.23666666666666666, 'eval_runtime': 0.6304, 'eval_samples_per_second': 475.907, 'eval_steps_per_second': 30.141, 'epoch': 0.86}
{'loss': 2.1988, 'learning_rate': 8.706896551724138e-06, 'epoch': 1.29}
{'eval_loss': 1.9601216316223145, 'eval_accuracy': 0.39, 'eval_f1': 0.32632873156572495, 'eval_precision': 0.37882096158616585, 'eval_recall': 0.39, 'eval_runtime': 0.6339, 'eval_samples_per_second': 473.283, 'eval_steps_per_second': 29.975, 'epoch': 1.29}
{'loss': 2.0049, 'learning_rate': 8.275862068965518e-06, 'epoch': 1.72}
{'eval_loss': 1.709509015083313, 'eval_accuracy': 0.47, 'eval_f1': 0.4447843185179236, 'eval_precision': 0.5532019960317174, 'eval_recall': 0.47, 'eval_runtime': 0.6326, 'eval_samples_per_second': 474.26, 'eval_steps_per_second': 30.036, 'epoch': 1.72}
{'loss': 1.705, 'learning_rate': 7.844827586206897e-06, 'epoch': 2.16}
{'eval_loss': 1.4377110004425049, 'eval_accuracy': 0.5733333333333334, 'eval_f1': 0.559996077159152, 'eval_precision': 0.6191666706884098, 'eval_recall': 0.5733333333333334, 'eval_runtime': 0.6373, 'eval_samples_per_second': 470.734, 'eval_steps_per_second': 29.813, 'epoch': 2.16}
{'loss': 1.3266, 'learning_rate': 7.413793103448277e-06, 'epoch': 2.59}
{'eval_loss': 1.405463457107544, 'eval_accuracy': 0.5966666666666667, 'eval_f1': 0.5863381888859287, 'eval_precision': 0.6633329404397615, 'eval_recall': 0.5966666666666667, 'eval_runtime': 0.6366, 'eval_samples_per_second': 471.234, 'eval_steps_per_second': 29.845, 'epoch': 2.59}
{'loss': 1.3184, 'learning_rate': 6.982758620689656e-06, 'epoch': 3.02}
{'eval_loss': 1.2506163120269775, 'eval_accuracy': 0.6233333333333333, 'eval_f1': 0.6162988810351128, 'eval_precision': 0.6328426788369289, 'eval_recall': 0.6233333333333333, 'eval_runtime': 0.6387, 'eval_samples_per_second': 469.723, 'eval_steps_per_second': 29.749, 'epoch': 3.02}
{'loss': 0.9563, 'learning_rate': 6.551724137931035e-06, 'epoch': 3.45}
{'eval_loss': 1.3293839693069458, 'eval_accuracy': 0.6066666666666667, 'eval_f1': 0.5943338325160461, 'eval_precision': 0.6272822918641141, 'eval_recall': 0.6066666666666667, 'eval_runtime': 0.6415, 'eval_samples_per_second': 467.671, 'eval_steps_per_second': 29.619, 'epoch': 3.45}
{'loss': 0.937, 'learning_rate': 6.1206896551724135e-06, 'epoch': 3.88}
{'eval_loss': 1.3000249862670898, 'eval_accuracy': 0.63, 'eval_f1': 0.6308554534711235, 'eval_precision': 0.6614074428151827, 'eval_recall': 0.63, 'eval_runtime': 0.6468, 'eval_samples_per_second': 463.791, 'eval_steps_per_second': 29.373, 'epoch': 3.88}
{'loss': 0.7962, 'learning_rate': 5.689655172413794e-06, 'epoch': 4.31}
{'eval_loss': 1.2147711515426636, 'eval_accuracy': 0.6366666666666667, 'eval_f1': 0.631257093999169, 'eval_precision': 0.6481459494071434, 'eval_recall': 0.6366666666666667, 'eval_runtime': 0.6419, 'eval_samples_per_second': 467.339, 'eval_steps_per_second': 29.598, 'epoch': 4.31}
{'loss': 0.6703, 'learning_rate': 5.258620689655173e-06, 'epoch': 4.74}
{'eval_loss': 1.2720924615859985, 'eval_accuracy': 0.62, 'eval_f1': 0.6165595845114378, 'eval_precision': 0.6530867245683699, 'eval_recall': 0.62, 'eval_runtime': 0.6412, 'eval_samples_per_second': 467.872, 'eval_steps_per_second': 29.632, 'epoch': 4.74}
{'loss': 0.5475, 'learning_rate': 4.8275862068965525e-06, 'epoch': 5.17}
{'eval_loss': 1.2514785528182983, 'eval_accuracy': 0.6333333333333333, 'eval_f1': 0.633567046286086, 'eval_precision': 0.6687767390002683, 'eval_recall': 0.6333333333333333, 'eval_runtime': 0.6414, 'eval_samples_per_second': 467.75, 'eval_steps_per_second': 29.624, 'epoch': 5.17}
{'loss': 0.4607, 'learning_rate': 4.396551724137931e-06, 'epoch': 5.6}
{'eval_loss': 1.24140202999115, 'eval_accuracy': 0.64, 'eval_f1': 0.641391586783643, 'eval_precision': 0.6608186964926815, 'eval_recall': 0.64, 'eval_runtime': 0.6468, 'eval_samples_per_second': 463.824, 'eval_steps_per_second': 29.376, 'epoch': 5.6}
{'loss': 0.4444, 'learning_rate': 3.96551724137931e-06, 'epoch': 6.03}
{'eval_loss': 1.2144511938095093, 'eval_accuracy': 0.6633333333333333, 'eval_f1': 0.6631375885877122, 'eval_precision': 0.6802395349947358, 'eval_recall': 0.6633333333333333, 'eval_runtime': 0.6406, 'eval_samples_per_second': 468.303, 'eval_steps_per_second': 29.659, 'epoch': 6.03}
{'loss': 0.3341, 'learning_rate': 3.5344827586206898e-06, 'epoch': 6.47}
{'eval_loss': 1.2292158603668213, 'eval_accuracy': 0.6733333333333333, 'eval_f1': 0.6692357225649944, 'eval_precision': 0.6748948955528384, 'eval_recall': 0.6733333333333333, 'eval_runtime': 0.65, 'eval_samples_per_second': 461.562, 'eval_steps_per_second': 29.232, 'epoch': 6.47}
{'loss': 0.3281, 'learning_rate': 3.103448275862069e-06, 'epoch': 6.9}
{'eval_loss': 1.2723385095596313, 'eval_accuracy': 0.6766666666666666, 'eval_f1': 0.6783369381200057, 'eval_precision': 0.6927492588815355, 'eval_recall': 0.6766666666666666, 'eval_runtime': 0.6447, 'eval_samples_per_second': 465.306, 'eval_steps_per_second': 29.469, 'epoch': 6.9}
{'loss': 0.2638, 'learning_rate': 2.672413793103448e-06, 'epoch': 7.33}
{'eval_loss': 1.23694908618927, 'eval_accuracy': 0.6933333333333334, 'eval_f1': 0.6933555778354279, 'eval_precision': 0.7017769462506304, 'eval_recall': 0.6933333333333334, 'eval_runtime': 0.6483, 'eval_samples_per_second': 462.72, 'eval_steps_per_second': 29.306, 'epoch': 7.33}
{'loss': 0.2308, 'learning_rate': 2.241379310344828e-06, 'epoch': 7.76}
{'eval_loss': 1.3069792985916138, 'eval_accuracy': 0.6866666666666666, 'eval_f1': 0.6866456606278151, 'eval_precision': 0.7039377643489907, 'eval_recall': 0.6866666666666666, 'eval_runtime': 0.645, 'eval_samples_per_second': 465.12, 'eval_steps_per_second': 29.458, 'epoch': 7.76}
{'loss': 0.2493, 'learning_rate': 1.810344827586207e-06, 'epoch': 8.19}
{'eval_loss': 1.3382710218429565, 'eval_accuracy': 0.6866666666666666, 'eval_f1': 0.6879366643654149, 'eval_precision': 0.7004269647766228, 'eval_recall': 0.6866666666666666, 'eval_runtime': 0.65, 'eval_samples_per_second': 461.561, 'eval_steps_per_second': 29.232, 'epoch': 8.19}
{'loss': 0.1699, 'learning_rate': 1.3793103448275862e-06, 'epoch': 8.62}
{'eval_loss': 1.3363492488861084, 'eval_accuracy': 0.6833333333333333, 'eval_f1': 0.683132083120564, 'eval_precision': 0.690597888607798, 'eval_recall': 0.6833333333333333, 'eval_runtime': 0.645, 'eval_samples_per_second': 465.112, 'eval_steps_per_second': 29.457, 'epoch': 8.62}
{'loss': 0.1946, 'learning_rate': 9.482758620689655e-07, 'epoch': 9.05}
{'eval_loss': 1.3486206531524658, 'eval_accuracy': 0.69, 'eval_f1': 0.6922951471494435, 'eval_precision': 0.7049591348662484, 'eval_recall': 0.69, 'eval_runtime': 0.6401, 'eval_samples_per_second': 468.655, 'eval_steps_per_second': 29.681, 'epoch': 9.05}
{'loss': 0.1358, 'learning_rate': 5.172413793103449e-07, 'epoch': 9.48}
{'eval_loss': 1.3542356491088867, 'eval_accuracy': 0.6833333333333333, 'eval_f1': 0.6852934715403195, 'eval_precision': 0.6959247315224275, 'eval_recall': 0.6833333333333333, 'eval_runtime': 0.6382, 'eval_samples_per_second': 470.085, 'eval_steps_per_second': 29.772, 'epoch': 9.48}
{'loss': 0.1691, 'learning_rate': 8.620689655172414e-08, 'epoch': 9.91}
{'eval_loss': 1.367896318435669, 'eval_accuracy': 0.6866666666666666, 'eval_f1': 0.6874019129839124, 'eval_precision': 0.6982449805284632, 'eval_recall': 0.6866666666666666, 'eval_runtime': 0.6421, 'eval_samples_per_second': 467.205, 'eval_steps_per_second': 29.59, 'epoch': 9.91}
{'train_runtime': 260.6749, 'train_samples_per_second': 70.931, 'train_steps_per_second': 4.45, 'train_loss': 0.8806843095812305, 'epoch': 10.0}
PredictionOutput(predictions=array([[ 4.442037  , -0.8943963 , -0.82642883, ...,  0.04745656,
         3.3251078 , -1.151139  ],
       [ 2.6984391 , -1.6752951 , -1.295975  , ..., -1.2513647 ,
         1.0270549 , -0.84736943],
       [-0.3569092 , -0.5002415 , -0.9675602 , ..., -1.0776246 ,
         0.13405773, -0.63289744],
       ...,
       [-0.11875331,  6.817155  , -1.0728085 , ..., -0.5767717 ,
         0.69583386, -0.505588  ],
       [-0.6039907 , -0.6635906 , -0.811347  , ..., -0.8599132 ,
         6.500157  , -1.6887728 ],
       [ 0.16031732, -0.33166072, -0.754079  , ..., -0.62207425,
        -1.3911756 , -0.2729783 ]], dtype=float32), label_ids=array([ 6, 11,  7,  9, 11,  6,  6, 11,  5,  3,  9, 11,  0,  1, 11, 12,  1,
        7,  0, 12,  3,  1,  8,  3,  6,  8,  0,  0, 11,  0, 11,  3,  3,  5,
        2,  8,  9,  1, 11,  1,  5, 12,  0, 12,  1,  2, 12,  0,  5,  7,  3,
       11,  2,  4,  8,  3, 12, 11, 11, 10,  7, 11,  0, 10, 12,  0,  1,  8,
       12,  5, 10,  5,  1,  8,  0, 12,  1,  7, 10, 12,  7,  7,  2,  0,  2,
       10, 11,  0,  6,  0, 10,  9,  5,  5,  0,  9,  1,  2,  8,  9,  0,  2,
        0,  7, 11,  9,  6,  6,  9,  3, 12,  7, 11, 11, 11, 10,  2,  8,  9,
        0,  7,  3, 11, 11, 12,  8,  0,  4, 11,  5,  8, 11,  1,  5, 11,  7,
       11,  0, 11,  0, 11,  6,  0, 11, 11,  8, 11,  1,  8,  6,  5,  0, 11,
        9,  0,  1,  5,  0,  1,  8,  8,  0,  2, 11, 11,  0,  6,  5,  6, 11,
        2,  2,  7,  9, 11,  1, 11,  1,  8,  9,  8,  6,  3,  8, 10,  1,  2,
        0, 11, 11,  3,  8,  6,  2,  4,  1, 11, 11, 11, 11,  0, 11,  2,  1,
        8,  1,  9,  0,  1, 11,  1,  5,  1,  6,  5,  0,  8,  0,  1, 10, 11,
        9,  0, 11, 12,  2,  4,  0, 11,  2, 12,  2, 11,  7,  3,  2,  2,  8,
        3,  0,  2, 11,  8,  8,  9,  3, 11,  6, 11,  0,  3,  2,  8, 10, 12,
       11,  5, 10,  6,  9, 11,  6,  3,  1,  6,  3,  7, 11,  6,  2, 11,  4,
       10,  9,  2,  0, 11,  5,  1, 11,  6, 11,  9, 11,  0,  0,  0, 11, 11,
        0,  1, 11,  1,  0,  3,  1,  6,  1, 11,  3]), metrics={'test_loss': 1.5498803853988647, 'test_accuracy': 0.6466666666666666, 'test_f1': 0.6383643056089299, 'test_precision': 0.6580095854581147, 'test_recall': 0.6466666666666666, 'test_runtime': 0.7408, 'test_samples_per_second': 404.965, 'test_steps_per_second': 25.648})
