/cluster/raid/home/zhivar.sourati/logical-fallacy-identification/AMR_parsers_and_graphs
Tue Sep 27 05:20:18 2022       
+-----------------------------------------------------------------------------+
| NVIDIA-SMI 460.32.03    Driver Version: 460.32.03    CUDA Version: 11.2     |
|-------------------------------+----------------------+----------------------+
| GPU  Name        Persistence-M| Bus-Id        Disp.A | Volatile Uncorr. ECC |
| Fan  Temp  Perf  Pwr:Usage/Cap|         Memory-Usage | GPU-Util  Compute M. |
|                               |                      |               MIG M. |
|===============================+======================+======================|
|   0  A100-PCIE-40GB      Off  | 00000000:27:00.0 Off |                    0 |
| N/A   31C    P0    33W / 250W |      0MiB / 40536MiB |      0%      Default |
|                               |                      |             Disabled |
+-------------------------------+----------------------+----------------------+
                                                                               
+-----------------------------------------------------------------------------+
| Processes:                                                                  |
|  GPU   GI   CI        PID   Type   Process name                  GPU Memory |
|        ID   ID                                                   Usage      |
|=============================================================================|
|  No running processes found                                                 |
+-----------------------------------------------------------------------------+
0
Model loaded!
Start the training ...
{'loss': 2.5015, 'learning_rate': 4.6921182266009855e-05, 'epoch': 0.43}
{'eval_loss': 2.401376724243164, 'eval_accuracy': 0.20333333333333334, 'eval_f1': 0.06871652816251154, 'eval_precision': 0.04134444444444445, 'eval_recall': 0.20333333333333334, 'eval_runtime': 0.2571, 'eval_samples_per_second': 1167.053, 'eval_steps_per_second': 73.913, 'epoch': 0.43}
{'loss': 2.4518, 'learning_rate': 4.384236453201971e-05, 'epoch': 0.86}
{'eval_loss': 2.280247926712036, 'eval_accuracy': 0.27666666666666667, 'eval_f1': 0.13521403508771931, 'eval_precision': 0.08947745708356913, 'eval_recall': 0.27666666666666667, 'eval_runtime': 0.2489, 'eval_samples_per_second': 1205.264, 'eval_steps_per_second': 76.333, 'epoch': 0.86}
{'loss': 2.2921, 'learning_rate': 4.076354679802955e-05, 'epoch': 1.29}
{'eval_loss': 2.159595489501953, 'eval_accuracy': 0.29333333333333333, 'eval_f1': 0.16931087081617094, 'eval_precision': 0.23054954099398542, 'eval_recall': 0.29333333333333333, 'eval_runtime': 0.2487, 'eval_samples_per_second': 1206.305, 'eval_steps_per_second': 76.399, 'epoch': 1.29}
{'loss': 2.1088, 'learning_rate': 3.768472906403941e-05, 'epoch': 1.72}
{'eval_loss': 1.8448336124420166, 'eval_accuracy': 0.4666666666666667, 'eval_f1': 0.42591120225028267, 'eval_precision': 0.44046908676556595, 'eval_recall': 0.4666666666666667, 'eval_runtime': 0.2505, 'eval_samples_per_second': 1197.616, 'eval_steps_per_second': 75.849, 'epoch': 1.72}
{'loss': 1.8046, 'learning_rate': 3.4605911330049265e-05, 'epoch': 2.16}
{'eval_loss': 1.6566979885101318, 'eval_accuracy': 0.5166666666666667, 'eval_f1': 0.5029631187574427, 'eval_precision': 0.5460703985297823, 'eval_recall': 0.5166666666666667, 'eval_runtime': 0.2481, 'eval_samples_per_second': 1209.021, 'eval_steps_per_second': 76.571, 'epoch': 2.16}
{'loss': 1.3869, 'learning_rate': 3.152709359605912e-05, 'epoch': 2.59}
{'eval_loss': 1.4318904876708984, 'eval_accuracy': 0.5766666666666667, 'eval_f1': 0.5585906015844719, 'eval_precision': 0.6110917714935981, 'eval_recall': 0.5766666666666667, 'eval_runtime': 0.2497, 'eval_samples_per_second': 1201.537, 'eval_steps_per_second': 76.097, 'epoch': 2.59}
{'loss': 1.3164, 'learning_rate': 2.844827586206897e-05, 'epoch': 3.02}
{'eval_loss': 1.3848075866699219, 'eval_accuracy': 0.6033333333333334, 'eval_f1': 0.602558160684045, 'eval_precision': 0.6151780952444597, 'eval_recall': 0.6033333333333334, 'eval_runtime': 0.2479, 'eval_samples_per_second': 1210.169, 'eval_steps_per_second': 76.644, 'epoch': 3.02}
{'loss': 0.9348, 'learning_rate': 2.5369458128078822e-05, 'epoch': 3.45}
{'eval_loss': 1.4110662937164307, 'eval_accuracy': 0.6, 'eval_f1': 0.5963305302318442, 'eval_precision': 0.6164655484989111, 'eval_recall': 0.6, 'eval_runtime': 0.2491, 'eval_samples_per_second': 1204.401, 'eval_steps_per_second': 76.279, 'epoch': 3.45}
{'loss': 0.8883, 'learning_rate': 2.229064039408867e-05, 'epoch': 3.88}
{'eval_loss': 1.4070276021957397, 'eval_accuracy': 0.5866666666666667, 'eval_f1': 0.5924044543031901, 'eval_precision': 0.6226415262495117, 'eval_recall': 0.5866666666666667, 'eval_runtime': 0.2482, 'eval_samples_per_second': 1208.605, 'eval_steps_per_second': 76.545, 'epoch': 3.88}
{'loss': 0.6935, 'learning_rate': 1.921182266009852e-05, 'epoch': 4.31}
{'eval_loss': 1.3550430536270142, 'eval_accuracy': 0.63, 'eval_f1': 0.6291275283653766, 'eval_precision': 0.6391742213957833, 'eval_recall': 0.63, 'eval_runtime': 0.2494, 'eval_samples_per_second': 1203.091, 'eval_steps_per_second': 76.196, 'epoch': 4.31}
{'loss': 0.5929, 'learning_rate': 1.6133004926108376e-05, 'epoch': 4.74}
{'eval_loss': 1.4143855571746826, 'eval_accuracy': 0.63, 'eval_f1': 0.6257697548371214, 'eval_precision': 0.651690977169238, 'eval_recall': 0.63, 'eval_runtime': 0.2494, 'eval_samples_per_second': 1202.797, 'eval_steps_per_second': 76.177, 'epoch': 4.74}
{'loss': 0.4599, 'learning_rate': 1.3054187192118228e-05, 'epoch': 5.17}
{'eval_loss': 1.4111534357070923, 'eval_accuracy': 0.6333333333333333, 'eval_f1': 0.6373623422049408, 'eval_precision': 0.6621316850119028, 'eval_recall': 0.6333333333333333, 'eval_runtime': 0.2488, 'eval_samples_per_second': 1205.546, 'eval_steps_per_second': 76.351, 'epoch': 5.17}
{'loss': 0.3464, 'learning_rate': 9.97536945812808e-06, 'epoch': 5.6}
{'eval_loss': 1.3956618309020996, 'eval_accuracy': 0.6333333333333333, 'eval_f1': 0.6340892607120274, 'eval_precision': 0.6479336747242925, 'eval_recall': 0.6333333333333333, 'eval_runtime': 0.2502, 'eval_samples_per_second': 1198.82, 'eval_steps_per_second': 75.925, 'epoch': 5.6}
{'loss': 0.3137, 'learning_rate': 6.896551724137932e-06, 'epoch': 6.03}
{'eval_loss': 1.409207820892334, 'eval_accuracy': 0.6233333333333333, 'eval_f1': 0.6261797735694137, 'eval_precision': 0.6426413763185643, 'eval_recall': 0.6233333333333333, 'eval_runtime': 0.2482, 'eval_samples_per_second': 1208.941, 'eval_steps_per_second': 76.566, 'epoch': 6.03}
{'loss': 0.2391, 'learning_rate': 3.817733990147783e-06, 'epoch': 6.47}
{'eval_loss': 1.3990594148635864, 'eval_accuracy': 0.6333333333333333, 'eval_f1': 0.632216043517086, 'eval_precision': 0.6401562289758097, 'eval_recall': 0.6333333333333333, 'eval_runtime': 0.2484, 'eval_samples_per_second': 1207.894, 'eval_steps_per_second': 76.5, 'epoch': 6.47}
{'loss': 0.2069, 'learning_rate': 7.389162561576355e-07, 'epoch': 6.9}
{'eval_loss': 1.4307283163070679, 'eval_accuracy': 0.6233333333333333, 'eval_f1': 0.6273587393062002, 'eval_precision': 0.6456307063920825, 'eval_recall': 0.6233333333333333, 'eval_runtime': 0.2501, 'eval_samples_per_second': 1199.613, 'eval_steps_per_second': 75.976, 'epoch': 6.9}
{'train_runtime': 65.5765, 'train_samples_per_second': 197.372, 'train_steps_per_second': 12.382, 'train_loss': 1.144733137097852, 'epoch': 7.0}
PredictionOutput(predictions=array([[ 2.6592126 , -0.03627028,  0.3035786 , ...,  0.07072075,
        -0.35084116, -0.28703126],
       [-0.52124625, -1.023934  , -1.280373  , ..., -0.96266824,
        -1.2626698 ,  4.770212  ],
       [-1.3131447 ,  1.2494913 , -1.0722466 , ..., -1.3686349 ,
         1.9990778 , -0.19999187],
       ...,
       [-1.0543993 ,  4.960427  , -0.6175341 , ..., -0.9128724 ,
        -0.2713074 , -0.4607483 ],
       [-0.65586776, -0.19177641, -0.21725635, ..., -0.43989342,
         6.162031  , -0.8952132 ],
       [-0.4537868 , -0.37614498, -1.1450125 , ..., -1.5093219 ,
        -0.840257  , -0.8310794 ]], dtype=float32), label_ids=array([ 6, 11,  7,  9, 11,  6,  6, 11,  5,  3,  9, 11,  0,  1, 11, 12,  1,
        7,  0, 12,  3,  1,  8,  3,  6,  8,  0,  0, 11,  0, 11,  3,  3,  5,
        2,  8,  9,  1, 11,  1,  5, 12,  0, 12,  1,  2, 12,  0,  5,  7,  3,
       11,  2,  4,  8,  3, 12, 11, 11, 10,  7, 11,  0, 10, 12,  0,  1,  8,
       12,  5, 10,  5,  1,  8,  0, 12,  1,  7, 10, 12,  7,  7,  2,  0,  2,
       10, 11,  0,  6,  0, 10,  9,  5,  5,  0,  9,  1,  2,  8,  9,  0,  2,
        0,  7, 11,  9,  6,  6,  9,  3, 12,  7, 11, 11, 11, 10,  2,  8,  9,
        0,  7,  3, 11, 11, 12,  8,  0,  4, 11,  5,  8, 11,  1,  5, 11,  7,
       11,  0, 11,  0, 11,  6,  0, 11, 11,  8, 11,  1,  8,  6,  5,  0, 11,
        9,  0,  1,  5,  0,  1,  8,  8,  0,  2, 11, 11,  0,  6,  5,  6, 11,
        2,  2,  7,  9, 11,  1, 11,  1,  8,  9,  8,  6,  3,  8, 10,  1,  2,
        0, 11, 11,  3,  8,  6,  2,  4,  1, 11, 11, 11, 11,  0, 11,  2,  1,
        8,  1,  9,  0,  1, 11,  1,  5,  1,  6,  5,  0,  8,  0,  1, 10, 11,
        9,  0, 11, 12,  2,  4,  0, 11,  2, 12,  2, 11,  7,  3,  2,  2,  8,
        3,  0,  2, 11,  8,  8,  9,  3, 11,  6, 11,  0,  3,  2,  8, 10, 12,
       11,  5, 10,  6,  9, 11,  6,  3,  1,  6,  3,  7, 11,  6,  2, 11,  4,
       10,  9,  2,  0, 11,  5,  1, 11,  6, 11,  9, 11,  0,  0,  0, 11, 11,
        0,  1, 11,  1,  0,  3,  1,  6,  1, 11,  3]), metrics={'test_loss': 1.679870367050171, 'test_accuracy': 0.6, 'test_f1': 0.6021707942433513, 'test_precision': 0.6148601677727564, 'test_recall': 0.6, 'test_runtime': 0.2887, 'test_samples_per_second': 1039.21, 'test_steps_per_second': 65.817})
