/cluster/raid/home/zhivar.sourati/logical-fallacy-identification/AMR_parsers_and_graphs
Tue Sep 27 04:46:22 2022       
+-----------------------------------------------------------------------------+
| NVIDIA-SMI 460.32.03    Driver Version: 460.32.03    CUDA Version: 11.2     |
|-------------------------------+----------------------+----------------------+
| GPU  Name        Persistence-M| Bus-Id        Disp.A | Volatile Uncorr. ECC |
| Fan  Temp  Perf  Pwr:Usage/Cap|         Memory-Usage | GPU-Util  Compute M. |
|                               |                      |               MIG M. |
|===============================+======================+======================|
|   0  A100-PCIE-40GB      Off  | 00000000:27:00.0 Off |                    0 |
| N/A   27C    P0    33W / 250W |      0MiB / 40536MiB |      0%      Default |
|                               |                      |             Disabled |
+-------------------------------+----------------------+----------------------+
                                                                               
+-----------------------------------------------------------------------------+
| Processes:                                                                  |
|  GPU   GI   CI        PID   Type   Process name                  GPU Memory |
|        ID   ID                                                   Usage      |
|=============================================================================|
|  No running processes found                                                 |
+-----------------------------------------------------------------------------+
0
cuda
using GPU
Model loaded!
Start the training ...
{'loss': 2.5085, 'learning_rate': 4.461206896551724e-05, 'epoch': 0.43}
{'eval_loss': 2.422888994216919, 'eval_accuracy': 0.20333333333333334, 'eval_f1': 0.06871652816251154, 'eval_precision': 0.04134444444444445, 'eval_recall': 0.20333333333333334, 'eval_runtime': 0.507, 'eval_samples_per_second': 591.692, 'eval_steps_per_second': 37.474, 'epoch': 0.43}
{'loss': 2.5127, 'learning_rate': 3.922413793103448e-05, 'epoch': 0.86}
{'eval_loss': 2.437185764312744, 'eval_accuracy': 0.20333333333333334, 'eval_f1': 0.06871652816251154, 'eval_precision': 0.04134444444444445, 'eval_recall': 0.20333333333333334, 'eval_runtime': 0.4996, 'eval_samples_per_second': 600.491, 'eval_steps_per_second': 38.031, 'epoch': 0.86}
{'loss': 2.4645, 'learning_rate': 3.383620689655172e-05, 'epoch': 1.29}
{'eval_loss': 2.4188859462738037, 'eval_accuracy': 0.20333333333333334, 'eval_f1': 0.06871652816251154, 'eval_precision': 0.04134444444444445, 'eval_recall': 0.20333333333333334, 'eval_runtime': 0.5026, 'eval_samples_per_second': 596.921, 'eval_steps_per_second': 37.805, 'epoch': 1.29}
{'loss': 2.5043, 'learning_rate': 2.844827586206897e-05, 'epoch': 1.72}
{'eval_loss': 2.427983045578003, 'eval_accuracy': 0.20333333333333334, 'eval_f1': 0.06871652816251154, 'eval_precision': 0.04134444444444445, 'eval_recall': 0.20333333333333334, 'eval_runtime': 0.501, 'eval_samples_per_second': 598.787, 'eval_steps_per_second': 37.923, 'epoch': 1.72}
{'loss': 2.4981, 'learning_rate': 2.306034482758621e-05, 'epoch': 2.16}
{'eval_loss': 2.4414846897125244, 'eval_accuracy': 0.20333333333333334, 'eval_f1': 0.06871652816251154, 'eval_precision': 0.04134444444444445, 'eval_recall': 0.20333333333333334, 'eval_runtime': 0.5045, 'eval_samples_per_second': 594.648, 'eval_steps_per_second': 37.661, 'epoch': 2.16}
{'loss': 2.4824, 'learning_rate': 1.767241379310345e-05, 'epoch': 2.59}
{'eval_loss': 2.4175684452056885, 'eval_accuracy': 0.20333333333333334, 'eval_f1': 0.06871652816251154, 'eval_precision': 0.04134444444444445, 'eval_recall': 0.20333333333333334, 'eval_runtime': 0.5048, 'eval_samples_per_second': 594.296, 'eval_steps_per_second': 37.639, 'epoch': 2.59}
{'loss': 2.5011, 'learning_rate': 1.228448275862069e-05, 'epoch': 3.02}
{'eval_loss': 2.4249703884124756, 'eval_accuracy': 0.20333333333333334, 'eval_f1': 0.06871652816251154, 'eval_precision': 0.04134444444444445, 'eval_recall': 0.20333333333333334, 'eval_runtime': 0.5056, 'eval_samples_per_second': 593.368, 'eval_steps_per_second': 37.58, 'epoch': 3.02}
{'loss': 2.4816, 'learning_rate': 6.896551724137932e-06, 'epoch': 3.45}
{'eval_loss': 2.4201407432556152, 'eval_accuracy': 0.20333333333333334, 'eval_f1': 0.06871652816251154, 'eval_precision': 0.04134444444444445, 'eval_recall': 0.20333333333333334, 'eval_runtime': 0.505, 'eval_samples_per_second': 594.066, 'eval_steps_per_second': 37.624, 'epoch': 3.45}
{'loss': 2.4947, 'learning_rate': 1.5086206896551726e-06, 'epoch': 3.88}
{'eval_loss': 2.423494577407837, 'eval_accuracy': 0.20333333333333334, 'eval_f1': 0.06871652816251154, 'eval_precision': 0.04134444444444445, 'eval_recall': 0.20333333333333334, 'eval_runtime': 0.5061, 'eval_samples_per_second': 592.735, 'eval_steps_per_second': 37.54, 'epoch': 3.88}
{'train_runtime': 61.3361, 'train_samples_per_second': 120.582, 'train_steps_per_second': 7.565, 'train_loss': 2.4928909416856437, 'epoch': 4.0}
PredictionOutput(predictions=array([[ 0.5647315 ,  0.22299653, -0.00744673, ..., -0.06086105,
         0.84370124, -0.13333684],
       [ 0.5647629 ,  0.22295788, -0.00744411, ..., -0.06085202,
         0.8437492 , -0.1332788 ],
       [ 0.5647383 ,  0.22300243, -0.00740085, ..., -0.06092957,
         0.84373105, -0.13329126],
       ...,
       [ 0.5647697 ,  0.22299473, -0.00737643, ..., -0.06091169,
         0.8437462 , -0.13327844],
       [ 0.56479126,  0.22291592, -0.00736244, ..., -0.06086699,
         0.8437578 , -0.13321361],
       [ 0.5647522 ,  0.22297499, -0.0073612 , ..., -0.06082052,
         0.84377515, -0.13330105]], dtype=float32), label_ids=array([ 6, 11,  7,  9, 11,  6,  6, 11,  5,  3,  9, 11,  0,  1, 11, 12,  1,
        7,  0, 12,  3,  1,  8,  3,  6,  8,  0,  0, 11,  0, 11,  3,  3,  5,
        2,  8,  9,  1, 11,  1,  5, 12,  0, 12,  1,  2, 12,  0,  5,  7,  3,
       11,  2,  4,  8,  3, 12, 11, 11, 10,  7, 11,  0, 10, 12,  0,  1,  8,
       12,  5, 10,  5,  1,  8,  0, 12,  1,  7, 10, 12,  7,  7,  2,  0,  2,
       10, 11,  0,  6,  0, 10,  9,  5,  5,  0,  9,  1,  2,  8,  9,  0,  2,
        0,  7, 11,  9,  6,  6,  9,  3, 12,  7, 11, 11, 11, 10,  2,  8,  9,
        0,  7,  3, 11, 11, 12,  8,  0,  4, 11,  5,  8, 11,  1,  5, 11,  7,
       11,  0, 11,  0, 11,  6,  0, 11, 11,  8, 11,  1,  8,  6,  5,  0, 11,
        9,  0,  1,  5,  0,  1,  8,  8,  0,  2, 11, 11,  0,  6,  5,  6, 11,
        2,  2,  7,  9, 11,  1, 11,  1,  8,  9,  8,  6,  3,  8, 10,  1,  2,
        0, 11, 11,  3,  8,  6,  2,  4,  1, 11, 11, 11, 11,  0, 11,  2,  1,
        8,  1,  9,  0,  1, 11,  1,  5,  1,  6,  5,  0,  8,  0,  1, 10, 11,
        9,  0, 11, 12,  2,  4,  0, 11,  2, 12,  2, 11,  7,  3,  2,  2,  8,
        3,  0,  2, 11,  8,  8,  9,  3, 11,  6, 11,  0,  3,  2,  8, 10, 12,
       11,  5, 10,  6,  9, 11,  6,  3,  1,  6,  3,  7, 11,  6,  2, 11,  4,
       10,  9,  2,  0, 11,  5,  1, 11,  6, 11,  9, 11,  0,  0,  0, 11, 11,
        0,  1, 11,  1,  0,  3,  1,  6,  1, 11,  3]), metrics={'test_loss': 2.4400835037231445, 'test_accuracy': 0.20333333333333334, 'test_f1': 0.06871652816251154, 'test_precision': 0.04134444444444445, 'test_recall': 0.20333333333333334, 'test_runtime': 0.6008, 'test_samples_per_second': 499.303, 'test_steps_per_second': 31.623})
