Traceback (most recent call last):
  File "/cluster/raid/home/zhivar.sourati/logical-fallacy-identification/AMR_parsers_and_graphs/main_classifier.py", line 212, in <module>
    torch.manual_seed(77)
NameError: name 'torch' is not defined
Fatal error condition occurred in /opt/vcpkg/buildtrees/aws-c-io/src/9e6648842a-364b708815.clean/source/event_loop.c:72: aws_thread_launch(&cleanup_thread, s_event_loop_destroy_async_thread_fn, el_group, &thread_options) == AWS_OP_SUCCESS
Exiting Application
################################################################################
Stack trace:
################################################################################
/cluster/raid/home/zhivar.sourati/anaconda3/envs/general/lib/python3.10/site-packages/pyarrow/libarrow.so.900(+0x200af06) [0x154f03d1bf06]
/cluster/raid/home/zhivar.sourati/anaconda3/envs/general/lib/python3.10/site-packages/pyarrow/libarrow.so.900(+0x20028e5) [0x154f03d138e5]
/cluster/raid/home/zhivar.sourati/anaconda3/envs/general/lib/python3.10/site-packages/pyarrow/libarrow.so.900(+0x1f27e09) [0x154f03c38e09]
/cluster/raid/home/zhivar.sourati/anaconda3/envs/general/lib/python3.10/site-packages/pyarrow/libarrow.so.900(+0x200ba3d) [0x154f03d1ca3d]
/cluster/raid/home/zhivar.sourati/anaconda3/envs/general/lib/python3.10/site-packages/pyarrow/libarrow.so.900(+0x1f25948) [0x154f03c36948]
/cluster/raid/home/zhivar.sourati/anaconda3/envs/general/lib/python3.10/site-packages/pyarrow/libarrow.so.900(+0x200ba3d) [0x154f03d1ca3d]
/cluster/raid/home/zhivar.sourati/anaconda3/envs/general/lib/python3.10/site-packages/pyarrow/libarrow.so.900(+0x1ee0b46) [0x154f03bf1b46]
/cluster/raid/home/zhivar.sourati/anaconda3/envs/general/lib/python3.10/site-packages/pyarrow/libarrow.so.900(+0x194546a) [0x154f0365646a]
/lib/x86_64-linux-gnu/libc.so.6(+0x468a7) [0x154f4f6e78a7]
/lib/x86_64-linux-gnu/libc.so.6(on_exit+0) [0x154f4f6e7a60]
/lib/x86_64-linux-gnu/libc.so.6(__libc_start_main+0xfa) [0x154f4f6c508a]
python(+0x2125d4) [0x558e311525d4]
/var/spool/slurm/slurmd/job06521/slurm_script: line 36: 1554718 Aborted                 (core dumped) python main_classifier.py --train_input_file tmp/masked_sentences_with_AMR_container_objects_train.joblib --dev_input_file tmp/masked_sentences_with_AMR_container_objects_dev.joblib --test_input_file tmp/masked_sentences_with_AMR_container_objects_test.joblib --input_feature source_article --batch_size 8 --learning_rate 2e-5 --num_epochs 10 --classifier_dropout 0.1 --weight_decay 0.001
Traceback (most recent call last):
  File "/cluster/raid/home/zhivar.sourati/logical-fallacy-identification/AMR_parsers_and_graphs/main_classifier.py", line 212, in <module>
    torch.manual_seed(77)
NameError: name 'torch' is not defined
Fatal error condition occurred in /opt/vcpkg/buildtrees/aws-c-io/src/9e6648842a-364b708815.clean/source/event_loop.c:72: aws_thread_launch(&cleanup_thread, s_event_loop_destroy_async_thread_fn, el_group, &thread_options) == AWS_OP_SUCCESS
Exiting Application
################################################################################
Stack trace:
################################################################################
/cluster/raid/home/zhivar.sourati/anaconda3/envs/general/lib/python3.10/site-packages/pyarrow/libarrow.so.900(+0x200af06) [0x148735011f06]
/cluster/raid/home/zhivar.sourati/anaconda3/envs/general/lib/python3.10/site-packages/pyarrow/libarrow.so.900(+0x20028e5) [0x1487350098e5]
/cluster/raid/home/zhivar.sourati/anaconda3/envs/general/lib/python3.10/site-packages/pyarrow/libarrow.so.900(+0x1f27e09) [0x148734f2ee09]
/cluster/raid/home/zhivar.sourati/anaconda3/envs/general/lib/python3.10/site-packages/pyarrow/libarrow.so.900(+0x200ba3d) [0x148735012a3d]
/cluster/raid/home/zhivar.sourati/anaconda3/envs/general/lib/python3.10/site-packages/pyarrow/libarrow.so.900(+0x1f25948) [0x148734f2c948]
/cluster/raid/home/zhivar.sourati/anaconda3/envs/general/lib/python3.10/site-packages/pyarrow/libarrow.so.900(+0x200ba3d) [0x148735012a3d]
/cluster/raid/home/zhivar.sourati/anaconda3/envs/general/lib/python3.10/site-packages/pyarrow/libarrow.so.900(+0x1ee0b46) [0x148734ee7b46]
/cluster/raid/home/zhivar.sourati/anaconda3/envs/general/lib/python3.10/site-packages/pyarrow/libarrow.so.900(+0x194546a) [0x14873494c46a]
/lib/x86_64-linux-gnu/libc.so.6(+0x468a7) [0x1487809dd8a7]
/lib/x86_64-linux-gnu/libc.so.6(on_exit+0) [0x1487809dda60]
/lib/x86_64-linux-gnu/libc.so.6(__libc_start_main+0xfa) [0x1487809bb08a]
python(+0x2125d4) [0x55ffb383b5d4]
/var/spool/slurm/slurmd/job06521/slurm_script: line 47: 1554823 Aborted                 (core dumped) python main_classifier.py --train_input_file tmp/masked_sentences_with_AMR_container_objects_train.joblib --dev_input_file tmp/masked_sentences_with_AMR_container_objects_dev.joblib --test_input_file tmp/masked_sentences_with_AMR_container_objects_test.joblib --input_feature masked_articles --batch_size 8 --learning_rate 2e-5 --num_epochs 10 --classifier_dropout 0.1 --weight_decay 0.01
