/cluster/raid/home/zhivar.sourati/logical-fallacy-identification/AMR_parsers_and_graphs
Mon Sep 26 20:06:31 2022       
+-----------------------------------------------------------------------------+
| NVIDIA-SMI 460.32.03    Driver Version: 460.32.03    CUDA Version: 11.2     |
|-------------------------------+----------------------+----------------------+
| GPU  Name        Persistence-M| Bus-Id        Disp.A | Volatile Uncorr. ECC |
| Fan  Temp  Perf  Pwr:Usage/Cap|         Memory-Usage | GPU-Util  Compute M. |
|                               |                      |               MIG M. |
|===============================+======================+======================|
|   0  A100-PCIE-40GB      Off  | 00000000:27:00.0 Off |                    0 |
| N/A   28C    P0    33W / 250W |      0MiB / 40536MiB |      0%      Default |
|                               |                      |             Disabled |
+-------------------------------+----------------------+----------------------+
                                                                               
+-----------------------------------------------------------------------------+
| Processes:                                                                  |
|  GPU   GI   CI        PID   Type   Process name                  GPU Memory |
|        ID   ID                                                   Usage      |
|=============================================================================|
|  No running processes found                                                 |
+-----------------------------------------------------------------------------+
0
cuda
using GPU
0.1289119610709871
saving the model
Epoch: 001, Train Acc: 0.2012, Dev Acc: 0.2040
0.18471320002874228
saving the model
Epoch: 002, Train Acc: 0.2374, Dev Acc: 0.2642
0.24192542212824877
saving the model
Epoch: 003, Train Acc: 0.2877, Dev Acc: 0.3110
0.26565799866912104
saving the model
Epoch: 004, Train Acc: 0.3451, Dev Acc: 0.3211
0.3131773567512154
saving the model
Epoch: 005, Train Acc: 0.3780, Dev Acc: 0.3545
0.3504789583411244
saving the model
Epoch: 006, Train Acc: 0.4554, Dev Acc: 0.3746
Epoch: 007, Train Acc: 0.4776, Dev Acc: 0.3579
0.35867523385801925
saving the model
Epoch: 008, Train Acc: 0.5300, Dev Acc: 0.3813
Epoch: 009, Train Acc: 0.5041, Dev Acc: 0.3913
0.37582072978877745
saving the model
Epoch: 010, Train Acc: 0.5928, Dev Acc: 0.3880
0.4009447728819475
saving the model
Epoch: 011, Train Acc: 0.6409, Dev Acc: 0.4047
0.4179641350747023
saving the model
Epoch: 012, Train Acc: 0.6604, Dev Acc: 0.4281
Epoch: 013, Train Acc: 0.6468, Dev Acc: 0.4181
Epoch: 014, Train Acc: 0.6901, Dev Acc: 0.3980
0.43255448886739
saving the model
Epoch: 015, Train Acc: 0.7491, Dev Acc: 0.4515
Epoch: 016, Train Acc: 0.7599, Dev Acc: 0.3980
0.44834986157791945
saving the model
Epoch: 017, Train Acc: 0.8015, Dev Acc: 0.4582
Epoch: 018, Train Acc: 0.8199, Dev Acc: 0.4415
Epoch: 019, Train Acc: 0.7999, Dev Acc: 0.4448
0.448463172615375
saving the model
Epoch: 020, Train Acc: 0.8718, Dev Acc: 0.4515
Epoch: 021, Train Acc: 0.8848, Dev Acc: 0.4047
Epoch: 022, Train Acc: 0.8999, Dev Acc: 0.4147
0.47028542590460637
saving the model
Epoch: 023, Train Acc: 0.9064, Dev Acc: 0.4682
Epoch: 024, Train Acc: 0.9145, Dev Acc: 0.4247
Epoch: 025, Train Acc: 0.9178, Dev Acc: 0.4281
Epoch: 026, Train Acc: 0.9221, Dev Acc: 0.4582
Epoch: 027, Train Acc: 0.9470, Dev Acc: 0.4582
Epoch: 028, Train Acc: 0.9540, Dev Acc: 0.4448
Epoch: 029, Train Acc: 0.9540, Dev Acc: 0.4415
Epoch: 030, Train Acc: 0.9584, Dev Acc: 0.4348
Epoch: 031, Train Acc: 0.9551, Dev Acc: 0.4649
Epoch: 032, Train Acc: 0.9703, Dev Acc: 0.4415
Epoch: 033, Train Acc: 0.9767, Dev Acc: 0.4548
0.4821932062772464
saving the model
Epoch: 034, Train Acc: 0.9643, Dev Acc: 0.4783
Epoch: 035, Train Acc: 0.9789, Dev Acc: 0.4582
Epoch: 036, Train Acc: 0.9822, Dev Acc: 0.4415
Epoch: 037, Train Acc: 0.9870, Dev Acc: 0.4515
Epoch: 038, Train Acc: 0.9881, Dev Acc: 0.4448
Epoch: 039, Train Acc: 0.9822, Dev Acc: 0.4482
Epoch: 040, Train Acc: 0.9886, Dev Acc: 0.4381
Epoch: 041, Train Acc: 0.9897, Dev Acc: 0.4482
Epoch: 042, Train Acc: 0.9843, Dev Acc: 0.4448
Epoch: 043, Train Acc: 0.9876, Dev Acc: 0.4682
Epoch: 044, Train Acc: 0.9892, Dev Acc: 0.4281
Epoch: 045, Train Acc: 0.9897, Dev Acc: 0.4749
Epoch: 046, Train Acc: 0.9935, Dev Acc: 0.4615
Epoch: 047, Train Acc: 0.9908, Dev Acc: 0.4649
Epoch: 048, Train Acc: 0.9935, Dev Acc: 0.4615
Epoch: 049, Train Acc: 0.9924, Dev Acc: 0.4381
Epoch: 050, Train Acc: 0.9930, Dev Acc: 0.4749
Epoch: 051, Train Acc: 0.9941, Dev Acc: 0.4783
Epoch: 052, Train Acc: 0.9935, Dev Acc: 0.4716
0.49740083719355543
saving the model
Epoch: 053, Train Acc: 0.9951, Dev Acc: 0.4916
Epoch: 054, Train Acc: 0.9919, Dev Acc: 0.4783
Epoch: 055, Train Acc: 0.9946, Dev Acc: 0.4615
Epoch: 056, Train Acc: 0.9897, Dev Acc: 0.4348
Epoch: 057, Train Acc: 0.9935, Dev Acc: 0.4749
Epoch: 058, Train Acc: 0.9924, Dev Acc: 0.4849
Epoch: 059, Train Acc: 0.9935, Dev Acc: 0.4716
Epoch: 060, Train Acc: 0.9951, Dev Acc: 0.4816
Epoch: 061, Train Acc: 0.9946, Dev Acc: 0.4649
Epoch: 062, Train Acc: 0.9935, Dev Acc: 0.4548
Epoch: 063, Train Acc: 0.9930, Dev Acc: 0.4682
Epoch: 064, Train Acc: 0.9951, Dev Acc: 0.4783
Epoch: 065, Train Acc: 0.9962, Dev Acc: 0.4749
Epoch: 066, Train Acc: 0.9957, Dev Acc: 0.4682
Epoch: 067, Train Acc: 0.9951, Dev Acc: 0.4816
Epoch: 068, Train Acc: 0.9957, Dev Acc: 0.4716
0.5183076198328141
saving the model
Epoch: 069, Train Acc: 0.9935, Dev Acc: 0.5117
Epoch: 070, Train Acc: 0.9962, Dev Acc: 0.4582
Epoch: 071, Train Acc: 0.9957, Dev Acc: 0.4682
Epoch: 072, Train Acc: 0.9957, Dev Acc: 0.4582
Epoch: 073, Train Acc: 0.9968, Dev Acc: 0.4615
Epoch: 074, Train Acc: 0.9941, Dev Acc: 0.4582
Epoch: 075, Train Acc: 0.9951, Dev Acc: 0.4448
Train split results
                        precision    recall  f1-score   support

            ad hominem       1.00      1.00      1.00       225
            ad populum       1.00      0.97      0.99       158
     appeal to emotion       1.00      1.00      1.00       130
    circular reasoning       0.99      1.00      0.99       134
          equivocation       1.00      0.97      0.99        39
fallacy of credibility       1.00      0.99      1.00       107
  fallacy of extension       1.00      1.00      1.00       106
      fallacy of logic       0.98      1.00      0.99       121
  fallacy of relevance       1.00      0.99      1.00       114
       false causality       0.98      1.00      0.99       174
         false dilemma       1.00      0.99      1.00       110
 faulty generalization       1.00      1.00      1.00       319
           intentional       1.00      1.00      1.00       112

              accuracy                           1.00      1849
             macro avg       1.00      0.99      0.99      1849
          weighted avg       1.00      1.00      1.00      1849

Dev split results
                        precision    recall  f1-score   support

            ad hominem       0.48      0.36      0.41        36
            ad populum       0.71      0.39      0.50        44
     appeal to emotion       0.30      0.54      0.39        13
    circular reasoning       0.26      0.28      0.27        18
          equivocation       0.50      0.80      0.62         5
fallacy of credibility       0.00      0.00      0.00         8
  fallacy of extension       0.43      0.43      0.43        14
      fallacy of logic       0.28      0.47      0.35        17
  fallacy of relevance       0.71      0.21      0.32        24
       false causality       0.41      0.54      0.46        24
         false dilemma       0.76      0.68      0.72        19
 faulty generalization       0.47      0.61      0.53        61
           intentional       0.33      0.31      0.32        16

              accuracy                           0.44       299
             macro avg       0.43      0.43      0.41       299
          weighted avg       0.49      0.44      0.44       299

Test split results
                        precision    recall  f1-score   support

            ad hominem       0.66      0.46      0.54        41
            ad populum       0.68      0.43      0.53        30
     appeal to emotion       0.33      0.35      0.34        23
    circular reasoning       0.16      0.37      0.23        19
          equivocation       0.67      0.40      0.50         5
fallacy of credibility       0.17      0.06      0.09        17
  fallacy of extension       0.67      0.38      0.48        21
      fallacy of logic       0.14      0.29      0.19        14
  fallacy of relevance       0.22      0.17      0.20        23
       false causality       0.26      0.33      0.29        18
         false dilemma       0.39      0.58      0.47        12
 faulty generalization       0.49      0.49      0.49        61
           intentional       0.43      0.40      0.41        15

              accuracy                           0.38       299
             macro avg       0.41      0.36      0.37       299
          weighted avg       0.44      0.38      0.40       299

