Some weights of the model checkpoint at bert-base-uncased were not used when initializing BertModel: ['cls.predictions.transform.dense.bias', 'cls.predictions.transform.LayerNorm.bias', 'cls.predictions.bias', 'cls.predictions.transform.dense.weight', 'cls.predictions.transform.LayerNorm.weight', 'cls.seq_relationship.bias', 'cls.seq_relationship.weight', 'cls.predictions.decoder.weight']
- This IS expected if you are initializing BertModel from the checkpoint of a model trained on another task or with another architecture (e.g. initializing a BertForSequenceClassification model from a BertForPreTraining model).
- This IS NOT expected if you are initializing BertModel from the checkpoint of a model that you expect to be exactly identical (initializing a BertForSequenceClassification model from a BertForSequenceClassification model).
wandb: Currently logged in as: zhpinkman. Use `wandb login --relogin` to force relogin
wandb: Tracking run with wandb version 0.13.3
wandb: Run data is saved locally in /cluster/raid/home/zhivar.sourati/logical-fallacy-identification/AMR_parsers_and_graphs/wandb/run-20220926_021213-36s2xgg3
wandb: Run `wandb offline` to turn off syncing.
wandb: Syncing run splendid-smoke-49
wandb: ⭐️ View project at https://wandb.ai/zhpinkman/Logical%20Fallacy%20Detection%20GCN
wandb: 🚀 View run at https://wandb.ai/zhpinkman/Logical%20Fallacy%20Detection%20GCN/runs/36s2xgg3
/cluster/raid/home/zhivar.sourati/anaconda3/envs/general/lib/python3.10/site-packages/sklearn/utils/deprecation.py:87: FutureWarning: Function get_feature_names is deprecated; get_feature_names is deprecated in 1.0 and will be removed in 1.2. Please use get_feature_names_out instead.
  warnings.warn(msg, category=FutureWarning)
Traceback (most recent call last):
  File "/cluster/raid/home/zhivar.sourati/logical-fallacy-identification/AMR_parsers_and_graphs/gcn.py", line 319, in <module>
    f'Epoch: {epoch:03d}, Train Acc: {train_acc:.4f}, Test Acc: {test_acc:.4f}')
NameError: name 'test_acc' is not defined
wandb: Waiting for W&B process to finish... (failed 1). Press Control-C to abort syncing.
wandb: - 0.001 MB of 0.001 MB uploaded (0.000 MB deduped)wandb: \ 0.001 MB of 0.001 MB uploaded (0.000 MB deduped)wandb: | 0.001 MB of 0.001 MB uploaded (0.000 MB deduped)wandb: / 0.001 MB of 0.001 MB uploaded (0.000 MB deduped)wandb: - 0.001 MB of 0.009 MB uploaded (0.000 MB deduped)wandb: \ 0.001 MB of 0.009 MB uploaded (0.000 MB deduped)wandb: | 0.005 MB of 0.009 MB uploaded (0.000 MB deduped)wandb: / 0.009 MB of 0.009 MB uploaded (0.000 MB deduped)wandb: - 0.009 MB of 0.009 MB uploaded (0.000 MB deduped)wandb: \ 0.009 MB of 0.009 MB uploaded (0.000 MB deduped)wandb: | 0.009 MB of 0.009 MB uploaded (0.000 MB deduped)wandb: / 0.009 MB of 0.009 MB uploaded (0.000 MB deduped)wandb: - 0.009 MB of 0.009 MB uploaded (0.000 MB deduped)wandb: \ 0.009 MB of 0.009 MB uploaded (0.000 MB deduped)wandb:                                                                                
wandb: 
wandb: Run history:
wandb:   Dev Accuracy ▁
wandb: Train Accuracy ▁
wandb: 
wandb: Run summary:
wandb:   Dev Accuracy 0.08027
wandb: Train Accuracy 0.26339
wandb: 
wandb: Synced splendid-smoke-49: https://wandb.ai/zhpinkman/Logical%20Fallacy%20Detection%20GCN/runs/36s2xgg3
wandb: Synced 6 W&B file(s), 0 media file(s), 0 artifact file(s) and 0 other file(s)
wandb: Find logs at: ./wandb/run-20220926_021213-36s2xgg3/logs
