/cluster/raid/home/zhivar.sourati/logical-fallacy-identification/AMR_parsers_and_graphs
Thu Sep 29 20:54:42 2022       
+-----------------------------------------------------------------------------+
| NVIDIA-SMI 460.32.03    Driver Version: 460.32.03    CUDA Version: 11.2     |
|-------------------------------+----------------------+----------------------+
| GPU  Name        Persistence-M| Bus-Id        Disp.A | Volatile Uncorr. ECC |
| Fan  Temp  Perf  Pwr:Usage/Cap|         Memory-Usage | GPU-Util  Compute M. |
|                               |                      |               MIG M. |
|===============================+======================+======================|
|   0  A100-PCIE-40GB      Off  | 00000000:27:00.0 Off |                    0 |
| N/A   27C    P0    33W / 250W |      0MiB / 40536MiB |      0%      Default |
|                               |                      |             Disabled |
+-------------------------------+----------------------+----------------------+
                                                                               
+-----------------------------------------------------------------------------+
| Processes:                                                                  |
|  GPU   GI   CI        PID   Type   Process name                  GPU Memory |
|        ID   ID                                                   Usage      |
|=============================================================================|
|  No running processes found                                                 |
+-----------------------------------------------------------------------------+
0
cuda
using GPU
0.08814899330511092
saving the model
Epoch: 001, Train Acc: 0.1877, Dev Acc: 0.1940
Epoch: 002, Train Acc: 0.1828, Dev Acc: 0.2107
0.145870204804861
saving the model
Epoch: 003, Train Acc: 0.2196, Dev Acc: 0.2341
0.1995539720776088
saving the model
Epoch: 004, Train Acc: 0.2499, Dev Acc: 0.2742
0.22538688550940347
saving the model
Epoch: 005, Train Acc: 0.2823, Dev Acc: 0.2776
0.2528518307088054
saving the model
Epoch: 006, Train Acc: 0.2872, Dev Acc: 0.3077
0.2742768063701363
saving the model
Epoch: 007, Train Acc: 0.3099, Dev Acc: 0.3311
Epoch: 008, Train Acc: 0.3299, Dev Acc: 0.3177
Epoch: 009, Train Acc: 0.3396, Dev Acc: 0.3177
0.2831847596951032
saving the model
Epoch: 010, Train Acc: 0.3645, Dev Acc: 0.3378
0.2997383938187039
saving the model
Epoch: 011, Train Acc: 0.3807, Dev Acc: 0.3478
Epoch: 012, Train Acc: 0.3975, Dev Acc: 0.2977
Epoch: 013, Train Acc: 0.3959, Dev Acc: 0.3278
0.3547169450026859
saving the model
Epoch: 014, Train Acc: 0.4570, Dev Acc: 0.3746
Epoch: 015, Train Acc: 0.4759, Dev Acc: 0.3411
Epoch: 016, Train Acc: 0.4765, Dev Acc: 0.3545
Epoch: 017, Train Acc: 0.4976, Dev Acc: 0.3278
0.36548263772089756
saving the model
Epoch: 018, Train Acc: 0.5057, Dev Acc: 0.3913
Epoch: 019, Train Acc: 0.5468, Dev Acc: 0.3244
Epoch: 020, Train Acc: 0.5208, Dev Acc: 0.3545
Epoch: 021, Train Acc: 0.5484, Dev Acc: 0.3579
Epoch: 022, Train Acc: 0.5717, Dev Acc: 0.3512
Epoch: 023, Train Acc: 0.5646, Dev Acc: 0.3645
Epoch: 024, Train Acc: 0.5852, Dev Acc: 0.3177
Epoch: 025, Train Acc: 0.5619, Dev Acc: 0.3612
0.37147916891345245
saving the model
Epoch: 026, Train Acc: 0.6133, Dev Acc: 0.3846
0.37907005091445817
saving the model
Epoch: 027, Train Acc: 0.6257, Dev Acc: 0.3946
Epoch: 028, Train Acc: 0.6193, Dev Acc: 0.3712
Epoch: 029, Train Acc: 0.6560, Dev Acc: 0.3712
Epoch: 030, Train Acc: 0.6387, Dev Acc: 0.3612
Epoch: 031, Train Acc: 0.6355, Dev Acc: 0.3746
Epoch: 032, Train Acc: 0.6804, Dev Acc: 0.3846
Epoch: 033, Train Acc: 0.6652, Dev Acc: 0.3846
0.39447120170609795
saving the model
Epoch: 034, Train Acc: 0.6901, Dev Acc: 0.4080
0.3964437872212162
saving the model
Epoch: 035, Train Acc: 0.6863, Dev Acc: 0.4147
Epoch: 036, Train Acc: 0.7020, Dev Acc: 0.3846
0.39844773356221547
saving the model
Epoch: 037, Train Acc: 0.7085, Dev Acc: 0.4147
Epoch: 038, Train Acc: 0.6587, Dev Acc: 0.3612
Epoch: 039, Train Acc: 0.7388, Dev Acc: 0.3980
Epoch: 040, Train Acc: 0.7031, Dev Acc: 0.3846
Epoch: 041, Train Acc: 0.7361, Dev Acc: 0.3545
0.4000653182231438
saving the model
Epoch: 042, Train Acc: 0.7485, Dev Acc: 0.3913
Epoch: 043, Train Acc: 0.7317, Dev Acc: 0.3579
0.4040735535301486
saving the model
Epoch: 044, Train Acc: 0.7858, Dev Acc: 0.3980
Epoch: 045, Train Acc: 0.7637, Dev Acc: 0.3779
Epoch: 046, Train Acc: 0.7864, Dev Acc: 0.4013
Epoch: 047, Train Acc: 0.7674, Dev Acc: 0.4047
Epoch: 048, Train Acc: 0.7810, Dev Acc: 0.3913
Epoch: 049, Train Acc: 0.7837, Dev Acc: 0.3746
0.42677373986455464
saving the model
Epoch: 050, Train Acc: 0.7929, Dev Acc: 0.4314
Epoch: 051, Train Acc: 0.8037, Dev Acc: 0.4013
Epoch: 052, Train Acc: 0.8031, Dev Acc: 0.3746
Epoch: 053, Train Acc: 0.8107, Dev Acc: 0.4013
Epoch: 054, Train Acc: 0.7945, Dev Acc: 0.3980
Epoch: 055, Train Acc: 0.8442, Dev Acc: 0.4013
Epoch: 056, Train Acc: 0.8610, Dev Acc: 0.3980
Epoch: 057, Train Acc: 0.7966, Dev Acc: 0.4013
Epoch: 058, Train Acc: 0.8318, Dev Acc: 0.3880
Epoch: 059, Train Acc: 0.8480, Dev Acc: 0.4047
Epoch: 060, Train Acc: 0.8037, Dev Acc: 0.3946
Epoch: 061, Train Acc: 0.8567, Dev Acc: 0.3746
Epoch: 062, Train Acc: 0.8291, Dev Acc: 0.3980
Epoch: 063, Train Acc: 0.8410, Dev Acc: 0.3980
Epoch: 064, Train Acc: 0.8524, Dev Acc: 0.3779
Epoch: 065, Train Acc: 0.8415, Dev Acc: 0.3579
Epoch: 066, Train Acc: 0.8572, Dev Acc: 0.3813
Epoch: 067, Train Acc: 0.8356, Dev Acc: 0.3712
Epoch: 068, Train Acc: 0.8507, Dev Acc: 0.4047
Epoch: 069, Train Acc: 0.8897, Dev Acc: 0.4047
Train split results
                        precision    recall  f1-score   support

            ad hominem       0.96      0.92      0.94       225
            ad populum       0.97      0.91      0.94       158
     appeal to emotion       0.93      0.82      0.87       130
    circular reasoning       0.87      0.93      0.90       134
          equivocation       0.00      0.00      0.00        39
fallacy of credibility       0.92      0.81      0.86       107
  fallacy of extension       0.87      0.92      0.89       106
      fallacy of logic       0.84      0.94      0.89       121
  fallacy of relevance       0.94      0.65      0.77       114
       false causality       0.83      0.97      0.89       174
         false dilemma       0.93      0.99      0.96       110
 faulty generalization       0.83      0.96      0.89       319
           intentional       0.91      0.95      0.93       112

              accuracy                           0.89      1849
             macro avg       0.83      0.83      0.83      1849
          weighted avg       0.88      0.89      0.88      1849

Dev split results
                        precision    recall  f1-score   support

            ad hominem       0.60      0.42      0.49        36
            ad populum       0.72      0.52      0.61        44
     appeal to emotion       0.19      0.23      0.21        13
    circular reasoning       0.38      0.33      0.35        18
          equivocation       0.00      0.00      0.00         5
fallacy of credibility       0.11      0.12      0.12         8
  fallacy of extension       0.36      0.36      0.36        14
      fallacy of logic       0.54      0.41      0.47        17
  fallacy of relevance       0.36      0.17      0.23        24
       false causality       0.28      0.54      0.37        24
         false dilemma       0.63      0.63      0.63        19
 faulty generalization       0.35      0.46      0.39        61
           intentional       0.25      0.25      0.25        16

              accuracy                           0.40       299
             macro avg       0.37      0.34      0.34       299
          weighted avg       0.43      0.40      0.41       299

Test split results
                        precision    recall  f1-score   support

            ad hominem       0.70      0.51      0.59        41
            ad populum       0.65      0.50      0.57        30
     appeal to emotion       0.53      0.35      0.42        23
    circular reasoning       0.23      0.37      0.29        19
          equivocation       0.00      0.00      0.00         5
fallacy of credibility       0.18      0.12      0.14        17
  fallacy of extension       0.67      0.48      0.56        21
      fallacy of logic       0.15      0.21      0.18        14
  fallacy of relevance       0.23      0.13      0.17        23
       false causality       0.21      0.39      0.27        18
         false dilemma       0.50      0.92      0.65        12
 faulty generalization       0.49      0.57      0.53        61
           intentional       0.33      0.33      0.33        15

              accuracy                           0.42       299
             macro avg       0.38      0.38      0.36       299
          weighted avg       0.45      0.42      0.42       299

