/cluster/raid/home/zhivar.sourati/logical-fallacy-identification/AMR_parsers_and_graphs
Wed Sep 28 06:19:43 2022       
+-----------------------------------------------------------------------------+
| NVIDIA-SMI 460.32.03    Driver Version: 460.32.03    CUDA Version: 11.2     |
|-------------------------------+----------------------+----------------------+
| GPU  Name        Persistence-M| Bus-Id        Disp.A | Volatile Uncorr. ECC |
| Fan  Temp  Perf  Pwr:Usage/Cap|         Memory-Usage | GPU-Util  Compute M. |
|                               |                      |               MIG M. |
|===============================+======================+======================|
|   0  A100-PCIE-40GB      Off  | 00000000:27:00.0 Off |                    0 |
| N/A   28C    P0    33W / 250W |      0MiB / 40536MiB |      0%      Default |
|                               |                      |             Disabled |
+-------------------------------+----------------------+----------------------+
                                                                               
+-----------------------------------------------------------------------------+
| Processes:                                                                  |
|  GPU   GI   CI        PID   Type   Process name                  GPU Memory |
|        ID   ID                                                   Usage      |
|=============================================================================|
|  No running processes found                                                 |
+-----------------------------------------------------------------------------+
0
cuda
using GPU
0.08655183108272352
saving the model
Epoch: 001, Train Acc: 0.1817, Dev Acc: 0.2074
0.2406830266433418
saving the model
Epoch: 002, Train Acc: 0.2634, Dev Acc: 0.3043
0.247604099862604
saving the model
Epoch: 003, Train Acc: 0.2802, Dev Acc: 0.3010
0.28388821995727964
saving the model
Epoch: 004, Train Acc: 0.3213, Dev Acc: 0.3177
0.2892935247135019
saving the model
Epoch: 005, Train Acc: 0.3364, Dev Acc: 0.3445
0.326559805972018
saving the model
Epoch: 006, Train Acc: 0.3743, Dev Acc: 0.3512
0.3537753372993647
saving the model
Epoch: 007, Train Acc: 0.4451, Dev Acc: 0.3746
0.35821343013415424
saving the model
Epoch: 008, Train Acc: 0.4662, Dev Acc: 0.3880
0.3626760277430496
saving the model
Epoch: 009, Train Acc: 0.5354, Dev Acc: 0.3746
Train split results
                        precision    recall  f1-score   support

            ad hominem       0.53      0.64      0.58       225
            ad populum       0.61      0.80      0.69       158
     appeal to emotion       0.83      0.08      0.14       130
    circular reasoning       0.67      0.65      0.66       134
          equivocation       0.00      0.00      0.00        39
fallacy of credibility       0.27      0.52      0.35       107
  fallacy of extension       0.57      0.51      0.54       106
      fallacy of logic       0.46      0.63      0.53       121
  fallacy of relevance       0.61      0.17      0.26       114
       false causality       0.61      0.57      0.59       174
         false dilemma       0.68      0.67      0.68       110
 faulty generalization       0.52      0.66      0.58       319
           intentional       0.61      0.32      0.42       112

              accuracy                           0.54      1849
             macro avg       0.54      0.48      0.46      1849
          weighted avg       0.57      0.54      0.51      1849

Dev split results
                        precision    recall  f1-score   support

            ad hominem       0.31      0.33      0.32        36
            ad populum       0.60      0.57      0.58        44
     appeal to emotion       0.00      0.00      0.00        13
    circular reasoning       0.33      0.33      0.33        18
          equivocation       0.00      0.00      0.00         5
fallacy of credibility       0.06      0.25      0.10         8
  fallacy of extension       0.25      0.21      0.23        14
      fallacy of logic       0.24      0.47      0.32        17
  fallacy of relevance       0.00      0.00      0.00        24
       false causality       0.32      0.38      0.35        24
         false dilemma       0.73      0.58      0.65        19
 faulty generalization       0.47      0.54      0.50        61
           intentional       0.60      0.19      0.29        16

              accuracy                           0.37       299
             macro avg       0.30      0.30      0.28       299
          weighted avg       0.37      0.37      0.36       299

Test split results
                        precision    recall  f1-score   support

            ad hominem       0.48      0.54      0.51        41
            ad populum       0.48      0.67      0.56        30
     appeal to emotion       0.00      0.00      0.00        23
    circular reasoning       0.30      0.32      0.31        19
          equivocation       0.00      0.00      0.00         5
fallacy of credibility       0.17      0.41      0.24        17
  fallacy of extension       0.40      0.29      0.33        21
      fallacy of logic       0.21      0.29      0.24        14
  fallacy of relevance       0.00      0.00      0.00        23
       false causality       0.27      0.39      0.32        18
         false dilemma       0.44      0.58      0.50        12
 faulty generalization       0.35      0.38      0.36        61
           intentional       0.57      0.27      0.36        15

              accuracy                           0.35       299
             macro avg       0.28      0.32      0.29       299
          weighted avg       0.31      0.35      0.32       299

