/cluster/raid/home/zhivar.sourati/logical-fallacy-identification/AMR_parsers_and_graphs
Thu Sep 29 21:48:49 2022       
+-----------------------------------------------------------------------------+
| NVIDIA-SMI 460.32.03    Driver Version: 460.32.03    CUDA Version: 11.2     |
|-------------------------------+----------------------+----------------------+
| GPU  Name        Persistence-M| Bus-Id        Disp.A | Volatile Uncorr. ECC |
| Fan  Temp  Perf  Pwr:Usage/Cap|         Memory-Usage | GPU-Util  Compute M. |
|                               |                      |               MIG M. |
|===============================+======================+======================|
|   0  A100-PCIE-40GB      Off  | 00000000:27:00.0 Off |                    0 |
| N/A   28C    P0    33W / 250W |      0MiB / 40536MiB |      0%      Default |
|                               |                      |             Disabled |
+-------------------------------+----------------------+----------------------+
                                                                               
+-----------------------------------------------------------------------------+
| Processes:                                                                  |
|  GPU   GI   CI        PID   Type   Process name                  GPU Memory |
|        ID   ID                                                   Usage      |
|=============================================================================|
|  No running processes found                                                 |
+-----------------------------------------------------------------------------+
0
cuda
using GPU
0.05363490705452282
saving the model
Epoch: 001, Train Acc: 0.1136, Dev Acc: 0.1037
0.07799460235735595
saving the model
Epoch: 002, Train Acc: 0.1455, Dev Acc: 0.1672
0.07944802653405798
saving the model
Epoch: 003, Train Acc: 0.1612, Dev Acc: 0.2007
0.08865514265687686
saving the model
Epoch: 004, Train Acc: 0.1660, Dev Acc: 0.2107
Epoch: 005, Train Acc: 0.1682, Dev Acc: 0.1873
Epoch: 006, Train Acc: 0.1622, Dev Acc: 0.1940
0.09474908788409933
saving the model
Epoch: 007, Train Acc: 0.1709, Dev Acc: 0.2074
Epoch: 008, Train Acc: 0.1747, Dev Acc: 0.2074
0.11247372289059683
saving the model
Epoch: 009, Train Acc: 0.1769, Dev Acc: 0.2207
0.13639367134869743
saving the model
Epoch: 010, Train Acc: 0.1877, Dev Acc: 0.2408
0.1429302992139843
saving the model
Epoch: 011, Train Acc: 0.1920, Dev Acc: 0.2408
Epoch: 012, Train Acc: 0.1806, Dev Acc: 0.2174
0.14305190435009035
saving the model
Epoch: 013, Train Acc: 0.1947, Dev Acc: 0.2308
Epoch: 014, Train Acc: 0.1871, Dev Acc: 0.2341
0.14610337254041922
saving the model
Epoch: 015, Train Acc: 0.2028, Dev Acc: 0.2408
0.16549219574571325
saving the model
Epoch: 016, Train Acc: 0.2153, Dev Acc: 0.2542
Epoch: 017, Train Acc: 0.2088, Dev Acc: 0.2341
Epoch: 018, Train Acc: 0.2185, Dev Acc: 0.2308
0.16554376067463963
saving the model
Epoch: 019, Train Acc: 0.2142, Dev Acc: 0.2441
0.1732670098110102
saving the model
Epoch: 020, Train Acc: 0.2207, Dev Acc: 0.2508
0.17877330102079264
saving the model
Epoch: 021, Train Acc: 0.2239, Dev Acc: 0.2575
0.21819103915503343
saving the model
Epoch: 022, Train Acc: 0.2455, Dev Acc: 0.2809
Epoch: 023, Train Acc: 0.2374, Dev Acc: 0.2676
Epoch: 024, Train Acc: 0.2466, Dev Acc: 0.2676
Epoch: 025, Train Acc: 0.2547, Dev Acc: 0.2609
Epoch: 026, Train Acc: 0.2434, Dev Acc: 0.2542
Epoch: 027, Train Acc: 0.2601, Dev Acc: 0.2709
Epoch: 028, Train Acc: 0.2650, Dev Acc: 0.2776
0.24538296612600016
saving the model
Epoch: 029, Train Acc: 0.2861, Dev Acc: 0.3043
Epoch: 030, Train Acc: 0.2774, Dev Acc: 0.2977
Epoch: 031, Train Acc: 0.2726, Dev Acc: 0.2943
Epoch: 032, Train Acc: 0.2764, Dev Acc: 0.2809
Epoch: 033, Train Acc: 0.2899, Dev Acc: 0.2943
Epoch: 034, Train Acc: 0.2861, Dev Acc: 0.2843
Epoch: 035, Train Acc: 0.2937, Dev Acc: 0.2977
Epoch: 036, Train Acc: 0.2780, Dev Acc: 0.2876
Epoch: 037, Train Acc: 0.2866, Dev Acc: 0.3077
Epoch: 038, Train Acc: 0.3002, Dev Acc: 0.2977
Epoch: 039, Train Acc: 0.3056, Dev Acc: 0.2977
Epoch: 040, Train Acc: 0.3083, Dev Acc: 0.2977
0.24633132963986223
saving the model
Epoch: 041, Train Acc: 0.3050, Dev Acc: 0.3010
Epoch: 042, Train Acc: 0.3018, Dev Acc: 0.2943
Epoch: 043, Train Acc: 0.2893, Dev Acc: 0.2910
0.27442672698117393
saving the model
Epoch: 044, Train Acc: 0.3202, Dev Acc: 0.3411
Epoch: 045, Train Acc: 0.3202, Dev Acc: 0.3077
Epoch: 046, Train Acc: 0.3245, Dev Acc: 0.3043
Epoch: 047, Train Acc: 0.3321, Dev Acc: 0.3077
Epoch: 048, Train Acc: 0.3353, Dev Acc: 0.3177
Epoch: 049, Train Acc: 0.3369, Dev Acc: 0.3278
Epoch: 050, Train Acc: 0.3521, Dev Acc: 0.3110
Epoch: 051, Train Acc: 0.3386, Dev Acc: 0.3110
Epoch: 052, Train Acc: 0.3326, Dev Acc: 0.3177
0.2826066453952511
saving the model
Epoch: 053, Train Acc: 0.3564, Dev Acc: 0.3344
0.28703413205313244
saving the model
Epoch: 054, Train Acc: 0.3634, Dev Acc: 0.3311
Epoch: 055, Train Acc: 0.3705, Dev Acc: 0.3211
Epoch: 056, Train Acc: 0.3580, Dev Acc: 0.3244
Epoch: 057, Train Acc: 0.3721, Dev Acc: 0.3278
0.29442707866437656
saving the model
Epoch: 058, Train Acc: 0.3802, Dev Acc: 0.3344
Epoch: 059, Train Acc: 0.3705, Dev Acc: 0.3411
Epoch: 060, Train Acc: 0.3797, Dev Acc: 0.3378
Epoch: 061, Train Acc: 0.3851, Dev Acc: 0.3311
Epoch: 062, Train Acc: 0.3862, Dev Acc: 0.3411
Epoch: 063, Train Acc: 0.3667, Dev Acc: 0.3211
Epoch: 064, Train Acc: 0.3899, Dev Acc: 0.3144
0.2982169185950546
saving the model
Epoch: 065, Train Acc: 0.3970, Dev Acc: 0.3411
Epoch: 066, Train Acc: 0.4018, Dev Acc: 0.3344
Epoch: 067, Train Acc: 0.3926, Dev Acc: 0.3278
0.3102655959381603
saving the model
Epoch: 068, Train Acc: 0.4164, Dev Acc: 0.3478
Epoch: 069, Train Acc: 0.4213, Dev Acc: 0.3411
Epoch: 070, Train Acc: 0.4305, Dev Acc: 0.3278
Epoch: 071, Train Acc: 0.4191, Dev Acc: 0.3278
Epoch: 072, Train Acc: 0.4143, Dev Acc: 0.3378
0.31693831037275255
saving the model
Epoch: 073, Train Acc: 0.4456, Dev Acc: 0.3445
Epoch: 074, Train Acc: 0.4321, Dev Acc: 0.3579
Epoch: 075, Train Acc: 0.4402, Dev Acc: 0.3344
Epoch: 076, Train Acc: 0.4521, Dev Acc: 0.3411
0.3193677491368938
saving the model
Epoch: 077, Train Acc: 0.4327, Dev Acc: 0.3579
Epoch: 078, Train Acc: 0.4597, Dev Acc: 0.3278
0.3402940356563527
saving the model
Epoch: 079, Train Acc: 0.4565, Dev Acc: 0.3813
Epoch: 080, Train Acc: 0.4619, Dev Acc: 0.3244
Epoch: 081, Train Acc: 0.4673, Dev Acc: 0.3411
Epoch: 082, Train Acc: 0.4792, Dev Acc: 0.3478
0.3451790993410314
saving the model
Epoch: 083, Train Acc: 0.4705, Dev Acc: 0.3712
Epoch: 084, Train Acc: 0.4776, Dev Acc: 0.3545
Epoch: 085, Train Acc: 0.4786, Dev Acc: 0.3512
Epoch: 086, Train Acc: 0.5084, Dev Acc: 0.3211
Epoch: 087, Train Acc: 0.4630, Dev Acc: 0.3645
Epoch: 088, Train Acc: 0.4965, Dev Acc: 0.3712
Epoch: 089, Train Acc: 0.4943, Dev Acc: 0.3545
Epoch: 090, Train Acc: 0.5030, Dev Acc: 0.3545
Epoch: 091, Train Acc: 0.5089, Dev Acc: 0.3478
Epoch: 092, Train Acc: 0.4997, Dev Acc: 0.3746
Epoch: 093, Train Acc: 0.4916, Dev Acc: 0.3512
Epoch: 094, Train Acc: 0.5187, Dev Acc: 0.3645
Epoch: 095, Train Acc: 0.5160, Dev Acc: 0.3545
Epoch: 096, Train Acc: 0.5246, Dev Acc: 0.3579
Epoch: 097, Train Acc: 0.5333, Dev Acc: 0.3645
Epoch: 098, Train Acc: 0.5473, Dev Acc: 0.3445
Epoch: 099, Train Acc: 0.5446, Dev Acc: 0.3645
Epoch: 100, Train Acc: 0.5533, Dev Acc: 0.3579
Epoch: 101, Train Acc: 0.5544, Dev Acc: 0.3579
Epoch: 102, Train Acc: 0.5625, Dev Acc: 0.3545
Epoch: 103, Train Acc: 0.5646, Dev Acc: 0.3645
Epoch: 104, Train Acc: 0.5673, Dev Acc: 0.3512
Epoch: 105, Train Acc: 0.5668, Dev Acc: 0.3378
Epoch: 106, Train Acc: 0.5479, Dev Acc: 0.3478
Epoch: 107, Train Acc: 0.5576, Dev Acc: 0.3579
0.3556114917171078
saving the model
Epoch: 108, Train Acc: 0.5803, Dev Acc: 0.3746
Epoch: 109, Train Acc: 0.5836, Dev Acc: 0.3612
0.35704663143326726
saving the model
Epoch: 110, Train Acc: 0.5906, Dev Acc: 0.3813
Epoch: 111, Train Acc: 0.5938, Dev Acc: 0.3579
Epoch: 112, Train Acc: 0.5906, Dev Acc: 0.3512
Epoch: 113, Train Acc: 0.5625, Dev Acc: 0.3445
Epoch: 114, Train Acc: 0.6003, Dev Acc: 0.3411
Epoch: 115, Train Acc: 0.6009, Dev Acc: 0.3813
Epoch: 116, Train Acc: 0.5900, Dev Acc: 0.3545
Epoch: 117, Train Acc: 0.5884, Dev Acc: 0.3712
Epoch: 118, Train Acc: 0.6074, Dev Acc: 0.3545
Epoch: 119, Train Acc: 0.6193, Dev Acc: 0.3679
Epoch: 120, Train Acc: 0.6160, Dev Acc: 0.3612
Epoch: 121, Train Acc: 0.6084, Dev Acc: 0.3679
Epoch: 122, Train Acc: 0.6241, Dev Acc: 0.3478
Epoch: 123, Train Acc: 0.6214, Dev Acc: 0.3746
Epoch: 124, Train Acc: 0.6074, Dev Acc: 0.3579
Epoch: 125, Train Acc: 0.6220, Dev Acc: 0.3579
Epoch: 126, Train Acc: 0.6301, Dev Acc: 0.3579
Epoch: 127, Train Acc: 0.6398, Dev Acc: 0.3712
0.3736194804607967
saving the model
Epoch: 128, Train Acc: 0.6403, Dev Acc: 0.3880
Epoch: 129, Train Acc: 0.6360, Dev Acc: 0.3746
Epoch: 130, Train Acc: 0.6371, Dev Acc: 0.3746
Epoch: 131, Train Acc: 0.6539, Dev Acc: 0.3846
Epoch: 132, Train Acc: 0.6485, Dev Acc: 0.3913
Epoch: 133, Train Acc: 0.6371, Dev Acc: 0.3712
Epoch: 134, Train Acc: 0.6587, Dev Acc: 0.3712
Epoch: 135, Train Acc: 0.6593, Dev Acc: 0.3712
Epoch: 136, Train Acc: 0.6587, Dev Acc: 0.3679
Epoch: 137, Train Acc: 0.6685, Dev Acc: 0.3712
Epoch: 138, Train Acc: 0.6598, Dev Acc: 0.3612
Epoch: 139, Train Acc: 0.6566, Dev Acc: 0.3712
Epoch: 140, Train Acc: 0.6533, Dev Acc: 0.3846
Epoch: 141, Train Acc: 0.6431, Dev Acc: 0.3612
Epoch: 142, Train Acc: 0.6744, Dev Acc: 0.3545
0.37443404861048474
saving the model
Epoch: 143, Train Acc: 0.6679, Dev Acc: 0.3880
Epoch: 144, Train Acc: 0.6852, Dev Acc: 0.3746
Epoch: 145, Train Acc: 0.6831, Dev Acc: 0.3645
Epoch: 146, Train Acc: 0.6760, Dev Acc: 0.3612
Epoch: 147, Train Acc: 0.6701, Dev Acc: 0.3846
Epoch: 148, Train Acc: 0.6896, Dev Acc: 0.3846
Epoch: 149, Train Acc: 0.6993, Dev Acc: 0.3545
Epoch: 150, Train Acc: 0.6858, Dev Acc: 0.3946
Epoch: 151, Train Acc: 0.6977, Dev Acc: 0.3645
Epoch: 152, Train Acc: 0.7009, Dev Acc: 0.3746
Epoch: 153, Train Acc: 0.6923, Dev Acc: 0.3679
Epoch: 154, Train Acc: 0.6755, Dev Acc: 0.3746
Epoch: 155, Train Acc: 0.6874, Dev Acc: 0.3913
Epoch: 156, Train Acc: 0.6998, Dev Acc: 0.3813
0.39035246468001195
saving the model
Epoch: 157, Train Acc: 0.7058, Dev Acc: 0.4080
Epoch: 158, Train Acc: 0.7047, Dev Acc: 0.3913
Epoch: 159, Train Acc: 0.7020, Dev Acc: 0.3846
Epoch: 160, Train Acc: 0.7036, Dev Acc: 0.3645
Epoch: 161, Train Acc: 0.6993, Dev Acc: 0.3645
Epoch: 162, Train Acc: 0.7139, Dev Acc: 0.3813
Epoch: 163, Train Acc: 0.6998, Dev Acc: 0.3645
Epoch: 164, Train Acc: 0.7107, Dev Acc: 0.3846
Epoch: 165, Train Acc: 0.6971, Dev Acc: 0.3712
Epoch: 166, Train Acc: 0.6998, Dev Acc: 0.3746
Epoch: 167, Train Acc: 0.7069, Dev Acc: 0.3880
Epoch: 168, Train Acc: 0.6939, Dev Acc: 0.3579
Epoch: 169, Train Acc: 0.7209, Dev Acc: 0.3880
Epoch: 170, Train Acc: 0.7117, Dev Acc: 0.3679
Epoch: 171, Train Acc: 0.7236, Dev Acc: 0.3813
Epoch: 172, Train Acc: 0.7280, Dev Acc: 0.3579
Epoch: 173, Train Acc: 0.7296, Dev Acc: 0.3846
Epoch: 174, Train Acc: 0.7166, Dev Acc: 0.3645
Epoch: 175, Train Acc: 0.7388, Dev Acc: 0.3779
Epoch: 176, Train Acc: 0.7269, Dev Acc: 0.3512
Epoch: 177, Train Acc: 0.7399, Dev Acc: 0.3579
Epoch: 178, Train Acc: 0.7290, Dev Acc: 0.3846
Epoch: 179, Train Acc: 0.7317, Dev Acc: 0.3712
Epoch: 180, Train Acc: 0.7491, Dev Acc: 0.3779
Epoch: 181, Train Acc: 0.7442, Dev Acc: 0.4013
Epoch: 182, Train Acc: 0.7399, Dev Acc: 0.3846
Epoch: 183, Train Acc: 0.7480, Dev Acc: 0.3913
Epoch: 184, Train Acc: 0.7534, Dev Acc: 0.3846
Epoch: 185, Train Acc: 0.7610, Dev Acc: 0.3779
Epoch: 186, Train Acc: 0.7409, Dev Acc: 0.3846
Epoch: 187, Train Acc: 0.7388, Dev Acc: 0.3813
0.3945844897226861
saving the model
Epoch: 188, Train Acc: 0.7420, Dev Acc: 0.4147
0.40341317307101526
saving the model
Epoch: 189, Train Acc: 0.7539, Dev Acc: 0.4181
Epoch: 190, Train Acc: 0.7572, Dev Acc: 0.4013
Epoch: 191, Train Acc: 0.7388, Dev Acc: 0.4080
Epoch: 192, Train Acc: 0.7426, Dev Acc: 0.3779
0.40815293386334023
saving the model
Epoch: 193, Train Acc: 0.7572, Dev Acc: 0.4247
Epoch: 194, Train Acc: 0.7599, Dev Acc: 0.4080
Epoch: 195, Train Acc: 0.7620, Dev Acc: 0.3913
Epoch: 196, Train Acc: 0.7512, Dev Acc: 0.3980
0.4130285421733105
saving the model
Epoch: 197, Train Acc: 0.7626, Dev Acc: 0.4247
Epoch: 198, Train Acc: 0.7642, Dev Acc: 0.4013
Epoch: 199, Train Acc: 0.7674, Dev Acc: 0.4047
Epoch: 200, Train Acc: 0.7550, Dev Acc: 0.4181
Epoch: 201, Train Acc: 0.7707, Dev Acc: 0.4047
Epoch: 202, Train Acc: 0.7729, Dev Acc: 0.4080
Epoch: 203, Train Acc: 0.7664, Dev Acc: 0.4147
Epoch: 204, Train Acc: 0.7766, Dev Acc: 0.3846
Epoch: 205, Train Acc: 0.7756, Dev Acc: 0.4013
Epoch: 206, Train Acc: 0.7734, Dev Acc: 0.3779
Epoch: 207, Train Acc: 0.7555, Dev Acc: 0.4247
Epoch: 208, Train Acc: 0.7793, Dev Acc: 0.3712
Epoch: 209, Train Acc: 0.7831, Dev Acc: 0.3846
Epoch: 210, Train Acc: 0.7739, Dev Acc: 0.4013
Epoch: 211, Train Acc: 0.7772, Dev Acc: 0.3913
Epoch: 212, Train Acc: 0.7756, Dev Acc: 0.3913
Epoch: 213, Train Acc: 0.7734, Dev Acc: 0.4214
Epoch: 214, Train Acc: 0.7804, Dev Acc: 0.4013
Epoch: 215, Train Acc: 0.7739, Dev Acc: 0.4047
Epoch: 216, Train Acc: 0.7847, Dev Acc: 0.4114
Epoch: 217, Train Acc: 0.7815, Dev Acc: 0.3946
Epoch: 218, Train Acc: 0.7831, Dev Acc: 0.4114
Epoch: 219, Train Acc: 0.7918, Dev Acc: 0.4080
Epoch: 220, Train Acc: 0.7777, Dev Acc: 0.3880
Epoch: 221, Train Acc: 0.7853, Dev Acc: 0.4013
Epoch: 222, Train Acc: 0.7896, Dev Acc: 0.4047
Epoch: 223, Train Acc: 0.7880, Dev Acc: 0.3946
Epoch: 224, Train Acc: 0.7929, Dev Acc: 0.4114
Epoch: 225, Train Acc: 0.7783, Dev Acc: 0.3913
Epoch: 226, Train Acc: 0.7842, Dev Acc: 0.4080
Epoch: 227, Train Acc: 0.7907, Dev Acc: 0.4214
Epoch: 228, Train Acc: 0.7999, Dev Acc: 0.4181
Epoch: 229, Train Acc: 0.8053, Dev Acc: 0.4181
Epoch: 230, Train Acc: 0.8058, Dev Acc: 0.3880
Epoch: 231, Train Acc: 0.8004, Dev Acc: 0.3980
Epoch: 232, Train Acc: 0.7966, Dev Acc: 0.4214
Epoch: 233, Train Acc: 0.8048, Dev Acc: 0.4013
Epoch: 234, Train Acc: 0.8118, Dev Acc: 0.4013
Epoch: 235, Train Acc: 0.8058, Dev Acc: 0.4047
Epoch: 236, Train Acc: 0.8048, Dev Acc: 0.4047
Epoch: 237, Train Acc: 0.8085, Dev Acc: 0.4214
Epoch: 238, Train Acc: 0.8058, Dev Acc: 0.4080
Epoch: 239, Train Acc: 0.7858, Dev Acc: 0.4147
Epoch: 240, Train Acc: 0.8042, Dev Acc: 0.4114
Epoch: 241, Train Acc: 0.8080, Dev Acc: 0.4114
Epoch: 242, Train Acc: 0.8037, Dev Acc: 0.3645
Epoch: 243, Train Acc: 0.8010, Dev Acc: 0.4013
Epoch: 244, Train Acc: 0.8188, Dev Acc: 0.4114
Epoch: 245, Train Acc: 0.8091, Dev Acc: 0.3913
Epoch: 246, Train Acc: 0.8053, Dev Acc: 0.3946
Epoch: 247, Train Acc: 0.8058, Dev Acc: 0.3980
Epoch: 248, Train Acc: 0.8177, Dev Acc: 0.4114
Epoch: 249, Train Acc: 0.8145, Dev Acc: 0.3679
Epoch: 250, Train Acc: 0.8183, Dev Acc: 0.4013
Epoch: 251, Train Acc: 0.8156, Dev Acc: 0.4147
Epoch: 252, Train Acc: 0.8188, Dev Acc: 0.4080
Epoch: 253, Train Acc: 0.8080, Dev Acc: 0.4181
Epoch: 254, Train Acc: 0.8188, Dev Acc: 0.4080
Epoch: 255, Train Acc: 0.8221, Dev Acc: 0.4047
Epoch: 256, Train Acc: 0.8253, Dev Acc: 0.3913
Epoch: 257, Train Acc: 0.8075, Dev Acc: 0.4047
Epoch: 258, Train Acc: 0.8215, Dev Acc: 0.4214
Epoch: 259, Train Acc: 0.8221, Dev Acc: 0.4181
Epoch: 260, Train Acc: 0.8253, Dev Acc: 0.4080
Epoch: 261, Train Acc: 0.8286, Dev Acc: 0.4114
Epoch: 262, Train Acc: 0.8134, Dev Acc: 0.3880
Epoch: 263, Train Acc: 0.8275, Dev Acc: 0.4114
Epoch: 264, Train Acc: 0.8242, Dev Acc: 0.3946
Epoch: 265, Train Acc: 0.8242, Dev Acc: 0.3846
Epoch: 266, Train Acc: 0.8372, Dev Acc: 0.4080
Epoch: 267, Train Acc: 0.8340, Dev Acc: 0.4114
0.4203677305164896
saving the model
Epoch: 268, Train Acc: 0.8394, Dev Acc: 0.4314
Epoch: 269, Train Acc: 0.8334, Dev Acc: 0.4181
Epoch: 270, Train Acc: 0.8242, Dev Acc: 0.4181
Epoch: 271, Train Acc: 0.8372, Dev Acc: 0.4114
Epoch: 272, Train Acc: 0.8426, Dev Acc: 0.4247
Epoch: 273, Train Acc: 0.8210, Dev Acc: 0.4080
0.4252155005176337
saving the model
Epoch: 274, Train Acc: 0.8437, Dev Acc: 0.4247
Epoch: 275, Train Acc: 0.8237, Dev Acc: 0.4114
Epoch: 276, Train Acc: 0.8318, Dev Acc: 0.3913
Epoch: 277, Train Acc: 0.8372, Dev Acc: 0.4047
Epoch: 278, Train Acc: 0.8361, Dev Acc: 0.3913
Epoch: 279, Train Acc: 0.8405, Dev Acc: 0.4080
Epoch: 280, Train Acc: 0.8399, Dev Acc: 0.4114
Epoch: 281, Train Acc: 0.8372, Dev Acc: 0.4114
Epoch: 282, Train Acc: 0.8469, Dev Acc: 0.4181
Epoch: 283, Train Acc: 0.8410, Dev Acc: 0.3880
Epoch: 284, Train Acc: 0.8432, Dev Acc: 0.4114
Epoch: 285, Train Acc: 0.8469, Dev Acc: 0.4147
Epoch: 286, Train Acc: 0.8518, Dev Acc: 0.4247
Epoch: 287, Train Acc: 0.8378, Dev Acc: 0.4181
Epoch: 288, Train Acc: 0.8540, Dev Acc: 0.4247
Epoch: 289, Train Acc: 0.8453, Dev Acc: 0.4013
Epoch: 290, Train Acc: 0.8421, Dev Acc: 0.4047
Epoch: 291, Train Acc: 0.8437, Dev Acc: 0.4281
Epoch: 292, Train Acc: 0.8437, Dev Acc: 0.4013
Epoch: 293, Train Acc: 0.8421, Dev Acc: 0.4013
Epoch: 294, Train Acc: 0.8432, Dev Acc: 0.4181
0.42885372156389456
saving the model
Epoch: 295, Train Acc: 0.8307, Dev Acc: 0.4314
Epoch: 296, Train Acc: 0.8534, Dev Acc: 0.4247
Epoch: 297, Train Acc: 0.8551, Dev Acc: 0.4214
Epoch: 298, Train Acc: 0.8567, Dev Acc: 0.4214
0.43704623263347725
saving the model
Epoch: 299, Train Acc: 0.8621, Dev Acc: 0.4448
Epoch: 300, Train Acc: 0.8459, Dev Acc: 0.4281
Epoch: 301, Train Acc: 0.8583, Dev Acc: 0.4415
Epoch: 302, Train Acc: 0.8594, Dev Acc: 0.4281
Epoch: 303, Train Acc: 0.8567, Dev Acc: 0.4247
Epoch: 304, Train Acc: 0.8599, Dev Acc: 0.4013
Epoch: 305, Train Acc: 0.8491, Dev Acc: 0.4080
Epoch: 306, Train Acc: 0.8588, Dev Acc: 0.4114
Epoch: 307, Train Acc: 0.8567, Dev Acc: 0.4214
Epoch: 308, Train Acc: 0.8534, Dev Acc: 0.4114
Epoch: 309, Train Acc: 0.8556, Dev Acc: 0.4147
Epoch: 310, Train Acc: 0.8556, Dev Acc: 0.4147
Epoch: 311, Train Acc: 0.8486, Dev Acc: 0.4114
Epoch: 312, Train Acc: 0.8632, Dev Acc: 0.4214
Epoch: 313, Train Acc: 0.8621, Dev Acc: 0.4147
Epoch: 314, Train Acc: 0.8659, Dev Acc: 0.3946
Epoch: 315, Train Acc: 0.8702, Dev Acc: 0.4214
Epoch: 316, Train Acc: 0.8529, Dev Acc: 0.4047
Epoch: 317, Train Acc: 0.8653, Dev Acc: 0.4147
Epoch: 318, Train Acc: 0.8599, Dev Acc: 0.4114
Epoch: 319, Train Acc: 0.8615, Dev Acc: 0.4214
Epoch: 320, Train Acc: 0.8680, Dev Acc: 0.4181
Epoch: 321, Train Acc: 0.8734, Dev Acc: 0.4348
Epoch: 322, Train Acc: 0.8615, Dev Acc: 0.4080
Epoch: 323, Train Acc: 0.8691, Dev Acc: 0.4013
Epoch: 324, Train Acc: 0.8599, Dev Acc: 0.4114
Epoch: 325, Train Acc: 0.8713, Dev Acc: 0.4147
Epoch: 326, Train Acc: 0.8799, Dev Acc: 0.4147
Epoch: 327, Train Acc: 0.8578, Dev Acc: 0.3980
Epoch: 328, Train Acc: 0.8745, Dev Acc: 0.4114
Epoch: 329, Train Acc: 0.8502, Dev Acc: 0.4013
Epoch: 330, Train Acc: 0.8724, Dev Acc: 0.4080
Epoch: 331, Train Acc: 0.8707, Dev Acc: 0.3946
Epoch: 332, Train Acc: 0.8702, Dev Acc: 0.4047
Epoch: 333, Train Acc: 0.8724, Dev Acc: 0.4247
Epoch: 334, Train Acc: 0.8529, Dev Acc: 0.3846
Epoch: 335, Train Acc: 0.8680, Dev Acc: 0.4114
Epoch: 336, Train Acc: 0.8605, Dev Acc: 0.4147
Epoch: 337, Train Acc: 0.8702, Dev Acc: 0.4247
Epoch: 338, Train Acc: 0.8691, Dev Acc: 0.4013
Epoch: 339, Train Acc: 0.8653, Dev Acc: 0.4214
Epoch: 340, Train Acc: 0.8724, Dev Acc: 0.4047
Epoch: 341, Train Acc: 0.8632, Dev Acc: 0.4214
Epoch: 342, Train Acc: 0.8718, Dev Acc: 0.4281
Epoch: 343, Train Acc: 0.8767, Dev Acc: 0.4147
Epoch: 344, Train Acc: 0.8821, Dev Acc: 0.4314
Epoch: 345, Train Acc: 0.8783, Dev Acc: 0.4281
0.43715580954413663
saving the model
Epoch: 346, Train Acc: 0.8729, Dev Acc: 0.4415
Epoch: 347, Train Acc: 0.8794, Dev Acc: 0.4281
Epoch: 348, Train Acc: 0.8713, Dev Acc: 0.4181
Epoch: 349, Train Acc: 0.8772, Dev Acc: 0.4247
Epoch: 350, Train Acc: 0.8794, Dev Acc: 0.4147
Epoch: 351, Train Acc: 0.8772, Dev Acc: 0.4314
Epoch: 352, Train Acc: 0.8729, Dev Acc: 0.4147
Epoch: 353, Train Acc: 0.8870, Dev Acc: 0.4114
Epoch: 354, Train Acc: 0.8740, Dev Acc: 0.4147
Epoch: 355, Train Acc: 0.8843, Dev Acc: 0.4047
Epoch: 356, Train Acc: 0.8794, Dev Acc: 0.4281
Epoch: 357, Train Acc: 0.8805, Dev Acc: 0.4214
Epoch: 358, Train Acc: 0.8875, Dev Acc: 0.4281
Epoch: 359, Train Acc: 0.8740, Dev Acc: 0.4314
Epoch: 360, Train Acc: 0.8886, Dev Acc: 0.4114
Epoch: 361, Train Acc: 0.8859, Dev Acc: 0.3980
Epoch: 362, Train Acc: 0.8826, Dev Acc: 0.4247
Epoch: 363, Train Acc: 0.8805, Dev Acc: 0.4181
Epoch: 364, Train Acc: 0.8832, Dev Acc: 0.4181
Epoch: 365, Train Acc: 0.8772, Dev Acc: 0.4214
Epoch: 366, Train Acc: 0.8908, Dev Acc: 0.4080
Epoch: 367, Train Acc: 0.8772, Dev Acc: 0.3980
Epoch: 368, Train Acc: 0.8810, Dev Acc: 0.4147
Epoch: 369, Train Acc: 0.8848, Dev Acc: 0.4247
Epoch: 370, Train Acc: 0.8799, Dev Acc: 0.4147
Epoch: 371, Train Acc: 0.8691, Dev Acc: 0.4080
Epoch: 372, Train Acc: 0.8918, Dev Acc: 0.4147
Epoch: 373, Train Acc: 0.8761, Dev Acc: 0.4314
Epoch: 374, Train Acc: 0.8853, Dev Acc: 0.4013
Epoch: 375, Train Acc: 0.8816, Dev Acc: 0.3846
Epoch: 376, Train Acc: 0.8886, Dev Acc: 0.3813
Epoch: 377, Train Acc: 0.8853, Dev Acc: 0.4114
Epoch: 378, Train Acc: 0.8832, Dev Acc: 0.4047
Epoch: 379, Train Acc: 0.8897, Dev Acc: 0.4181
Epoch: 380, Train Acc: 0.8848, Dev Acc: 0.4047
Epoch: 381, Train Acc: 0.8848, Dev Acc: 0.4147
Epoch: 382, Train Acc: 0.8859, Dev Acc: 0.4147
Epoch: 383, Train Acc: 0.8929, Dev Acc: 0.4214
Epoch: 384, Train Acc: 0.8789, Dev Acc: 0.4080
Epoch: 385, Train Acc: 0.8891, Dev Acc: 0.4080
Epoch: 386, Train Acc: 0.8983, Dev Acc: 0.4147
Epoch: 387, Train Acc: 0.8978, Dev Acc: 0.4147
Epoch: 388, Train Acc: 0.8918, Dev Acc: 0.4147
Epoch: 389, Train Acc: 0.8908, Dev Acc: 0.4147
Epoch: 390, Train Acc: 0.8918, Dev Acc: 0.4247
Epoch: 391, Train Acc: 0.8891, Dev Acc: 0.4147
Epoch: 392, Train Acc: 0.8918, Dev Acc: 0.4080
Epoch: 393, Train Acc: 0.8935, Dev Acc: 0.4013
Epoch: 394, Train Acc: 0.8924, Dev Acc: 0.4147
Epoch: 395, Train Acc: 0.8978, Dev Acc: 0.4047
Epoch: 396, Train Acc: 0.8913, Dev Acc: 0.4047
Epoch: 397, Train Acc: 0.8891, Dev Acc: 0.4013
Epoch: 398, Train Acc: 0.9010, Dev Acc: 0.4348
Epoch: 399, Train Acc: 0.8956, Dev Acc: 0.4147
Train split results
                        precision    recall  f1-score   support

            ad hominem       0.88      0.99      0.93       225
            ad populum       0.99      0.96      0.97       158
     appeal to emotion       0.66      0.85      0.74       130
    circular reasoning       0.86      1.00      0.93       134
          equivocation       0.80      0.10      0.18        39
fallacy of credibility       0.87      0.95      0.91       107
  fallacy of extension       0.96      0.92      0.94       106
      fallacy of logic       0.77      0.97      0.86       121
  fallacy of relevance       0.76      0.25      0.37       114
       false causality       0.98      0.93      0.95       174
         false dilemma       1.00      0.98      0.99       110
 faulty generalization       0.98      0.97      0.97       319
           intentional       0.92      0.97      0.95       112

              accuracy                           0.90      1849
             macro avg       0.88      0.83      0.82      1849
          weighted avg       0.90      0.90      0.88      1849

Dev split results
                        precision    recall  f1-score   support

            ad hominem       0.37      0.39      0.38        36
            ad populum       0.67      0.50      0.57        44
     appeal to emotion       0.20      0.23      0.21        13
    circular reasoning       0.42      0.56      0.48        18
          equivocation       0.00      0.00      0.00         5
fallacy of credibility       0.10      0.12      0.11         8
  fallacy of extension       0.46      0.43      0.44        14
      fallacy of logic       0.31      0.29      0.30        17
  fallacy of relevance       0.15      0.08      0.11        24
       false causality       0.41      0.58      0.48        24
         false dilemma       0.83      0.53      0.65        19
 faulty generalization       0.44      0.52      0.48        61
           intentional       0.28      0.31      0.29        16

              accuracy                           0.41       299
             macro avg       0.36      0.35      0.35       299
          weighted avg       0.42      0.41      0.41       299

Test split results
                        precision    recall  f1-score   support

            ad hominem       0.56      0.54      0.55        41
            ad populum       0.58      0.50      0.54        30
     appeal to emotion       0.25      0.22      0.23        23
    circular reasoning       0.22      0.37      0.27        19
          equivocation       0.00      0.00      0.00         5
fallacy of credibility       0.20      0.24      0.22        17
  fallacy of extension       0.70      0.33      0.45        21
      fallacy of logic       0.28      0.36      0.31        14
  fallacy of relevance       0.11      0.04      0.06        23
       false causality       0.43      0.33      0.38        18
         false dilemma       0.67      0.83      0.74        12
 faulty generalization       0.49      0.59      0.53        61
           intentional       0.19      0.27      0.22        15

              accuracy                           0.41       299
             macro avg       0.36      0.36      0.35       299
          weighted avg       0.41      0.41      0.40       299

