/cluster/raid/home/zhivar.sourati/logical-fallacy-identification/AMR_parsers_and_graphs
Thu Sep 29 21:14:05 2022       
+-----------------------------------------------------------------------------+
| NVIDIA-SMI 460.32.03    Driver Version: 460.32.03    CUDA Version: 11.2     |
|-------------------------------+----------------------+----------------------+
| GPU  Name        Persistence-M| Bus-Id        Disp.A | Volatile Uncorr. ECC |
| Fan  Temp  Perf  Pwr:Usage/Cap|         Memory-Usage | GPU-Util  Compute M. |
|                               |                      |               MIG M. |
|===============================+======================+======================|
|   0  A100-PCIE-40GB      Off  | 00000000:27:00.0 Off |                    0 |
| N/A   28C    P0    33W / 250W |      0MiB / 40536MiB |      0%      Default |
|                               |                      |             Disabled |
+-------------------------------+----------------------+----------------------+
                                                                               
+-----------------------------------------------------------------------------+
| Processes:                                                                  |
|  GPU   GI   CI        PID   Type   Process name                  GPU Memory |
|        ID   ID                                                   Usage      |
|=============================================================================|
|  No running processes found                                                 |
+-----------------------------------------------------------------------------+
0
cuda
using GPU
0.025954779404401898
saving the model
Epoch: 001, Train Acc: 0.1217, Dev Acc: 0.1204
Epoch: 002, Train Acc: 0.1217, Dev Acc: 0.1204
0.0683014513520162
saving the model
Epoch: 003, Train Acc: 0.1444, Dev Acc: 0.1438
0.110475779051787
saving the model
Epoch: 004, Train Acc: 0.1839, Dev Acc: 0.2308
Epoch: 005, Train Acc: 0.1779, Dev Acc: 0.2074
Epoch: 006, Train Acc: 0.1714, Dev Acc: 0.2040
Epoch: 007, Train Acc: 0.1860, Dev Acc: 0.2174
0.11470315025422381
saving the model
Epoch: 008, Train Acc: 0.1985, Dev Acc: 0.2074
Epoch: 009, Train Acc: 0.1947, Dev Acc: 0.2207
0.11776268997194092
saving the model
Epoch: 010, Train Acc: 0.2034, Dev Acc: 0.2274
0.14483024222154658
saving the model
Epoch: 011, Train Acc: 0.2190, Dev Acc: 0.2308
0.1513775949323198
saving the model
Epoch: 012, Train Acc: 0.2174, Dev Acc: 0.2475
Epoch: 013, Train Acc: 0.2039, Dev Acc: 0.2140
0.15517158912461346
saving the model
Epoch: 014, Train Acc: 0.2055, Dev Acc: 0.2140
Epoch: 015, Train Acc: 0.2374, Dev Acc: 0.2408
0.1566412351597424
saving the model
Epoch: 016, Train Acc: 0.2326, Dev Acc: 0.2408
0.17422537293359608
saving the model
Epoch: 017, Train Acc: 0.2363, Dev Acc: 0.2709
Epoch: 018, Train Acc: 0.2423, Dev Acc: 0.2575
0.1792943898207056
saving the model
Epoch: 019, Train Acc: 0.2374, Dev Acc: 0.2575
Epoch: 020, Train Acc: 0.2618, Dev Acc: 0.2642
Epoch: 021, Train Acc: 0.2634, Dev Acc: 0.2642
0.18493786744185933
saving the model
Epoch: 022, Train Acc: 0.2574, Dev Acc: 0.2709
0.18887699869467048
saving the model
Epoch: 023, Train Acc: 0.2628, Dev Acc: 0.2742
0.19492818562743722
saving the model
Epoch: 024, Train Acc: 0.2634, Dev Acc: 0.2843
Epoch: 025, Train Acc: 0.2607, Dev Acc: 0.2676
0.198865313528225
saving the model
Epoch: 026, Train Acc: 0.2720, Dev Acc: 0.2910
Epoch: 027, Train Acc: 0.2677, Dev Acc: 0.2776
0.20128532683463704
saving the model
Epoch: 028, Train Acc: 0.2791, Dev Acc: 0.2876
Epoch: 029, Train Acc: 0.2769, Dev Acc: 0.2676
Epoch: 030, Train Acc: 0.2823, Dev Acc: 0.2742
0.2137662026230328
saving the model
Epoch: 031, Train Acc: 0.2888, Dev Acc: 0.2876
Epoch: 032, Train Acc: 0.2980, Dev Acc: 0.2910
Epoch: 033, Train Acc: 0.3002, Dev Acc: 0.2910
Epoch: 034, Train Acc: 0.3050, Dev Acc: 0.2910
Epoch: 035, Train Acc: 0.2904, Dev Acc: 0.2575
Epoch: 036, Train Acc: 0.3007, Dev Acc: 0.2609
0.23173554393750745
saving the model
Epoch: 037, Train Acc: 0.3250, Dev Acc: 0.3144
Epoch: 038, Train Acc: 0.3359, Dev Acc: 0.2943
Epoch: 039, Train Acc: 0.3386, Dev Acc: 0.2910
Epoch: 040, Train Acc: 0.3423, Dev Acc: 0.2776
Epoch: 041, Train Acc: 0.3337, Dev Acc: 0.3010
Epoch: 042, Train Acc: 0.3407, Dev Acc: 0.2709
Epoch: 043, Train Acc: 0.3418, Dev Acc: 0.2776
0.26406470347385635
saving the model
Epoch: 044, Train Acc: 0.3732, Dev Acc: 0.3244
Epoch: 045, Train Acc: 0.3640, Dev Acc: 0.3077
Epoch: 046, Train Acc: 0.3678, Dev Acc: 0.3010
Epoch: 047, Train Acc: 0.3721, Dev Acc: 0.3043
Epoch: 048, Train Acc: 0.3883, Dev Acc: 0.3077
Epoch: 049, Train Acc: 0.3889, Dev Acc: 0.3043
Epoch: 050, Train Acc: 0.3786, Dev Acc: 0.3077
Epoch: 051, Train Acc: 0.3867, Dev Acc: 0.3010
Epoch: 052, Train Acc: 0.3959, Dev Acc: 0.3244
0.2642380975165565
saving the model
Epoch: 053, Train Acc: 0.3964, Dev Acc: 0.3144
Epoch: 054, Train Acc: 0.3937, Dev Acc: 0.3043
Epoch: 055, Train Acc: 0.3981, Dev Acc: 0.2910
0.2850443425025365
saving the model
Epoch: 056, Train Acc: 0.4094, Dev Acc: 0.3311
0.3008072362087595
saving the model
Epoch: 057, Train Acc: 0.4332, Dev Acc: 0.3478
Epoch: 058, Train Acc: 0.4164, Dev Acc: 0.3211
0.3051765105986132
saving the model
Epoch: 059, Train Acc: 0.4294, Dev Acc: 0.3512
Epoch: 060, Train Acc: 0.4305, Dev Acc: 0.3311
Epoch: 061, Train Acc: 0.4256, Dev Acc: 0.3211
Epoch: 062, Train Acc: 0.4246, Dev Acc: 0.3244
0.3080640642252441
saving the model
Epoch: 063, Train Acc: 0.4310, Dev Acc: 0.3512
Epoch: 064, Train Acc: 0.4381, Dev Acc: 0.3579
Epoch: 065, Train Acc: 0.4440, Dev Acc: 0.3378
Epoch: 066, Train Acc: 0.4565, Dev Acc: 0.3478
Epoch: 067, Train Acc: 0.4429, Dev Acc: 0.3211
Epoch: 068, Train Acc: 0.4532, Dev Acc: 0.3344
Epoch: 069, Train Acc: 0.4511, Dev Acc: 0.3244
Epoch: 070, Train Acc: 0.4586, Dev Acc: 0.3445
Epoch: 071, Train Acc: 0.4592, Dev Acc: 0.3211
0.31440329185989374
saving the model
Epoch: 072, Train Acc: 0.4792, Dev Acc: 0.3612
0.3287192014228438
saving the model
Epoch: 073, Train Acc: 0.4835, Dev Acc: 0.3612
Epoch: 074, Train Acc: 0.4651, Dev Acc: 0.3177
Epoch: 075, Train Acc: 0.4813, Dev Acc: 0.3211
Epoch: 076, Train Acc: 0.4819, Dev Acc: 0.3545
Epoch: 077, Train Acc: 0.4667, Dev Acc: 0.3278
Epoch: 078, Train Acc: 0.5014, Dev Acc: 0.3579
Epoch: 079, Train Acc: 0.4765, Dev Acc: 0.3278
Epoch: 080, Train Acc: 0.4900, Dev Acc: 0.3244
Epoch: 081, Train Acc: 0.4840, Dev Acc: 0.3445
Epoch: 082, Train Acc: 0.4932, Dev Acc: 0.3378
0.35025319853501874
saving the model
Epoch: 083, Train Acc: 0.5387, Dev Acc: 0.3846
Epoch: 084, Train Acc: 0.5035, Dev Acc: 0.3478
Epoch: 085, Train Acc: 0.5187, Dev Acc: 0.3579
Epoch: 086, Train Acc: 0.5403, Dev Acc: 0.3645
Epoch: 087, Train Acc: 0.5311, Dev Acc: 0.3512
0.3533878556339974
saving the model
Epoch: 088, Train Acc: 0.5571, Dev Acc: 0.3813
Epoch: 089, Train Acc: 0.5425, Dev Acc: 0.3746
Epoch: 090, Train Acc: 0.5322, Dev Acc: 0.3579
Epoch: 091, Train Acc: 0.5311, Dev Acc: 0.3512
Epoch: 092, Train Acc: 0.5516, Dev Acc: 0.3679
Epoch: 093, Train Acc: 0.5544, Dev Acc: 0.3344
Epoch: 094, Train Acc: 0.5598, Dev Acc: 0.3645
0.35761075611646576
saving the model
Epoch: 095, Train Acc: 0.5625, Dev Acc: 0.3946
Epoch: 096, Train Acc: 0.5592, Dev Acc: 0.3478
Epoch: 097, Train Acc: 0.5625, Dev Acc: 0.3311
Epoch: 098, Train Acc: 0.5533, Dev Acc: 0.3579
Epoch: 099, Train Acc: 0.5576, Dev Acc: 0.3278
Epoch: 100, Train Acc: 0.5771, Dev Acc: 0.3512
Epoch: 101, Train Acc: 0.5727, Dev Acc: 0.3211
Epoch: 102, Train Acc: 0.5868, Dev Acc: 0.3612
Epoch: 103, Train Acc: 0.5960, Dev Acc: 0.3679
Epoch: 104, Train Acc: 0.5771, Dev Acc: 0.3378
Epoch: 105, Train Acc: 0.5484, Dev Acc: 0.3311
Epoch: 106, Train Acc: 0.5955, Dev Acc: 0.3579
Epoch: 107, Train Acc: 0.5717, Dev Acc: 0.3746
Epoch: 108, Train Acc: 0.5863, Dev Acc: 0.3512
Epoch: 109, Train Acc: 0.5879, Dev Acc: 0.3478
0.35884048906090765
saving the model
Epoch: 110, Train Acc: 0.6063, Dev Acc: 0.3813
Epoch: 111, Train Acc: 0.5960, Dev Acc: 0.3612
Epoch: 112, Train Acc: 0.6030, Dev Acc: 0.3512
Epoch: 113, Train Acc: 0.6025, Dev Acc: 0.3478
Epoch: 114, Train Acc: 0.6063, Dev Acc: 0.3645
0.3680698159228244
saving the model
Epoch: 115, Train Acc: 0.6138, Dev Acc: 0.3946
Epoch: 116, Train Acc: 0.6284, Dev Acc: 0.3478
Epoch: 117, Train Acc: 0.6041, Dev Acc: 0.3344
Epoch: 118, Train Acc: 0.6247, Dev Acc: 0.3645
Epoch: 119, Train Acc: 0.6203, Dev Acc: 0.3746
Epoch: 120, Train Acc: 0.6403, Dev Acc: 0.3679
Epoch: 121, Train Acc: 0.6214, Dev Acc: 0.3378
Epoch: 122, Train Acc: 0.6263, Dev Acc: 0.3244
Epoch: 123, Train Acc: 0.6274, Dev Acc: 0.3712
Epoch: 124, Train Acc: 0.6230, Dev Acc: 0.3679
Epoch: 125, Train Acc: 0.6155, Dev Acc: 0.3545
Epoch: 126, Train Acc: 0.6247, Dev Acc: 0.3579
Epoch: 127, Train Acc: 0.6214, Dev Acc: 0.3712
0.3701991963841973
saving the model
Epoch: 128, Train Acc: 0.6604, Dev Acc: 0.3913
Epoch: 129, Train Acc: 0.6284, Dev Acc: 0.3813
Epoch: 130, Train Acc: 0.6501, Dev Acc: 0.3846
Epoch: 131, Train Acc: 0.6598, Dev Acc: 0.3880
0.38735709802829665
saving the model
Epoch: 132, Train Acc: 0.6858, Dev Acc: 0.4047
Epoch: 133, Train Acc: 0.6593, Dev Acc: 0.3846
Epoch: 134, Train Acc: 0.6658, Dev Acc: 0.3880
Epoch: 135, Train Acc: 0.6706, Dev Acc: 0.3579
Epoch: 136, Train Acc: 0.6685, Dev Acc: 0.3779
Epoch: 137, Train Acc: 0.6479, Dev Acc: 0.3645
Epoch: 138, Train Acc: 0.6636, Dev Acc: 0.3779
Epoch: 139, Train Acc: 0.6641, Dev Acc: 0.3746
Epoch: 140, Train Acc: 0.6896, Dev Acc: 0.3746
Epoch: 141, Train Acc: 0.6728, Dev Acc: 0.3712
Epoch: 142, Train Acc: 0.6787, Dev Acc: 0.3411
Epoch: 143, Train Acc: 0.6777, Dev Acc: 0.3813
Epoch: 144, Train Acc: 0.6939, Dev Acc: 0.4047
Epoch: 145, Train Acc: 0.6782, Dev Acc: 0.4114
Epoch: 146, Train Acc: 0.6728, Dev Acc: 0.3946
Epoch: 147, Train Acc: 0.6782, Dev Acc: 0.3779
0.3972068803802028
saving the model
Epoch: 148, Train Acc: 0.6944, Dev Acc: 0.4080
Epoch: 149, Train Acc: 0.7009, Dev Acc: 0.3846
Epoch: 150, Train Acc: 0.7134, Dev Acc: 0.3846
Epoch: 151, Train Acc: 0.7069, Dev Acc: 0.4080
Epoch: 152, Train Acc: 0.7052, Dev Acc: 0.3779
Epoch: 153, Train Acc: 0.6955, Dev Acc: 0.3679
Epoch: 154, Train Acc: 0.6950, Dev Acc: 0.3946
Epoch: 155, Train Acc: 0.6885, Dev Acc: 0.3645
Epoch: 156, Train Acc: 0.7063, Dev Acc: 0.3880
Epoch: 157, Train Acc: 0.6858, Dev Acc: 0.3813
Epoch: 158, Train Acc: 0.6917, Dev Acc: 0.3746
Epoch: 159, Train Acc: 0.7177, Dev Acc: 0.3980
Epoch: 160, Train Acc: 0.7204, Dev Acc: 0.4181
0.40219471706664184
saving the model
Epoch: 161, Train Acc: 0.7204, Dev Acc: 0.4147
0.4041761574153273
saving the model
Epoch: 162, Train Acc: 0.7231, Dev Acc: 0.4047
Epoch: 163, Train Acc: 0.7247, Dev Acc: 0.4247
Epoch: 164, Train Acc: 0.7188, Dev Acc: 0.4047
0.40685647869519115
saving the model
Epoch: 165, Train Acc: 0.7307, Dev Acc: 0.4147
Epoch: 166, Train Acc: 0.7263, Dev Acc: 0.4080
Epoch: 167, Train Acc: 0.7247, Dev Acc: 0.4147
Epoch: 168, Train Acc: 0.7150, Dev Acc: 0.3946
Epoch: 169, Train Acc: 0.7339, Dev Acc: 0.3946
Epoch: 170, Train Acc: 0.7285, Dev Acc: 0.3980
Epoch: 171, Train Acc: 0.7258, Dev Acc: 0.3913
Epoch: 172, Train Acc: 0.7404, Dev Acc: 0.3880
Epoch: 173, Train Acc: 0.7317, Dev Acc: 0.3880
Epoch: 174, Train Acc: 0.7545, Dev Acc: 0.3980
Epoch: 175, Train Acc: 0.7345, Dev Acc: 0.3545
Epoch: 176, Train Acc: 0.7280, Dev Acc: 0.3679
Epoch: 177, Train Acc: 0.7447, Dev Acc: 0.3846
Epoch: 178, Train Acc: 0.7496, Dev Acc: 0.4080
Epoch: 179, Train Acc: 0.7469, Dev Acc: 0.3946
Epoch: 180, Train Acc: 0.7350, Dev Acc: 0.4047
Epoch: 181, Train Acc: 0.7404, Dev Acc: 0.4080
0.4166596001338297
saving the model
Epoch: 182, Train Acc: 0.7496, Dev Acc: 0.4348
Epoch: 183, Train Acc: 0.7415, Dev Acc: 0.3880
Epoch: 184, Train Acc: 0.7420, Dev Acc: 0.4013
Epoch: 185, Train Acc: 0.7420, Dev Acc: 0.3980
Epoch: 186, Train Acc: 0.7507, Dev Acc: 0.4114
Epoch: 187, Train Acc: 0.7453, Dev Acc: 0.3946
Epoch: 188, Train Acc: 0.7647, Dev Acc: 0.3946
Epoch: 189, Train Acc: 0.7561, Dev Acc: 0.4013
Epoch: 190, Train Acc: 0.7426, Dev Acc: 0.3712
Epoch: 191, Train Acc: 0.7761, Dev Acc: 0.3712
Epoch: 192, Train Acc: 0.7691, Dev Acc: 0.3846
Epoch: 193, Train Acc: 0.7572, Dev Acc: 0.4013
Epoch: 194, Train Acc: 0.7588, Dev Acc: 0.3813
Epoch: 195, Train Acc: 0.7642, Dev Acc: 0.4080
Epoch: 196, Train Acc: 0.7647, Dev Acc: 0.3679
Epoch: 197, Train Acc: 0.7842, Dev Acc: 0.3980
Epoch: 198, Train Acc: 0.7599, Dev Acc: 0.3913
Epoch: 199, Train Acc: 0.7577, Dev Acc: 0.4080
Epoch: 200, Train Acc: 0.7869, Dev Acc: 0.4080
Epoch: 201, Train Acc: 0.7831, Dev Acc: 0.3980
Epoch: 202, Train Acc: 0.7907, Dev Acc: 0.4047
Epoch: 203, Train Acc: 0.7912, Dev Acc: 0.4214
Epoch: 204, Train Acc: 0.7880, Dev Acc: 0.3946
Epoch: 205, Train Acc: 0.7891, Dev Acc: 0.4047
Epoch: 206, Train Acc: 0.7842, Dev Acc: 0.4080
Epoch: 207, Train Acc: 0.7880, Dev Acc: 0.3846
Epoch: 208, Train Acc: 0.7815, Dev Acc: 0.3712
Epoch: 209, Train Acc: 0.8048, Dev Acc: 0.3846
Epoch: 210, Train Acc: 0.7956, Dev Acc: 0.3679
Epoch: 211, Train Acc: 0.7961, Dev Acc: 0.3846
Epoch: 212, Train Acc: 0.7745, Dev Acc: 0.3846
Epoch: 213, Train Acc: 0.7885, Dev Acc: 0.4147
Epoch: 214, Train Acc: 0.7864, Dev Acc: 0.3880
Epoch: 215, Train Acc: 0.8042, Dev Acc: 0.3779
Epoch: 216, Train Acc: 0.7966, Dev Acc: 0.3679
Epoch: 217, Train Acc: 0.8021, Dev Acc: 0.3980
Epoch: 218, Train Acc: 0.7777, Dev Acc: 0.3946
Epoch: 219, Train Acc: 0.7994, Dev Acc: 0.4013
Epoch: 220, Train Acc: 0.8004, Dev Acc: 0.4047
Epoch: 221, Train Acc: 0.8004, Dev Acc: 0.3980
Epoch: 222, Train Acc: 0.8037, Dev Acc: 0.4013
Epoch: 223, Train Acc: 0.7988, Dev Acc: 0.3779
Epoch: 224, Train Acc: 0.7875, Dev Acc: 0.3913
Epoch: 225, Train Acc: 0.7934, Dev Acc: 0.3846
Epoch: 226, Train Acc: 0.8091, Dev Acc: 0.4013
Epoch: 227, Train Acc: 0.8161, Dev Acc: 0.3913
Epoch: 228, Train Acc: 0.8150, Dev Acc: 0.3980
Epoch: 229, Train Acc: 0.8215, Dev Acc: 0.3913
Epoch: 230, Train Acc: 0.8080, Dev Acc: 0.3913
Epoch: 231, Train Acc: 0.8037, Dev Acc: 0.3880
Epoch: 232, Train Acc: 0.8150, Dev Acc: 0.3779
Epoch: 233, Train Acc: 0.8069, Dev Acc: 0.3645
Epoch: 234, Train Acc: 0.8167, Dev Acc: 0.3846
Epoch: 235, Train Acc: 0.8167, Dev Acc: 0.3913
Epoch: 236, Train Acc: 0.8329, Dev Acc: 0.3746
Epoch: 237, Train Acc: 0.8161, Dev Acc: 0.3779
Epoch: 238, Train Acc: 0.8004, Dev Acc: 0.3579
Epoch: 239, Train Acc: 0.8253, Dev Acc: 0.3813
Epoch: 240, Train Acc: 0.8161, Dev Acc: 0.3913
Epoch: 241, Train Acc: 0.8156, Dev Acc: 0.4013
Epoch: 242, Train Acc: 0.8091, Dev Acc: 0.3712
Epoch: 243, Train Acc: 0.8248, Dev Acc: 0.3645
Epoch: 244, Train Acc: 0.8161, Dev Acc: 0.3880
Epoch: 245, Train Acc: 0.8264, Dev Acc: 0.3846
Epoch: 246, Train Acc: 0.8242, Dev Acc: 0.3645
Epoch: 247, Train Acc: 0.8302, Dev Acc: 0.3712
Epoch: 248, Train Acc: 0.8302, Dev Acc: 0.3579
Epoch: 249, Train Acc: 0.8210, Dev Acc: 0.3645
Epoch: 250, Train Acc: 0.8210, Dev Acc: 0.3545
Epoch: 251, Train Acc: 0.8421, Dev Acc: 0.3645
Epoch: 252, Train Acc: 0.8286, Dev Acc: 0.3712
Epoch: 253, Train Acc: 0.8259, Dev Acc: 0.3746
Epoch: 254, Train Acc: 0.8161, Dev Acc: 0.3579
Epoch: 255, Train Acc: 0.8405, Dev Acc: 0.3746
Epoch: 256, Train Acc: 0.8188, Dev Acc: 0.3880
Epoch: 257, Train Acc: 0.8442, Dev Acc: 0.4047
Epoch: 258, Train Acc: 0.8318, Dev Acc: 0.3545
Epoch: 259, Train Acc: 0.8421, Dev Acc: 0.3880
Epoch: 260, Train Acc: 0.8350, Dev Acc: 0.3746
Epoch: 261, Train Acc: 0.8410, Dev Acc: 0.3712
Epoch: 262, Train Acc: 0.8345, Dev Acc: 0.3980
Epoch: 263, Train Acc: 0.8432, Dev Acc: 0.3813
Epoch: 264, Train Acc: 0.8513, Dev Acc: 0.4047
Epoch: 265, Train Acc: 0.8367, Dev Acc: 0.3913
Epoch: 266, Train Acc: 0.8496, Dev Acc: 0.3846
Epoch: 267, Train Acc: 0.8524, Dev Acc: 0.4080
Epoch: 268, Train Acc: 0.8594, Dev Acc: 0.4114
Epoch: 269, Train Acc: 0.8480, Dev Acc: 0.3679
Epoch: 270, Train Acc: 0.8491, Dev Acc: 0.3779
Epoch: 271, Train Acc: 0.8648, Dev Acc: 0.3946
Epoch: 272, Train Acc: 0.8469, Dev Acc: 0.3846
Epoch: 273, Train Acc: 0.8670, Dev Acc: 0.3545
Epoch: 274, Train Acc: 0.8426, Dev Acc: 0.3645
Epoch: 275, Train Acc: 0.8491, Dev Acc: 0.3813
Epoch: 276, Train Acc: 0.8545, Dev Acc: 0.3645
Epoch: 277, Train Acc: 0.8410, Dev Acc: 0.3846
Epoch: 278, Train Acc: 0.8399, Dev Acc: 0.3813
Epoch: 279, Train Acc: 0.8496, Dev Acc: 0.3846
Epoch: 280, Train Acc: 0.8578, Dev Acc: 0.3946
Epoch: 281, Train Acc: 0.8496, Dev Acc: 0.3846
Epoch: 282, Train Acc: 0.8540, Dev Acc: 0.3980
Epoch: 283, Train Acc: 0.8464, Dev Acc: 0.3846
Epoch: 284, Train Acc: 0.8756, Dev Acc: 0.3712
Epoch: 285, Train Acc: 0.8410, Dev Acc: 0.3746
Epoch: 286, Train Acc: 0.8653, Dev Acc: 0.3712
Epoch: 287, Train Acc: 0.8615, Dev Acc: 0.3813
Epoch: 288, Train Acc: 0.8615, Dev Acc: 0.3946
Epoch: 289, Train Acc: 0.8610, Dev Acc: 0.3813
Epoch: 290, Train Acc: 0.8702, Dev Acc: 0.3813
Epoch: 291, Train Acc: 0.8637, Dev Acc: 0.3946
Epoch: 292, Train Acc: 0.8594, Dev Acc: 0.3612
Epoch: 293, Train Acc: 0.8637, Dev Acc: 0.3612
0.41844888022658006
saving the model
Epoch: 294, Train Acc: 0.8837, Dev Acc: 0.4080
Epoch: 295, Train Acc: 0.8626, Dev Acc: 0.3846
Epoch: 296, Train Acc: 0.8756, Dev Acc: 0.3980
Epoch: 297, Train Acc: 0.8691, Dev Acc: 0.3880
Epoch: 298, Train Acc: 0.8724, Dev Acc: 0.3679
Epoch: 299, Train Acc: 0.8659, Dev Acc: 0.3679
Train split results
                        precision    recall  f1-score   support

            ad hominem       0.96      0.97      0.96       225
            ad populum       0.99      0.82      0.90       158
     appeal to emotion       0.78      0.85      0.81       130
    circular reasoning       0.78      0.95      0.86       134
          equivocation       1.00      0.03      0.05        39
fallacy of credibility       0.78      0.78      0.78       107
  fallacy of extension       0.97      0.89      0.93       106
      fallacy of logic       0.84      0.93      0.88       121
  fallacy of relevance       0.91      0.36      0.52       114
       false causality       1.00      0.95      0.97       174
         false dilemma       0.60      1.00      0.75       110
 faulty generalization       0.99      0.97      0.98       319
           intentional       0.71      0.88      0.79       112

              accuracy                           0.87      1849
             macro avg       0.87      0.80      0.78      1849
          weighted avg       0.89      0.87      0.85      1849

Dev split results
                        precision    recall  f1-score   support

            ad hominem       0.46      0.50      0.48        36
            ad populum       0.82      0.41      0.55        44
     appeal to emotion       0.11      0.15      0.12        13
    circular reasoning       0.20      0.28      0.23        18
          equivocation       0.00      0.00      0.00         5
fallacy of credibility       0.05      0.25      0.09         8
  fallacy of extension       0.36      0.36      0.36        14
      fallacy of logic       0.35      0.47      0.40        17
  fallacy of relevance       0.00      0.00      0.00        24
       false causality       0.48      0.42      0.44        24
         false dilemma       0.48      0.58      0.52        19
 faulty generalization       0.51      0.46      0.48        61
           intentional       0.20      0.19      0.19        16

              accuracy                           0.37       299
             macro avg       0.31      0.31      0.30       299
          weighted avg       0.41      0.37      0.38       299

Test split results
                        precision    recall  f1-score   support

            ad hominem       0.43      0.54      0.48        41
            ad populum       0.80      0.40      0.53        30
     appeal to emotion       0.20      0.26      0.23        23
    circular reasoning       0.25      0.32      0.28        19
          equivocation       0.00      0.00      0.00         5
fallacy of credibility       0.23      0.41      0.29        17
  fallacy of extension       0.55      0.29      0.37        21
      fallacy of logic       0.29      0.36      0.32        14
  fallacy of relevance       0.33      0.09      0.14        23
       false causality       0.27      0.22      0.24        18
         false dilemma       0.33      0.75      0.46        12
 faulty generalization       0.47      0.39      0.43        61
           intentional       0.19      0.27      0.22        15

              accuracy                           0.36       299
             macro avg       0.33      0.33      0.31       299
          weighted avg       0.40      0.36      0.35       299

