/cluster/raid/home/zhivar.sourati/logical-fallacy-identification/AMR_parsers_and_graphs
Thu Sep 29 22:41:02 2022       
+-----------------------------------------------------------------------------+
| NVIDIA-SMI 460.32.03    Driver Version: 460.32.03    CUDA Version: 11.2     |
|-------------------------------+----------------------+----------------------+
| GPU  Name        Persistence-M| Bus-Id        Disp.A | Volatile Uncorr. ECC |
| Fan  Temp  Perf  Pwr:Usage/Cap|         Memory-Usage | GPU-Util  Compute M. |
|                               |                      |               MIG M. |
|===============================+======================+======================|
|   0  A100-PCIE-40GB      Off  | 00000000:27:00.0 Off |                    0 |
| N/A   28C    P0    33W / 250W |      0MiB / 40536MiB |      0%      Default |
|                               |                      |             Disabled |
+-------------------------------+----------------------+----------------------+
                                                                               
+-----------------------------------------------------------------------------+
| Processes:                                                                  |
|  GPU   GI   CI        PID   Type   Process name                  GPU Memory |
|        ID   ID                                                   Usage      |
|=============================================================================|
|  No running processes found                                                 |
+-----------------------------------------------------------------------------+
0
cuda
using GPU
0.06933045155159726
saving the model
Epoch: 001, Train Acc: 0.1731, Dev Acc: 0.2040
0.11140388363389765
saving the model
Epoch: 002, Train Acc: 0.2001, Dev Acc: 0.2375
0.16257814861461256
saving the model
Epoch: 003, Train Acc: 0.2320, Dev Acc: 0.2742
0.2023424427303043
saving the model
Epoch: 004, Train Acc: 0.2731, Dev Acc: 0.2809
0.2220540960877119
saving the model
Epoch: 005, Train Acc: 0.2883, Dev Acc: 0.2943
0.26197422237772905
saving the model
Epoch: 006, Train Acc: 0.2996, Dev Acc: 0.3344
Epoch: 007, Train Acc: 0.3056, Dev Acc: 0.3144
0.26450797849821756
saving the model
Epoch: 008, Train Acc: 0.3088, Dev Acc: 0.3344
0.281947589923609
saving the model
Epoch: 009, Train Acc: 0.3391, Dev Acc: 0.3311
0.30895118695765333
saving the model
Epoch: 010, Train Acc: 0.3580, Dev Acc: 0.3545
0.3093439979749027
saving the model
Epoch: 011, Train Acc: 0.3883, Dev Acc: 0.3411
Epoch: 012, Train Acc: 0.3835, Dev Acc: 0.3344
Epoch: 013, Train Acc: 0.3986, Dev Acc: 0.3344
0.3183337962555132
saving the model
Epoch: 014, Train Acc: 0.4191, Dev Acc: 0.3411
0.33838113111073753
saving the model
Epoch: 015, Train Acc: 0.4408, Dev Acc: 0.3679
0.3614834673131563
saving the model
Epoch: 016, Train Acc: 0.4613, Dev Acc: 0.3880
Epoch: 017, Train Acc: 0.4581, Dev Acc: 0.3746
Epoch: 018, Train Acc: 0.4743, Dev Acc: 0.3612
Epoch: 019, Train Acc: 0.4949, Dev Acc: 0.3545
0.36919979925914986
saving the model
Epoch: 020, Train Acc: 0.5349, Dev Acc: 0.3846
Epoch: 021, Train Acc: 0.5365, Dev Acc: 0.3779
Epoch: 022, Train Acc: 0.5425, Dev Acc: 0.3846
Epoch: 023, Train Acc: 0.5587, Dev Acc: 0.3846
0.3696442168959944
saving the model
Epoch: 024, Train Acc: 0.5646, Dev Acc: 0.3880
Epoch: 025, Train Acc: 0.5727, Dev Acc: 0.3612
Epoch: 026, Train Acc: 0.5906, Dev Acc: 0.3813
Epoch: 027, Train Acc: 0.6290, Dev Acc: 0.3545
0.37308308280195174
saving the model
Epoch: 028, Train Acc: 0.6458, Dev Acc: 0.3779
Epoch: 029, Train Acc: 0.6052, Dev Acc: 0.3512
0.37341958898723726
saving the model
Epoch: 030, Train Acc: 0.6582, Dev Acc: 0.3846
0.40665915754576887
saving the model
Epoch: 031, Train Acc: 0.6355, Dev Acc: 0.4147
Epoch: 032, Train Acc: 0.6679, Dev Acc: 0.3779
Epoch: 033, Train Acc: 0.6890, Dev Acc: 0.3779
Epoch: 034, Train Acc: 0.6988, Dev Acc: 0.3946
Epoch: 035, Train Acc: 0.7020, Dev Acc: 0.3946
Epoch: 036, Train Acc: 0.6917, Dev Acc: 0.3980
Epoch: 037, Train Acc: 0.7101, Dev Acc: 0.4013
0.41003772635144414
saving the model
Epoch: 038, Train Acc: 0.7263, Dev Acc: 0.4114
Epoch: 039, Train Acc: 0.7209, Dev Acc: 0.4013
Epoch: 040, Train Acc: 0.7539, Dev Acc: 0.4013
Epoch: 041, Train Acc: 0.7642, Dev Acc: 0.3946
Epoch: 042, Train Acc: 0.7669, Dev Acc: 0.4013
Epoch: 043, Train Acc: 0.7723, Dev Acc: 0.4013
0.4135728531167564
saving the model
Epoch: 044, Train Acc: 0.7907, Dev Acc: 0.4114
Epoch: 045, Train Acc: 0.7934, Dev Acc: 0.3813
Epoch: 046, Train Acc: 0.7939, Dev Acc: 0.3980
Epoch: 047, Train Acc: 0.7891, Dev Acc: 0.4114
0.41896719972629265
saving the model
Epoch: 048, Train Acc: 0.7912, Dev Acc: 0.4214
Epoch: 049, Train Acc: 0.8237, Dev Acc: 0.4013
0.4210940091147373
saving the model
Epoch: 050, Train Acc: 0.8253, Dev Acc: 0.4247
0.42377444210155185
saving the model
Epoch: 051, Train Acc: 0.8123, Dev Acc: 0.4147
Epoch: 052, Train Acc: 0.8572, Dev Acc: 0.4181
0.43161336309387155
saving the model
Epoch: 053, Train Acc: 0.8507, Dev Acc: 0.4314
Epoch: 054, Train Acc: 0.8350, Dev Acc: 0.4314
0.43398096690645177
saving the model
Epoch: 055, Train Acc: 0.8367, Dev Acc: 0.4348
Epoch: 056, Train Acc: 0.8675, Dev Acc: 0.4181
0.4392029604579098
saving the model
Epoch: 057, Train Acc: 0.8891, Dev Acc: 0.4415
Epoch: 058, Train Acc: 0.8637, Dev Acc: 0.4181
Epoch: 059, Train Acc: 0.8810, Dev Acc: 0.4314
Epoch: 060, Train Acc: 0.8956, Dev Acc: 0.4214
0.44154606396958856
saving the model
Epoch: 061, Train Acc: 0.9021, Dev Acc: 0.4381
Epoch: 062, Train Acc: 0.9021, Dev Acc: 0.4381
Epoch: 063, Train Acc: 0.9070, Dev Acc: 0.4281
Epoch: 064, Train Acc: 0.9124, Dev Acc: 0.4080
Epoch: 065, Train Acc: 0.9205, Dev Acc: 0.4214
Epoch: 066, Train Acc: 0.9167, Dev Acc: 0.4381
Epoch: 067, Train Acc: 0.9313, Dev Acc: 0.4281
Epoch: 068, Train Acc: 0.9200, Dev Acc: 0.4047
Epoch: 069, Train Acc: 0.9297, Dev Acc: 0.4080
Train split results
                        precision    recall  f1-score   support

            ad hominem       1.00      0.90      0.95       225
            ad populum       0.96      0.94      0.95       158
     appeal to emotion       0.99      0.90      0.94       130
    circular reasoning       0.95      0.93      0.94       134
          equivocation       0.89      0.44      0.59        39
fallacy of credibility       0.93      0.80      0.86       107
  fallacy of extension       0.96      0.96      0.96       106
      fallacy of logic       0.77      0.98      0.86       121
  fallacy of relevance       0.88      0.94      0.91       114
       false causality       0.95      0.98      0.96       174
         false dilemma       0.93      0.96      0.95       110
 faulty generalization       0.91      0.98      0.94       319
           intentional       0.96      0.96      0.96       112

              accuracy                           0.93      1849
             macro avg       0.93      0.90      0.91      1849
          weighted avg       0.93      0.93      0.93      1849

Dev split results
                        precision    recall  f1-score   support

            ad hominem       0.61      0.31      0.41        36
            ad populum       0.45      0.43      0.44        44
     appeal to emotion       0.33      0.23      0.27        13
    circular reasoning       0.35      0.33      0.34        18
          equivocation       0.50      0.40      0.44         5
fallacy of credibility       0.15      0.25      0.19         8
  fallacy of extension       0.55      0.43      0.48        14
      fallacy of logic       0.21      0.35      0.27        17
  fallacy of relevance       0.32      0.25      0.28        24
       false causality       0.44      0.46      0.45        24
         false dilemma       0.56      0.74      0.64        19
 faulty generalization       0.40      0.49      0.44        61
           intentional       0.46      0.38      0.41        16

              accuracy                           0.41       299
             macro avg       0.41      0.39      0.39       299
          weighted avg       0.43      0.41      0.41       299

Test split results
                        precision    recall  f1-score   support

            ad hominem       0.57      0.32      0.41        41
            ad populum       0.47      0.53      0.50        30
     appeal to emotion       0.33      0.17      0.23        23
    circular reasoning       0.21      0.32      0.26        19
          equivocation       0.00      0.00      0.00         5
fallacy of credibility       0.06      0.06      0.06        17
  fallacy of extension       0.60      0.43      0.50        21
      fallacy of logic       0.21      0.36      0.26        14
  fallacy of relevance       0.24      0.22      0.23        23
       false causality       0.35      0.33      0.34        18
         false dilemma       0.50      0.83      0.62        12
 faulty generalization       0.47      0.57      0.52        61
           intentional       0.38      0.33      0.36        15

              accuracy                           0.38       299
             macro avg       0.34      0.34      0.33       299
          weighted avg       0.39      0.38      0.38       299

