/cluster/raid/home/zhivar.sourati/logical-fallacy-identification/AMR_parsers_and_graphs
Thu Sep 29 10:34:40 2022       
+-----------------------------------------------------------------------------+
| NVIDIA-SMI 460.32.03    Driver Version: 460.32.03    CUDA Version: 11.2     |
|-------------------------------+----------------------+----------------------+
| GPU  Name        Persistence-M| Bus-Id        Disp.A | Volatile Uncorr. ECC |
| Fan  Temp  Perf  Pwr:Usage/Cap|         Memory-Usage | GPU-Util  Compute M. |
|                               |                      |               MIG M. |
|===============================+======================+======================|
|   0  A100-PCIE-40GB      Off  | 00000000:28:00.0 Off |                    0 |
| N/A   26C    P0    35W / 250W |      0MiB / 40536MiB |      0%      Default |
|                               |                      |             Disabled |
+-------------------------------+----------------------+----------------------+
                                                                               
+-----------------------------------------------------------------------------+
| Processes:                                                                  |
|  GPU   GI   CI        PID   Type   Process name                  GPU Memory |
|        ID   ID                                                   Usage      |
|=============================================================================|
|  No running processes found                                                 |
+-----------------------------------------------------------------------------+
0
cuda
using GPU
0.06913786696395391
saving the model
Epoch: 001, Train Acc: 0.1720, Dev Acc: 0.2040
Epoch: 002, Train Acc: 0.1720, Dev Acc: 0.2040
Epoch: 003, Train Acc: 0.1731, Dev Acc: 0.2040
Epoch: 004, Train Acc: 0.1731, Dev Acc: 0.2040
Epoch: 005, Train Acc: 0.1725, Dev Acc: 0.2040
Epoch: 006, Train Acc: 0.1720, Dev Acc: 0.2040
Epoch: 007, Train Acc: 0.1720, Dev Acc: 0.2040
Epoch: 008, Train Acc: 0.1731, Dev Acc: 0.2040
0.06933045155159726
saving the model
Epoch: 009, Train Acc: 0.1714, Dev Acc: 0.2040
Epoch: 010, Train Acc: 0.1714, Dev Acc: 0.2040
Epoch: 011, Train Acc: 0.1725, Dev Acc: 0.2040
0.07583863197282116
saving the model
Epoch: 012, Train Acc: 0.1714, Dev Acc: 0.2074
Epoch: 013, Train Acc: 0.1725, Dev Acc: 0.2074
0.08282429158310829
saving the model
Epoch: 014, Train Acc: 0.1747, Dev Acc: 0.2107
Epoch: 015, Train Acc: 0.1752, Dev Acc: 0.2107
0.09530948099319231
saving the model
Epoch: 016, Train Acc: 0.1774, Dev Acc: 0.2174
Epoch: 017, Train Acc: 0.1828, Dev Acc: 0.2107
0.12110044648614074
saving the model
Epoch: 018, Train Acc: 0.1915, Dev Acc: 0.2274
0.12838087877710924
saving the model
Epoch: 019, Train Acc: 0.1931, Dev Acc: 0.2274
0.13773028739867355
saving the model
Epoch: 020, Train Acc: 0.2136, Dev Acc: 0.2241
0.14587157668456704
saving the model
Epoch: 021, Train Acc: 0.2266, Dev Acc: 0.2375
0.16259188983194084
saving the model
Epoch: 022, Train Acc: 0.2217, Dev Acc: 0.2508
0.173536693588923
saving the model
Epoch: 023, Train Acc: 0.2304, Dev Acc: 0.2609
0.1965611444311015
saving the model
Epoch: 024, Train Acc: 0.2396, Dev Acc: 0.2742
Epoch: 025, Train Acc: 0.2407, Dev Acc: 0.2709
Epoch: 026, Train Acc: 0.2515, Dev Acc: 0.2676
0.21400958138328322
saving the model
Epoch: 027, Train Acc: 0.2574, Dev Acc: 0.2843
Epoch: 028, Train Acc: 0.2580, Dev Acc: 0.2709
Epoch: 029, Train Acc: 0.2645, Dev Acc: 0.2709
Epoch: 030, Train Acc: 0.2509, Dev Acc: 0.2709
0.22851581467195028
saving the model
Epoch: 031, Train Acc: 0.2731, Dev Acc: 0.2742
Epoch: 032, Train Acc: 0.2861, Dev Acc: 0.2876
0.24074396801401068
saving the model
Epoch: 033, Train Acc: 0.2888, Dev Acc: 0.3043
0.24256599544877794
saving the model
Epoch: 034, Train Acc: 0.2904, Dev Acc: 0.3010
Epoch: 035, Train Acc: 0.2920, Dev Acc: 0.2776
Epoch: 036, Train Acc: 0.2920, Dev Acc: 0.2776
Epoch: 037, Train Acc: 0.3012, Dev Acc: 0.2876
Epoch: 038, Train Acc: 0.3121, Dev Acc: 0.2910
0.24811636080174176
saving the model
Epoch: 039, Train Acc: 0.3115, Dev Acc: 0.3110
0.24818993821659507
saving the model
Epoch: 040, Train Acc: 0.3164, Dev Acc: 0.3077
Epoch: 041, Train Acc: 0.3191, Dev Acc: 0.3010
0.2565357432718184
saving the model
Epoch: 042, Train Acc: 0.3202, Dev Acc: 0.3110
Epoch: 043, Train Acc: 0.3207, Dev Acc: 0.3077
Epoch: 044, Train Acc: 0.3186, Dev Acc: 0.2910
Epoch: 045, Train Acc: 0.3364, Dev Acc: 0.3077
Epoch: 046, Train Acc: 0.3261, Dev Acc: 0.2910
0.2750119925370314
saving the model
Epoch: 047, Train Acc: 0.3375, Dev Acc: 0.3211
0.27888481572715607
saving the model
Epoch: 048, Train Acc: 0.3597, Dev Acc: 0.3211
Epoch: 049, Train Acc: 0.3499, Dev Acc: 0.3244
Epoch: 050, Train Acc: 0.3645, Dev Acc: 0.3144
Epoch: 051, Train Acc: 0.3602, Dev Acc: 0.3211
0.29259033993710254
saving the model
Epoch: 052, Train Acc: 0.3661, Dev Acc: 0.3411
0.2948964351968944
saving the model
Epoch: 053, Train Acc: 0.3883, Dev Acc: 0.3311
0.3001146537063361
saving the model
Epoch: 054, Train Acc: 0.3797, Dev Acc: 0.3411
Epoch: 055, Train Acc: 0.3699, Dev Acc: 0.3244
0.30479122761325156
saving the model
Epoch: 056, Train Acc: 0.3883, Dev Acc: 0.3411
0.3053651007221733
saving the model
Epoch: 057, Train Acc: 0.3883, Dev Acc: 0.3545
0.3093035608978702
saving the model
Epoch: 058, Train Acc: 0.4083, Dev Acc: 0.3445
Epoch: 059, Train Acc: 0.4045, Dev Acc: 0.3512
0.30959191412518683
saving the model
Epoch: 060, Train Acc: 0.4062, Dev Acc: 0.3478
Epoch: 061, Train Acc: 0.4002, Dev Acc: 0.3512
0.32397508907459854
saving the model
Epoch: 062, Train Acc: 0.4278, Dev Acc: 0.3612
Epoch: 063, Train Acc: 0.4316, Dev Acc: 0.3579
0.33652954633956705
saving the model
Epoch: 064, Train Acc: 0.4402, Dev Acc: 0.3612
Epoch: 065, Train Acc: 0.4424, Dev Acc: 0.3545
Epoch: 066, Train Acc: 0.4327, Dev Acc: 0.3311
Epoch: 067, Train Acc: 0.4559, Dev Acc: 0.3411
Epoch: 068, Train Acc: 0.4359, Dev Acc: 0.3545
Epoch: 069, Train Acc: 0.4538, Dev Acc: 0.3645
0.34308942766678796
saving the model
Epoch: 070, Train Acc: 0.4619, Dev Acc: 0.3712
Epoch: 071, Train Acc: 0.4456, Dev Acc: 0.3478
0.3507017788315777
saving the model
Epoch: 072, Train Acc: 0.4878, Dev Acc: 0.3712
Epoch: 073, Train Acc: 0.4570, Dev Acc: 0.3478
Epoch: 074, Train Acc: 0.4824, Dev Acc: 0.3378
Epoch: 075, Train Acc: 0.4727, Dev Acc: 0.3411
Epoch: 076, Train Acc: 0.5084, Dev Acc: 0.3478
Epoch: 077, Train Acc: 0.4862, Dev Acc: 0.3612
Epoch: 078, Train Acc: 0.5170, Dev Acc: 0.3512
0.352250557550624
saving the model
Epoch: 079, Train Acc: 0.5046, Dev Acc: 0.3679
0.3529656473024428
saving the model
Epoch: 080, Train Acc: 0.5251, Dev Acc: 0.3779
Epoch: 081, Train Acc: 0.5235, Dev Acc: 0.3612
Epoch: 082, Train Acc: 0.5316, Dev Acc: 0.3545
0.35959369512775696
saving the model
Epoch: 083, Train Acc: 0.5084, Dev Acc: 0.3846
Epoch: 084, Train Acc: 0.5316, Dev Acc: 0.3478
Epoch: 085, Train Acc: 0.5333, Dev Acc: 0.3545
Epoch: 086, Train Acc: 0.5414, Dev Acc: 0.3545
Epoch: 087, Train Acc: 0.5360, Dev Acc: 0.3512
Epoch: 088, Train Acc: 0.5452, Dev Acc: 0.3545
Epoch: 089, Train Acc: 0.5462, Dev Acc: 0.3712
Epoch: 090, Train Acc: 0.5392, Dev Acc: 0.3612
Epoch: 091, Train Acc: 0.5527, Dev Acc: 0.3612
Epoch: 092, Train Acc: 0.5614, Dev Acc: 0.3445
Epoch: 093, Train Acc: 0.5495, Dev Acc: 0.3545
Epoch: 094, Train Acc: 0.5819, Dev Acc: 0.3411
Epoch: 095, Train Acc: 0.5727, Dev Acc: 0.3612
0.36725920719366034
saving the model
Epoch: 096, Train Acc: 0.5749, Dev Acc: 0.3880
Epoch: 097, Train Acc: 0.5830, Dev Acc: 0.3411
Epoch: 098, Train Acc: 0.5825, Dev Acc: 0.3746
Epoch: 099, Train Acc: 0.6014, Dev Acc: 0.3645
Epoch: 100, Train Acc: 0.5554, Dev Acc: 0.3712
Epoch: 101, Train Acc: 0.5900, Dev Acc: 0.3813
Epoch: 102, Train Acc: 0.5982, Dev Acc: 0.3813
Epoch: 103, Train Acc: 0.6090, Dev Acc: 0.3579
Epoch: 104, Train Acc: 0.5760, Dev Acc: 0.3645
Epoch: 105, Train Acc: 0.6176, Dev Acc: 0.3612
Epoch: 106, Train Acc: 0.6236, Dev Acc: 0.3512
Epoch: 107, Train Acc: 0.6344, Dev Acc: 0.3579
Epoch: 108, Train Acc: 0.6268, Dev Acc: 0.3645
Epoch: 109, Train Acc: 0.6403, Dev Acc: 0.3545
0.36844575074492447
saving the model
Epoch: 110, Train Acc: 0.6436, Dev Acc: 0.3779
Epoch: 111, Train Acc: 0.6198, Dev Acc: 0.3612
Epoch: 112, Train Acc: 0.6295, Dev Acc: 0.3813
Epoch: 113, Train Acc: 0.6512, Dev Acc: 0.3445
0.3734371772458783
saving the model
Epoch: 114, Train Acc: 0.6339, Dev Acc: 0.3846
0.38076325824051926
saving the model
Epoch: 115, Train Acc: 0.6485, Dev Acc: 0.4013
0.38123406983420965
saving the model
Epoch: 116, Train Acc: 0.6485, Dev Acc: 0.3913
Epoch: 117, Train Acc: 0.6047, Dev Acc: 0.3478
Epoch: 118, Train Acc: 0.6485, Dev Acc: 0.3746
Epoch: 119, Train Acc: 0.6528, Dev Acc: 0.3612
Epoch: 120, Train Acc: 0.6582, Dev Acc: 0.3612
Epoch: 121, Train Acc: 0.6658, Dev Acc: 0.3846
Epoch: 122, Train Acc: 0.6533, Dev Acc: 0.3846
Epoch: 123, Train Acc: 0.6636, Dev Acc: 0.3746
Epoch: 124, Train Acc: 0.6690, Dev Acc: 0.3645
Epoch: 125, Train Acc: 0.6928, Dev Acc: 0.3645
Epoch: 126, Train Acc: 0.6571, Dev Acc: 0.3846
Epoch: 127, Train Acc: 0.6852, Dev Acc: 0.3779
Epoch: 128, Train Acc: 0.6787, Dev Acc: 0.3612
Epoch: 129, Train Acc: 0.6874, Dev Acc: 0.3813
Epoch: 130, Train Acc: 0.6696, Dev Acc: 0.3712
Epoch: 131, Train Acc: 0.6609, Dev Acc: 0.3579
Epoch: 132, Train Acc: 0.6939, Dev Acc: 0.3813
Epoch: 133, Train Acc: 0.6961, Dev Acc: 0.3411
Epoch: 134, Train Acc: 0.6923, Dev Acc: 0.3579
Epoch: 135, Train Acc: 0.6923, Dev Acc: 0.3880
0.3938116643613797
saving the model
Epoch: 136, Train Acc: 0.7009, Dev Acc: 0.4047
Epoch: 137, Train Acc: 0.6955, Dev Acc: 0.3846
Epoch: 138, Train Acc: 0.7263, Dev Acc: 0.3880
Epoch: 139, Train Acc: 0.7247, Dev Acc: 0.3846
Epoch: 140, Train Acc: 0.7139, Dev Acc: 0.3545
Epoch: 141, Train Acc: 0.7372, Dev Acc: 0.3846
Epoch: 142, Train Acc: 0.7209, Dev Acc: 0.3913
Epoch: 143, Train Acc: 0.7361, Dev Acc: 0.3712
Epoch: 144, Train Acc: 0.7085, Dev Acc: 0.3913
Epoch: 145, Train Acc: 0.7382, Dev Acc: 0.3679
Epoch: 146, Train Acc: 0.7647, Dev Acc: 0.3846
Epoch: 147, Train Acc: 0.7328, Dev Acc: 0.3712
0.39616964827561346
saving the model
Epoch: 148, Train Acc: 0.7620, Dev Acc: 0.3913
Epoch: 149, Train Acc: 0.7447, Dev Acc: 0.3813
Epoch: 150, Train Acc: 0.7323, Dev Acc: 0.4013
0.3979448513079241
saving the model
Epoch: 151, Train Acc: 0.7604, Dev Acc: 0.3980
Epoch: 152, Train Acc: 0.7436, Dev Acc: 0.3712
Epoch: 153, Train Acc: 0.7139, Dev Acc: 0.3712
Epoch: 154, Train Acc: 0.7680, Dev Acc: 0.3913
0.3984218258766836
saving the model
Epoch: 155, Train Acc: 0.7669, Dev Acc: 0.3946
Epoch: 156, Train Acc: 0.7653, Dev Acc: 0.3913
Epoch: 157, Train Acc: 0.7550, Dev Acc: 0.3946
Epoch: 158, Train Acc: 0.7604, Dev Acc: 0.3746
Epoch: 159, Train Acc: 0.7442, Dev Acc: 0.3779
Epoch: 160, Train Acc: 0.7788, Dev Acc: 0.3813
Epoch: 161, Train Acc: 0.7669, Dev Acc: 0.3846
Epoch: 162, Train Acc: 0.7837, Dev Acc: 0.3712
0.4016045991012894
saving the model
Epoch: 163, Train Acc: 0.7896, Dev Acc: 0.3913
Epoch: 164, Train Acc: 0.7820, Dev Acc: 0.3880
Epoch: 165, Train Acc: 0.7739, Dev Acc: 0.3679
Epoch: 166, Train Acc: 0.7734, Dev Acc: 0.3746
Epoch: 167, Train Acc: 0.7831, Dev Acc: 0.4013
Epoch: 168, Train Acc: 0.7837, Dev Acc: 0.3946
Epoch: 169, Train Acc: 0.7750, Dev Acc: 0.3946
0.4082425206255171
saving the model
Epoch: 170, Train Acc: 0.7983, Dev Acc: 0.4080
Epoch: 171, Train Acc: 0.8042, Dev Acc: 0.3946
Epoch: 172, Train Acc: 0.7837, Dev Acc: 0.3980
Epoch: 173, Train Acc: 0.7977, Dev Acc: 0.3946
Epoch: 174, Train Acc: 0.7934, Dev Acc: 0.3980
Epoch: 175, Train Acc: 0.8140, Dev Acc: 0.3813
0.41188159683776276
saving the model
Epoch: 176, Train Acc: 0.7869, Dev Acc: 0.4181
Epoch: 177, Train Acc: 0.8085, Dev Acc: 0.3679
Epoch: 178, Train Acc: 0.8021, Dev Acc: 0.3880
Epoch: 179, Train Acc: 0.8091, Dev Acc: 0.3913
Epoch: 180, Train Acc: 0.8091, Dev Acc: 0.3846
Epoch: 181, Train Acc: 0.7820, Dev Acc: 0.4080
0.41267764537186385
saving the model
Epoch: 182, Train Acc: 0.8096, Dev Acc: 0.4047
Epoch: 183, Train Acc: 0.8021, Dev Acc: 0.3813
Epoch: 184, Train Acc: 0.7896, Dev Acc: 0.3913
Epoch: 185, Train Acc: 0.8161, Dev Acc: 0.4047
Epoch: 186, Train Acc: 0.8248, Dev Acc: 0.3880
Epoch: 187, Train Acc: 0.8107, Dev Acc: 0.4080
Epoch: 188, Train Acc: 0.8183, Dev Acc: 0.3880
Epoch: 189, Train Acc: 0.8167, Dev Acc: 0.3913
Epoch: 190, Train Acc: 0.8091, Dev Acc: 0.3980
Epoch: 191, Train Acc: 0.8280, Dev Acc: 0.3980
0.4156185944162375
saving the model
Epoch: 192, Train Acc: 0.8140, Dev Acc: 0.4147
0.41970231742976327
saving the model
Epoch: 193, Train Acc: 0.8280, Dev Acc: 0.4147
Epoch: 194, Train Acc: 0.8248, Dev Acc: 0.3846
Epoch: 195, Train Acc: 0.8356, Dev Acc: 0.3980
Epoch: 196, Train Acc: 0.8210, Dev Acc: 0.4013
Epoch: 197, Train Acc: 0.8345, Dev Acc: 0.3846
Epoch: 198, Train Acc: 0.8307, Dev Acc: 0.3846
Epoch: 199, Train Acc: 0.8410, Dev Acc: 0.4047
Epoch: 200, Train Acc: 0.8361, Dev Acc: 0.4013
Epoch: 201, Train Acc: 0.8545, Dev Acc: 0.3880
Epoch: 202, Train Acc: 0.8459, Dev Acc: 0.3779
Epoch: 203, Train Acc: 0.8464, Dev Acc: 0.3813
Epoch: 204, Train Acc: 0.8372, Dev Acc: 0.3913
Epoch: 205, Train Acc: 0.8367, Dev Acc: 0.3980
Epoch: 206, Train Acc: 0.8378, Dev Acc: 0.3679
Epoch: 207, Train Acc: 0.8361, Dev Acc: 0.3980
Epoch: 208, Train Acc: 0.8567, Dev Acc: 0.3946
Epoch: 209, Train Acc: 0.8556, Dev Acc: 0.3946
Epoch: 210, Train Acc: 0.8496, Dev Acc: 0.4013
Epoch: 211, Train Acc: 0.8491, Dev Acc: 0.3645
Epoch: 212, Train Acc: 0.8399, Dev Acc: 0.3813
Epoch: 213, Train Acc: 0.8448, Dev Acc: 0.4047
Epoch: 214, Train Acc: 0.8513, Dev Acc: 0.3946
Epoch: 215, Train Acc: 0.8345, Dev Acc: 0.3779
Epoch: 216, Train Acc: 0.8610, Dev Acc: 0.3913
Epoch: 217, Train Acc: 0.8653, Dev Acc: 0.4013
Epoch: 218, Train Acc: 0.8437, Dev Acc: 0.3946
Epoch: 219, Train Acc: 0.8637, Dev Acc: 0.4013
Epoch: 220, Train Acc: 0.8583, Dev Acc: 0.3813
Epoch: 221, Train Acc: 0.8621, Dev Acc: 0.3846
Epoch: 222, Train Acc: 0.8540, Dev Acc: 0.3913
Epoch: 223, Train Acc: 0.8529, Dev Acc: 0.3880
Epoch: 224, Train Acc: 0.8659, Dev Acc: 0.3946
Epoch: 225, Train Acc: 0.8556, Dev Acc: 0.3880
Epoch: 226, Train Acc: 0.8513, Dev Acc: 0.3779
Epoch: 227, Train Acc: 0.8778, Dev Acc: 0.3913
Epoch: 228, Train Acc: 0.8410, Dev Acc: 0.3880
Epoch: 229, Train Acc: 0.8529, Dev Acc: 0.4147
Epoch: 230, Train Acc: 0.8610, Dev Acc: 0.4013
Epoch: 231, Train Acc: 0.8583, Dev Acc: 0.4013
Epoch: 232, Train Acc: 0.8745, Dev Acc: 0.3980
Epoch: 233, Train Acc: 0.8718, Dev Acc: 0.3913
Epoch: 234, Train Acc: 0.8691, Dev Acc: 0.4080
Epoch: 235, Train Acc: 0.8734, Dev Acc: 0.4080
Epoch: 236, Train Acc: 0.8778, Dev Acc: 0.4013
Epoch: 237, Train Acc: 0.8751, Dev Acc: 0.4181
Epoch: 238, Train Acc: 0.8643, Dev Acc: 0.3813
Epoch: 239, Train Acc: 0.8724, Dev Acc: 0.4114
Epoch: 240, Train Acc: 0.8778, Dev Acc: 0.4013
Epoch: 241, Train Acc: 0.8745, Dev Acc: 0.3913
Epoch: 242, Train Acc: 0.8643, Dev Acc: 0.4013
Epoch: 243, Train Acc: 0.8648, Dev Acc: 0.4047
Epoch: 244, Train Acc: 0.8626, Dev Acc: 0.3846
Epoch: 245, Train Acc: 0.8551, Dev Acc: 0.3880
Epoch: 246, Train Acc: 0.8713, Dev Acc: 0.4013
0.42653429130802767
saving the model
Epoch: 247, Train Acc: 0.8772, Dev Acc: 0.4181
Epoch: 248, Train Acc: 0.8648, Dev Acc: 0.4114
Epoch: 249, Train Acc: 0.8778, Dev Acc: 0.4214
Epoch: 250, Train Acc: 0.8740, Dev Acc: 0.4013
Epoch: 251, Train Acc: 0.8816, Dev Acc: 0.3813
Epoch: 252, Train Acc: 0.8837, Dev Acc: 0.4114
Epoch: 253, Train Acc: 0.8772, Dev Acc: 0.3980
Epoch: 254, Train Acc: 0.8864, Dev Acc: 0.4080
Epoch: 255, Train Acc: 0.8859, Dev Acc: 0.3913
Epoch: 256, Train Acc: 0.8924, Dev Acc: 0.4080
Epoch: 257, Train Acc: 0.8653, Dev Acc: 0.4181
Epoch: 258, Train Acc: 0.8875, Dev Acc: 0.4114
Epoch: 259, Train Acc: 0.8918, Dev Acc: 0.4147
Epoch: 260, Train Acc: 0.8962, Dev Acc: 0.4080
Epoch: 261, Train Acc: 0.8875, Dev Acc: 0.4147
Epoch: 262, Train Acc: 0.8653, Dev Acc: 0.3880
Epoch: 263, Train Acc: 0.8789, Dev Acc: 0.3813
Epoch: 264, Train Acc: 0.8913, Dev Acc: 0.3946
Epoch: 265, Train Acc: 0.8875, Dev Acc: 0.3813
Epoch: 266, Train Acc: 0.8880, Dev Acc: 0.4013
Epoch: 267, Train Acc: 0.8864, Dev Acc: 0.4047
Epoch: 268, Train Acc: 0.9027, Dev Acc: 0.4080
Epoch: 269, Train Acc: 0.8880, Dev Acc: 0.4047
Epoch: 270, Train Acc: 0.8918, Dev Acc: 0.3813
Epoch: 271, Train Acc: 0.8989, Dev Acc: 0.3980
Epoch: 272, Train Acc: 0.8978, Dev Acc: 0.4247
Epoch: 273, Train Acc: 0.8994, Dev Acc: 0.3980
Epoch: 274, Train Acc: 0.9037, Dev Acc: 0.4013
Epoch: 275, Train Acc: 0.9059, Dev Acc: 0.4147
Epoch: 276, Train Acc: 0.8956, Dev Acc: 0.3946
Epoch: 277, Train Acc: 0.8886, Dev Acc: 0.3980
Epoch: 278, Train Acc: 0.8951, Dev Acc: 0.4114
Epoch: 279, Train Acc: 0.9043, Dev Acc: 0.4147
Epoch: 280, Train Acc: 0.9010, Dev Acc: 0.4114
Epoch: 281, Train Acc: 0.9027, Dev Acc: 0.4114
Epoch: 282, Train Acc: 0.9081, Dev Acc: 0.4013
Epoch: 283, Train Acc: 0.8913, Dev Acc: 0.4214
Epoch: 284, Train Acc: 0.9070, Dev Acc: 0.4114
Epoch: 285, Train Acc: 0.9118, Dev Acc: 0.4247
Epoch: 286, Train Acc: 0.9151, Dev Acc: 0.3813
Epoch: 287, Train Acc: 0.9113, Dev Acc: 0.3980
Epoch: 288, Train Acc: 0.9145, Dev Acc: 0.4080
Epoch: 289, Train Acc: 0.9173, Dev Acc: 0.4214
Epoch: 290, Train Acc: 0.8989, Dev Acc: 0.4247
Epoch: 291, Train Acc: 0.9102, Dev Acc: 0.4147
Epoch: 292, Train Acc: 0.9129, Dev Acc: 0.4214
Epoch: 293, Train Acc: 0.9091, Dev Acc: 0.4013
Epoch: 294, Train Acc: 0.9054, Dev Acc: 0.4080
Epoch: 295, Train Acc: 0.9108, Dev Acc: 0.3946
Epoch: 296, Train Acc: 0.9145, Dev Acc: 0.4181
0.43320665891554355
saving the model
Epoch: 297, Train Acc: 0.9064, Dev Acc: 0.4281
Epoch: 298, Train Acc: 0.9162, Dev Acc: 0.4080
Epoch: 299, Train Acc: 0.9156, Dev Acc: 0.4181
0.4386795928335536
saving the model
Epoch: 300, Train Acc: 0.9162, Dev Acc: 0.4348
Epoch: 301, Train Acc: 0.9054, Dev Acc: 0.4181
Epoch: 302, Train Acc: 0.9183, Dev Acc: 0.4181
Epoch: 303, Train Acc: 0.9189, Dev Acc: 0.4281
Epoch: 304, Train Acc: 0.9210, Dev Acc: 0.4214
Epoch: 305, Train Acc: 0.9145, Dev Acc: 0.4181
Epoch: 306, Train Acc: 0.9232, Dev Acc: 0.4147
Epoch: 307, Train Acc: 0.9189, Dev Acc: 0.4181
Epoch: 308, Train Acc: 0.9221, Dev Acc: 0.4080
Epoch: 309, Train Acc: 0.9194, Dev Acc: 0.4013
Epoch: 310, Train Acc: 0.9237, Dev Acc: 0.4080
Epoch: 311, Train Acc: 0.9200, Dev Acc: 0.4147
Epoch: 312, Train Acc: 0.9221, Dev Acc: 0.4147
Epoch: 313, Train Acc: 0.9151, Dev Acc: 0.4281
Epoch: 314, Train Acc: 0.9200, Dev Acc: 0.4214
Epoch: 315, Train Acc: 0.9113, Dev Acc: 0.3946
Epoch: 316, Train Acc: 0.9237, Dev Acc: 0.3980
Epoch: 317, Train Acc: 0.9221, Dev Acc: 0.4080
Epoch: 318, Train Acc: 0.9173, Dev Acc: 0.4013
Epoch: 319, Train Acc: 0.9200, Dev Acc: 0.4013
Epoch: 320, Train Acc: 0.9145, Dev Acc: 0.4080
Epoch: 321, Train Acc: 0.9200, Dev Acc: 0.4114
Epoch: 322, Train Acc: 0.9216, Dev Acc: 0.4080
Epoch: 323, Train Acc: 0.9281, Dev Acc: 0.4181
Epoch: 324, Train Acc: 0.9216, Dev Acc: 0.4114
Epoch: 325, Train Acc: 0.9183, Dev Acc: 0.4214
Epoch: 326, Train Acc: 0.9200, Dev Acc: 0.4181
Epoch: 327, Train Acc: 0.9205, Dev Acc: 0.4080
Epoch: 328, Train Acc: 0.9156, Dev Acc: 0.3913
Epoch: 329, Train Acc: 0.9237, Dev Acc: 0.3980
Epoch: 330, Train Acc: 0.9221, Dev Acc: 0.4247
Epoch: 331, Train Acc: 0.9237, Dev Acc: 0.4281
Epoch: 332, Train Acc: 0.9264, Dev Acc: 0.4181
Epoch: 333, Train Acc: 0.9178, Dev Acc: 0.4348
Epoch: 334, Train Acc: 0.9227, Dev Acc: 0.4013
0.4448777744486084
saving the model
Epoch: 335, Train Acc: 0.9189, Dev Acc: 0.4314
Epoch: 336, Train Acc: 0.9308, Dev Acc: 0.4013
Epoch: 337, Train Acc: 0.9297, Dev Acc: 0.4047
Epoch: 338, Train Acc: 0.9324, Dev Acc: 0.4181
Epoch: 339, Train Acc: 0.9254, Dev Acc: 0.4114
Epoch: 340, Train Acc: 0.9248, Dev Acc: 0.4080
Epoch: 341, Train Acc: 0.9292, Dev Acc: 0.4047
Epoch: 342, Train Acc: 0.9275, Dev Acc: 0.4080
Epoch: 343, Train Acc: 0.9324, Dev Acc: 0.4147
Epoch: 344, Train Acc: 0.9281, Dev Acc: 0.3946
Epoch: 345, Train Acc: 0.9270, Dev Acc: 0.3980
Epoch: 346, Train Acc: 0.9313, Dev Acc: 0.4013
Epoch: 347, Train Acc: 0.9313, Dev Acc: 0.3980
Epoch: 348, Train Acc: 0.9389, Dev Acc: 0.4147
Epoch: 349, Train Acc: 0.9335, Dev Acc: 0.3913
Epoch: 350, Train Acc: 0.9221, Dev Acc: 0.4047
Epoch: 351, Train Acc: 0.9346, Dev Acc: 0.3880
Epoch: 352, Train Acc: 0.9254, Dev Acc: 0.4080
Epoch: 353, Train Acc: 0.9183, Dev Acc: 0.3913
Epoch: 354, Train Acc: 0.9302, Dev Acc: 0.4114
Epoch: 355, Train Acc: 0.9275, Dev Acc: 0.3980
Epoch: 356, Train Acc: 0.9335, Dev Acc: 0.3946
Epoch: 357, Train Acc: 0.9335, Dev Acc: 0.4281
Epoch: 358, Train Acc: 0.9329, Dev Acc: 0.4080
Epoch: 359, Train Acc: 0.9292, Dev Acc: 0.4247
0.44676574423159104
saving the model
Epoch: 360, Train Acc: 0.9335, Dev Acc: 0.4448
Epoch: 361, Train Acc: 0.9362, Dev Acc: 0.4181
Epoch: 362, Train Acc: 0.9389, Dev Acc: 0.4214
Epoch: 363, Train Acc: 0.9410, Dev Acc: 0.4147
Epoch: 364, Train Acc: 0.9248, Dev Acc: 0.4047
Epoch: 365, Train Acc: 0.9346, Dev Acc: 0.4047
Epoch: 366, Train Acc: 0.9389, Dev Acc: 0.3880
Epoch: 367, Train Acc: 0.9378, Dev Acc: 0.3913
Epoch: 368, Train Acc: 0.9324, Dev Acc: 0.4281
Epoch: 369, Train Acc: 0.9346, Dev Acc: 0.3980
Epoch: 370, Train Acc: 0.9367, Dev Acc: 0.4247
Epoch: 371, Train Acc: 0.9416, Dev Acc: 0.4181
Epoch: 372, Train Acc: 0.9400, Dev Acc: 0.4281
Epoch: 373, Train Acc: 0.9400, Dev Acc: 0.4348
Epoch: 374, Train Acc: 0.9356, Dev Acc: 0.4314
Epoch: 375, Train Acc: 0.9438, Dev Acc: 0.4247
Epoch: 376, Train Acc: 0.9421, Dev Acc: 0.4114
Epoch: 377, Train Acc: 0.9378, Dev Acc: 0.4281
Epoch: 378, Train Acc: 0.9308, Dev Acc: 0.3946
Epoch: 379, Train Acc: 0.9340, Dev Acc: 0.4247
Epoch: 380, Train Acc: 0.9432, Dev Acc: 0.4047
Epoch: 381, Train Acc: 0.9400, Dev Acc: 0.4013
Epoch: 382, Train Acc: 0.9405, Dev Acc: 0.4247
Epoch: 383, Train Acc: 0.9389, Dev Acc: 0.4080
Epoch: 384, Train Acc: 0.9378, Dev Acc: 0.4381
Epoch: 385, Train Acc: 0.9362, Dev Acc: 0.4047
Epoch: 386, Train Acc: 0.9329, Dev Acc: 0.4080
Epoch: 387, Train Acc: 0.9497, Dev Acc: 0.4147
Epoch: 388, Train Acc: 0.9367, Dev Acc: 0.4147
Epoch: 389, Train Acc: 0.9492, Dev Acc: 0.4247
Epoch: 390, Train Acc: 0.9540, Dev Acc: 0.4247
Epoch: 391, Train Acc: 0.9470, Dev Acc: 0.3980
Epoch: 392, Train Acc: 0.9502, Dev Acc: 0.4047
Epoch: 393, Train Acc: 0.9416, Dev Acc: 0.4314
Epoch: 394, Train Acc: 0.9470, Dev Acc: 0.4214
0.4484628152326298
saving the model
Epoch: 395, Train Acc: 0.9427, Dev Acc: 0.4415
Epoch: 396, Train Acc: 0.9394, Dev Acc: 0.4147
Epoch: 397, Train Acc: 0.9394, Dev Acc: 0.4080
Epoch: 398, Train Acc: 0.9432, Dev Acc: 0.4147
Epoch: 399, Train Acc: 0.9459, Dev Acc: 0.4080
Train split results
                        precision    recall  f1-score   support

            ad hominem       1.00      1.00      1.00       225
            ad populum       0.99      0.96      0.97       158
     appeal to emotion       1.00      0.92      0.96       130
    circular reasoning       0.94      0.99      0.96       134
          equivocation       0.88      0.38      0.54        39
fallacy of credibility       0.80      0.76      0.78       107
  fallacy of extension       1.00      0.96      0.98       106
      fallacy of logic       0.80      0.98      0.88       121
  fallacy of relevance       0.92      0.96      0.94       114
       false causality       0.97      0.99      0.98       174
         false dilemma       1.00      0.99      1.00       110
 faulty generalization       1.00      0.99      0.99       319
           intentional       0.83      0.88      0.85       112

              accuracy                           0.95      1849
             macro avg       0.93      0.90      0.91      1849
          weighted avg       0.95      0.95      0.94      1849

Dev split results
                        precision    recall  f1-score   support

            ad hominem       0.50      0.33      0.40        36
            ad populum       0.69      0.57      0.62        44
     appeal to emotion       0.22      0.15      0.18        13
    circular reasoning       0.33      0.39      0.36        18
          equivocation       0.00      0.00      0.00         5
fallacy of credibility       0.00      0.00      0.00         8
  fallacy of extension       0.50      0.29      0.36        14
      fallacy of logic       0.50      0.35      0.41        17
  fallacy of relevance       0.29      0.25      0.27        24
       false causality       0.32      0.54      0.40        24
         false dilemma       0.72      0.68      0.70        19
 faulty generalization       0.42      0.51      0.46        61
           intentional       0.33      0.19      0.24        16

              accuracy                           0.41       299
             macro avg       0.37      0.33      0.34       299
          weighted avg       0.44      0.41      0.42       299

Test split results
                        precision    recall  f1-score   support

            ad hominem       0.58      0.46      0.51        41
            ad populum       0.63      0.40      0.49        30
     appeal to emotion       0.57      0.35      0.43        23
    circular reasoning       0.29      0.42      0.34        19
          equivocation       0.17      0.20      0.18         5
fallacy of credibility       0.07      0.12      0.09        17
  fallacy of extension       0.58      0.33      0.42        21
      fallacy of logic       0.12      0.14      0.13        14
  fallacy of relevance       0.14      0.17      0.16        23
       false causality       0.26      0.44      0.33        18
         false dilemma       0.58      0.58      0.58        12
 faulty generalization       0.46      0.48      0.47        61
           intentional       0.44      0.27      0.33        15

              accuracy                           0.37       299
             macro avg       0.38      0.34      0.34       299
          weighted avg       0.42      0.37      0.39       299

