/cluster/raid/home/zhivar.sourati/logical-fallacy-identification/AMR_parsers_and_graphs
Thu Sep 29 22:14:28 2022       
+-----------------------------------------------------------------------------+
| NVIDIA-SMI 460.32.03    Driver Version: 460.32.03    CUDA Version: 11.2     |
|-------------------------------+----------------------+----------------------+
| GPU  Name        Persistence-M| Bus-Id        Disp.A | Volatile Uncorr. ECC |
| Fan  Temp  Perf  Pwr:Usage/Cap|         Memory-Usage | GPU-Util  Compute M. |
|                               |                      |               MIG M. |
|===============================+======================+======================|
|   0  A100-PCIE-40GB      Off  | 00000000:28:00.0 Off |                    0 |
| N/A   30C    P0    37W / 250W |      0MiB / 40536MiB |      0%      Default |
|                               |                      |             Disabled |
+-------------------------------+----------------------+----------------------+
                                                                               
+-----------------------------------------------------------------------------+
| Processes:                                                                  |
|  GPU   GI   CI        PID   Type   Process name                  GPU Memory |
|        ID   ID                                                   Usage      |
|=============================================================================|
|  No running processes found                                                 |
+-----------------------------------------------------------------------------+
0
cuda
using GPU
0.06819388677206285
saving the model
Epoch: 001, Train Acc: 0.1720, Dev Acc: 0.2007
0.06913786696395391
saving the model
Epoch: 002, Train Acc: 0.1725, Dev Acc: 0.2040
Epoch: 003, Train Acc: 0.1725, Dev Acc: 0.2040
Epoch: 004, Train Acc: 0.1725, Dev Acc: 0.2040
Epoch: 005, Train Acc: 0.1725, Dev Acc: 0.2007
Epoch: 006, Train Acc: 0.1725, Dev Acc: 0.2007
Epoch: 007, Train Acc: 0.1725, Dev Acc: 0.2040
Epoch: 008, Train Acc: 0.1725, Dev Acc: 0.2040
Epoch: 009, Train Acc: 0.1725, Dev Acc: 0.2040
Epoch: 010, Train Acc: 0.1725, Dev Acc: 0.2040
Epoch: 011, Train Acc: 0.1725, Dev Acc: 0.2007
Epoch: 012, Train Acc: 0.1725, Dev Acc: 0.2007
Epoch: 013, Train Acc: 0.1725, Dev Acc: 0.2007
Epoch: 014, Train Acc: 0.1731, Dev Acc: 0.2007
Epoch: 015, Train Acc: 0.1731, Dev Acc: 0.2007
Epoch: 016, Train Acc: 0.1731, Dev Acc: 0.2007
Epoch: 017, Train Acc: 0.1736, Dev Acc: 0.2007
Epoch: 018, Train Acc: 0.1752, Dev Acc: 0.2007
Epoch: 019, Train Acc: 0.1774, Dev Acc: 0.2007
0.07484544441066181
saving the model
Epoch: 020, Train Acc: 0.1806, Dev Acc: 0.2040
0.08396625862892729
saving the model
Epoch: 021, Train Acc: 0.1823, Dev Acc: 0.2107
0.08934328822210967
saving the model
Epoch: 022, Train Acc: 0.1860, Dev Acc: 0.2140
0.09337933647952551
saving the model
Epoch: 023, Train Acc: 0.1871, Dev Acc: 0.2174
Epoch: 024, Train Acc: 0.1920, Dev Acc: 0.2174
Epoch: 025, Train Acc: 0.1931, Dev Acc: 0.2174
0.0970987994314192
saving the model
Epoch: 026, Train Acc: 0.1947, Dev Acc: 0.2207
0.10163417818967721
saving the model
Epoch: 027, Train Acc: 0.1974, Dev Acc: 0.2241
0.11467839968813362
saving the model
Epoch: 028, Train Acc: 0.1996, Dev Acc: 0.2375
Epoch: 029, Train Acc: 0.2001, Dev Acc: 0.2341
0.11678568200307328
saving the model
Epoch: 030, Train Acc: 0.2034, Dev Acc: 0.2408
0.1176439217172008
saving the model
Epoch: 031, Train Acc: 0.2012, Dev Acc: 0.2408
Epoch: 032, Train Acc: 0.2034, Dev Acc: 0.2408
0.12780047973579256
saving the model
Epoch: 033, Train Acc: 0.2082, Dev Acc: 0.2508
0.1310400396556705
saving the model
Epoch: 034, Train Acc: 0.2050, Dev Acc: 0.2542
Epoch: 035, Train Acc: 0.2093, Dev Acc: 0.2542
Epoch: 036, Train Acc: 0.2093, Dev Acc: 0.2542
0.13365893066980022
saving the model
Epoch: 037, Train Acc: 0.2109, Dev Acc: 0.2575
Epoch: 038, Train Acc: 0.2136, Dev Acc: 0.2508
Epoch: 039, Train Acc: 0.2125, Dev Acc: 0.2542
Epoch: 040, Train Acc: 0.2131, Dev Acc: 0.2508
Epoch: 041, Train Acc: 0.2120, Dev Acc: 0.2542
Epoch: 042, Train Acc: 0.2131, Dev Acc: 0.2475
Epoch: 043, Train Acc: 0.2147, Dev Acc: 0.2508
Epoch: 044, Train Acc: 0.2163, Dev Acc: 0.2508
Epoch: 045, Train Acc: 0.2163, Dev Acc: 0.2508
Epoch: 046, Train Acc: 0.2180, Dev Acc: 0.2542
Epoch: 047, Train Acc: 0.2196, Dev Acc: 0.2542
Epoch: 048, Train Acc: 0.2180, Dev Acc: 0.2508
Epoch: 049, Train Acc: 0.2190, Dev Acc: 0.2508
Epoch: 050, Train Acc: 0.2169, Dev Acc: 0.2508
Epoch: 051, Train Acc: 0.2212, Dev Acc: 0.2542
0.13393951290816813
saving the model
Epoch: 052, Train Acc: 0.2255, Dev Acc: 0.2575
Epoch: 053, Train Acc: 0.2212, Dev Acc: 0.2542
Epoch: 054, Train Acc: 0.2217, Dev Acc: 0.2542
Epoch: 055, Train Acc: 0.2212, Dev Acc: 0.2542
Epoch: 056, Train Acc: 0.2239, Dev Acc: 0.2542
Epoch: 057, Train Acc: 0.2239, Dev Acc: 0.2542
0.1366687757992106
saving the model
Epoch: 058, Train Acc: 0.2293, Dev Acc: 0.2609
0.1378305539796223
saving the model
Epoch: 059, Train Acc: 0.2315, Dev Acc: 0.2642
Epoch: 060, Train Acc: 0.2304, Dev Acc: 0.2542
Epoch: 061, Train Acc: 0.2304, Dev Acc: 0.2609
Epoch: 062, Train Acc: 0.2336, Dev Acc: 0.2642
Epoch: 063, Train Acc: 0.2336, Dev Acc: 0.2642
Epoch: 064, Train Acc: 0.2363, Dev Acc: 0.2609
0.1385481778879705
saving the model
Epoch: 065, Train Acc: 0.2363, Dev Acc: 0.2676
Epoch: 066, Train Acc: 0.2353, Dev Acc: 0.2609
Epoch: 067, Train Acc: 0.2315, Dev Acc: 0.2609
Epoch: 068, Train Acc: 0.2353, Dev Acc: 0.2609
Epoch: 069, Train Acc: 0.2358, Dev Acc: 0.2642
Train split results
                        precision    recall  f1-score   support

            ad hominem       0.70      0.03      0.06       225
            ad populum       0.88      0.04      0.08       158
     appeal to emotion       0.00      0.00      0.00       130
    circular reasoning       0.26      0.54      0.36       134
          equivocation       0.00      0.00      0.00        39
fallacy of credibility       0.00      0.00      0.00       107
  fallacy of extension       0.00      0.00      0.00       106
      fallacy of logic       0.00      0.00      0.00       121
  fallacy of relevance       0.00      0.00      0.00       114
       false causality       0.00      0.00      0.00       174
         false dilemma       0.55      0.54      0.54       110
 faulty generalization       0.20      0.91      0.33       319
           intentional       0.00      0.00      0.00       112

              accuracy                           0.24      1849
             macro avg       0.20      0.16      0.11      1849
          weighted avg       0.25      0.24      0.13      1849

Dev split results
                        precision    recall  f1-score   support

            ad hominem       0.00      0.00      0.00        36
            ad populum       0.00      0.00      0.00        44
     appeal to emotion       0.00      0.00      0.00        13
    circular reasoning       0.29      0.72      0.41        18
          equivocation       0.00      0.00      0.00         5
fallacy of credibility       0.00      0.00      0.00         8
  fallacy of extension       0.00      0.00      0.00        14
      fallacy of logic       0.00      0.00      0.00        17
  fallacy of relevance       0.00      0.00      0.00        24
       false causality       0.00      0.00      0.00        24
         false dilemma       0.61      0.58      0.59        19
 faulty generalization       0.23      0.90      0.37        61
           intentional       0.00      0.00      0.00        16

              accuracy                           0.26       299
             macro avg       0.09      0.17      0.11       299
          weighted avg       0.10      0.26      0.14       299

Test split results
                        precision    recall  f1-score   support

            ad hominem       0.00      0.00      0.00        41
            ad populum       1.00      0.03      0.06        30
     appeal to emotion       0.00      0.00      0.00        23
    circular reasoning       0.27      0.63      0.38        19
          equivocation       0.00      0.00      0.00         5
fallacy of credibility       0.00      0.00      0.00        17
  fallacy of extension       0.00      0.00      0.00        21
      fallacy of logic       0.00      0.00      0.00        14
  fallacy of relevance       0.00      0.00      0.00        23
       false causality       0.00      0.00      0.00        18
         false dilemma       0.43      0.50      0.46        12
 faulty generalization       0.23      0.89      0.36        61
           intentional       0.00      0.00      0.00        15

              accuracy                           0.24       299
             macro avg       0.15      0.16      0.10       299
          weighted avg       0.18      0.24      0.12       299

