/cluster/raid/home/zhivar.sourati/logical-fallacy-identification/AMR_parsers_and_graphs
Thu Sep 29 22:16:08 2022       
+-----------------------------------------------------------------------------+
| NVIDIA-SMI 460.32.03    Driver Version: 460.32.03    CUDA Version: 11.2     |
|-------------------------------+----------------------+----------------------+
| GPU  Name        Persistence-M| Bus-Id        Disp.A | Volatile Uncorr. ECC |
| Fan  Temp  Perf  Pwr:Usage/Cap|         Memory-Usage | GPU-Util  Compute M. |
|                               |                      |               MIG M. |
|===============================+======================+======================|
|   0  A100-PCIE-40GB      Off  | 00000000:29:00.0 Off |                    0 |
| N/A   29C    P0    32W / 250W |      0MiB / 40536MiB |      0%      Default |
|                               |                      |             Disabled |
+-------------------------------+----------------------+----------------------+
                                                                               
+-----------------------------------------------------------------------------+
| Processes:                                                                  |
|  GPU   GI   CI        PID   Type   Process name                  GPU Memory |
|        ID   ID                                                   Usage      |
|=============================================================================|
|  No running processes found                                                 |
+-----------------------------------------------------------------------------+
0
cuda
using GPU
0.06971885744264261
saving the model
Epoch: 001, Train Acc: 0.1731, Dev Acc: 0.2040
0.10779663644113771
saving the model
Epoch: 002, Train Acc: 0.1925, Dev Acc: 0.2274
0.148583960796237
saving the model
Epoch: 003, Train Acc: 0.2304, Dev Acc: 0.2508
0.20123659771218874
saving the model
Epoch: 004, Train Acc: 0.2747, Dev Acc: 0.2709
0.24481439328934584
saving the model
Epoch: 005, Train Acc: 0.2877, Dev Acc: 0.3043
0.2599599502680711
saving the model
Epoch: 006, Train Acc: 0.3018, Dev Acc: 0.3211
Epoch: 007, Train Acc: 0.3099, Dev Acc: 0.3110
0.26188535814169644
saving the model
Epoch: 008, Train Acc: 0.3121, Dev Acc: 0.3344
0.2867174660338549
saving the model
Epoch: 009, Train Acc: 0.3510, Dev Acc: 0.3344
0.29328247053336665
saving the model
Epoch: 010, Train Acc: 0.3564, Dev Acc: 0.3445
0.2977471726753776
saving the model
Epoch: 011, Train Acc: 0.3970, Dev Acc: 0.3311
0.30336985497040797
saving the model
Epoch: 012, Train Acc: 0.3889, Dev Acc: 0.3311
0.32232281089529713
saving the model
Epoch: 013, Train Acc: 0.4078, Dev Acc: 0.3545
Epoch: 014, Train Acc: 0.4213, Dev Acc: 0.3512
0.3366388199914319
saving the model
Epoch: 015, Train Acc: 0.4392, Dev Acc: 0.3679
0.3698116311332092
saving the model
Epoch: 016, Train Acc: 0.4500, Dev Acc: 0.4013
Epoch: 017, Train Acc: 0.4505, Dev Acc: 0.4047
Epoch: 018, Train Acc: 0.4662, Dev Acc: 0.3645
Epoch: 019, Train Acc: 0.4857, Dev Acc: 0.3478
Epoch: 020, Train Acc: 0.5338, Dev Acc: 0.3846
Epoch: 021, Train Acc: 0.5333, Dev Acc: 0.3813
0.3735083453440987
saving the model
Epoch: 022, Train Acc: 0.5257, Dev Acc: 0.3980
Epoch: 023, Train Acc: 0.5581, Dev Acc: 0.3813
Epoch: 024, Train Acc: 0.5603, Dev Acc: 0.3813
Epoch: 025, Train Acc: 0.5646, Dev Acc: 0.3813
Epoch: 026, Train Acc: 0.5938, Dev Acc: 0.3779
Epoch: 027, Train Acc: 0.6225, Dev Acc: 0.3779
0.3844531995774612
saving the model
Epoch: 028, Train Acc: 0.6441, Dev Acc: 0.3880
Epoch: 029, Train Acc: 0.5987, Dev Acc: 0.3512
0.3942715562478486
saving the model
Epoch: 030, Train Acc: 0.6604, Dev Acc: 0.4080
0.4005235135062253
saving the model
Epoch: 031, Train Acc: 0.6355, Dev Acc: 0.4080
Epoch: 032, Train Acc: 0.6620, Dev Acc: 0.3645
Epoch: 033, Train Acc: 0.6917, Dev Acc: 0.3913
Epoch: 034, Train Acc: 0.6933, Dev Acc: 0.3946
Epoch: 035, Train Acc: 0.7015, Dev Acc: 0.3980
0.40726012296892533
saving the model
Epoch: 036, Train Acc: 0.7025, Dev Acc: 0.4047
Epoch: 037, Train Acc: 0.7004, Dev Acc: 0.3813
Epoch: 038, Train Acc: 0.7107, Dev Acc: 0.3880
Epoch: 039, Train Acc: 0.7355, Dev Acc: 0.3946
0.4201290025134248
saving the model
Epoch: 040, Train Acc: 0.7377, Dev Acc: 0.4214
Epoch: 041, Train Acc: 0.7512, Dev Acc: 0.4181
Epoch: 042, Train Acc: 0.7637, Dev Acc: 0.4013
Epoch: 043, Train Acc: 0.7485, Dev Acc: 0.4214
0.4323342776564947
saving the model
Epoch: 044, Train Acc: 0.7929, Dev Acc: 0.4314
Epoch: 045, Train Acc: 0.7837, Dev Acc: 0.4114
0.44545918505881027
saving the model
Epoch: 046, Train Acc: 0.7923, Dev Acc: 0.4448
Epoch: 047, Train Acc: 0.7994, Dev Acc: 0.4247
Epoch: 048, Train Acc: 0.7972, Dev Acc: 0.4247
Epoch: 049, Train Acc: 0.7939, Dev Acc: 0.4314
Epoch: 050, Train Acc: 0.8231, Dev Acc: 0.4381
Epoch: 051, Train Acc: 0.7950, Dev Acc: 0.4247
Epoch: 052, Train Acc: 0.8302, Dev Acc: 0.4415
0.46669525762911757
saving the model
Epoch: 053, Train Acc: 0.8378, Dev Acc: 0.4649
Epoch: 054, Train Acc: 0.8361, Dev Acc: 0.4381
Epoch: 055, Train Acc: 0.8356, Dev Acc: 0.4415
Epoch: 056, Train Acc: 0.8794, Dev Acc: 0.4348
Epoch: 057, Train Acc: 0.8897, Dev Acc: 0.4281
Epoch: 058, Train Acc: 0.8761, Dev Acc: 0.4381
Epoch: 059, Train Acc: 0.8707, Dev Acc: 0.4515
Epoch: 060, Train Acc: 0.8648, Dev Acc: 0.4281
Epoch: 061, Train Acc: 0.9064, Dev Acc: 0.4515
Epoch: 062, Train Acc: 0.8870, Dev Acc: 0.4448
Epoch: 063, Train Acc: 0.8908, Dev Acc: 0.4482
Epoch: 064, Train Acc: 0.9097, Dev Acc: 0.4314
Epoch: 065, Train Acc: 0.9070, Dev Acc: 0.4381
Epoch: 066, Train Acc: 0.9064, Dev Acc: 0.4482
Epoch: 067, Train Acc: 0.9221, Dev Acc: 0.4515
Epoch: 068, Train Acc: 0.9054, Dev Acc: 0.4448
Epoch: 069, Train Acc: 0.9264, Dev Acc: 0.4548
Train split results
                        precision    recall  f1-score   support

            ad hominem       0.99      0.88      0.93       225
            ad populum       0.98      0.93      0.95       158
     appeal to emotion       0.97      0.85      0.91       130
    circular reasoning       0.91      0.96      0.94       134
          equivocation       0.85      0.59      0.70        39
fallacy of credibility       0.94      0.90      0.92       107
  fallacy of extension       0.96      0.93      0.95       106
      fallacy of logic       0.82      0.97      0.89       121
  fallacy of relevance       0.86      0.93      0.89       114
       false causality       0.93      0.97      0.95       174
         false dilemma       0.94      0.95      0.94       110
 faulty generalization       0.90      0.98      0.94       319
           intentional       0.94      0.90      0.92       112

              accuracy                           0.93      1849
             macro avg       0.92      0.90      0.91      1849
          weighted avg       0.93      0.93      0.93      1849

Dev split results
                        precision    recall  f1-score   support

            ad hominem       0.78      0.39      0.52        36
            ad populum       0.58      0.48      0.53        44
     appeal to emotion       0.45      0.38      0.42        13
    circular reasoning       0.47      0.50      0.49        18
          equivocation       0.40      0.40      0.40         5
fallacy of credibility       0.08      0.12      0.10         8
  fallacy of extension       0.42      0.36      0.38        14
      fallacy of logic       0.33      0.35      0.34        17
  fallacy of relevance       0.32      0.33      0.33        24
       false causality       0.39      0.38      0.38        24
         false dilemma       0.61      0.74      0.67        19
 faulty generalization       0.42      0.61      0.50        61
           intentional       0.62      0.31      0.42        16

              accuracy                           0.45       299
             macro avg       0.45      0.41      0.42       299
          weighted avg       0.49      0.45      0.46       299

Test split results
                        precision    recall  f1-score   support

            ad hominem       0.73      0.39      0.51        41
            ad populum       0.58      0.50      0.54        30
     appeal to emotion       0.42      0.22      0.29        23
    circular reasoning       0.19      0.32      0.24        19
          equivocation       0.50      0.20      0.29         5
fallacy of credibility       0.19      0.18      0.18        17
  fallacy of extension       0.47      0.43      0.45        21
      fallacy of logic       0.27      0.29      0.28        14
  fallacy of relevance       0.24      0.22      0.23        23
       false causality       0.25      0.28      0.26        18
         false dilemma       0.38      0.75      0.50        12
 faulty generalization       0.45      0.56      0.50        61
           intentional       0.25      0.27      0.26        15

              accuracy                           0.39       299
             macro avg       0.38      0.35      0.35       299
          weighted avg       0.42      0.39      0.39       299

