syn: []
ant: []
entails: []
part_of: []
####################

syn: []
ant: []
entails: []
part_of: []
####################

syn: []
ant: []
entails: []
part_of: []
####################

syn: [('cause', 'get'), ('get', 'cause')]
ant: []
entails: []
part_of: []
####################

syn: []
ant: [('good', 'bad'), ('bad', 'good')]
entails: []
part_of: []
####################

syn: []
ant: []
entails: []
part_of: []
####################

syn: [('allow', 'let'), ('regulate', 'govern'), ('govern', 'regulate'), ('let', 'allow')]
ant: [('loan', 'borrow'), ('borrow', 'loan'), ('borrow', 'loan'), ('loan', 'borrow')]
entails: []
part_of: []
####################

syn: []
ant: []
entails: []
part_of: []
####################

syn: []
ant: []
entails: []
part_of: []
####################

syn: []
ant: []
entails: []
part_of: []
####################

syn: []
ant: []
entails: []
part_of: []
####################

syn: []
ant: []
entails: []
part_of: []
####################

syn: [('person', 'individual'), ('person', 'individual'), ('individual', 'person'), ('individual', 'person')]
ant: []
entails: []
part_of: []
####################

syn: []
ant: []
entails: []
part_of: []
####################

syn: []
ant: []
entails: []
part_of: []
####################

syn: []
ant: []
entails: []
part_of: []
####################

syn: [('get', 'cause'), ('cause', 'get')]
ant: []
entails: []
part_of: []
####################

syn: []
ant: []
entails: []
part_of: []
####################

syn: []
ant: []
entails: []
part_of: []
####################

syn: []
ant: []
entails: []
part_of: []
####################

syn: []
ant: []
entails: []
part_of: []
####################

syn: [('cause', 'have'), ('have', 'cause'), ('have', 'get'), ('get', 'have')]
ant: []
entails: []
part_of: []
####################

syn: [('have', 'cause'), ('do', 'cause'), ('country', 'States'), ('country', 'States'), ('cause', 'have'), ('cause', 'do'), ('say', 'States'), ('States', 'country'), ('States', 'country'), ('States', 'say')]
ant: []
entails: []
part_of: []
####################

syn: []
ant: []
entails: []
part_of: []
####################

syn: [('effective', 'good'), ('good', 'effective')]
ant: []
entails: []
part_of: []
####################

syn: []
ant: []
entails: []
part_of: []
####################

syn: []
ant: []
entails: []
part_of: []
####################

syn: []
ant: []
entails: []
part_of: []
####################

syn: []
ant: []
entails: []
part_of: []
####################

syn: []
ant: []
entails: []
part_of: []
####################

syn: [('own', 'have'), ('have', 'own')]
ant: []
entails: []
part_of: []
####################

syn: []
ant: []
entails: []
part_of: []
####################

syn: []
ant: []
entails: []
part_of: []
####################

syn: [('name', 'call'), ('have', 'cause'), ('name', 'call'), ('cause', 'have'), ('name', 'call'), ('name', 'call'), ('just', 'good'), ('good', 'just'), ('good', 'sound'), ('name', 'call'), ('call', 'name'), ('call', 'name'), ('call', 'name'), ('call', 'name'), ('call', 'name'), ('call', 'name'), ('call', 'name'), ('call', 'name'), ('call', 'name'), ('call', 'name'), ('call', 'name'), ('name', 'call'), ('name', 'call'), ('sound', 'good'), ('name', 'call'), ('name', 'call'), ('name', 'call'), ('name', 'call')]
ant: []
entails: []
part_of: []
####################

syn: []
ant: []
entails: []
part_of: []
####################

syn: []
ant: []
entails: []
part_of: []
####################

syn: [('cause', 'have'), ('have', 'cause')]
ant: []
entails: []
part_of: []
####################

syn: []
ant: []
entails: []
part_of: []
####################

syn: [('go', 'last'), ('last', 'go')]
ant: []
entails: []
part_of: []
####################

syn: []
ant: []
entails: []
part_of: []
####################

syn: []
ant: []
entails: []
part_of: []
####################

syn: []
ant: [('stop', 'continue'), ('continue', 'stop')]
entails: []
part_of: []
####################

syn: []
ant: []
entails: []
part_of: []
####################

syn: []
ant: []
entails: []
part_of: []
####################

syn: []
ant: []
entails: []
part_of: []
####################

syn: []
ant: []
entails: []
part_of: []
####################

syn: []
ant: []
entails: []
part_of: []
####################

syn: []
ant: []
entails: []
part_of: []
####################

syn: []
ant: []
entails: []
part_of: []
####################

syn: []
ant: []
entails: [('name', 'class'), ('name', 'class'), ('name', 'class'), ('name', 'class')]
part_of: []
####################

syn: []
ant: []
entails: []
part_of: []
####################

syn: [('take', 'get'), ('get', 'take')]
ant: []
entails: []
part_of: []
####################

syn: []
ant: []
entails: []
part_of: []
####################

syn: [('ethics', 'ethic'), ('ethic', 'ethics')]
ant: []
entails: [('do', 'work')]
part_of: []
####################

syn: []
ant: []
entails: []
part_of: []
####################

syn: [('call', 'name'), ('name', 'call')]
ant: [('fix', 'break'), ('break', 'fix')]
entails: []
part_of: []
####################

syn: []
ant: []
entails: []
part_of: []
####################

syn: [('do', 'cause'), ('cause', 'do'), ('cause', 'get'), ('get', 'cause')]
ant: []
entails: [('name', 'class'), ('name', 'class'), ('name', 'class')]
part_of: []
####################

syn: []
ant: []
entails: []
part_of: []
####################

syn: []
ant: []
entails: []
part_of: []
####################

syn: []
ant: []
entails: []
part_of: []
####################

syn: []
ant: []
entails: []
part_of: []
####################

syn: [('run', 'campaign'), ('class', 'year'), ('campaign', 'run'), ('year', 'class')]
ant: []
entails: [('name', 'class')]
part_of: []
####################

syn: [('cover', 'address'), ('address', 'cover')]
ant: []
entails: []
part_of: [('cover', 'book'), ('cover', 'book'), ('close', 'address'), ('close', 'address')]
####################

syn: [('name', 'figure'), ('see', 'figure'), ('figure', 'name'), ('figure', 'see'), ('figure', 'name'), ('figure', 'name'), ('figure', 'name'), ('figure', 'name'), ('name', 'figure'), ('name', 'figure'), ('name', 'figure'), ('name', 'figure')]
ant: []
entails: []
part_of: []
####################

syn: [('name', 'identify'), ('name', 'identify'), ('name', 'identify'), ('name', 'identify'), ('identify', 'name'), ('identify', 'name'), ('identify', 'name'), ('identify', 'name')]
ant: []
entails: []
part_of: []
####################

syn: []
ant: []
entails: []
part_of: []
####################

syn: []
ant: []
entails: []
part_of: []
####################

syn: [('i', '1'), ('i', '1'), ('1', 'i'), ('1', 'i')]
ant: [('son', 'daughter'), ('daughter', 'son')]
entails: []
part_of: []
####################

syn: []
ant: []
entails: []
part_of: []
####################

syn: [('call', 'name'), ('call', 'claim'), ('name', 'call'), ('claim', 'call')]
ant: []
entails: []
part_of: []
####################

syn: []
ant: []
entails: []
part_of: []
####################

syn: []
ant: []
entails: []
part_of: []
####################

syn: []
ant: []
entails: []
part_of: []
####################

syn: [('exploit', 'work'), ('work', 'exploit')]
ant: []
entails: []
part_of: []
####################

syn: []
ant: []
entails: []
part_of: []
####################

syn: [('being', 'exist'), ('exist', 'being')]
ant: []
entails: [('name', 'sort')]
part_of: []
####################

syn: []
ant: []
entails: []
part_of: []
####################

syn: []
ant: []
entails: []
part_of: []
####################

syn: [('give', 'have'), ('have', 'give'), ('have', 'cause'), ('cause', 'have')]
ant: []
entails: [('include', 'have')]
part_of: []
####################

syn: []
ant: []
entails: []
part_of: []
####################

syn: []
ant: []
entails: []
part_of: []
####################

syn: []
ant: []
entails: []
part_of: []
####################

syn: []
ant: []
entails: []
part_of: []
####################

syn: []
ant: []
entails: []
part_of: []
####################

syn: []
ant: [('friend', 'enemy'), ('enemy', 'friend')]
entails: []
part_of: []
####################

syn: [('spell', 'Spelling'), ('Spelling', 'spell')]
ant: []
entails: []
part_of: []
####################

syn: [('cause', 'do'), ('tell', 'say'), ('do', 'cause'), ('say', 'tell'), ('i', '1'), ('1', 'i')]
ant: []
entails: []
part_of: []
####################

syn: []
ant: []
entails: []
part_of: []
####################

syn: []
ant: []
entails: []
part_of: []
####################

syn: []
ant: []
entails: []
part_of: []
####################

syn: []
ant: []
entails: []
part_of: []
####################

syn: []
ant: []
entails: []
part_of: []
####################

syn: []
ant: []
entails: []
part_of: []
####################

syn: []
ant: []
entails: [('divorce', 'marry')]
part_of: []
####################

syn: []
ant: []
entails: []
part_of: [('fight', 'War'), ('fight', 'War')]
####################

syn: [('work', 'go'), ('go', 'work'), ('prefer', 'favor'), ('favor', 'prefer')]
ant: []
entails: []
part_of: []
####################

syn: []
ant: []
entails: []
part_of: []
####################

syn: [('call', 'name'), ('call', 'name'), ('call', 'name'), ('name', 'call'), ('name', 'call'), ('name', 'call')]
ant: []
entails: []
part_of: []
####################

syn: [('take', 'make'), ('name', 'make'), ('name', 'make'), ('name', 'make'), ('take', 'make'), ('name', 'make'), ('make', 'take'), ('make', 'name'), ('make', 'name'), ('make', 'name'), ('make', 'take'), ('make', 'name'), ('make', 'name'), ('make', 'name'), ('name', 'make'), ('name', 'make')]
ant: []
entails: []
part_of: []
####################

syn: []
ant: []
entails: []
part_of: []
####################

syn: [('call', 'name'), ('name', 'call')]
ant: []
entails: []
part_of: []
####################

syn: []
ant: []
entails: []
part_of: []
####################

syn: []
ant: []
entails: []
part_of: []
####################

syn: []
ant: []
entails: []
part_of: [('Damascus', 'Syria'), ('Damascus', 'Syria')]
####################

syn: []
ant: []
entails: []
part_of: []
####################

syn: [('think', 'guess'), ('school', 'educate'), ('guess', 'think'), ('educate', 'school')]
ant: []
entails: []
part_of: []
####################

syn: []
ant: []
entails: []
part_of: []
####################

syn: []
ant: []
entails: []
part_of: []
####################

syn: []
ant: []
entails: []
part_of: []
####################

syn: [('ask', 'involve'), ('involve', 'ask')]
ant: []
entails: []
part_of: []
####################

syn: [('have', 'let'), ('let', 'have')]
ant: []
entails: []
part_of: []
####################

syn: []
ant: [('big', 'small'), ('small', 'big')]
entails: []
part_of: []
####################

syn: []
ant: []
entails: []
part_of: []
####################

syn: []
ant: [('stop', 'start'), ('start', 'stop')]
entails: []
part_of: []
####################

syn: []
ant: []
entails: []
part_of: []
####################

syn: []
ant: []
entails: []
part_of: []
####################

syn: []
ant: []
entails: []
part_of: []
####################

syn: []
ant: []
entails: []
part_of: []
####################

syn: [('name', 'make'), ('believe', 'consider'), ('name', 'make'), ('cause', 'make'), ('name', 'make'), ('consider', 'believe'), ('make', 'name'), ('make', 'name'), ('make', 'cause'), ('make', 'name')]
ant: []
entails: []
part_of: []
####################

syn: []
ant: [('all', 'some'), ('some', 'all'), ('some', 'all'), ('all', 'some')]
entails: [('include', 'have'), ('include', 'have'), ('include', 'have')]
part_of: []
####################

syn: []
ant: []
entails: []
part_of: []
####################

syn: []
ant: []
entails: []
part_of: []
####################

syn: []
ant: []
entails: []
part_of: []
####################

syn: []
ant: []
entails: []
part_of: []
####################

syn: [('deal', 'lot'), ('lot', 'deal')]
ant: []
entails: []
part_of: []
####################

syn: []
ant: []
entails: []
part_of: []
####################

syn: []
ant: []
entails: []
part_of: []
####################

syn: []
ant: []
entails: [('include', 'have')]
part_of: []
####################

syn: []
ant: []
entails: []
part_of: []
####################

syn: [('make', 'cause'), ('make', 'name'), ('cause', 'make'), ('name', 'make')]
ant: []
entails: []
part_of: []
####################

syn: []
ant: []
entails: []
part_of: []
####################

syn: []
ant: []
entails: []
part_of: []
####################

syn: []
ant: []
entails: []
part_of: []
####################

syn: []
ant: []
entails: []
part_of: []
####################

syn: [('discipline', 'study'), ('study', 'discipline')]
ant: []
entails: []
part_of: []
####################

syn: []
ant: []
entails: []
part_of: []
####################

syn: [('name', 'refer'), ('almost', 'about'), ('about', 'almost'), ('name', 'refer'), ('name', 'refer'), ('refer', 'name'), ('refer', 'name'), ('refer', 'name')]
ant: []
entails: []
part_of: []
####################

syn: []
ant: []
entails: []
part_of: []
####################

syn: []
ant: []
entails: []
part_of: []
####################

syn: []
ant: []
entails: []
part_of: []
####################

syn: [('think', 'believe'), ('believe', 'think')]
ant: []
entails: []
part_of: []
####################

syn: []
ant: []
entails: []
part_of: []
####################

syn: []
ant: []
entails: []
part_of: []
####################

syn: []
ant: []
entails: []
part_of: []
####################

syn: []
ant: []
entails: []
part_of: []
####################

syn: []
ant: []
entails: []
part_of: []
####################

syn: []
ant: []
entails: []
part_of: []
####################

syn: [('cause', 'get'), ('get', 'cause')]
ant: []
entails: []
part_of: []
####################

syn: []
ant: []
entails: []
part_of: []
####################

syn: []
ant: []
entails: []
part_of: []
####################

syn: []
ant: []
entails: [('say', 'talk')]
part_of: []
####################

syn: [('school', 'educate'), ('take', 'get'), ('educate', 'school'), ('get', 'take')]
ant: []
entails: []
part_of: []
####################

syn: []
ant: []
entails: []
part_of: []
####################

syn: [('cause', 'have'), ('have', 'cause')]
ant: []
entails: []
part_of: []
####################

syn: [('go', 'X'), ('X', 'go')]
ant: []
entails: []
part_of: []
####################

syn: []
ant: []
entails: []
part_of: []
####################

syn: []
ant: []
entails: []
part_of: []
####################

syn: []
ant: []
entails: []
part_of: []
####################

syn: []
ant: []
entails: []
part_of: []
####################

syn: [('teach', 'learn'), ('cause', 'have'), ('cause', 'have'), ('have', 'cause'), ('learn', 'teach'), ('have', 'cause')]
ant: [('all', 'some'), ('some', 'all')]
entails: []
part_of: []
####################

syn: [('cause', 'have'), ('have', 'cause')]
ant: []
entails: []
part_of: []
####################

syn: []
ant: []
entails: []
part_of: []
####################

syn: []
ant: []
entails: []
part_of: []
####################

syn: []
ant: []
entails: []
part_of: [('week', 'month'), ('week', 'month')]
####################

syn: [('support', 'keep'), ('keep', 'support')]
ant: []
entails: []
part_of: []
####################

syn: [('cause', 'reason'), ('complete', 'perfect'), ('perfect', 'complete'), ('reason', 'cause')]
ant: []
entails: []
part_of: [('point', 'score'), ('point', 'score')]
####################

syn: []
ant: []
entails: []
part_of: []
####################

syn: [('misrepresent', 'fake'), ('misrepresent', 'falsify'), ('fake', 'misrepresent'), ('fake', 'falsify'), ('falsify', 'misrepresent'), ('falsify', 'fake')]
ant: []
entails: []
part_of: []
####################

syn: []
ant: []
entails: []
part_of: []
####################

syn: [('give', 'pass'), ('pass', 'give')]
ant: []
entails: []
part_of: []
####################

syn: []
ant: []
entails: []
part_of: []
####################

syn: []
ant: [('man', 'woman'), ('woman', 'man')]
entails: []
part_of: []
####################

syn: []
ant: []
entails: []
part_of: []
####################

syn: []
ant: []
entails: []
part_of: []
####################

syn: []
ant: []
entails: []
part_of: []
####################

syn: [('cause', 'make'), ('cause', 'make'), ('cause', 'make'), ('name', 'make'), ('name', 'make'), ('name', 'make'), ('name', 'make'), ('name', 'make'), ('name', 'make'), ('make', 'cause'), ('make', 'name'), ('make', 'name'), ('make', 'name'), ('cause', 'make'), ('make', 'cause'), ('make', 'cause'), ('make', 'name'), ('make', 'name'), ('make', 'name'), ('make', 'cause')]
ant: []
entails: []
part_of: []
####################

syn: []
ant: []
entails: []
part_of: []
####################

syn: []
ant: []
entails: []
part_of: []
####################

syn: []
ant: []
entails: []
part_of: []
####################

syn: [('begin', 'get'), ('get', 'begin')]
ant: []
entails: [('name', 'class')]
part_of: []
####################

syn: []
ant: []
entails: []
part_of: []
####################

syn: []
ant: []
entails: []
part_of: []
####################

syn: []
ant: []
entails: []
part_of: []
####################

syn: []
ant: []
entails: []
part_of: []
####################

syn: []
ant: []
entails: []
part_of: []
####################

syn: []
ant: []
entails: []
part_of: []
####################

syn: [('name', 'make'), ('name', 'make'), ('make', 'name'), ('make', 'cause'), ('class', 'grade'), ('make', 'name'), ('grade', 'class'), ('cause', 'make')]
ant: [('good', 'bad'), ('bad', 'good')]
entails: [('name', 'class')]
part_of: []
####################

syn: [('run', 'work'), ('work', 'run')]
ant: []
entails: []
part_of: []
####################

syn: []
ant: []
entails: []
part_of: []
####################

syn: []
ant: []
entails: []
part_of: []
####################

syn: []
ant: []
entails: []
part_of: []
####################

syn: []
ant: []
entails: []
part_of: []
####################

syn: []
ant: []
entails: []
part_of: []
####################

syn: []
ant: []
entails: []
part_of: []
####################

syn: []
ant: []
entails: []
part_of: []
####################

syn: []
ant: []
entails: []
part_of: []
####################

syn: [('do', 'cause'), ('get', 'cause'), ('get', 'go'), ('get', 'go'), ('cause', 'do'), ('cause', 'get'), ('go', 'get'), ('go', 'get')]
ant: []
entails: [('miss', 'go'), ('miss', 'go')]
part_of: []
####################

syn: []
ant: []
entails: []
part_of: []
####################

syn: [('or', 'surgery'), ('name', 'diagnose'), ('obtain', 'find'), ('medicine', 'medication'), ('diagnose', 'name'), ('diagnose', 'name'), ('diagnose', 'name'), ('diagnose', 'name'), ('diagnose', 'name'), ('diagnose', 'name'), ('break', 'bankrupt'), ('surgery', 'or'), ('name', 'diagnose'), ('name', 'diagnose'), ('name', 'diagnose'), ('medication', 'medicine'), ('find', 'obtain'), ('name', 'diagnose'), ('name', 'diagnose'), ('bankrupt', 'break')]
ant: [('find', 'lose'), ('lose', 'find')]
entails: []
part_of: []
####################

syn: []
ant: []
entails: []
part_of: []
####################

syn: []
ant: []
entails: []
part_of: []
####################

syn: []
ant: []
entails: []
part_of: []
####################

syn: []
ant: []
entails: []
part_of: []
####################

syn: []
ant: []
entails: []
part_of: [('hour', 'day'), ('hour', 'day')]
####################

syn: []
ant: []
entails: []
part_of: []
####################

syn: [('globe', 'world'), ('world', 'globe')]
ant: []
entails: []
part_of: []
####################

syn: [('corrupt', 'bribe'), ('bribe', 'corrupt')]
ant: []
entails: []
part_of: []
####################

syn: []
ant: []
entails: []
part_of: []
####################

syn: []
ant: []
entails: []
part_of: []
####################

syn: []
ant: []
entails: []
part_of: []
####################

syn: [('show', 'record'), ('show', 'record'), ('show', 'record'), ('record', 'show'), ('record', 'show'), ('record', 'show')]
ant: []
entails: []
part_of: []
####################

syn: [('do', 'cause'), ('cause', 'do')]
ant: []
entails: []
part_of: []
####################

syn: []
ant: []
entails: []
part_of: []
####################

syn: []
ant: []
entails: []
part_of: []
####################

syn: []
ant: []
entails: []
part_of: []
####################

syn: []
ant: []
entails: []
part_of: []
####################

syn: []
ant: []
entails: []
part_of: []
####################

syn: []
ant: []
entails: []
part_of: []
####################

syn: [('plan', 'project'), ('project', 'plan')]
ant: []
entails: []
part_of: []
####################

syn: [('have', 'cause'), ('have', 'cause'), ('cause', 'have'), ('cause', 'have')]
ant: []
entails: []
part_of: []
####################

syn: [('name', 'make'), ('name', 'make'), ('name', 'make'), ('name', 'make'), ('name', 'make'), ('name', 'make'), ('make', 'name'), ('make', 'name'), ('make', 'name'), ('make', 'name'), ('make', 'name'), ('make', 'name'), ('make', 'name'), ('make', 'name'), ('make', 'name'), ('make', 'name'), ('name', 'make'), ('name', 'make'), ('name', 'make'), ('name', 'make')]
ant: []
entails: [('make', 'move')]
part_of: []
####################

syn: []
ant: []
entails: []
part_of: []
####################

syn: [('start', 'get'), ('get', 'start')]
ant: []
entails: [('name', 'class'), ('name', 'class'), ('name', 'class'), ('name', 'class'), ('name', 'class'), ('name', 'class'), ('name', 'class')]
part_of: []
####################

syn: []
ant: []
entails: []
part_of: []
####################

syn: []
ant: []
entails: []
part_of: []
####################

syn: [('cause', 'do'), ('do', 'cause')]
ant: []
entails: [('say', 'speak')]
part_of: []
####################

syn: []
ant: []
entails: [('say', 'mouth')]
part_of: []
####################

syn: []
ant: []
entails: []
part_of: []
####################

syn: []
ant: [('right', 'wrong'), ('wrong', 'right'), ('wrong', 'right'), ('right', 'wrong')]
entails: []
part_of: []
####################

syn: []
ant: []
entails: []
part_of: []
####################

syn: []
ant: []
entails: []
part_of: []
####################

syn: []
ant: []
entails: []
part_of: []
####################

syn: []
ant: []
entails: []
part_of: []
####################

syn: [('good', 'effective'), ('effective', 'good')]
ant: []
entails: []
part_of: []
####################

syn: []
ant: []
entails: []
part_of: []
####################

syn: []
ant: []
entails: []
part_of: []
####################

syn: [('name', 'mention'), ('name', 'mention'), ('name', 'mention'), ('name', 'mention'), ('name', 'mention'), ('name', 'mention'), ('name', 'mention'), ('name', 'mention'), ('name', 'mention'), ('name', 'mention'), ('mention', 'name'), ('mention', 'name'), ('mention', 'name'), ('mention', 'name'), ('mention', 'name'), ('mention', 'name'), ('mention', 'name'), ('mention', 'name'), ('mention', 'name'), ('mention', 'name')]
ant: []
entails: []
part_of: []
####################

syn: []
ant: []
entails: []
part_of: []
####################

syn: []
ant: []
entails: []
part_of: []
####################

syn: []
ant: []
entails: []
part_of: []
####################

syn: []
ant: []
entails: []
part_of: []
####################

syn: [('consider', 'think'), ('intend', 'think'), ('think', 'consider'), ('think', 'intend')]
ant: []
entails: []
part_of: []
####################

syn: []
ant: []
entails: []
part_of: []
####################

syn: [('have', 'get'), ('have', 'cause'), ('get', 'have'), ('get', 'have'), ('put on', 'wear'), ('cause', 'have'), ('have', 'get'), ('wear', 'put on')]
ant: []
entails: []
part_of: []
####################

syn: []
ant: []
entails: []
part_of: []
####################

syn: []
ant: []
entails: []
part_of: []
####################

syn: [('oppose', 'fight'), ('oppose', 'defend'), ('fight', 'oppose'), ('fight', 'defend'), ('defend', 'oppose'), ('defend', 'fight'), ('defend', 'support'), ('support', 'defend')]
ant: []
entails: [('defend', 'fight')]
part_of: []
####################

syn: []
ant: []
entails: []
part_of: []
####################

syn: [('have', 'cause'), ('cause', 'have')]
ant: []
entails: []
part_of: []
####################

syn: [('name', 'make'), ('name', 'make'), ('cause', 'make'), ('name', 'make'), ('name', 'make'), ('make', 'name'), ('make', 'name'), ('make', 'cause'), ('make', 'name'), ('make', 'name'), ('make', 'name'), ('make', 'name'), ('make', 'cause'), ('make', 'name'), ('name', 'make'), ('name', 'make'), ('cause', 'make'), ('name', 'make')]
ant: []
entails: [('make', 'know')]
part_of: []
####################

syn: []
ant: []
entails: []
part_of: []
####################

syn: []
ant: []
entails: []
part_of: []
####################

syn: []
ant: []
entails: []
part_of: []
####################

syn: [('point', 'show'), ('make', 'name'), ('make', 'name'), ('make', 'name'), ('make', 'name'), ('make', 'name'), ('make', 'cause'), ('name', 'make'), ('show', 'point'), ('name', 'make'), ('name', 'make'), ('name', 'make'), ('name', 'make'), ('cause', 'make')]
ant: []
entails: []
part_of: []
####################

syn: []
ant: []
entails: []
part_of: []
####################

syn: [('person', 'somebody'), ('somebody', 'person')]
ant: []
entails: []
part_of: []
####################

syn: []
ant: []
entails: []
part_of: []
####################

syn: []
ant: []
entails: []
part_of: []
####################

syn: []
ant: []
entails: []
part_of: []
####################

syn: []
ant: []
entails: []
part_of: []
####################

syn: [('allow', 'let'), ('regulate', 'govern'), ('govern', 'regulate'), ('let', 'allow')]
ant: [('loan', 'borrow'), ('borrow', 'loan')]
entails: []
part_of: []
####################

syn: []
ant: []
entails: []
part_of: []
####################

syn: []
ant: []
entails: []
part_of: []
####################

syn: [('name', 'identify'), ('say', 'suppose'), ('suppose', 'say'), ('name', 'identify'), ('name', 'identify'), ('name', 'identify'), ('identify', 'name'), ('identify', 'name'), ('identify', 'name'), ('identify', 'name')]
ant: []
entails: []
part_of: [('university', 'academia'), ('university', 'academia')]
####################

syn: [('cause', 'have'), ('cause', 'have'), ('have', 'cause'), ('have', 'get'), ('have', 'cause'), ('have', 'get'), ('get', 'have'), ('get', 'have')]
ant: []
entails: [('negative', 'vote'), ('negative', 'vote')]
part_of: []
####################

syn: [('name', 'make'), ('bear', 'support'), ('name', 'make'), ('name', 'make'), ('make', 'name'), ('make', 'name'), ('make', 'name'), ('make', 'name'), ('name', 'make'), ('support', 'bear')]
ant: []
entails: []
part_of: []
####################

syn: [('have', 'cause'), ('have', 'cause'), ('cause', 'have'), ('cause', 'have')]
ant: []
entails: []
part_of: []
####################

syn: []
ant: [('possible', 'actual'), ('actual', 'possible')]
entails: []
part_of: [('law', 'theory'), ('law', 'theory')]
####################

syn: [('cause', 'get'), ('become', 'get'), ('get', 'cause'), ('get', 'become')]
ant: [('some', 'all'), ('all', 'some'), ('all', 'some'), ('some', 'all')]
entails: [('name', 'class'), ('name', 'class'), ('name', 'class'), ('name', 'class'), ('name', 'class'), ('name', 'class'), ('name', 'class')]
part_of: []
####################

syn: []
ant: [('woman', 'man'), ('man', 'woman')]
entails: []
part_of: []
####################

syn: []
ant: []
entails: []
part_of: []
####################

syn: []
ant: []
entails: []
part_of: []
####################

syn: []
ant: []
entails: [('include', 'have')]
part_of: []
####################

syn: []
ant: []
entails: []
part_of: []
####################

syn: []
ant: []
entails: []
part_of: []
####################

syn: [('cause', 'reason'), ('say', 'tell'), ('prefer', 'favor'), ('tell', 'say'), ('favor', 'prefer'), ('reason', 'cause')]
ant: []
entails: []
part_of: []
####################

syn: []
ant: []
entails: []
part_of: []
####################

syn: []
ant: [('man', 'woman'), ('woman', 'man')]
entails: []
part_of: []
####################

syn: []
ant: []
entails: []
part_of: []
####################

syn: []
ant: []
entails: []
part_of: []
####################

syn: [('G', 'K'), ('K', 'G')]
ant: []
entails: []
part_of: []
####################

syn: []
ant: []
entails: []
part_of: []
####################

syn: [('amount', 'total'), ('total', 'amount')]
ant: []
entails: []
part_of: []
####################

syn: []
ant: []
entails: []
part_of: []
####################

syn: []
ant: []
entails: []
part_of: []
####################

syn: []
ant: []
entails: []
part_of: []
####################

syn: [('name', 'make'), ('reason', 'cause'), ('name', 'make'), ('name', 'make'), ('make', 'name'), ('make', 'name'), ('make', 'name'), ('make', 'name'), ('make', 'name'), ('make', 'name'), ('make', 'name'), ('name', 'make'), ('cause', 'reason'), ('name', 'make'), ('name', 'make'), ('name', 'make')]
ant: []
entails: [('make', 'Go')]
part_of: []
####################

syn: []
ant: []
entails: []
part_of: []
####################

syn: []
ant: [('positive', 'negative'), ('negative', 'positive')]
entails: [('labor', 'have')]
part_of: []
####################

syn: []
ant: []
entails: []
part_of: []
####################

syn: [('cause', 'get'), ('get', 'cause')]
ant: []
entails: []
part_of: []
####################

syn: []
ant: []
entails: []
part_of: []
####################

syn: []
ant: []
entails: []
part_of: []
####################

syn: []
ant: []
entails: []
part_of: []
####################

syn: []
ant: []
entails: []
part_of: []
####################

syn: []
ant: [('defend', 'attack'), ('defend', 'attack'), ('attack', 'defend'), ('attack', 'defend')]
entails: []
part_of: []
####################

syn: []
ant: []
entails: []
part_of: []
####################

syn: []
ant: []
entails: []
part_of: []
####################

syn: []
ant: []
entails: []
part_of: []
####################

