/cluster/raid/home/zhivar.sourati/logical-fallacy-identification/CBR
Thu Nov  3 23:08:06 2022       
+-----------------------------------------------------------------------------+
| NVIDIA-SMI 460.32.03    Driver Version: 460.32.03    CUDA Version: 11.2     |
|-------------------------------+----------------------+----------------------+
| GPU  Name        Persistence-M| Bus-Id        Disp.A | Volatile Uncorr. ECC |
| Fan  Temp  Perf  Pwr:Usage/Cap|         Memory-Usage | GPU-Util  Compute M. |
|                               |                      |               MIG M. |
|===============================+======================+======================|
|   0  A100-PCIE-40GB      Off  | 00000000:C4:00.0 Off |                    0 |
| N/A   29C    P0    35W / 250W |      0MiB / 40536MiB |      0%      Default |
|                               |                      |             Disabled |
+-------------------------------+----------------------+----------------------+
                                                                               
+-----------------------------------------------------------------------------+
| Processes:                                                                  |
|  GPU   GI   CI        PID   Type   Process name                  GPU Memory |
|        ID   ID                                                   Usage      |
|=============================================================================|
|  No running processes found                                                 |
+-----------------------------------------------------------------------------+
0
Create sweep with ID: gd2ouwtm
Sweep URL: https://wandb.ai/zhpinkman/Sweep%20for%20main%20classifier%20CBR%20with%20Roberta/sweeps/gd2ouwtm
Training process started
{'batch_size': 8, 'data_dir': 'data/finegrained', 'encoder_dropout_rate': 0.2, 'learning_rate': 0.00924126278030186, 'num_epochs': 20, 'weight_decay': 0.00915088961047778, 'run_name': 'solar-sweep-1'}
Data loaded
RobertaModel(
  (embeddings): RobertaEmbeddings(
    (word_embeddings): Embedding(50265, 1024, padding_idx=1)
    (position_embeddings): Embedding(514, 1024, padding_idx=1)
    (token_type_embeddings): Embedding(1, 1024)
    (LayerNorm): LayerNorm((1024,), eps=1e-05, elementwise_affine=True)
    (dropout): Dropout(p=0.1, inplace=False)
  )
  (encoder): RobertaEncoder(
    (layer): ModuleList(
      (0): RobertaLayer(
        (attention): RobertaAttention(
          (self): RobertaSelfAttention(
            (query): Linear(in_features=1024, out_features=1024, bias=True)
            (key): Linear(in_features=1024, out_features=1024, bias=True)
            (value): Linear(in_features=1024, out_features=1024, bias=True)
            (dropout): Dropout(p=0.1, inplace=False)
          )
          (output): RobertaSelfOutput(
            (dense): Linear(in_features=1024, out_features=1024, bias=True)
            (LayerNorm): LayerNorm((1024,), eps=1e-05, elementwise_affine=True)
            (dropout): Dropout(p=0.1, inplace=False)
          )
        )
        (intermediate): RobertaIntermediate(
          (dense): Linear(in_features=1024, out_features=4096, bias=True)
          (intermediate_act_fn): GELUActivation()
        )
        (output): RobertaOutput(
          (dense): Linear(in_features=4096, out_features=1024, bias=True)
          (LayerNorm): LayerNorm((1024,), eps=1e-05, elementwise_affine=True)
          (dropout): Dropout(p=0.1, inplace=False)
        )
      )
      (1): RobertaLayer(
        (attention): RobertaAttention(
          (self): RobertaSelfAttention(
            (query): Linear(in_features=1024, out_features=1024, bias=True)
            (key): Linear(in_features=1024, out_features=1024, bias=True)
            (value): Linear(in_features=1024, out_features=1024, bias=True)
            (dropout): Dropout(p=0.1, inplace=False)
          )
          (output): RobertaSelfOutput(
            (dense): Linear(in_features=1024, out_features=1024, bias=True)
            (LayerNorm): LayerNorm((1024,), eps=1e-05, elementwise_affine=True)
            (dropout): Dropout(p=0.1, inplace=False)
          )
        )
        (intermediate): RobertaIntermediate(
          (dense): Linear(in_features=1024, out_features=4096, bias=True)
          (intermediate_act_fn): GELUActivation()
        )
        (output): RobertaOutput(
          (dense): Linear(in_features=4096, out_features=1024, bias=True)
          (LayerNorm): LayerNorm((1024,), eps=1e-05, elementwise_affine=True)
          (dropout): Dropout(p=0.1, inplace=False)
        )
      )
      (2): RobertaLayer(
        (attention): RobertaAttention(
          (self): RobertaSelfAttention(
            (query): Linear(in_features=1024, out_features=1024, bias=True)
            (key): Linear(in_features=1024, out_features=1024, bias=True)
            (value): Linear(in_features=1024, out_features=1024, bias=True)
            (dropout): Dropout(p=0.1, inplace=False)
          )
          (output): RobertaSelfOutput(
            (dense): Linear(in_features=1024, out_features=1024, bias=True)
            (LayerNorm): LayerNorm((1024,), eps=1e-05, elementwise_affine=True)
            (dropout): Dropout(p=0.1, inplace=False)
          )
        )
        (intermediate): RobertaIntermediate(
          (dense): Linear(in_features=1024, out_features=4096, bias=True)
          (intermediate_act_fn): GELUActivation()
        )
        (output): RobertaOutput(
          (dense): Linear(in_features=4096, out_features=1024, bias=True)
          (LayerNorm): LayerNorm((1024,), eps=1e-05, elementwise_affine=True)
          (dropout): Dropout(p=0.1, inplace=False)
        )
      )
      (3): RobertaLayer(
        (attention): RobertaAttention(
          (self): RobertaSelfAttention(
            (query): Linear(in_features=1024, out_features=1024, bias=True)
            (key): Linear(in_features=1024, out_features=1024, bias=True)
            (value): Linear(in_features=1024, out_features=1024, bias=True)
            (dropout): Dropout(p=0.1, inplace=False)
          )
          (output): RobertaSelfOutput(
            (dense): Linear(in_features=1024, out_features=1024, bias=True)
            (LayerNorm): LayerNorm((1024,), eps=1e-05, elementwise_affine=True)
            (dropout): Dropout(p=0.1, inplace=False)
          )
        )
        (intermediate): RobertaIntermediate(
          (dense): Linear(in_features=1024, out_features=4096, bias=True)
          (intermediate_act_fn): GELUActivation()
        )
        (output): RobertaOutput(
          (dense): Linear(in_features=4096, out_features=1024, bias=True)
          (LayerNorm): LayerNorm((1024,), eps=1e-05, elementwise_affine=True)
          (dropout): Dropout(p=0.1, inplace=False)
        )
      )
      (4): RobertaLayer(
        (attention): RobertaAttention(
          (self): RobertaSelfAttention(
            (query): Linear(in_features=1024, out_features=1024, bias=True)
            (key): Linear(in_features=1024, out_features=1024, bias=True)
            (value): Linear(in_features=1024, out_features=1024, bias=True)
            (dropout): Dropout(p=0.1, inplace=False)
          )
          (output): RobertaSelfOutput(
            (dense): Linear(in_features=1024, out_features=1024, bias=True)
            (LayerNorm): LayerNorm((1024,), eps=1e-05, elementwise_affine=True)
            (dropout): Dropout(p=0.1, inplace=False)
          )
        )
        (intermediate): RobertaIntermediate(
          (dense): Linear(in_features=1024, out_features=4096, bias=True)
          (intermediate_act_fn): GELUActivation()
        )
        (output): RobertaOutput(
          (dense): Linear(in_features=4096, out_features=1024, bias=True)
          (LayerNorm): LayerNorm((1024,), eps=1e-05, elementwise_affine=True)
          (dropout): Dropout(p=0.1, inplace=False)
        )
      )
      (5): RobertaLayer(
        (attention): RobertaAttention(
          (self): RobertaSelfAttention(
            (query): Linear(in_features=1024, out_features=1024, bias=True)
            (key): Linear(in_features=1024, out_features=1024, bias=True)
            (value): Linear(in_features=1024, out_features=1024, bias=True)
            (dropout): Dropout(p=0.1, inplace=False)
          )
          (output): RobertaSelfOutput(
            (dense): Linear(in_features=1024, out_features=1024, bias=True)
            (LayerNorm): LayerNorm((1024,), eps=1e-05, elementwise_affine=True)
            (dropout): Dropout(p=0.1, inplace=False)
          )
        )
        (intermediate): RobertaIntermediate(
          (dense): Linear(in_features=1024, out_features=4096, bias=True)
          (intermediate_act_fn): GELUActivation()
        )
        (output): RobertaOutput(
          (dense): Linear(in_features=4096, out_features=1024, bias=True)
          (LayerNorm): LayerNorm((1024,), eps=1e-05, elementwise_affine=True)
          (dropout): Dropout(p=0.1, inplace=False)
        )
      )
      (6): RobertaLayer(
        (attention): RobertaAttention(
          (self): RobertaSelfAttention(
            (query): Linear(in_features=1024, out_features=1024, bias=True)
            (key): Linear(in_features=1024, out_features=1024, bias=True)
            (value): Linear(in_features=1024, out_features=1024, bias=True)
            (dropout): Dropout(p=0.1, inplace=False)
          )
          (output): RobertaSelfOutput(
            (dense): Linear(in_features=1024, out_features=1024, bias=True)
            (LayerNorm): LayerNorm((1024,), eps=1e-05, elementwise_affine=True)
            (dropout): Dropout(p=0.1, inplace=False)
          )
        )
        (intermediate): RobertaIntermediate(
          (dense): Linear(in_features=1024, out_features=4096, bias=True)
          (intermediate_act_fn): GELUActivation()
        )
        (output): RobertaOutput(
          (dense): Linear(in_features=4096, out_features=1024, bias=True)
          (LayerNorm): LayerNorm((1024,), eps=1e-05, elementwise_affine=True)
          (dropout): Dropout(p=0.1, inplace=False)
        )
      )
      (7): RobertaLayer(
        (attention): RobertaAttention(
          (self): RobertaSelfAttention(
            (query): Linear(in_features=1024, out_features=1024, bias=True)
            (key): Linear(in_features=1024, out_features=1024, bias=True)
            (value): Linear(in_features=1024, out_features=1024, bias=True)
            (dropout): Dropout(p=0.1, inplace=False)
          )
          (output): RobertaSelfOutput(
            (dense): Linear(in_features=1024, out_features=1024, bias=True)
            (LayerNorm): LayerNorm((1024,), eps=1e-05, elementwise_affine=True)
            (dropout): Dropout(p=0.1, inplace=False)
          )
        )
        (intermediate): RobertaIntermediate(
          (dense): Linear(in_features=1024, out_features=4096, bias=True)
          (intermediate_act_fn): GELUActivation()
        )
        (output): RobertaOutput(
          (dense): Linear(in_features=4096, out_features=1024, bias=True)
          (LayerNorm): LayerNorm((1024,), eps=1e-05, elementwise_affine=True)
          (dropout): Dropout(p=0.1, inplace=False)
        )
      )
      (8): RobertaLayer(
        (attention): RobertaAttention(
          (self): RobertaSelfAttention(
            (query): Linear(in_features=1024, out_features=1024, bias=True)
            (key): Linear(in_features=1024, out_features=1024, bias=True)
            (value): Linear(in_features=1024, out_features=1024, bias=True)
            (dropout): Dropout(p=0.1, inplace=False)
          )
          (output): RobertaSelfOutput(
            (dense): Linear(in_features=1024, out_features=1024, bias=True)
            (LayerNorm): LayerNorm((1024,), eps=1e-05, elementwise_affine=True)
            (dropout): Dropout(p=0.1, inplace=False)
          )
        )
        (intermediate): RobertaIntermediate(
          (dense): Linear(in_features=1024, out_features=4096, bias=True)
          (intermediate_act_fn): GELUActivation()
        )
        (output): RobertaOutput(
          (dense): Linear(in_features=4096, out_features=1024, bias=True)
          (LayerNorm): LayerNorm((1024,), eps=1e-05, elementwise_affine=True)
          (dropout): Dropout(p=0.1, inplace=False)
        )
      )
      (9): RobertaLayer(
        (attention): RobertaAttention(
          (self): RobertaSelfAttention(
            (query): Linear(in_features=1024, out_features=1024, bias=True)
            (key): Linear(in_features=1024, out_features=1024, bias=True)
            (value): Linear(in_features=1024, out_features=1024, bias=True)
            (dropout): Dropout(p=0.1, inplace=False)
          )
          (output): RobertaSelfOutput(
            (dense): Linear(in_features=1024, out_features=1024, bias=True)
            (LayerNorm): LayerNorm((1024,), eps=1e-05, elementwise_affine=True)
            (dropout): Dropout(p=0.1, inplace=False)
          )
        )
        (intermediate): RobertaIntermediate(
          (dense): Linear(in_features=1024, out_features=4096, bias=True)
          (intermediate_act_fn): GELUActivation()
        )
        (output): RobertaOutput(
          (dense): Linear(in_features=4096, out_features=1024, bias=True)
          (LayerNorm): LayerNorm((1024,), eps=1e-05, elementwise_affine=True)
          (dropout): Dropout(p=0.1, inplace=False)
        )
      )
      (10): RobertaLayer(
        (attention): RobertaAttention(
          (self): RobertaSelfAttention(
            (query): Linear(in_features=1024, out_features=1024, bias=True)
            (key): Linear(in_features=1024, out_features=1024, bias=True)
            (value): Linear(in_features=1024, out_features=1024, bias=True)
            (dropout): Dropout(p=0.1, inplace=False)
          )
          (output): RobertaSelfOutput(
            (dense): Linear(in_features=1024, out_features=1024, bias=True)
            (LayerNorm): LayerNorm((1024,), eps=1e-05, elementwise_affine=True)
            (dropout): Dropout(p=0.1, inplace=False)
          )
        )
        (intermediate): RobertaIntermediate(
          (dense): Linear(in_features=1024, out_features=4096, bias=True)
          (intermediate_act_fn): GELUActivation()
        )
        (output): RobertaOutput(
          (dense): Linear(in_features=4096, out_features=1024, bias=True)
          (LayerNorm): LayerNorm((1024,), eps=1e-05, elementwise_affine=True)
          (dropout): Dropout(p=0.1, inplace=False)
        )
      )
      (11): RobertaLayer(
        (attention): RobertaAttention(
          (self): RobertaSelfAttention(
            (query): Linear(in_features=1024, out_features=1024, bias=True)
            (key): Linear(in_features=1024, out_features=1024, bias=True)
            (value): Linear(in_features=1024, out_features=1024, bias=True)
            (dropout): Dropout(p=0.1, inplace=False)
          )
          (output): RobertaSelfOutput(
            (dense): Linear(in_features=1024, out_features=1024, bias=True)
            (LayerNorm): LayerNorm((1024,), eps=1e-05, elementwise_affine=True)
            (dropout): Dropout(p=0.1, inplace=False)
          )
        )
        (intermediate): RobertaIntermediate(
          (dense): Linear(in_features=1024, out_features=4096, bias=True)
          (intermediate_act_fn): GELUActivation()
        )
        (output): RobertaOutput(
          (dense): Linear(in_features=4096, out_features=1024, bias=True)
          (LayerNorm): LayerNorm((1024,), eps=1e-05, elementwise_affine=True)
          (dropout): Dropout(p=0.1, inplace=False)
        )
      )
      (12): RobertaLayer(
        (attention): RobertaAttention(
          (self): RobertaSelfAttention(
            (query): Linear(in_features=1024, out_features=1024, bias=True)
            (key): Linear(in_features=1024, out_features=1024, bias=True)
            (value): Linear(in_features=1024, out_features=1024, bias=True)
            (dropout): Dropout(p=0.1, inplace=False)
          )
          (output): RobertaSelfOutput(
            (dense): Linear(in_features=1024, out_features=1024, bias=True)
            (LayerNorm): LayerNorm((1024,), eps=1e-05, elementwise_affine=True)
            (dropout): Dropout(p=0.1, inplace=False)
          )
        )
        (intermediate): RobertaIntermediate(
          (dense): Linear(in_features=1024, out_features=4096, bias=True)
          (intermediate_act_fn): GELUActivation()
        )
        (output): RobertaOutput(
          (dense): Linear(in_features=4096, out_features=1024, bias=True)
          (LayerNorm): LayerNorm((1024,), eps=1e-05, elementwise_affine=True)
          (dropout): Dropout(p=0.1, inplace=False)
        )
      )
      (13): RobertaLayer(
        (attention): RobertaAttention(
          (self): RobertaSelfAttention(
            (query): Linear(in_features=1024, out_features=1024, bias=True)
            (key): Linear(in_features=1024, out_features=1024, bias=True)
            (value): Linear(in_features=1024, out_features=1024, bias=True)
            (dropout): Dropout(p=0.1, inplace=False)
          )
          (output): RobertaSelfOutput(
            (dense): Linear(in_features=1024, out_features=1024, bias=True)
            (LayerNorm): LayerNorm((1024,), eps=1e-05, elementwise_affine=True)
            (dropout): Dropout(p=0.1, inplace=False)
          )
        )
        (intermediate): RobertaIntermediate(
          (dense): Linear(in_features=1024, out_features=4096, bias=True)
          (intermediate_act_fn): GELUActivation()
        )
        (output): RobertaOutput(
          (dense): Linear(in_features=4096, out_features=1024, bias=True)
          (LayerNorm): LayerNorm((1024,), eps=1e-05, elementwise_affine=True)
          (dropout): Dropout(p=0.1, inplace=False)
        )
      )
      (14): RobertaLayer(
        (attention): RobertaAttention(
          (self): RobertaSelfAttention(
            (query): Linear(in_features=1024, out_features=1024, bias=True)
            (key): Linear(in_features=1024, out_features=1024, bias=True)
            (value): Linear(in_features=1024, out_features=1024, bias=True)
            (dropout): Dropout(p=0.1, inplace=False)
          )
          (output): RobertaSelfOutput(
            (dense): Linear(in_features=1024, out_features=1024, bias=True)
            (LayerNorm): LayerNorm((1024,), eps=1e-05, elementwise_affine=True)
            (dropout): Dropout(p=0.1, inplace=False)
          )
        )
        (intermediate): RobertaIntermediate(
          (dense): Linear(in_features=1024, out_features=4096, bias=True)
          (intermediate_act_fn): GELUActivation()
        )
        (output): RobertaOutput(
          (dense): Linear(in_features=4096, out_features=1024, bias=True)
          (LayerNorm): LayerNorm((1024,), eps=1e-05, elementwise_affine=True)
          (dropout): Dropout(p=0.1, inplace=False)
        )
      )
      (15): RobertaLayer(
        (attention): RobertaAttention(
          (self): RobertaSelfAttention(
            (query): Linear(in_features=1024, out_features=1024, bias=True)
            (key): Linear(in_features=1024, out_features=1024, bias=True)
            (value): Linear(in_features=1024, out_features=1024, bias=True)
            (dropout): Dropout(p=0.1, inplace=False)
          )
          (output): RobertaSelfOutput(
            (dense): Linear(in_features=1024, out_features=1024, bias=True)
            (LayerNorm): LayerNorm((1024,), eps=1e-05, elementwise_affine=True)
            (dropout): Dropout(p=0.1, inplace=False)
          )
        )
        (intermediate): RobertaIntermediate(
          (dense): Linear(in_features=1024, out_features=4096, bias=True)
          (intermediate_act_fn): GELUActivation()
        )
        (output): RobertaOutput(
          (dense): Linear(in_features=4096, out_features=1024, bias=True)
          (LayerNorm): LayerNorm((1024,), eps=1e-05, elementwise_affine=True)
          (dropout): Dropout(p=0.1, inplace=False)
        )
      )
      (16): RobertaLayer(
        (attention): RobertaAttention(
          (self): RobertaSelfAttention(
            (query): Linear(in_features=1024, out_features=1024, bias=True)
            (key): Linear(in_features=1024, out_features=1024, bias=True)
            (value): Linear(in_features=1024, out_features=1024, bias=True)
            (dropout): Dropout(p=0.1, inplace=False)
          )
          (output): RobertaSelfOutput(
            (dense): Linear(in_features=1024, out_features=1024, bias=True)
            (LayerNorm): LayerNorm((1024,), eps=1e-05, elementwise_affine=True)
            (dropout): Dropout(p=0.1, inplace=False)
          )
        )
        (intermediate): RobertaIntermediate(
          (dense): Linear(in_features=1024, out_features=4096, bias=True)
          (intermediate_act_fn): GELUActivation()
        )
        (output): RobertaOutput(
          (dense): Linear(in_features=4096, out_features=1024, bias=True)
          (LayerNorm): LayerNorm((1024,), eps=1e-05, elementwise_affine=True)
          (dropout): Dropout(p=0.1, inplace=False)
        )
      )
      (17): RobertaLayer(
        (attention): RobertaAttention(
          (self): RobertaSelfAttention(
            (query): Linear(in_features=1024, out_features=1024, bias=True)
            (key): Linear(in_features=1024, out_features=1024, bias=True)
            (value): Linear(in_features=1024, out_features=1024, bias=True)
            (dropout): Dropout(p=0.1, inplace=False)
          )
          (output): RobertaSelfOutput(
            (dense): Linear(in_features=1024, out_features=1024, bias=True)
            (LayerNorm): LayerNorm((1024,), eps=1e-05, elementwise_affine=True)
            (dropout): Dropout(p=0.1, inplace=False)
          )
        )
        (intermediate): RobertaIntermediate(
          (dense): Linear(in_features=1024, out_features=4096, bias=True)
          (intermediate_act_fn): GELUActivation()
        )
        (output): RobertaOutput(
          (dense): Linear(in_features=4096, out_features=1024, bias=True)
          (LayerNorm): LayerNorm((1024,), eps=1e-05, elementwise_affine=True)
          (dropout): Dropout(p=0.1, inplace=False)
        )
      )
      (18): RobertaLayer(
        (attention): RobertaAttention(
          (self): RobertaSelfAttention(
            (query): Linear(in_features=1024, out_features=1024, bias=True)
            (key): Linear(in_features=1024, out_features=1024, bias=True)
            (value): Linear(in_features=1024, out_features=1024, bias=True)
            (dropout): Dropout(p=0.1, inplace=False)
          )
          (output): RobertaSelfOutput(
            (dense): Linear(in_features=1024, out_features=1024, bias=True)
            (LayerNorm): LayerNorm((1024,), eps=1e-05, elementwise_affine=True)
            (dropout): Dropout(p=0.1, inplace=False)
          )
        )
        (intermediate): RobertaIntermediate(
          (dense): Linear(in_features=1024, out_features=4096, bias=True)
          (intermediate_act_fn): GELUActivation()
        )
        (output): RobertaOutput(
          (dense): Linear(in_features=4096, out_features=1024, bias=True)
          (LayerNorm): LayerNorm((1024,), eps=1e-05, elementwise_affine=True)
          (dropout): Dropout(p=0.1, inplace=False)
        )
      )
      (19): RobertaLayer(
        (attention): RobertaAttention(
          (self): RobertaSelfAttention(
            (query): Linear(in_features=1024, out_features=1024, bias=True)
            (key): Linear(in_features=1024, out_features=1024, bias=True)
            (value): Linear(in_features=1024, out_features=1024, bias=True)
            (dropout): Dropout(p=0.1, inplace=False)
          )
          (output): RobertaSelfOutput(
            (dense): Linear(in_features=1024, out_features=1024, bias=True)
            (LayerNorm): LayerNorm((1024,), eps=1e-05, elementwise_affine=True)
            (dropout): Dropout(p=0.1, inplace=False)
          )
        )
        (intermediate): RobertaIntermediate(
          (dense): Linear(in_features=1024, out_features=4096, bias=True)
          (intermediate_act_fn): GELUActivation()
        )
        (output): RobertaOutput(
          (dense): Linear(in_features=4096, out_features=1024, bias=True)
          (LayerNorm): LayerNorm((1024,), eps=1e-05, elementwise_affine=True)
          (dropout): Dropout(p=0.1, inplace=False)
        )
      )
      (20): RobertaLayer(
        (attention): RobertaAttention(
          (self): RobertaSelfAttention(
            (query): Linear(in_features=1024, out_features=1024, bias=True)
            (key): Linear(in_features=1024, out_features=1024, bias=True)
            (value): Linear(in_features=1024, out_features=1024, bias=True)
            (dropout): Dropout(p=0.1, inplace=False)
          )
          (output): RobertaSelfOutput(
            (dense): Linear(in_features=1024, out_features=1024, bias=True)
            (LayerNorm): LayerNorm((1024,), eps=1e-05, elementwise_affine=True)
            (dropout): Dropout(p=0.1, inplace=False)
          )
        )
        (intermediate): RobertaIntermediate(
          (dense): Linear(in_features=1024, out_features=4096, bias=True)
          (intermediate_act_fn): GELUActivation()
        )
        (output): RobertaOutput(
          (dense): Linear(in_features=4096, out_features=1024, bias=True)
          (LayerNorm): LayerNorm((1024,), eps=1e-05, elementwise_affine=True)
          (dropout): Dropout(p=0.1, inplace=False)
        )
      )
      (21): RobertaLayer(
        (attention): RobertaAttention(
          (self): RobertaSelfAttention(
            (query): Linear(in_features=1024, out_features=1024, bias=True)
            (key): Linear(in_features=1024, out_features=1024, bias=True)
            (value): Linear(in_features=1024, out_features=1024, bias=True)
            (dropout): Dropout(p=0.1, inplace=False)
          )
          (output): RobertaSelfOutput(
            (dense): Linear(in_features=1024, out_features=1024, bias=True)
            (LayerNorm): LayerNorm((1024,), eps=1e-05, elementwise_affine=True)
            (dropout): Dropout(p=0.1, inplace=False)
          )
        )
        (intermediate): RobertaIntermediate(
          (dense): Linear(in_features=1024, out_features=4096, bias=True)
          (intermediate_act_fn): GELUActivation()
        )
        (output): RobertaOutput(
          (dense): Linear(in_features=4096, out_features=1024, bias=True)
          (LayerNorm): LayerNorm((1024,), eps=1e-05, elementwise_affine=True)
          (dropout): Dropout(p=0.1, inplace=False)
        )
      )
      (22): RobertaLayer(
        (attention): RobertaAttention(
          (self): RobertaSelfAttention(
            (query): Linear(in_features=1024, out_features=1024, bias=True)
            (key): Linear(in_features=1024, out_features=1024, bias=True)
            (value): Linear(in_features=1024, out_features=1024, bias=True)
            (dropout): Dropout(p=0.1, inplace=False)
          )
          (output): RobertaSelfOutput(
            (dense): Linear(in_features=1024, out_features=1024, bias=True)
            (LayerNorm): LayerNorm((1024,), eps=1e-05, elementwise_affine=True)
            (dropout): Dropout(p=0.1, inplace=False)
          )
        )
        (intermediate): RobertaIntermediate(
          (dense): Linear(in_features=1024, out_features=4096, bias=True)
          (intermediate_act_fn): GELUActivation()
        )
        (output): RobertaOutput(
          (dense): Linear(in_features=4096, out_features=1024, bias=True)
          (LayerNorm): LayerNorm((1024,), eps=1e-05, elementwise_affine=True)
          (dropout): Dropout(p=0.1, inplace=False)
        )
      )
      (23): RobertaLayer(
        (attention): RobertaAttention(
          (self): RobertaSelfAttention(
            (query): Linear(in_features=1024, out_features=1024, bias=True)
            (key): Linear(in_features=1024, out_features=1024, bias=True)
            (value): Linear(in_features=1024, out_features=1024, bias=True)
            (dropout): Dropout(p=0.1, inplace=False)
          )
          (output): RobertaSelfOutput(
            (dense): Linear(in_features=1024, out_features=1024, bias=True)
            (LayerNorm): LayerNorm((1024,), eps=1e-05, elementwise_affine=True)
            (dropout): Dropout(p=0.1, inplace=False)
          )
        )
        (intermediate): RobertaIntermediate(
          (dense): Linear(in_features=1024, out_features=4096, bias=True)
          (intermediate_act_fn): GELUActivation()
        )
        (output): RobertaOutput(
          (dense): Linear(in_features=4096, out_features=1024, bias=True)
          (LayerNorm): LayerNorm((1024,), eps=1e-05, elementwise_affine=True)
          (dropout): Dropout(p=0.1, inplace=False)
        )
      )
    )
  )
  (pooler): RobertaPooler(
    (dense): Linear(in_features=1024, out_features=1024, bias=True)
    (activation): Tanh()
  )
)
Model loaded!
Valid Loss:  0.086         | Valid Accuracy:  0.047         | Valid F1:  0.004
[100] loss: 4.055
[200] loss: 3.103
[300] loss: 2.660
[400] loss: 2.578
[500] loss: 2.577
Train Loss:  0.321         | Train Accuracy:  0.077         | Train F1:  0.011
Valid Loss:  0.085         | Valid Accuracy:  0.120         | Valid F1:  0.026
Test Loss:  0.085         | Test Accuracy:  0.137         | Test F1:  0.033
[100] loss: 2.570
[200] loss: 2.574
[300] loss: 2.569
[400] loss: 2.573
[500] loss: 2.569
Train Loss:  0.321         | Train Accuracy:  0.077         | Train F1:  0.011
Valid Loss:  0.086         | Valid Accuracy:  0.057         | Valid F1:  0.006
Test Loss:  0.086         | Test Accuracy:  0.047         | Test F1:  0.004
[100] loss: 2.565
[200] loss: 2.568
[300] loss: 2.568
[400] loss: 2.568
[500] loss: 2.571
Train Loss:  0.321         | Train Accuracy:  0.077         | Train F1:  0.011
Valid Loss:  0.086         | Valid Accuracy:  0.047         | Valid F1:  0.004
Test Loss:  0.085         | Test Accuracy:  0.077         | Test F1:  0.011
[100] loss: 2.569
[200] loss: 2.567
[300] loss: 2.569
[400] loss: 2.569
[500] loss: 2.569
Train Loss:  0.321         | Train Accuracy:  0.077         | Train F1:  0.011
Valid Loss:  0.085         | Valid Accuracy:  0.027         | Valid F1:  0.001
Test Loss:  0.085         | Test Accuracy:  0.057         | Test F1:  0.006
[100] loss: 2.570
[200] loss: 2.565
[300] loss: 2.572
[400] loss: 2.569
[500] loss: 2.569
Train Loss:  0.321         | Train Accuracy:  0.077         | Train F1:  0.011
Valid Loss:  0.086         | Valid Accuracy:  0.057         | Valid F1:  0.006
Test Loss:  0.086         | Test Accuracy:  0.047         | Test F1:  0.004
[100] loss: 2.568
[200] loss: 2.570
[300] loss: 2.566
[400] loss: 2.571
[500] loss: 2.567
Train Loss:  0.321         | Train Accuracy:  0.077         | Train F1:  0.011
Valid Loss:  0.085         | Valid Accuracy:  0.047         | Valid F1:  0.004
Test Loss:  0.085         | Test Accuracy:  0.077         | Test F1:  0.011
[100] loss: 2.568
[200] loss: 2.567
[300] loss: 2.571
[400] loss: 2.569
[500] loss: 2.572
Train Loss:  0.321         | Train Accuracy:  0.077         | Train F1:  0.011
Valid Loss:  0.086         | Valid Accuracy:  0.120         | Valid F1:  0.026
Test Loss:  0.085         | Test Accuracy:  0.137         | Test F1:  0.033
[100] loss: 2.568
[200] loss: 2.568
[300] loss: 2.569
[400] loss: 2.571
[500] loss: 2.570
Train Loss:  0.321         | Train Accuracy:  0.077         | Train F1:  0.011
Valid Loss:  0.086         | Valid Accuracy:  0.057         | Valid F1:  0.006
Test Loss:  0.086         | Test Accuracy:  0.047         | Test F1:  0.004
[100] loss: 2.570
[200] loss: 2.570
[300] loss: 2.570
[400] loss: 2.628
[500] loss: 2.786
Train Loss:  0.441         | Train Accuracy:  0.077         | Train F1:  0.011
Valid Loss:  0.106         | Valid Accuracy:  0.203         | Valid F1:  0.069
Test Loss:  0.105         | Test Accuracy:  0.203         | Test F1:  0.069
[100] loss: 3.356
[200] loss: 3.175
[300] loss: 3.295
[400] loss: 2.703
[500] loss: 2.632
Train Loss:  0.366         | Train Accuracy:  0.077         | Train F1:  0.011
Valid Loss:  0.100         | Valid Accuracy:  0.063         | Valid F1:  0.008
Test Loss:  0.104         | Test Accuracy:  0.040         | Test F1:  0.003
[100] loss: 2.680
[200] loss: 2.624
[300] loss: 2.592
[400] loss: 2.570
[500] loss: 2.568
Train Loss:  0.321         | Train Accuracy:  0.077         | Train F1:  0.011
Valid Loss:  0.085         | Valid Accuracy:  0.080         | Valid F1:  0.012
Test Loss:  0.086         | Test Accuracy:  0.080         | Test F1:  0.012
[100] loss: 2.569
[200] loss: 2.566
[300] loss: 2.571
[400] loss: 2.567
[500] loss: 2.570
Train Loss:  0.321         | Train Accuracy:  0.077         | Train F1:  0.011
Valid Loss:  0.086         | Valid Accuracy:  0.057         | Valid F1:  0.006
Test Loss:  0.086         | Test Accuracy:  0.047         | Test F1:  0.004
[100] loss: 2.567
[200] loss: 2.569
[300] loss: 2.567
[400] loss: 2.569
[500] loss: 2.569
Train Loss:  0.321         | Train Accuracy:  0.077         | Train F1:  0.011
Valid Loss:  0.085         | Valid Accuracy:  0.147         | Valid F1:  0.038
Test Loss:  0.085         | Test Accuracy:  0.100         | Test F1:  0.018
[100] loss: 2.566
[200] loss: 2.570
[300] loss: 2.568
[400] loss: 2.570
[500] loss: 2.568
Train Loss:  0.321         | Train Accuracy:  0.077         | Train F1:  0.011
Valid Loss:  0.086         | Valid Accuracy:  0.053         | Valid F1:  0.005
Test Loss:  0.086         | Test Accuracy:  0.050         | Test F1:  0.005
[100] loss: 2.567
[200] loss: 2.570
[300] loss: 2.571
[400] loss: 2.570
[500] loss: 2.567
Train Loss:  0.321         | Train Accuracy:  0.077         | Train F1:  0.011
Valid Loss:  0.085         | Valid Accuracy:  0.120         | Valid F1:  0.026
Test Loss:  0.085         | Test Accuracy:  0.137         | Test F1:  0.033
[100] loss: 2.569
[200] loss: 2.570
[300] loss: 2.568
[400] loss: 2.568
[500] loss: 2.571
Train Loss:  0.321         | Train Accuracy:  0.077         | Train F1:  0.011
Valid Loss:  0.085         | Valid Accuracy:  0.057         | Valid F1:  0.006
Test Loss:  0.086         | Test Accuracy:  0.047         | Test F1:  0.004
[100] loss: 2.567
[200] loss: 2.571
[300] loss: 2.619
[400] loss: 6.359
[500] loss: 4.974
Train Loss:  0.655         | Train Accuracy:  0.077         | Train F1:  0.011
Valid Loss:  0.190         | Valid Accuracy:  0.060         | Valid F1:  0.007
Test Loss:  0.184         | Test Accuracy:  0.063         | Test F1:  0.008
[100] loss: 4.886
[200] loss: 3.778
[300] loss: 3.799
[400] loss: 3.125
[500] loss: 3.042
Train Loss:  0.343         | Train Accuracy:  0.077         | Train F1:  0.011
Valid Loss:  0.087         | Valid Accuracy:  0.053         | Valid F1:  0.005
Test Loss:  0.089         | Test Accuracy:  0.050         | Test F1:  0.005
[100] loss: 2.680
[200] loss: 2.609
[300] loss: 2.605
[400] loss: 2.581
[500] loss: 2.567
Train Loss:  0.321         | Train Accuracy:  0.077         | Train F1:  0.011
Valid Loss:  0.085         | Valid Accuracy:  0.080         | Valid F1:  0.012
Test Loss:  0.086         | Test Accuracy:  0.060         | Test F1:  0.007
[100] loss: 2.570
[200] loss: 2.570
[300] loss: 2.568
[400] loss: 2.567
[500] loss: 2.571
Train Loss:  0.321         | Train Accuracy:  0.077         | Train F1:  0.011
Valid Loss:  0.086         | Valid Accuracy:  0.060         | Valid F1:  0.007
Test Loss:  0.086         | Test Accuracy:  0.063         | Test F1:  0.008
Training process started
{'batch_size': 8, 'data_dir': 'data/finegrained', 'encoder_dropout_rate': 0, 'learning_rate': 0.0075318582746102, 'num_epochs': 20, 'weight_decay': 0.003959956388883896, 'run_name': 'glowing-sweep-2'}
Data loaded
RobertaModel(
  (embeddings): RobertaEmbeddings(
    (word_embeddings): Embedding(50265, 1024, padding_idx=1)
    (position_embeddings): Embedding(514, 1024, padding_idx=1)
    (token_type_embeddings): Embedding(1, 1024)
    (LayerNorm): LayerNorm((1024,), eps=1e-05, elementwise_affine=True)
    (dropout): Dropout(p=0.1, inplace=False)
  )
  (encoder): RobertaEncoder(
    (layer): ModuleList(
      (0): RobertaLayer(
        (attention): RobertaAttention(
          (self): RobertaSelfAttention(
            (query): Linear(in_features=1024, out_features=1024, bias=True)
            (key): Linear(in_features=1024, out_features=1024, bias=True)
            (value): Linear(in_features=1024, out_features=1024, bias=True)
            (dropout): Dropout(p=0.1, inplace=False)
          )
          (output): RobertaSelfOutput(
            (dense): Linear(in_features=1024, out_features=1024, bias=True)
            (LayerNorm): LayerNorm((1024,), eps=1e-05, elementwise_affine=True)
            (dropout): Dropout(p=0.1, inplace=False)
          )
        )
        (intermediate): RobertaIntermediate(
          (dense): Linear(in_features=1024, out_features=4096, bias=True)
          (intermediate_act_fn): GELUActivation()
        )
        (output): RobertaOutput(
          (dense): Linear(in_features=4096, out_features=1024, bias=True)
          (LayerNorm): LayerNorm((1024,), eps=1e-05, elementwise_affine=True)
          (dropout): Dropout(p=0.1, inplace=False)
        )
      )
      (1): RobertaLayer(
        (attention): RobertaAttention(
          (self): RobertaSelfAttention(
            (query): Linear(in_features=1024, out_features=1024, bias=True)
            (key): Linear(in_features=1024, out_features=1024, bias=True)
            (value): Linear(in_features=1024, out_features=1024, bias=True)
            (dropout): Dropout(p=0.1, inplace=False)
          )
          (output): RobertaSelfOutput(
            (dense): Linear(in_features=1024, out_features=1024, bias=True)
            (LayerNorm): LayerNorm((1024,), eps=1e-05, elementwise_affine=True)
            (dropout): Dropout(p=0.1, inplace=False)
          )
        )
        (intermediate): RobertaIntermediate(
          (dense): Linear(in_features=1024, out_features=4096, bias=True)
          (intermediate_act_fn): GELUActivation()
        )
        (output): RobertaOutput(
          (dense): Linear(in_features=4096, out_features=1024, bias=True)
          (LayerNorm): LayerNorm((1024,), eps=1e-05, elementwise_affine=True)
          (dropout): Dropout(p=0.1, inplace=False)
        )
      )
      (2): RobertaLayer(
        (attention): RobertaAttention(
          (self): RobertaSelfAttention(
            (query): Linear(in_features=1024, out_features=1024, bias=True)
            (key): Linear(in_features=1024, out_features=1024, bias=True)
            (value): Linear(in_features=1024, out_features=1024, bias=True)
            (dropout): Dropout(p=0.1, inplace=False)
          )
          (output): RobertaSelfOutput(
            (dense): Linear(in_features=1024, out_features=1024, bias=True)
            (LayerNorm): LayerNorm((1024,), eps=1e-05, elementwise_affine=True)
            (dropout): Dropout(p=0.1, inplace=False)
          )
        )
        (intermediate): RobertaIntermediate(
          (dense): Linear(in_features=1024, out_features=4096, bias=True)
          (intermediate_act_fn): GELUActivation()
        )
        (output): RobertaOutput(
          (dense): Linear(in_features=4096, out_features=1024, bias=True)
          (LayerNorm): LayerNorm((1024,), eps=1e-05, elementwise_affine=True)
          (dropout): Dropout(p=0.1, inplace=False)
        )
      )
      (3): RobertaLayer(
        (attention): RobertaAttention(
          (self): RobertaSelfAttention(
            (query): Linear(in_features=1024, out_features=1024, bias=True)
            (key): Linear(in_features=1024, out_features=1024, bias=True)
            (value): Linear(in_features=1024, out_features=1024, bias=True)
            (dropout): Dropout(p=0.1, inplace=False)
          )
          (output): RobertaSelfOutput(
            (dense): Linear(in_features=1024, out_features=1024, bias=True)
            (LayerNorm): LayerNorm((1024,), eps=1e-05, elementwise_affine=True)
            (dropout): Dropout(p=0.1, inplace=False)
          )
        )
        (intermediate): RobertaIntermediate(
          (dense): Linear(in_features=1024, out_features=4096, bias=True)
          (intermediate_act_fn): GELUActivation()
        )
        (output): RobertaOutput(
          (dense): Linear(in_features=4096, out_features=1024, bias=True)
          (LayerNorm): LayerNorm((1024,), eps=1e-05, elementwise_affine=True)
          (dropout): Dropout(p=0.1, inplace=False)
        )
      )
      (4): RobertaLayer(
        (attention): RobertaAttention(
          (self): RobertaSelfAttention(
            (query): Linear(in_features=1024, out_features=1024, bias=True)
            (key): Linear(in_features=1024, out_features=1024, bias=True)
            (value): Linear(in_features=1024, out_features=1024, bias=True)
            (dropout): Dropout(p=0.1, inplace=False)
          )
          (output): RobertaSelfOutput(
            (dense): Linear(in_features=1024, out_features=1024, bias=True)
            (LayerNorm): LayerNorm((1024,), eps=1e-05, elementwise_affine=True)
            (dropout): Dropout(p=0.1, inplace=False)
          )
        )
        (intermediate): RobertaIntermediate(
          (dense): Linear(in_features=1024, out_features=4096, bias=True)
          (intermediate_act_fn): GELUActivation()
        )
        (output): RobertaOutput(
          (dense): Linear(in_features=4096, out_features=1024, bias=True)
          (LayerNorm): LayerNorm((1024,), eps=1e-05, elementwise_affine=True)
          (dropout): Dropout(p=0.1, inplace=False)
        )
      )
      (5): RobertaLayer(
        (attention): RobertaAttention(
          (self): RobertaSelfAttention(
            (query): Linear(in_features=1024, out_features=1024, bias=True)
            (key): Linear(in_features=1024, out_features=1024, bias=True)
            (value): Linear(in_features=1024, out_features=1024, bias=True)
            (dropout): Dropout(p=0.1, inplace=False)
          )
          (output): RobertaSelfOutput(
            (dense): Linear(in_features=1024, out_features=1024, bias=True)
            (LayerNorm): LayerNorm((1024,), eps=1e-05, elementwise_affine=True)
            (dropout): Dropout(p=0.1, inplace=False)
          )
        )
        (intermediate): RobertaIntermediate(
          (dense): Linear(in_features=1024, out_features=4096, bias=True)
          (intermediate_act_fn): GELUActivation()
        )
        (output): RobertaOutput(
          (dense): Linear(in_features=4096, out_features=1024, bias=True)
          (LayerNorm): LayerNorm((1024,), eps=1e-05, elementwise_affine=True)
          (dropout): Dropout(p=0.1, inplace=False)
        )
      )
      (6): RobertaLayer(
        (attention): RobertaAttention(
          (self): RobertaSelfAttention(
            (query): Linear(in_features=1024, out_features=1024, bias=True)
            (key): Linear(in_features=1024, out_features=1024, bias=True)
            (value): Linear(in_features=1024, out_features=1024, bias=True)
            (dropout): Dropout(p=0.1, inplace=False)
          )
          (output): RobertaSelfOutput(
            (dense): Linear(in_features=1024, out_features=1024, bias=True)
            (LayerNorm): LayerNorm((1024,), eps=1e-05, elementwise_affine=True)
            (dropout): Dropout(p=0.1, inplace=False)
          )
        )
        (intermediate): RobertaIntermediate(
          (dense): Linear(in_features=1024, out_features=4096, bias=True)
          (intermediate_act_fn): GELUActivation()
        )
        (output): RobertaOutput(
          (dense): Linear(in_features=4096, out_features=1024, bias=True)
          (LayerNorm): LayerNorm((1024,), eps=1e-05, elementwise_affine=True)
          (dropout): Dropout(p=0.1, inplace=False)
        )
      )
      (7): RobertaLayer(
        (attention): RobertaAttention(
          (self): RobertaSelfAttention(
            (query): Linear(in_features=1024, out_features=1024, bias=True)
            (key): Linear(in_features=1024, out_features=1024, bias=True)
            (value): Linear(in_features=1024, out_features=1024, bias=True)
            (dropout): Dropout(p=0.1, inplace=False)
          )
          (output): RobertaSelfOutput(
            (dense): Linear(in_features=1024, out_features=1024, bias=True)
            (LayerNorm): LayerNorm((1024,), eps=1e-05, elementwise_affine=True)
            (dropout): Dropout(p=0.1, inplace=False)
          )
        )
        (intermediate): RobertaIntermediate(
          (dense): Linear(in_features=1024, out_features=4096, bias=True)
          (intermediate_act_fn): GELUActivation()
        )
        (output): RobertaOutput(
          (dense): Linear(in_features=4096, out_features=1024, bias=True)
          (LayerNorm): LayerNorm((1024,), eps=1e-05, elementwise_affine=True)
          (dropout): Dropout(p=0.1, inplace=False)
        )
      )
      (8): RobertaLayer(
        (attention): RobertaAttention(
          (self): RobertaSelfAttention(
            (query): Linear(in_features=1024, out_features=1024, bias=True)
            (key): Linear(in_features=1024, out_features=1024, bias=True)
            (value): Linear(in_features=1024, out_features=1024, bias=True)
            (dropout): Dropout(p=0.1, inplace=False)
          )
          (output): RobertaSelfOutput(
            (dense): Linear(in_features=1024, out_features=1024, bias=True)
            (LayerNorm): LayerNorm((1024,), eps=1e-05, elementwise_affine=True)
            (dropout): Dropout(p=0.1, inplace=False)
          )
        )
        (intermediate): RobertaIntermediate(
          (dense): Linear(in_features=1024, out_features=4096, bias=True)
          (intermediate_act_fn): GELUActivation()
        )
        (output): RobertaOutput(
          (dense): Linear(in_features=4096, out_features=1024, bias=True)
          (LayerNorm): LayerNorm((1024,), eps=1e-05, elementwise_affine=True)
          (dropout): Dropout(p=0.1, inplace=False)
        )
      )
      (9): RobertaLayer(
        (attention): RobertaAttention(
          (self): RobertaSelfAttention(
            (query): Linear(in_features=1024, out_features=1024, bias=True)
            (key): Linear(in_features=1024, out_features=1024, bias=True)
            (value): Linear(in_features=1024, out_features=1024, bias=True)
            (dropout): Dropout(p=0.1, inplace=False)
          )
          (output): RobertaSelfOutput(
            (dense): Linear(in_features=1024, out_features=1024, bias=True)
            (LayerNorm): LayerNorm((1024,), eps=1e-05, elementwise_affine=True)
            (dropout): Dropout(p=0.1, inplace=False)
          )
        )
        (intermediate): RobertaIntermediate(
          (dense): Linear(in_features=1024, out_features=4096, bias=True)
          (intermediate_act_fn): GELUActivation()
        )
        (output): RobertaOutput(
          (dense): Linear(in_features=4096, out_features=1024, bias=True)
          (LayerNorm): LayerNorm((1024,), eps=1e-05, elementwise_affine=True)
          (dropout): Dropout(p=0.1, inplace=False)
        )
      )
      (10): RobertaLayer(
        (attention): RobertaAttention(
          (self): RobertaSelfAttention(
            (query): Linear(in_features=1024, out_features=1024, bias=True)
            (key): Linear(in_features=1024, out_features=1024, bias=True)
            (value): Linear(in_features=1024, out_features=1024, bias=True)
            (dropout): Dropout(p=0.1, inplace=False)
          )
          (output): RobertaSelfOutput(
            (dense): Linear(in_features=1024, out_features=1024, bias=True)
            (LayerNorm): LayerNorm((1024,), eps=1e-05, elementwise_affine=True)
            (dropout): Dropout(p=0.1, inplace=False)
          )
        )
        (intermediate): RobertaIntermediate(
          (dense): Linear(in_features=1024, out_features=4096, bias=True)
          (intermediate_act_fn): GELUActivation()
        )
        (output): RobertaOutput(
          (dense): Linear(in_features=4096, out_features=1024, bias=True)
          (LayerNorm): LayerNorm((1024,), eps=1e-05, elementwise_affine=True)
          (dropout): Dropout(p=0.1, inplace=False)
        )
      )
      (11): RobertaLayer(
        (attention): RobertaAttention(
          (self): RobertaSelfAttention(
            (query): Linear(in_features=1024, out_features=1024, bias=True)
            (key): Linear(in_features=1024, out_features=1024, bias=True)
            (value): Linear(in_features=1024, out_features=1024, bias=True)
            (dropout): Dropout(p=0.1, inplace=False)
          )
          (output): RobertaSelfOutput(
            (dense): Linear(in_features=1024, out_features=1024, bias=True)
            (LayerNorm): LayerNorm((1024,), eps=1e-05, elementwise_affine=True)
            (dropout): Dropout(p=0.1, inplace=False)
          )
        )
        (intermediate): RobertaIntermediate(
          (dense): Linear(in_features=1024, out_features=4096, bias=True)
          (intermediate_act_fn): GELUActivation()
        )
        (output): RobertaOutput(
          (dense): Linear(in_features=4096, out_features=1024, bias=True)
          (LayerNorm): LayerNorm((1024,), eps=1e-05, elementwise_affine=True)
          (dropout): Dropout(p=0.1, inplace=False)
        )
      )
      (12): RobertaLayer(
        (attention): RobertaAttention(
          (self): RobertaSelfAttention(
            (query): Linear(in_features=1024, out_features=1024, bias=True)
            (key): Linear(in_features=1024, out_features=1024, bias=True)
            (value): Linear(in_features=1024, out_features=1024, bias=True)
            (dropout): Dropout(p=0.1, inplace=False)
          )
          (output): RobertaSelfOutput(
            (dense): Linear(in_features=1024, out_features=1024, bias=True)
            (LayerNorm): LayerNorm((1024,), eps=1e-05, elementwise_affine=True)
            (dropout): Dropout(p=0.1, inplace=False)
          )
        )
        (intermediate): RobertaIntermediate(
          (dense): Linear(in_features=1024, out_features=4096, bias=True)
          (intermediate_act_fn): GELUActivation()
        )
        (output): RobertaOutput(
          (dense): Linear(in_features=4096, out_features=1024, bias=True)
          (LayerNorm): LayerNorm((1024,), eps=1e-05, elementwise_affine=True)
          (dropout): Dropout(p=0.1, inplace=False)
        )
      )
      (13): RobertaLayer(
        (attention): RobertaAttention(
          (self): RobertaSelfAttention(
            (query): Linear(in_features=1024, out_features=1024, bias=True)
            (key): Linear(in_features=1024, out_features=1024, bias=True)
            (value): Linear(in_features=1024, out_features=1024, bias=True)
            (dropout): Dropout(p=0.1, inplace=False)
          )
          (output): RobertaSelfOutput(
            (dense): Linear(in_features=1024, out_features=1024, bias=True)
            (LayerNorm): LayerNorm((1024,), eps=1e-05, elementwise_affine=True)
            (dropout): Dropout(p=0.1, inplace=False)
          )
        )
        (intermediate): RobertaIntermediate(
          (dense): Linear(in_features=1024, out_features=4096, bias=True)
          (intermediate_act_fn): GELUActivation()
        )
        (output): RobertaOutput(
          (dense): Linear(in_features=4096, out_features=1024, bias=True)
          (LayerNorm): LayerNorm((1024,), eps=1e-05, elementwise_affine=True)
          (dropout): Dropout(p=0.1, inplace=False)
        )
      )
      (14): RobertaLayer(
        (attention): RobertaAttention(
          (self): RobertaSelfAttention(
            (query): Linear(in_features=1024, out_features=1024, bias=True)
            (key): Linear(in_features=1024, out_features=1024, bias=True)
            (value): Linear(in_features=1024, out_features=1024, bias=True)
            (dropout): Dropout(p=0.1, inplace=False)
          )
          (output): RobertaSelfOutput(
            (dense): Linear(in_features=1024, out_features=1024, bias=True)
            (LayerNorm): LayerNorm((1024,), eps=1e-05, elementwise_affine=True)
            (dropout): Dropout(p=0.1, inplace=False)
          )
        )
        (intermediate): RobertaIntermediate(
          (dense): Linear(in_features=1024, out_features=4096, bias=True)
          (intermediate_act_fn): GELUActivation()
        )
        (output): RobertaOutput(
          (dense): Linear(in_features=4096, out_features=1024, bias=True)
          (LayerNorm): LayerNorm((1024,), eps=1e-05, elementwise_affine=True)
          (dropout): Dropout(p=0.1, inplace=False)
        )
      )
      (15): RobertaLayer(
        (attention): RobertaAttention(
          (self): RobertaSelfAttention(
            (query): Linear(in_features=1024, out_features=1024, bias=True)
            (key): Linear(in_features=1024, out_features=1024, bias=True)
            (value): Linear(in_features=1024, out_features=1024, bias=True)
            (dropout): Dropout(p=0.1, inplace=False)
          )
          (output): RobertaSelfOutput(
            (dense): Linear(in_features=1024, out_features=1024, bias=True)
            (LayerNorm): LayerNorm((1024,), eps=1e-05, elementwise_affine=True)
            (dropout): Dropout(p=0.1, inplace=False)
          )
        )
        (intermediate): RobertaIntermediate(
          (dense): Linear(in_features=1024, out_features=4096, bias=True)
          (intermediate_act_fn): GELUActivation()
        )
        (output): RobertaOutput(
          (dense): Linear(in_features=4096, out_features=1024, bias=True)
          (LayerNorm): LayerNorm((1024,), eps=1e-05, elementwise_affine=True)
          (dropout): Dropout(p=0.1, inplace=False)
        )
      )
      (16): RobertaLayer(
        (attention): RobertaAttention(
          (self): RobertaSelfAttention(
            (query): Linear(in_features=1024, out_features=1024, bias=True)
            (key): Linear(in_features=1024, out_features=1024, bias=True)
            (value): Linear(in_features=1024, out_features=1024, bias=True)
            (dropout): Dropout(p=0.1, inplace=False)
          )
          (output): RobertaSelfOutput(
            (dense): Linear(in_features=1024, out_features=1024, bias=True)
            (LayerNorm): LayerNorm((1024,), eps=1e-05, elementwise_affine=True)
            (dropout): Dropout(p=0.1, inplace=False)
          )
        )
        (intermediate): RobertaIntermediate(
          (dense): Linear(in_features=1024, out_features=4096, bias=True)
          (intermediate_act_fn): GELUActivation()
        )
        (output): RobertaOutput(
          (dense): Linear(in_features=4096, out_features=1024, bias=True)
          (LayerNorm): LayerNorm((1024,), eps=1e-05, elementwise_affine=True)
          (dropout): Dropout(p=0.1, inplace=False)
        )
      )
      (17): RobertaLayer(
        (attention): RobertaAttention(
          (self): RobertaSelfAttention(
            (query): Linear(in_features=1024, out_features=1024, bias=True)
            (key): Linear(in_features=1024, out_features=1024, bias=True)
            (value): Linear(in_features=1024, out_features=1024, bias=True)
            (dropout): Dropout(p=0.1, inplace=False)
          )
          (output): RobertaSelfOutput(
            (dense): Linear(in_features=1024, out_features=1024, bias=True)
            (LayerNorm): LayerNorm((1024,), eps=1e-05, elementwise_affine=True)
            (dropout): Dropout(p=0.1, inplace=False)
          )
        )
        (intermediate): RobertaIntermediate(
          (dense): Linear(in_features=1024, out_features=4096, bias=True)
          (intermediate_act_fn): GELUActivation()
        )
        (output): RobertaOutput(
          (dense): Linear(in_features=4096, out_features=1024, bias=True)
          (LayerNorm): LayerNorm((1024,), eps=1e-05, elementwise_affine=True)
          (dropout): Dropout(p=0.1, inplace=False)
        )
      )
      (18): RobertaLayer(
        (attention): RobertaAttention(
          (self): RobertaSelfAttention(
            (query): Linear(in_features=1024, out_features=1024, bias=True)
            (key): Linear(in_features=1024, out_features=1024, bias=True)
            (value): Linear(in_features=1024, out_features=1024, bias=True)
            (dropout): Dropout(p=0.1, inplace=False)
          )
          (output): RobertaSelfOutput(
            (dense): Linear(in_features=1024, out_features=1024, bias=True)
            (LayerNorm): LayerNorm((1024,), eps=1e-05, elementwise_affine=True)
            (dropout): Dropout(p=0.1, inplace=False)
          )
        )
        (intermediate): RobertaIntermediate(
          (dense): Linear(in_features=1024, out_features=4096, bias=True)
          (intermediate_act_fn): GELUActivation()
        )
        (output): RobertaOutput(
          (dense): Linear(in_features=4096, out_features=1024, bias=True)
          (LayerNorm): LayerNorm((1024,), eps=1e-05, elementwise_affine=True)
          (dropout): Dropout(p=0.1, inplace=False)
        )
      )
      (19): RobertaLayer(
        (attention): RobertaAttention(
          (self): RobertaSelfAttention(
            (query): Linear(in_features=1024, out_features=1024, bias=True)
            (key): Linear(in_features=1024, out_features=1024, bias=True)
            (value): Linear(in_features=1024, out_features=1024, bias=True)
            (dropout): Dropout(p=0.1, inplace=False)
          )
          (output): RobertaSelfOutput(
            (dense): Linear(in_features=1024, out_features=1024, bias=True)
            (LayerNorm): LayerNorm((1024,), eps=1e-05, elementwise_affine=True)
            (dropout): Dropout(p=0.1, inplace=False)
          )
        )
        (intermediate): RobertaIntermediate(
          (dense): Linear(in_features=1024, out_features=4096, bias=True)
          (intermediate_act_fn): GELUActivation()
        )
        (output): RobertaOutput(
          (dense): Linear(in_features=4096, out_features=1024, bias=True)
          (LayerNorm): LayerNorm((1024,), eps=1e-05, elementwise_affine=True)
          (dropout): Dropout(p=0.1, inplace=False)
        )
      )
      (20): RobertaLayer(
        (attention): RobertaAttention(
          (self): RobertaSelfAttention(
            (query): Linear(in_features=1024, out_features=1024, bias=True)
            (key): Linear(in_features=1024, out_features=1024, bias=True)
            (value): Linear(in_features=1024, out_features=1024, bias=True)
            (dropout): Dropout(p=0.1, inplace=False)
          )
          (output): RobertaSelfOutput(
            (dense): Linear(in_features=1024, out_features=1024, bias=True)
            (LayerNorm): LayerNorm((1024,), eps=1e-05, elementwise_affine=True)
            (dropout): Dropout(p=0.1, inplace=False)
          )
        )
        (intermediate): RobertaIntermediate(
          (dense): Linear(in_features=1024, out_features=4096, bias=True)
          (intermediate_act_fn): GELUActivation()
        )
        (output): RobertaOutput(
          (dense): Linear(in_features=4096, out_features=1024, bias=True)
          (LayerNorm): LayerNorm((1024,), eps=1e-05, elementwise_affine=True)
          (dropout): Dropout(p=0.1, inplace=False)
        )
      )
      (21): RobertaLayer(
        (attention): RobertaAttention(
          (self): RobertaSelfAttention(
            (query): Linear(in_features=1024, out_features=1024, bias=True)
            (key): Linear(in_features=1024, out_features=1024, bias=True)
            (value): Linear(in_features=1024, out_features=1024, bias=True)
            (dropout): Dropout(p=0.1, inplace=False)
          )
          (output): RobertaSelfOutput(
            (dense): Linear(in_features=1024, out_features=1024, bias=True)
            (LayerNorm): LayerNorm((1024,), eps=1e-05, elementwise_affine=True)
            (dropout): Dropout(p=0.1, inplace=False)
          )
        )
        (intermediate): RobertaIntermediate(
          (dense): Linear(in_features=1024, out_features=4096, bias=True)
          (intermediate_act_fn): GELUActivation()
        )
        (output): RobertaOutput(
          (dense): Linear(in_features=4096, out_features=1024, bias=True)
          (LayerNorm): LayerNorm((1024,), eps=1e-05, elementwise_affine=True)
          (dropout): Dropout(p=0.1, inplace=False)
        )
      )
      (22): RobertaLayer(
        (attention): RobertaAttention(
          (self): RobertaSelfAttention(
            (query): Linear(in_features=1024, out_features=1024, bias=True)
            (key): Linear(in_features=1024, out_features=1024, bias=True)
            (value): Linear(in_features=1024, out_features=1024, bias=True)
            (dropout): Dropout(p=0.1, inplace=False)
          )
          (output): RobertaSelfOutput(
            (dense): Linear(in_features=1024, out_features=1024, bias=True)
            (LayerNorm): LayerNorm((1024,), eps=1e-05, elementwise_affine=True)
            (dropout): Dropout(p=0.1, inplace=False)
          )
        )
        (intermediate): RobertaIntermediate(
          (dense): Linear(in_features=1024, out_features=4096, bias=True)
          (intermediate_act_fn): GELUActivation()
        )
        (output): RobertaOutput(
          (dense): Linear(in_features=4096, out_features=1024, bias=True)
          (LayerNorm): LayerNorm((1024,), eps=1e-05, elementwise_affine=True)
          (dropout): Dropout(p=0.1, inplace=False)
        )
      )
      (23): RobertaLayer(
        (attention): RobertaAttention(
          (self): RobertaSelfAttention(
            (query): Linear(in_features=1024, out_features=1024, bias=True)
            (key): Linear(in_features=1024, out_features=1024, bias=True)
            (value): Linear(in_features=1024, out_features=1024, bias=True)
            (dropout): Dropout(p=0.1, inplace=False)
          )
          (output): RobertaSelfOutput(
            (dense): Linear(in_features=1024, out_features=1024, bias=True)
            (LayerNorm): LayerNorm((1024,), eps=1e-05, elementwise_affine=True)
            (dropout): Dropout(p=0.1, inplace=False)
          )
        )
        (intermediate): RobertaIntermediate(
          (dense): Linear(in_features=1024, out_features=4096, bias=True)
          (intermediate_act_fn): GELUActivation()
        )
        (output): RobertaOutput(
          (dense): Linear(in_features=4096, out_features=1024, bias=True)
          (LayerNorm): LayerNorm((1024,), eps=1e-05, elementwise_affine=True)
          (dropout): Dropout(p=0.1, inplace=False)
        )
      )
    )
  )
  (pooler): RobertaPooler(
    (dense): Linear(in_features=1024, out_features=1024, bias=True)
    (activation): Tanh()
  )
)
Model loaded!
Valid Loss:  0.088         | Valid Accuracy:  0.053         | Valid F1:  0.009
