/cluster/raid/home/zhivar.sourati/logical-fallacy-identification/CBR
Fri Nov  4 01:23:08 2022       
+-----------------------------------------------------------------------------+
| NVIDIA-SMI 460.32.03    Driver Version: 460.32.03    CUDA Version: 11.2     |
|-------------------------------+----------------------+----------------------+
| GPU  Name        Persistence-M| Bus-Id        Disp.A | Volatile Uncorr. ECC |
| Fan  Temp  Perf  Pwr:Usage/Cap|         Memory-Usage | GPU-Util  Compute M. |
|                               |                      |               MIG M. |
|===============================+======================+======================|
|   0  A100-PCIE-40GB      Off  | 00000000:2B:00.0 Off |                    0 |
| N/A   29C    P0    34W / 250W |      0MiB / 40536MiB |      0%      Default |
|                               |                      |             Disabled |
+-------------------------------+----------------------+----------------------+
                                                                               
+-----------------------------------------------------------------------------+
| Processes:                                                                  |
|  GPU   GI   CI        PID   Type   Process name                  GPU Memory |
|        ID   ID                                                   Usage      |
|=============================================================================|
|  No running processes found                                                 |
+-----------------------------------------------------------------------------+
0
Dataset: data/finegrained
Create sweep with ID: qiislg97
Sweep URL: https://wandb.ai/zhpinkman/Baseline%20Finder/sweeps/qiislg97
using cbr
Model loaded!
Start the training ...
{'loss': 2.4269, 'learning_rate': 2.8900546035894798e-05, 'epoch': 0.39}
{'eval_loss': 2.2367074489593506, 'eval_accuracy': 0.21, 'eval_f1': 0.1778331089576137, 'eval_precision': 0.22673290581893635, 'eval_recall': 0.21, 'eval_runtime': 0.3444, 'eval_samples_per_second': 871.137, 'eval_steps_per_second': 110.344, 'epoch': 0.39}
{'loss': 1.8027, 'learning_rate': 2.8138501315106537e-05, 'epoch': 0.77}
{'eval_loss': 1.9592740535736084, 'eval_accuracy': 0.38666666666666666, 'eval_f1': 0.3541344624923585, 'eval_precision': 0.43659441393308385, 'eval_recall': 0.38666666666666666, 'eval_runtime': 0.3891, 'eval_samples_per_second': 770.991, 'eval_steps_per_second': 97.659, 'epoch': 0.77}
{'loss': 1.1526, 'learning_rate': 2.7376456594318276e-05, 'epoch': 1.16}
{'eval_loss': 1.5890800952911377, 'eval_accuracy': 0.5233333333333333, 'eval_f1': 0.5332065425174964, 'eval_precision': 0.5918304704349867, 'eval_recall': 0.5233333333333333, 'eval_runtime': 0.3418, 'eval_samples_per_second': 877.643, 'eval_steps_per_second': 111.168, 'epoch': 1.16}
{'loss': 0.7385, 'learning_rate': 2.6614411873530015e-05, 'epoch': 1.54}
{'eval_loss': 1.5591033697128296, 'eval_accuracy': 0.5366666666666666, 'eval_f1': 0.5327414487472304, 'eval_precision': 0.615838022389668, 'eval_recall': 0.5366666666666666, 'eval_runtime': 0.3453, 'eval_samples_per_second': 868.749, 'eval_steps_per_second': 110.042, 'epoch': 1.54}
{'loss': 0.684, 'learning_rate': 2.5852367152741755e-05, 'epoch': 1.93}
{'eval_loss': 1.3867861032485962, 'eval_accuracy': 0.5933333333333334, 'eval_f1': 0.5962293109991424, 'eval_precision': 0.6591777035425043, 'eval_recall': 0.5933333333333334, 'eval_runtime': 0.3422, 'eval_samples_per_second': 876.7, 'eval_steps_per_second': 111.049, 'epoch': 1.93}
{'loss': 0.4386, 'learning_rate': 2.5090322431953494e-05, 'epoch': 2.31}
{'eval_loss': 1.6239317655563354, 'eval_accuracy': 0.63, 'eval_f1': 0.6191474394407899, 'eval_precision': 0.6352193916478623, 'eval_recall': 0.63, 'eval_runtime': 0.3427, 'eval_samples_per_second': 875.312, 'eval_steps_per_second': 110.873, 'epoch': 2.31}
{'loss': 0.456, 'learning_rate': 2.432827771116523e-05, 'epoch': 2.7}
{'eval_loss': 1.6645821332931519, 'eval_accuracy': 0.6166666666666667, 'eval_f1': 0.6134562926489401, 'eval_precision': 0.6289594788233696, 'eval_recall': 0.6166666666666667, 'eval_runtime': 0.3465, 'eval_samples_per_second': 865.741, 'eval_steps_per_second': 109.661, 'epoch': 2.7}
{'loss': 0.4254, 'learning_rate': 2.356623299037697e-05, 'epoch': 3.08}
{'eval_loss': 1.5560376644134521, 'eval_accuracy': 0.65, 'eval_f1': 0.647449712792853, 'eval_precision': 0.677515559732665, 'eval_recall': 0.65, 'eval_runtime': 0.3432, 'eval_samples_per_second': 874.247, 'eval_steps_per_second': 110.738, 'epoch': 3.08}
{'loss': 0.2851, 'learning_rate': 2.280418826958871e-05, 'epoch': 3.47}
{'eval_loss': 1.7554781436920166, 'eval_accuracy': 0.62, 'eval_f1': 0.6175195496373959, 'eval_precision': 0.6486635984589245, 'eval_recall': 0.62, 'eval_runtime': 0.4045, 'eval_samples_per_second': 741.693, 'eval_steps_per_second': 93.948, 'epoch': 3.47}
{'loss': 0.3125, 'learning_rate': 2.204214354880045e-05, 'epoch': 3.85}
{'eval_loss': 1.767554521560669, 'eval_accuracy': 0.6366666666666667, 'eval_f1': 0.6437551186073553, 'eval_precision': 0.6784054271266043, 'eval_recall': 0.6366666666666667, 'eval_runtime': 0.3441, 'eval_samples_per_second': 871.741, 'eval_steps_per_second': 110.42, 'epoch': 3.85}
{'loss': 0.2819, 'learning_rate': 2.128009882801219e-05, 'epoch': 4.24}
{'eval_loss': 1.9501969814300537, 'eval_accuracy': 0.6566666666666666, 'eval_f1': 0.6604294824534057, 'eval_precision': 0.6846072102231472, 'eval_recall': 0.6566666666666666, 'eval_runtime': 0.3392, 'eval_samples_per_second': 884.488, 'eval_steps_per_second': 112.035, 'epoch': 4.24}
{'loss': 0.2014, 'learning_rate': 2.0518054107223926e-05, 'epoch': 4.62}
{'eval_loss': 1.9097765684127808, 'eval_accuracy': 0.6733333333333333, 'eval_f1': 0.6731211040690704, 'eval_precision': 0.7116051673813917, 'eval_recall': 0.6733333333333333, 'eval_runtime': 0.3917, 'eval_samples_per_second': 765.902, 'eval_steps_per_second': 97.014, 'epoch': 4.62}
{'loss': 0.2265, 'learning_rate': 1.9756009386435665e-05, 'epoch': 5.01}
{'eval_loss': 1.961601972579956, 'eval_accuracy': 0.64, 'eval_f1': 0.6438710111320617, 'eval_precision': 0.6718910711837182, 'eval_recall': 0.64, 'eval_runtime': 0.3561, 'eval_samples_per_second': 842.504, 'eval_steps_per_second': 106.717, 'epoch': 5.01}
{'loss': 0.1226, 'learning_rate': 1.8993964665647404e-05, 'epoch': 5.39}
{'eval_loss': 2.180042266845703, 'eval_accuracy': 0.64, 'eval_f1': 0.6434529777866737, 'eval_precision': 0.6718486228079714, 'eval_recall': 0.64, 'eval_runtime': 0.3772, 'eval_samples_per_second': 795.288, 'eval_steps_per_second': 100.736, 'epoch': 5.39}
{'loss': 0.1308, 'learning_rate': 1.8231919944859147e-05, 'epoch': 5.78}
{'eval_loss': 2.287670850753784, 'eval_accuracy': 0.6766666666666666, 'eval_f1': 0.678657932452904, 'eval_precision': 0.6996969531672318, 'eval_recall': 0.6766666666666666, 'eval_runtime': 0.3405, 'eval_samples_per_second': 881.143, 'eval_steps_per_second': 111.611, 'epoch': 5.78}
{'loss': 0.1294, 'learning_rate': 1.7469875224070882e-05, 'epoch': 6.17}
{'eval_loss': 2.226029872894287, 'eval_accuracy': 0.6666666666666666, 'eval_f1': 0.6655321664473289, 'eval_precision': 0.6826084360869854, 'eval_recall': 0.6666666666666666, 'eval_runtime': 0.3906, 'eval_samples_per_second': 768.101, 'eval_steps_per_second': 97.293, 'epoch': 6.17}
{'loss': 0.0892, 'learning_rate': 1.670783050328262e-05, 'epoch': 6.55}
{'eval_loss': 2.0324254035949707, 'eval_accuracy': 0.68, 'eval_f1': 0.6831565440116768, 'eval_precision': 0.6998116646705663, 'eval_recall': 0.68, 'eval_runtime': 0.3413, 'eval_samples_per_second': 879.011, 'eval_steps_per_second': 111.341, 'epoch': 6.55}
{'loss': 0.1022, 'learning_rate': 1.594578578249436e-05, 'epoch': 6.94}
{'eval_loss': 2.0139780044555664, 'eval_accuracy': 0.6933333333333334, 'eval_f1': 0.6922576955024153, 'eval_precision': 0.7093341052978922, 'eval_recall': 0.6933333333333334, 'eval_runtime': 0.3978, 'eval_samples_per_second': 754.144, 'eval_steps_per_second': 95.525, 'epoch': 6.94}
{'loss': 0.0559, 'learning_rate': 1.5183741061706102e-05, 'epoch': 7.32}
{'eval_loss': 2.3505442142486572, 'eval_accuracy': 0.67, 'eval_f1': 0.6741981267068656, 'eval_precision': 0.703629959554263, 'eval_recall': 0.67, 'eval_runtime': 0.3651, 'eval_samples_per_second': 821.677, 'eval_steps_per_second': 104.079, 'epoch': 7.32}
{'loss': 0.0518, 'learning_rate': 1.442169634091784e-05, 'epoch': 7.71}
{'eval_loss': 2.402567148208618, 'eval_accuracy': 0.6766666666666666, 'eval_f1': 0.6743237293010208, 'eval_precision': 0.6944518329572286, 'eval_recall': 0.6766666666666666, 'eval_runtime': 0.3437, 'eval_samples_per_second': 872.931, 'eval_steps_per_second': 110.571, 'epoch': 7.71}
{'loss': 0.0869, 'learning_rate': 1.3659651620129577e-05, 'epoch': 8.09}
{'eval_loss': 2.2218050956726074, 'eval_accuracy': 0.69, 'eval_f1': 0.6903616453905602, 'eval_precision': 0.6974967831886987, 'eval_recall': 0.69, 'eval_runtime': 0.3606, 'eval_samples_per_second': 831.93, 'eval_steps_per_second': 105.378, 'epoch': 8.09}
{'loss': 0.0393, 'learning_rate': 1.2897606899341318e-05, 'epoch': 8.48}
{'eval_loss': 2.389545202255249, 'eval_accuracy': 0.6666666666666666, 'eval_f1': 0.6656829318707392, 'eval_precision': 0.6744695345759419, 'eval_recall': 0.6666666666666666, 'eval_runtime': 0.3405, 'eval_samples_per_second': 881.097, 'eval_steps_per_second': 111.606, 'epoch': 8.48}
{'loss': 0.0596, 'learning_rate': 1.2135562178553057e-05, 'epoch': 8.86}
