/cluster/raid/home/zhivar.sourati/logical-fallacy-identification/CBR
Thu Nov  3 23:38:41 2022       
+-----------------------------------------------------------------------------+
| NVIDIA-SMI 460.32.03    Driver Version: 460.32.03    CUDA Version: 11.2     |
|-------------------------------+----------------------+----------------------+
| GPU  Name        Persistence-M| Bus-Id        Disp.A | Volatile Uncorr. ECC |
| Fan  Temp  Perf  Pwr:Usage/Cap|         Memory-Usage | GPU-Util  Compute M. |
|                               |                      |               MIG M. |
|===============================+======================+======================|
|   0  A100-PCIE-40GB      Off  | 00000000:C5:00.0 Off |                    0 |
| N/A   27C    P0    35W / 250W |      0MiB / 40536MiB |      0%      Default |
|                               |                      |             Disabled |
+-------------------------------+----------------------+----------------------+
                                                                               
+-----------------------------------------------------------------------------+
| Processes:                                                                  |
|  GPU   GI   CI        PID   Type   Process name                  GPU Memory |
|        ID   ID                                                   Usage      |
|=============================================================================|
|  No running processes found                                                 |
+-----------------------------------------------------------------------------+
0
Dataset: data/bigbench
Create sweep with ID: cdkx0dx9
Sweep URL: https://wandb.ai/zhpinkman/Baseline%20Finder/sweeps/cdkx0dx9
using cbr
Model loaded!
Start the training ...
{'loss': 0.6737, 'learning_rate': 2.408793961949455e-06, 'epoch': 0.82}
{'eval_loss': 0.596473753452301, 'eval_accuracy': 0.6952380952380952, 'eval_f1': 0.6839543895665735, 'eval_precision': 0.7103271441202474, 'eval_recall': 0.6952380952380952, 'eval_runtime': 0.5249, 'eval_samples_per_second': 800.225, 'eval_steps_per_second': 100.981, 'epoch': 0.82}
{'loss': 0.5741, 'learning_rate': 2.2701583382401336e-06, 'epoch': 1.63}
{'eval_loss': 0.5205556154251099, 'eval_accuracy': 0.7333333333333333, 'eval_f1': 0.7300756469397375, 'eval_precision': 0.7367499282227964, 'eval_recall': 0.7333333333333333, 'eval_runtime': 0.5208, 'eval_samples_per_second': 806.471, 'eval_steps_per_second': 101.769, 'epoch': 1.63}
{'loss': 0.4915, 'learning_rate': 2.1315227145308125e-06, 'epoch': 2.45}
{'eval_loss': 0.4583764970302582, 'eval_accuracy': 0.7738095238095238, 'eval_f1': 0.7709170624771647, 'eval_precision': 0.7791953444127357, 'eval_recall': 0.7738095238095238, 'eval_runtime': 0.519, 'eval_samples_per_second': 809.203, 'eval_steps_per_second': 102.114, 'epoch': 2.45}
{'loss': 0.4245, 'learning_rate': 1.9928870908214915e-06, 'epoch': 3.27}
{'eval_loss': 0.4658510982990265, 'eval_accuracy': 0.7666666666666667, 'eval_f1': 0.7589304812834224, 'eval_precision': 0.7881292836516718, 'eval_recall': 0.7666666666666667, 'eval_runtime': 0.5185, 'eval_samples_per_second': 810.043, 'eval_steps_per_second': 102.22, 'epoch': 3.27}
{'loss': 0.4126, 'learning_rate': 1.8542514671121705e-06, 'epoch': 4.08}
{'eval_loss': 0.3878788650035858, 'eval_accuracy': 0.7976190476190477, 'eval_f1': 0.7977050983326814, 'eval_precision': 0.803459226752162, 'eval_recall': 0.7976190476190477, 'eval_runtime': 0.8483, 'eval_samples_per_second': 495.099, 'eval_steps_per_second': 62.477, 'epoch': 4.08}
{'loss': 0.3407, 'learning_rate': 1.7156158434028492e-06, 'epoch': 4.9}
{'eval_loss': 0.38288378715515137, 'eval_accuracy': 0.8, 'eval_f1': 0.8002224694104559, 'eval_precision': 0.8022222222222224, 'eval_recall': 0.8, 'eval_runtime': 0.5193, 'eval_samples_per_second': 808.819, 'eval_steps_per_second': 102.065, 'epoch': 4.9}
{'loss': 0.3172, 'learning_rate': 1.5769802196935282e-06, 'epoch': 5.71}
{'eval_loss': 0.3932778239250183, 'eval_accuracy': 0.8261904761904761, 'eval_f1': 0.8261617651805566, 'eval_precision': 0.8261424501424501, 'eval_recall': 0.8261904761904761, 'eval_runtime': 0.5226, 'eval_samples_per_second': 803.686, 'eval_steps_per_second': 101.418, 'epoch': 5.71}
{'loss': 0.3014, 'learning_rate': 1.438344595984207e-06, 'epoch': 6.53}
{'eval_loss': 0.3614402413368225, 'eval_accuracy': 0.8571428571428571, 'eval_f1': 0.8569078947368421, 'eval_precision': 0.8573000733675715, 'eval_recall': 0.8571428571428571, 'eval_runtime': 0.5473, 'eval_samples_per_second': 767.355, 'eval_steps_per_second': 96.833, 'epoch': 6.53}
{'loss': 0.261, 'learning_rate': 1.2997089722748859e-06, 'epoch': 7.35}
{'eval_loss': 0.3839969336986542, 'eval_accuracy': 0.8666666666666667, 'eval_f1': 0.8666666666666667, 'eval_precision': 0.8666666666666667, 'eval_recall': 0.8666666666666667, 'eval_runtime': 0.5345, 'eval_samples_per_second': 785.812, 'eval_steps_per_second': 99.162, 'epoch': 7.35}
{'loss': 0.244, 'learning_rate': 1.1610733485655646e-06, 'epoch': 8.16}
{'eval_loss': 0.378018856048584, 'eval_accuracy': 0.8714285714285714, 'eval_f1': 0.8714285714285714, 'eval_precision': 0.8714285714285714, 'eval_recall': 0.8714285714285714, 'eval_runtime': 0.5217, 'eval_samples_per_second': 805.112, 'eval_steps_per_second': 101.597, 'epoch': 8.16}
{'loss': 0.2585, 'learning_rate': 1.0224377248562434e-06, 'epoch': 8.98}
{'eval_loss': 0.3883962333202362, 'eval_accuracy': 0.8833333333333333, 'eval_f1': 0.8834572135376743, 'eval_precision': 0.8847928148601755, 'eval_recall': 0.8833333333333333, 'eval_runtime': 0.5185, 'eval_samples_per_second': 810.082, 'eval_steps_per_second': 102.225, 'epoch': 8.98}
{'loss': 0.2469, 'learning_rate': 8.838021011469223e-07, 'epoch': 9.8}
{'eval_loss': 0.38481947779655457, 'eval_accuracy': 0.8785714285714286, 'eval_f1': 0.8787002422296473, 'eval_precision': 0.8817082851375564, 'eval_recall': 0.8785714285714286, 'eval_runtime': 0.5213, 'eval_samples_per_second': 805.703, 'eval_steps_per_second': 101.672, 'epoch': 9.8}
{'loss': 0.2239, 'learning_rate': 7.451664774376012e-07, 'epoch': 10.61}
{'eval_loss': 0.38288500905036926, 'eval_accuracy': 0.9047619047619048, 'eval_f1': 0.9047619047619048, 'eval_precision': 0.9047619047619048, 'eval_recall': 0.9047619047619048, 'eval_runtime': 0.52, 'eval_samples_per_second': 807.699, 'eval_steps_per_second': 101.924, 'epoch': 10.61}
{'loss': 0.225, 'learning_rate': 6.0653085372828e-07, 'epoch': 11.43}
{'eval_loss': 0.41792115569114685, 'eval_accuracy': 0.8952380952380953, 'eval_f1': 0.8953522875223303, 'eval_precision': 0.8969279148524432, 'eval_recall': 0.8952380952380953, 'eval_runtime': 0.5234, 'eval_samples_per_second': 802.489, 'eval_steps_per_second': 101.267, 'epoch': 11.43}
{'loss': 0.2405, 'learning_rate': 4.678952300189589e-07, 'epoch': 12.24}
{'eval_loss': 0.4270156919956207, 'eval_accuracy': 0.8928571428571429, 'eval_f1': 0.8929709103917415, 'eval_precision': 0.8943094962690799, 'eval_recall': 0.8928571428571429, 'eval_runtime': 0.5195, 'eval_samples_per_second': 808.486, 'eval_steps_per_second': 102.023, 'epoch': 12.24}
{'loss': 0.1822, 'learning_rate': 3.2925960630963774e-07, 'epoch': 13.06}
{'eval_loss': 0.42923372983932495, 'eval_accuracy': 0.8976190476190476, 'eval_f1': 0.8977323323743648, 'eval_precision': 0.9001353016319342, 'eval_recall': 0.8976190476190476, 'eval_runtime': 0.5342, 'eval_samples_per_second': 786.275, 'eval_steps_per_second': 99.22, 'epoch': 13.06}
{'loss': 0.2231, 'learning_rate': 1.906239826003166e-07, 'epoch': 13.88}
{'eval_loss': 0.4343535006046295, 'eval_accuracy': 0.8928571428571429, 'eval_f1': 0.8929757343550447, 'eval_precision': 0.8948048708587497, 'eval_recall': 0.8928571428571429, 'eval_runtime': 0.5169, 'eval_samples_per_second': 812.483, 'eval_steps_per_second': 102.528, 'epoch': 13.88}
{'loss': 0.2236, 'learning_rate': 5.1988358890995423e-08, 'epoch': 14.69}
{'eval_loss': 0.4333682954311371, 'eval_accuracy': 0.8928571428571429, 'eval_f1': 0.8929757343550447, 'eval_precision': 0.8948048708587497, 'eval_recall': 0.8928571428571429, 'eval_runtime': 0.5191, 'eval_samples_per_second': 809.029, 'eval_steps_per_second': 102.092, 'epoch': 14.69}
{'train_runtime': 306.9821, 'train_samples_per_second': 95.771, 'train_steps_per_second': 11.971, 'train_loss': 0.3235784543614809, 'epoch': 15.0}
PredictionOutput(predictions=array([[ 2.5846248e+00, -2.5932150e+00],
       [ 2.7242472e+00, -2.3223674e+00],
       [ 2.6344407e+00, -2.3929582e+00],
       [ 2.5570190e+00, -2.5777514e+00],
       [ 2.5955646e+00, -2.4919021e+00],
       [-3.5870957e+00,  3.2699006e+00],
       [ 2.3941324e+00, -1.9298648e+00],
       [-3.4823570e+00,  2.9595404e+00],
       [-3.5424325e+00,  3.2802629e+00],
       [-2.3629768e+00,  2.4654040e+00],
       [ 2.6632521e+00, -2.5004427e+00],
       [-1.3100405e-01,  1.3279846e-01],
       [ 2.4169223e+00, -2.5503352e+00],
       [-3.0151665e+00,  2.9888287e+00],
       [ 2.0211062e+00, -1.4754403e+00],
       [ 2.5396690e+00, -2.4062798e+00],
       [ 2.4008403e+00, -2.5487618e+00],
       [-3.5876038e+00,  3.2847700e+00],
       [ 2.4771636e+00, -2.4332628e+00],
       [ 2.5244994e+00, -2.4446433e+00],
       [-3.2278013e+00,  2.8783116e+00],
       [-2.8638599e+00,  2.8969836e+00],
       [-3.6023037e+00,  3.2673271e+00],
       [ 2.5443995e+00, -2.4432185e+00],
       [-3.4235804e+00,  2.8536434e+00],
       [ 2.5491304e+00, -2.5548899e+00],
       [ 2.5582037e+00, -2.5180795e+00],
       [-3.5599718e+00,  3.2610970e+00],
       [ 2.6351256e+00, -2.5746756e+00],
       [ 2.2341039e+00, -1.9938639e+00],
       [-3.4431119e+00,  2.9897215e+00],
       [ 2.6242149e+00, -2.6175303e+00],
       [-3.3314955e+00,  3.1915119e+00],
       [-3.5100935e+00,  3.2630901e+00],
       [ 2.6221859e+00, -2.3399508e+00],
       [ 2.6361768e+00, -2.5282273e+00],
       [ 2.4139955e+00, -2.5633130e+00],
       [-3.5058491e+00,  3.2722876e+00],
       [ 2.5591395e+00, -2.5794837e+00],
       [-2.1724684e+00,  2.3723655e+00],
       [-2.7408535e+00,  1.7350415e+00],
       [-1.3914720e+00,  3.9868227e-01],
       [-3.4434249e+00,  3.2329199e+00],
       [ 2.7031057e+00, -2.5251336e+00],
       [ 2.5254982e+00, -2.3273294e+00],
       [ 2.7206972e+00, -2.3959892e+00],
       [-3.1765902e+00,  3.1380391e+00],
       [ 1.1376840e+00, -5.7280087e-01],
       [-3.4886582e+00,  3.2326925e+00],
       [-3.4608679e+00,  3.2044024e+00],
       [ 2.5491345e+00, -2.5549891e+00],
       [-2.4377162e+00,  2.5507121e+00],
       [-3.5469294e+00,  3.2548168e+00],
       [ 2.6507359e+00, -2.4736123e+00],
       [-3.5288606e+00,  3.2613964e+00],
       [-3.4858868e+00,  3.2268310e+00],
       [ 2.3295722e+00, -2.4459627e+00],
       [-3.2962105e+00,  3.0702372e+00],
       [-3.5658505e+00,  3.2801580e+00],
       [-3.1631074e+00,  2.9870131e+00],
       [-3.5562661e+00,  3.1273656e+00],
       [ 2.5215609e+00, -2.5235791e+00],
       [-3.4208491e+00,  3.2308333e+00],
       [ 2.6357782e+00, -2.5550811e+00],
       [-3.4948592e+00,  3.2521529e+00],
       [-1.0434597e+00,  1.4019597e+00],
       [-1.2822517e+00,  1.6121514e+00],
       [-3.1134374e+00,  3.0282426e+00],
       [ 2.6917608e+00, -2.4083760e+00],
       [-2.8968761e+00,  2.9231884e+00],
       [-3.5671999e+00,  3.2666945e+00],
       [-3.1046412e+00,  3.0492184e+00],
       [ 2.5513587e+00, -2.5191994e+00],
       [-3.4447680e+00,  3.2362089e+00],
       [ 2.5968878e+00, -2.5497212e+00],
       [ 2.4740996e+00, -2.4872193e+00],
       [ 8.4602153e-01, -5.0471413e-01],
       [-2.3156135e+00,  2.4539645e+00],
       [-3.5511432e+00,  3.2717505e+00],
       [ 2.6845222e+00, -2.4740987e+00],
       [ 2.6210692e+00, -2.4831781e+00],
       [ 2.5850887e+00, -2.4988656e+00],
       [ 2.5954509e+00, -2.5377760e+00],
       [ 2.6688592e+00, -2.5338187e+00],
       [-3.4426022e+00,  3.2302554e+00],
       [-3.4261112e+00,  3.2010906e+00],
       [-2.1992412e+00,  2.4890594e+00],
       [ 1.7403899e+00, -1.3946081e+00],
       [ 2.5504949e+00, -2.5418224e+00],
       [-3.1676350e+00,  2.6158051e+00],
       [ 2.6369019e+00, -2.4735138e+00],
       [-2.5282423e+00,  1.4942824e+00],
       [ 2.5910175e+00, -2.5581288e+00],
       [-3.3658819e+00,  3.2063870e+00],
       [-3.4813526e+00,  2.9807012e+00],
       [ 2.5640552e+00, -2.5773110e+00],
       [-2.4394574e+00,  2.5576530e+00],
       [-3.5067956e+00,  3.2291362e+00],
       [ 2.5949943e+00, -2.1608915e+00],
       [ 2.6651678e+00, -2.4689031e+00],
       [-3.3293371e+00,  3.1875260e+00],
       [-2.0860932e+00,  2.2617655e+00],
       [ 2.6142747e+00, -2.5425937e+00],
       [ 1.2296443e+00, -7.4130273e-01],
       [-3.5093949e+00,  3.2493374e+00],
       [-3.5767970e+00,  3.2786860e+00],
       [ 2.5052779e+00, -2.3650477e+00],
       [ 2.6183014e+00, -2.5239308e+00],
       [ 2.5673389e+00, -2.5872393e+00],
       [ 1.6142037e+00, -1.0327623e+00],
       [-3.1817968e+00,  3.0888879e+00],
       [-1.0397685e+00,  1.3982013e+00],
       [-3.5127888e+00,  3.2499173e+00],
       [ 2.5311544e+00, -2.5562706e+00],
       [ 1.9659537e+00, -1.8353364e+00],
       [-3.5449023e+00,  3.2589657e+00],
       [-2.1936319e+00,  2.3370457e+00],
       [-1.4288018e+00,  1.8035280e+00],
       [-3.5897529e+00,  3.2826860e+00],
       [-3.2757161e+00,  2.9339237e+00],
       [-3.4687872e+00,  3.2551947e+00],
       [-3.5563860e+00,  3.1274674e+00],
       [ 2.2191935e+00, -1.7708960e+00],
       [-3.4052591e+00,  2.8211896e+00],
       [-3.1542628e+00,  3.0840693e+00],
       [-3.3026378e+00,  2.8026257e+00],
       [ 5.5140358e-01, -1.3930517e+00],
       [ 2.1110811e+00, -1.7071598e+00],
       [-3.4932194e+00,  3.2294695e+00],
       [-1.7268393e+00,  2.1098876e+00],
       [ 2.5633690e+00, -2.3728414e+00],
       [ 2.5122206e+00, -2.1242323e+00],
       [ 2.5791700e+00, -2.4582291e+00],
       [ 2.5483806e+00, -2.4012852e+00],
       [-3.4241204e+00,  2.9093425e+00],
       [ 2.6105957e+00, -2.5870349e+00],
       [ 2.4686649e+00, -2.5696502e+00],
       [ 2.4783750e+00, -2.0961840e+00],
       [-3.1675854e+00,  2.6161046e+00],
       [-3.4683044e+00,  3.2063482e+00],
       [-3.4617202e+00,  3.2043428e+00],
       [ 2.6531680e+00, -2.3202269e+00],
       [-3.4219313e+00,  2.8713491e+00],
       [ 2.5758584e+00, -2.4655533e+00],
       [ 2.5407763e+00, -2.4507771e+00],
       [ 1.8387904e+00, -1.6790667e+00],
       [-3.5784414e+00,  3.2611601e+00],
       [-2.7131381e+00,  1.8044746e+00],
       [-1.3251523e+00,  1.7326454e+00],
       [-2.4250968e+00,  2.5558269e+00],
       [-2.1740673e+00,  2.2782059e+00],
       [-3.4417713e+00,  3.1975842e+00],
       [-3.5307617e+00,  3.1975913e+00],
       [ 2.6061096e+00, -2.5777960e+00],
       [ 2.5739341e+00, -2.6272738e+00],
       [-3.2667520e+00,  3.1414187e+00],
       [-3.0846541e+00,  3.0461626e+00],
       [-6.8329275e-04,  4.2927220e-01],
       [-3.5542953e+00,  3.2440317e+00],
       [ 2.5675220e+00, -2.5658743e+00],
       [ 2.6877275e+00, -2.4402571e+00],
       [ 2.6882250e+00, -2.4563479e+00],
       [ 2.6402113e+00, -2.5423894e+00],
       [-3.0230734e+00,  3.0316160e+00],
       [-3.5379970e+00,  3.2370303e+00],
       [-1.6407285e+00,  1.9264559e+00],
       [-3.5146873e+00,  3.2248030e+00],
       [-2.5235946e+00,  2.5922363e+00],
       [ 2.6006777e+00, -2.5569384e+00],
       [-3.5292020e+00,  3.1951330e+00],
       [ 2.5073082e+00, -2.3740561e+00],
       [ 2.6600518e+00, -2.4575481e+00],
       [ 1.8342845e+00, -1.9498786e+00],
       [-2.9359078e-01,  5.9124964e-01],
       [ 2.5692129e+00, -2.5971882e+00],
       [ 2.6339071e+00, -2.3635232e+00],
       [-3.5168648e+00,  3.2060406e+00],
       [ 2.5668411e+00, -2.5859318e+00],
       [ 2.5591636e+00, -2.6284423e+00],
       [ 2.6847374e+00, -2.5557587e+00],
       [ 2.5464330e+00, -2.3704147e+00],
       [ 2.5169704e+00, -1.9892446e+00],
       [ 2.2297304e+00, -2.5477645e+00],
       [-3.4358652e+00,  3.2152364e+00],
       [ 2.4810605e+00, -2.5857954e+00],
       [ 2.0768669e+00, -1.7834128e+00],
       [ 2.6231980e+00, -2.5654943e+00],
       [-3.2661924e+00,  3.0792511e+00],
       [ 2.6196184e+00, -2.4980624e+00],
       [-3.5339839e+00,  3.2543108e+00],
       [-3.5898666e+00,  3.2826097e+00],
       [-3.4616199e+00,  3.2042820e+00],
       [ 2.5217490e+00, -2.5235150e+00],
       [ 2.5762954e+00, -2.5419891e+00],
       [-3.4424062e+00,  3.2357202e+00],
       [ 1.7051321e+00, -1.5013149e+00],
       [-1.5216290e+00,  1.8179556e+00],
       [ 5.5127555e-01, -1.3931723e+00],
       [-3.4682865e+00,  3.2222853e+00],
       [-3.3572938e+00,  3.1900349e+00],
       [-3.5582967e+00,  3.2516229e+00],
       [-3.5512259e+00,  3.1566925e+00],
       [-3.4368963e+00,  3.1956251e+00],
       [-3.4695461e+00,  3.2234216e+00],
       [-3.4575651e+00,  3.2173929e+00],
       [ 2.6957703e+00, -2.3393860e+00],
       [-3.3850460e+00,  3.1172688e+00],
       [-3.4755034e+00,  3.2223332e+00],
       [ 2.6531103e+00, -2.4536052e+00],
       [-3.1717381e+00,  3.0862887e+00],
       [-3.5311136e+00,  3.2475083e+00],
       [-1.3423307e+00,  1.7475554e+00],
       [-3.4975972e+00,  3.2283816e+00],
       [-3.5570304e+00,  3.2492521e+00],
       [ 2.6328592e+00, -2.4422245e+00],
       [-3.5688424e+00,  3.2829347e+00],
       [-2.8999863e+00,  2.9052994e+00],
       [ 2.5901604e+00, -2.5563788e+00],
       [-2.6739151e+00,  2.8054190e+00],
       [-2.4259152e+00,  2.5563157e+00],
       [-3.4403880e+00,  3.0614960e+00],
       [ 2.5994298e+00, -2.4679627e+00],
       [ 2.6011236e+00, -2.2533708e+00],
       [-3.1400673e+00,  3.0620174e+00],
       [ 2.5114939e+00, -2.3975499e+00],
       [-3.1557832e+00,  2.7070026e+00],
       [ 2.5715492e+00, -2.1997776e+00],
       [ 2.1095419e+00, -1.7050462e+00],
       [-1.2521266e+00,  2.2475256e-01],
       [ 2.5836508e+00, -2.4300065e+00],
       [ 2.6030991e+00, -2.5581369e+00],
       [-3.4681489e+00,  3.2421269e+00],
       [-1.4251832e+00,  1.6636230e+00],
       [ 2.4654534e+00, -2.0941410e+00],
       [-3.3132689e+00,  3.1954718e+00],
       [ 2.6453731e+00, -2.5599651e+00],
       [-3.5346770e+00,  3.2603588e+00],
       [ 2.2983162e+00, -1.8322359e+00],
       [-2.9220321e+00,  2.9440053e+00],
       [-3.4892883e+00,  3.2226059e+00],
       [ 2.5863516e+00, -2.5682046e+00],
       [-3.6005247e+00,  3.2719052e+00],
       [ 2.6941969e+00, -2.4145250e+00],
       [ 1.4754254e+00, -9.2002082e-01],
       [ 2.6104538e+00, -2.4764907e+00],
       [-3.5974491e+00,  3.2518945e+00],
       [-3.5212131e+00,  3.2374725e+00],
       [ 2.5502775e+00, -2.4315336e+00],
       [ 8.4814292e-01, -5.0749731e-01],
       [ 2.2270510e+00, -1.7084477e+00],
       [-2.7754037e+00,  2.8345659e+00],
       [-3.4401615e+00,  3.2119431e+00],
       [ 2.6657767e+00, -2.4010131e+00],
       [-3.5427580e+00,  3.2662609e+00],
       [-3.5816643e+00,  3.2548642e+00],
       [-2.2137754e+00,  2.3764832e+00],
       [ 2.2343903e+00, -2.5396357e+00],
       [ 1.4265316e+00, -9.1620106e-01],
       [ 1.9953176e+00, -1.4357328e+00],
       [-3.4030297e+00,  3.1758561e+00],
       [-3.4440742e+00,  3.2002170e+00],
       [ 2.5539987e+00, -2.5960009e+00],
       [ 2.6047535e+00, -2.4995589e+00],
       [-3.3996642e+00,  3.1917293e+00],
       [ 2.6116402e+00, -2.4735174e+00],
       [-3.4776750e+00,  3.2232714e+00],
       [-3.5573881e+00,  3.2837441e+00],
       [-3.5284843e+00,  3.2451234e+00],
       [ 2.6728861e+00, -2.4768846e+00],
       [-3.5685403e+00,  3.2624002e+00],
       [-3.3933806e+00,  3.2156725e+00],
       [ 2.6089134e+00, -2.5634923e+00],
       [-3.5698981e+00,  3.2494297e+00],
       [ 2.5830007e+00, -2.5598028e+00],
       [-3.4975612e+00,  3.2281666e+00],
       [-3.5807819e+00,  3.1712792e+00],
       [-3.4538805e+00,  3.2313435e+00],
       [-1.8901099e+00,  2.2498922e+00],
       [-3.5975387e+00,  3.2518804e+00],
       [-3.4648581e+00,  3.2062130e+00],
       [-3.4254868e+00,  3.1866004e+00],
       [ 2.5576513e+00, -2.3280349e+00],
       [-3.3153555e+00,  3.0954947e+00],
       [-3.4994130e+00,  3.2584050e+00],
       [-3.3707824e+00,  3.2064025e+00],
       [-3.3832123e+00,  3.1520751e+00],
       [-1.6702857e+00,  1.8506798e+00],
       [-3.2586350e+00,  2.5170071e+00],
       [ 2.6046922e+00, -2.5566673e+00],
       [ 2.7166061e+00, -2.4118140e+00],
       [-3.4643004e+00,  3.2113860e+00],
       [-3.4724860e+00,  3.2129762e+00],
       [ 2.4778354e+00, -2.4719863e+00],
       [-2.7646337e+00,  2.8349586e+00],
       [-3.4673834e+00,  3.0736184e+00],
       [-3.3285928e+00,  3.0726020e+00],
       [-3.4731922e+00,  3.0092111e+00],
       [-3.4374857e+00,  3.2027156e+00],
       [ 2.6504292e+00, -2.5531025e+00],
       [ 1.4801152e+00, -1.4701296e+00],
       [-3.4967942e+00,  3.2277534e+00],
       [ 2.2310178e+00, -2.1160655e+00],
       [-3.5526154e+00,  3.1573012e+00],
       [-3.5622990e+00,  3.2668650e+00],
       [-2.3957438e+00,  2.4819369e+00],
       [ 2.6263947e+00, -2.5531528e+00],
       [ 2.6044192e+00, -2.5590363e+00],
       [-3.5616577e+00,  3.0934184e+00],
       [ 2.5863688e+00, -2.6069124e+00],
       [-3.4207792e+00,  3.2062147e+00],
       [ 2.5013883e+00, -2.3810420e+00],
       [-3.2873077e+00,  2.5611472e+00],
       [-3.3656127e+00,  3.2245386e+00],
       [-3.5168767e+00,  3.2223041e+00],
       [ 2.5339038e+00, -2.4168265e+00],
       [-3.4374857e+00,  3.2027156e+00],
       [-3.4504395e+00,  3.2133942e+00],
       [ 2.6328595e+00, -2.5619042e+00],
       [-3.6031690e+00,  3.2668762e+00],
       [ 2.5930326e+00, -2.5315497e+00],
       [ 2.5695724e+00, -2.5244048e+00],
       [-3.5710392e+00,  3.1935768e+00],
       [ 2.5174084e+00, -2.5781786e+00],
       [ 2.6245418e+00, -2.5015552e+00],
       [-3.4613390e+00,  3.2074749e+00],
       [ 3.6077601e-01, -5.8848746e-02],
       [ 2.5852981e+00, -2.4407442e+00],
       [ 2.5902367e+00, -2.5563071e+00],
       [ 2.6169629e+00, -2.4911005e+00],
       [-3.3224969e+00,  3.1379514e+00],
       [-3.3848987e+00,  2.8820741e+00],
       [ 2.5014369e+00, -2.5579443e+00],
       [-3.3251774e+00,  2.5903203e+00],
       [-3.5592113e+00,  3.2578716e+00],
       [-2.8643193e+00,  2.8974147e+00],
       [ 3.6884037e-01, -6.7308009e-02],
       [-3.5686915e+00,  3.2829139e+00],
       [-3.3217518e+00,  3.1519656e+00],
       [ 2.5822461e+00, -2.4481671e+00],
       [-2.9508874e+00,  2.9655173e+00],
       [-3.4050977e+00,  2.8212903e+00],
       [ 2.6755998e+00, -2.4865749e+00],
       [ 2.5421870e+00, -2.5686841e+00],
       [ 2.6062481e+00, -2.5778067e+00],
       [ 2.4718838e+00, -2.1633432e+00],
       [-3.5820425e+00,  3.2584283e+00],
       [-2.8650455e+00,  1.9523122e+00],
       [ 1.5481966e+00, -9.8408633e-01],
       [ 2.5995815e+00, -2.5223186e+00],
       [-3.4753051e+00,  3.2281036e+00],
       [ 2.0712066e+00, -2.4485040e+00],
       [-3.3735282e+00,  3.2219234e+00],
       [ 2.4546578e+00, -2.2715006e+00],
       [ 2.2706246e+00, -2.0267868e+00],
       [ 1.9662917e+00, -1.6289712e+00],
       [-3.4184659e+00,  3.1847210e+00],
       [-3.5562429e+00,  3.2715602e+00],
       [ 1.5234982e+00, -1.5262405e+00],
       [ 2.6095080e+00, -2.5068617e+00],
       [ 2.5196476e+00, -2.3396461e+00],
       [ 2.6356666e+00, -2.5551658e+00],
       [ 2.5204856e+00, -2.3590972e+00],
       [ 2.6070781e+00, -2.4568546e+00],
       [-3.5546913e+00,  3.2651865e+00],
       [ 2.3282025e+00, -1.7369437e+00],
       [-3.3285928e+00,  3.0726020e+00],
       [-3.4505620e+00,  3.2133143e+00],
       [ 2.5633788e+00, -2.3076591e+00],
       [-3.4848492e+00,  3.2587159e+00],
       [-2.6499398e+00,  2.7727768e+00],
       [-3.1583500e+00,  2.6153908e+00],
       [ 2.6721649e+00, -2.5124469e+00],
       [-3.1853926e+00,  2.9684930e+00],
       [ 2.5689967e+00, -2.4294841e+00],
       [-2.2594528e+00,  2.3738837e+00],
       [ 2.0384951e+00, -2.4572916e+00],
       [-3.3221304e+00,  3.1524894e+00],
       [-1.4413795e+00,  1.6834067e+00],
       [-3.5805514e+00,  3.2546713e+00],
       [-3.4537659e+00,  3.2314084e+00],
       [ 2.1695714e+00, -2.1565390e+00],
       [ 1.4230272e+00, -9.1231692e-01],
       [ 2.6028221e+00, -2.5515611e+00],
       [-3.5296993e+00,  3.1341560e+00],
       [-2.5392749e+00,  2.5762944e+00],
       [ 2.5982649e+00, -2.5386097e+00],
       [-3.4116180e+00,  3.1811161e+00],
       [ 2.5461400e+00, -2.4039388e+00],
       [ 2.5664909e+00, -2.5239346e+00],
       [ 2.6450174e+00, -2.5255294e+00],
       [ 2.6061635e+00, -2.5261040e+00],
       [-3.5508850e+00,  3.2717731e+00],
       [-3.5310934e+00,  3.2475045e+00],
       [ 2.6951194e+00, -2.4671350e+00],
       [-3.5344729e+00,  3.0494969e+00],
       [-3.2234757e+00,  3.1641190e+00],
       [ 2.7093425e+00, -2.4902744e+00],
       [ 2.6887321e+00, -2.4587159e+00],
       [-3.5970702e+00,  3.2791026e+00],
       [-2.3124976e+00,  2.4384570e+00],
       [ 2.6294999e+00, -2.5409906e+00],
       [-3.3979330e+00,  3.2291439e+00],
       [ 2.5810666e+00, -2.3893249e+00],
       [ 2.2569318e+00, -2.5496466e+00],
       [ 2.5284264e+00, -2.5046878e+00],
       [-3.2184656e+00,  3.1139007e+00],
       [-3.4672391e+00,  3.2252018e+00],
       [ 2.4812505e+00, -2.0539346e+00],
       [ 2.5958259e+00, -2.4920545e+00],
       [-3.3794515e+00,  2.8799312e+00],
       [-3.5059938e+00,  3.2723589e+00],
       [-3.5295701e+00,  3.2455885e+00],
       [-3.4141681e+00,  3.2135534e+00],
       [-3.5366261e+00,  3.2480934e+00],
       [ 2.0763001e+00, -1.9934988e+00],
       [ 2.7180133e+00, -2.4984901e+00],
       [ 2.6423788e+00, -2.5366540e+00],
       [ 2.0405309e+00, -2.0518317e+00],
       [-3.5030518e+00,  3.2252340e+00],
       [ 2.1293175e+00, -2.5198538e+00]], dtype=float32), label_ids=array([0, 0, 0, 0, 0, 1, 0, 1, 1, 0, 0, 0, 0, 1, 0, 0, 0, 1, 0, 0, 1, 1,
       1, 0, 1, 0, 0, 1, 0, 1, 1, 0, 1, 1, 0, 0, 0, 1, 0, 0, 1, 1, 1, 0,
       0, 0, 1, 1, 1, 1, 0, 1, 1, 0, 1, 1, 0, 0, 1, 1, 1, 0, 1, 0, 1, 1,
       0, 1, 0, 1, 1, 1, 0, 1, 0, 0, 0, 1, 1, 0, 0, 0, 0, 0, 1, 1, 0, 1,
       0, 1, 1, 1, 0, 1, 1, 0, 1, 1, 0, 0, 0, 1, 0, 1, 1, 1, 0, 0, 0, 1,
       0, 1, 1, 0, 1, 1, 1, 0, 1, 1, 1, 1, 0, 1, 1, 0, 1, 0, 1, 1, 0, 0,
       0, 0, 1, 0, 0, 0, 1, 1, 1, 0, 1, 0, 1, 1, 1, 1, 1, 1, 1, 1, 1, 0,
       0, 1, 0, 1, 1, 0, 0, 0, 1, 1, 1, 0, 1, 1, 1, 1, 0, 0, 0, 0, 0, 0,
       1, 0, 0, 0, 0, 0, 0, 1, 0, 1, 0, 0, 0, 1, 1, 1, 0, 0, 1, 0, 0, 1,
       1, 1, 1, 1, 1, 1, 1, 0, 1, 1, 0, 1, 1, 1, 1, 1, 0, 1, 0, 0, 0, 1,
       1, 0, 0, 1, 0, 1, 0, 0, 1, 0, 0, 1, 1, 0, 1, 0, 1, 1, 1, 1, 0, 1,
       1, 0, 0, 1, 1, 0, 0, 0, 1, 1, 1, 1, 1, 1, 0, 0, 0, 1, 1, 0, 0, 1,
       0, 1, 1, 1, 0, 1, 1, 0, 1, 0, 1, 1, 1, 0, 1, 1, 1, 0, 1, 1, 1, 1,
       1, 1, 0, 1, 1, 1, 0, 1, 1, 0, 1, 1, 0, 1, 1, 0, 1, 1, 1, 0, 0, 1,
       0, 1, 0, 1, 1, 1, 0, 1, 1, 0, 1, 0, 0, 1, 1, 0, 1, 0, 0, 0, 0, 1,
       1, 0, 1, 1, 1, 0, 1, 0, 0, 1, 1, 0, 0, 0, 0, 1, 0, 1, 0, 1, 0, 1,
       0, 0, 0, 1, 1, 0, 0, 0, 0, 0, 0, 1, 0, 0, 1, 0, 1, 1, 1, 0, 1, 0,
       1, 0, 0, 1, 1, 1, 0, 0, 0, 1, 1, 0, 1, 0, 0, 0, 0, 1, 1, 0, 1, 1,
       0, 0, 1, 1, 0, 1, 0, 0, 0, 1, 1, 0, 0, 1, 1, 1, 1, 1, 1, 0, 0, 0,
       1, 0]), metrics={'test_loss': 0.48125919699668884, 'test_accuracy': 0.8928571428571429, 'test_f1': 0.8928394442893843, 'test_precision': 0.8928319088319088, 'test_recall': 0.8928571428571429, 'test_runtime': 0.5179, 'test_samples_per_second': 810.936, 'test_steps_per_second': 102.332})
using cbr
Model loaded!
Start the training ...
{'loss': 0.4882, 'learning_rate': 7.697475046378954e-06, 'epoch': 0.82}
{'eval_loss': 0.3807758390903473, 'eval_accuracy': 0.8214285714285714, 'eval_f1': 0.821504764613853, 'eval_precision': 0.8216648855135407, 'eval_recall': 0.8214285714285714, 'eval_runtime': 0.4915, 'eval_samples_per_second': 854.52, 'eval_steps_per_second': 107.832, 'epoch': 0.82}
{'loss': 0.3159, 'learning_rate': 7.25445489982477e-06, 'epoch': 1.63}
{'eval_loss': 0.5211147665977478, 'eval_accuracy': 0.8380952380952381, 'eval_f1': 0.8353197278911564, 'eval_precision': 0.850330371383003, 'eval_recall': 0.8380952380952381, 'eval_runtime': 0.475, 'eval_samples_per_second': 884.209, 'eval_steps_per_second': 111.579, 'epoch': 1.63}
{'loss': 0.2878, 'learning_rate': 6.811434753270585e-06, 'epoch': 2.45}
{'eval_loss': 0.3708977699279785, 'eval_accuracy': 0.8642857142857143, 'eval_f1': 0.8642634028537577, 'eval_precision': 0.8725242165242165, 'eval_recall': 0.8642857142857143, 'eval_runtime': 0.4799, 'eval_samples_per_second': 875.104, 'eval_steps_per_second': 110.43, 'epoch': 2.45}
{'loss': 0.2594, 'learning_rate': 6.368414606716401e-06, 'epoch': 3.27}
{'eval_loss': 0.4890819787979126, 'eval_accuracy': 0.8833333333333333, 'eval_f1': 0.8833831128810505, 'eval_precision': 0.883523196677202, 'eval_recall': 0.8833333333333333, 'eval_runtime': 0.5163, 'eval_samples_per_second': 813.421, 'eval_steps_per_second': 102.646, 'epoch': 3.27}
{'loss': 0.2878, 'learning_rate': 5.925394460162217e-06, 'epoch': 4.08}
{'eval_loss': 0.3639231026172638, 'eval_accuracy': 0.9047619047619048, 'eval_f1': 0.904833185910957, 'eval_precision': 0.9098767674932631, 'eval_recall': 0.9047619047619048, 'eval_runtime': 0.5246, 'eval_samples_per_second': 800.659, 'eval_steps_per_second': 101.036, 'epoch': 4.08}
{'loss': 0.2407, 'learning_rate': 5.482374313608032e-06, 'epoch': 4.9}
{'eval_loss': 0.42589128017425537, 'eval_accuracy': 0.8928571428571429, 'eval_f1': 0.8929028587683117, 'eval_precision': 0.8930398599331498, 'eval_recall': 0.8928571428571429, 'eval_runtime': 0.4794, 'eval_samples_per_second': 876.078, 'eval_steps_per_second': 110.553, 'epoch': 4.9}
{'loss': 0.2116, 'learning_rate': 5.039354167053848e-06, 'epoch': 5.71}
{'eval_loss': 0.4246120750904083, 'eval_accuracy': 0.9095238095238095, 'eval_f1': 0.9096059038804708, 'eval_precision': 0.9138162672476399, 'eval_recall': 0.9095238095238095, 'eval_runtime': 0.4778, 'eval_samples_per_second': 878.989, 'eval_steps_per_second': 110.92, 'epoch': 5.71}
{'loss': 0.2067, 'learning_rate': 4.596334020499663e-06, 'epoch': 6.53}
{'eval_loss': 0.5747098922729492, 'eval_accuracy': 0.8952380952380953, 'eval_f1': 0.8952690962342461, 'eval_precision': 0.8953407953407954, 'eval_recall': 0.8952380952380953, 'eval_runtime': 0.478, 'eval_samples_per_second': 878.702, 'eval_steps_per_second': 110.884, 'epoch': 6.53}
{'loss': 0.1766, 'learning_rate': 4.153313873945479e-06, 'epoch': 7.35}
{'eval_loss': 0.46881988644599915, 'eval_accuracy': 0.9214285714285714, 'eval_f1': 0.9215048938019417, 'eval_precision': 0.9224276800907544, 'eval_recall': 0.9214285714285714, 'eval_runtime': 0.4769, 'eval_samples_per_second': 880.615, 'eval_steps_per_second': 111.125, 'epoch': 7.35}
{'loss': 0.1651, 'learning_rate': 3.7102937273912946e-06, 'epoch': 8.16}
{'eval_loss': 0.5013288259506226, 'eval_accuracy': 0.9119047619047619, 'eval_f1': 0.9119903354749043, 'eval_precision': 0.9129135942522216, 'eval_recall': 0.9119047619047619, 'eval_runtime': 0.4768, 'eval_samples_per_second': 880.876, 'eval_steps_per_second': 111.158, 'epoch': 8.16}
{'loss': 0.1378, 'learning_rate': 3.2672735808371103e-06, 'epoch': 8.98}
{'eval_loss': 0.5067479014396667, 'eval_accuracy': 0.9119047619047619, 'eval_f1': 0.9119623663556432, 'eval_precision': 0.9122787887048774, 'eval_recall': 0.9119047619047619, 'eval_runtime': 0.474, 'eval_samples_per_second': 886.005, 'eval_steps_per_second': 111.805, 'epoch': 8.98}
{'loss': 0.1244, 'learning_rate': 2.8242534342829256e-06, 'epoch': 9.8}
{'eval_loss': 0.4407925605773926, 'eval_accuracy': 0.9238095238095239, 'eval_f1': 0.923892572743513, 'eval_precision': 0.9254837929366231, 'eval_recall': 0.9238095238095239, 'eval_runtime': 0.4742, 'eval_samples_per_second': 885.729, 'eval_steps_per_second': 111.771, 'epoch': 9.8}
{'loss': 0.1118, 'learning_rate': 2.3812332877287413e-06, 'epoch': 10.61}
{'eval_loss': 0.42684608697891235, 'eval_accuracy': 0.930952380952381, 'eval_f1': 0.9309975303868555, 'eval_precision': 0.9313069356414276, 'eval_recall': 0.930952380952381, 'eval_runtime': 0.4722, 'eval_samples_per_second': 889.536, 'eval_steps_per_second': 112.251, 'epoch': 10.61}
{'loss': 0.1185, 'learning_rate': 1.9382131411745566e-06, 'epoch': 11.43}
{'eval_loss': 0.4222155511379242, 'eval_accuracy': 0.9285714285714286, 'eval_f1': 0.928644448987937, 'eval_precision': 0.929770438254242, 'eval_recall': 0.9285714285714286, 'eval_runtime': 0.4726, 'eval_samples_per_second': 888.712, 'eval_steps_per_second': 112.147, 'epoch': 11.43}
{'loss': 0.0656, 'learning_rate': 1.4951929946203725e-06, 'epoch': 12.24}
{'eval_loss': 0.4460274875164032, 'eval_accuracy': 0.9380952380952381, 'eval_f1': 0.9381135568656909, 'eval_precision': 0.9381745381745383, 'eval_recall': 0.9380952380952381, 'eval_runtime': 0.4733, 'eval_samples_per_second': 887.407, 'eval_steps_per_second': 111.982, 'epoch': 12.24}
{'loss': 0.0834, 'learning_rate': 1.052172848066188e-06, 'epoch': 13.06}
{'eval_loss': 0.4506562054157257, 'eval_accuracy': 0.930952380952381, 'eval_f1': 0.9309629933227455, 'eval_precision': 0.9309841949117177, 'eval_recall': 0.930952380952381, 'eval_runtime': 0.4766, 'eval_samples_per_second': 881.213, 'eval_steps_per_second': 111.201, 'epoch': 13.06}
{'loss': 0.0837, 'learning_rate': 6.091527015120035e-07, 'epoch': 13.88}
{'eval_loss': 0.4617973566055298, 'eval_accuracy': 0.9333333333333333, 'eval_f1': 0.9333697333697333, 'eval_precision': 0.9335757575757576, 'eval_recall': 0.9333333333333333, 'eval_runtime': 0.4805, 'eval_samples_per_second': 874.048, 'eval_steps_per_second': 110.297, 'epoch': 13.88}
{'loss': 0.0678, 'learning_rate': 1.6613255495781913e-07, 'epoch': 14.69}
{'eval_loss': 0.45782598853111267, 'eval_accuracy': 0.9333333333333333, 'eval_f1': 0.9333697333697333, 'eval_precision': 0.9335757575757576, 'eval_recall': 0.9333333333333333, 'eval_runtime': 0.4787, 'eval_samples_per_second': 877.365, 'eval_steps_per_second': 110.715, 'epoch': 14.69}
{'train_runtime': 326.1091, 'train_samples_per_second': 90.154, 'train_steps_per_second': 11.269, 'train_loss': 0.18833339937690163, 'epoch': 15.0}
PredictionOutput(predictions=array([[ 3.691228  , -3.7821753 ],
       [ 3.729585  , -3.762369  ],
       [ 3.6346107 , -3.7571843 ],
       [ 3.2904072 , -3.415497  ],
       [ 3.6750565 , -3.7847288 ],
       [-4.4682484 ,  4.759733  ],
       [ 3.5695853 , -3.6814923 ],
       [-4.2843003 ,  4.524678  ],
       [-4.4603806 ,  4.753923  ],
       [ 3.544048  , -3.6696565 ],
       [ 3.6948829 , -3.7963333 ],
       [ 3.4603398 , -3.5668967 ],
       [ 3.7443519 , -3.7724478 ],
       [-4.2377563 ,  4.593697  ],
       [ 3.031018  , -3.2448654 ],
       [ 3.6101477 , -3.7436814 ],
       [ 3.7424262 , -3.7260544 ],
       [-4.3991246 ,  4.675818  ],
       [ 2.3918934 , -2.3411427 ],
       [ 3.5948658 , -3.7176046 ],
       [-4.35485   ,  4.6196904 ],
       [ 1.8771306 , -2.0418825 ],
       [-4.477237  ,  4.761036  ],
       [ 3.635189  , -3.7500114 ],
       [-4.447159  ,  4.732636  ],
       [ 3.6885264 , -3.7889476 ],
       [ 3.6645808 , -3.7609885 ],
       [-4.480384  ,  4.763574  ],
       [ 3.685961  , -3.7850528 ],
       [-3.8556423 ,  4.016592  ],
       [-4.431694  ,  4.7225027 ],
       [ 3.5903366 , -3.6855342 ],
       [-4.0449753 ,  4.2554135 ],
       [-4.463197  ,  4.752781  ],
       [ 3.641153  , -3.750375  ],
       [ 3.642889  , -3.745282  ],
       [ 3.7887254 , -3.8074124 ],
       [-4.42206   ,  4.7241206 ],
       [ 3.670294  , -3.7617986 ],
       [ 3.169243  , -3.372121  ],
       [-4.4630294 ,  4.7474337 ],
       [-1.6286563 ,  1.9056569 ],
       [-4.0493226 ,  4.271176  ],
       [ 3.6935833 , -3.8081088 ],
       [ 3.66596   , -3.768805  ],
       [ 3.4720654 , -3.5581067 ],
       [-4.0539923 ,  4.2696695 ],
       [-3.9681392 ,  4.144438  ],
       [-4.476288  ,  4.7614245 ],
       [-4.4695473 ,  4.757515  ],
       [ 3.6886613 , -3.789044  ],
       [ 2.861581  , -3.1029894 ],
       [-4.3223176 ,  4.548071  ],
       [ 3.5981863 , -3.7026446 ],
       [-4.4699326 ,  4.7511253 ],
       [-4.4671993 ,  4.768512  ],
       [ 3.583427  , -3.658419  ],
       [-3.5961788 ,  3.7146263 ],
       [-4.3555145 ,  4.6137757 ],
       [-4.445774  ,  4.73581   ],
       [-4.472637  ,  4.7425027 ],
       [ 3.7356293 , -3.6896622 ],
       [-3.9693177 ,  4.173346  ],
       [ 3.7076747 , -3.8055527 ],
       [-4.393118  ,  4.6974497 ],
       [-4.2584867 ,  4.6114674 ],
       [ 3.2732193 , -3.4569545 ],
       [-4.168257  ,  4.457266  ],
       [ 3.6239405 , -3.7419932 ],
       [-3.8677237 ,  4.0271673 ],
       [-4.4724803 ,  4.756423  ],
       [-3.4776318 ,  3.5648224 ],
       [ 3.6946723 , -3.771051  ],
       [-4.460001  ,  4.755705  ],
       [ 3.6476405 , -3.767068  ],
       [ 3.7636294 , -3.7706707 ],
       [ 3.6941168 , -3.7762358 ],
       [-4.0364203 ,  4.259506  ],
       [-4.1659265 ,  4.4287124 ],
       [ 3.6699362 , -3.7684863 ],
       [ 3.6784265 , -3.7853017 ],
       [ 3.6836364 , -3.770407  ],
       [ 3.6838257 , -3.7534666 ],
       [ 3.6870174 , -3.7879572 ],
       [-4.4493318 ,  4.749405  ],
       [-4.4738803 ,  4.7696605 ],
       [ 3.6861966 , -3.715528  ],
       [ 3.5157623 , -3.6509418 ],
       [ 3.591077  , -3.6850104 ],
       [-4.3502407 ,  4.60067   ],
       [ 3.564932  , -3.6790469 ],
       [-4.1724424 ,  4.3309436 ],
       [ 3.6752806 , -3.7654588 ],
       [-4.118816  ,  4.3319345 ],
       [-4.4693103 ,  4.743807  ],
       [ 3.6791768 , -3.7684631 ],
       [-3.840501  ,  4.1076975 ],
       [-4.472414  ,  4.756992  ],
       [ 3.5499074 , -3.6687791 ],
       [ 3.7300766 , -3.7892036 ],
       [ 0.8618389 , -0.5981374 ],
       [-3.663773  ,  3.8522677 ],
       [-3.1905284 ,  3.4735906 ],
       [ 3.6920261 , -3.7593005 ],
       [-4.477366  ,  4.7723436 ],
       [-4.4539332 ,  4.7387924 ],
       [ 3.5605848 , -3.691298  ],
       [ 3.5539443 , -3.6379938 ],
       [ 3.7022426 , -3.7783601 ],
       [-3.8943427 ,  4.0674047 ],
       [ 3.402297  , -3.540352  ],
       [-4.258041  ,  4.6111236 ],
       [-4.4270725 ,  4.725339  ],
       [ 3.4553108 , -3.5368156 ],
       [-4.3310337 ,  4.654524  ],
       [-4.462498  ,  4.771851  ],
       [-4.302862  ,  4.606457  ],
       [ 3.0058289 , -3.2326446 ],
       [-4.4483933 ,  4.718684  ],
       [-4.412961  ,  4.67508   ],
       [-4.459551  ,  4.7589374 ],
       [-4.472686  ,  4.7423944 ],
       [ 3.6238818 , -3.711246  ],
       [-4.427414  ,  4.730667  ],
       [-4.022762  ,  4.1828985 ],
       [-4.3393226 ,  4.606296  ],
       [-4.0686913 ,  4.3074713 ],
       [-4.117628  ,  4.2914195 ],
       [-4.4486427 ,  4.7409053 ],
       [-4.0211196 ,  4.1576643 ],
       [ 3.143777  , -3.3334305 ],
       [ 3.5851414 , -3.6987047 ],
       [ 3.6178527 , -3.7240129 ],
       [ 3.5689197 , -3.6747236 ],
       [-4.439864  ,  4.7521667 ],
       [ 3.6676965 , -3.7583926 ],
       [ 3.7490566 , -3.7681978 ],
       [ 3.588762  , -3.6731608 ],
       [-4.3500624 ,  4.6005554 ],
       [-4.4189563 ,  4.7074637 ],
       [-4.468256  ,  4.758739  ],
       [ 3.6438725 , -3.7364545 ],
       [-4.474717  ,  4.745818  ],
       [ 3.5471997 , -3.6854913 ],
       [-3.9596262 ,  4.058529  ],
       [-3.8965464 ,  4.0603623 ],
       [-4.304153  ,  4.571509  ],
       [-4.1961126 ,  4.4033737 ],
       [-4.4341464 ,  4.720719  ],
       [ 1.1239339 , -1.296662  ],
       [-4.4082956 ,  4.733341  ],
       [-4.3890743 ,  4.654954  ],
       [-4.470511  ,  4.7553983 ],
       [ 3.6751301 , -3.7739823 ],
       [ 3.809933  , -3.793566  ],
       [-4.278185  ,  4.5956583 ],
       [ 3.2864444 , -3.4614313 ],
       [-4.0330915 ,  4.212951  ],
       [-4.4786425 ,  4.7643714 ],
       [ 3.6848338 , -3.79574   ],
       [ 3.5642219 , -3.671809  ],
       [ 3.5920298 , -3.7095284 ],
       [ 3.3795576 , -3.446481  ],
       [-4.116481  ,  4.3366604 ],
       [-4.4771824 ,  4.7617407 ],
       [ 3.496939  , -3.5945637 ],
       [-4.480039  ,  4.766556  ],
       [-3.8556414 ,  4.0225897 ],
       [-4.163685  ,  4.3478    ],
       [-4.3998356 ,  4.705806  ],
       [ 3.6301396 , -3.745392  ],
       [-3.3698862 ,  3.3706565 ],
       [ 3.4889143 , -3.618324  ],
       [ 3.4500132 , -3.5877028 ],
       [ 3.6395402 , -3.735673  ],
       [ 3.6082656 , -3.7082202 ],
       [-4.4521365 ,  4.733732  ],
       [ 3.666469  , -3.7536476 ],
       [ 3.5764656 , -3.6679404 ],
       [ 3.5131    , -3.6135817 ],
       [ 3.6310556 , -3.7506506 ],
       [ 3.4326394 , -3.629175  ],
       [ 3.7489498 , -3.8107934 ],
       [-4.39733   ,  4.660073  ],
       [ 3.667835  , -3.7836967 ],
       [-4.1926403 ,  4.476853  ],
       [ 3.7003624 , -3.7944753 ],
       [-4.318013  ,  4.621601  ],
       [ 3.6616983 , -3.7694528 ],
       [-4.439398  ,  4.734841  ],
       [-4.4483395 ,  4.7187057 ],
       [-4.468256  ,  4.758739  ],
       [ 3.7363992 , -3.6905625 ],
       [ 3.6884465 , -3.7721138 ],
       [-4.4370885 ,  4.7128115 ],
       [ 3.1657705 , -3.3128774 ],
       [ 3.281748  , -3.4771569 ],
       [-4.068478  ,  4.3069983 ],
       [-4.4744997 ,  4.7641945 ],
       [-4.232671  ,  4.451326  ],
       [-4.470989  ,  4.7587123 ],
       [-4.4725757 ,  4.7456417 ],
       [-4.405064  ,  4.6786947 ],
       [-4.4701467 ,  4.7570252 ],
       [-4.478745  ,  4.765258  ],
       [ 3.3728194 , -3.528362  ],
       [-4.3159513 ,  4.651806  ],
       [-4.476126  ,  4.761676  ],
       [ 3.58645   , -3.7162266 ],
       [-4.334432  ,  4.6532006 ],
       [-4.483601  ,  4.7624574 ],
       [-4.434166  ,  4.72076   ],
       [-4.4581475 ,  4.7327614 ],
       [-4.441695  ,  4.7290974 ],
       [ 3.2404244 , -3.4335809 ],
       [-4.4661613 ,  4.748072  ],
       [ 3.0569882 , -3.2778983 ],
       [ 3.6763155 , -3.795087  ],
       [-3.937346  ,  4.077673  ],
       [ 1.1239339 , -1.296662  ],
       [-4.4559517 ,  4.7323365 ],
       [ 3.5920308 , -3.705224  ],
       [ 3.5750244 , -3.6664975 ],
       [-3.8405616 ,  3.9751635 ],
       [ 3.5825722 , -3.7052786 ],
       [-4.3481355 ,  4.595601  ],
       [ 3.5249956 , -3.6956081 ],
       [-4.117794  ,  4.2918396 ],
       [-4.4397416 ,  4.7140837 ],
       [ 3.6147323 , -3.743568  ],
       [ 3.6421666 , -3.7242332 ],
       [-4.4525924 ,  4.747634  ],
       [-3.9461594 ,  4.127932  ],
       [ 3.4862182 , -3.6403773 ],
       [-4.378613  ,  4.669482  ],
       [ 3.6710227 , -3.776818  ],
       [-4.4776807 ,  4.7646356 ],
       [ 2.7344537 , -2.7849987 ],
       [-4.293617  ,  4.597673  ],
       [-4.423323  ,  4.706965  ],
       [ 3.6972167 , -3.800383  ],
       [-4.4741755 ,  4.7579093 ],
       [-4.3781767 ,  4.671894  ],
       [ 3.4306946 , -3.5723834 ],
       [ 3.6005442 , -3.712705  ],
       [-4.405344  ,  4.6793995 ],
       [-4.479636  ,  4.768165  ],
       [ 3.566977  , -3.686105  ],
       [ 3.6937733 , -3.7759366 ],
       [-2.012849  ,  2.1450171 ],
       [ 0.9009081 , -1.257085  ],
       [-4.47833   ,  4.7690625 ],
       [ 2.9739676 , -3.1775467 ],
       [-4.4185004 ,  4.705936  ],
       [-4.4480453 ,  4.724487  ],
       [-4.344383  ,  4.634422  ],
       [ 3.7085621 , -3.6813323 ],
       [-4.248895  ,  4.5334344 ],
       [ 3.4028664 , -3.5578976 ],
       [-4.4553895 ,  4.7302365 ],
       [-4.3770847 ,  4.6524525 ],
       [ 3.6516278 , -3.7559645 ],
       [ 3.5951402 , -3.6981502 ],
       [-4.4801455 ,  4.7687435 ],
       [ 3.6830266 , -3.7544448 ],
       [-4.4741144 ,  4.7725396 ],
       [-4.4628096 ,  4.758069  ],
       [-4.4775467 ,  4.759927  ],
       [ 3.611416  , -3.7047324 ],
       [-4.4666753 ,  4.748894  ],
       [-3.2549825 ,  3.2550642 ],
       [ 3.685736  , -3.78668   ],
       [-4.472081  ,  4.749509  ],
       [ 3.6707187 , -3.7671735 ],
       [-4.4580536 ,  4.7327013 ],
       [-4.209313  ,  4.3924932 ],
       [-4.4718547 ,  4.7578726 ],
       [ 3.5870783 , -3.6955535 ],
       [-4.405344  ,  4.6793995 ],
       [-4.4762864 ,  4.7637725 ],
       [-4.4777594 ,  4.758834  ],
       [ 3.648604  , -3.760455  ],
       [-4.4712086 ,  4.7602305 ],
       [-4.4488487 ,  4.741596  ],
       [-4.41111   ,  4.723594  ],
       [-4.4322724 ,  4.7301397 ],
       [-4.1080885 ,  4.3723335 ],
       [-4.2943444 ,  4.566475  ],
       [ 3.709502  , -3.7702978 ],
       [-4.4489317 ,  4.7489333 ],
       [-4.472478  ,  4.7638526 ],
       [-4.4625554 ,  4.746191  ],
       [ 3.5579033 , -3.6657062 ],
       [-4.1714416 ,  4.4600005 ],
       [-4.1824985 ,  4.364499  ],
       [-4.3093324 ,  4.6254597 ],
       [-4.4753547 ,  4.750775  ],
       [-4.478789  ,  4.76373   ],
       [ 3.650641  , -3.7581384 ],
       [ 2.2957911 , -2.3873594 ],
       [-4.4839635 ,  4.762201  ],
       [ 3.5575745 , -3.6798062 ],
       [-4.461226  ,  4.741417  ],
       [-4.4718127 ,  4.756518  ],
       [-3.756241  ,  3.8539238 ],
       [ 3.68648   , -3.7840655 ],
       [ 3.6704926 , -3.7691147 ],
       [-4.47051   ,  4.736497  ],
       [ 3.6941178 , -3.780627  ],
       [-4.4672136 ,  4.758654  ],
       [ 3.6095314 , -3.7287703 ],
       [-4.431661  ,  4.719542  ],
       [-4.338942  ,  4.6595535 ],
       [-4.471968  ,  4.7648563 ],
       [ 3.7657254 , -3.773101  ],
       [-4.47883   ,  4.7639203 ],
       [-4.4591355 ,  4.752092  ],
       [ 3.5642254 , -3.6600862 ],
       [-4.3656893 ,  4.6214495 ],
       [ 3.686895  , -3.7802799 ],
       [ 3.7546017 , -3.7862659 ],
       [ 2.9952261 , -3.1223552 ],
       [ 2.848481  , -3.0145905 ],
       [ 3.65296   , -3.7651927 ],
       [-4.4790316 ,  4.7524247 ],
       [ 3.6088307 , -3.7427988 ],
       [ 3.5523388 , -3.6756556 ],
       [ 3.6763155 , -3.795087  ],
       [ 3.6109822 , -3.7364197 ],
       [-4.380693  ,  4.68398   ],
       [-4.435086  ,  4.7156    ],
       [ 3.745086  , -3.7779505 ],
       [-4.4069963 ,  4.7237744 ],
       [-4.4456344 ,  4.7322717 ],
       [ 1.8947369 , -2.0592303 ],
       [ 3.6090171 , -3.742787  ],
       [-4.4662604 ,  4.7482495 ],
       [ 3.642862  , -3.5726407 ],
       [ 3.5724454 , -3.7172525 ],
       [-3.4209654 ,  3.4706018 ],
       [-4.427564  ,  4.7308135 ],
       [ 3.690753  , -3.7890084 ],
       [ 3.6463938 , -3.7476034 ],
       [ 3.6751301 , -3.7739823 ],
       [ 3.2499568 , -3.4169848 ],
       [-4.409931  ,  4.6851974 ],
       [ 3.700552  , -3.7326045 ],
       [ 3.7104127 , -3.637443  ],
       [ 3.7166765 , -3.7940705 ],
       [-4.473761  ,  4.75545   ],
       [ 3.461948  , -3.5441532 ],
       [-4.4024477 ,  4.6918554 ],
       [ 3.6214604 , -3.7205126 ],
       [ 3.6607933 , -3.7072005 ],
       [ 3.5302255 , -3.6596844 ],
       [-4.469197  ,  4.753813  ],
       [-4.4731054 ,  4.766383  ],
       [ 3.4880264 , -3.643934  ],
       [ 3.645818  , -3.7614212 ],
       [ 3.4769168 , -3.6306288 ],
       [ 3.7078407 , -3.8056867 ],
       [ 3.5959103 , -3.712435  ],
       [ 3.5741324 , -3.6991146 ],
       [-4.2333493 ,  4.4335313 ],
       [ 3.5343115 , -3.646798  ],
       [-4.30855   ,  4.6249394 ],
       [-4.459259  ,  4.752177  ],
       [ 3.6008923 , -3.73567   ],
       [-4.4745607 ,  4.7739983 ],
       [-4.411912  ,  4.7090516 ],
       [-4.384965  ,  4.6872106 ],
       [ 3.5485928 , -3.6666305 ],
       [-3.770509  ,  3.9414973 ],
       [ 3.611677  , -3.7193065 ],
       [-3.6318104 ,  3.7255583 ],
       [ 3.7306519 , -3.7838874 ],
       [ 3.642862  , -3.5726407 ],
       [-4.1090755 ,  4.3451257 ],
       [-4.3802714 ,  4.6546845 ],
       [-4.472053  ,  4.7577386 ],
       [ 3.4988947 , -3.598237  ],
       [-4.248895  ,  4.5334344 ],
       [ 3.7047307 , -3.7965713 ],
       [-4.4578037 ,  4.7412972 ],
       [-3.8366702 ,  3.9770377 ],
       [ 3.6714592 , -3.7819083 ],
       [-4.2361584 ,  4.44122   ],
       [ 3.4686186 , -3.614455  ],
       [ 3.6861703 , -3.7871923 ],
       [ 3.6728866 , -3.7659502 ],
       [ 3.7039433 , -3.771016  ],
       [-4.166247  ,  4.428952  ],
       [-4.483556  ,  4.7623634 ],
       [ 3.6125486 , -3.7118998 ],
       [-4.4163923 ,  4.6955557 ],
       [-3.8163815 ,  3.9433277 ],
       [ 3.7062938 , -3.7724361 ],
       [ 3.256192  , -3.442183  ],
       [-4.481547  ,  4.760551  ],
       [-4.0396757 ,  4.24944   ],
       [ 3.655748  , -3.7720702 ],
       [-3.1770785 ,  3.1677678 ],
       [ 0.30762687, -0.5847311 ],
       [ 3.7727702 , -3.7837625 ],
       [ 3.4491198 , -3.5869887 ],
       [-4.133805  ,  4.359242  ],
       [-4.469874  ,  4.76395   ],
       [ 3.3100586 , -3.455182  ],
       [ 3.6751091 , -3.7847483 ],
       [-4.421993  ,  4.694723  ],
       [-4.42206   ,  4.7241206 ],
       [-4.476596  ,  4.7671165 ],
       [-4.438069  ,  4.720198  ],
       [-4.4611697 ,  4.7532673 ],
       [-3.7843306 ,  4.040449  ],
       [ 3.7204115 , -3.7880874 ],
       [ 3.7111063 , -3.7917893 ],
       [ 2.6523073 , -2.5319717 ],
       [-4.466481  ,  4.753544  ],
       [ 3.7721808 , -3.7542331 ]], dtype=float32), label_ids=array([0, 0, 0, 0, 0, 1, 0, 1, 1, 0, 0, 0, 0, 1, 0, 0, 0, 1, 0, 0, 1, 1,
       1, 0, 1, 0, 0, 1, 0, 1, 1, 0, 1, 1, 0, 0, 0, 1, 0, 0, 1, 1, 1, 0,
       0, 0, 1, 1, 1, 1, 0, 1, 1, 0, 1, 1, 0, 0, 1, 1, 1, 0, 1, 0, 1, 1,
       0, 1, 0, 1, 1, 1, 0, 1, 0, 0, 0, 1, 1, 0, 0, 0, 0, 0, 1, 1, 0, 1,
       0, 1, 1, 1, 0, 1, 1, 0, 1, 1, 0, 0, 0, 1, 0, 1, 1, 1, 0, 0, 0, 1,
       0, 1, 1, 0, 1, 1, 1, 0, 1, 1, 1, 1, 0, 1, 1, 0, 1, 0, 1, 1, 0, 0,
       0, 0, 1, 0, 0, 0, 1, 1, 1, 0, 1, 0, 1, 1, 1, 1, 1, 1, 1, 1, 1, 0,
       0, 1, 0, 1, 1, 0, 0, 0, 1, 1, 1, 0, 1, 1, 1, 1, 0, 0, 0, 0, 0, 0,
       1, 0, 0, 0, 0, 0, 0, 1, 0, 1, 0, 0, 0, 1, 1, 1, 0, 0, 1, 0, 0, 1,
       1, 1, 1, 1, 1, 1, 1, 0, 1, 1, 0, 1, 1, 1, 1, 1, 0, 1, 0, 0, 0, 1,
       1, 0, 0, 1, 0, 1, 0, 0, 1, 0, 0, 1, 1, 0, 1, 0, 1, 1, 1, 1, 0, 1,
       1, 0, 0, 1, 1, 0, 0, 0, 1, 1, 1, 1, 1, 1, 0, 0, 0, 1, 1, 0, 0, 1,
       0, 1, 1, 1, 0, 1, 1, 0, 1, 0, 1, 1, 1, 0, 1, 1, 1, 0, 1, 1, 1, 1,
       1, 1, 0, 1, 1, 1, 0, 1, 1, 0, 1, 1, 0, 1, 1, 0, 1, 1, 1, 0, 0, 1,
       0, 1, 0, 1, 1, 1, 0, 1, 1, 0, 1, 0, 0, 1, 1, 0, 1, 0, 0, 0, 0, 1,
       1, 0, 1, 1, 1, 0, 1, 0, 0, 1, 1, 0, 0, 0, 0, 1, 0, 1, 0, 1, 0, 1,
       0, 0, 0, 1, 1, 0, 0, 0, 0, 0, 0, 1, 0, 0, 1, 0, 1, 1, 1, 0, 1, 0,
       1, 0, 0, 1, 1, 1, 0, 0, 0, 1, 1, 0, 1, 0, 0, 0, 0, 1, 1, 0, 1, 1,
       0, 0, 1, 1, 0, 1, 0, 0, 0, 1, 1, 0, 0, 1, 1, 1, 1, 1, 1, 0, 0, 0,
       1, 0]), metrics={'test_loss': 0.4508446156978607, 'test_accuracy': 0.930952380952381, 'test_f1': 0.9309818423173565, 'test_precision': 0.9311065129569416, 'test_recall': 0.930952380952381, 'test_runtime': 0.4741, 'test_samples_per_second': 885.975, 'test_steps_per_second': 111.802})
using cbr
Model loaded!
Start the training ...
{'loss': 0.6137, 'learning_rate': 1.5639693889552665e-06, 'epoch': 0.82}
{'eval_loss': 0.5228984355926514, 'eval_accuracy': 0.7071428571428572, 'eval_f1': 0.7074670072371222, 'eval_precision': 0.7091453320936983, 'eval_recall': 0.7071428571428572, 'eval_runtime': 0.4757, 'eval_samples_per_second': 882.963, 'eval_steps_per_second': 111.422, 'epoch': 0.82}
{'loss': 0.4704, 'learning_rate': 1.4739567622528049e-06, 'epoch': 1.63}
{'eval_loss': 0.4541221261024475, 'eval_accuracy': 0.780952380952381, 'eval_f1': 0.7803508771929826, 'eval_precision': 0.7810366003438959, 'eval_recall': 0.780952380952381, 'eval_runtime': 0.4799, 'eval_samples_per_second': 875.149, 'eval_steps_per_second': 110.435, 'epoch': 1.63}
{'loss': 0.4117, 'learning_rate': 1.3839441355503437e-06, 'epoch': 2.45}
{'eval_loss': 0.42642655968666077, 'eval_accuracy': 0.8047619047619048, 'eval_f1': 0.8038343546548545, 'eval_precision': 0.805912031448293, 'eval_recall': 0.8047619047619048, 'eval_runtime': 0.4811, 'eval_samples_per_second': 872.929, 'eval_steps_per_second': 110.155, 'epoch': 2.45}
{'loss': 0.3666, 'learning_rate': 1.2939315088478823e-06, 'epoch': 3.27}
{'eval_loss': 0.44400542974472046, 'eval_accuracy': 0.8047619047619048, 'eval_f1': 0.8044407894736841, 'eval_precision': 0.8047077525067252, 'eval_recall': 0.8047619047619048, 'eval_runtime': 0.476, 'eval_samples_per_second': 882.356, 'eval_steps_per_second': 111.345, 'epoch': 3.27}
{'loss': 0.3501, 'learning_rate': 1.2039188821454209e-06, 'epoch': 4.08}
{'eval_loss': 0.4104745090007782, 'eval_accuracy': 0.8238095238095238, 'eval_f1': 0.823861661848505, 'eval_precision': 0.823951223951224, 'eval_recall': 0.8238095238095238, 'eval_runtime': 0.4756, 'eval_samples_per_second': 883.132, 'eval_steps_per_second': 111.443, 'epoch': 4.08}
{'loss': 0.3282, 'learning_rate': 1.1139062554429594e-06, 'epoch': 4.9}
{'eval_loss': 0.42150071263313293, 'eval_accuracy': 0.8380952380952381, 'eval_f1': 0.8378289473684212, 'eval_precision': 0.8381755930545366, 'eval_recall': 0.8380952380952381, 'eval_runtime': 0.4798, 'eval_samples_per_second': 875.337, 'eval_steps_per_second': 110.459, 'epoch': 4.9}
{'loss': 0.3, 'learning_rate': 1.023893628740498e-06, 'epoch': 5.71}
{'eval_loss': 0.4305132329463959, 'eval_accuracy': 0.830952380952381, 'eval_f1': 0.8307932759495981, 'eval_precision': 0.8308709999466533, 'eval_recall': 0.830952380952381, 'eval_runtime': 0.4744, 'eval_samples_per_second': 885.339, 'eval_steps_per_second': 111.721, 'epoch': 5.71}
{'loss': 0.2883, 'learning_rate': 9.338810020380366e-07, 'epoch': 6.53}
{'eval_loss': 0.4303418695926666, 'eval_accuracy': 0.8452380952380952, 'eval_f1': 0.8443228600930657, 'eval_precision': 0.8477278911564626, 'eval_recall': 0.8452380952380952, 'eval_runtime': 0.4765, 'eval_samples_per_second': 881.45, 'eval_steps_per_second': 111.231, 'epoch': 6.53}
{'loss': 0.2815, 'learning_rate': 8.438683753355753e-07, 'epoch': 7.35}
{'eval_loss': 0.4563758373260498, 'eval_accuracy': 0.8476190476190476, 'eval_f1': 0.8470041574957203, 'eval_precision': 0.8488888888888889, 'eval_recall': 0.8476190476190476, 'eval_runtime': 0.4755, 'eval_samples_per_second': 883.281, 'eval_steps_per_second': 111.462, 'epoch': 7.35}
{'loss': 0.272, 'learning_rate': 7.53855748633114e-07, 'epoch': 8.16}
{'eval_loss': 0.42657071352005005, 'eval_accuracy': 0.8428571428571429, 'eval_f1': 0.8418631397354802, 'eval_precision': 0.8456032146528363, 'eval_recall': 0.8428571428571429, 'eval_runtime': 0.4747, 'eval_samples_per_second': 884.756, 'eval_steps_per_second': 111.648, 'epoch': 8.16}
{'loss': 0.248, 'learning_rate': 6.638431219306526e-07, 'epoch': 8.98}
{'eval_loss': 0.4325297772884369, 'eval_accuracy': 0.8452380952380952, 'eval_f1': 0.8447659766062459, 'eval_precision': 0.845933918978119, 'eval_recall': 0.8452380952380952, 'eval_runtime': 0.4777, 'eval_samples_per_second': 879.16, 'eval_steps_per_second': 110.942, 'epoch': 8.98}
{'loss': 0.2623, 'learning_rate': 5.738304952281912e-07, 'epoch': 9.8}
{'eval_loss': 0.42600297927856445, 'eval_accuracy': 0.8547619047619047, 'eval_f1': 0.8548568742620064, 'eval_precision': 0.8551943478952271, 'eval_recall': 0.8547619047619047, 'eval_runtime': 0.6139, 'eval_samples_per_second': 684.144, 'eval_steps_per_second': 86.332, 'epoch': 9.8}
{'loss': 0.2498, 'learning_rate': 4.838178685257299e-07, 'epoch': 10.61}
{'eval_loss': 0.45313385128974915, 'eval_accuracy': 0.8404761904761905, 'eval_f1': 0.8391098293679403, 'eval_precision': 0.8449059776672403, 'eval_recall': 0.8404761904761905, 'eval_runtime': 0.5257, 'eval_samples_per_second': 798.924, 'eval_steps_per_second': 100.817, 'epoch': 10.61}
{'loss': 0.2566, 'learning_rate': 3.938052418232685e-07, 'epoch': 11.43}
{'eval_loss': 0.43211036920547485, 'eval_accuracy': 0.8571428571428571, 'eval_f1': 0.8564641619425765, 'eval_precision': 0.8589934070015786, 'eval_recall': 0.8571428571428571, 'eval_runtime': 0.4742, 'eval_samples_per_second': 885.653, 'eval_steps_per_second': 111.761, 'epoch': 11.43}
{'loss': 0.2632, 'learning_rate': 3.0379261512080713e-07, 'epoch': 12.24}
{'eval_loss': 0.46053335070610046, 'eval_accuracy': 0.8452380952380952, 'eval_f1': 0.8437606482203394, 'eval_precision': 0.8506228649420525, 'eval_recall': 0.8452380952380952, 'eval_runtime': 0.4734, 'eval_samples_per_second': 887.21, 'eval_steps_per_second': 111.957, 'epoch': 12.24}
{'loss': 0.2316, 'learning_rate': 2.1377998841834577e-07, 'epoch': 13.06}
{'eval_loss': 0.4456550180912018, 'eval_accuracy': 0.8523809523809524, 'eval_f1': 0.8519755911517924, 'eval_precision': 0.8529783836895111, 'eval_recall': 0.8523809523809524, 'eval_runtime': 0.5194, 'eval_samples_per_second': 808.676, 'eval_steps_per_second': 102.047, 'epoch': 13.06}
{'loss': 0.2433, 'learning_rate': 1.2376736171588439e-07, 'epoch': 13.88}
{'eval_loss': 0.4463527798652649, 'eval_accuracy': 0.8523809523809524, 'eval_f1': 0.8516796340073292, 'eval_precision': 0.8541678274058253, 'eval_recall': 0.8523809523809524, 'eval_runtime': 0.4732, 'eval_samples_per_second': 887.572, 'eval_steps_per_second': 112.003, 'epoch': 13.88}
{'loss': 0.2538, 'learning_rate': 3.375473501342301e-08, 'epoch': 14.69}
{'eval_loss': 0.4444483518600464, 'eval_accuracy': 0.85, 'eval_f1': 0.8494457207349142, 'eval_precision': 0.8510922582583971, 'eval_recall': 0.85, 'eval_runtime': 0.4766, 'eval_samples_per_second': 881.309, 'eval_steps_per_second': 111.213, 'epoch': 14.69}
{'train_runtime': 334.936, 'train_samples_per_second': 87.778, 'train_steps_per_second': 10.972, 'train_loss': 0.31446132530160503, 'epoch': 15.0}
PredictionOutput(predictions=array([[ 2.19854736e+00, -2.14278293e+00],
       [-2.20181322e+00,  2.21816134e+00],
       [ 2.07217503e+00, -2.07929420e+00],
       [ 1.79432929e+00, -1.71877646e+00],
       [ 2.21179628e+00, -2.15822339e+00],
       [-2.97853708e+00,  3.21269345e+00],
       [ 1.05918646e+00, -1.25602996e+00],
       [-2.47105050e+00,  2.22725439e+00],
       [-2.94784427e+00,  3.21286511e+00],
       [-3.70992005e-01,  2.39379346e-01],
       [ 2.10137653e+00, -2.09851909e+00],
       [-1.00915086e+00,  8.51764977e-01],
       [ 1.47297955e+00, -1.47292006e+00],
       [-2.41819668e+00,  2.50696111e+00],
       [ 3.29199910e-01, -4.91197467e-01],
       [ 2.09817719e+00, -2.10942602e+00],
       [ 1.69605470e+00, -1.68165112e+00],
       [-2.93519330e+00,  3.08704829e+00],
       [-2.26101875e+00,  2.29902220e+00],
       [ 2.10645652e+00, -2.12018657e+00],
       [-2.76235342e+00,  2.68731451e+00],
       [-1.39914060e+00,  1.33487654e+00],
       [-2.99661541e+00,  3.21972561e+00],
       [ 2.17807341e+00, -2.21131754e+00],
       [-2.82594824e+00,  2.91996312e+00],
       [ 2.22193265e+00, -2.18940330e+00],
       [ 2.13553667e+00, -2.07900000e+00],
       [-2.97024941e+00,  3.22143269e+00],
       [ 2.16187119e+00, -2.14898920e+00],
       [-1.48481035e+00,  1.40985298e+00],
       [-2.84164739e+00,  2.87143826e+00],
       [ 2.05496693e+00, -2.00475812e+00],
       [ 2.00504214e-02, -1.65992141e-01],
       [-2.96016836e+00,  3.22714520e+00],
       [ 2.03160715e+00, -2.05127192e+00],
       [ 2.12962413e+00, -2.13447523e+00],
       [ 1.96861649e+00, -1.82881904e+00],
       [-2.95292330e+00,  3.15254760e+00],
       [ 2.12045860e+00, -2.07081962e+00],
       [ 3.10530700e-03, -1.54135451e-01],
       [-2.89992738e+00,  3.00920248e+00],
       [-2.70542741e+00,  2.75372720e+00],
       [-1.58946741e+00,  1.56047356e+00],
       [ 2.20354199e+00, -2.21121931e+00],
       [ 2.11954713e+00, -2.14224839e+00],
       [-4.17912275e-01,  2.84767926e-01],
       [-2.70890737e+00,  2.89262414e+00],
       [ 1.29277599e+00, -1.50420654e+00],
       [-2.99140525e+00,  3.20403123e+00],
       [-2.95540571e+00,  3.22090006e+00],
       [ 2.22178316e+00, -2.18948483e+00],
       [ 2.81282753e-01, -4.53482389e-01],
       [-2.90699983e+00,  2.97061324e+00],
       [ 2.14313340e+00, -2.16315222e+00],
       [-2.99353743e+00,  3.19046450e+00],
       [-2.96324968e+00,  3.21225548e+00],
       [ 1.83179414e+00, -1.96774268e+00],
       [-6.73572004e-01,  4.49941158e-01],
       [-2.90600491e+00,  2.99764800e+00],
       [-2.90689945e+00,  3.17637038e+00],
       [-2.82674217e+00,  2.88276553e+00],
       [ 2.12491345e+00, -1.92752779e+00],
       [-7.20058620e-01,  5.60424447e-01],
       [ 2.16965222e+00, -2.17464924e+00],
       [-2.91381598e+00,  3.14031911e+00],
       [-1.99936891e+00,  1.99243331e+00],
       [-5.02225459e-01,  3.84289414e-01],
       [-2.07712507e+00,  2.09377456e+00],
       [ 2.10299730e+00, -2.11513352e+00],
       [ 1.18349254e+00, -1.38826525e+00],
       [-2.98477006e+00,  3.19328952e+00],
       [ 1.20161211e+00, -1.39433813e+00],
       [ 3.43160003e-01, -6.62735403e-01],
       [-2.97434807e+00,  3.24127054e+00],
       [ 2.17961860e+00, -2.19373584e+00],
       [ 2.02226830e+00, -1.92289686e+00],
       [-4.31685477e-01,  3.58871073e-01],
       [-1.64807647e-01,  1.22913495e-02],
       [-2.64572430e+00,  2.81102586e+00],
       [-2.45265648e-01,  1.12068325e-01],
       [ 2.15118766e+00, -2.15684915e+00],
       [ 2.14498758e+00, -2.13317490e+00],
       [ 2.19052935e+00, -2.14866638e+00],
       [ 2.13523006e+00, -2.14149213e+00],
       [-2.96629596e+00,  3.23150802e+00],
       [-2.96973395e+00,  3.22125006e+00],
       [-1.30295455e+00,  1.19116855e+00],
       [ 1.99668729e+00, -1.97488487e+00],
       [ 2.16941857e+00, -2.13566875e+00],
       [-2.87845993e+00,  2.91760683e+00],
       [ 2.12408638e+00, -2.13712454e+00],
       [-1.19316292e+00,  1.06111336e+00],
       [ 2.22652245e+00, -2.19909406e+00],
       [-5.11174500e-02, -9.74681973e-02],
       [-2.91316175e+00,  3.09009385e+00],
       [ 2.09407473e+00, -2.02759480e+00],
       [-2.58489919e+00,  2.74695897e+00],
       [-2.97601557e+00,  3.20315433e+00],
       [-6.27595544e-01,  4.95664120e-01],
       [ 2.13688898e+00, -2.16840029e+00],
       [-2.57931757e+00,  2.72802472e+00],
       [ 3.54440778e-01, -5.08753777e-01],
       [ 1.26537383e-01, -1.87956586e-01],
       [ 1.97204876e+00, -2.09520054e+00],
       [-2.98009205e+00,  3.20800924e+00],
       [-3.00643277e+00,  3.22040963e+00],
       [ 2.12901449e+00, -2.17810893e+00],
       [ 2.13512540e+00, -2.09207559e+00],
       [ 2.18562889e+00, -2.15462065e+00],
       [-9.02591407e-01,  7.94109881e-01],
       [-7.07423314e-04, -1.23438589e-01],
       [-1.99898362e+00,  1.99184108e+00],
       [-2.94141769e+00,  3.20004582e+00],
       [ 2.13303375e+00, -2.09858441e+00],
       [-2.85207295e+00,  3.15246987e+00],
       [-2.95843983e+00,  3.21939802e+00],
       [-2.79095602e+00,  3.03916121e+00],
       [-5.58297098e-01,  4.25120234e-01],
       [-2.99886966e+00,  3.20322156e+00],
       [-2.81919599e+00,  2.80044055e+00],
       [-2.94331360e+00,  3.20760560e+00],
       [-2.82687521e+00,  2.88305712e+00],
       [-4.38019484e-01,  3.14779371e-01],
       [-2.85002446e+00,  2.99657369e+00],
       [-2.46973014e+00,  2.52576351e+00],
       [-2.82217121e+00,  2.82382536e+00],
       [-1.78555775e+00,  2.07183170e+00],
       [-1.86935198e+00,  1.72694230e+00],
       [-2.93403745e+00,  3.20036864e+00],
       [-1.26072448e-02, -1.23839691e-01],
       [-2.56894255e+00,  2.71081042e+00],
       [ 2.13685989e+00, -2.25219989e+00],
       [ 2.11510539e+00, -2.12890387e+00],
       [ 1.48806214e+00, -1.67894292e+00],
       [-2.85863924e+00,  3.16878510e+00],
       [ 2.15615654e+00, -2.11784053e+00],
       [ 2.02230334e+00, -1.91903305e+00],
       [-1.85754418e-01,  5.67623526e-02],
       [-2.87852144e+00,  2.91776586e+00],
       [-2.96801829e+00,  3.22687840e+00],
       [-2.94323325e+00,  3.22124505e+00],
       [ 2.14254308e+00, -2.19315767e+00],
       [-2.91597652e+00,  3.13297987e+00],
       [ 2.13145804e+00, -2.15975046e+00],
       [ 1.99363756e+00, -1.92612970e+00],
       [-1.23031485e+00,  1.13530624e+00],
       [-2.85542512e+00,  3.00618863e+00],
       [ 2.84401894e-01, -3.66399556e-01],
       [-2.95607853e+00,  3.21057057e+00],
       [-8.04891944e-01,  6.70078158e-01],
       [-6.65947378e-01,  4.66686904e-01],
       [ 1.71982813e+00, -1.78360212e+00],
       [-2.91028523e+00,  3.12178636e+00],
       [ 2.18846917e+00, -2.13942361e+00],
       [ 2.03090143e+00, -1.90973055e+00],
       [-2.84694147e+00,  3.13672304e+00],
       [-2.24975899e-01,  8.96892026e-02],
       [ 1.27781004e-01, -2.79097319e-01],
       [-2.97744274e+00,  3.20834446e+00],
       [ 2.16996217e+00, -2.18873072e+00],
       [-6.36917949e-01,  4.88263965e-01],
       [ 2.13646173e+00, -2.17626524e+00],
       [ 1.91246951e+00, -1.85703743e+00],
       [-1.13624141e-01, -5.76359257e-02],
       [-2.97737908e+00,  3.20526290e+00],
       [ 2.14537954e+00, -2.12751508e+00],
       [-2.96249485e+00,  3.21886301e+00],
       [ 2.96239227e-01, -4.61326241e-01],
       [ 1.93114221e+00, -1.95851290e+00],
       [-2.90744209e+00,  3.06226206e+00],
       [ 2.14499331e+00, -2.18207622e+00],
       [-2.73665220e-01,  1.38490692e-01],
       [-1.59548819e+00,  1.61229408e+00],
       [-6.89132333e-01,  5.58411360e-01],
       [ 2.05726457e+00, -2.01580477e+00],
       [ 2.15478301e+00, -2.18228650e+00],
       [-2.99131107e+00,  3.19095397e+00],
       [ 2.20655131e+00, -2.15206170e+00],
       [ 2.08501625e+00, -2.06753588e+00],
       [ 2.08016515e+00, -2.07024789e+00],
       [ 2.12606072e+00, -2.16884995e+00],
       [ 2.12216997e+00, -2.22906828e+00],
       [ 2.12512469e+00, -2.05170155e+00],
       [-2.96448135e+00,  3.17999387e+00],
       [ 2.16947031e+00, -2.18346357e+00],
       [-3.91400233e-02, -1.08398214e-01],
       [ 2.16013980e+00, -2.15380549e+00],
       [-2.81978989e+00,  3.05887246e+00],
       [ 2.14147854e+00, -2.08053446e+00],
       [-2.94365454e+00,  3.15386987e+00],
       [-2.99898720e+00,  3.20320964e+00],
       [-2.94323325e+00,  3.22124505e+00],
       [ 2.12481880e+00, -1.92743599e+00],
       [ 2.17897415e+00, -2.12445521e+00],
       [-2.95841742e+00,  3.18605828e+00],
       [ 1.50224280e+00, -1.67306769e+00],
       [-5.36799073e-01,  4.04050499e-01],
       [-1.78899336e+00,  2.07558703e+00],
       [-2.96748948e+00,  3.21650720e+00],
       [-1.73325098e+00,  1.38383305e+00],
       [-2.96084404e+00,  3.21399236e+00],
       [-2.94510102e+00,  3.12163424e+00],
       [-2.97112775e+00,  3.16872048e+00],
       [-2.97654438e+00,  3.22539425e+00],
       [-2.98253083e+00,  3.23167491e+00],
       [-8.62048984e-01,  7.72401631e-01],
       [-2.72584128e+00,  2.93188453e+00],
       [-2.95351005e+00,  3.19564748e+00],
       [ 1.87499356e+00, -1.96432984e+00],
       [-2.67626739e+00,  2.82245541e+00],
       [-2.97788095e+00,  3.22753429e+00],
       [-2.95610023e+00,  3.21047473e+00],
       [-2.99448752e+00,  3.19938731e+00],
       [-2.94697380e+00,  3.18963099e+00],
       [ 2.16273594e+00, -2.23752213e+00],
       [-2.99330139e+00,  3.20090032e+00],
       [ 4.58681911e-01, -6.32349491e-01],
       [ 2.18111467e+00, -2.19684792e+00],
       [-8.89972091e-01,  7.15738297e-01],
       [-8.04891944e-01,  6.70078158e-01],
       [-2.93197799e+00,  3.06075382e+00],
       [ 2.10912156e+00, -2.13622642e+00],
       [ 1.33622968e+00, -1.52316701e+00],
       [-4.16260183e-01,  2.80127466e-01],
       [ 2.16777396e+00, -2.19680119e+00],
       [-2.87618208e+00,  2.88410568e+00],
       [ 1.22230268e+00, -1.47505307e+00],
       [-1.86622882e+00,  1.72354770e+00],
       [-2.88920760e+00,  3.01678181e+00],
       [ 2.11685920e+00, -2.13109612e+00],
       [ 2.17123151e+00, -2.11490870e+00],
       [-2.96188784e+00,  3.21376514e+00],
       [ 4.37474668e-01, -6.28548861e-01],
       [ 1.91082776e+00, -2.06326365e+00],
       [-2.89929318e+00,  3.07753634e+00],
       [ 2.13221407e+00, -2.13767600e+00],
       [-2.98676014e+00,  3.20879531e+00],
       [ 7.24261582e-01, -9.10212398e-01],
       [-2.66817641e+00,  2.86256814e+00],
       [-2.91865015e+00,  3.14939690e+00],
       [ 2.17371964e+00, -2.17872190e+00],
       [-2.98952436e+00,  3.21914983e+00],
       [-2.78636456e+00,  3.07660270e+00],
       [ 7.07044840e-01, -9.02451992e-01],
       [ 2.12617803e+00, -2.13928366e+00],
       [-2.95546508e+00,  3.07535195e+00],
       [-2.97291613e+00,  3.22332859e+00],
       [ 2.14341807e+00, -2.17390776e+00],
       [-4.24100727e-01,  3.50595742e-01],
       [ 1.85752118e+00, -1.96818101e+00],
       [-1.94746327e+00,  1.90528512e+00],
       [-2.97917366e+00,  3.23488140e+00],
       [ 3.38326246e-01, -5.05437732e-01],
       [-2.94818521e+00,  3.10469985e+00],
       [-2.99910450e+00,  3.22559738e+00],
       [-2.79925752e+00,  2.95052600e+00],
       [ 1.62283635e+00, -1.52777815e+00],
       [-2.40366793e+00,  2.37800956e+00],
       [ 1.04129779e+00, -1.24859953e+00],
       [-2.92891550e+00,  3.19637656e+00],
       [-2.93635035e+00,  3.10028672e+00],
       [ 2.14101076e+00, -2.09150720e+00],
       [ 2.15067768e+00, -2.16154885e+00],
       [-2.98522425e+00,  3.21306586e+00],
       [ 2.16797256e+00, -2.14372611e+00],
       [-2.97418952e+00,  3.22637892e+00],
       [-2.98699450e+00,  3.23034167e+00],
       [-2.96427989e+00,  3.22716284e+00],
       [ 2.12684560e+00, -2.13819695e+00],
       [-2.96711087e+00,  3.18130016e+00],
       [ 3.64696756e-02, -1.90049291e-01],
       [ 2.14294744e+00, -2.14547038e+00],
       [-2.95050216e+00,  3.21832252e+00],
       [ 2.14456844e+00, -2.09609699e+00],
       [-2.99459648e+00,  3.19944572e+00],
       [-1.85412657e+00,  1.80231643e+00],
       [-2.96045852e+00,  3.22530580e+00],
       [ 1.39611721e+00, -1.54985166e+00],
       [-2.95546508e+00,  3.07535195e+00],
       [-2.96566176e+00,  3.23070502e+00],
       [-2.94978142e+00,  3.21139336e+00],
       [ 2.13656187e+00, -2.15968752e+00],
       [-2.97422338e+00,  3.21917987e+00],
       [-2.97613287e+00,  3.23794103e+00],
       [-2.91894579e+00,  3.14623213e+00],
       [-2.90866423e+00,  3.18129110e+00],
       [-2.77800024e-01,  1.42906547e-01],
       [-2.66506481e+00,  2.55519056e+00],
       [ 2.20402241e+00, -2.18207288e+00],
       [-2.91937280e+00,  3.19285417e+00],
       [-2.94989347e+00,  3.22409487e+00],
       [-2.95059896e+00,  3.20828724e+00],
       [ 6.43192589e-01, -8.34144592e-01],
       [-2.69261551e+00,  2.88643074e+00],
       [-2.58906102e+00,  2.40899086e+00],
       [-2.82288527e+00,  2.86708021e+00],
       [-2.91194320e+00,  3.06886315e+00],
       [-2.99159241e+00,  3.22698092e+00],
       [ 2.19252157e+00, -2.14597964e+00],
       [-6.68752909e-01,  5.07259905e-01],
       [-2.97622442e+00,  3.22794414e+00],
       [ 9.03323531e-01, -1.10569823e+00],
       [-2.89685607e+00,  3.09117460e+00],
       [-2.97901177e+00,  3.18940115e+00],
       [-1.27867079e+00,  1.17112744e+00],
       [ 2.15613413e+00, -2.14609027e+00],
       [ 2.19061971e+00, -2.14103365e+00],
       [-2.92273593e+00,  3.12373543e+00],
       [ 2.09286356e+00, -2.03098321e+00],
       [-2.97292447e+00,  3.18626976e+00],
       [ 2.08513165e+00, -2.09433985e+00],
       [-2.72776484e+00,  2.93835473e+00],
       [-2.79975438e+00,  3.06278658e+00],
       [-2.96652961e+00,  3.23627400e+00],
       [ 2.10658240e+00, -1.99013567e+00],
       [-2.99155545e+00,  3.22690582e+00],
       [-2.97577310e+00,  3.18528056e+00],
       [ 2.19775414e+00, -2.19112206e+00],
       [-2.95235181e+00,  3.12401915e+00],
       [ 2.13305473e+00, -2.12520742e+00],
       [ 2.19635224e+00, -2.20616150e+00],
       [-6.24639392e-01,  2.98143715e-01],
       [ 1.93564963e+00, -1.85452032e+00],
       [ 2.18863153e+00, -2.14860868e+00],
       [-2.95631099e+00,  3.21956325e+00],
       [ 2.13825655e+00, -2.19682479e+00],
       [ 2.15631342e+00, -2.20620632e+00],
       [ 2.18111467e+00, -2.19684792e+00],
       [ 2.16025853e+00, -2.21842909e+00],
       [-2.89422774e+00,  3.15520191e+00],
       [-2.90869999e+00,  3.02895975e+00],
       [ 1.91866887e+00, -1.84194529e+00],
       [-2.89527535e+00,  3.08230972e+00],
       [-2.97416162e+00,  3.22413588e+00],
       [-1.40137112e+00,  1.33731675e+00],
       [ 2.13860512e+00, -2.19688368e+00],
       [-2.99324393e+00,  3.20083904e+00],
       [-2.32073951e+00,  2.33848667e+00],
       [ 2.08251882e+00, -2.12580109e+00],
       [ 2.69328177e-01, -4.31594312e-01],
       [-2.85006976e+00,  2.99694419e+00],
       [ 2.14050317e+00, -2.13237333e+00],
       [ 2.14429212e+00, -2.08285475e+00],
       [ 2.18846917e+00, -2.13942361e+00],
       [-2.28868628e+00,  2.26865172e+00],
       [-2.94149303e+00,  3.07438421e+00],
       [ 1.84106207e+00, -1.71070313e+00],
       [-9.38112140e-02, -6.38025850e-02],
       [ 1.78729093e+00, -1.90141952e+00],
       [-2.98679876e+00,  3.21256709e+00],
       [ 7.91858971e-01, -9.68349934e-01],
       [-2.91634250e+00,  3.11441064e+00],
       [ 1.69604683e+00, -1.85692644e+00],
       [-3.05188119e-01,  2.47192495e-02],
       [-8.33619416e-01,  7.75359511e-01],
       [-2.94021702e+00,  3.21729827e+00],
       [-2.97275376e+00,  3.23653650e+00],
       [-2.70816922e+00,  2.96657991e+00],
       [ 2.14837480e+00, -2.09458280e+00],
       [ 2.00603509e+00, -2.11822557e+00],
       [ 2.16965008e+00, -2.17476463e+00],
       [ 2.11537600e+00, -2.12983561e+00],
       [ 2.12385488e+00, -2.15567923e+00],
       [-2.87284827e+00,  3.04215050e+00],
       [-7.50678718e-01,  5.83216429e-01],
       [-2.82274079e+00,  2.86693430e+00],
       [-2.97593284e+00,  3.18538976e+00],
       [ 2.07636309e+00, -2.06623125e+00],
       [-2.96949577e+00,  3.20213437e+00],
       [-2.94642782e+00,  3.20822811e+00],
       [-2.76524258e+00,  3.09045053e+00],
       [-1.49036869e-02, -1.43535078e-01],
       [-2.76291275e+00,  2.88408470e+00],
       [ 2.10533881e+00, -2.12060976e+00],
       [ 5.16062975e-01, -7.05196321e-01],
       [ 2.05430174e+00, -1.98207045e+00],
       [-2.32073951e+00,  2.33848667e+00],
       [-2.34359288e+00,  2.39921474e+00],
       [-2.95020080e+00,  3.14232731e+00],
       [-2.96041369e+00,  3.22544932e+00],
       [ 4.85060960e-01, -6.71545565e-01],
       [-2.40366793e+00,  2.37800956e+00],
       [ 2.17050624e+00, -2.16597152e+00],
       [-2.87773013e+00,  3.04326773e+00],
       [-1.47209179e+00,  1.37189674e+00],
       [ 2.14578152e+00, -2.14913177e+00],
       [-2.62813926e+00,  2.69659662e+00],
       [ 1.99992406e+00, -2.12682772e+00],
       [ 2.19154143e+00, -2.15700555e+00],
       [ 2.16913486e+00, -2.18160367e+00],
       [ 2.22396421e+00, -2.20666027e+00],
       [-2.64654183e+00,  2.81210208e+00],
       [-2.97773290e+00,  3.22734666e+00],
       [ 1.76676378e-01, -3.38550270e-01],
       [-2.86731863e+00,  2.98808169e+00],
       [-9.55398023e-01,  8.80219102e-01],
       [ 2.10357523e+00, -2.10565090e+00],
       [-3.53426099e-01,  2.16993511e-01],
       [-2.97526956e+00,  3.21046185e+00],
       [-2.67579526e-01,  1.25308827e-01],
       [ 2.12927246e+00, -2.12820673e+00],
       [ 3.19332570e-01, -4.79454726e-01],
       [ 1.13567340e+00, -1.32099354e+00],
       [ 1.32391965e+00, -1.40392733e+00],
       [ 9.11990702e-01, -1.08967721e+00],
       [-2.06844926e+00,  2.03331256e+00],
       [-2.97017050e+00,  3.23193526e+00],
       [-1.04436353e-02, -1.22292355e-01],
       [ 2.21185780e+00, -2.15811729e+00],
       [-2.80890369e+00,  2.79187822e+00],
       [-2.95297074e+00,  3.15272927e+00],
       [-2.97586513e+00,  3.21240592e+00],
       [-2.96089673e+00,  3.22336912e+00],
       [-2.97527170e+00,  3.23196340e+00],
       [-1.41210532e+00,  1.10992861e+00],
       [ 2.21146154e+00, -2.21532869e+00],
       [ 2.19556689e+00, -2.20099735e+00],
       [-7.28731811e-01,  6.37361526e-01],
       [-2.91451216e+00,  3.16470361e+00],
       [ 1.65734851e+00, -1.61451566e+00]], dtype=float32), label_ids=array([0, 0, 0, 0, 0, 1, 0, 1, 1, 0, 0, 0, 0, 1, 0, 0, 0, 1, 0, 0, 1, 1,
       1, 0, 1, 0, 0, 1, 0, 1, 1, 0, 1, 1, 0, 0, 0, 1, 0, 0, 1, 1, 1, 0,
       0, 0, 1, 1, 1, 1, 0, 1, 1, 0, 1, 1, 0, 0, 1, 1, 1, 0, 1, 0, 1, 1,
       0, 1, 0, 1, 1, 1, 0, 1, 0, 0, 0, 1, 1, 0, 0, 0, 0, 0, 1, 1, 0, 1,
       0, 1, 1, 1, 0, 1, 1, 0, 1, 1, 0, 0, 0, 1, 0, 1, 1, 1, 0, 0, 0, 1,
       0, 1, 1, 0, 1, 1, 1, 0, 1, 1, 1, 1, 0, 1, 1, 0, 1, 0, 1, 1, 0, 0,
       0, 0, 1, 0, 0, 0, 1, 1, 1, 0, 1, 0, 1, 1, 1, 1, 1, 1, 1, 1, 1, 0,
       0, 1, 0, 1, 1, 0, 0, 0, 1, 1, 1, 0, 1, 1, 1, 1, 0, 0, 0, 0, 0, 0,
       1, 0, 0, 0, 0, 0, 0, 1, 0, 1, 0, 0, 0, 1, 1, 1, 0, 0, 1, 0, 0, 1,
       1, 1, 1, 1, 1, 1, 1, 0, 1, 1, 0, 1, 1, 1, 1, 1, 0, 1, 0, 0, 0, 1,
       1, 0, 0, 1, 0, 1, 0, 0, 1, 0, 0, 1, 1, 0, 1, 0, 1, 1, 1, 1, 0, 1,
       1, 0, 0, 1, 1, 0, 0, 0, 1, 1, 1, 1, 1, 1, 0, 0, 0, 1, 1, 0, 0, 1,
       0, 1, 1, 1, 0, 1, 1, 0, 1, 0, 1, 1, 1, 0, 1, 1, 1, 0, 1, 1, 1, 1,
       1, 1, 0, 1, 1, 1, 0, 1, 1, 0, 1, 1, 0, 1, 1, 0, 1, 1, 1, 0, 0, 1,
       0, 1, 0, 1, 1, 1, 0, 1, 1, 0, 1, 0, 0, 1, 1, 0, 1, 0, 0, 0, 0, 1,
       1, 0, 1, 1, 1, 0, 1, 0, 0, 1, 1, 0, 0, 0, 0, 1, 0, 1, 0, 1, 0, 1,
       0, 0, 0, 1, 1, 0, 0, 0, 0, 0, 0, 1, 0, 0, 1, 0, 1, 1, 1, 0, 1, 0,
       1, 0, 0, 1, 1, 1, 0, 0, 0, 1, 1, 0, 1, 0, 0, 0, 0, 1, 1, 0, 1, 1,
       0, 0, 1, 1, 0, 1, 0, 0, 0, 1, 1, 0, 0, 1, 1, 1, 1, 1, 1, 0, 0, 0,
       1, 0]), metrics={'test_loss': 0.4461750090122223, 'test_accuracy': 0.8357142857142857, 'test_f1': 0.8351072179477631, 'test_precision': 0.8366628909591067, 'test_recall': 0.8357142857142857, 'test_runtime': 0.4752, 'test_samples_per_second': 883.809, 'test_steps_per_second': 111.528})
using cbr
Model loaded!
Start the training ...
{'loss': 0.5279, 'learning_rate': 6.0184618334094845e-06, 'epoch': 0.82}
{'eval_loss': 0.41926270723342896, 'eval_accuracy': 0.8023809523809524, 'eval_f1': 0.8013678471715913, 'eval_precision': 0.8036967287438097, 'eval_recall': 0.8023809523809524, 'eval_runtime': 0.4801, 'eval_samples_per_second': 874.767, 'eval_steps_per_second': 110.387, 'epoch': 0.82}
{'loss': 0.3558, 'learning_rate': 5.672075540839154e-06, 'epoch': 1.63}
