/cluster/raid/home/zhivar.sourati/ProtoTEx/Notebooks
Mon Oct 24 01:49:47 2022       
+-----------------------------------------------------------------------------+
| NVIDIA-SMI 460.32.03    Driver Version: 460.32.03    CUDA Version: 11.2     |
|-------------------------------+----------------------+----------------------+
| GPU  Name        Persistence-M| Bus-Id        Disp.A | Volatile Uncorr. ECC |
| Fan  Temp  Perf  Pwr:Usage/Cap|         Memory-Usage | GPU-Util  Compute M. |
|                               |                      |               MIG M. |
|===============================+======================+======================|
|   0  A100-PCIE-40GB      Off  | 00000000:27:00.0 Off |                    0 |
| N/A   28C    P0    33W / 250W |      0MiB / 40536MiB |      0%      Default |
|                               |                      |             Disabled |
+-------------------------------+----------------------+----------------------+
                                                                               
+-----------------------------------------------------------------------------+
| Processes:                                                                  |
|  GPU   GI   CI        PID   Type   Process name                  GPU Memory |
|        ID   ID                                                   Usage      |
|=============================================================================|
|  No running processes found                                                 |
+-----------------------------------------------------------------------------+
0
['/cluster/raid/home/zhivar.sourati/ProtoTEx/Notebooks', '/cluster/raid/home/zhivar.sourati/anaconda3/envs/prototex/lib/python39.zip', '/cluster/raid/home/zhivar.sourati/anaconda3/envs/prototex/lib/python3.9', '/cluster/raid/home/zhivar.sourati/anaconda3/envs/prototex/lib/python3.9/lib-dynload', '/cluster/raid/home/zhivar.sourati/anaconda3/envs/prototex/lib/python3.9/site-packages', '../']
(tensor([[19, 10,  9, 14,  3],
        [ 7,  6, 14,  3, 10],
        [ 5, 17, 10, 14,  3],
        ...,
        [ 3, 10, 14,  9,  4],
        [ 1,  5, 16,  2,  8],
        [11, 15,  4,  2,  1]]), tensor([[ -36.7443,  -36.2827,  -36.2365,  -32.4974,  -31.6665],
        [ -78.4026,  -40.3204,  -31.1729,  -29.5510,  -28.7725],
        [ -82.4847,  -53.8932,  -30.2972,  -24.5708,  -24.1240],
        ...,
        [ -74.4714,  -73.8625,  -68.2307,  -11.9637,  -10.4924],
        [ -33.3810,  -30.5152,  -29.6661,  -26.3758,  -22.1302],
        [-100.3168,  -88.1232,   -5.2416,    4.1197,    5.4439]]))
[[  13  442  175  642  395]
 [1060  387  452  562 1699]
 [ 298  186 1424  547  415]
 [ 958 1494  491  517  137]
 [1602 1682 1710 1739   68]
 [ 871  372 1487  840 1006]
 [ 856  923  257  959  177]
 [ 135  551 1772 1093  161]
 [ 998 1625 1031  752 1691]
 [ 409  227  174 1319  956]
 [  79   20 1494 1139   93]
 [ 850  790  459 1546 1608]
 [ 961  675  514 1556 1439]
 [1748  254  525  826 1303]
 [ 816   45  960  864 1320]
 [1666 1157 1259 1496 1484]
 [ 444 1363 1353 1694   48]
 [ 805  484  411 1709 1624]
 [ 970 1155 1379  855 1757]
 [1498  334 1108  608 1283]]
